[0.071s] Invoking command in '/home/isg/workspace/denso_ros2_ws/build/bcap_core': CMAKE_PREFIX_PATH=${CMAKE_PREFIX_PATH}:/home/isg/workspace/denso_ros2_ws/install/denso_robot_description_installer:/home/isg/workspace/denso_ros2_ws/install/camera_publisher:/home/isg/workspace/denso_ros2_ws/src/install/denso_robot_description_installer:/opt/ros/humble /usr/bin/cmake --build /home/isg/workspace/denso_ros2_ws/build/bcap_core -- -j16 -l16
[0.535s] [ 28%] Built target tpcomm
[0.535s] [ 37%] Built target rac_string
[0.536s] [ 68%] Built target bcap_server
[0.536s] [100%] Built target bcap_client
[0.564s] Invoked command in '/home/isg/workspace/denso_ros2_ws/build/bcap_core' returned '0': CMAKE_PREFIX_PATH=${CMAKE_PREFIX_PATH}:/home/isg/workspace/denso_ros2_ws/install/denso_robot_description_installer:/home/isg/workspace/denso_ros2_ws/install/camera_publisher:/home/isg/workspace/denso_ros2_ws/src/install/denso_robot_description_installer:/opt/ros/humble /usr/bin/cmake --build /home/isg/workspace/denso_ros2_ws/build/bcap_core -- -j16 -l16
[0.564s] Invoking command in '/home/isg/workspace/denso_ros2_ws/build/bcap_core': CMAKE_PREFIX_PATH=${CMAKE_PREFIX_PATH}:/home/isg/workspace/denso_ros2_ws/install/denso_robot_description_installer:/home/isg/workspace/denso_ros2_ws/install/camera_publisher:/home/isg/workspace/denso_ros2_ws/src/install/denso_robot_description_installer:/opt/ros/humble /usr/bin/cmake --install /home/isg/workspace/denso_ros2_ws/build/bcap_core
[0.576s] -- Install configuration: ""
[0.577s] -- Execute custom install script
[0.577s] -- Up-to-date symlink: /home/isg/workspace/denso_ros2_ws/install/bcap_core/share/bcap_core/environment/library_path.sh
[0.577s] -- Up-to-date symlink: /home/isg/workspace/denso_ros2_ws/install/bcap_core/share/bcap_core/environment/library_path.dsv
[0.578s] -- Up-to-date symlink: /home/isg/workspace/denso_ros2_ws/install/bcap_core/include/bcap_core/RACString/rac_string.h
[0.580s] -- Up-to-date symlink: /home/isg/workspace/denso_ros2_ws/install/bcap_core/include/bcap_core/TPComm/dn_tpcomm.h
[0.580s] -- Up-to-date symlink: /home/isg/workspace/denso_ros2_ws/install/bcap_core/include/bcap_core/bCAPClient/bcap_client.h
[0.580s] -- Up-to-date symlink: /home/isg/workspace/denso_ros2_ws/install/bcap_core/include/bcap_core/bCAPServer/bcap_mapid.h
[0.580s] -- Up-to-date symlink: /home/isg/workspace/denso_ros2_ws/install/bcap_core/include/bcap_core/bCAPServer/bcap_server.h
[0.580s] -- Up-to-date symlink: /home/isg/workspace/denso_ros2_ws/install/bcap_core/include/bcap_core/bcap_common.h
[0.580s] -- Up-to-date symlink: /home/isg/workspace/denso_ros2_ws/install/bcap_core/include/bcap_core/bcap_funcid.h
[0.580s] -- Up-to-date symlink: /home/isg/workspace/denso_ros2_ws/install/bcap_core/include/bcap_core/dn_additional.h
[0.580s] -- Up-to-date symlink: /home/isg/workspace/denso_ros2_ws/install/bcap_core/include/bcap_core/dn_com.h
[0.580s] -- Up-to-date symlink: /home/isg/workspace/denso_ros2_ws/install/bcap_core/include/bcap_core/dn_common.h
[0.581s] -- Up-to-date symlink: /home/isg/workspace/denso_ros2_ws/install/bcap_core/include/bcap_core/dn_device.h
[0.581s] -- Up-to-date symlink: /home/isg/workspace/denso_ros2_ws/install/bcap_core/include/bcap_core/dn_robotalk.h
[0.582s] -- Up-to-date symlink: /home/isg/workspace/denso_ros2_ws/install/bcap_core/include/bcap_core/dn_socket.h
[0.582s] -- Up-to-date symlink: /home/isg/workspace/denso_ros2_ws/install/bcap_core/include/bcap_core/dn_tcp.h
[0.582s] -- Up-to-date symlink: /home/isg/workspace/denso_ros2_ws/install/bcap_core/include/bcap_core/dn_thread.h
[0.582s] -- Up-to-date symlink: /home/isg/workspace/denso_ros2_ws/install/bcap_core/include/bcap_core/dn_udp.h
[0.582s] -- Up-to-date symlink: /home/isg/workspace/denso_ros2_ws/install/bcap_core/include/bcap_core/stdint/stdint.h
[0.582s] -- Up-to-date symlink: /home/isg/workspace/denso_ros2_ws/install/bcap_core/share/ament_index/resource_index/package_run_dependencies/bcap_core
[0.583s] -- Up-to-date symlink: /home/isg/workspace/denso_ros2_ws/install/bcap_core/share/ament_index/resource_index/parent_prefix_path/bcap_core
[0.583s] -- Up-to-date symlink: /home/isg/workspace/denso_ros2_ws/install/bcap_core/share/bcap_core/environment/ament_prefix_path.sh
[0.584s] -- Up-to-date symlink: /home/isg/workspace/denso_ros2_ws/install/bcap_core/share/bcap_core/environment/ament_prefix_path.dsv
[0.584s] -- Up-to-date symlink: /home/isg/workspace/denso_ros2_ws/install/bcap_core/share/bcap_core/environment/path.sh
[0.584s] -- Up-to-date symlink: /home/isg/workspace/denso_ros2_ws/install/bcap_core/share/bcap_core/environment/path.dsv
[0.585s] -- Up-to-date symlink: /home/isg/workspace/denso_ros2_ws/install/bcap_core/share/bcap_core/local_setup.bash
[0.585s] -- Up-to-date symlink: /home/isg/workspace/denso_ros2_ws/install/bcap_core/share/bcap_core/local_setup.sh
[0.585s] -- Up-to-date symlink: /home/isg/workspace/denso_ros2_ws/install/bcap_core/share/bcap_core/local_setup.zsh
[0.585s] -- Up-to-date symlink: /home/isg/workspace/denso_ros2_ws/install/bcap_core/share/bcap_core/local_setup.dsv
[0.586s] -- Symlinking: /home/isg/workspace/denso_ros2_ws/install/bcap_core/share/bcap_core/package.dsv
[0.594s] -- Up-to-date symlink: /home/isg/workspace/denso_ros2_ws/install/bcap_core/share/ament_index/resource_index/packages/bcap_core
[0.594s] -- Up-to-date symlink: /home/isg/workspace/denso_ros2_ws/install/bcap_core/share/bcap_core/cmake/ament_cmake_export_include_directories-extras.cmake
[0.594s] -- Up-to-date symlink: /home/isg/workspace/denso_ros2_ws/install/bcap_core/share/bcap_core/cmake/ament_cmake_export_libraries-extras.cmake
[0.595s] -- Up-to-date symlink: /home/isg/workspace/denso_ros2_ws/install/bcap_core/share/bcap_core/cmake/bcap_coreConfig.cmake
[0.595s] -- Up-to-date symlink: /home/isg/workspace/denso_ros2_ws/install/bcap_core/share/bcap_core/cmake/bcap_coreConfig-version.cmake
[0.595s] -- Up-to-date symlink: /home/isg/workspace/denso_ros2_ws/install/bcap_core/share/bcap_core/package.xml
[0.595s] -- Up-to-date: /home/isg/workspace/denso_ros2_ws/install/bcap_core/lib/libbcap_client.so
[0.595s] -- Up-to-date: /home/isg/workspace/denso_ros2_ws/install/bcap_core/lib/libbcap_server.so
[0.595s] -- Up-to-date: /home/isg/workspace/denso_ros2_ws/install/bcap_core/lib/librac_string.so
[0.595s] -- Up-to-date: /home/isg/workspace/denso_ros2_ws/install/bcap_core/lib/libtpcomm.so
[0.680s] Invoked command in '/home/isg/workspace/denso_ros2_ws/build/bcap_core' returned '0': CMAKE_PREFIX_PATH=${CMAKE_PREFIX_PATH}:/home/isg/workspace/denso_ros2_ws/install/denso_robot_description_installer:/home/isg/workspace/denso_ros2_ws/install/camera_publisher:/home/isg/workspace/denso_ros2_ws/src/install/denso_robot_description_installer:/opt/ros/humble /usr/bin/cmake --install /home/isg/workspace/denso_ros2_ws/build/bcap_core
