[0.478s] Invoking command in '/home/isg/workspace/denso_ros2_ws/build/denso_robot_moveit_demo': CMAKE_PREFIX_PATH=${CMAKE_PREFIX_PATH}:/home/isg/workspace/denso_ros2_ws/install/denso_robot_description_installer:/home/isg/workspace/denso_ros2_ws/install/camera_publisher:/home/isg/workspace/denso_ros2_ws/src/install/denso_robot_description_installer:/opt/ros/humble /usr/bin/cmake --build /home/isg/workspace/denso_ros2_ws/build/denso_robot_moveit_demo -- -j16 -l16
[0.545s] [35m[1mConsolidate compiler generated dependencies of target denso_robot_moveit_demo[0m
[0.545s] [35m[1mConsolidate compiler generated dependencies of target denso_robot_moveit_pickandplace_scara[0m
[0.546s] [35m[1mConsolidate compiler generated dependencies of target denso_robot_moveit_pickandplace[0m
[0.576s] [ 50%] Built target denso_robot_moveit_pickandplace
[0.576s] [ 66%] Built target denso_robot_moveit_pickandplace_scara
[0.576s] [100%] Built target denso_robot_moveit_demo
[0.663s] Invoked command in '/home/isg/workspace/denso_ros2_ws/build/denso_robot_moveit_demo' returned '0': CMAKE_PREFIX_PATH=${CMAKE_PREFIX_PATH}:/home/isg/workspace/denso_ros2_ws/install/denso_robot_description_installer:/home/isg/workspace/denso_ros2_ws/install/camera_publisher:/home/isg/workspace/denso_ros2_ws/src/install/denso_robot_description_installer:/opt/ros/humble /usr/bin/cmake --build /home/isg/workspace/denso_ros2_ws/build/denso_robot_moveit_demo -- -j16 -l16
[0.665s] Invoking command in '/home/isg/workspace/denso_ros2_ws/build/denso_robot_moveit_demo': CMAKE_PREFIX_PATH=${CMAKE_PREFIX_PATH}:/home/isg/workspace/denso_ros2_ws/install/denso_robot_description_installer:/home/isg/workspace/denso_ros2_ws/install/camera_publisher:/home/isg/workspace/denso_ros2_ws/src/install/denso_robot_description_installer:/opt/ros/humble /usr/bin/cmake --install /home/isg/workspace/denso_ros2_ws/build/denso_robot_moveit_demo
[0.676s] -- Install configuration: ""
[0.679s] -- Execute custom install script
[0.679s] -- Up-to-date symlink: /home/isg/workspace/denso_ros2_ws/install/denso_robot_moveit_demo/share/denso_robot_moveit_demo/launch/denso_robot_moveit_demo.launch.py
[0.679s] -- Up-to-date symlink: /home/isg/workspace/denso_ros2_ws/install/denso_robot_moveit_demo/share/denso_robot_moveit_demo/launch/denso_robot_moveit_pickandplace.launch.py
[0.679s] -- Up-to-date symlink: /home/isg/workspace/denso_ros2_ws/install/denso_robot_moveit_demo/share/denso_robot_moveit_demo/launch/denso_robot_moveit_pickandplace_scara.launch.py
[0.679s] -- Up-to-date symlink: /home/isg/workspace/denso_ros2_ws/install/denso_robot_moveit_demo/share/denso_robot_moveit_demo/config/denso_robot_moveit_demo.yaml
[0.679s] -- Up-to-date symlink: /home/isg/workspace/denso_ros2_ws/install/denso_robot_moveit_demo/share/ament_index/resource_index/package_run_dependencies/denso_robot_moveit_demo
[0.679s] -- Up-to-date symlink: /home/isg/workspace/denso_ros2_ws/install/denso_robot_moveit_demo/share/ament_index/resource_index/parent_prefix_path/denso_robot_moveit_demo
[0.679s] -- Up-to-date symlink: /home/isg/workspace/denso_ros2_ws/install/denso_robot_moveit_demo/share/denso_robot_moveit_demo/environment/ament_prefix_path.sh
[0.679s] -- Up-to-date symlink: /home/isg/workspace/denso_ros2_ws/install/denso_robot_moveit_demo/share/denso_robot_moveit_demo/environment/ament_prefix_path.dsv
[0.679s] -- Up-to-date symlink: /home/isg/workspace/denso_ros2_ws/install/denso_robot_moveit_demo/share/denso_robot_moveit_demo/environment/path.sh
[0.679s] -- Up-to-date symlink: /home/isg/workspace/denso_ros2_ws/install/denso_robot_moveit_demo/share/denso_robot_moveit_demo/environment/path.dsv
[0.679s] -- Up-to-date symlink: /home/isg/workspace/denso_ros2_ws/install/denso_robot_moveit_demo/share/denso_robot_moveit_demo/local_setup.bash
[0.679s] -- Up-to-date symlink: /home/isg/workspace/denso_ros2_ws/install/denso_robot_moveit_demo/share/denso_robot_moveit_demo/local_setup.sh
[0.680s] -- Up-to-date symlink: /home/isg/workspace/denso_ros2_ws/install/denso_robot_moveit_demo/share/denso_robot_moveit_demo/local_setup.zsh
[0.680s] -- Up-to-date symlink: /home/isg/workspace/denso_ros2_ws/install/denso_robot_moveit_demo/share/denso_robot_moveit_demo/local_setup.dsv
[0.680s] -- Symlinking: /home/isg/workspace/denso_ros2_ws/install/denso_robot_moveit_demo/share/denso_robot_moveit_demo/package.dsv
[0.703s] -- Up-to-date symlink: /home/isg/workspace/denso_ros2_ws/install/denso_robot_moveit_demo/share/ament_index/resource_index/packages/denso_robot_moveit_demo
[0.703s] -- Up-to-date symlink: /home/isg/workspace/denso_ros2_ws/install/denso_robot_moveit_demo/share/denso_robot_moveit_demo/cmake/ament_cmake_export_targets-extras.cmake
[0.703s] -- Up-to-date symlink: /home/isg/workspace/denso_ros2_ws/install/denso_robot_moveit_demo/share/denso_robot_moveit_demo/cmake/denso_robot_moveit_demoConfig.cmake
[0.704s] -- Up-to-date symlink: /home/isg/workspace/denso_ros2_ws/install/denso_robot_moveit_demo/share/denso_robot_moveit_demo/cmake/denso_robot_moveit_demoConfig-version.cmake
[0.704s] -- Up-to-date symlink: /home/isg/workspace/denso_ros2_ws/install/denso_robot_moveit_demo/share/denso_robot_moveit_demo/package.xml
[0.704s] -- Up-to-date: /home/isg/workspace/denso_ros2_ws/install/denso_robot_moveit_demo/lib/denso_robot_moveit_demo/denso_robot_moveit_demo
[0.704s] -- Up-to-date: /home/isg/workspace/denso_ros2_ws/install/denso_robot_moveit_demo/lib/denso_robot_moveit_demo/denso_robot_moveit_pickandplace
[0.704s] -- Up-to-date: /home/isg/workspace/denso_ros2_ws/install/denso_robot_moveit_demo/lib/denso_robot_moveit_demo/denso_robot_moveit_pickandplace_scara
[0.704s] -- Up-to-date: /home/isg/workspace/denso_ros2_ws/install/denso_robot_moveit_demo/share/denso_robot_moveit_demo/cmake/export_denso_robot_moveit_demoExport.cmake
[0.704s] -- Up-to-date: /home/isg/workspace/denso_ros2_ws/install/denso_robot_moveit_demo/share/denso_robot_moveit_demo/cmake/export_denso_robot_moveit_demoExport-noconfig.cmake
[0.704s] -- Up-to-date: /home/isg/workspace/denso_ros2_ws/install/denso_robot_moveit_demo/share/denso_robot_moveit_demo/cmake/export_denso_robot_moveit_pickandplaceExport.cmake
[0.704s] -- Up-to-date: /home/isg/workspace/denso_ros2_ws/install/denso_robot_moveit_demo/share/denso_robot_moveit_demo/cmake/export_denso_robot_moveit_pickandplaceExport-noconfig.cmake
[0.704s] -- Up-to-date: /home/isg/workspace/denso_ros2_ws/install/denso_robot_moveit_demo/share/denso_robot_moveit_demo/cmake/export_denso_robot_moveit_pickandplace_scaraExport.cmake
[0.704s] -- Up-to-date: /home/isg/workspace/denso_ros2_ws/install/denso_robot_moveit_demo/share/denso_robot_moveit_demo/cmake/export_denso_robot_moveit_pickandplace_scaraExport-noconfig.cmake
[0.719s] Invoked command in '/home/isg/workspace/denso_ros2_ws/build/denso_robot_moveit_demo' returned '0': CMAKE_PREFIX_PATH=${CMAKE_PREFIX_PATH}:/home/isg/workspace/denso_ros2_ws/install/denso_robot_description_installer:/home/isg/workspace/denso_ros2_ws/install/camera_publisher:/home/isg/workspace/denso_ros2_ws/src/install/denso_robot_description_installer:/opt/ros/humble /usr/bin/cmake --install /home/isg/workspace/denso_ros2_ws/build/denso_robot_moveit_demo
