[0.212s] Invoking command in '/home/isg/workspace/denso_ros2_ws/src/build/ros2_control_demo_example_1': AMENT_PREFIX_PATH=/home/isg/workspace/denso_ros2_ws/src/install/ros2_control_demo_description:${AMENT_PREFIX_PATH} CMAKE_PREFIX_PATH=/home/isg/workspace/denso_ros2_ws/src/install/ros2_control_demo_description:/opt/ros/humble /usr/bin/cmake /home/isg/workspace/denso_ros2_ws/src/ros2_control_demos/example_1 -DCMAKE_BUILD_TYPE=Release -DCMAKE_INSTALL_PREFIX=/home/isg/workspace/denso_ros2_ws/src/install/ros2_control_demo_example_1
[0.352s] -- The CXX compiler identification is GNU 11.4.0
[0.377s] -- Detecting CXX compiler ABI info
[0.497s] -- Detecting CXX compiler ABI info - done
[0.510s] -- Check for working CXX compiler: /usr/bin/c++ - skipped
[0.510s] -- Detecting CXX compile features
[0.510s] -- Detecting CXX compile features - done
[0.516s] -- Found ament_cmake: 1.3.12 (/opt/ros/humble/share/ament_cmake/cmake)
[0.687s] -- Found Python3: /usr/bin/python3 (found version "3.10.12") found components: Interpreter 
[0.793s] -- Found hardware_interface: 2.51.0 (/opt/ros/humble/share/hardware_interface/cmake)
[0.843s] -- Found rosidl_generator_c: 3.1.7 (/opt/ros/humble/share/rosidl_generator_c/cmake)
[0.850s] -- Found rosidl_adapter: 3.1.7 (/opt/ros/humble/share/rosidl_adapter/cmake)
[0.865s] -- Found rosidl_generator_cpp: 3.1.7 (/opt/ros/humble/share/rosidl_generator_cpp/cmake)
[0.876s] -- Using all available rosidl_typesupport_c: rosidl_typesupport_fastrtps_c;rosidl_typesupport_introspection_c
[0.898s] -- Using all available rosidl_typesupport_cpp: rosidl_typesupport_fastrtps_cpp;rosidl_typesupport_introspection_cpp
[1.161s] -- Found rmw_implementation_cmake: 6.1.2 (/opt/ros/humble/share/rmw_implementation_cmake/cmake)
[1.165s] -- Found rmw_fastrtps_cpp: 6.2.8 (/opt/ros/humble/share/rmw_fastrtps_cpp/cmake)
[1.198s] -- Found TinyXML2 via Config file: TinyXML2_DIR-NOTFOUND
[1.264s] -- Found OpenSSL: /usr/lib/x86_64-linux-gnu/libcrypto.so (found version "3.0.2")  
[1.268s] -- Found TinyXML2 via Config file: TinyXML2_DIR-NOTFOUND
[1.288s] -- Found FastRTPS: /opt/ros/humble/include  
[1.290s] -- Found TinyXML2 via Config file: TinyXML2_DIR-NOTFOUND
[1.299s] -- Found TinyXML2 via Config file: TinyXML2_DIR-NOTFOUND
[1.311s] -- Using RMW implementation 'rmw_fastrtps_cpp' as default
[1.321s] -- Looking for C++ include pthread.h
[1.508s] -- Looking for C++ include pthread.h - found
[1.510s] -- Performing Test CMAKE_HAVE_LIBC_PTHREAD
[1.687s] -- Performing Test CMAKE_HAVE_LIBC_PTHREAD - Success
[1.689s] -- Found Threads: TRUE  
[1.753s] -- Found ament_cmake_pytest: 1.3.12 (/opt/ros/humble/share/ament_cmake_pytest/cmake)
[3.631s] -- Configuring done
[3.698s] -- Generating done
[3.706s] -- Build files have been written to: /home/isg/workspace/denso_ros2_ws/src/build/ros2_control_demo_example_1
[3.730s] Invoked command in '/home/isg/workspace/denso_ros2_ws/src/build/ros2_control_demo_example_1' returned '0': AMENT_PREFIX_PATH=/home/isg/workspace/denso_ros2_ws/src/install/ros2_control_demo_description:${AMENT_PREFIX_PATH} CMAKE_PREFIX_PATH=/home/isg/workspace/denso_ros2_ws/src/install/ros2_control_demo_description:/opt/ros/humble /usr/bin/cmake /home/isg/workspace/denso_ros2_ws/src/ros2_control_demos/example_1 -DCMAKE_BUILD_TYPE=Release -DCMAKE_INSTALL_PREFIX=/home/isg/workspace/denso_ros2_ws/src/install/ros2_control_demo_example_1
[3.730s] Invoking command in '/home/isg/workspace/denso_ros2_ws/src/build/ros2_control_demo_example_1': AMENT_PREFIX_PATH=/home/isg/workspace/denso_ros2_ws/src/install/ros2_control_demo_description:${AMENT_PREFIX_PATH} CMAKE_PREFIX_PATH=/home/isg/workspace/denso_ros2_ws/src/install/ros2_control_demo_description:/opt/ros/humble /usr/bin/cmake --build /home/isg/workspace/denso_ros2_ws/src/build/ros2_control_demo_example_1 -- -j16 -l16
[12.717s] [ 50%] [32mBuilding CXX object CMakeFiles/ros2_control_demo_example_1.dir/hardware/rrbot.cpp.o[0m
[12.717s] [100%] [32m[1mLinking CXX shared library libros2_control_demo_example_1.so[0m
[12.717s] [100%] Built target ros2_control_demo_example_1
[12.730s] Invoked command in '/home/isg/workspace/denso_ros2_ws/src/build/ros2_control_demo_example_1' returned '0': AMENT_PREFIX_PATH=/home/isg/workspace/denso_ros2_ws/src/install/ros2_control_demo_description:${AMENT_PREFIX_PATH} CMAKE_PREFIX_PATH=/home/isg/workspace/denso_ros2_ws/src/install/ros2_control_demo_description:/opt/ros/humble /usr/bin/cmake --build /home/isg/workspace/denso_ros2_ws/src/build/ros2_control_demo_example_1 -- -j16 -l16
[12.738s] Invoking command in '/home/isg/workspace/denso_ros2_ws/src/build/ros2_control_demo_example_1': AMENT_PREFIX_PATH=/home/isg/workspace/denso_ros2_ws/src/install/ros2_control_demo_description:${AMENT_PREFIX_PATH} CMAKE_PREFIX_PATH=/home/isg/workspace/denso_ros2_ws/src/install/ros2_control_demo_description:/opt/ros/humble /usr/bin/cmake --install /home/isg/workspace/denso_ros2_ws/src/build/ros2_control_demo_example_1
[13.006s] -- Install configuration: "Release"
[13.006s] -- Installing: /home/isg/workspace/denso_ros2_ws/src/install/ros2_control_demo_example_1/share/ros2_control_demo_example_1/ros2_control_demo_example_1.xml
[13.007s] -- Installing: /home/isg/workspace/denso_ros2_ws/src/install/ros2_control_demo_example_1/include/ros2_control_demo_example_1
[13.007s] -- Installing: /home/isg/workspace/denso_ros2_ws/src/install/ros2_control_demo_example_1/include/ros2_control_demo_example_1/ros2_control_demo_example_1
[13.007s] -- Installing: /home/isg/workspace/denso_ros2_ws/src/install/ros2_control_demo_example_1/include/ros2_control_demo_example_1/ros2_control_demo_example_1/rrbot.hpp
[13.007s] -- Installing: /home/isg/workspace/denso_ros2_ws/src/install/ros2_control_demo_example_1/share/ros2_control_demo_example_1/launch
[13.007s] -- Installing: /home/isg/workspace/denso_ros2_ws/src/install/ros2_control_demo_example_1/share/ros2_control_demo_example_1/launch/view_robot.launch.py
[13.007s] -- Installing: /home/isg/workspace/denso_ros2_ws/src/install/ros2_control_demo_example_1/share/ros2_control_demo_example_1/ros2_control
[13.007s] -- Installing: /home/isg/workspace/denso_ros2_ws/src/install/ros2_control_demo_example_1/share/ros2_control_demo_example_1/ros2_control/rrbot.ros2_control.xacro
[13.007s] -- Installing: /home/isg/workspace/denso_ros2_ws/src/install/ros2_control_demo_example_1/share/ros2_control_demo_example_1/urdf
[13.007s] -- Installing: /home/isg/workspace/denso_ros2_ws/src/install/ros2_control_demo_example_1/share/ros2_control_demo_example_1/urdf/rrbot.urdf.xacro
[13.007s] -- Up-to-date: /home/isg/workspace/denso_ros2_ws/src/install/ros2_control_demo_example_1/share/ros2_control_demo_example_1/launch
[13.007s] -- Installing: /home/isg/workspace/denso_ros2_ws/src/install/ros2_control_demo_example_1/share/ros2_control_demo_example_1/launch/test_joint_trajectory_controller.launch.py
[13.007s] -- Installing: /home/isg/workspace/denso_ros2_ws/src/install/ros2_control_demo_example_1/share/ros2_control_demo_example_1/launch/rrbot.launch.py
[13.007s] -- Installing: /home/isg/workspace/denso_ros2_ws/src/install/ros2_control_demo_example_1/share/ros2_control_demo_example_1/launch/test_forward_position_controller.launch.py
[13.007s] -- Installing: /home/isg/workspace/denso_ros2_ws/src/install/ros2_control_demo_example_1/share/ros2_control_demo_example_1/config
[13.007s] -- Installing: /home/isg/workspace/denso_ros2_ws/src/install/ros2_control_demo_example_1/share/ros2_control_demo_example_1/config/rrbot_forward_position_publisher.yaml
[13.007s] -- Installing: /home/isg/workspace/denso_ros2_ws/src/install/ros2_control_demo_example_1/share/ros2_control_demo_example_1/config/rrbot_joint_trajectory_publisher.yaml
[13.008s] -- Installing: /home/isg/workspace/denso_ros2_ws/src/install/ros2_control_demo_example_1/share/ros2_control_demo_example_1/config/rrbot_controllers.yaml
[13.008s] -- Installing: /home/isg/workspace/denso_ros2_ws/src/install/ros2_control_demo_example_1/lib/libros2_control_demo_example_1.so
[13.008s] -- Set runtime path of "/home/isg/workspace/denso_ros2_ws/src/install/ros2_control_demo_example_1/lib/libros2_control_demo_example_1.so" to ""
[13.012s] -- Installing: /home/isg/workspace/denso_ros2_ws/src/install/ros2_control_demo_example_1/share/ros2_control_demo_example_1/environment/library_path.sh
[13.012s] -- Installing: /home/isg/workspace/denso_ros2_ws/src/install/ros2_control_demo_example_1/share/ros2_control_demo_example_1/environment/library_path.dsv
[13.012s] -- Installing: /home/isg/workspace/denso_ros2_ws/src/install/ros2_control_demo_example_1/share/ament_index/resource_index/package_run_dependencies/ros2_control_demo_example_1
[13.012s] -- Installing: /home/isg/workspace/denso_ros2_ws/src/install/ros2_control_demo_example_1/share/ament_index/resource_index/parent_prefix_path/ros2_control_demo_example_1
[13.012s] -- Installing: /home/isg/workspace/denso_ros2_ws/src/install/ros2_control_demo_example_1/share/ros2_control_demo_example_1/environment/ament_prefix_path.sh
[13.012s] -- Installing: /home/isg/workspace/denso_ros2_ws/src/install/ros2_control_demo_example_1/share/ros2_control_demo_example_1/environment/ament_prefix_path.dsv
[13.012s] -- Installing: /home/isg/workspace/denso_ros2_ws/src/install/ros2_control_demo_example_1/share/ros2_control_demo_example_1/environment/path.sh
[13.012s] -- Installing: /home/isg/workspace/denso_ros2_ws/src/install/ros2_control_demo_example_1/share/ros2_control_demo_example_1/environment/path.dsv
[13.012s] -- Installing: /home/isg/workspace/denso_ros2_ws/src/install/ros2_control_demo_example_1/share/ros2_control_demo_example_1/local_setup.bash
[13.012s] -- Installing: /home/isg/workspace/denso_ros2_ws/src/install/ros2_control_demo_example_1/share/ros2_control_demo_example_1/local_setup.sh
[13.012s] -- Installing: /home/isg/workspace/denso_ros2_ws/src/install/ros2_control_demo_example_1/share/ros2_control_demo_example_1/local_setup.zsh
[13.013s] -- Installing: /home/isg/workspace/denso_ros2_ws/src/install/ros2_control_demo_example_1/share/ros2_control_demo_example_1/local_setup.dsv
[13.013s] -- Installing: /home/isg/workspace/denso_ros2_ws/src/install/ros2_control_demo_example_1/share/ros2_control_demo_example_1/package.dsv
[13.013s] -- Installing: /home/isg/workspace/denso_ros2_ws/src/install/ros2_control_demo_example_1/share/ament_index/resource_index/packages/ros2_control_demo_example_1
[13.013s] -- Installing: /home/isg/workspace/denso_ros2_ws/src/install/ros2_control_demo_example_1/share/ament_index/resource_index/hardware_interface__pluginlib__plugin/ros2_control_demo_example_1
[13.013s] -- Installing: /home/isg/workspace/denso_ros2_ws/src/install/ros2_control_demo_example_1/share/ros2_control_demo_example_1/cmake/export_ros2_control_demo_example_1Export.cmake
[13.013s] -- Installing: /home/isg/workspace/denso_ros2_ws/src/install/ros2_control_demo_example_1/share/ros2_control_demo_example_1/cmake/export_ros2_control_demo_example_1Export-release.cmake
[13.013s] -- Installing: /home/isg/workspace/denso_ros2_ws/src/install/ros2_control_demo_example_1/share/ros2_control_demo_example_1/cmake/ament_cmake_export_targets-extras.cmake
[13.013s] -- Installing: /home/isg/workspace/denso_ros2_ws/src/install/ros2_control_demo_example_1/share/ros2_control_demo_example_1/cmake/ament_cmake_export_dependencies-extras.cmake
[13.013s] -- Installing: /home/isg/workspace/denso_ros2_ws/src/install/ros2_control_demo_example_1/share/ros2_control_demo_example_1/cmake/ros2_control_demo_example_1Config.cmake
[13.013s] -- Installing: /home/isg/workspace/denso_ros2_ws/src/install/ros2_control_demo_example_1/share/ros2_control_demo_example_1/cmake/ros2_control_demo_example_1Config-version.cmake
[13.013s] -- Installing: /home/isg/workspace/denso_ros2_ws/src/install/ros2_control_demo_example_1/share/ros2_control_demo_example_1/package.xml
[13.022s] Invoked command in '/home/isg/workspace/denso_ros2_ws/src/build/ros2_control_demo_example_1' returned '0': AMENT_PREFIX_PATH=/home/isg/workspace/denso_ros2_ws/src/install/ros2_control_demo_description:${AMENT_PREFIX_PATH} CMAKE_PREFIX_PATH=/home/isg/workspace/denso_ros2_ws/src/install/ros2_control_demo_description:/opt/ros/humble /usr/bin/cmake --install /home/isg/workspace/denso_ros2_ws/src/build/ros2_control_demo_example_1
