[0.063s] Invoking command in '/home/isg/workspace/denso_ros2_ws/build/ros2_control_demo_example_12': AMENT_PREFIX_PATH=/home/isg/workspace/denso_ros2_ws/install/ros2_control_demo_description:${AMENT_PREFIX_PATH} CMAKE_PREFIX_PATH=/home/isg/workspace/denso_ros2_ws/install/ros2_control_demo_description:/home/isg/workspace/denso_ros2_ws/src/install/ros2_control_demos:/home/isg/workspace/denso_ros2_ws/src/install/ros2_control_demo_example_9:/home/isg/workspace/denso_ros2_ws/src/install/ros2_control_demo_example_8:/home/isg/workspace/denso_ros2_ws/src/install/ros2_control_demo_example_7:/home/isg/workspace/denso_ros2_ws/src/install/ros2_control_demo_example_6:/home/isg/workspace/denso_ros2_ws/src/install/ros2_control_demo_example_15:/home/isg/workspace/denso_ros2_ws/src/install/ros2_control_demo_example_13:/home/isg/workspace/denso_ros2_ws/src/install/ros2_control_demo_example_5:/home/isg/workspace/denso_ros2_ws/src/install/ros2_control_demo_example_4:/home/isg/workspace/denso_ros2_ws/src/install/ros2_control_demo_example_3:/home/isg/workspace/denso_ros2_ws/src/install/ros2_control_demo_example_2:/home/isg/workspace/denso_ros2_ws/src/install/ros2_control_demo_example_14:/home/isg/workspace/denso_ros2_ws/src/install/ros2_control_demo_example_12:/home/isg/workspace/denso_ros2_ws/src/install/ros2_control_demo_example_11:/home/isg/workspace/denso_ros2_ws/src/install/ros2_control_demo_example_10:/home/isg/workspace/denso_ros2_ws/src/install/ros2_control_demo_example_1:/home/isg/workspace/denso_ros2_ws/src/install/ros2_control_demo_description:/home/isg/workspace/denso_ros2_ws/src/install/gazebo_ros2_control_demos:/home/isg/workspace/denso_ros2_ws/src/install/denso_robot_bringup:/home/isg/workspace/denso_ros2_ws/src/install/gazebo_ros2_control:/home/isg/workspace/denso_ros2_ws/src/install/denso_robot_moveit_demo:/home/isg/workspace/denso_ros2_ws/src/install/denso_robot_moveit_config:/home/isg/workspace/denso_ros2_ws/src/install/denso_robot_descriptions:/home/isg/workspace/denso_ros2_ws/src/install/denso_robot_control:/home/isg/workspace/denso_ros2_ws/src/install/denso_robot_core:/home/isg/workspace/denso_ros2_ws/src/install/denso_robot_core_interfaces:/home/isg/workspace/denso_ros2_ws/src/install/bcap_service:/home/isg/workspace/denso_ros2_ws/src/install/bcap_service_interfaces:/home/isg/workspace/denso_ros2_ws/src/install/bcap_core:/home/isg/workspace/denso_ros2_ws/src/install/denso_robot_description_installer:/opt/ros/humble /usr/bin/cmake /home/isg/workspace/denso_ros2_ws/src/ros2_control_demos/example_12 -DAMENT_CMAKE_SYMLINK_INSTALL=1 -DCMAKE_INSTALL_PREFIX=/home/isg/workspace/denso_ros2_ws/install/ros2_control_demo_example_12
[0.154s] -- The CXX compiler identification is GNU 11.4.0
[0.167s] -- Detecting CXX compiler ABI info
[0.292s] -- Detecting CXX compiler ABI info - done
[0.303s] -- Check for working CXX compiler: /usr/bin/c++ - skipped
[0.303s] -- Detecting CXX compile features
[0.303s] -- Detecting CXX compile features - done
[0.315s] -- Found ament_cmake: 1.3.12 (/opt/ros/humble/share/ament_cmake/cmake)
[0.518s] -- Found Python3: /usr/bin/python3 (found version "3.10.12") found components: Interpreter 
[0.600s] -- Override CMake install command with custom implementation using symlinks instead of copying resources
[0.710s] -- Found hardware_interface: 2.51.0 (/opt/ros/humble/share/hardware_interface/cmake)
[0.817s] -- Found rosidl_generator_c: 3.1.7 (/opt/ros/humble/share/rosidl_generator_c/cmake)
[0.833s] -- Found rosidl_adapter: 3.1.7 (/opt/ros/humble/share/rosidl_adapter/cmake)
[0.854s] -- Found rosidl_generator_cpp: 3.1.7 (/opt/ros/humble/share/rosidl_generator_cpp/cmake)
[0.882s] -- Using all available rosidl_typesupport_c: rosidl_typesupport_fastrtps_c;rosidl_typesupport_introspection_c
[0.919s] -- Using all available rosidl_typesupport_cpp: rosidl_typesupport_fastrtps_cpp;rosidl_typesupport_introspection_cpp
[1.300s] -- Found rmw_implementation_cmake: 6.1.2 (/opt/ros/humble/share/rmw_implementation_cmake/cmake)
[1.309s] -- Found rmw_fastrtps_cpp: 6.2.8 (/opt/ros/humble/share/rmw_fastrtps_cpp/cmake)
[1.365s] -- Found TinyXML2 via Config file: TinyXML2_DIR-NOTFOUND
[1.464s] -- Found OpenSSL: /usr/lib/x86_64-linux-gnu/libcrypto.so (found version "3.0.2")  
[1.467s] -- Found TinyXML2 via Config file: TinyXML2_DIR-NOTFOUND
[1.490s] -- Found FastRTPS: /opt/ros/humble/include  
[1.494s] -- Found TinyXML2 via Config file: TinyXML2_DIR-NOTFOUND
[1.507s] -- Found TinyXML2 via Config file: TinyXML2_DIR-NOTFOUND
[1.522s] -- Using RMW implementation 'rmw_fastrtps_cpp' as default
[1.549s] -- Looking for C++ include pthread.h
[1.753s] -- Looking for C++ include pthread.h - found
[1.753s] -- Performing Test CMAKE_HAVE_LIBC_PTHREAD
[1.962s] -- Performing Test CMAKE_HAVE_LIBC_PTHREAD - Success
[1.962s] -- Found Threads: TRUE  
[2.046s] -- Found generate_parameter_library: 0.5.0 (/opt/ros/humble/share/generate_parameter_library/cmake)
[2.052s] -- Found parameter_traits: 0.5.0 (/opt/ros/humble/share/parameter_traits/cmake)
[2.104s] -- Found controller_interface: 2.51.0 (/opt/ros/humble/share/controller_interface/cmake)
[2.115s] -- Found realtime_tools: 2.14.0 (/opt/ros/humble/share/realtime_tools/cmake)
[2.212s] -- Found ament_cmake_pytest: 1.3.12 (/opt/ros/humble/share/ament_cmake_pytest/cmake)
[3.629s] -- Configuring done
[3.703s] -- Generating done
[3.710s] -- Build files have been written to: /home/isg/workspace/denso_ros2_ws/build/ros2_control_demo_example_12
[3.737s] Invoked command in '/home/isg/workspace/denso_ros2_ws/build/ros2_control_demo_example_12' returned '0': AMENT_PREFIX_PATH=/home/isg/workspace/denso_ros2_ws/install/ros2_control_demo_description:${AMENT_PREFIX_PATH} CMAKE_PREFIX_PATH=/home/isg/workspace/denso_ros2_ws/install/ros2_control_demo_description:/home/isg/workspace/denso_ros2_ws/src/install/ros2_control_demos:/home/isg/workspace/denso_ros2_ws/src/install/ros2_control_demo_example_9:/home/isg/workspace/denso_ros2_ws/src/install/ros2_control_demo_example_8:/home/isg/workspace/denso_ros2_ws/src/install/ros2_control_demo_example_7:/home/isg/workspace/denso_ros2_ws/src/install/ros2_control_demo_example_6:/home/isg/workspace/denso_ros2_ws/src/install/ros2_control_demo_example_15:/home/isg/workspace/denso_ros2_ws/src/install/ros2_control_demo_example_13:/home/isg/workspace/denso_ros2_ws/src/install/ros2_control_demo_example_5:/home/isg/workspace/denso_ros2_ws/src/install/ros2_control_demo_example_4:/home/isg/workspace/denso_ros2_ws/src/install/ros2_control_demo_example_3:/home/isg/workspace/denso_ros2_ws/src/install/ros2_control_demo_example_2:/home/isg/workspace/denso_ros2_ws/src/install/ros2_control_demo_example_14:/home/isg/workspace/denso_ros2_ws/src/install/ros2_control_demo_example_12:/home/isg/workspace/denso_ros2_ws/src/install/ros2_control_demo_example_11:/home/isg/workspace/denso_ros2_ws/src/install/ros2_control_demo_example_10:/home/isg/workspace/denso_ros2_ws/src/install/ros2_control_demo_example_1:/home/isg/workspace/denso_ros2_ws/src/install/ros2_control_demo_description:/home/isg/workspace/denso_ros2_ws/src/install/gazebo_ros2_control_demos:/home/isg/workspace/denso_ros2_ws/src/install/denso_robot_bringup:/home/isg/workspace/denso_ros2_ws/src/install/gazebo_ros2_control:/home/isg/workspace/denso_ros2_ws/src/install/denso_robot_moveit_demo:/home/isg/workspace/denso_ros2_ws/src/install/denso_robot_moveit_config:/home/isg/workspace/denso_ros2_ws/src/install/denso_robot_descriptions:/home/isg/workspace/denso_ros2_ws/src/install/denso_robot_control:/home/isg/workspace/denso_ros2_ws/src/install/denso_robot_core:/home/isg/workspace/denso_ros2_ws/src/install/denso_robot_core_interfaces:/home/isg/workspace/denso_ros2_ws/src/install/bcap_service:/home/isg/workspace/denso_ros2_ws/src/install/bcap_service_interfaces:/home/isg/workspace/denso_ros2_ws/src/install/bcap_core:/home/isg/workspace/denso_ros2_ws/src/install/denso_robot_description_installer:/opt/ros/humble /usr/bin/cmake /home/isg/workspace/denso_ros2_ws/src/ros2_control_demos/example_12 -DAMENT_CMAKE_SYMLINK_INSTALL=1 -DCMAKE_INSTALL_PREFIX=/home/isg/workspace/denso_ros2_ws/install/ros2_control_demo_example_12
[3.737s] Invoking command in '/home/isg/workspace/denso_ros2_ws/build/ros2_control_demo_example_12': AMENT_PREFIX_PATH=/home/isg/workspace/denso_ros2_ws/install/ros2_control_demo_description:${AMENT_PREFIX_PATH} CMAKE_PREFIX_PATH=/home/isg/workspace/denso_ros2_ws/install/ros2_control_demo_description:/home/isg/workspace/denso_ros2_ws/src/install/ros2_control_demos:/home/isg/workspace/denso_ros2_ws/src/install/ros2_control_demo_example_9:/home/isg/workspace/denso_ros2_ws/src/install/ros2_control_demo_example_8:/home/isg/workspace/denso_ros2_ws/src/install/ros2_control_demo_example_7:/home/isg/workspace/denso_ros2_ws/src/install/ros2_control_demo_example_6:/home/isg/workspace/denso_ros2_ws/src/install/ros2_control_demo_example_15:/home/isg/workspace/denso_ros2_ws/src/install/ros2_control_demo_example_13:/home/isg/workspace/denso_ros2_ws/src/install/ros2_control_demo_example_5:/home/isg/workspace/denso_ros2_ws/src/install/ros2_control_demo_example_4:/home/isg/workspace/denso_ros2_ws/src/install/ros2_control_demo_example_3:/home/isg/workspace/denso_ros2_ws/src/install/ros2_control_demo_example_2:/home/isg/workspace/denso_ros2_ws/src/install/ros2_control_demo_example_14:/home/isg/workspace/denso_ros2_ws/src/install/ros2_control_demo_example_12:/home/isg/workspace/denso_ros2_ws/src/install/ros2_control_demo_example_11:/home/isg/workspace/denso_ros2_ws/src/install/ros2_control_demo_example_10:/home/isg/workspace/denso_ros2_ws/src/install/ros2_control_demo_example_1:/home/isg/workspace/denso_ros2_ws/src/install/ros2_control_demo_description:/home/isg/workspace/denso_ros2_ws/src/install/gazebo_ros2_control_demos:/home/isg/workspace/denso_ros2_ws/src/install/denso_robot_bringup:/home/isg/workspace/denso_ros2_ws/src/install/gazebo_ros2_control:/home/isg/workspace/denso_ros2_ws/src/install/denso_robot_moveit_demo:/home/isg/workspace/denso_ros2_ws/src/install/denso_robot_moveit_config:/home/isg/workspace/denso_ros2_ws/src/install/denso_robot_descriptions:/home/isg/workspace/denso_ros2_ws/src/install/denso_robot_control:/home/isg/workspace/denso_ros2_ws/src/install/denso_robot_core:/home/isg/workspace/denso_ros2_ws/src/install/denso_robot_core_interfaces:/home/isg/workspace/denso_ros2_ws/src/install/bcap_service:/home/isg/workspace/denso_ros2_ws/src/install/bcap_service_interfaces:/home/isg/workspace/denso_ros2_ws/src/install/bcap_core:/home/isg/workspace/denso_ros2_ws/src/install/denso_robot_description_installer:/opt/ros/humble /usr/bin/cmake --build /home/isg/workspace/denso_ros2_ws/build/ros2_control_demo_example_12 -- -j16 -l16
[4.225s] [ 16%] [32mBuilding CXX object CMakeFiles/ros2_control_demo_example_12.dir/hardware/rrbot.cpp.o[0m
[4.226s] [ 33%] [34m[1mRunning `/opt/ros/humble/bin/generate_parameter_library_cpp /home/isg/workspace/denso_ros2_ws/build/ros2_control_demo_example_12/include/ros2_control_demo_example_12/passthrough_controller_parameters.hpp /home/isg/workspace/denso_ros2_ws/src/ros2_control_demos/example_12/controllers/src/passthrough_controller_parameters.yaml `[0m
[4.226s] [ 50%] [34m[1mCreating deprecated header file /home/isg/workspace/denso_ros2_ws/build/ros2_control_demo_example_12/include/passthrough_controller_parameters.hpp[0m
[4.279s] [ 50%] Built target passthrough_controller_parameters
[4.353s] [ 66%] [32mBuilding CXX object CMakeFiles/passthrough_controller.dir/controllers/src/passthrough_controller.cpp.o[0m
[10.293s] [ 83%] [32m[1mLinking CXX shared library libros2_control_demo_example_12.so[0m
[10.734s] [ 83%] Built target ros2_control_demo_example_12
[16.380s] [100%] [32m[1mLinking CXX shared library libpassthrough_controller.so[0m
[16.844s] [100%] Built target passthrough_controller
[16.864s] Invoked command in '/home/isg/workspace/denso_ros2_ws/build/ros2_control_demo_example_12' returned '0': AMENT_PREFIX_PATH=/home/isg/workspace/denso_ros2_ws/install/ros2_control_demo_description:${AMENT_PREFIX_PATH} CMAKE_PREFIX_PATH=/home/isg/workspace/denso_ros2_ws/install/ros2_control_demo_description:/home/isg/workspace/denso_ros2_ws/src/install/ros2_control_demos:/home/isg/workspace/denso_ros2_ws/src/install/ros2_control_demo_example_9:/home/isg/workspace/denso_ros2_ws/src/install/ros2_control_demo_example_8:/home/isg/workspace/denso_ros2_ws/src/install/ros2_control_demo_example_7:/home/isg/workspace/denso_ros2_ws/src/install/ros2_control_demo_example_6:/home/isg/workspace/denso_ros2_ws/src/install/ros2_control_demo_example_15:/home/isg/workspace/denso_ros2_ws/src/install/ros2_control_demo_example_13:/home/isg/workspace/denso_ros2_ws/src/install/ros2_control_demo_example_5:/home/isg/workspace/denso_ros2_ws/src/install/ros2_control_demo_example_4:/home/isg/workspace/denso_ros2_ws/src/install/ros2_control_demo_example_3:/home/isg/workspace/denso_ros2_ws/src/install/ros2_control_demo_example_2:/home/isg/workspace/denso_ros2_ws/src/install/ros2_control_demo_example_14:/home/isg/workspace/denso_ros2_ws/src/install/ros2_control_demo_example_12:/home/isg/workspace/denso_ros2_ws/src/install/ros2_control_demo_example_11:/home/isg/workspace/denso_ros2_ws/src/install/ros2_control_demo_example_10:/home/isg/workspace/denso_ros2_ws/src/install/ros2_control_demo_example_1:/home/isg/workspace/denso_ros2_ws/src/install/ros2_control_demo_description:/home/isg/workspace/denso_ros2_ws/src/install/gazebo_ros2_control_demos:/home/isg/workspace/denso_ros2_ws/src/install/denso_robot_bringup:/home/isg/workspace/denso_ros2_ws/src/install/gazebo_ros2_control:/home/isg/workspace/denso_ros2_ws/src/install/denso_robot_moveit_demo:/home/isg/workspace/denso_ros2_ws/src/install/denso_robot_moveit_config:/home/isg/workspace/denso_ros2_ws/src/install/denso_robot_descriptions:/home/isg/workspace/denso_ros2_ws/src/install/denso_robot_control:/home/isg/workspace/denso_ros2_ws/src/install/denso_robot_core:/home/isg/workspace/denso_ros2_ws/src/install/denso_robot_core_interfaces:/home/isg/workspace/denso_ros2_ws/src/install/bcap_service:/home/isg/workspace/denso_ros2_ws/src/install/bcap_service_interfaces:/home/isg/workspace/denso_ros2_ws/src/install/bcap_core:/home/isg/workspace/denso_ros2_ws/src/install/denso_robot_description_installer:/opt/ros/humble /usr/bin/cmake --build /home/isg/workspace/denso_ros2_ws/build/ros2_control_demo_example_12 -- -j16 -l16
[16.865s] Invoking command in '/home/isg/workspace/denso_ros2_ws/build/ros2_control_demo_example_12': AMENT_PREFIX_PATH=/home/isg/workspace/denso_ros2_ws/install/ros2_control_demo_description:${AMENT_PREFIX_PATH} CMAKE_PREFIX_PATH=/home/isg/workspace/denso_ros2_ws/install/ros2_control_demo_description:/home/isg/workspace/denso_ros2_ws/src/install/ros2_control_demos:/home/isg/workspace/denso_ros2_ws/src/install/ros2_control_demo_example_9:/home/isg/workspace/denso_ros2_ws/src/install/ros2_control_demo_example_8:/home/isg/workspace/denso_ros2_ws/src/install/ros2_control_demo_example_7:/home/isg/workspace/denso_ros2_ws/src/install/ros2_control_demo_example_6:/home/isg/workspace/denso_ros2_ws/src/install/ros2_control_demo_example_15:/home/isg/workspace/denso_ros2_ws/src/install/ros2_control_demo_example_13:/home/isg/workspace/denso_ros2_ws/src/install/ros2_control_demo_example_5:/home/isg/workspace/denso_ros2_ws/src/install/ros2_control_demo_example_4:/home/isg/workspace/denso_ros2_ws/src/install/ros2_control_demo_example_3:/home/isg/workspace/denso_ros2_ws/src/install/ros2_control_demo_example_2:/home/isg/workspace/denso_ros2_ws/src/install/ros2_control_demo_example_14:/home/isg/workspace/denso_ros2_ws/src/install/ros2_control_demo_example_12:/home/isg/workspace/denso_ros2_ws/src/install/ros2_control_demo_example_11:/home/isg/workspace/denso_ros2_ws/src/install/ros2_control_demo_example_10:/home/isg/workspace/denso_ros2_ws/src/install/ros2_control_demo_example_1:/home/isg/workspace/denso_ros2_ws/src/install/ros2_control_demo_description:/home/isg/workspace/denso_ros2_ws/src/install/gazebo_ros2_control_demos:/home/isg/workspace/denso_ros2_ws/src/install/denso_robot_bringup:/home/isg/workspace/denso_ros2_ws/src/install/gazebo_ros2_control:/home/isg/workspace/denso_ros2_ws/src/install/denso_robot_moveit_demo:/home/isg/workspace/denso_ros2_ws/src/install/denso_robot_moveit_config:/home/isg/workspace/denso_ros2_ws/src/install/denso_robot_descriptions:/home/isg/workspace/denso_ros2_ws/src/install/denso_robot_control:/home/isg/workspace/denso_ros2_ws/src/install/denso_robot_core:/home/isg/workspace/denso_ros2_ws/src/install/denso_robot_core_interfaces:/home/isg/workspace/denso_ros2_ws/src/install/bcap_service:/home/isg/workspace/denso_ros2_ws/src/install/bcap_service_interfaces:/home/isg/workspace/denso_ros2_ws/src/install/bcap_core:/home/isg/workspace/denso_ros2_ws/src/install/denso_robot_description_installer:/opt/ros/humble /usr/bin/cmake --install /home/isg/workspace/denso_ros2_ws/build/ros2_control_demo_example_12
[16.879s] -- Install configuration: ""
[16.880s] -- Execute custom install script
[16.880s] -- Symlinking: /home/isg/workspace/denso_ros2_ws/install/ros2_control_demo_example_12/share/ros2_control_demo_example_12//ros2_control_demo_example_12.xml
[16.892s] -- Symlinking: /home/isg/workspace/denso_ros2_ws/install/ros2_control_demo_example_12/include/ros2_control_demo_example_12/passthrough_controller_parameters.hpp
[16.903s] -- Symlinking: /home/isg/workspace/denso_ros2_ws/install/ros2_control_demo_example_12/share/ros2_control_demo_example_12//passthrough_controller.xml
[16.915s] -- Symlinking: /home/isg/workspace/denso_ros2_ws/install/ros2_control_demo_example_12/include/ros2_control_demo_example_12/ros2_control_demo_example_12/rrbot.hpp
[16.927s] -- Symlinking: /home/isg/workspace/denso_ros2_ws/install/ros2_control_demo_example_12/share/ros2_control_demo_example_12/launch/view_robot.launch.py
[16.938s] -- Symlinking: /home/isg/workspace/denso_ros2_ws/install/ros2_control_demo_example_12/share/ros2_control_demo_example_12/ros2_control/rrbot.ros2_control.xacro
[16.949s] -- Symlinking: /home/isg/workspace/denso_ros2_ws/install/ros2_control_demo_example_12/share/ros2_control_demo_example_12/urdf/rrbot.urdf.xacro
[16.960s] -- Symlinking: /home/isg/workspace/denso_ros2_ws/install/ros2_control_demo_example_12/share/ros2_control_demo_example_12/launch/launch_chained_controllers.launch.py
[16.971s] -- Symlinking: /home/isg/workspace/denso_ros2_ws/install/ros2_control_demo_example_12/share/ros2_control_demo_example_12/launch/rrbot.launch.py
[16.983s] -- Symlinking: /home/isg/workspace/denso_ros2_ws/install/ros2_control_demo_example_12/share/ros2_control_demo_example_12/config/rrbot_chained_controllers.yaml
[16.995s] -- Symlinking: /home/isg/workspace/denso_ros2_ws/install/ros2_control_demo_example_12/include/passthrough_controller/passthrough_controller/passthrough_controller.hpp
[17.006s] -- Symlinking: /home/isg/workspace/denso_ros2_ws/install/ros2_control_demo_example_12/share/ros2_control_demo_example_12/environment/library_path.sh
[17.020s] -- Symlinking: /home/isg/workspace/denso_ros2_ws/install/ros2_control_demo_example_12/share/ros2_control_demo_example_12/environment/library_path.dsv
[17.036s] -- Symlinking: /home/isg/workspace/denso_ros2_ws/install/ros2_control_demo_example_12/share/ament_index/resource_index/package_run_dependencies/ros2_control_demo_example_12
[17.050s] -- Symlinking: /home/isg/workspace/denso_ros2_ws/install/ros2_control_demo_example_12/share/ament_index/resource_index/parent_prefix_path/ros2_control_demo_example_12
[17.065s] -- Symlinking: /home/isg/workspace/denso_ros2_ws/install/ros2_control_demo_example_12/share/ros2_control_demo_example_12/environment/ament_prefix_path.sh
[17.080s] -- Symlinking: /home/isg/workspace/denso_ros2_ws/install/ros2_control_demo_example_12/share/ros2_control_demo_example_12/environment/ament_prefix_path.dsv
[17.095s] -- Symlinking: /home/isg/workspace/denso_ros2_ws/install/ros2_control_demo_example_12/share/ros2_control_demo_example_12/environment/path.sh
[17.110s] -- Symlinking: /home/isg/workspace/denso_ros2_ws/install/ros2_control_demo_example_12/share/ros2_control_demo_example_12/environment/path.dsv
[17.121s] -- Symlinking: /home/isg/workspace/denso_ros2_ws/install/ros2_control_demo_example_12/share/ros2_control_demo_example_12/local_setup.bash
[17.131s] -- Symlinking: /home/isg/workspace/denso_ros2_ws/install/ros2_control_demo_example_12/share/ros2_control_demo_example_12/local_setup.sh
[17.146s] -- Symlinking: /home/isg/workspace/denso_ros2_ws/install/ros2_control_demo_example_12/share/ros2_control_demo_example_12/local_setup.zsh
[17.161s] -- Symlinking: /home/isg/workspace/denso_ros2_ws/install/ros2_control_demo_example_12/share/ros2_control_demo_example_12/local_setup.dsv
[17.176s] -- Symlinking: /home/isg/workspace/denso_ros2_ws/install/ros2_control_demo_example_12/share/ros2_control_demo_example_12/package.dsv
[17.191s] -- Symlinking: /home/isg/workspace/denso_ros2_ws/install/ros2_control_demo_example_12/share/ament_index/resource_index/packages/ros2_control_demo_example_12
[17.207s] -- Symlinking: /home/isg/workspace/denso_ros2_ws/install/ros2_control_demo_example_12/share/ament_index/resource_index/hardware_interface__pluginlib__plugin/ros2_control_demo_example_12
[17.223s] -- Symlinking: /home/isg/workspace/denso_ros2_ws/install/ros2_control_demo_example_12/share/ament_index/resource_index/controller_interface__pluginlib__plugin/ros2_control_demo_example_12
[17.237s] -- Symlinking: /home/isg/workspace/denso_ros2_ws/install/ros2_control_demo_example_12/share/ros2_control_demo_example_12/cmake/ament_cmake_export_dependencies-extras.cmake
[17.253s] -- Symlinking: /home/isg/workspace/denso_ros2_ws/install/ros2_control_demo_example_12/share/ros2_control_demo_example_12/cmake/ament_cmake_export_targets-extras.cmake
[17.269s] -- Symlinking: /home/isg/workspace/denso_ros2_ws/install/ros2_control_demo_example_12/share/ros2_control_demo_example_12/cmake/ros2_control_demo_example_12Config.cmake
[17.284s] -- Symlinking: /home/isg/workspace/denso_ros2_ws/install/ros2_control_demo_example_12/share/ros2_control_demo_example_12/cmake/ros2_control_demo_example_12Config-version.cmake
[17.298s] -- Symlinking: /home/isg/workspace/denso_ros2_ws/install/ros2_control_demo_example_12/share/ros2_control_demo_example_12/package.xml
[17.311s] -- Installing: /home/isg/workspace/denso_ros2_ws/install/ros2_control_demo_example_12/lib/libros2_control_demo_example_12.so
[17.312s] -- Set runtime path of "/home/isg/workspace/denso_ros2_ws/install/ros2_control_demo_example_12/lib/libros2_control_demo_example_12.so" to ""
[17.312s] -- Installing: /home/isg/workspace/denso_ros2_ws/install/ros2_control_demo_example_12/lib/libpassthrough_controller.so
[17.322s] -- Set runtime path of "/home/isg/workspace/denso_ros2_ws/install/ros2_control_demo_example_12/lib/libpassthrough_controller.so" to ""
[17.322s] -- Installing: /home/isg/workspace/denso_ros2_ws/install/ros2_control_demo_example_12/share/ros2_control_demo_example_12/cmake/export_passthrough_controllerExport.cmake
[17.322s] -- Installing: /home/isg/workspace/denso_ros2_ws/install/ros2_control_demo_example_12/share/ros2_control_demo_example_12/cmake/export_passthrough_controllerExport-noconfig.cmake
[17.322s] -- Installing: /home/isg/workspace/denso_ros2_ws/install/ros2_control_demo_example_12/share/ros2_control_demo_example_12/cmake/export_ros2_control_demo_example_12Export.cmake
[17.323s] -- Installing: /home/isg/workspace/denso_ros2_ws/install/ros2_control_demo_example_12/share/ros2_control_demo_example_12/cmake/export_ros2_control_demo_example_12Export-noconfig.cmake
[17.326s] Invoked command in '/home/isg/workspace/denso_ros2_ws/build/ros2_control_demo_example_12' returned '0': AMENT_PREFIX_PATH=/home/isg/workspace/denso_ros2_ws/install/ros2_control_demo_description:${AMENT_PREFIX_PATH} CMAKE_PREFIX_PATH=/home/isg/workspace/denso_ros2_ws/install/ros2_control_demo_description:/home/isg/workspace/denso_ros2_ws/src/install/ros2_control_demos:/home/isg/workspace/denso_ros2_ws/src/install/ros2_control_demo_example_9:/home/isg/workspace/denso_ros2_ws/src/install/ros2_control_demo_example_8:/home/isg/workspace/denso_ros2_ws/src/install/ros2_control_demo_example_7:/home/isg/workspace/denso_ros2_ws/src/install/ros2_control_demo_example_6:/home/isg/workspace/denso_ros2_ws/src/install/ros2_control_demo_example_15:/home/isg/workspace/denso_ros2_ws/src/install/ros2_control_demo_example_13:/home/isg/workspace/denso_ros2_ws/src/install/ros2_control_demo_example_5:/home/isg/workspace/denso_ros2_ws/src/install/ros2_control_demo_example_4:/home/isg/workspace/denso_ros2_ws/src/install/ros2_control_demo_example_3:/home/isg/workspace/denso_ros2_ws/src/install/ros2_control_demo_example_2:/home/isg/workspace/denso_ros2_ws/src/install/ros2_control_demo_example_14:/home/isg/workspace/denso_ros2_ws/src/install/ros2_control_demo_example_12:/home/isg/workspace/denso_ros2_ws/src/install/ros2_control_demo_example_11:/home/isg/workspace/denso_ros2_ws/src/install/ros2_control_demo_example_10:/home/isg/workspace/denso_ros2_ws/src/install/ros2_control_demo_example_1:/home/isg/workspace/denso_ros2_ws/src/install/ros2_control_demo_description:/home/isg/workspace/denso_ros2_ws/src/install/gazebo_ros2_control_demos:/home/isg/workspace/denso_ros2_ws/src/install/denso_robot_bringup:/home/isg/workspace/denso_ros2_ws/src/install/gazebo_ros2_control:/home/isg/workspace/denso_ros2_ws/src/install/denso_robot_moveit_demo:/home/isg/workspace/denso_ros2_ws/src/install/denso_robot_moveit_config:/home/isg/workspace/denso_ros2_ws/src/install/denso_robot_descriptions:/home/isg/workspace/denso_ros2_ws/src/install/denso_robot_control:/home/isg/workspace/denso_ros2_ws/src/install/denso_robot_core:/home/isg/workspace/denso_ros2_ws/src/install/denso_robot_core_interfaces:/home/isg/workspace/denso_ros2_ws/src/install/bcap_service:/home/isg/workspace/denso_ros2_ws/src/install/bcap_service_interfaces:/home/isg/workspace/denso_ros2_ws/src/install/bcap_core:/home/isg/workspace/denso_ros2_ws/src/install/denso_robot_description_installer:/opt/ros/humble /usr/bin/cmake --install /home/isg/workspace/denso_ros2_ws/build/ros2_control_demo_example_12
