[0.138s] Invoking command in '/home/isg/workspace/denso_ros2_ws/build/gazebo_ros2_control': CMAKE_PREFIX_PATH=${CMAKE_PREFIX_PATH}:/home/isg/workspace/denso_ros2_ws/install/denso_robot_description_installer:/home/isg/workspace/denso_ros2_ws/install/camera_publisher:/opt/ros/humble /usr/bin/cmake --build /home/isg/workspace/denso_ros2_ws/build/gazebo_ros2_control -- -j16 -l16
[0.570s] [ 50%] Built target gazebo_hardware_plugins
[0.570s] [100%] Built target gazebo_ros2_control
[0.592s] Invoked command in '/home/isg/workspace/denso_ros2_ws/build/gazebo_ros2_control' returned '0': CMAKE_PREFIX_PATH=${CMAKE_PREFIX_PATH}:/home/isg/workspace/denso_ros2_ws/install/denso_robot_description_installer:/home/isg/workspace/denso_ros2_ws/install/camera_publisher:/opt/ros/humble /usr/bin/cmake --build /home/isg/workspace/denso_ros2_ws/build/gazebo_ros2_control -- -j16 -l16
[0.594s] Invoking command in '/home/isg/workspace/denso_ros2_ws/build/gazebo_ros2_control': CMAKE_PREFIX_PATH=${CMAKE_PREFIX_PATH}:/home/isg/workspace/denso_ros2_ws/install/denso_robot_description_installer:/home/isg/workspace/denso_ros2_ws/install/camera_publisher:/opt/ros/humble /usr/bin/cmake --install /home/isg/workspace/denso_ros2_ws/build/gazebo_ros2_control
[0.603s] -- Install configuration: ""
[0.604s] -- Execute custom install script
[0.605s] -- Up-to-date symlink: /home/isg/workspace/denso_ros2_ws/install/gazebo_ros2_control/lib/libgazebo_ros2_control.so
[0.606s] -- Up-to-date symlink: /home/isg/workspace/denso_ros2_ws/install/gazebo_ros2_control/lib/libgazebo_hardware_plugins.so
[0.607s] -- Up-to-date symlink: /home/isg/workspace/denso_ros2_ws/install/gazebo_ros2_control/share/gazebo_ros2_control/environment/library_path.sh
[0.607s] -- Up-to-date symlink: /home/isg/workspace/denso_ros2_ws/install/gazebo_ros2_control/share/gazebo_ros2_control/environment/library_path.dsv
[0.608s] -- Up-to-date symlink: /home/isg/workspace/denso_ros2_ws/install/gazebo_ros2_control/include/gazebo_ros2_control/gazebo_ros2_control_plugin.hpp
[0.608s] -- Up-to-date symlink: /home/isg/workspace/denso_ros2_ws/install/gazebo_ros2_control/include/gazebo_ros2_control/gazebo_system.hpp
[0.608s] -- Up-to-date symlink: /home/isg/workspace/denso_ros2_ws/install/gazebo_ros2_control/include/gazebo_ros2_control/gazebo_system_interface.hpp
[0.609s] -- Up-to-date symlink: /home/isg/workspace/denso_ros2_ws/install/gazebo_ros2_control/share/gazebo_ros2_control//gazebo_hardware_plugins.xml
[0.609s] -- Up-to-date symlink: /home/isg/workspace/denso_ros2_ws/install/gazebo_ros2_control/share/ament_index/resource_index/package_run_dependencies/gazebo_ros2_control
[0.609s] -- Up-to-date symlink: /home/isg/workspace/denso_ros2_ws/install/gazebo_ros2_control/share/ament_index/resource_index/parent_prefix_path/gazebo_ros2_control
[0.610s] -- Up-to-date symlink: /home/isg/workspace/denso_ros2_ws/install/gazebo_ros2_control/share/gazebo_ros2_control/environment/ament_prefix_path.sh
[0.610s] -- Up-to-date symlink: /home/isg/workspace/denso_ros2_ws/install/gazebo_ros2_control/share/gazebo_ros2_control/environment/ament_prefix_path.dsv
[0.611s] -- Up-to-date symlink: /home/isg/workspace/denso_ros2_ws/install/gazebo_ros2_control/share/gazebo_ros2_control/environment/path.sh
[0.611s] -- Up-to-date symlink: /home/isg/workspace/denso_ros2_ws/install/gazebo_ros2_control/share/gazebo_ros2_control/environment/path.dsv
[0.612s] -- Up-to-date symlink: /home/isg/workspace/denso_ros2_ws/install/gazebo_ros2_control/share/gazebo_ros2_control/local_setup.bash
[0.612s] -- Up-to-date symlink: /home/isg/workspace/denso_ros2_ws/install/gazebo_ros2_control/share/gazebo_ros2_control/local_setup.sh
[0.613s] -- Up-to-date symlink: /home/isg/workspace/denso_ros2_ws/install/gazebo_ros2_control/share/gazebo_ros2_control/local_setup.zsh
[0.613s] -- Up-to-date symlink: /home/isg/workspace/denso_ros2_ws/install/gazebo_ros2_control/share/gazebo_ros2_control/local_setup.dsv
[0.613s] -- Symlinking: /home/isg/workspace/denso_ros2_ws/install/gazebo_ros2_control/share/gazebo_ros2_control/package.dsv
[0.624s] -- Up-to-date symlink: /home/isg/workspace/denso_ros2_ws/install/gazebo_ros2_control/share/ament_index/resource_index/packages/gazebo_ros2_control
[0.625s] -- Up-to-date symlink: /home/isg/workspace/denso_ros2_ws/install/gazebo_ros2_control/share/ament_index/resource_index/gazebo_ros2_control__pluginlib__plugin/gazebo_ros2_control
[0.626s] -- Up-to-date symlink: /home/isg/workspace/denso_ros2_ws/install/gazebo_ros2_control/share/gazebo_ros2_control/cmake/ament_cmake_export_include_directories-extras.cmake
[0.627s] -- Up-to-date symlink: /home/isg/workspace/denso_ros2_ws/install/gazebo_ros2_control/share/gazebo_ros2_control/cmake/ament_cmake_export_dependencies-extras.cmake
[0.627s] -- Up-to-date symlink: /home/isg/workspace/denso_ros2_ws/install/gazebo_ros2_control/share/gazebo_ros2_control/cmake/ament_cmake_export_libraries-extras.cmake
[0.629s] -- Up-to-date symlink: /home/isg/workspace/denso_ros2_ws/install/gazebo_ros2_control/share/gazebo_ros2_control/cmake/gazebo_ros2_controlConfig.cmake
[0.631s] -- Up-to-date symlink: /home/isg/workspace/denso_ros2_ws/install/gazebo_ros2_control/share/gazebo_ros2_control/cmake/gazebo_ros2_controlConfig-version.cmake
[0.632s] -- Up-to-date symlink: /home/isg/workspace/denso_ros2_ws/install/gazebo_ros2_control/share/gazebo_ros2_control/package.xml
[0.664s] Invoked command in '/home/isg/workspace/denso_ros2_ws/build/gazebo_ros2_control' returned '0': CMAKE_PREFIX_PATH=${CMAKE_PREFIX_PATH}:/home/isg/workspace/denso_ros2_ws/install/denso_robot_description_installer:/home/isg/workspace/denso_ros2_ws/install/camera_publisher:/opt/ros/humble /usr/bin/cmake --install /home/isg/workspace/denso_ros2_ws/build/gazebo_ros2_control
