[0.037s] Invoking command in '/home/isg/workspace/denso_ros2_ws/src/build/ros2_control_demo_example_13': AMENT_PREFIX_PATH=/home/isg/workspace/denso_ros2_ws/src/install/ros2_control_demo_example_5:/home/isg/workspace/denso_ros2_ws/src/install/ros2_control_demo_example_4:/home/isg/workspace/denso_ros2_ws/src/install/ros2_control_demo_description:${AMENT_PREFIX_PATH} CMAKE_PREFIX_PATH=/home/isg/workspace/denso_ros2_ws/src/install/ros2_control_demo_example_5:/home/isg/workspace/denso_ros2_ws/src/install/ros2_control_demo_example_4:/home/isg/workspace/denso_ros2_ws/src/install/ros2_control_demo_description:/opt/ros/humble LD_LIBRARY_PATH=/home/isg/workspace/denso_ros2_ws/src/install/ros2_control_demo_example_5/lib:/home/isg/workspace/denso_ros2_ws/src/install/ros2_control_demo_example_4/lib:${LD_LIBRARY_PATH} /usr/bin/cmake /home/isg/workspace/denso_ros2_ws/src/ros2_control_demos/example_13 -DCMAKE_BUILD_TYPE=Release -DCMAKE_INSTALL_PREFIX=/home/isg/workspace/denso_ros2_ws/src/install/ros2_control_demo_example_13
[0.159s] -- The CXX compiler identification is GNU 11.4.0
[0.169s] -- Detecting CXX compiler ABI info
[0.278s] -- Detecting CXX compiler ABI info - done
[0.287s] -- Check for working CXX compiler: /usr/bin/c++ - skipped
[0.287s] -- Detecting CXX compile features
[0.288s] -- Detecting CXX compile features - done
[0.292s] -- Found ament_cmake: 1.3.12 (/opt/ros/humble/share/ament_cmake/cmake)
[0.491s] -- Found Python3: /usr/bin/python3 (found version "3.10.12") found components: Interpreter 
[0.634s] -- Found ament_cmake_ros: 0.10.0 (/opt/ros/humble/share/ament_cmake_ros/cmake)
[0.645s] -- Found launch_testing_ament_cmake: 1.0.10 (/opt/ros/humble/share/launch_testing_ament_cmake/cmake)
[0.648s] -- Found python_cmake_module: 0.10.0 (/opt/ros/humble/share/python_cmake_module/cmake)
[0.673s] -- Found PythonInterp: /usr/bin/python3 (found suitable version "3.10.12", minimum required is "3.6") 
[0.688s] -- Found PythonLibs: /usr/lib/x86_64-linux-gnu/libpython3.10.so (found suitable version "3.10.12", minimum required is "3.5") 
[0.688s] -- Using PYTHON_EXECUTABLE: /usr/bin/python3
[0.688s] -- Using PYTHON_INCLUDE_DIRS: /usr/include/python3.10
[0.689s] -- Using PYTHON_LIBRARIES: /usr/lib/x86_64-linux-gnu/libpython3.10.so
[0.715s] -- Found PythonExtra: .so  
[1.236s] -- Configuring done
[1.240s] -- Generating done
[1.243s] -- Build files have been written to: /home/isg/workspace/denso_ros2_ws/src/build/ros2_control_demo_example_13
[1.253s] Invoked command in '/home/isg/workspace/denso_ros2_ws/src/build/ros2_control_demo_example_13' returned '0': AMENT_PREFIX_PATH=/home/isg/workspace/denso_ros2_ws/src/install/ros2_control_demo_example_5:/home/isg/workspace/denso_ros2_ws/src/install/ros2_control_demo_example_4:/home/isg/workspace/denso_ros2_ws/src/install/ros2_control_demo_description:${AMENT_PREFIX_PATH} CMAKE_PREFIX_PATH=/home/isg/workspace/denso_ros2_ws/src/install/ros2_control_demo_example_5:/home/isg/workspace/denso_ros2_ws/src/install/ros2_control_demo_example_4:/home/isg/workspace/denso_ros2_ws/src/install/ros2_control_demo_description:/opt/ros/humble LD_LIBRARY_PATH=/home/isg/workspace/denso_ros2_ws/src/install/ros2_control_demo_example_5/lib:/home/isg/workspace/denso_ros2_ws/src/install/ros2_control_demo_example_4/lib:${LD_LIBRARY_PATH} /usr/bin/cmake /home/isg/workspace/denso_ros2_ws/src/ros2_control_demos/example_13 -DCMAKE_BUILD_TYPE=Release -DCMAKE_INSTALL_PREFIX=/home/isg/workspace/denso_ros2_ws/src/install/ros2_control_demo_example_13
[1.254s] Invoking command in '/home/isg/workspace/denso_ros2_ws/src/build/ros2_control_demo_example_13': AMENT_PREFIX_PATH=/home/isg/workspace/denso_ros2_ws/src/install/ros2_control_demo_example_5:/home/isg/workspace/denso_ros2_ws/src/install/ros2_control_demo_example_4:/home/isg/workspace/denso_ros2_ws/src/install/ros2_control_demo_description:${AMENT_PREFIX_PATH} CMAKE_PREFIX_PATH=/home/isg/workspace/denso_ros2_ws/src/install/ros2_control_demo_example_5:/home/isg/workspace/denso_ros2_ws/src/install/ros2_control_demo_example_4:/home/isg/workspace/denso_ros2_ws/src/install/ros2_control_demo_description:/opt/ros/humble LD_LIBRARY_PATH=/home/isg/workspace/denso_ros2_ws/src/install/ros2_control_demo_example_5/lib:/home/isg/workspace/denso_ros2_ws/src/install/ros2_control_demo_example_4/lib:${LD_LIBRARY_PATH} /usr/bin/cmake --build /home/isg/workspace/denso_ros2_ws/src/build/ros2_control_demo_example_13 -- -j16 -l16
[1.309s] Invoked command in '/home/isg/workspace/denso_ros2_ws/src/build/ros2_control_demo_example_13' returned '0': AMENT_PREFIX_PATH=/home/isg/workspace/denso_ros2_ws/src/install/ros2_control_demo_example_5:/home/isg/workspace/denso_ros2_ws/src/install/ros2_control_demo_example_4:/home/isg/workspace/denso_ros2_ws/src/install/ros2_control_demo_description:${AMENT_PREFIX_PATH} CMAKE_PREFIX_PATH=/home/isg/workspace/denso_ros2_ws/src/install/ros2_control_demo_example_5:/home/isg/workspace/denso_ros2_ws/src/install/ros2_control_demo_example_4:/home/isg/workspace/denso_ros2_ws/src/install/ros2_control_demo_description:/opt/ros/humble LD_LIBRARY_PATH=/home/isg/workspace/denso_ros2_ws/src/install/ros2_control_demo_example_5/lib:/home/isg/workspace/denso_ros2_ws/src/install/ros2_control_demo_example_4/lib:${LD_LIBRARY_PATH} /usr/bin/cmake --build /home/isg/workspace/denso_ros2_ws/src/build/ros2_control_demo_example_13 -- -j16 -l16
[1.312s] Invoking command in '/home/isg/workspace/denso_ros2_ws/src/build/ros2_control_demo_example_13': AMENT_PREFIX_PATH=/home/isg/workspace/denso_ros2_ws/src/install/ros2_control_demo_example_5:/home/isg/workspace/denso_ros2_ws/src/install/ros2_control_demo_example_4:/home/isg/workspace/denso_ros2_ws/src/install/ros2_control_demo_description:${AMENT_PREFIX_PATH} CMAKE_PREFIX_PATH=/home/isg/workspace/denso_ros2_ws/src/install/ros2_control_demo_example_5:/home/isg/workspace/denso_ros2_ws/src/install/ros2_control_demo_example_4:/home/isg/workspace/denso_ros2_ws/src/install/ros2_control_demo_description:/opt/ros/humble LD_LIBRARY_PATH=/home/isg/workspace/denso_ros2_ws/src/install/ros2_control_demo_example_5/lib:/home/isg/workspace/denso_ros2_ws/src/install/ros2_control_demo_example_4/lib:${LD_LIBRARY_PATH} /usr/bin/cmake --install /home/isg/workspace/denso_ros2_ws/src/build/ros2_control_demo_example_13
[1.322s] -- Install configuration: "Release"
[1.322s] -- Installing: /home/isg/workspace/denso_ros2_ws/src/install/ros2_control_demo_example_13/share/ros2_control_demo_example_13/ros2_control
[1.322s] -- Installing: /home/isg/workspace/denso_ros2_ws/src/install/ros2_control_demo_example_13/share/ros2_control_demo_example_13/ros2_control/threedofbot.ros2_control.xacro
[1.323s] -- Installing: /home/isg/workspace/denso_ros2_ws/src/install/ros2_control_demo_example_13/share/ros2_control_demo_example_13/urdf
[1.323s] -- Installing: /home/isg/workspace/denso_ros2_ws/src/install/ros2_control_demo_example_13/share/ros2_control_demo_example_13/urdf/three_robots.urdf.xacro
[1.323s] -- Installing: /home/isg/workspace/denso_ros2_ws/src/install/ros2_control_demo_example_13/share/ros2_control_demo_example_13/rviz
[1.323s] -- Installing: /home/isg/workspace/denso_ros2_ws/src/install/ros2_control_demo_example_13/share/ros2_control_demo_example_13/rviz/three_robots.rviz
[1.323s] -- Installing: /home/isg/workspace/denso_ros2_ws/src/install/ros2_control_demo_example_13/share/ros2_control_demo_example_13/launch
[1.323s] -- Installing: /home/isg/workspace/denso_ros2_ws/src/install/ros2_control_demo_example_13/share/ros2_control_demo_example_13/launch/three_robots.launch.py
[1.323s] -- Installing: /home/isg/workspace/denso_ros2_ws/src/install/ros2_control_demo_example_13/share/ros2_control_demo_example_13/config
[1.323s] -- Installing: /home/isg/workspace/denso_ros2_ws/src/install/ros2_control_demo_example_13/share/ros2_control_demo_example_13/config/three_robots_position_command_publishers.yaml
[1.323s] -- Installing: /home/isg/workspace/denso_ros2_ws/src/install/ros2_control_demo_example_13/share/ros2_control_demo_example_13/config/three_robots_controllers.yaml
[1.324s] -- Installing: /home/isg/workspace/denso_ros2_ws/src/install/ros2_control_demo_example_13/share/ament_index/resource_index/package_run_dependencies/ros2_control_demo_example_13
[1.324s] -- Installing: /home/isg/workspace/denso_ros2_ws/src/install/ros2_control_demo_example_13/share/ament_index/resource_index/parent_prefix_path/ros2_control_demo_example_13
[1.324s] -- Installing: /home/isg/workspace/denso_ros2_ws/src/install/ros2_control_demo_example_13/share/ros2_control_demo_example_13/environment/ament_prefix_path.sh
[1.324s] -- Installing: /home/isg/workspace/denso_ros2_ws/src/install/ros2_control_demo_example_13/share/ros2_control_demo_example_13/environment/ament_prefix_path.dsv
[1.325s] -- Installing: /home/isg/workspace/denso_ros2_ws/src/install/ros2_control_demo_example_13/share/ros2_control_demo_example_13/environment/path.sh
[1.325s] -- Installing: /home/isg/workspace/denso_ros2_ws/src/install/ros2_control_demo_example_13/share/ros2_control_demo_example_13/environment/path.dsv
[1.325s] -- Installing: /home/isg/workspace/denso_ros2_ws/src/install/ros2_control_demo_example_13/share/ros2_control_demo_example_13/local_setup.bash
[1.325s] -- Installing: /home/isg/workspace/denso_ros2_ws/src/install/ros2_control_demo_example_13/share/ros2_control_demo_example_13/local_setup.sh
[1.325s] -- Installing: /home/isg/workspace/denso_ros2_ws/src/install/ros2_control_demo_example_13/share/ros2_control_demo_example_13/local_setup.zsh
[1.326s] -- Installing: /home/isg/workspace/denso_ros2_ws/src/install/ros2_control_demo_example_13/share/ros2_control_demo_example_13/local_setup.dsv
[1.326s] -- Installing: /home/isg/workspace/denso_ros2_ws/src/install/ros2_control_demo_example_13/share/ros2_control_demo_example_13/package.dsv
[1.326s] -- Installing: /home/isg/workspace/denso_ros2_ws/src/install/ros2_control_demo_example_13/share/ament_index/resource_index/packages/ros2_control_demo_example_13
[1.326s] -- Installing: /home/isg/workspace/denso_ros2_ws/src/install/ros2_control_demo_example_13/share/ros2_control_demo_example_13/cmake/ros2_control_demo_example_13Config.cmake
[1.327s] -- Installing: /home/isg/workspace/denso_ros2_ws/src/install/ros2_control_demo_example_13/share/ros2_control_demo_example_13/cmake/ros2_control_demo_example_13Config-version.cmake
[1.327s] -- Installing: /home/isg/workspace/denso_ros2_ws/src/install/ros2_control_demo_example_13/share/ros2_control_demo_example_13/package.xml
[1.331s] Invoked command in '/home/isg/workspace/denso_ros2_ws/src/build/ros2_control_demo_example_13' returned '0': AMENT_PREFIX_PATH=/home/isg/workspace/denso_ros2_ws/src/install/ros2_control_demo_example_5:/home/isg/workspace/denso_ros2_ws/src/install/ros2_control_demo_example_4:/home/isg/workspace/denso_ros2_ws/src/install/ros2_control_demo_description:${AMENT_PREFIX_PATH} CMAKE_PREFIX_PATH=/home/isg/workspace/denso_ros2_ws/src/install/ros2_control_demo_example_5:/home/isg/workspace/denso_ros2_ws/src/install/ros2_control_demo_example_4:/home/isg/workspace/denso_ros2_ws/src/install/ros2_control_demo_description:/opt/ros/humble LD_LIBRARY_PATH=/home/isg/workspace/denso_ros2_ws/src/install/ros2_control_demo_example_5/lib:/home/isg/workspace/denso_ros2_ws/src/install/ros2_control_demo_example_4/lib:${LD_LIBRARY_PATH} /usr/bin/cmake --install /home/isg/workspace/denso_ros2_ws/src/build/ros2_control_demo_example_13
