[0.018s] Invoking command in '/home/isg/workspace/denso_ros2_ws/src/build/denso_robot_moveit_config': CMAKE_PREFIX_PATH=/opt/ros/humble /usr/bin/cmake /home/isg/workspace/denso_ros2_ws/src/denso_robot_drivers_ros2/denso_robot_moveit_config -DCMAKE_BUILD_TYPE=Release -DCMAKE_INSTALL_PREFIX=/home/isg/workspace/denso_ros2_ws/src/install/denso_robot_moveit_config
[0.219s] -- The C compiler identification is GNU 11.4.0
[0.219s] -- The CXX compiler identification is GNU 11.4.0
[0.219s] -- Detecting C compiler ABI info
[0.219s] -- Detecting C compiler ABI info - done
[0.219s] -- Check for working C compiler: /usr/bin/cc - skipped
[0.219s] -- Detecting C compile features
[0.219s] -- Detecting C compile features - done
[0.219s] -- Detecting CXX compiler ABI info
[0.266s] -- Detecting CXX compiler ABI info - done
[0.275s] -- Check for working CXX compiler: /usr/bin/c++ - skipped
[0.276s] -- Detecting CXX compile features
[0.276s] -- Detecting CXX compile features - done
[0.279s] -- Found ament_cmake: 1.3.12 (/opt/ros/humble/share/ament_cmake/cmake)
[0.404s] -- Found Python3: /usr/bin/python3 (found version "3.10.12") found components: Interpreter 
[0.538s] -- Configuring done
[0.541s] -- Generating done
[0.542s] -- Build files have been written to: /home/isg/workspace/denso_ros2_ws/src/build/denso_robot_moveit_config
[0.546s] Invoked command in '/home/isg/workspace/denso_ros2_ws/src/build/denso_robot_moveit_config' returned '0': CMAKE_PREFIX_PATH=/opt/ros/humble /usr/bin/cmake /home/isg/workspace/denso_ros2_ws/src/denso_robot_drivers_ros2/denso_robot_moveit_config -DCMAKE_BUILD_TYPE=Release -DCMAKE_INSTALL_PREFIX=/home/isg/workspace/denso_ros2_ws/src/install/denso_robot_moveit_config
[0.548s] Invoking command in '/home/isg/workspace/denso_ros2_ws/src/build/denso_robot_moveit_config': CMAKE_PREFIX_PATH=/opt/ros/humble /usr/bin/cmake --build /home/isg/workspace/denso_ros2_ws/src/build/denso_robot_moveit_config -- -j16 -l16
[0.587s] Invoked command in '/home/isg/workspace/denso_ros2_ws/src/build/denso_robot_moveit_config' returned '0': CMAKE_PREFIX_PATH=/opt/ros/humble /usr/bin/cmake --build /home/isg/workspace/denso_ros2_ws/src/build/denso_robot_moveit_config -- -j16 -l16
[0.588s] Invoking command in '/home/isg/workspace/denso_ros2_ws/src/build/denso_robot_moveit_config': CMAKE_PREFIX_PATH=/opt/ros/humble /usr/bin/cmake --install /home/isg/workspace/denso_ros2_ws/src/build/denso_robot_moveit_config
[0.596s] -- Install configuration: "Release"
[0.596s] -- Installing: /home/isg/workspace/denso_ros2_ws/src/install/denso_robot_moveit_config/share/denso_robot_moveit_config/config
[0.596s] -- Installing: /home/isg/workspace/denso_ros2_ws/src/install/denso_robot_moveit_config/share/denso_robot_moveit_config/config/ompl_planning.yaml
[0.596s] -- Installing: /home/isg/workspace/denso_ros2_ws/src/install/denso_robot_moveit_config/share/denso_robot_moveit_config/config/kinematics.yaml
[0.596s] -- Installing: /home/isg/workspace/denso_ros2_ws/src/install/denso_robot_moveit_config/share/denso_robot_moveit_config/rviz
[0.596s] -- Installing: /home/isg/workspace/denso_ros2_ws/src/install/denso_robot_moveit_config/share/denso_robot_moveit_config/rviz/view_robot.rviz
[0.596s] -- Installing: /home/isg/workspace/denso_ros2_ws/src/install/denso_robot_moveit_config/share/denso_robot_moveit_config/srdf
[0.597s] -- Installing: /home/isg/workspace/denso_ros2_ws/src/install/denso_robot_moveit_config/share/denso_robot_moveit_config/srdf/denso_robot.srdf.xacro
[0.597s] -- Installing: /home/isg/workspace/denso_ros2_ws/src/install/denso_robot_moveit_config/share/denso_robot_moveit_config/robots
[0.597s] -- Installing: /home/isg/workspace/denso_ros2_ws/src/install/denso_robot_moveit_config/share/denso_robot_moveit_config/robots/vs060
[0.597s] -- Installing: /home/isg/workspace/denso_ros2_ws/src/install/denso_robot_moveit_config/share/denso_robot_moveit_config/robots/vs060/config
[0.597s] -- Installing: /home/isg/workspace/denso_ros2_ws/src/install/denso_robot_moveit_config/share/denso_robot_moveit_config/robots/vs060/config/joint_limits.yaml
[0.597s] -- Installing: /home/isg/workspace/denso_ros2_ws/src/install/denso_robot_moveit_config/share/denso_robot_moveit_config/robots/vs060/config/moveit_controllers.yaml
[0.597s] -- Installing: /home/isg/workspace/denso_ros2_ws/src/install/denso_robot_moveit_config/share/denso_robot_moveit_config/robots/vs060/config/denso_robot_controllers.yaml
[0.598s] -- Installing: /home/isg/workspace/denso_ros2_ws/src/install/denso_robot_moveit_config/share/denso_robot_moveit_config/robots/vs060/srdf
[0.598s] -- Installing: /home/isg/workspace/denso_ros2_ws/src/install/denso_robot_moveit_config/share/denso_robot_moveit_config/robots/vs060/srdf/denso_robot_macro.srdf.xacro
[0.599s] -- Installing: /home/isg/workspace/denso_ros2_ws/src/install/denso_robot_moveit_config/share/denso_robot_moveit_config/robots/cobotta
[0.599s] -- Installing: /home/isg/workspace/denso_ros2_ws/src/install/denso_robot_moveit_config/share/denso_robot_moveit_config/robots/cobotta/config
[0.599s] -- Installing: /home/isg/workspace/denso_ros2_ws/src/install/denso_robot_moveit_config/share/denso_robot_moveit_config/robots/cobotta/config/joint_limits.yaml
[0.599s] -- Installing: /home/isg/workspace/denso_ros2_ws/src/install/denso_robot_moveit_config/share/denso_robot_moveit_config/robots/cobotta/config/moveit_controllers.yaml
[0.599s] -- Installing: /home/isg/workspace/denso_ros2_ws/src/install/denso_robot_moveit_config/share/denso_robot_moveit_config/robots/cobotta/config/denso_robot_controllers.yaml
[0.599s] -- Installing: /home/isg/workspace/denso_ros2_ws/src/install/denso_robot_moveit_config/share/denso_robot_moveit_config/robots/cobotta/srdf
[0.599s] -- Installing: /home/isg/workspace/denso_ros2_ws/src/install/denso_robot_moveit_config/share/denso_robot_moveit_config/robots/cobotta/srdf/denso_robot_macro.srdf.xacro
[0.600s] -- Installing: /home/isg/workspace/denso_ros2_ws/src/install/denso_robot_moveit_config/share/denso_robot_moveit_config/robots/hsr065a1_n32
[0.600s] -- Installing: /home/isg/workspace/denso_ros2_ws/src/install/denso_robot_moveit_config/share/denso_robot_moveit_config/robots/hsr065a1_n32/config
[0.600s] -- Installing: /home/isg/workspace/denso_ros2_ws/src/install/denso_robot_moveit_config/share/denso_robot_moveit_config/robots/hsr065a1_n32/config/joint_limits.yaml
[0.600s] -- Installing: /home/isg/workspace/denso_ros2_ws/src/install/denso_robot_moveit_config/share/denso_robot_moveit_config/robots/hsr065a1_n32/config/moveit_controllers.yaml
[0.600s] -- Installing: /home/isg/workspace/denso_ros2_ws/src/install/denso_robot_moveit_config/share/denso_robot_moveit_config/robots/hsr065a1_n32/config/denso_robot_controllers.yaml
[0.600s] -- Installing: /home/isg/workspace/denso_ros2_ws/src/install/denso_robot_moveit_config/share/denso_robot_moveit_config/robots/hsr065a1_n32/srdf
[0.600s] -- Installing: /home/isg/workspace/denso_ros2_ws/src/install/denso_robot_moveit_config/share/denso_robot_moveit_config/robots/hsr065a1_n32/srdf/denso_robot_macro.srdf.xacro
[0.601s] -- Installing: /home/isg/workspace/denso_ros2_ws/src/install/denso_robot_moveit_config/share/ament_index/resource_index/package_run_dependencies/denso_robot_moveit_config
[0.601s] -- Installing: /home/isg/workspace/denso_ros2_ws/src/install/denso_robot_moveit_config/share/ament_index/resource_index/parent_prefix_path/denso_robot_moveit_config
[0.601s] -- Installing: /home/isg/workspace/denso_ros2_ws/src/install/denso_robot_moveit_config/share/denso_robot_moveit_config/environment/ament_prefix_path.sh
[0.602s] -- Installing: /home/isg/workspace/denso_ros2_ws/src/install/denso_robot_moveit_config/share/denso_robot_moveit_config/environment/ament_prefix_path.dsv
[0.602s] -- Installing: /home/isg/workspace/denso_ros2_ws/src/install/denso_robot_moveit_config/share/denso_robot_moveit_config/environment/path.sh
[0.602s] -- Installing: /home/isg/workspace/denso_ros2_ws/src/install/denso_robot_moveit_config/share/denso_robot_moveit_config/environment/path.dsv
[0.602s] -- Installing: /home/isg/workspace/denso_ros2_ws/src/install/denso_robot_moveit_config/share/denso_robot_moveit_config/local_setup.bash
[0.602s] -- Installing: /home/isg/workspace/denso_ros2_ws/src/install/denso_robot_moveit_config/share/denso_robot_moveit_config/local_setup.sh
[0.603s] -- Installing: /home/isg/workspace/denso_ros2_ws/src/install/denso_robot_moveit_config/share/denso_robot_moveit_config/local_setup.zsh
[0.603s] -- Installing: /home/isg/workspace/denso_ros2_ws/src/install/denso_robot_moveit_config/share/denso_robot_moveit_config/local_setup.dsv
[0.603s] -- Installing: /home/isg/workspace/denso_ros2_ws/src/install/denso_robot_moveit_config/share/denso_robot_moveit_config/package.dsv
[0.604s] -- Installing: /home/isg/workspace/denso_ros2_ws/src/install/denso_robot_moveit_config/share/ament_index/resource_index/packages/denso_robot_moveit_config
[0.604s] -- Installing: /home/isg/workspace/denso_ros2_ws/src/install/denso_robot_moveit_config/share/denso_robot_moveit_config/cmake/denso_robot_moveit_configConfig.cmake
[0.604s] -- Installing: /home/isg/workspace/denso_ros2_ws/src/install/denso_robot_moveit_config/share/denso_robot_moveit_config/cmake/denso_robot_moveit_configConfig-version.cmake
[0.604s] -- Installing: /home/isg/workspace/denso_ros2_ws/src/install/denso_robot_moveit_config/share/denso_robot_moveit_config/package.xml
[0.620s] Invoked command in '/home/isg/workspace/denso_ros2_ws/src/build/denso_robot_moveit_config' returned '0': CMAKE_PREFIX_PATH=/opt/ros/humble /usr/bin/cmake --install /home/isg/workspace/denso_ros2_ws/src/build/denso_robot_moveit_config
