[0.511s] Invoking command in '/home/isg/workspace/denso_ros2_ws/src/denso_robot_drivers_ros2/denso_robot_description_installer': PYTHONPATH=/home/isg/workspace/denso_ros2_ws/src/build/denso_robot_description_installer/prefix_override:/usr/lib/python3/dist-packages/colcon_core/task/python/colcon_distutils_commands:/home/isg/workspace/denso_ros2_ws/src/install/denso_robot_description_installer/lib/python3.10/site-packages:${PYTHONPATH} /usr/bin/python3 -W ignore:setup.py install is deprecated -W ignore:easy_install command is deprecated setup.py egg_info --egg-base ../../build/denso_robot_description_installer build --build-base /home/isg/workspace/denso_ros2_ws/src/build/denso_robot_description_installer/build install --record /home/isg/workspace/denso_ros2_ws/src/build/denso_robot_description_installer/install.log --single-version-externally-managed install_data
[0.782s] running egg_info
[0.786s] creating ../../build/denso_robot_description_installer/denso_robot_description_installer.egg-info
[0.790s] writing ../../build/denso_robot_description_installer/denso_robot_description_installer.egg-info/PKG-INFO
[0.790s] writing dependency_links to ../../build/denso_robot_description_installer/denso_robot_description_installer.egg-info/dependency_links.txt
[0.791s] writing entry points to ../../build/denso_robot_description_installer/denso_robot_description_installer.egg-info/entry_points.txt
[0.791s] writing requirements to ../../build/denso_robot_description_installer/denso_robot_description_installer.egg-info/requires.txt
[0.791s] writing top-level names to ../../build/denso_robot_description_installer/denso_robot_description_installer.egg-info/top_level.txt
[0.791s] writing manifest file '../../build/denso_robot_description_installer/denso_robot_description_installer.egg-info/SOURCES.txt'
[0.791s] reading manifest file '../../build/denso_robot_description_installer/denso_robot_description_installer.egg-info/SOURCES.txt'
[0.791s] writing manifest file '../../build/denso_robot_description_installer/denso_robot_description_installer.egg-info/SOURCES.txt'
[0.791s] running build
[0.791s] running build_py
[0.791s] creating /home/isg/workspace/denso_ros2_ws/src/build/denso_robot_description_installer/build
[0.791s] creating /home/isg/workspace/denso_ros2_ws/src/build/denso_robot_description_installer/build/lib
[0.791s] creating /home/isg/workspace/denso_ros2_ws/src/build/denso_robot_description_installer/build/lib/denso_robot_description_installer
[0.791s] copying denso_robot_description_installer/update_joint_limits.py -> /home/isg/workspace/denso_ros2_ws/src/build/denso_robot_description_installer/build/lib/denso_robot_description_installer
[0.792s] copying denso_robot_description_installer/install_robot_description.py -> /home/isg/workspace/denso_ros2_ws/src/build/denso_robot_description_installer/build/lib/denso_robot_description_installer
[0.792s] copying denso_robot_description_installer/__init__.py -> /home/isg/workspace/denso_ros2_ws/src/build/denso_robot_description_installer/build/lib/denso_robot_description_installer
[0.792s] running install
[0.792s] running install_lib
[0.792s] creating /home/isg/workspace/denso_ros2_ws/src/install/denso_robot_description_installer/lib/python3.10/site-packages/denso_robot_description_installer
[0.792s] copying /home/isg/workspace/denso_ros2_ws/src/build/denso_robot_description_installer/build/lib/denso_robot_description_installer/update_joint_limits.py -> /home/isg/workspace/denso_ros2_ws/src/install/denso_robot_description_installer/lib/python3.10/site-packages/denso_robot_description_installer
[0.792s] copying /home/isg/workspace/denso_ros2_ws/src/build/denso_robot_description_installer/build/lib/denso_robot_description_installer/install_robot_description.py -> /home/isg/workspace/denso_ros2_ws/src/install/denso_robot_description_installer/lib/python3.10/site-packages/denso_robot_description_installer
[0.793s] copying /home/isg/workspace/denso_ros2_ws/src/build/denso_robot_description_installer/build/lib/denso_robot_description_installer/__init__.py -> /home/isg/workspace/denso_ros2_ws/src/install/denso_robot_description_installer/lib/python3.10/site-packages/denso_robot_description_installer
[0.793s] byte-compiling /home/isg/workspace/denso_ros2_ws/src/install/denso_robot_description_installer/lib/python3.10/site-packages/denso_robot_description_installer/update_joint_limits.py to update_joint_limits.cpython-310.pyc
[0.807s] byte-compiling /home/isg/workspace/denso_ros2_ws/src/install/denso_robot_description_installer/lib/python3.10/site-packages/denso_robot_description_installer/install_robot_description.py to install_robot_description.cpython-310.pyc
[0.807s] byte-compiling /home/isg/workspace/denso_ros2_ws/src/install/denso_robot_description_installer/lib/python3.10/site-packages/denso_robot_description_installer/__init__.py to __init__.cpython-310.pyc
[0.807s] running install_data
[0.807s] creating /home/isg/workspace/denso_ros2_ws/src/install/denso_robot_description_installer/share/ament_index
[0.807s] creating /home/isg/workspace/denso_ros2_ws/src/install/denso_robot_description_installer/share/ament_index/resource_index
[0.807s] creating /home/isg/workspace/denso_ros2_ws/src/install/denso_robot_description_installer/share/ament_index/resource_index/packages
[0.807s] copying resource/denso_robot_description_installer -> /home/isg/workspace/denso_ros2_ws/src/install/denso_robot_description_installer/share/ament_index/resource_index/packages
[0.807s] copying package.xml -> /home/isg/workspace/denso_ros2_ws/src/install/denso_robot_description_installer/share/denso_robot_description_installer
[0.807s] running install_egg_info
[0.807s] Copying ../../build/denso_robot_description_installer/denso_robot_description_installer.egg-info to /home/isg/workspace/denso_ros2_ws/src/install/denso_robot_description_installer/lib/python3.10/site-packages/denso_robot_description_installer-1.2.0-py3.10.egg-info
[0.807s] running install_scripts
[0.822s] Installing install_robot_description script to /home/isg/workspace/denso_ros2_ws/src/install/denso_robot_description_installer/lib/denso_robot_description_installer
[0.822s] Installing update_joint_limits script to /home/isg/workspace/denso_ros2_ws/src/install/denso_robot_description_installer/lib/denso_robot_description_installer
[0.822s] writing list of installed files to '/home/isg/workspace/denso_ros2_ws/src/build/denso_robot_description_installer/install.log'
[0.983s] Invoked command in '/home/isg/workspace/denso_ros2_ws/src/denso_robot_drivers_ros2/denso_robot_description_installer' returned '0': PYTHONPATH=/home/isg/workspace/denso_ros2_ws/src/build/denso_robot_description_installer/prefix_override:/usr/lib/python3/dist-packages/colcon_core/task/python/colcon_distutils_commands:/home/isg/workspace/denso_ros2_ws/src/install/denso_robot_description_installer/lib/python3.10/site-packages:${PYTHONPATH} /usr/bin/python3 -W ignore:setup.py install is deprecated -W ignore:easy_install command is deprecated setup.py egg_info --egg-base ../../build/denso_robot_description_installer build --build-base /home/isg/workspace/denso_ros2_ws/src/build/denso_robot_description_installer/build install --record /home/isg/workspace/denso_ros2_ws/src/build/denso_robot_description_installer/install.log --single-version-externally-managed install_data
