[0.137s] Invoking command in '/home/isg/workspace/denso_ros2_ws/build/bcap_core': CMAKE_PREFIX_PATH=${CMAKE_PREFIX_PATH}:/home/isg/workspace/denso_ros2_ws/install/denso_robot_description_installer:/home/isg/workspace/denso_ros2_ws/install/camera_publisher:/opt/ros/humble /usr/bin/cmake --build /home/isg/workspace/denso_ros2_ws/build/bcap_core -- -j16 -l16
[0.574s] [  9%] Built target rac_string
[0.574s] [ 40%] Built target bcap_client
[0.575s] [ 93%] Built target tpcomm
[0.575s] [100%] Built target bcap_server
[0.594s] Invoked command in '/home/isg/workspace/denso_ros2_ws/build/bcap_core' returned '0': CMAKE_PREFIX_PATH=${CMAKE_PREFIX_PATH}:/home/isg/workspace/denso_ros2_ws/install/denso_robot_description_installer:/home/isg/workspace/denso_ros2_ws/install/camera_publisher:/opt/ros/humble /usr/bin/cmake --build /home/isg/workspace/denso_ros2_ws/build/bcap_core -- -j16 -l16
[0.596s] Invoking command in '/home/isg/workspace/denso_ros2_ws/build/bcap_core': CMAKE_PREFIX_PATH=${CMAKE_PREFIX_PATH}:/home/isg/workspace/denso_ros2_ws/install/denso_robot_description_installer:/home/isg/workspace/denso_ros2_ws/install/camera_publisher:/opt/ros/humble /usr/bin/cmake --install /home/isg/workspace/denso_ros2_ws/build/bcap_core
[0.605s] -- Install configuration: ""
[0.607s] -- Execute custom install script
[0.607s] -- Up-to-date symlink: /home/isg/workspace/denso_ros2_ws/install/bcap_core/share/bcap_core/environment/library_path.sh
[0.607s] -- Up-to-date symlink: /home/isg/workspace/denso_ros2_ws/install/bcap_core/share/bcap_core/environment/library_path.dsv
[0.608s] -- Up-to-date symlink: /home/isg/workspace/denso_ros2_ws/install/bcap_core/include/bcap_core/RACString/rac_string.h
[0.609s] -- Up-to-date symlink: /home/isg/workspace/denso_ros2_ws/install/bcap_core/include/bcap_core/TPComm/dn_tpcomm.h
[0.609s] -- Up-to-date symlink: /home/isg/workspace/denso_ros2_ws/install/bcap_core/include/bcap_core/bCAPClient/bcap_client.h
[0.609s] -- Up-to-date symlink: /home/isg/workspace/denso_ros2_ws/install/bcap_core/include/bcap_core/bCAPServer/bcap_mapid.h
[0.610s] -- Up-to-date symlink: /home/isg/workspace/denso_ros2_ws/install/bcap_core/include/bcap_core/bCAPServer/bcap_server.h
[0.610s] -- Up-to-date symlink: /home/isg/workspace/denso_ros2_ws/install/bcap_core/include/bcap_core/bcap_common.h
[0.611s] -- Up-to-date symlink: /home/isg/workspace/denso_ros2_ws/install/bcap_core/include/bcap_core/bcap_funcid.h
[0.612s] -- Up-to-date symlink: /home/isg/workspace/denso_ros2_ws/install/bcap_core/include/bcap_core/dn_additional.h
[0.613s] -- Up-to-date symlink: /home/isg/workspace/denso_ros2_ws/install/bcap_core/include/bcap_core/dn_com.h
[0.613s] -- Up-to-date symlink: /home/isg/workspace/denso_ros2_ws/install/bcap_core/include/bcap_core/dn_common.h
[0.613s] -- Up-to-date symlink: /home/isg/workspace/denso_ros2_ws/install/bcap_core/include/bcap_core/dn_device.h
[0.613s] -- Up-to-date symlink: /home/isg/workspace/denso_ros2_ws/install/bcap_core/include/bcap_core/dn_robotalk.h
[0.614s] -- Up-to-date symlink: /home/isg/workspace/denso_ros2_ws/install/bcap_core/include/bcap_core/dn_socket.h
[0.615s] -- Up-to-date symlink: /home/isg/workspace/denso_ros2_ws/install/bcap_core/include/bcap_core/dn_tcp.h
[0.615s] -- Up-to-date symlink: /home/isg/workspace/denso_ros2_ws/install/bcap_core/include/bcap_core/dn_thread.h
[0.615s] -- Up-to-date symlink: /home/isg/workspace/denso_ros2_ws/install/bcap_core/include/bcap_core/dn_udp.h
[0.616s] -- Up-to-date symlink: /home/isg/workspace/denso_ros2_ws/install/bcap_core/include/bcap_core/stdint/stdint.h
[0.616s] -- Up-to-date symlink: /home/isg/workspace/denso_ros2_ws/install/bcap_core/share/ament_index/resource_index/package_run_dependencies/bcap_core
[0.616s] -- Up-to-date symlink: /home/isg/workspace/denso_ros2_ws/install/bcap_core/share/ament_index/resource_index/parent_prefix_path/bcap_core
[0.617s] -- Up-to-date symlink: /home/isg/workspace/denso_ros2_ws/install/bcap_core/share/bcap_core/environment/ament_prefix_path.sh
[0.617s] -- Up-to-date symlink: /home/isg/workspace/denso_ros2_ws/install/bcap_core/share/bcap_core/environment/ament_prefix_path.dsv
[0.617s] -- Up-to-date symlink: /home/isg/workspace/denso_ros2_ws/install/bcap_core/share/bcap_core/environment/path.sh
[0.617s] -- Up-to-date symlink: /home/isg/workspace/denso_ros2_ws/install/bcap_core/share/bcap_core/environment/path.dsv
[0.618s] -- Up-to-date symlink: /home/isg/workspace/denso_ros2_ws/install/bcap_core/share/bcap_core/local_setup.bash
[0.619s] -- Up-to-date symlink: /home/isg/workspace/denso_ros2_ws/install/bcap_core/share/bcap_core/local_setup.sh
[0.619s] -- Up-to-date symlink: /home/isg/workspace/denso_ros2_ws/install/bcap_core/share/bcap_core/local_setup.zsh
[0.620s] -- Up-to-date symlink: /home/isg/workspace/denso_ros2_ws/install/bcap_core/share/bcap_core/local_setup.dsv
[0.620s] -- Symlinking: /home/isg/workspace/denso_ros2_ws/install/bcap_core/share/bcap_core/package.dsv
[0.631s] -- Up-to-date symlink: /home/isg/workspace/denso_ros2_ws/install/bcap_core/share/ament_index/resource_index/packages/bcap_core
[0.631s] -- Up-to-date symlink: /home/isg/workspace/denso_ros2_ws/install/bcap_core/share/bcap_core/cmake/ament_cmake_export_include_directories-extras.cmake
[0.632s] -- Up-to-date symlink: /home/isg/workspace/denso_ros2_ws/install/bcap_core/share/bcap_core/cmake/ament_cmake_export_libraries-extras.cmake
[0.632s] -- Up-to-date symlink: /home/isg/workspace/denso_ros2_ws/install/bcap_core/share/bcap_core/cmake/bcap_coreConfig.cmake
[0.634s] -- Up-to-date symlink: /home/isg/workspace/denso_ros2_ws/install/bcap_core/share/bcap_core/cmake/bcap_coreConfig-version.cmake
[0.635s] -- Up-to-date symlink: /home/isg/workspace/denso_ros2_ws/install/bcap_core/share/bcap_core/package.xml
[0.635s] -- Up-to-date: /home/isg/workspace/denso_ros2_ws/install/bcap_core/lib/libbcap_client.so
[0.638s] -- Up-to-date: /home/isg/workspace/denso_ros2_ws/install/bcap_core/lib/libbcap_server.so
[0.638s] -- Up-to-date: /home/isg/workspace/denso_ros2_ws/install/bcap_core/lib/librac_string.so
[0.640s] -- Up-to-date: /home/isg/workspace/denso_ros2_ws/install/bcap_core/lib/libtpcomm.so
[0.651s] Invoked command in '/home/isg/workspace/denso_ros2_ws/build/bcap_core' returned '0': CMAKE_PREFIX_PATH=${CMAKE_PREFIX_PATH}:/home/isg/workspace/denso_ros2_ws/install/denso_robot_description_installer:/home/isg/workspace/denso_ros2_ws/install/camera_publisher:/opt/ros/humble /usr/bin/cmake --install /home/isg/workspace/denso_ros2_ws/build/bcap_core
