running egg_info
creating build/camera_publisher/camera_publisher.egg-info
writing build/camera_publisher/camera_publisher.egg-info/PKG-INFO
writing dependency_links to build/camera_publisher/camera_publisher.egg-info/dependency_links.txt
writing entry points to build/camera_publisher/camera_publisher.egg-info/entry_points.txt
writing requirements to build/camera_publisher/camera_publisher.egg-info/requires.txt
writing top-level names to build/camera_publisher/camera_publisher.egg-info/top_level.txt
writing manifest file 'build/camera_publisher/camera_publisher.egg-info/SOURCES.txt'
reading manifest file 'build/camera_publisher/camera_publisher.egg-info/SOURCES.txt'
writing manifest file 'build/camera_publisher/camera_publisher.egg-info/SOURCES.txt'
running build
running build_py
creating /home/isg/camera_publisher/build/camera_publisher/build
creating /home/isg/camera_publisher/build/camera_publisher/build/lib
creating /home/isg/camera_publisher/build/camera_publisher/build/lib/camera_publisher
copying camera_publisher/__init__.py -> /home/isg/camera_publisher/build/camera_publisher/build/lib/camera_publisher
copying camera_publisher/camera_node.py -> /home/isg/camera_publisher/build/camera_publisher/build/lib/camera_publisher
creating /home/isg/camera_publisher/build/camera_publisher/build/lib/camera_publisher/pybcapclient
copying camera_publisher/pybcapclient/bcapclient.py -> /home/isg/camera_publisher/build/camera_publisher/build/lib/camera_publisher/pybcapclient
copying camera_publisher/pybcapclient/variant.py -> /home/isg/camera_publisher/build/camera_publisher/build/lib/camera_publisher/pybcapclient
copying camera_publisher/pybcapclient/__init__.py -> /home/isg/camera_publisher/build/camera_publisher/build/lib/camera_publisher/pybcapclient
copying camera_publisher/pybcapclient/orinexception.py -> /home/isg/camera_publisher/build/camera_publisher/build/lib/camera_publisher/pybcapclient
running install
running install_lib
creating /home/isg/camera_publisher/install/camera_publisher/lib/python3.10/site-packages/camera_publisher
copying /home/isg/camera_publisher/build/camera_publisher/build/lib/camera_publisher/__init__.py -> /home/isg/camera_publisher/install/camera_publisher/lib/python3.10/site-packages/camera_publisher
copying /home/isg/camera_publisher/build/camera_publisher/build/lib/camera_publisher/camera_node.py -> /home/isg/camera_publisher/install/camera_publisher/lib/python3.10/site-packages/camera_publisher
creating /home/isg/camera_publisher/install/camera_publisher/lib/python3.10/site-packages/camera_publisher/pybcapclient
copying /home/isg/camera_publisher/build/camera_publisher/build/lib/camera_publisher/pybcapclient/bcapclient.py -> /home/isg/camera_publisher/install/camera_publisher/lib/python3.10/site-packages/camera_publisher/pybcapclient
copying /home/isg/camera_publisher/build/camera_publisher/build/lib/camera_publisher/pybcapclient/variant.py -> /home/isg/camera_publisher/install/camera_publisher/lib/python3.10/site-packages/camera_publisher/pybcapclient
copying /home/isg/camera_publisher/build/camera_publisher/build/lib/camera_publisher/pybcapclient/__init__.py -> /home/isg/camera_publisher/install/camera_publisher/lib/python3.10/site-packages/camera_publisher/pybcapclient
copying /home/isg/camera_publisher/build/camera_publisher/build/lib/camera_publisher/pybcapclient/orinexception.py -> /home/isg/camera_publisher/install/camera_publisher/lib/python3.10/site-packages/camera_publisher/pybcapclient
byte-compiling /home/isg/camera_publisher/install/camera_publisher/lib/python3.10/site-packages/camera_publisher/__init__.py to __init__.cpython-310.pyc
byte-compiling /home/isg/camera_publisher/install/camera_publisher/lib/python3.10/site-packages/camera_publisher/camera_node.py to camera_node.cpython-310.pyc
byte-compiling /home/isg/camera_publisher/install/camera_publisher/lib/python3.10/site-packages/camera_publisher/pybcapclient/bcapclient.py to bcapclient.cpython-310.pyc
byte-compiling /home/isg/camera_publisher/install/camera_publisher/lib/python3.10/site-packages/camera_publisher/pybcapclient/variant.py to variant.cpython-310.pyc
byte-compiling /home/isg/camera_publisher/install/camera_publisher/lib/python3.10/site-packages/camera_publisher/pybcapclient/__init__.py to __init__.cpython-310.pyc
byte-compiling /home/isg/camera_publisher/install/camera_publisher/lib/python3.10/site-packages/camera_publisher/pybcapclient/orinexception.py to orinexception.cpython-310.pyc
running install_egg_info
Copying build/camera_publisher/camera_publisher.egg-info to /home/isg/camera_publisher/install/camera_publisher/lib/python3.10/site-packages/camera_publisher-0.0.0-py3.10.egg-info
running install_scripts
Installing camera_node script to /home/isg/camera_publisher/install/camera_publisher/lib/camera_publisher
writing list of installed files to '/home/isg/camera_publisher/build/camera_publisher/install.log'
