[0.498s] Invoking command in '/home/isg/camera_publisher': PYTHONPATH=/home/isg/camera_publisher/build/camera_publisher/prefix_override:/usr/lib/python3/dist-packages/colcon_core/task/python/colcon_distutils_commands:/home/isg/camera_publisher/install/camera_publisher/lib/python3.10/site-packages:${PYTHONPATH} /usr/bin/python3 -W ignore:setup.py install is deprecated -W ignore:easy_install command is deprecated setup.py egg_info --egg-base build/camera_publisher build --build-base /home/isg/camera_publisher/build/camera_publisher/build install --record /home/isg/camera_publisher/build/camera_publisher/install.log --single-version-externally-managed
[0.688s] running egg_info
[0.688s] creating build/camera_publisher/camera_publisher.egg-info
[0.689s] writing build/camera_publisher/camera_publisher.egg-info/PKG-INFO
[0.689s] writing dependency_links to build/camera_publisher/camera_publisher.egg-info/dependency_links.txt
[0.689s] writing entry points to build/camera_publisher/camera_publisher.egg-info/entry_points.txt
[0.689s] writing requirements to build/camera_publisher/camera_publisher.egg-info/requires.txt
[0.689s] writing top-level names to build/camera_publisher/camera_publisher.egg-info/top_level.txt
[0.689s] writing manifest file 'build/camera_publisher/camera_publisher.egg-info/SOURCES.txt'
[0.690s] reading manifest file 'build/camera_publisher/camera_publisher.egg-info/SOURCES.txt'
[0.691s] writing manifest file 'build/camera_publisher/camera_publisher.egg-info/SOURCES.txt'
[0.691s] running build
[0.691s] running build_py
[0.691s] creating /home/isg/camera_publisher/build/camera_publisher/build
[0.691s] creating /home/isg/camera_publisher/build/camera_publisher/build/lib
[0.691s] creating /home/isg/camera_publisher/build/camera_publisher/build/lib/camera_publisher
[0.691s] copying camera_publisher/__init__.py -> /home/isg/camera_publisher/build/camera_publisher/build/lib/camera_publisher
[0.692s] copying camera_publisher/camera_node.py -> /home/isg/camera_publisher/build/camera_publisher/build/lib/camera_publisher
[0.692s] creating /home/isg/camera_publisher/build/camera_publisher/build/lib/camera_publisher/pybcapclient
[0.692s] copying camera_publisher/pybcapclient/bcapclient.py -> /home/isg/camera_publisher/build/camera_publisher/build/lib/camera_publisher/pybcapclient
[0.692s] copying camera_publisher/pybcapclient/variant.py -> /home/isg/camera_publisher/build/camera_publisher/build/lib/camera_publisher/pybcapclient
[0.692s] copying camera_publisher/pybcapclient/__init__.py -> /home/isg/camera_publisher/build/camera_publisher/build/lib/camera_publisher/pybcapclient
[0.692s] copying camera_publisher/pybcapclient/orinexception.py -> /home/isg/camera_publisher/build/camera_publisher/build/lib/camera_publisher/pybcapclient
[0.692s] running install
[0.692s] running install_lib
[0.693s] creating /home/isg/camera_publisher/install/camera_publisher/lib/python3.10/site-packages/camera_publisher
[0.693s] copying /home/isg/camera_publisher/build/camera_publisher/build/lib/camera_publisher/__init__.py -> /home/isg/camera_publisher/install/camera_publisher/lib/python3.10/site-packages/camera_publisher
[0.693s] copying /home/isg/camera_publisher/build/camera_publisher/build/lib/camera_publisher/camera_node.py -> /home/isg/camera_publisher/install/camera_publisher/lib/python3.10/site-packages/camera_publisher
[0.693s] creating /home/isg/camera_publisher/install/camera_publisher/lib/python3.10/site-packages/camera_publisher/pybcapclient
[0.693s] copying /home/isg/camera_publisher/build/camera_publisher/build/lib/camera_publisher/pybcapclient/bcapclient.py -> /home/isg/camera_publisher/install/camera_publisher/lib/python3.10/site-packages/camera_publisher/pybcapclient
[0.693s] copying /home/isg/camera_publisher/build/camera_publisher/build/lib/camera_publisher/pybcapclient/variant.py -> /home/isg/camera_publisher/install/camera_publisher/lib/python3.10/site-packages/camera_publisher/pybcapclient
[0.693s] copying /home/isg/camera_publisher/build/camera_publisher/build/lib/camera_publisher/pybcapclient/__init__.py -> /home/isg/camera_publisher/install/camera_publisher/lib/python3.10/site-packages/camera_publisher/pybcapclient
[0.693s] copying /home/isg/camera_publisher/build/camera_publisher/build/lib/camera_publisher/pybcapclient/orinexception.py -> /home/isg/camera_publisher/install/camera_publisher/lib/python3.10/site-packages/camera_publisher/pybcapclient
[0.694s] byte-compiling /home/isg/camera_publisher/install/camera_publisher/lib/python3.10/site-packages/camera_publisher/__init__.py to __init__.cpython-310.pyc
[0.694s] byte-compiling /home/isg/camera_publisher/install/camera_publisher/lib/python3.10/site-packages/camera_publisher/camera_node.py to camera_node.cpython-310.pyc
[0.694s] byte-compiling /home/isg/camera_publisher/install/camera_publisher/lib/python3.10/site-packages/camera_publisher/pybcapclient/bcapclient.py to bcapclient.cpython-310.pyc
[0.699s] byte-compiling /home/isg/camera_publisher/install/camera_publisher/lib/python3.10/site-packages/camera_publisher/pybcapclient/variant.py to variant.cpython-310.pyc
[0.699s] byte-compiling /home/isg/camera_publisher/install/camera_publisher/lib/python3.10/site-packages/camera_publisher/pybcapclient/__init__.py to __init__.cpython-310.pyc
[0.699s] byte-compiling /home/isg/camera_publisher/install/camera_publisher/lib/python3.10/site-packages/camera_publisher/pybcapclient/orinexception.py to orinexception.cpython-310.pyc
[0.700s] running install_egg_info
[0.701s] Copying build/camera_publisher/camera_publisher.egg-info to /home/isg/camera_publisher/install/camera_publisher/lib/python3.10/site-packages/camera_publisher-0.0.0-py3.10.egg-info
[0.701s] running install_scripts
[0.716s] Installing camera_node script to /home/isg/camera_publisher/install/camera_publisher/lib/camera_publisher
[0.716s] writing list of installed files to '/home/isg/camera_publisher/build/camera_publisher/install.log'
[0.732s] Invoked command in '/home/isg/camera_publisher' returned '0': PYTHONPATH=/home/isg/camera_publisher/build/camera_publisher/prefix_override:/usr/lib/python3/dist-packages/colcon_core/task/python/colcon_distutils_commands:/home/isg/camera_publisher/install/camera_publisher/lib/python3.10/site-packages:${PYTHONPATH} /usr/bin/python3 -W ignore:setup.py install is deprecated -W ignore:easy_install command is deprecated setup.py egg_info --egg-base build/camera_publisher build --build-base /home/isg/camera_publisher/build/camera_publisher/build install --record /home/isg/camera_publisher/build/camera_publisher/install.log --single-version-externally-managed
