[0.493s] Invoking command in '/home/isg/workspace/denso_ros2_ws/src/camera_publisher': PYTHONPATH=/home/isg/workspace/denso_ros2_ws/build/camera_publisher/prefix_override:/usr/lib/python3/dist-packages/colcon_core/task/python/colcon_distutils_commands:/home/isg/workspace/denso_ros2_ws/install/camera_publisher/lib/python3.10/site-packages:${PYTHONPATH} /usr/bin/python3 -W ignore:setup.py install is deprecated -W ignore:easy_install command is deprecated setup.py egg_info --egg-base ../../build/camera_publisher build --build-base /home/isg/workspace/denso_ros2_ws/build/camera_publisher/build install --record /home/isg/workspace/denso_ros2_ws/build/camera_publisher/install.log --single-version-externally-managed install_data
[0.681s] running egg_info
[0.682s] writing ../../build/camera_publisher/camera_publisher.egg-info/PKG-INFO
[0.682s] writing dependency_links to ../../build/camera_publisher/camera_publisher.egg-info/dependency_links.txt
[0.682s] writing entry points to ../../build/camera_publisher/camera_publisher.egg-info/entry_points.txt
[0.682s] writing requirements to ../../build/camera_publisher/camera_publisher.egg-info/requires.txt
[0.682s] writing top-level names to ../../build/camera_publisher/camera_publisher.egg-info/top_level.txt
[0.683s] reading manifest file '../../build/camera_publisher/camera_publisher.egg-info/SOURCES.txt'
[0.684s] writing manifest file '../../build/camera_publisher/camera_publisher.egg-info/SOURCES.txt'
[0.684s] running build
[0.684s] running build_py
[0.685s] running install
[0.685s] running install_lib
[0.686s] running install_data
[0.686s] running install_egg_info
[0.687s] removing '/home/isg/workspace/denso_ros2_ws/install/camera_publisher/lib/python3.10/site-packages/camera_publisher-0.0.1-py3.10.egg-info' (and everything under it)
[0.687s] Copying ../../build/camera_publisher/camera_publisher.egg-info to /home/isg/workspace/denso_ros2_ws/install/camera_publisher/lib/python3.10/site-packages/camera_publisher-0.0.1-py3.10.egg-info
[0.688s] running install_scripts
[0.703s] Installing camera_node script to /home/isg/workspace/denso_ros2_ws/install/camera_publisher/lib/camera_publisher
[0.703s] Installing multi_pose_capture_node script to /home/isg/workspace/denso_ros2_ws/install/camera_publisher/lib/camera_publisher
[0.704s] writing list of installed files to '/home/isg/workspace/denso_ros2_ws/build/camera_publisher/install.log'
[0.719s] Invoked command in '/home/isg/workspace/denso_ros2_ws/src/camera_publisher' returned '0': PYTHONPATH=/home/isg/workspace/denso_ros2_ws/build/camera_publisher/prefix_override:/usr/lib/python3/dist-packages/colcon_core/task/python/colcon_distutils_commands:/home/isg/workspace/denso_ros2_ws/install/camera_publisher/lib/python3.10/site-packages:${PYTHONPATH} /usr/bin/python3 -W ignore:setup.py install is deprecated -W ignore:easy_install command is deprecated setup.py egg_info --egg-base ../../build/camera_publisher build --build-base /home/isg/workspace/denso_ros2_ws/build/camera_publisher/build install --record /home/isg/workspace/denso_ros2_ws/build/camera_publisher/install.log --single-version-externally-managed install_data
