[0.017s] Invoking command in '/home/isg/workspace/denso_ros2_ws/build/gazebo_ros2_control_demos': AMENT_PREFIX_PATH=/home/isg/workspace/denso_ros2_ws/install/gazebo_ros2_control:${AMENT_PREFIX_PATH} CMAKE_PREFIX_PATH=/home/isg/workspace/denso_ros2_ws/install/gazebo_ros2_control:/home/isg/workspace/denso_ros2_ws/src/install/ros2_control_demos:/home/isg/workspace/denso_ros2_ws/src/install/ros2_control_demo_example_9:/home/isg/workspace/denso_ros2_ws/src/install/ros2_control_demo_example_8:/home/isg/workspace/denso_ros2_ws/src/install/ros2_control_demo_example_7:/home/isg/workspace/denso_ros2_ws/src/install/ros2_control_demo_example_6:/home/isg/workspace/denso_ros2_ws/src/install/ros2_control_demo_example_15:/home/isg/workspace/denso_ros2_ws/src/install/ros2_control_demo_example_13:/home/isg/workspace/denso_ros2_ws/src/install/ros2_control_demo_example_5:/home/isg/workspace/denso_ros2_ws/src/install/ros2_control_demo_example_4:/home/isg/workspace/denso_ros2_ws/src/install/ros2_control_demo_example_3:/home/isg/workspace/denso_ros2_ws/src/install/ros2_control_demo_example_2:/home/isg/workspace/denso_ros2_ws/src/install/ros2_control_demo_example_14:/home/isg/workspace/denso_ros2_ws/src/install/ros2_control_demo_example_12:/home/isg/workspace/denso_ros2_ws/src/install/ros2_control_demo_example_11:/home/isg/workspace/denso_ros2_ws/src/install/ros2_control_demo_example_10:/home/isg/workspace/denso_ros2_ws/src/install/ros2_control_demo_example_1:/home/isg/workspace/denso_ros2_ws/src/install/ros2_control_demo_description:/home/isg/workspace/denso_ros2_ws/src/install/gazebo_ros2_control_demos:/home/isg/workspace/denso_ros2_ws/src/install/denso_robot_bringup:/home/isg/workspace/denso_ros2_ws/src/install/gazebo_ros2_control:/home/isg/workspace/denso_ros2_ws/src/install/denso_robot_moveit_demo:/home/isg/workspace/denso_ros2_ws/src/install/denso_robot_moveit_config:/home/isg/workspace/denso_ros2_ws/src/install/denso_robot_descriptions:/home/isg/workspace/denso_ros2_ws/src/install/denso_robot_control:/home/isg/workspace/denso_ros2_ws/src/install/denso_robot_core:/home/isg/workspace/denso_ros2_ws/src/install/denso_robot_core_interfaces:/home/isg/workspace/denso_ros2_ws/src/install/bcap_service:/home/isg/workspace/denso_ros2_ws/src/install/bcap_service_interfaces:/home/isg/workspace/denso_ros2_ws/src/install/bcap_core:/home/isg/workspace/denso_ros2_ws/src/install/denso_robot_description_installer:/opt/ros/humble LD_LIBRARY_PATH=/home/isg/workspace/denso_ros2_ws/install/gazebo_ros2_control/lib:${LD_LIBRARY_PATH} /usr/bin/cmake /home/isg/workspace/denso_ros2_ws/src/gazebo_ros2_control/gazebo_ros2_control_demos -DAMENT_CMAKE_SYMLINK_INSTALL=1 -DCMAKE_INSTALL_PREFIX=/home/isg/workspace/denso_ros2_ws/install/gazebo_ros2_control_demos
[0.086s] -- The C compiler identification is GNU 11.4.0
[0.144s] -- The CXX compiler identification is GNU 11.4.0
[0.156s] -- Detecting C compiler ABI info
[0.267s] -- Detecting C compiler ABI info - done
[0.276s] -- Check for working C compiler: /usr/bin/cc - skipped
[0.276s] -- Detecting C compile features
[0.277s] -- Detecting C compile features - done
[0.281s] -- Detecting CXX compiler ABI info
[0.392s] -- Detecting CXX compiler ABI info - done
[0.402s] -- Check for working CXX compiler: /usr/bin/c++ - skipped
[0.402s] -- Detecting CXX compile features
[0.403s] -- Detecting CXX compile features - done
[0.411s] -- Found ament_cmake: 1.3.12 (/opt/ros/humble/share/ament_cmake/cmake)
[0.567s] -- Found Python3: /usr/bin/python3 (found version "3.10.12") found components: Interpreter 
[0.619s] -- Override CMake install command with custom implementation using symlinks instead of copying resources
[0.700s] -- Found control_msgs: 4.8.0 (/opt/ros/humble/share/control_msgs/cmake)
[0.771s] -- Found rosidl_generator_c: 3.1.7 (/opt/ros/humble/share/rosidl_generator_c/cmake)
[0.783s] -- Found rosidl_adapter: 3.1.7 (/opt/ros/humble/share/rosidl_adapter/cmake)
[0.798s] -- Found rosidl_generator_cpp: 3.1.7 (/opt/ros/humble/share/rosidl_generator_cpp/cmake)
[0.817s] -- Using all available rosidl_typesupport_c: rosidl_typesupport_fastrtps_c;rosidl_typesupport_introspection_c
[0.844s] -- Using all available rosidl_typesupport_cpp: rosidl_typesupport_fastrtps_cpp;rosidl_typesupport_introspection_cpp
[0.993s] -- Found rclcpp: 16.0.14 (/opt/ros/humble/share/rclcpp/cmake)
[1.088s] -- Found rmw_implementation_cmake: 6.1.2 (/opt/ros/humble/share/rmw_implementation_cmake/cmake)
[1.099s] -- Found rmw_fastrtps_cpp: 6.2.8 (/opt/ros/humble/share/rmw_fastrtps_cpp/cmake)
[1.317s] -- Found OpenSSL: /usr/lib/x86_64-linux-gnu/libcrypto.so (found version "3.0.2")  
[1.364s] -- Found FastRTPS: /opt/ros/humble/include  
[1.450s] -- Using RMW implementation 'rmw_fastrtps_cpp' as default
[1.478s] -- Looking for pthread.h
[1.595s] -- Looking for pthread.h - found
[1.595s] -- Performing Test CMAKE_HAVE_LIBC_PTHREAD
[1.732s] -- Performing Test CMAKE_HAVE_LIBC_PTHREAD - Success
[1.733s] -- Found Threads: TRUE  
[1.828s] -- Found rclcpp_action: 16.0.14 (/opt/ros/humble/share/rclcpp_action/cmake)
[1.880s] -- Found ament_cmake_gtest: 1.3.12 (/opt/ros/humble/share/ament_cmake_gtest/cmake)
[1.885s] -- Found ament_lint_auto: 0.12.14 (/opt/ros/humble/share/ament_lint_auto/cmake)
[2.057s] -- Added test 'copyright' to check source files copyright and LICENSE
[2.063s] -- Added test 'cppcheck' to perform static code analysis on C / C++ code
[2.063s] -- Configured cppcheck include dirs: 
[2.063s] -- Configured cppcheck exclude dirs and/or files: 
[2.068s] -- Added test 'cpplint' to check C / C++ code against the Google style
[2.069s] -- Configured cpplint exclude dirs and/or files: 
[2.071s] -- Added test 'flake8' to check Python code syntax and style conventions
[2.073s] -- Added test 'lint_cmake' to check CMake code style
[2.075s] -- Added test 'pep257' to check Python code against some of the docstring style conventions in PEP 257
[2.080s] -- Added test 'uncrustify' to check C / C++ code style
[2.081s] -- Configured uncrustify additional arguments: 
[2.086s] -- Added test 'xmllint' to check XML markup files
[2.087s] -- Configuring done
[2.130s] -- Generating done
[2.148s] -- Build files have been written to: /home/isg/workspace/denso_ros2_ws/build/gazebo_ros2_control_demos
[2.171s] Invoked command in '/home/isg/workspace/denso_ros2_ws/build/gazebo_ros2_control_demos' returned '0': AMENT_PREFIX_PATH=/home/isg/workspace/denso_ros2_ws/install/gazebo_ros2_control:${AMENT_PREFIX_PATH} CMAKE_PREFIX_PATH=/home/isg/workspace/denso_ros2_ws/install/gazebo_ros2_control:/home/isg/workspace/denso_ros2_ws/src/install/ros2_control_demos:/home/isg/workspace/denso_ros2_ws/src/install/ros2_control_demo_example_9:/home/isg/workspace/denso_ros2_ws/src/install/ros2_control_demo_example_8:/home/isg/workspace/denso_ros2_ws/src/install/ros2_control_demo_example_7:/home/isg/workspace/denso_ros2_ws/src/install/ros2_control_demo_example_6:/home/isg/workspace/denso_ros2_ws/src/install/ros2_control_demo_example_15:/home/isg/workspace/denso_ros2_ws/src/install/ros2_control_demo_example_13:/home/isg/workspace/denso_ros2_ws/src/install/ros2_control_demo_example_5:/home/isg/workspace/denso_ros2_ws/src/install/ros2_control_demo_example_4:/home/isg/workspace/denso_ros2_ws/src/install/ros2_control_demo_example_3:/home/isg/workspace/denso_ros2_ws/src/install/ros2_control_demo_example_2:/home/isg/workspace/denso_ros2_ws/src/install/ros2_control_demo_example_14:/home/isg/workspace/denso_ros2_ws/src/install/ros2_control_demo_example_12:/home/isg/workspace/denso_ros2_ws/src/install/ros2_control_demo_example_11:/home/isg/workspace/denso_ros2_ws/src/install/ros2_control_demo_example_10:/home/isg/workspace/denso_ros2_ws/src/install/ros2_control_demo_example_1:/home/isg/workspace/denso_ros2_ws/src/install/ros2_control_demo_description:/home/isg/workspace/denso_ros2_ws/src/install/gazebo_ros2_control_demos:/home/isg/workspace/denso_ros2_ws/src/install/denso_robot_bringup:/home/isg/workspace/denso_ros2_ws/src/install/gazebo_ros2_control:/home/isg/workspace/denso_ros2_ws/src/install/denso_robot_moveit_demo:/home/isg/workspace/denso_ros2_ws/src/install/denso_robot_moveit_config:/home/isg/workspace/denso_ros2_ws/src/install/denso_robot_descriptions:/home/isg/workspace/denso_ros2_ws/src/install/denso_robot_control:/home/isg/workspace/denso_ros2_ws/src/install/denso_robot_core:/home/isg/workspace/denso_ros2_ws/src/install/denso_robot_core_interfaces:/home/isg/workspace/denso_ros2_ws/src/install/bcap_service:/home/isg/workspace/denso_ros2_ws/src/install/bcap_service_interfaces:/home/isg/workspace/denso_ros2_ws/src/install/bcap_core:/home/isg/workspace/denso_ros2_ws/src/install/denso_robot_description_installer:/opt/ros/humble LD_LIBRARY_PATH=/home/isg/workspace/denso_ros2_ws/install/gazebo_ros2_control/lib:${LD_LIBRARY_PATH} /usr/bin/cmake /home/isg/workspace/denso_ros2_ws/src/gazebo_ros2_control/gazebo_ros2_control_demos -DAMENT_CMAKE_SYMLINK_INSTALL=1 -DCMAKE_INSTALL_PREFIX=/home/isg/workspace/denso_ros2_ws/install/gazebo_ros2_control_demos
[2.175s] Invoking command in '/home/isg/workspace/denso_ros2_ws/build/gazebo_ros2_control_demos': AMENT_PREFIX_PATH=/home/isg/workspace/denso_ros2_ws/install/gazebo_ros2_control:${AMENT_PREFIX_PATH} CMAKE_PREFIX_PATH=/home/isg/workspace/denso_ros2_ws/install/gazebo_ros2_control:/home/isg/workspace/denso_ros2_ws/src/install/ros2_control_demos:/home/isg/workspace/denso_ros2_ws/src/install/ros2_control_demo_example_9:/home/isg/workspace/denso_ros2_ws/src/install/ros2_control_demo_example_8:/home/isg/workspace/denso_ros2_ws/src/install/ros2_control_demo_example_7:/home/isg/workspace/denso_ros2_ws/src/install/ros2_control_demo_example_6:/home/isg/workspace/denso_ros2_ws/src/install/ros2_control_demo_example_15:/home/isg/workspace/denso_ros2_ws/src/install/ros2_control_demo_example_13:/home/isg/workspace/denso_ros2_ws/src/install/ros2_control_demo_example_5:/home/isg/workspace/denso_ros2_ws/src/install/ros2_control_demo_example_4:/home/isg/workspace/denso_ros2_ws/src/install/ros2_control_demo_example_3:/home/isg/workspace/denso_ros2_ws/src/install/ros2_control_demo_example_2:/home/isg/workspace/denso_ros2_ws/src/install/ros2_control_demo_example_14:/home/isg/workspace/denso_ros2_ws/src/install/ros2_control_demo_example_12:/home/isg/workspace/denso_ros2_ws/src/install/ros2_control_demo_example_11:/home/isg/workspace/denso_ros2_ws/src/install/ros2_control_demo_example_10:/home/isg/workspace/denso_ros2_ws/src/install/ros2_control_demo_example_1:/home/isg/workspace/denso_ros2_ws/src/install/ros2_control_demo_description:/home/isg/workspace/denso_ros2_ws/src/install/gazebo_ros2_control_demos:/home/isg/workspace/denso_ros2_ws/src/install/denso_robot_bringup:/home/isg/workspace/denso_ros2_ws/src/install/gazebo_ros2_control:/home/isg/workspace/denso_ros2_ws/src/install/denso_robot_moveit_demo:/home/isg/workspace/denso_ros2_ws/src/install/denso_robot_moveit_config:/home/isg/workspace/denso_ros2_ws/src/install/denso_robot_descriptions:/home/isg/workspace/denso_ros2_ws/src/install/denso_robot_control:/home/isg/workspace/denso_ros2_ws/src/install/denso_robot_core:/home/isg/workspace/denso_ros2_ws/src/install/denso_robot_core_interfaces:/home/isg/workspace/denso_ros2_ws/src/install/bcap_service:/home/isg/workspace/denso_ros2_ws/src/install/bcap_service_interfaces:/home/isg/workspace/denso_ros2_ws/src/install/bcap_core:/home/isg/workspace/denso_ros2_ws/src/install/denso_robot_description_installer:/opt/ros/humble LD_LIBRARY_PATH=/home/isg/workspace/denso_ros2_ws/install/gazebo_ros2_control/lib:${LD_LIBRARY_PATH} /usr/bin/cmake --build /home/isg/workspace/denso_ros2_ws/build/gazebo_ros2_control_demos -- -j16 -l16
[2.333s] [  7%] [32mBuilding CXX object CMakeFiles/example_velocity.dir/examples/example_velocity.cpp.o[0m
[2.345s] [ 14%] [32mBuilding CXX object CMakeFiles/example_tricycle_drive.dir/examples/example_tricycle_drive.cpp.o[0m
[2.348s] [ 21%] [32mBuilding CXX object CMakeFiles/example_effort.dir/examples/example_effort.cpp.o[0m
[2.352s] [ 28%] [32mBuilding CXX object CMakeFiles/example_position.dir/examples/example_position.cpp.o[0m
[2.352s] [ 42%] [32mBuilding CXX object CMakeFiles/example_gripper.dir/examples/example_gripper.cpp.o[0m
[2.352s] [ 42%] [32mBuilding CXX object CMakeFiles/example_position_pid.dir/examples/example_position_pid.cpp.o[0m
[2.366s] [ 50%] [32mBuilding CXX object CMakeFiles/example_diff_drive.dir/examples/example_diff_drive.cpp.o[0m
[5.977s] [ 57%] [32m[1mLinking CXX executable example_position_pid[0m
[6.067s] [ 64%] [32m[1mLinking CXX executable example_gripper[0m
[6.088s] [ 71%] [32m[1mLinking CXX executable example_velocity[0m
[6.090s] [ 78%] [32m[1mLinking CXX executable example_tricycle_drive[0m
[6.113s] [ 85%] [32m[1mLinking CXX executable example_effort[0m
[6.140s] [ 92%] [32m[1mLinking CXX executable example_diff_drive[0m
[6.172s] [ 92%] Built target example_position_pid
[6.248s] [ 92%] Built target example_gripper
[6.300s] [ 92%] Built target example_velocity
[6.304s] [ 92%] Built target example_tricycle_drive
[6.319s] [ 92%] Built target example_effort
[6.377s] [ 92%] Built target example_diff_drive
[6.519s] [100%] [32m[1mLinking CXX executable example_position[0m
[6.710s] [100%] Built target example_position
[6.725s] Invoked command in '/home/isg/workspace/denso_ros2_ws/build/gazebo_ros2_control_demos' returned '0': AMENT_PREFIX_PATH=/home/isg/workspace/denso_ros2_ws/install/gazebo_ros2_control:${AMENT_PREFIX_PATH} CMAKE_PREFIX_PATH=/home/isg/workspace/denso_ros2_ws/install/gazebo_ros2_control:/home/isg/workspace/denso_ros2_ws/src/install/ros2_control_demos:/home/isg/workspace/denso_ros2_ws/src/install/ros2_control_demo_example_9:/home/isg/workspace/denso_ros2_ws/src/install/ros2_control_demo_example_8:/home/isg/workspace/denso_ros2_ws/src/install/ros2_control_demo_example_7:/home/isg/workspace/denso_ros2_ws/src/install/ros2_control_demo_example_6:/home/isg/workspace/denso_ros2_ws/src/install/ros2_control_demo_example_15:/home/isg/workspace/denso_ros2_ws/src/install/ros2_control_demo_example_13:/home/isg/workspace/denso_ros2_ws/src/install/ros2_control_demo_example_5:/home/isg/workspace/denso_ros2_ws/src/install/ros2_control_demo_example_4:/home/isg/workspace/denso_ros2_ws/src/install/ros2_control_demo_example_3:/home/isg/workspace/denso_ros2_ws/src/install/ros2_control_demo_example_2:/home/isg/workspace/denso_ros2_ws/src/install/ros2_control_demo_example_14:/home/isg/workspace/denso_ros2_ws/src/install/ros2_control_demo_example_12:/home/isg/workspace/denso_ros2_ws/src/install/ros2_control_demo_example_11:/home/isg/workspace/denso_ros2_ws/src/install/ros2_control_demo_example_10:/home/isg/workspace/denso_ros2_ws/src/install/ros2_control_demo_example_1:/home/isg/workspace/denso_ros2_ws/src/install/ros2_control_demo_description:/home/isg/workspace/denso_ros2_ws/src/install/gazebo_ros2_control_demos:/home/isg/workspace/denso_ros2_ws/src/install/denso_robot_bringup:/home/isg/workspace/denso_ros2_ws/src/install/gazebo_ros2_control:/home/isg/workspace/denso_ros2_ws/src/install/denso_robot_moveit_demo:/home/isg/workspace/denso_ros2_ws/src/install/denso_robot_moveit_config:/home/isg/workspace/denso_ros2_ws/src/install/denso_robot_descriptions:/home/isg/workspace/denso_ros2_ws/src/install/denso_robot_control:/home/isg/workspace/denso_ros2_ws/src/install/denso_robot_core:/home/isg/workspace/denso_ros2_ws/src/install/denso_robot_core_interfaces:/home/isg/workspace/denso_ros2_ws/src/install/bcap_service:/home/isg/workspace/denso_ros2_ws/src/install/bcap_service_interfaces:/home/isg/workspace/denso_ros2_ws/src/install/bcap_core:/home/isg/workspace/denso_ros2_ws/src/install/denso_robot_description_installer:/opt/ros/humble LD_LIBRARY_PATH=/home/isg/workspace/denso_ros2_ws/install/gazebo_ros2_control/lib:${LD_LIBRARY_PATH} /usr/bin/cmake --build /home/isg/workspace/denso_ros2_ws/build/gazebo_ros2_control_demos -- -j16 -l16
[6.727s] Invoking command in '/home/isg/workspace/denso_ros2_ws/build/gazebo_ros2_control_demos': AMENT_PREFIX_PATH=/home/isg/workspace/denso_ros2_ws/install/gazebo_ros2_control:${AMENT_PREFIX_PATH} CMAKE_PREFIX_PATH=/home/isg/workspace/denso_ros2_ws/install/gazebo_ros2_control:/home/isg/workspace/denso_ros2_ws/src/install/ros2_control_demos:/home/isg/workspace/denso_ros2_ws/src/install/ros2_control_demo_example_9:/home/isg/workspace/denso_ros2_ws/src/install/ros2_control_demo_example_8:/home/isg/workspace/denso_ros2_ws/src/install/ros2_control_demo_example_7:/home/isg/workspace/denso_ros2_ws/src/install/ros2_control_demo_example_6:/home/isg/workspace/denso_ros2_ws/src/install/ros2_control_demo_example_15:/home/isg/workspace/denso_ros2_ws/src/install/ros2_control_demo_example_13:/home/isg/workspace/denso_ros2_ws/src/install/ros2_control_demo_example_5:/home/isg/workspace/denso_ros2_ws/src/install/ros2_control_demo_example_4:/home/isg/workspace/denso_ros2_ws/src/install/ros2_control_demo_example_3:/home/isg/workspace/denso_ros2_ws/src/install/ros2_control_demo_example_2:/home/isg/workspace/denso_ros2_ws/src/install/ros2_control_demo_example_14:/home/isg/workspace/denso_ros2_ws/src/install/ros2_control_demo_example_12:/home/isg/workspace/denso_ros2_ws/src/install/ros2_control_demo_example_11:/home/isg/workspace/denso_ros2_ws/src/install/ros2_control_demo_example_10:/home/isg/workspace/denso_ros2_ws/src/install/ros2_control_demo_example_1:/home/isg/workspace/denso_ros2_ws/src/install/ros2_control_demo_description:/home/isg/workspace/denso_ros2_ws/src/install/gazebo_ros2_control_demos:/home/isg/workspace/denso_ros2_ws/src/install/denso_robot_bringup:/home/isg/workspace/denso_ros2_ws/src/install/gazebo_ros2_control:/home/isg/workspace/denso_ros2_ws/src/install/denso_robot_moveit_demo:/home/isg/workspace/denso_ros2_ws/src/install/denso_robot_moveit_config:/home/isg/workspace/denso_ros2_ws/src/install/denso_robot_descriptions:/home/isg/workspace/denso_ros2_ws/src/install/denso_robot_control:/home/isg/workspace/denso_ros2_ws/src/install/denso_robot_core:/home/isg/workspace/denso_ros2_ws/src/install/denso_robot_core_interfaces:/home/isg/workspace/denso_ros2_ws/src/install/bcap_service:/home/isg/workspace/denso_ros2_ws/src/install/bcap_service_interfaces:/home/isg/workspace/denso_ros2_ws/src/install/bcap_core:/home/isg/workspace/denso_ros2_ws/src/install/denso_robot_description_installer:/opt/ros/humble LD_LIBRARY_PATH=/home/isg/workspace/denso_ros2_ws/install/gazebo_ros2_control/lib:${LD_LIBRARY_PATH} /usr/bin/cmake --install /home/isg/workspace/denso_ros2_ws/build/gazebo_ros2_control_demos
[6.741s] -- Install configuration: ""
[6.741s] -- Execute custom install script
[6.742s] -- Symlinking: /home/isg/workspace/denso_ros2_ws/install/gazebo_ros2_control_demos/share/gazebo_ros2_control_demos//launch/cart_example_effort.launch.py
[6.759s] -- Symlinking: /home/isg/workspace/denso_ros2_ws/install/gazebo_ros2_control_demos/share/gazebo_ros2_control_demos//launch/cart_example_position.launch.py
[6.776s] -- Symlinking: /home/isg/workspace/denso_ros2_ws/install/gazebo_ros2_control_demos/share/gazebo_ros2_control_demos//launch/cart_example_velocity.launch.py
[6.792s] -- Symlinking: /home/isg/workspace/denso_ros2_ws/install/gazebo_ros2_control_demos/share/gazebo_ros2_control_demos//launch/diff_drive.launch.py
[6.806s] -- Symlinking: /home/isg/workspace/denso_ros2_ws/install/gazebo_ros2_control_demos/share/gazebo_ros2_control_demos//launch/diff_drive_namespaced.launch.py
[6.821s] -- Symlinking: /home/isg/workspace/denso_ros2_ws/install/gazebo_ros2_control_demos/share/gazebo_ros2_control_demos//launch/diff_drive_pair_namespaced.launch.py
[6.836s] -- Symlinking: /home/isg/workspace/denso_ros2_ws/install/gazebo_ros2_control_demos/share/gazebo_ros2_control_demos//launch/gripper_mimic_joint_example.launch.py
[6.851s] -- Symlinking: /home/isg/workspace/denso_ros2_ws/install/gazebo_ros2_control_demos/share/gazebo_ros2_control_demos//launch/pendulum_example_effort.launch.py
[6.865s] -- Symlinking: /home/isg/workspace/denso_ros2_ws/install/gazebo_ros2_control_demos/share/gazebo_ros2_control_demos//launch/pendulum_example_position.launch.py
[6.882s] -- Symlinking: /home/isg/workspace/denso_ros2_ws/install/gazebo_ros2_control_demos/share/gazebo_ros2_control_demos//launch/tricycle_drive.launch.py
[6.897s] -- Symlinking: /home/isg/workspace/denso_ros2_ws/install/gazebo_ros2_control_demos/share/gazebo_ros2_control_demos//launch/vertical_cart_example_position_pid.launch.py
[6.911s] -- Symlinking: /home/isg/workspace/denso_ros2_ws/install/gazebo_ros2_control_demos/share/gazebo_ros2_control_demos//launch/vertical_cart_example_position_pids_in_yaml.launch.py
[6.927s] -- Symlinking: /home/isg/workspace/denso_ros2_ws/install/gazebo_ros2_control_demos/share/gazebo_ros2_control_demos//launch/vertical_cart_example_velocity_pid.launch.py
[6.943s] -- Symlinking: /home/isg/workspace/denso_ros2_ws/install/gazebo_ros2_control_demos/share/gazebo_ros2_control_demos//config/cart_controller.yaml
[6.958s] -- Symlinking: /home/isg/workspace/denso_ros2_ws/install/gazebo_ros2_control_demos/share/gazebo_ros2_control_demos//config/cart_controller_effort.yaml
[6.973s] -- Symlinking: /home/isg/workspace/denso_ros2_ws/install/gazebo_ros2_control_demos/share/gazebo_ros2_control_demos//config/cart_controller_position.yaml
[6.988s] -- Symlinking: /home/isg/workspace/denso_ros2_ws/install/gazebo_ros2_control_demos/share/gazebo_ros2_control_demos//config/cart_controller_position_with_pids.yaml
[7.003s] -- Symlinking: /home/isg/workspace/denso_ros2_ws/install/gazebo_ros2_control_demos/share/gazebo_ros2_control_demos//config/cart_controller_velocity.yaml
[7.019s] -- Symlinking: /home/isg/workspace/denso_ros2_ws/install/gazebo_ros2_control_demos/share/gazebo_ros2_control_demos//config/config.rviz
[7.034s] -- Symlinking: /home/isg/workspace/denso_ros2_ws/install/gazebo_ros2_control_demos/share/gazebo_ros2_control_demos//config/diff_drive_controller.yaml
[7.049s] -- Symlinking: /home/isg/workspace/denso_ros2_ws/install/gazebo_ros2_control_demos/share/gazebo_ros2_control_demos//config/diff_drive_controller_namespaced.yaml
[7.064s] -- Symlinking: /home/isg/workspace/denso_ros2_ws/install/gazebo_ros2_control_demos/share/gazebo_ros2_control_demos//config/gripper_controller.yaml
[7.079s] -- Symlinking: /home/isg/workspace/denso_ros2_ws/install/gazebo_ros2_control_demos/share/gazebo_ros2_control_demos//config/tricycle_drive_controller.yaml
[7.095s] -- Symlinking: /home/isg/workspace/denso_ros2_ws/install/gazebo_ros2_control_demos/share/gazebo_ros2_control_demos//urdf/test_cart_effort.xacro.urdf
[7.109s] -- Symlinking: /home/isg/workspace/denso_ros2_ws/install/gazebo_ros2_control_demos/share/gazebo_ros2_control_demos//urdf/test_cart_position.xacro.urdf
[7.124s] -- Symlinking: /home/isg/workspace/denso_ros2_ws/install/gazebo_ros2_control_demos/share/gazebo_ros2_control_demos//urdf/test_cart_velocity.xacro.urdf
[7.139s] -- Symlinking: /home/isg/workspace/denso_ros2_ws/install/gazebo_ros2_control_demos/share/gazebo_ros2_control_demos//urdf/test_diff_drive.xacro.urdf
[7.154s] -- Symlinking: /home/isg/workspace/denso_ros2_ws/install/gazebo_ros2_control_demos/share/gazebo_ros2_control_demos//urdf/test_diff_drive_namespaced.xacro.urdf
[7.171s] -- Symlinking: /home/isg/workspace/denso_ros2_ws/install/gazebo_ros2_control_demos/share/gazebo_ros2_control_demos//urdf/test_gripper_mimic_joint.xacro.urdf
[7.186s] -- Symlinking: /home/isg/workspace/denso_ros2_ws/install/gazebo_ros2_control_demos/share/gazebo_ros2_control_demos//urdf/test_pendulum_effort.xacro.urdf
[7.202s] -- Symlinking: /home/isg/workspace/denso_ros2_ws/install/gazebo_ros2_control_demos/share/gazebo_ros2_control_demos//urdf/test_pendulum_position.xacro.urdf
[7.218s] -- Symlinking: /home/isg/workspace/denso_ros2_ws/install/gazebo_ros2_control_demos/share/gazebo_ros2_control_demos//urdf/test_tricycle_drive.xacro.urdf
[7.233s] -- Symlinking: /home/isg/workspace/denso_ros2_ws/install/gazebo_ros2_control_demos/share/gazebo_ros2_control_demos//urdf/test_vertical_cart_position_pid.xacro.urdf
[7.248s] -- Symlinking: /home/isg/workspace/denso_ros2_ws/install/gazebo_ros2_control_demos/share/gazebo_ros2_control_demos//urdf/test_vertical_cart_position_pids_in_yaml.xacro.urdf
[7.265s] -- Symlinking: /home/isg/workspace/denso_ros2_ws/install/gazebo_ros2_control_demos/share/gazebo_ros2_control_demos//urdf/test_vertical_cart_velocity_pid.xacro.urdf
[7.276s] -- Symlinking: /home/isg/workspace/denso_ros2_ws/install/gazebo_ros2_control_demos/lib/gazebo_ros2_control_demos/example_position
[7.287s] -- Symlinking: /home/isg/workspace/denso_ros2_ws/install/gazebo_ros2_control_demos/lib/gazebo_ros2_control_demos/example_position_pid
[7.297s] -- Symlinking: /home/isg/workspace/denso_ros2_ws/install/gazebo_ros2_control_demos/lib/gazebo_ros2_control_demos/example_velocity
[7.315s] -- Symlinking: /home/isg/workspace/denso_ros2_ws/install/gazebo_ros2_control_demos/lib/gazebo_ros2_control_demos/example_effort
[7.332s] -- Symlinking: /home/isg/workspace/denso_ros2_ws/install/gazebo_ros2_control_demos/lib/gazebo_ros2_control_demos/example_diff_drive
[7.347s] -- Symlinking: /home/isg/workspace/denso_ros2_ws/install/gazebo_ros2_control_demos/lib/gazebo_ros2_control_demos/example_tricycle_drive
[7.362s] -- Symlinking: /home/isg/workspace/denso_ros2_ws/install/gazebo_ros2_control_demos/lib/gazebo_ros2_control_demos/example_gripper
[7.379s] -- Symlinking: /home/isg/workspace/denso_ros2_ws/install/gazebo_ros2_control_demos/share/ament_index/resource_index/package_run_dependencies/gazebo_ros2_control_demos
[7.394s] -- Symlinking: /home/isg/workspace/denso_ros2_ws/install/gazebo_ros2_control_demos/share/ament_index/resource_index/parent_prefix_path/gazebo_ros2_control_demos
[7.410s] -- Symlinking: /home/isg/workspace/denso_ros2_ws/install/gazebo_ros2_control_demos/share/gazebo_ros2_control_demos/environment/ament_prefix_path.sh
[7.427s] -- Symlinking: /home/isg/workspace/denso_ros2_ws/install/gazebo_ros2_control_demos/share/gazebo_ros2_control_demos/environment/ament_prefix_path.dsv
[7.445s] -- Symlinking: /home/isg/workspace/denso_ros2_ws/install/gazebo_ros2_control_demos/share/gazebo_ros2_control_demos/environment/path.sh
[7.462s] -- Symlinking: /home/isg/workspace/denso_ros2_ws/install/gazebo_ros2_control_demos/share/gazebo_ros2_control_demos/environment/path.dsv
[7.479s] -- Symlinking: /home/isg/workspace/denso_ros2_ws/install/gazebo_ros2_control_demos/share/gazebo_ros2_control_demos/local_setup.bash
[7.494s] -- Symlinking: /home/isg/workspace/denso_ros2_ws/install/gazebo_ros2_control_demos/share/gazebo_ros2_control_demos/local_setup.sh
[7.511s] -- Symlinking: /home/isg/workspace/denso_ros2_ws/install/gazebo_ros2_control_demos/share/gazebo_ros2_control_demos/local_setup.zsh
[7.527s] -- Symlinking: /home/isg/workspace/denso_ros2_ws/install/gazebo_ros2_control_demos/share/gazebo_ros2_control_demos/local_setup.dsv
[7.542s] -- Symlinking: /home/isg/workspace/denso_ros2_ws/install/gazebo_ros2_control_demos/share/gazebo_ros2_control_demos/package.dsv
[7.558s] -- Symlinking: /home/isg/workspace/denso_ros2_ws/install/gazebo_ros2_control_demos/share/ament_index/resource_index/packages/gazebo_ros2_control_demos
[7.575s] -- Symlinking: /home/isg/workspace/denso_ros2_ws/install/gazebo_ros2_control_demos/share/gazebo_ros2_control_demos/cmake/gazebo_ros2_control_demosConfig.cmake
[7.591s] -- Symlinking: /home/isg/workspace/denso_ros2_ws/install/gazebo_ros2_control_demos/share/gazebo_ros2_control_demos/cmake/gazebo_ros2_control_demosConfig-version.cmake
[7.607s] -- Symlinking: /home/isg/workspace/denso_ros2_ws/install/gazebo_ros2_control_demos/share/gazebo_ros2_control_demos/package.xml
[7.626s] Invoked command in '/home/isg/workspace/denso_ros2_ws/build/gazebo_ros2_control_demos' returned '0': AMENT_PREFIX_PATH=/home/isg/workspace/denso_ros2_ws/install/gazebo_ros2_control:${AMENT_PREFIX_PATH} CMAKE_PREFIX_PATH=/home/isg/workspace/denso_ros2_ws/install/gazebo_ros2_control:/home/isg/workspace/denso_ros2_ws/src/install/ros2_control_demos:/home/isg/workspace/denso_ros2_ws/src/install/ros2_control_demo_example_9:/home/isg/workspace/denso_ros2_ws/src/install/ros2_control_demo_example_8:/home/isg/workspace/denso_ros2_ws/src/install/ros2_control_demo_example_7:/home/isg/workspace/denso_ros2_ws/src/install/ros2_control_demo_example_6:/home/isg/workspace/denso_ros2_ws/src/install/ros2_control_demo_example_15:/home/isg/workspace/denso_ros2_ws/src/install/ros2_control_demo_example_13:/home/isg/workspace/denso_ros2_ws/src/install/ros2_control_demo_example_5:/home/isg/workspace/denso_ros2_ws/src/install/ros2_control_demo_example_4:/home/isg/workspace/denso_ros2_ws/src/install/ros2_control_demo_example_3:/home/isg/workspace/denso_ros2_ws/src/install/ros2_control_demo_example_2:/home/isg/workspace/denso_ros2_ws/src/install/ros2_control_demo_example_14:/home/isg/workspace/denso_ros2_ws/src/install/ros2_control_demo_example_12:/home/isg/workspace/denso_ros2_ws/src/install/ros2_control_demo_example_11:/home/isg/workspace/denso_ros2_ws/src/install/ros2_control_demo_example_10:/home/isg/workspace/denso_ros2_ws/src/install/ros2_control_demo_example_1:/home/isg/workspace/denso_ros2_ws/src/install/ros2_control_demo_description:/home/isg/workspace/denso_ros2_ws/src/install/gazebo_ros2_control_demos:/home/isg/workspace/denso_ros2_ws/src/install/denso_robot_bringup:/home/isg/workspace/denso_ros2_ws/src/install/gazebo_ros2_control:/home/isg/workspace/denso_ros2_ws/src/install/denso_robot_moveit_demo:/home/isg/workspace/denso_ros2_ws/src/install/denso_robot_moveit_config:/home/isg/workspace/denso_ros2_ws/src/install/denso_robot_descriptions:/home/isg/workspace/denso_ros2_ws/src/install/denso_robot_control:/home/isg/workspace/denso_ros2_ws/src/install/denso_robot_core:/home/isg/workspace/denso_ros2_ws/src/install/denso_robot_core_interfaces:/home/isg/workspace/denso_ros2_ws/src/install/bcap_service:/home/isg/workspace/denso_ros2_ws/src/install/bcap_service_interfaces:/home/isg/workspace/denso_ros2_ws/src/install/bcap_core:/home/isg/workspace/denso_ros2_ws/src/install/denso_robot_description_installer:/opt/ros/humble LD_LIBRARY_PATH=/home/isg/workspace/denso_ros2_ws/install/gazebo_ros2_control/lib:${LD_LIBRARY_PATH} /usr/bin/cmake --install /home/isg/workspace/denso_ros2_ws/build/gazebo_ros2_control_demos
