[0.018s] Invoking command in '/home/isg/workspace/denso_ros2_ws/src/build/denso_robot_descriptions': CMAKE_PREFIX_PATH=/opt/ros/humble /usr/bin/cmake /home/isg/workspace/denso_ros2_ws/src/denso_robot_drivers_ros2/denso_robot_descriptions -DCMAKE_BUILD_TYPE=Release -DCMAKE_INSTALL_PREFIX=/home/isg/workspace/denso_ros2_ws/src/install/denso_robot_descriptions
[0.220s] -- The C compiler identification is GNU 11.4.0
[0.220s] -- The CXX compiler identification is GNU 11.4.0
[0.221s] -- Detecting C compiler ABI info
[0.221s] -- Detecting C compiler ABI info - done
[0.221s] -- Check for working C compiler: /usr/bin/cc - skipped
[0.221s] -- Detecting C compile features
[0.221s] -- Detecting C compile features - done
[0.221s] -- Detecting CXX compiler ABI info
[0.269s] -- Detecting CXX compiler ABI info - done
[0.276s] -- Check for working CXX compiler: /usr/bin/c++ - skipped
[0.276s] -- Detecting CXX compile features
[0.277s] -- Detecting CXX compile features - done
[0.279s] -- Found ament_cmake: 1.3.12 (/opt/ros/humble/share/ament_cmake/cmake)
[0.402s] -- Found Python3: /usr/bin/python3 (found version "3.10.12") found components: Interpreter 
[0.532s] -- Configuring done
[0.535s] -- Generating done
[0.536s] -- Build files have been written to: /home/isg/workspace/denso_ros2_ws/src/build/denso_robot_descriptions
[0.540s] Invoked command in '/home/isg/workspace/denso_ros2_ws/src/build/denso_robot_descriptions' returned '0': CMAKE_PREFIX_PATH=/opt/ros/humble /usr/bin/cmake /home/isg/workspace/denso_ros2_ws/src/denso_robot_drivers_ros2/denso_robot_descriptions -DCMAKE_BUILD_TYPE=Release -DCMAKE_INSTALL_PREFIX=/home/isg/workspace/denso_ros2_ws/src/install/denso_robot_descriptions
[0.542s] Invoking command in '/home/isg/workspace/denso_ros2_ws/src/build/denso_robot_descriptions': CMAKE_PREFIX_PATH=/opt/ros/humble /usr/bin/cmake --build /home/isg/workspace/denso_ros2_ws/src/build/denso_robot_descriptions -- -j16 -l16
[0.577s] Invoked command in '/home/isg/workspace/denso_ros2_ws/src/build/denso_robot_descriptions' returned '0': CMAKE_PREFIX_PATH=/opt/ros/humble /usr/bin/cmake --build /home/isg/workspace/denso_ros2_ws/src/build/denso_robot_descriptions -- -j16 -l16
[0.586s] Invoking command in '/home/isg/workspace/denso_ros2_ws/src/build/denso_robot_descriptions': CMAKE_PREFIX_PATH=/opt/ros/humble /usr/bin/cmake --install /home/isg/workspace/denso_ros2_ws/src/build/denso_robot_descriptions
[0.593s] -- Install configuration: "Release"
[0.593s] -- Installing: /home/isg/workspace/denso_ros2_ws/src/install/denso_robot_descriptions/share/denso_robot_descriptions/urdf
[0.593s] -- Installing: /home/isg/workspace/denso_ros2_ws/src/install/denso_robot_descriptions/share/denso_robot_descriptions/urdf/denso_robot.urdf.xacro
[0.593s] -- Installing: /home/isg/workspace/denso_ros2_ws/src/install/denso_robot_descriptions/share/denso_robot_descriptions/robots
[0.593s] -- Installing: /home/isg/workspace/denso_ros2_ws/src/install/denso_robot_descriptions/share/denso_robot_descriptions/robots/vs060
[0.593s] -- Installing: /home/isg/workspace/denso_ros2_ws/src/install/denso_robot_descriptions/share/denso_robot_descriptions/robots/vs060/urdf
[0.593s] -- Installing: /home/isg/workspace/denso_ros2_ws/src/install/denso_robot_descriptions/share/denso_robot_descriptions/robots/vs060/urdf/denso_robot_joint_limits.xacro
[0.594s] -- Installing: /home/isg/workspace/denso_ros2_ws/src/install/denso_robot_descriptions/share/denso_robot_descriptions/robots/vs060/urdf/denso_robot_transmissions.xacro
[0.594s] -- Installing: /home/isg/workspace/denso_ros2_ws/src/install/denso_robot_descriptions/share/denso_robot_descriptions/robots/vs060/urdf/denso_robot.ros2_control.xacro
[0.594s] -- Installing: /home/isg/workspace/denso_ros2_ws/src/install/denso_robot_descriptions/share/denso_robot_descriptions/robots/vs060/urdf/denso_robot_kinematics.xacro
[0.594s] -- Installing: /home/isg/workspace/denso_ros2_ws/src/install/denso_robot_descriptions/share/denso_robot_descriptions/robots/vs060/urdf/denso_robot_macro.xacro
[0.594s] -- Installing: /home/isg/workspace/denso_ros2_ws/src/install/denso_robot_descriptions/share/denso_robot_descriptions/robots/vs060/meshes
[0.594s] -- Installing: /home/isg/workspace/denso_ros2_ws/src/install/denso_robot_descriptions/share/denso_robot_descriptions/robots/vs060/meshes/J6.dae
[0.594s] -- Installing: /home/isg/workspace/denso_ros2_ws/src/install/denso_robot_descriptions/share/denso_robot_descriptions/robots/vs060/meshes/base_link.dae
[0.594s] -- Installing: /home/isg/workspace/denso_ros2_ws/src/install/denso_robot_descriptions/share/denso_robot_descriptions/robots/vs060/meshes/J3.dae
[0.595s] -- Installing: /home/isg/workspace/denso_ros2_ws/src/install/denso_robot_descriptions/share/denso_robot_descriptions/robots/vs060/meshes/J1.dae
[0.595s] -- Installing: /home/isg/workspace/denso_ros2_ws/src/install/denso_robot_descriptions/share/denso_robot_descriptions/robots/vs060/meshes/J4.dae
[0.595s] -- Installing: /home/isg/workspace/denso_ros2_ws/src/install/denso_robot_descriptions/share/denso_robot_descriptions/robots/vs060/meshes/J5.dae
[0.595s] -- Installing: /home/isg/workspace/denso_ros2_ws/src/install/denso_robot_descriptions/share/denso_robot_descriptions/robots/vs060/meshes/J2.dae
[0.596s] -- Installing: /home/isg/workspace/denso_ros2_ws/src/install/denso_robot_descriptions/share/denso_robot_descriptions/robots/cobotta
[0.596s] -- Installing: /home/isg/workspace/denso_ros2_ws/src/install/denso_robot_descriptions/share/denso_robot_descriptions/robots/cobotta/urdf
[0.596s] -- Installing: /home/isg/workspace/denso_ros2_ws/src/install/denso_robot_descriptions/share/denso_robot_descriptions/robots/cobotta/urdf/denso_robot_joint_limits.xacro
[0.596s] -- Installing: /home/isg/workspace/denso_ros2_ws/src/install/denso_robot_descriptions/share/denso_robot_descriptions/robots/cobotta/urdf/denso_robot_transmissions.xacro
[0.596s] -- Installing: /home/isg/workspace/denso_ros2_ws/src/install/denso_robot_descriptions/share/denso_robot_descriptions/robots/cobotta/urdf/denso_robot.ros2_control.xacro
[0.596s] -- Installing: /home/isg/workspace/denso_ros2_ws/src/install/denso_robot_descriptions/share/denso_robot_descriptions/robots/cobotta/urdf/denso_robot_kinematics.xacro
[0.597s] -- Installing: /home/isg/workspace/denso_ros2_ws/src/install/denso_robot_descriptions/share/denso_robot_descriptions/robots/cobotta/urdf/denso_robot_macro.xacro
[0.597s] -- Installing: /home/isg/workspace/denso_ros2_ws/src/install/denso_robot_descriptions/share/denso_robot_descriptions/robots/cobotta/meshes
[0.597s] -- Installing: /home/isg/workspace/denso_ros2_ws/src/install/denso_robot_descriptions/share/denso_robot_descriptions/robots/cobotta/meshes/J6.dae
[0.597s] -- Installing: /home/isg/workspace/denso_ros2_ws/src/install/denso_robot_descriptions/share/denso_robot_descriptions/robots/cobotta/meshes/base_link.dae
[0.597s] -- Installing: /home/isg/workspace/denso_ros2_ws/src/install/denso_robot_descriptions/share/denso_robot_descriptions/robots/cobotta/meshes/J3.dae
[0.598s] -- Installing: /home/isg/workspace/denso_ros2_ws/src/install/denso_robot_descriptions/share/denso_robot_descriptions/robots/cobotta/meshes/J1.dae
[0.598s] -- Installing: /home/isg/workspace/denso_ros2_ws/src/install/denso_robot_descriptions/share/denso_robot_descriptions/robots/cobotta/meshes/J4.dae
[0.598s] -- Installing: /home/isg/workspace/denso_ros2_ws/src/install/denso_robot_descriptions/share/denso_robot_descriptions/robots/cobotta/meshes/J5.dae
[0.598s] -- Installing: /home/isg/workspace/denso_ros2_ws/src/install/denso_robot_descriptions/share/denso_robot_descriptions/robots/cobotta/meshes/J2.dae
[0.598s] -- Installing: /home/isg/workspace/denso_ros2_ws/src/install/denso_robot_descriptions/share/denso_robot_descriptions/robots/hsr065a1_n32
[0.598s] -- Installing: /home/isg/workspace/denso_ros2_ws/src/install/denso_robot_descriptions/share/denso_robot_descriptions/robots/hsr065a1_n32/urdf
[0.598s] -- Installing: /home/isg/workspace/denso_ros2_ws/src/install/denso_robot_descriptions/share/denso_robot_descriptions/robots/hsr065a1_n32/urdf/denso_robot_joint_limits.xacro
[0.599s] -- Installing: /home/isg/workspace/denso_ros2_ws/src/install/denso_robot_descriptions/share/denso_robot_descriptions/robots/hsr065a1_n32/urdf/denso_robot_transmissions.xacro
[0.599s] -- Installing: /home/isg/workspace/denso_ros2_ws/src/install/denso_robot_descriptions/share/denso_robot_descriptions/robots/hsr065a1_n32/urdf/denso_robot.ros2_control.xacro
[0.599s] -- Installing: /home/isg/workspace/denso_ros2_ws/src/install/denso_robot_descriptions/share/denso_robot_descriptions/robots/hsr065a1_n32/urdf/denso_robot_kinematics.xacro
[0.599s] -- Installing: /home/isg/workspace/denso_ros2_ws/src/install/denso_robot_descriptions/share/denso_robot_descriptions/robots/hsr065a1_n32/urdf/denso_robot_macro.xacro
[0.600s] -- Installing: /home/isg/workspace/denso_ros2_ws/src/install/denso_robot_descriptions/share/denso_robot_descriptions/robots/hsr065a1_n32/meshes
[0.600s] -- Installing: /home/isg/workspace/denso_ros2_ws/src/install/denso_robot_descriptions/share/denso_robot_descriptions/robots/hsr065a1_n32/meshes/base_link.dae
[0.600s] -- Installing: /home/isg/workspace/denso_ros2_ws/src/install/denso_robot_descriptions/share/denso_robot_descriptions/robots/hsr065a1_n32/meshes/J3.dae
[0.600s] -- Installing: /home/isg/workspace/denso_ros2_ws/src/install/denso_robot_descriptions/share/denso_robot_descriptions/robots/hsr065a1_n32/meshes/J1.dae
[0.602s] -- Installing: /home/isg/workspace/denso_ros2_ws/src/install/denso_robot_descriptions/share/denso_robot_descriptions/robots/hsr065a1_n32/meshes/J4.dae
[0.602s] -- Installing: /home/isg/workspace/denso_ros2_ws/src/install/denso_robot_descriptions/share/denso_robot_descriptions/robots/hsr065a1_n32/meshes/J2.dae
[0.602s] -- Installing: /home/isg/workspace/denso_ros2_ws/src/install/denso_robot_descriptions/share/ament_index/resource_index/package_run_dependencies/denso_robot_descriptions
[0.603s] -- Installing: /home/isg/workspace/denso_ros2_ws/src/install/denso_robot_descriptions/share/ament_index/resource_index/parent_prefix_path/denso_robot_descriptions
[0.603s] -- Installing: /home/isg/workspace/denso_ros2_ws/src/install/denso_robot_descriptions/share/denso_robot_descriptions/environment/ament_prefix_path.sh
[0.603s] -- Installing: /home/isg/workspace/denso_ros2_ws/src/install/denso_robot_descriptions/share/denso_robot_descriptions/environment/ament_prefix_path.dsv
[0.603s] -- Installing: /home/isg/workspace/denso_ros2_ws/src/install/denso_robot_descriptions/share/denso_robot_descriptions/environment/path.sh
[0.603s] -- Installing: /home/isg/workspace/denso_ros2_ws/src/install/denso_robot_descriptions/share/denso_robot_descriptions/environment/path.dsv
[0.604s] -- Installing: /home/isg/workspace/denso_ros2_ws/src/install/denso_robot_descriptions/share/denso_robot_descriptions/local_setup.bash
[0.604s] -- Installing: /home/isg/workspace/denso_ros2_ws/src/install/denso_robot_descriptions/share/denso_robot_descriptions/local_setup.sh
[0.604s] -- Installing: /home/isg/workspace/denso_ros2_ws/src/install/denso_robot_descriptions/share/denso_robot_descriptions/local_setup.zsh
[0.604s] -- Installing: /home/isg/workspace/denso_ros2_ws/src/install/denso_robot_descriptions/share/denso_robot_descriptions/local_setup.dsv
[0.605s] -- Installing: /home/isg/workspace/denso_ros2_ws/src/install/denso_robot_descriptions/share/denso_robot_descriptions/package.dsv
[0.605s] -- Installing: /home/isg/workspace/denso_ros2_ws/src/install/denso_robot_descriptions/share/ament_index/resource_index/packages/denso_robot_descriptions
[0.607s] -- Installing: /home/isg/workspace/denso_ros2_ws/src/install/denso_robot_descriptions/share/denso_robot_descriptions/cmake/denso_robot_descriptionsConfig.cmake
[0.607s] -- Installing: /home/isg/workspace/denso_ros2_ws/src/install/denso_robot_descriptions/share/denso_robot_descriptions/cmake/denso_robot_descriptionsConfig-version.cmake
[0.607s] -- Installing: /home/isg/workspace/denso_ros2_ws/src/install/denso_robot_descriptions/share/denso_robot_descriptions/package.xml
[0.609s] Invoked command in '/home/isg/workspace/denso_ros2_ws/src/build/denso_robot_descriptions' returned '0': CMAKE_PREFIX_PATH=/opt/ros/humble /usr/bin/cmake --install /home/isg/workspace/denso_ros2_ws/src/build/denso_robot_descriptions
