[0.992s] Invoking command in '/home/isg/workspace/denso_ros2_ws/build/camera_publisher': PYTHONPATH=/home/isg/workspace/denso_ros2_ws/build/camera_publisher/prefix_override:/usr/lib/python3/dist-packages/colcon_core/task/python/colcon_distutils_commands:/home/isg/workspace/denso_ros2_ws/install/camera_publisher/lib/python3.10/site-packages:${PYTHONPATH} /usr/bin/python3 -W ignore:setup.py install is deprecated -W ignore:easy_install command is deprecated setup.py develop --editable --build-directory /home/isg/workspace/denso_ros2_ws/build/camera_publisher/build --no-deps symlink_data --force
[1.222s] running develop
[1.354s] running egg_info
[1.354s] writing camera_publisher.egg-info/PKG-INFO
[1.354s] writing dependency_links to camera_publisher.egg-info/dependency_links.txt
[1.354s] writing entry points to camera_publisher.egg-info/entry_points.txt
[1.354s] writing requirements to camera_publisher.egg-info/requires.txt
[1.354s] writing top-level names to camera_publisher.egg-info/top_level.txt
[1.356s] reading manifest file 'camera_publisher.egg-info/SOURCES.txt'
[1.356s] writing manifest file 'camera_publisher.egg-info/SOURCES.txt'
[1.357s] running build_ext
[1.357s] Creating /home/isg/workspace/denso_ros2_ws/install/camera_publisher/lib/python3.10/site-packages/camera-publisher.egg-link (link to .)
[1.358s] Installing camera_node script to /home/isg/workspace/denso_ros2_ws/install/camera_publisher/lib/camera_publisher
[1.358s] Installing multi_pose_capture_node script to /home/isg/workspace/denso_ros2_ws/install/camera_publisher/lib/camera_publisher
[1.358s] 
[1.358s] Installed /home/isg/workspace/denso_ros2_ws/build/camera_publisher
[1.358s] running symlink_data
[1.359s] symbolically linking /home/isg/workspace/denso_ros2_ws/build/camera_publisher/package.xml -> /home/isg/workspace/denso_ros2_ws/install/camera_publisher/share/camera_publisher
[1.359s] symbolically linking /home/isg/workspace/denso_ros2_ws/build/camera_publisher/resource/camera_publisher -> /home/isg/workspace/denso_ros2_ws/install/camera_publisher/share/camera_publisher/resource
[1.377s] Invoked command in '/home/isg/workspace/denso_ros2_ws/build/camera_publisher' returned '0': PYTHONPATH=/home/isg/workspace/denso_ros2_ws/build/camera_publisher/prefix_override:/usr/lib/python3/dist-packages/colcon_core/task/python/colcon_distutils_commands:/home/isg/workspace/denso_ros2_ws/install/camera_publisher/lib/python3.10/site-packages:${PYTHONPATH} /usr/bin/python3 -W ignore:setup.py install is deprecated -W ignore:easy_install command is deprecated setup.py develop --editable --build-directory /home/isg/workspace/denso_ros2_ws/build/camera_publisher/build --no-deps symlink_data --force
