[0.034s] Invoking command in '/home/isg/workspace/denso_ros2_ws/build/denso_robot_descriptions': CMAKE_PREFIX_PATH=${CMAKE_PREFIX_PATH}:/home/isg/workspace/denso_ros2_ws/src/install/denso_robot_description_installer:/opt/ros/humble /usr/bin/cmake /home/isg/workspace/denso_ros2_ws/src/denso_robot_drivers_ros2/denso_robot_descriptions -DAMENT_CMAKE_SYMLINK_INSTALL=1 -DCMAKE_INSTALL_PREFIX=/home/isg/workspace/denso_ros2_ws/install/denso_robot_descriptions
[0.481s] -- The C compiler identification is GNU 11.4.0
[0.481s] -- The CXX compiler identification is GNU 11.4.0
[0.481s] -- Detecting C compiler ABI info
[0.481s] -- Detecting C compiler ABI info - done
[0.481s] -- Check for working C compiler: /usr/bin/cc - skipped
[0.481s] -- Detecting C compile features
[0.481s] -- Detecting C compile features - done
[0.481s] -- Detecting CXX compiler ABI info
[0.481s] -- Detecting CXX compiler ABI info - done
[0.482s] -- Check for working CXX compiler: /usr/bin/c++ - skipped
[0.482s] -- Detecting CXX compile features
[0.482s] -- Detecting CXX compile features - done
[0.482s] -- Found ament_cmake: 1.3.12 (/opt/ros/humble/share/ament_cmake/cmake)
[0.485s] -- Found Python3: /usr/bin/python3 (found version "3.10.12") found components: Interpreter 
[0.538s] -- Override CMake install command with custom implementation using symlinks instead of copying resources
[0.679s] -- Configuring done
[0.684s] -- Generating done
[0.685s] -- Build files have been written to: /home/isg/workspace/denso_ros2_ws/build/denso_robot_descriptions
[0.690s] Invoked command in '/home/isg/workspace/denso_ros2_ws/build/denso_robot_descriptions' returned '0': CMAKE_PREFIX_PATH=${CMAKE_PREFIX_PATH}:/home/isg/workspace/denso_ros2_ws/src/install/denso_robot_description_installer:/opt/ros/humble /usr/bin/cmake /home/isg/workspace/denso_ros2_ws/src/denso_robot_drivers_ros2/denso_robot_descriptions -DAMENT_CMAKE_SYMLINK_INSTALL=1 -DCMAKE_INSTALL_PREFIX=/home/isg/workspace/denso_ros2_ws/install/denso_robot_descriptions
[0.692s] Invoking command in '/home/isg/workspace/denso_ros2_ws/build/denso_robot_descriptions': CMAKE_PREFIX_PATH=${CMAKE_PREFIX_PATH}:/home/isg/workspace/denso_ros2_ws/src/install/denso_robot_description_installer:/opt/ros/humble /usr/bin/cmake --build /home/isg/workspace/denso_ros2_ws/build/denso_robot_descriptions -- -j16 -l16
[0.748s] Invoked command in '/home/isg/workspace/denso_ros2_ws/build/denso_robot_descriptions' returned '0': CMAKE_PREFIX_PATH=${CMAKE_PREFIX_PATH}:/home/isg/workspace/denso_ros2_ws/src/install/denso_robot_description_installer:/opt/ros/humble /usr/bin/cmake --build /home/isg/workspace/denso_ros2_ws/build/denso_robot_descriptions -- -j16 -l16
[0.750s] Invoking command in '/home/isg/workspace/denso_ros2_ws/build/denso_robot_descriptions': CMAKE_PREFIX_PATH=${CMAKE_PREFIX_PATH}:/home/isg/workspace/denso_ros2_ws/src/install/denso_robot_description_installer:/opt/ros/humble /usr/bin/cmake --install /home/isg/workspace/denso_ros2_ws/build/denso_robot_descriptions
[0.758s] -- Install configuration: ""
[0.758s] -- Execute custom install script
[0.759s] -- Symlinking: /home/isg/workspace/denso_ros2_ws/install/denso_robot_descriptions/share/denso_robot_descriptions/urdf/denso_robot.urdf.xacro
[0.771s] -- Symlinking: /home/isg/workspace/denso_ros2_ws/install/denso_robot_descriptions/share/denso_robot_descriptions/robots/cobotta/meshes/J1.dae
[0.781s] -- Symlinking: /home/isg/workspace/denso_ros2_ws/install/denso_robot_descriptions/share/denso_robot_descriptions/robots/cobotta/meshes/J2.dae
[0.793s] -- Symlinking: /home/isg/workspace/denso_ros2_ws/install/denso_robot_descriptions/share/denso_robot_descriptions/robots/cobotta/meshes/J3.dae
[0.804s] -- Symlinking: /home/isg/workspace/denso_ros2_ws/install/denso_robot_descriptions/share/denso_robot_descriptions/robots/cobotta/meshes/J4.dae
[0.816s] -- Symlinking: /home/isg/workspace/denso_ros2_ws/install/denso_robot_descriptions/share/denso_robot_descriptions/robots/cobotta/meshes/J5.dae
[0.831s] -- Symlinking: /home/isg/workspace/denso_ros2_ws/install/denso_robot_descriptions/share/denso_robot_descriptions/robots/cobotta/meshes/J6.dae
[0.846s] -- Symlinking: /home/isg/workspace/denso_ros2_ws/install/denso_robot_descriptions/share/denso_robot_descriptions/robots/cobotta/meshes/base_link.dae
[0.866s] -- Symlinking: /home/isg/workspace/denso_ros2_ws/install/denso_robot_descriptions/share/denso_robot_descriptions/robots/cobotta/urdf/denso_robot.ros2_control.xacro
[0.895s] -- Symlinking: /home/isg/workspace/denso_ros2_ws/install/denso_robot_descriptions/share/denso_robot_descriptions/robots/cobotta/urdf/denso_robot_joint_limits.xacro
[0.914s] -- Symlinking: /home/isg/workspace/denso_ros2_ws/install/denso_robot_descriptions/share/denso_robot_descriptions/robots/cobotta/urdf/denso_robot_kinematics.xacro
[0.930s] -- Symlinking: /home/isg/workspace/denso_ros2_ws/install/denso_robot_descriptions/share/denso_robot_descriptions/robots/cobotta/urdf/denso_robot_macro.xacro
[0.960s] -- Symlinking: /home/isg/workspace/denso_ros2_ws/install/denso_robot_descriptions/share/denso_robot_descriptions/robots/cobotta/urdf/denso_robot_transmissions.xacro
[0.987s] -- Symlinking: /home/isg/workspace/denso_ros2_ws/install/denso_robot_descriptions/share/denso_robot_descriptions/robots/hsr065a1_n32/meshes/J1.dae
[1.013s] -- Symlinking: /home/isg/workspace/denso_ros2_ws/install/denso_robot_descriptions/share/denso_robot_descriptions/robots/hsr065a1_n32/meshes/J2.dae
[1.028s] -- Symlinking: /home/isg/workspace/denso_ros2_ws/install/denso_robot_descriptions/share/denso_robot_descriptions/robots/hsr065a1_n32/meshes/J3.dae
[1.043s] -- Symlinking: /home/isg/workspace/denso_ros2_ws/install/denso_robot_descriptions/share/denso_robot_descriptions/robots/hsr065a1_n32/meshes/J4.dae
[1.059s] -- Symlinking: /home/isg/workspace/denso_ros2_ws/install/denso_robot_descriptions/share/denso_robot_descriptions/robots/hsr065a1_n32/meshes/base_link.dae
[1.071s] -- Symlinking: /home/isg/workspace/denso_ros2_ws/install/denso_robot_descriptions/share/denso_robot_descriptions/robots/hsr065a1_n32/urdf/denso_robot.ros2_control.xacro
[1.083s] -- Symlinking: /home/isg/workspace/denso_ros2_ws/install/denso_robot_descriptions/share/denso_robot_descriptions/robots/hsr065a1_n32/urdf/denso_robot_joint_limits.xacro
[1.095s] -- Symlinking: /home/isg/workspace/denso_ros2_ws/install/denso_robot_descriptions/share/denso_robot_descriptions/robots/hsr065a1_n32/urdf/denso_robot_kinematics.xacro
[1.107s] -- Symlinking: /home/isg/workspace/denso_ros2_ws/install/denso_robot_descriptions/share/denso_robot_descriptions/robots/hsr065a1_n32/urdf/denso_robot_macro.xacro
[1.119s] -- Symlinking: /home/isg/workspace/denso_ros2_ws/install/denso_robot_descriptions/share/denso_robot_descriptions/robots/hsr065a1_n32/urdf/denso_robot_transmissions.xacro
[1.135s] -- Symlinking: /home/isg/workspace/denso_ros2_ws/install/denso_robot_descriptions/share/denso_robot_descriptions/robots/vs060/meshes/J1.dae
[1.145s] -- Symlinking: /home/isg/workspace/denso_ros2_ws/install/denso_robot_descriptions/share/denso_robot_descriptions/robots/vs060/meshes/J2.dae
[1.156s] -- Symlinking: /home/isg/workspace/denso_ros2_ws/install/denso_robot_descriptions/share/denso_robot_descriptions/robots/vs060/meshes/J3.dae
[1.167s] -- Symlinking: /home/isg/workspace/denso_ros2_ws/install/denso_robot_descriptions/share/denso_robot_descriptions/robots/vs060/meshes/J4.dae
[1.177s] -- Symlinking: /home/isg/workspace/denso_ros2_ws/install/denso_robot_descriptions/share/denso_robot_descriptions/robots/vs060/meshes/J5.dae
[1.188s] -- Symlinking: /home/isg/workspace/denso_ros2_ws/install/denso_robot_descriptions/share/denso_robot_descriptions/robots/vs060/meshes/J6.dae
[1.199s] -- Symlinking: /home/isg/workspace/denso_ros2_ws/install/denso_robot_descriptions/share/denso_robot_descriptions/robots/vs060/meshes/base_link.dae
[1.210s] -- Symlinking: /home/isg/workspace/denso_ros2_ws/install/denso_robot_descriptions/share/denso_robot_descriptions/robots/vs060/urdf/denso_robot.ros2_control.xacro
[1.221s] -- Symlinking: /home/isg/workspace/denso_ros2_ws/install/denso_robot_descriptions/share/denso_robot_descriptions/robots/vs060/urdf/denso_robot_joint_limits.xacro
[1.232s] -- Symlinking: /home/isg/workspace/denso_ros2_ws/install/denso_robot_descriptions/share/denso_robot_descriptions/robots/vs060/urdf/denso_robot_kinematics.xacro
[1.243s] -- Symlinking: /home/isg/workspace/denso_ros2_ws/install/denso_robot_descriptions/share/denso_robot_descriptions/robots/vs060/urdf/denso_robot_macro.xacro
[1.254s] -- Symlinking: /home/isg/workspace/denso_ros2_ws/install/denso_robot_descriptions/share/denso_robot_descriptions/robots/vs060/urdf/denso_robot_transmissions.xacro
[1.265s] -- Symlinking: /home/isg/workspace/denso_ros2_ws/install/denso_robot_descriptions/share/ament_index/resource_index/package_run_dependencies/denso_robot_descriptions
[1.276s] -- Symlinking: /home/isg/workspace/denso_ros2_ws/install/denso_robot_descriptions/share/ament_index/resource_index/parent_prefix_path/denso_robot_descriptions
[1.287s] -- Symlinking: /home/isg/workspace/denso_ros2_ws/install/denso_robot_descriptions/share/denso_robot_descriptions/environment/ament_prefix_path.sh
[1.298s] -- Symlinking: /home/isg/workspace/denso_ros2_ws/install/denso_robot_descriptions/share/denso_robot_descriptions/environment/ament_prefix_path.dsv
[1.310s] -- Symlinking: /home/isg/workspace/denso_ros2_ws/install/denso_robot_descriptions/share/denso_robot_descriptions/environment/path.sh
[1.322s] -- Symlinking: /home/isg/workspace/denso_ros2_ws/install/denso_robot_descriptions/share/denso_robot_descriptions/environment/path.dsv
[1.334s] -- Symlinking: /home/isg/workspace/denso_ros2_ws/install/denso_robot_descriptions/share/denso_robot_descriptions/local_setup.bash
[1.345s] -- Symlinking: /home/isg/workspace/denso_ros2_ws/install/denso_robot_descriptions/share/denso_robot_descriptions/local_setup.sh
[1.356s] -- Symlinking: /home/isg/workspace/denso_ros2_ws/install/denso_robot_descriptions/share/denso_robot_descriptions/local_setup.zsh
[1.367s] -- Symlinking: /home/isg/workspace/denso_ros2_ws/install/denso_robot_descriptions/share/denso_robot_descriptions/local_setup.dsv
[1.381s] -- Symlinking: /home/isg/workspace/denso_ros2_ws/install/denso_robot_descriptions/share/denso_robot_descriptions/package.dsv
[1.396s] -- Symlinking: /home/isg/workspace/denso_ros2_ws/install/denso_robot_descriptions/share/ament_index/resource_index/packages/denso_robot_descriptions
[1.407s] -- Symlinking: /home/isg/workspace/denso_ros2_ws/install/denso_robot_descriptions/share/denso_robot_descriptions/cmake/denso_robot_descriptionsConfig.cmake
[1.417s] -- Symlinking: /home/isg/workspace/denso_ros2_ws/install/denso_robot_descriptions/share/denso_robot_descriptions/cmake/denso_robot_descriptionsConfig-version.cmake
[1.429s] -- Symlinking: /home/isg/workspace/denso_ros2_ws/install/denso_robot_descriptions/share/denso_robot_descriptions/package.xml
[1.478s] Invoked command in '/home/isg/workspace/denso_ros2_ws/build/denso_robot_descriptions' returned '0': CMAKE_PREFIX_PATH=${CMAKE_PREFIX_PATH}:/home/isg/workspace/denso_ros2_ws/src/install/denso_robot_description_installer:/opt/ros/humble /usr/bin/cmake --install /home/isg/workspace/denso_ros2_ws/build/denso_robot_descriptions
