/home/isg/camera_publisher/install/camera_publisher/lib/python3.10/site-packages/camera_publisher/__init__.py
/home/isg/camera_publisher/install/camera_publisher/lib/python3.10/site-packages/camera_publisher/camera_node.py
/home/isg/camera_publisher/install/camera_publisher/lib/python3.10/site-packages/camera_publisher/pybcapclient/bcapclient.py
/home/isg/camera_publisher/install/camera_publisher/lib/python3.10/site-packages/camera_publisher/pybcapclient/variant.py
/home/isg/camera_publisher/install/camera_publisher/lib/python3.10/site-packages/camera_publisher/pybcapclient/__init__.py
/home/isg/camera_publisher/install/camera_publisher/lib/python3.10/site-packages/camera_publisher/pybcapclient/orinexception.py
/home/isg/camera_publisher/install/camera_publisher/lib/python3.10/site-packages/camera_publisher/__pycache__/__init__.cpython-310.pyc
/home/isg/camera_publisher/install/camera_publisher/lib/python3.10/site-packages/camera_publisher/__pycache__/camera_node.cpython-310.pyc
/home/isg/camera_publisher/install/camera_publisher/lib/python3.10/site-packages/camera_publisher/pybcapclient/__pycache__/bcapclient.cpython-310.pyc
/home/isg/camera_publisher/install/camera_publisher/lib/python3.10/site-packages/camera_publisher/pybcapclient/__pycache__/variant.cpython-310.pyc
/home/isg/camera_publisher/install/camera_publisher/lib/python3.10/site-packages/camera_publisher/pybcapclient/__pycache__/__init__.cpython-310.pyc
/home/isg/camera_publisher/install/camera_publisher/lib/python3.10/site-packages/camera_publisher/pybcapclient/__pycache__/orinexception.cpython-310.pyc
/home/isg/camera_publisher/install/camera_publisher/lib/python3.10/site-packages/camera_publisher-0.0.0-py3.10.egg-info/SOURCES.txt
/home/isg/camera_publisher/install/camera_publisher/lib/python3.10/site-packages/camera_publisher-0.0.0-py3.10.egg-info/PKG-INFO
/home/isg/camera_publisher/install/camera_publisher/lib/python3.10/site-packages/camera_publisher-0.0.0-py3.10.egg-info/entry_points.txt
/home/isg/camera_publisher/install/camera_publisher/lib/python3.10/site-packages/camera_publisher-0.0.0-py3.10.egg-info/requires.txt
/home/isg/camera_publisher/install/camera_publisher/lib/python3.10/site-packages/camera_publisher-0.0.0-py3.10.egg-info/zip-safe
/home/isg/camera_publisher/install/camera_publisher/lib/python3.10/site-packages/camera_publisher-0.0.0-py3.10.egg-info/top_level.txt
/home/isg/camera_publisher/install/camera_publisher/lib/python3.10/site-packages/camera_publisher-0.0.0-py3.10.egg-info/dependency_links.txt
/home/isg/camera_publisher/install/camera_publisher/lib/camera_publisher/camera_node
