[  1%] Built target denso_robot_core_interfaces__cpp
[ 12%] Built target denso_robot_core_interfaces__rosidl_generator_c
[ 12%] Built target ament_cmake_python_symlink_denso_robot_core_interfaces
[ 24%] Built target denso_robot_core_interfaces__rosidl_typesupport_introspection_c
[ 35%] Built target denso_robot_core_interfaces__rosidl_typesupport_cpp
[ 60%] Built target denso_robot_core_interfaces__rosidl_typesupport_fastrtps_cpp
[ 70%] Built target denso_robot_core_interfaces__rosidl_typesupport_fastrtps_c
[ 70%] Built target denso_robot_core_interfaces__rosidl_typesupport_introspection_cpp
[ 82%] Built target denso_robot_core_interfaces__rosidl_typesupport_c
[ 82%] Built target denso_robot_core_interfaces
[ 83%] Built target denso_robot_core_interfaces__py
[ 93%] Built target denso_robot_core_interfaces__rosidl_generator_py
[ 95%] Built target denso_robot_core_interfaces__rosidl_typesupport_c__pyext
[ 97%] Built target denso_robot_core_interfaces__rosidl_typesupport_introspection_c__pyext
[100%] Built target denso_robot_core_interfaces__rosidl_typesupport_fastrtps_c__pyext
running egg_info
writing denso_robot_core_interfaces.egg-info/PKG-INFO
writing dependency_links to denso_robot_core_interfaces.egg-info/dependency_links.txt
writing top-level names to denso_robot_core_interfaces.egg-info/top_level.txt
reading manifest file 'denso_robot_core_interfaces.egg-info/SOURCES.txt'
writing manifest file 'denso_robot_core_interfaces.egg-info/SOURCES.txt'
[100%] Built target ament_cmake_python_build_denso_robot_core_interfaces_egg
-- Install configuration: ""
-- Execute custom install script
-- Up-to-date symlink: /home/isg/workspace/denso_ros2_ws/install/denso_robot_core_interfaces/share/ament_index/resource_index/rosidl_interfaces/denso_robot_core_interfaces
-- Up-to-date symlink: /home/isg/workspace/denso_ros2_ws/install/denso_robot_core_interfaces/include/denso_robot_core_interfaces/denso_robot_core_interfaces/action/detail/drive_string__functions.h
-- Up-to-date symlink: /home/isg/workspace/denso_ros2_ws/install/denso_robot_core_interfaces/include/denso_robot_core_interfaces/denso_robot_core_interfaces/action/detail/drive_string__struct.h
-- Up-to-date symlink: /home/isg/workspace/denso_ros2_ws/install/denso_robot_core_interfaces/include/denso_robot_core_interfaces/denso_robot_core_interfaces/action/detail/drive_string__type_support.h
-- Up-to-date symlink: /home/isg/workspace/denso_ros2_ws/install/denso_robot_core_interfaces/include/denso_robot_core_interfaces/denso_robot_core_interfaces/action/detail/drive_value__functions.h
-- Up-to-date symlink: /home/isg/workspace/denso_ros2_ws/install/denso_robot_core_interfaces/include/denso_robot_core_interfaces/denso_robot_core_interfaces/action/detail/drive_value__struct.h
-- Up-to-date symlink: /home/isg/workspace/denso_ros2_ws/install/denso_robot_core_interfaces/include/denso_robot_core_interfaces/denso_robot_core_interfaces/action/detail/drive_value__type_support.h
-- Up-to-date symlink: /home/isg/workspace/denso_ros2_ws/install/denso_robot_core_interfaces/include/denso_robot_core_interfaces/denso_robot_core_interfaces/action/detail/move_string__functions.h
-- Up-to-date symlink: /home/isg/workspace/denso_ros2_ws/install/denso_robot_core_interfaces/include/denso_robot_core_interfaces/denso_robot_core_interfaces/action/detail/move_string__struct.h
-- Up-to-date symlink: /home/isg/workspace/denso_ros2_ws/install/denso_robot_core_interfaces/include/denso_robot_core_interfaces/denso_robot_core_interfaces/action/detail/move_string__type_support.h
-- Up-to-date symlink: /home/isg/workspace/denso_ros2_ws/install/denso_robot_core_interfaces/include/denso_robot_core_interfaces/denso_robot_core_interfaces/action/detail/move_value__functions.h
-- Up-to-date symlink: /home/isg/workspace/denso_ros2_ws/install/denso_robot_core_interfaces/include/denso_robot_core_interfaces/denso_robot_core_interfaces/action/detail/move_value__struct.h
-- Up-to-date symlink: /home/isg/workspace/denso_ros2_ws/install/denso_robot_core_interfaces/include/denso_robot_core_interfaces/denso_robot_core_interfaces/action/detail/move_value__type_support.h
-- Up-to-date symlink: /home/isg/workspace/denso_ros2_ws/install/denso_robot_core_interfaces/include/denso_robot_core_interfaces/denso_robot_core_interfaces/action/drive_string.h
-- Up-to-date symlink: /home/isg/workspace/denso_ros2_ws/install/denso_robot_core_interfaces/include/denso_robot_core_interfaces/denso_robot_core_interfaces/action/drive_value.h
-- Up-to-date symlink: /home/isg/workspace/denso_ros2_ws/install/denso_robot_core_interfaces/include/denso_robot_core_interfaces/denso_robot_core_interfaces/action/move_string.h
-- Up-to-date symlink: /home/isg/workspace/denso_ros2_ws/install/denso_robot_core_interfaces/include/denso_robot_core_interfaces/denso_robot_core_interfaces/action/move_value.h
-- Up-to-date symlink: /home/isg/workspace/denso_ros2_ws/install/denso_robot_core_interfaces/include/denso_robot_core_interfaces/denso_robot_core_interfaces/msg/detail/ex_joints__functions.h
-- Up-to-date symlink: /home/isg/workspace/denso_ros2_ws/install/denso_robot_core_interfaces/include/denso_robot_core_interfaces/denso_robot_core_interfaces/msg/detail/ex_joints__struct.h
-- Up-to-date symlink: /home/isg/workspace/denso_ros2_ws/install/denso_robot_core_interfaces/include/denso_robot_core_interfaces/denso_robot_core_interfaces/msg/detail/ex_joints__type_support.h
-- Up-to-date symlink: /home/isg/workspace/denso_ros2_ws/install/denso_robot_core_interfaces/include/denso_robot_core_interfaces/denso_robot_core_interfaces/msg/detail/joints__functions.h
-- Up-to-date symlink: /home/isg/workspace/denso_ros2_ws/install/denso_robot_core_interfaces/include/denso_robot_core_interfaces/denso_robot_core_interfaces/msg/detail/joints__struct.h
-- Up-to-date symlink: /home/isg/workspace/denso_ros2_ws/install/denso_robot_core_interfaces/include/denso_robot_core_interfaces/denso_robot_core_interfaces/msg/detail/joints__type_support.h
-- Up-to-date symlink: /home/isg/workspace/denso_ros2_ws/install/denso_robot_core_interfaces/include/denso_robot_core_interfaces/denso_robot_core_interfaces/msg/detail/pose_data__functions.h
-- Up-to-date symlink: /home/isg/workspace/denso_ros2_ws/install/denso_robot_core_interfaces/include/denso_robot_core_interfaces/denso_robot_core_interfaces/msg/detail/pose_data__struct.h
-- Up-to-date symlink: /home/isg/workspace/denso_ros2_ws/install/denso_robot_core_interfaces/include/denso_robot_core_interfaces/denso_robot_core_interfaces/msg/detail/pose_data__type_support.h
-- Up-to-date symlink: /home/isg/workspace/denso_ros2_ws/install/denso_robot_core_interfaces/include/denso_robot_core_interfaces/denso_robot_core_interfaces/msg/detail/user_io__functions.h
-- Up-to-date symlink: /home/isg/workspace/denso_ros2_ws/install/denso_robot_core_interfaces/include/denso_robot_core_interfaces/denso_robot_core_interfaces/msg/detail/user_io__struct.h
-- Up-to-date symlink: /home/isg/workspace/denso_ros2_ws/install/denso_robot_core_interfaces/include/denso_robot_core_interfaces/denso_robot_core_interfaces/msg/detail/user_io__type_support.h
-- Up-to-date symlink: /home/isg/workspace/denso_ros2_ws/install/denso_robot_core_interfaces/include/denso_robot_core_interfaces/denso_robot_core_interfaces/msg/ex_joints.h
-- Up-to-date symlink: /home/isg/workspace/denso_ros2_ws/install/denso_robot_core_interfaces/include/denso_robot_core_interfaces/denso_robot_core_interfaces/msg/joints.h
-- Up-to-date symlink: /home/isg/workspace/denso_ros2_ws/install/denso_robot_core_interfaces/include/denso_robot_core_interfaces/denso_robot_core_interfaces/msg/pose_data.h
-- Up-to-date symlink: /home/isg/workspace/denso_ros2_ws/install/denso_robot_core_interfaces/include/denso_robot_core_interfaces/denso_robot_core_interfaces/msg/rosidl_generator_c__visibility_control.h
-- Up-to-date symlink: /home/isg/workspace/denso_ros2_ws/install/denso_robot_core_interfaces/include/denso_robot_core_interfaces/denso_robot_core_interfaces/msg/user_io.h
-- Up-to-date symlink: /home/isg/workspace/denso_ros2_ws/install/denso_robot_core_interfaces/include/denso_robot_core_interfaces/denso_robot_core_interfaces/srv/change_mode.h
-- Up-to-date symlink: /home/isg/workspace/denso_ros2_ws/install/denso_robot_core_interfaces/include/denso_robot_core_interfaces/denso_robot_core_interfaces/srv/detail/change_mode__functions.h
-- Up-to-date symlink: /home/isg/workspace/denso_ros2_ws/install/denso_robot_core_interfaces/include/denso_robot_core_interfaces/denso_robot_core_interfaces/srv/detail/change_mode__struct.h
-- Up-to-date symlink: /home/isg/workspace/denso_ros2_ws/install/denso_robot_core_interfaces/include/denso_robot_core_interfaces/denso_robot_core_interfaces/srv/detail/change_mode__type_support.h
-- Up-to-date symlink: /home/isg/workspace/denso_ros2_ws/install/denso_robot_core_interfaces/share/denso_robot_core_interfaces/environment/library_path.sh
-- Up-to-date symlink: /home/isg/workspace/denso_ros2_ws/install/denso_robot_core_interfaces/share/denso_robot_core_interfaces/environment/library_path.dsv
-- Up-to-date symlink: /home/isg/workspace/denso_ros2_ws/install/denso_robot_core_interfaces/include/denso_robot_core_interfaces/denso_robot_core_interfaces/action/detail/drive_string__rosidl_typesupport_fastrtps_c.h
-- Up-to-date symlink: /home/isg/workspace/denso_ros2_ws/install/denso_robot_core_interfaces/include/denso_robot_core_interfaces/denso_robot_core_interfaces/action/detail/drive_value__rosidl_typesupport_fastrtps_c.h
-- Up-to-date symlink: /home/isg/workspace/denso_ros2_ws/install/denso_robot_core_interfaces/include/denso_robot_core_interfaces/denso_robot_core_interfaces/action/detail/move_string__rosidl_typesupport_fastrtps_c.h
-- Up-to-date symlink: /home/isg/workspace/denso_ros2_ws/install/denso_robot_core_interfaces/include/denso_robot_core_interfaces/denso_robot_core_interfaces/action/detail/move_value__rosidl_typesupport_fastrtps_c.h
-- Up-to-date symlink: /home/isg/workspace/denso_ros2_ws/install/denso_robot_core_interfaces/include/denso_robot_core_interfaces/denso_robot_core_interfaces/msg/detail/ex_joints__rosidl_typesupport_fastrtps_c.h
-- Up-to-date symlink: /home/isg/workspace/denso_ros2_ws/install/denso_robot_core_interfaces/include/denso_robot_core_interfaces/denso_robot_core_interfaces/msg/detail/joints__rosidl_typesupport_fastrtps_c.h
-- Up-to-date symlink: /home/isg/workspace/denso_ros2_ws/install/denso_robot_core_interfaces/include/denso_robot_core_interfaces/denso_robot_core_interfaces/msg/detail/pose_data__rosidl_typesupport_fastrtps_c.h
-- Up-to-date symlink: /home/isg/workspace/denso_ros2_ws/install/denso_robot_core_interfaces/include/denso_robot_core_interfaces/denso_robot_core_interfaces/msg/detail/user_io__rosidl_typesupport_fastrtps_c.h
-- Up-to-date symlink: /home/isg/workspace/denso_ros2_ws/install/denso_robot_core_interfaces/include/denso_robot_core_interfaces/denso_robot_core_interfaces/msg/rosidl_typesupport_fastrtps_c__visibility_control.h
-- Up-to-date symlink: /home/isg/workspace/denso_ros2_ws/install/denso_robot_core_interfaces/include/denso_robot_core_interfaces/denso_robot_core_interfaces/srv/detail/change_mode__rosidl_typesupport_fastrtps_c.h
-- Up-to-date symlink: /home/isg/workspace/denso_ros2_ws/install/denso_robot_core_interfaces/include/denso_robot_core_interfaces/denso_robot_core_interfaces/action/detail/drive_string__rosidl_typesupport_introspection_c.h
-- Up-to-date symlink: /home/isg/workspace/denso_ros2_ws/install/denso_robot_core_interfaces/include/denso_robot_core_interfaces/denso_robot_core_interfaces/action/detail/drive_value__rosidl_typesupport_introspection_c.h
-- Up-to-date symlink: /home/isg/workspace/denso_ros2_ws/install/denso_robot_core_interfaces/include/denso_robot_core_interfaces/denso_robot_core_interfaces/action/detail/move_string__rosidl_typesupport_introspection_c.h
-- Up-to-date symlink: /home/isg/workspace/denso_ros2_ws/install/denso_robot_core_interfaces/include/denso_robot_core_interfaces/denso_robot_core_interfaces/action/detail/move_value__rosidl_typesupport_introspection_c.h
-- Up-to-date symlink: /home/isg/workspace/denso_ros2_ws/install/denso_robot_core_interfaces/include/denso_robot_core_interfaces/denso_robot_core_interfaces/msg/detail/ex_joints__rosidl_typesupport_introspection_c.h
-- Up-to-date symlink: /home/isg/workspace/denso_ros2_ws/install/denso_robot_core_interfaces/include/denso_robot_core_interfaces/denso_robot_core_interfaces/msg/detail/joints__rosidl_typesupport_introspection_c.h
-- Up-to-date symlink: /home/isg/workspace/denso_ros2_ws/install/denso_robot_core_interfaces/include/denso_robot_core_interfaces/denso_robot_core_interfaces/msg/detail/pose_data__rosidl_typesupport_introspection_c.h
-- Up-to-date symlink: /home/isg/workspace/denso_ros2_ws/install/denso_robot_core_interfaces/include/denso_robot_core_interfaces/denso_robot_core_interfaces/msg/detail/user_io__rosidl_typesupport_introspection_c.h
-- Up-to-date symlink: /home/isg/workspace/denso_ros2_ws/install/denso_robot_core_interfaces/include/denso_robot_core_interfaces/denso_robot_core_interfaces/msg/rosidl_typesupport_introspection_c__visibility_control.h
-- Up-to-date symlink: /home/isg/workspace/denso_ros2_ws/install/denso_robot_core_interfaces/include/denso_robot_core_interfaces/denso_robot_core_interfaces/srv/detail/change_mode__rosidl_typesupport_introspection_c.h
-- Up-to-date symlink: /home/isg/workspace/denso_ros2_ws/install/denso_robot_core_interfaces/include/denso_robot_core_interfaces/denso_robot_core_interfaces/action/detail/drive_string__builder.hpp
-- Up-to-date symlink: /home/isg/workspace/denso_ros2_ws/install/denso_robot_core_interfaces/include/denso_robot_core_interfaces/denso_robot_core_interfaces/action/detail/drive_string__struct.hpp
-- Up-to-date symlink: /home/isg/workspace/denso_ros2_ws/install/denso_robot_core_interfaces/include/denso_robot_core_interfaces/denso_robot_core_interfaces/action/detail/drive_string__traits.hpp
-- Up-to-date symlink: /home/isg/workspace/denso_ros2_ws/install/denso_robot_core_interfaces/include/denso_robot_core_interfaces/denso_robot_core_interfaces/action/detail/drive_string__type_support.hpp
-- Up-to-date symlink: /home/isg/workspace/denso_ros2_ws/install/denso_robot_core_interfaces/include/denso_robot_core_interfaces/denso_robot_core_interfaces/action/detail/drive_value__builder.hpp
-- Up-to-date symlink: /home/isg/workspace/denso_ros2_ws/install/denso_robot_core_interfaces/include/denso_robot_core_interfaces/denso_robot_core_interfaces/action/detail/drive_value__struct.hpp
-- Up-to-date symlink: /home/isg/workspace/denso_ros2_ws/install/denso_robot_core_interfaces/include/denso_robot_core_interfaces/denso_robot_core_interfaces/action/detail/drive_value__traits.hpp
-- Up-to-date symlink: /home/isg/workspace/denso_ros2_ws/install/denso_robot_core_interfaces/include/denso_robot_core_interfaces/denso_robot_core_interfaces/action/detail/drive_value__type_support.hpp
-- Up-to-date symlink: /home/isg/workspace/denso_ros2_ws/install/denso_robot_core_interfaces/include/denso_robot_core_interfaces/denso_robot_core_interfaces/action/detail/move_string__builder.hpp
-- Up-to-date symlink: /home/isg/workspace/denso_ros2_ws/install/denso_robot_core_interfaces/include/denso_robot_core_interfaces/denso_robot_core_interfaces/action/detail/move_string__struct.hpp
-- Up-to-date symlink: /home/isg/workspace/denso_ros2_ws/install/denso_robot_core_interfaces/include/denso_robot_core_interfaces/denso_robot_core_interfaces/action/detail/move_string__traits.hpp
-- Up-to-date symlink: /home/isg/workspace/denso_ros2_ws/install/denso_robot_core_interfaces/include/denso_robot_core_interfaces/denso_robot_core_interfaces/action/detail/move_string__type_support.hpp
-- Up-to-date symlink: /home/isg/workspace/denso_ros2_ws/install/denso_robot_core_interfaces/include/denso_robot_core_interfaces/denso_robot_core_interfaces/action/detail/move_value__builder.hpp
-- Up-to-date symlink: /home/isg/workspace/denso_ros2_ws/install/denso_robot_core_interfaces/include/denso_robot_core_interfaces/denso_robot_core_interfaces/action/detail/move_value__struct.hpp
-- Up-to-date symlink: /home/isg/workspace/denso_ros2_ws/install/denso_robot_core_interfaces/include/denso_robot_core_interfaces/denso_robot_core_interfaces/action/detail/move_value__traits.hpp
-- Up-to-date symlink: /home/isg/workspace/denso_ros2_ws/install/denso_robot_core_interfaces/include/denso_robot_core_interfaces/denso_robot_core_interfaces/action/detail/move_value__type_support.hpp
-- Up-to-date symlink: /home/isg/workspace/denso_ros2_ws/install/denso_robot_core_interfaces/include/denso_robot_core_interfaces/denso_robot_core_interfaces/action/drive_string.hpp
-- Up-to-date symlink: /home/isg/workspace/denso_ros2_ws/install/denso_robot_core_interfaces/include/denso_robot_core_interfaces/denso_robot_core_interfaces/action/drive_value.hpp
-- Up-to-date symlink: /home/isg/workspace/denso_ros2_ws/install/denso_robot_core_interfaces/include/denso_robot_core_interfaces/denso_robot_core_interfaces/action/move_string.hpp
-- Up-to-date symlink: /home/isg/workspace/denso_ros2_ws/install/denso_robot_core_interfaces/include/denso_robot_core_interfaces/denso_robot_core_interfaces/action/move_value.hpp
-- Up-to-date symlink: /home/isg/workspace/denso_ros2_ws/install/denso_robot_core_interfaces/include/denso_robot_core_interfaces/denso_robot_core_interfaces/msg/detail/ex_joints__builder.hpp
-- Up-to-date symlink: /home/isg/workspace/denso_ros2_ws/install/denso_robot_core_interfaces/include/denso_robot_core_interfaces/denso_robot_core_interfaces/msg/detail/ex_joints__struct.hpp
-- Up-to-date symlink: /home/isg/workspace/denso_ros2_ws/install/denso_robot_core_interfaces/include/denso_robot_core_interfaces/denso_robot_core_interfaces/msg/detail/ex_joints__traits.hpp
-- Up-to-date symlink: /home/isg/workspace/denso_ros2_ws/install/denso_robot_core_interfaces/include/denso_robot_core_interfaces/denso_robot_core_interfaces/msg/detail/ex_joints__type_support.hpp
-- Up-to-date symlink: /home/isg/workspace/denso_ros2_ws/install/denso_robot_core_interfaces/include/denso_robot_core_interfaces/denso_robot_core_interfaces/msg/detail/joints__builder.hpp
-- Up-to-date symlink: /home/isg/workspace/denso_ros2_ws/install/denso_robot_core_interfaces/include/denso_robot_core_interfaces/denso_robot_core_interfaces/msg/detail/joints__struct.hpp
-- Up-to-date symlink: /home/isg/workspace/denso_ros2_ws/install/denso_robot_core_interfaces/include/denso_robot_core_interfaces/denso_robot_core_interfaces/msg/detail/joints__traits.hpp
-- Up-to-date symlink: /home/isg/workspace/denso_ros2_ws/install/denso_robot_core_interfaces/include/denso_robot_core_interfaces/denso_robot_core_interfaces/msg/detail/joints__type_support.hpp
-- Up-to-date symlink: /home/isg/workspace/denso_ros2_ws/install/denso_robot_core_interfaces/include/denso_robot_core_interfaces/denso_robot_core_interfaces/msg/detail/pose_data__builder.hpp
-- Up-to-date symlink: /home/isg/workspace/denso_ros2_ws/install/denso_robot_core_interfaces/include/denso_robot_core_interfaces/denso_robot_core_interfaces/msg/detail/pose_data__struct.hpp
-- Up-to-date symlink: /home/isg/workspace/denso_ros2_ws/install/denso_robot_core_interfaces/include/denso_robot_core_interfaces/denso_robot_core_interfaces/msg/detail/pose_data__traits.hpp
-- Up-to-date symlink: /home/isg/workspace/denso_ros2_ws/install/denso_robot_core_interfaces/include/denso_robot_core_interfaces/denso_robot_core_interfaces/msg/detail/pose_data__type_support.hpp
-- Up-to-date symlink: /home/isg/workspace/denso_ros2_ws/install/denso_robot_core_interfaces/include/denso_robot_core_interfaces/denso_robot_core_interfaces/msg/detail/user_io__builder.hpp
-- Up-to-date symlink: /home/isg/workspace/denso_ros2_ws/install/denso_robot_core_interfaces/include/denso_robot_core_interfaces/denso_robot_core_interfaces/msg/detail/user_io__struct.hpp
-- Up-to-date symlink: /home/isg/workspace/denso_ros2_ws/install/denso_robot_core_interfaces/include/denso_robot_core_interfaces/denso_robot_core_interfaces/msg/detail/user_io__traits.hpp
-- Up-to-date symlink: /home/isg/workspace/denso_ros2_ws/install/denso_robot_core_interfaces/include/denso_robot_core_interfaces/denso_robot_core_interfaces/msg/detail/user_io__type_support.hpp
-- Up-to-date symlink: /home/isg/workspace/denso_ros2_ws/install/denso_robot_core_interfaces/include/denso_robot_core_interfaces/denso_robot_core_interfaces/msg/ex_joints.hpp
-- Up-to-date symlink: /home/isg/workspace/denso_ros2_ws/install/denso_robot_core_interfaces/include/denso_robot_core_interfaces/denso_robot_core_interfaces/msg/joints.hpp
-- Up-to-date symlink: /home/isg/workspace/denso_ros2_ws/install/denso_robot_core_interfaces/include/denso_robot_core_interfaces/denso_robot_core_interfaces/msg/pose_data.hpp
-- Up-to-date symlink: /home/isg/workspace/denso_ros2_ws/install/denso_robot_core_interfaces/include/denso_robot_core_interfaces/denso_robot_core_interfaces/msg/rosidl_generator_cpp__visibility_control.hpp
-- Up-to-date symlink: /home/isg/workspace/denso_ros2_ws/install/denso_robot_core_interfaces/include/denso_robot_core_interfaces/denso_robot_core_interfaces/msg/user_io.hpp
-- Up-to-date symlink: /home/isg/workspace/denso_ros2_ws/install/denso_robot_core_interfaces/include/denso_robot_core_interfaces/denso_robot_core_interfaces/srv/change_mode.hpp
-- Up-to-date symlink: /home/isg/workspace/denso_ros2_ws/install/denso_robot_core_interfaces/include/denso_robot_core_interfaces/denso_robot_core_interfaces/srv/detail/change_mode__builder.hpp
-- Up-to-date symlink: /home/isg/workspace/denso_ros2_ws/install/denso_robot_core_interfaces/include/denso_robot_core_interfaces/denso_robot_core_interfaces/srv/detail/change_mode__struct.hpp
-- Up-to-date symlink: /home/isg/workspace/denso_ros2_ws/install/denso_robot_core_interfaces/include/denso_robot_core_interfaces/denso_robot_core_interfaces/srv/detail/change_mode__traits.hpp
-- Up-to-date symlink: /home/isg/workspace/denso_ros2_ws/install/denso_robot_core_interfaces/include/denso_robot_core_interfaces/denso_robot_core_interfaces/srv/detail/change_mode__type_support.hpp
-- Up-to-date symlink: /home/isg/workspace/denso_ros2_ws/install/denso_robot_core_interfaces/include/denso_robot_core_interfaces/denso_robot_core_interfaces/action/detail/drive_string__rosidl_typesupport_fastrtps_cpp.hpp
-- Up-to-date symlink: /home/isg/workspace/denso_ros2_ws/install/denso_robot_core_interfaces/include/denso_robot_core_interfaces/denso_robot_core_interfaces/action/detail/drive_value__rosidl_typesupport_fastrtps_cpp.hpp
-- Up-to-date symlink: /home/isg/workspace/denso_ros2_ws/install/denso_robot_core_interfaces/include/denso_robot_core_interfaces/denso_robot_core_interfaces/action/detail/move_string__rosidl_typesupport_fastrtps_cpp.hpp
-- Up-to-date symlink: /home/isg/workspace/denso_ros2_ws/install/denso_robot_core_interfaces/include/denso_robot_core_interfaces/denso_robot_core_interfaces/action/detail/move_value__rosidl_typesupport_fastrtps_cpp.hpp
-- Up-to-date symlink: /home/isg/workspace/denso_ros2_ws/install/denso_robot_core_interfaces/include/denso_robot_core_interfaces/denso_robot_core_interfaces/msg/detail/ex_joints__rosidl_typesupport_fastrtps_cpp.hpp
-- Up-to-date symlink: /home/isg/workspace/denso_ros2_ws/install/denso_robot_core_interfaces/include/denso_robot_core_interfaces/denso_robot_core_interfaces/msg/detail/joints__rosidl_typesupport_fastrtps_cpp.hpp
-- Up-to-date symlink: /home/isg/workspace/denso_ros2_ws/install/denso_robot_core_interfaces/include/denso_robot_core_interfaces/denso_robot_core_interfaces/msg/detail/pose_data__rosidl_typesupport_fastrtps_cpp.hpp
-- Up-to-date symlink: /home/isg/workspace/denso_ros2_ws/install/denso_robot_core_interfaces/include/denso_robot_core_interfaces/denso_robot_core_interfaces/msg/detail/user_io__rosidl_typesupport_fastrtps_cpp.hpp
-- Up-to-date symlink: /home/isg/workspace/denso_ros2_ws/install/denso_robot_core_interfaces/include/denso_robot_core_interfaces/denso_robot_core_interfaces/msg/rosidl_typesupport_fastrtps_cpp__visibility_control.h
-- Up-to-date symlink: /home/isg/workspace/denso_ros2_ws/install/denso_robot_core_interfaces/include/denso_robot_core_interfaces/denso_robot_core_interfaces/srv/detail/change_mode__rosidl_typesupport_fastrtps_cpp.hpp
-- Up-to-date symlink: /home/isg/workspace/denso_ros2_ws/install/denso_robot_core_interfaces/include/denso_robot_core_interfaces/denso_robot_core_interfaces/action/detail/drive_string__rosidl_typesupport_introspection_cpp.hpp
-- Up-to-date symlink: /home/isg/workspace/denso_ros2_ws/install/denso_robot_core_interfaces/include/denso_robot_core_interfaces/denso_robot_core_interfaces/action/detail/drive_value__rosidl_typesupport_introspection_cpp.hpp
-- Up-to-date symlink: /home/isg/workspace/denso_ros2_ws/install/denso_robot_core_interfaces/include/denso_robot_core_interfaces/denso_robot_core_interfaces/action/detail/move_string__rosidl_typesupport_introspection_cpp.hpp
-- Up-to-date symlink: /home/isg/workspace/denso_ros2_ws/install/denso_robot_core_interfaces/include/denso_robot_core_interfaces/denso_robot_core_interfaces/action/detail/move_value__rosidl_typesupport_introspection_cpp.hpp
-- Up-to-date symlink: /home/isg/workspace/denso_ros2_ws/install/denso_robot_core_interfaces/include/denso_robot_core_interfaces/denso_robot_core_interfaces/msg/detail/ex_joints__rosidl_typesupport_introspection_cpp.hpp
-- Up-to-date symlink: /home/isg/workspace/denso_ros2_ws/install/denso_robot_core_interfaces/include/denso_robot_core_interfaces/denso_robot_core_interfaces/msg/detail/joints__rosidl_typesupport_introspection_cpp.hpp
-- Up-to-date symlink: /home/isg/workspace/denso_ros2_ws/install/denso_robot_core_interfaces/include/denso_robot_core_interfaces/denso_robot_core_interfaces/msg/detail/pose_data__rosidl_typesupport_introspection_cpp.hpp
-- Up-to-date symlink: /home/isg/workspace/denso_ros2_ws/install/denso_robot_core_interfaces/include/denso_robot_core_interfaces/denso_robot_core_interfaces/msg/detail/user_io__rosidl_typesupport_introspection_cpp.hpp
-- Up-to-date symlink: /home/isg/workspace/denso_ros2_ws/install/denso_robot_core_interfaces/include/denso_robot_core_interfaces/denso_robot_core_interfaces/srv/detail/change_mode__rosidl_typesupport_introspection_cpp.hpp
-- Up-to-date symlink: /home/isg/workspace/denso_ros2_ws/install/denso_robot_core_interfaces/share/denso_robot_core_interfaces/environment/pythonpath.sh
-- Up-to-date symlink: /home/isg/workspace/denso_ros2_ws/install/denso_robot_core_interfaces/share/denso_robot_core_interfaces/environment/pythonpath.dsv
-- Up-to-date symlink: /home/isg/workspace/denso_ros2_ws/install/denso_robot_core_interfaces/local/lib/python3.10/dist-packages/denso_robot_core_interfaces-1.2.0-py3.10.egg-info/PKG-INFO
-- Up-to-date symlink: /home/isg/workspace/denso_ros2_ws/install/denso_robot_core_interfaces/local/lib/python3.10/dist-packages/denso_robot_core_interfaces-1.2.0-py3.10.egg-info/SOURCES.txt
-- Up-to-date symlink: /home/isg/workspace/denso_ros2_ws/install/denso_robot_core_interfaces/local/lib/python3.10/dist-packages/denso_robot_core_interfaces-1.2.0-py3.10.egg-info/dependency_links.txt
-- Up-to-date symlink: /home/isg/workspace/denso_ros2_ws/install/denso_robot_core_interfaces/local/lib/python3.10/dist-packages/denso_robot_core_interfaces-1.2.0-py3.10.egg-info/top_level.txt
-- Up-to-date symlink: /home/isg/workspace/denso_ros2_ws/install/denso_robot_core_interfaces/local/lib/python3.10/dist-packages/denso_robot_core_interfaces/__init__.py
-- Up-to-date symlink: /home/isg/workspace/denso_ros2_ws/install/denso_robot_core_interfaces/local/lib/python3.10/dist-packages/denso_robot_core_interfaces/_denso_robot_core_interfaces_s.ep.rosidl_typesupport_c.c
-- Up-to-date symlink: /home/isg/workspace/denso_ros2_ws/install/denso_robot_core_interfaces/local/lib/python3.10/dist-packages/denso_robot_core_interfaces/_denso_robot_core_interfaces_s.ep.rosidl_typesupport_fastrtps_c.c
-- Up-to-date symlink: /home/isg/workspace/denso_ros2_ws/install/denso_robot_core_interfaces/local/lib/python3.10/dist-packages/denso_robot_core_interfaces/_denso_robot_core_interfaces_s.ep.rosidl_typesupport_introspection_c.c
-- Up-to-date symlink: /home/isg/workspace/denso_ros2_ws/install/denso_robot_core_interfaces/local/lib/python3.10/dist-packages/denso_robot_core_interfaces/action/__init__.py
-- Up-to-date symlink: /home/isg/workspace/denso_ros2_ws/install/denso_robot_core_interfaces/local/lib/python3.10/dist-packages/denso_robot_core_interfaces/action/_drive_string.py
-- Up-to-date symlink: /home/isg/workspace/denso_ros2_ws/install/denso_robot_core_interfaces/local/lib/python3.10/dist-packages/denso_robot_core_interfaces/action/_drive_string_s.c
-- Up-to-date symlink: /home/isg/workspace/denso_ros2_ws/install/denso_robot_core_interfaces/local/lib/python3.10/dist-packages/denso_robot_core_interfaces/action/_drive_value.py
-- Up-to-date symlink: /home/isg/workspace/denso_ros2_ws/install/denso_robot_core_interfaces/local/lib/python3.10/dist-packages/denso_robot_core_interfaces/action/_drive_value_s.c
-- Up-to-date symlink: /home/isg/workspace/denso_ros2_ws/install/denso_robot_core_interfaces/local/lib/python3.10/dist-packages/denso_robot_core_interfaces/action/_move_string.py
-- Up-to-date symlink: /home/isg/workspace/denso_ros2_ws/install/denso_robot_core_interfaces/local/lib/python3.10/dist-packages/denso_robot_core_interfaces/action/_move_string_s.c
-- Up-to-date symlink: /home/isg/workspace/denso_ros2_ws/install/denso_robot_core_interfaces/local/lib/python3.10/dist-packages/denso_robot_core_interfaces/action/_move_value.py
-- Up-to-date symlink: /home/isg/workspace/denso_ros2_ws/install/denso_robot_core_interfaces/local/lib/python3.10/dist-packages/denso_robot_core_interfaces/action/_move_value_s.c
-- Up-to-date symlink: /home/isg/workspace/denso_ros2_ws/install/denso_robot_core_interfaces/local/lib/python3.10/dist-packages/denso_robot_core_interfaces/denso_robot_core_interfaces_s__rosidl_typesupport_c.cpython-310-x86_64-linux-gnu.so
-- Up-to-date symlink: /home/isg/workspace/denso_ros2_ws/install/denso_robot_core_interfaces/local/lib/python3.10/dist-packages/denso_robot_core_interfaces/denso_robot_core_interfaces_s__rosidl_typesupport_fastrtps_c.cpython-310-x86_64-linux-gnu.so
-- Up-to-date symlink: /home/isg/workspace/denso_ros2_ws/install/denso_robot_core_interfaces/local/lib/python3.10/dist-packages/denso_robot_core_interfaces/denso_robot_core_interfaces_s__rosidl_typesupport_introspection_c.cpython-310-x86_64-linux-gnu.so
-- Up-to-date symlink: /home/isg/workspace/denso_ros2_ws/install/denso_robot_core_interfaces/local/lib/python3.10/dist-packages/denso_robot_core_interfaces/libdenso_robot_core_interfaces__rosidl_generator_py.so
-- Up-to-date symlink: /home/isg/workspace/denso_ros2_ws/install/denso_robot_core_interfaces/local/lib/python3.10/dist-packages/denso_robot_core_interfaces/msg/__init__.py
-- Up-to-date symlink: /home/isg/workspace/denso_ros2_ws/install/denso_robot_core_interfaces/local/lib/python3.10/dist-packages/denso_robot_core_interfaces/msg/_ex_joints.py
-- Up-to-date symlink: /home/isg/workspace/denso_ros2_ws/install/denso_robot_core_interfaces/local/lib/python3.10/dist-packages/denso_robot_core_interfaces/msg/_ex_joints_s.c
-- Up-to-date symlink: /home/isg/workspace/denso_ros2_ws/install/denso_robot_core_interfaces/local/lib/python3.10/dist-packages/denso_robot_core_interfaces/msg/_joints.py
-- Up-to-date symlink: /home/isg/workspace/denso_ros2_ws/install/denso_robot_core_interfaces/local/lib/python3.10/dist-packages/denso_robot_core_interfaces/msg/_joints_s.c
-- Up-to-date symlink: /home/isg/workspace/denso_ros2_ws/install/denso_robot_core_interfaces/local/lib/python3.10/dist-packages/denso_robot_core_interfaces/msg/_pose_data.py
-- Up-to-date symlink: /home/isg/workspace/denso_ros2_ws/install/denso_robot_core_interfaces/local/lib/python3.10/dist-packages/denso_robot_core_interfaces/msg/_pose_data_s.c
-- Up-to-date symlink: /home/isg/workspace/denso_ros2_ws/install/denso_robot_core_interfaces/local/lib/python3.10/dist-packages/denso_robot_core_interfaces/msg/_user_io.py
-- Up-to-date symlink: /home/isg/workspace/denso_ros2_ws/install/denso_robot_core_interfaces/local/lib/python3.10/dist-packages/denso_robot_core_interfaces/msg/_user_io_s.c
-- Up-to-date symlink: /home/isg/workspace/denso_ros2_ws/install/denso_robot_core_interfaces/local/lib/python3.10/dist-packages/denso_robot_core_interfaces/srv/__init__.py
-- Up-to-date symlink: /home/isg/workspace/denso_ros2_ws/install/denso_robot_core_interfaces/local/lib/python3.10/dist-packages/denso_robot_core_interfaces/srv/_change_mode.py
-- Up-to-date symlink: /home/isg/workspace/denso_ros2_ws/install/denso_robot_core_interfaces/local/lib/python3.10/dist-packages/denso_robot_core_interfaces/srv/_change_mode_s.c
-- Up-to-date symlink: /home/isg/workspace/denso_ros2_ws/install/denso_robot_core_interfaces/local/lib/python3.10/dist-packages/denso_robot_core_interfaces/denso_robot_core_interfaces_s__rosidl_typesupport_fastrtps_c.cpython-310-x86_64-linux-gnu.so
-- Up-to-date symlink: /home/isg/workspace/denso_ros2_ws/install/denso_robot_core_interfaces/local/lib/python3.10/dist-packages/denso_robot_core_interfaces/denso_robot_core_interfaces_s__rosidl_typesupport_introspection_c.cpython-310-x86_64-linux-gnu.so
-- Up-to-date symlink: /home/isg/workspace/denso_ros2_ws/install/denso_robot_core_interfaces/local/lib/python3.10/dist-packages/denso_robot_core_interfaces/denso_robot_core_interfaces_s__rosidl_typesupport_c.cpython-310-x86_64-linux-gnu.so
-- Up-to-date symlink: /home/isg/workspace/denso_ros2_ws/install/denso_robot_core_interfaces/share/denso_robot_core_interfaces/action/DriveString.idl
-- Up-to-date symlink: /home/isg/workspace/denso_ros2_ws/install/denso_robot_core_interfaces/share/denso_robot_core_interfaces/action/DriveValue.idl
-- Up-to-date symlink: /home/isg/workspace/denso_ros2_ws/install/denso_robot_core_interfaces/share/denso_robot_core_interfaces/action/MoveString.idl
-- Up-to-date symlink: /home/isg/workspace/denso_ros2_ws/install/denso_robot_core_interfaces/share/denso_robot_core_interfaces/action/MoveValue.idl
-- Up-to-date symlink: /home/isg/workspace/denso_ros2_ws/install/denso_robot_core_interfaces/share/denso_robot_core_interfaces/msg/ExJoints.idl
-- Up-to-date symlink: /home/isg/workspace/denso_ros2_ws/install/denso_robot_core_interfaces/share/denso_robot_core_interfaces/msg/Joints.idl
-- Up-to-date symlink: /home/isg/workspace/denso_ros2_ws/install/denso_robot_core_interfaces/share/denso_robot_core_interfaces/msg/PoseData.idl
-- Up-to-date symlink: /home/isg/workspace/denso_ros2_ws/install/denso_robot_core_interfaces/share/denso_robot_core_interfaces/srv/ChangeMode.idl
-- Up-to-date symlink: /home/isg/workspace/denso_ros2_ws/install/denso_robot_core_interfaces/share/denso_robot_core_interfaces/msg/UserIO.idl
-- Up-to-date symlink: /home/isg/workspace/denso_ros2_ws/install/denso_robot_core_interfaces/share/denso_robot_core_interfaces/action/DriveString.action
-- Up-to-date symlink: /home/isg/workspace/denso_ros2_ws/install/denso_robot_core_interfaces/share/denso_robot_core_interfaces/action/DriveValue.action
-- Up-to-date symlink: /home/isg/workspace/denso_ros2_ws/install/denso_robot_core_interfaces/share/denso_robot_core_interfaces/action/MoveString.action
-- Up-to-date symlink: /home/isg/workspace/denso_ros2_ws/install/denso_robot_core_interfaces/share/denso_robot_core_interfaces/action/MoveValue.action
-- Up-to-date symlink: /home/isg/workspace/denso_ros2_ws/install/denso_robot_core_interfaces/share/denso_robot_core_interfaces/msg/ExJoints.msg
-- Up-to-date symlink: /home/isg/workspace/denso_ros2_ws/install/denso_robot_core_interfaces/share/denso_robot_core_interfaces/msg/Joints.msg
-- Up-to-date symlink: /home/isg/workspace/denso_ros2_ws/install/denso_robot_core_interfaces/share/denso_robot_core_interfaces/msg/PoseData.msg
-- Up-to-date symlink: /home/isg/workspace/denso_ros2_ws/install/denso_robot_core_interfaces/share/denso_robot_core_interfaces/srv/ChangeMode.srv
-- Up-to-date symlink: /home/isg/workspace/denso_ros2_ws/install/denso_robot_core_interfaces/share/denso_robot_core_interfaces/srv/ChangeMode_Request.msg
-- Up-to-date symlink: /home/isg/workspace/denso_ros2_ws/install/denso_robot_core_interfaces/share/denso_robot_core_interfaces/srv/ChangeMode_Response.msg
-- Up-to-date symlink: /home/isg/workspace/denso_ros2_ws/install/denso_robot_core_interfaces/share/denso_robot_core_interfaces/msg/UserIO.msg
-- Up-to-date symlink: /home/isg/workspace/denso_ros2_ws/install/denso_robot_core_interfaces/share/ament_index/resource_index/package_run_dependencies/denso_robot_core_interfaces
-- Up-to-date symlink: /home/isg/workspace/denso_ros2_ws/install/denso_robot_core_interfaces/share/ament_index/resource_index/parent_prefix_path/denso_robot_core_interfaces
-- Up-to-date symlink: /home/isg/workspace/denso_ros2_ws/install/denso_robot_core_interfaces/share/denso_robot_core_interfaces/environment/ament_prefix_path.sh
-- Up-to-date symlink: /home/isg/workspace/denso_ros2_ws/install/denso_robot_core_interfaces/share/denso_robot_core_interfaces/environment/ament_prefix_path.dsv
-- Up-to-date symlink: /home/isg/workspace/denso_ros2_ws/install/denso_robot_core_interfaces/share/denso_robot_core_interfaces/environment/path.sh
-- Up-to-date symlink: /home/isg/workspace/denso_ros2_ws/install/denso_robot_core_interfaces/share/denso_robot_core_interfaces/environment/path.dsv
-- Up-to-date symlink: /home/isg/workspace/denso_ros2_ws/install/denso_robot_core_interfaces/share/denso_robot_core_interfaces/local_setup.bash
-- Up-to-date symlink: /home/isg/workspace/denso_ros2_ws/install/denso_robot_core_interfaces/share/denso_robot_core_interfaces/local_setup.sh
-- Up-to-date symlink: /home/isg/workspace/denso_ros2_ws/install/denso_robot_core_interfaces/share/denso_robot_core_interfaces/local_setup.zsh
-- Up-to-date symlink: /home/isg/workspace/denso_ros2_ws/install/denso_robot_core_interfaces/share/denso_robot_core_interfaces/local_setup.dsv
-- Symlinking: /home/isg/workspace/denso_ros2_ws/install/denso_robot_core_interfaces/share/denso_robot_core_interfaces/package.dsv
-- Up-to-date symlink: /home/isg/workspace/denso_ros2_ws/install/denso_robot_core_interfaces/share/ament_index/resource_index/packages/denso_robot_core_interfaces
-- Up-to-date symlink: /home/isg/workspace/denso_ros2_ws/install/denso_robot_core_interfaces/share/denso_robot_core_interfaces/cmake/rosidl_cmake-extras.cmake
-- Up-to-date symlink: /home/isg/workspace/denso_ros2_ws/install/denso_robot_core_interfaces/share/denso_robot_core_interfaces/cmake/ament_cmake_export_dependencies-extras.cmake
-- Up-to-date symlink: /home/isg/workspace/denso_ros2_ws/install/denso_robot_core_interfaces/share/denso_robot_core_interfaces/cmake/ament_cmake_export_include_directories-extras.cmake
-- Up-to-date symlink: /home/isg/workspace/denso_ros2_ws/install/denso_robot_core_interfaces/share/denso_robot_core_interfaces/cmake/ament_cmake_export_libraries-extras.cmake
-- Up-to-date symlink: /home/isg/workspace/denso_ros2_ws/install/denso_robot_core_interfaces/share/denso_robot_core_interfaces/cmake/ament_cmake_export_targets-extras.cmake
-- Up-to-date symlink: /home/isg/workspace/denso_ros2_ws/install/denso_robot_core_interfaces/share/denso_robot_core_interfaces/cmake/rosidl_cmake_export_typesupport_targets-extras.cmake
-- Up-to-date symlink: /home/isg/workspace/denso_ros2_ws/install/denso_robot_core_interfaces/share/denso_robot_core_interfaces/cmake/rosidl_cmake_export_typesupport_libraries-extras.cmake
-- Up-to-date symlink: /home/isg/workspace/denso_ros2_ws/install/denso_robot_core_interfaces/share/denso_robot_core_interfaces/cmake/denso_robot_core_interfacesConfig.cmake
-- Up-to-date symlink: /home/isg/workspace/denso_ros2_ws/install/denso_robot_core_interfaces/share/denso_robot_core_interfaces/cmake/denso_robot_core_interfacesConfig-version.cmake
-- Up-to-date symlink: /home/isg/workspace/denso_ros2_ws/install/denso_robot_core_interfaces/share/denso_robot_core_interfaces/package.xml
-- Up-to-date: /home/isg/workspace/denso_ros2_ws/install/denso_robot_core_interfaces/lib/libdenso_robot_core_interfaces__rosidl_generator_c.so
-- Up-to-date: /home/isg/workspace/denso_ros2_ws/install/denso_robot_core_interfaces/lib/libdenso_robot_core_interfaces__rosidl_typesupport_fastrtps_c.so
-- Up-to-date: /home/isg/workspace/denso_ros2_ws/install/denso_robot_core_interfaces/lib/libdenso_robot_core_interfaces__rosidl_typesupport_introspection_c.so
-- Up-to-date: /home/isg/workspace/denso_ros2_ws/install/denso_robot_core_interfaces/lib/libdenso_robot_core_interfaces__rosidl_typesupport_c.so
-- Up-to-date: /home/isg/workspace/denso_ros2_ws/install/denso_robot_core_interfaces/lib/libdenso_robot_core_interfaces__rosidl_typesupport_fastrtps_cpp.so
-- Up-to-date: /home/isg/workspace/denso_ros2_ws/install/denso_robot_core_interfaces/lib/libdenso_robot_core_interfaces__rosidl_typesupport_introspection_cpp.so
-- Up-to-date: /home/isg/workspace/denso_ros2_ws/install/denso_robot_core_interfaces/lib/libdenso_robot_core_interfaces__rosidl_typesupport_cpp.so
Listing '/home/isg/workspace/denso_ros2_ws/install/denso_robot_core_interfaces/local/lib/python3.10/dist-packages/denso_robot_core_interfaces'...
Listing '/home/isg/workspace/denso_ros2_ws/install/denso_robot_core_interfaces/local/lib/python3.10/dist-packages/denso_robot_core_interfaces/action'...
Listing '/home/isg/workspace/denso_ros2_ws/install/denso_robot_core_interfaces/local/lib/python3.10/dist-packages/denso_robot_core_interfaces/msg'...
Listing '/home/isg/workspace/denso_ros2_ws/install/denso_robot_core_interfaces/local/lib/python3.10/dist-packages/denso_robot_core_interfaces/srv'...
-- Up-to-date: /home/isg/workspace/denso_ros2_ws/install/denso_robot_core_interfaces/lib/libdenso_robot_core_interfaces__rosidl_generator_py.so
-- Up-to-date: /home/isg/workspace/denso_ros2_ws/install/denso_robot_core_interfaces/share/denso_robot_core_interfaces/cmake/export_denso_robot_core_interfaces__rosidl_generator_cExport.cmake
-- Up-to-date: /home/isg/workspace/denso_ros2_ws/install/denso_robot_core_interfaces/share/denso_robot_core_interfaces/cmake/export_denso_robot_core_interfaces__rosidl_generator_cExport-noconfig.cmake
-- Up-to-date: /home/isg/workspace/denso_ros2_ws/install/denso_robot_core_interfaces/share/denso_robot_core_interfaces/cmake/export_denso_robot_core_interfaces__rosidl_typesupport_fastrtps_cExport.cmake
-- Up-to-date: /home/isg/workspace/denso_ros2_ws/install/denso_robot_core_interfaces/share/denso_robot_core_interfaces/cmake/export_denso_robot_core_interfaces__rosidl_typesupport_fastrtps_cExport-noconfig.cmake
-- Up-to-date: /home/isg/workspace/denso_ros2_ws/install/denso_robot_core_interfaces/share/denso_robot_core_interfaces/cmake/denso_robot_core_interfaces__rosidl_typesupport_introspection_cExport.cmake
-- Up-to-date: /home/isg/workspace/denso_ros2_ws/install/denso_robot_core_interfaces/share/denso_robot_core_interfaces/cmake/denso_robot_core_interfaces__rosidl_typesupport_introspection_cExport-noconfig.cmake
-- Up-to-date: /home/isg/workspace/denso_ros2_ws/install/denso_robot_core_interfaces/share/denso_robot_core_interfaces/cmake/denso_robot_core_interfaces__rosidl_typesupport_cExport.cmake
-- Up-to-date: /home/isg/workspace/denso_ros2_ws/install/denso_robot_core_interfaces/share/denso_robot_core_interfaces/cmake/denso_robot_core_interfaces__rosidl_typesupport_cExport-noconfig.cmake
-- Up-to-date: /home/isg/workspace/denso_ros2_ws/install/denso_robot_core_interfaces/share/denso_robot_core_interfaces/cmake/export_denso_robot_core_interfaces__rosidl_generator_cppExport.cmake
-- Up-to-date: /home/isg/workspace/denso_ros2_ws/install/denso_robot_core_interfaces/share/denso_robot_core_interfaces/cmake/export_denso_robot_core_interfaces__rosidl_typesupport_fastrtps_cppExport.cmake
-- Up-to-date: /home/isg/workspace/denso_ros2_ws/install/denso_robot_core_interfaces/share/denso_robot_core_interfaces/cmake/export_denso_robot_core_interfaces__rosidl_typesupport_fastrtps_cppExport-noconfig.cmake
-- Up-to-date: /home/isg/workspace/denso_ros2_ws/install/denso_robot_core_interfaces/share/denso_robot_core_interfaces/cmake/denso_robot_core_interfaces__rosidl_typesupport_introspection_cppExport.cmake
-- Up-to-date: /home/isg/workspace/denso_ros2_ws/install/denso_robot_core_interfaces/share/denso_robot_core_interfaces/cmake/denso_robot_core_interfaces__rosidl_typesupport_introspection_cppExport-noconfig.cmake
-- Up-to-date: /home/isg/workspace/denso_ros2_ws/install/denso_robot_core_interfaces/share/denso_robot_core_interfaces/cmake/denso_robot_core_interfaces__rosidl_typesupport_cppExport.cmake
-- Up-to-date: /home/isg/workspace/denso_ros2_ws/install/denso_robot_core_interfaces/share/denso_robot_core_interfaces/cmake/denso_robot_core_interfaces__rosidl_typesupport_cppExport-noconfig.cmake
-- Up-to-date: /home/isg/workspace/denso_ros2_ws/install/denso_robot_core_interfaces/share/denso_robot_core_interfaces/cmake/export_denso_robot_core_interfaces__rosidl_generator_pyExport.cmake
-- Up-to-date: /home/isg/workspace/denso_ros2_ws/install/denso_robot_core_interfaces/share/denso_robot_core_interfaces/cmake/export_denso_robot_core_interfaces__rosidl_generator_pyExport-noconfig.cmake
