[0.019s] Invoking command in '/home/isg/workspace/denso_ros2_ws/src/build/gazebo_ros2_control': CMAKE_PREFIX_PATH=/opt/ros/humble /usr/bin/cmake /home/isg/workspace/denso_ros2_ws/src/gazebo_ros2_control/gazebo_ros2_control -DCMAKE_BUILD_TYPE=Release -DCMAKE_INSTALL_PREFIX=/home/isg/workspace/denso_ros2_ws/src/install/gazebo_ros2_control
[0.222s] -- The C compiler identification is GNU 11.4.0
[0.222s] -- The CXX compiler identification is GNU 11.4.0
[0.222s] -- Detecting C compiler ABI info
[0.222s] -- Detecting C compiler ABI info - done
[0.222s] -- Check for working C compiler: /usr/bin/cc - skipped
[0.222s] -- Detecting C compile features
[0.222s] -- Detecting C compile features - done
[0.223s] -- Detecting CXX compiler ABI info
[0.297s] -- Detecting CXX compiler ABI info - done
[0.303s] -- Check for working CXX compiler: /usr/bin/c++ - skipped
[0.303s] -- Detecting CXX compile features
[0.304s] -- Detecting CXX compile features - done
[0.306s] -- Found ament_cmake: 1.3.12 (/opt/ros/humble/share/ament_cmake/cmake)
[0.427s] -- Found Python3: /usr/bin/python3 (found version "3.10.12") found components: Interpreter 
[0.502s] -- Found angles: 1.15.0 (/opt/ros/humble/share/angles/cmake)
[0.505s] -- Found controller_manager: 2.51.0 (/opt/ros/humble/share/controller_manager/cmake)
[0.550s] -- Found rosidl_generator_c: 3.1.7 (/opt/ros/humble/share/rosidl_generator_c/cmake)
[0.554s] -- Found rosidl_adapter: 3.1.7 (/opt/ros/humble/share/rosidl_adapter/cmake)
[0.562s] -- Found rosidl_generator_cpp: 3.1.7 (/opt/ros/humble/share/rosidl_generator_cpp/cmake)
[0.573s] -- Using all available rosidl_typesupport_c: rosidl_typesupport_fastrtps_c;rosidl_typesupport_introspection_c
[0.589s] -- Using all available rosidl_typesupport_cpp: rosidl_typesupport_fastrtps_cpp;rosidl_typesupport_introspection_cpp
[0.869s] -- Found rmw_implementation_cmake: 6.1.2 (/opt/ros/humble/share/rmw_implementation_cmake/cmake)
[0.870s] -- Found rmw_fastrtps_cpp: 6.2.8 (/opt/ros/humble/share/rmw_fastrtps_cpp/cmake)
[0.906s] -- Found TinyXML2 via Config file: TinyXML2_DIR-NOTFOUND
[1.041s] -- Found OpenSSL: /usr/lib/x86_64-linux-gnu/libcrypto.so (found version "3.0.2")  
[1.045s] -- Found TinyXML2 via Config file: TinyXML2_DIR-NOTFOUND
[1.074s] -- Found FastRTPS: /opt/ros/humble/include  
[1.078s] -- Found TinyXML2 via Config file: TinyXML2_DIR-NOTFOUND
[1.091s] -- Found TinyXML2 via Config file: TinyXML2_DIR-NOTFOUND
[1.108s] -- Using RMW implementation 'rmw_fastrtps_cpp' as default
[1.119s] -- Looking for pthread.h
[1.215s] -- Looking for pthread.h - found
[1.216s] -- Performing Test CMAKE_HAVE_LIBC_PTHREAD
[1.311s] -- Performing Test CMAKE_HAVE_LIBC_PTHREAD - Success
[1.312s] -- Found Threads: TRUE  
[1.428s] -- Found control_toolbox: 3.6.1 (/opt/ros/humble/share/control_toolbox/cmake)
[1.483s] -- Found gazebo_dev: 3.9.0 (/opt/ros/humble/share/gazebo_dev/cmake)
[1.492s] -- Found PkgConfig: /usr/bin/pkg-config (found version "0.29.2") 
[1.493s] -- Checking for module 'bullet>=2.82'
[1.514s] --   Found bullet, version 3.05
[1.659s] -- Found fcl: /usr/include (found suitable version "0.7.0", minimum required is "0.5.0") 
[1.734s] -- Found assimp: /usr/include (found version "5.2.0") 
[1.749s] -- Found DART: /usr/include (Required is at least version "6.6") found components: dart 
[1.786s] -- Found Boost: /usr/lib/x86_64-linux-gnu/cmake/Boost-1.74.0/BoostConfig.cmake (found suitable version "1.74.0", minimum required is "1.40.0") found components: thread system filesystem program_options regex iostreams date_time 
[1.803s] -- Found Protobuf: /usr/lib/x86_64-linux-gnu/libprotobuf.so (found version "3.12.4") 
[1.809s] -- Looking for ignition-math6 -- found version 6.15.1
[1.816s] -- Searching for dependencies of ignition-math6
[1.816s] -- Looking for OGRE...
[1.817s] -- OGRE_PREFIX_WATCH changed.
[1.822s] -- Checking for module 'OGRE'
[1.838s] --   Found OGRE, version 1.9.0
[1.884s] -- Found Ogre Ghadamon (1.9.0)
[1.892s] -- Found OGRE: optimized;/usr/lib/x86_64-linux-gnu/libOgreMain.so;debug;/usr/lib/x86_64-linux-gnu/libOgreMain.so
[1.902s] -- Looking for OGRE_Paging...
[1.910s] -- Found OGRE_Paging: optimized;/usr/lib/x86_64-linux-gnu/libOgrePaging.so;debug;/usr/lib/x86_64-linux-gnu/libOgrePaging.so
[1.910s] -- Looking for OGRE_Terrain...
[1.915s] -- Found OGRE_Terrain: optimized;/usr/lib/x86_64-linux-gnu/libOgreTerrain.so;debug;/usr/lib/x86_64-linux-gnu/libOgreTerrain.so
[1.915s] -- Looking for OGRE_Property...
[1.921s] -- Found OGRE_Property: optimized;/usr/lib/x86_64-linux-gnu/libOgreProperty.so;debug;/usr/lib/x86_64-linux-gnu/libOgreProperty.so
[1.922s] -- Looking for OGRE_RTShaderSystem...
[1.928s] -- Found OGRE_RTShaderSystem: optimized;/usr/lib/x86_64-linux-gnu/libOgreRTShaderSystem.so;debug;/usr/lib/x86_64-linux-gnu/libOgreRTShaderSystem.so
[1.928s] -- Looking for OGRE_Volume...
[1.934s] -- Found OGRE_Volume: optimized;/usr/lib/x86_64-linux-gnu/libOgreVolume.so;debug;/usr/lib/x86_64-linux-gnu/libOgreVolume.so
[1.934s] -- Looking for OGRE_Overlay...
[1.940s] -- Found OGRE_Overlay: optimized;/usr/lib/x86_64-linux-gnu/libOgreOverlay.so;debug;/usr/lib/x86_64-linux-gnu/libOgreOverlay.so
[2.105s] -- Looking for ignition-math6 -- found version 6.15.1
[2.110s] -- Looking for ignition-transport8 -- found version 8.2.1
[2.110s] -- Searching for dependencies of ignition-transport8
[2.134s] -- Found Protobuf: /usr/lib/x86_64-linux-gnu/libprotobuf.so (found suitable version "3.12.4", minimum required is "3") 
[2.149s] -- Config-file not installed for ZeroMQ -- checking for pkg-config
[2.156s] -- Checking for module 'libzmq >= 4'
[2.180s] --   Found libzmq , version 4.3.4
[2.241s] -- Found ZeroMQ: TRUE (Required is at least version "4") 
[2.248s] -- Checking for module 'uuid'
[2.267s] --   Found uuid, version 2.37.2
[2.327s] -- Found UUID: TRUE  
[2.330s] -- Looking for ignition-msgs5 -- found version 5.8.1
[2.330s] -- Searching for dependencies of ignition-msgs5
[2.355s] -- Looking for ignition-math6 -- found version 6.15.1
[2.362s] -- Checking for module 'tinyxml2'
[2.384s] --   Found tinyxml2, version 9.0.0
[2.437s] -- Looking for ignition-msgs5 -- found version 5.8.1
[2.440s] -- Looking for ignition-common3 -- found version 3.14.0
[2.441s] -- Searching for dependencies of ignition-common3
[2.441s] -- Looking for dlfcn.h - found
[2.443s] -- Looking for libdl - found
[2.444s] -- Found DL: TRUE  
[2.461s] -- Found tinyobjloader: /usr/lib/x86_64-linux-gnu/cmake/tinyobjloader/tinyobjloader-config.cmake (found version "2.0.0") 
[2.462s] -- Searching for <ignition-common3> component [graphics]
[2.464s] -- Looking for ignition-common3-graphics -- found version 3.14.0
[2.466s] -- Searching for dependencies of ignition-common3-graphics
[2.466s] -- Looking for ignition-math6 -- found version 6.15.1
[2.469s] -- Looking for ignition-fuel_tools4 -- found version 4.4.0
[2.470s] -- Searching for dependencies of ignition-fuel_tools4
[2.605s] -- Found CURL: /usr/lib/x86_64-linux-gnu/libcurl.so (found version "7.81.0")  
[2.615s] -- Checking for module 'jsoncpp'
[2.645s] --   Found jsoncpp, version 1.9.5
[2.707s] -- Found JSONCPP: TRUE  
[2.716s] -- Checking for module 'libzip'
[2.741s] --   Found libzip, version 1.7.3
[2.811s] -- Found ZIP: TRUE  
[2.811s] -- Looking for ignition-common3 -- found version 3.14.0
[2.811s] -- Looking for ignition-math6 -- found version 6.15.1
[2.811s] -- Looking for ignition-msgs5 -- found version 5.8.1
[2.813s] -- Gazebo version: 11.10
[2.814s] -- Checking for module 'tbb'
[2.859s] --   Found tbb, version 2021.5.0
[2.970s] -- Found gazebo_ros: 3.9.0 (/opt/ros/humble/share/gazebo_ros/cmake)
[2.983s] -- Found yaml_cpp_vendor: 8.0.2 (/opt/ros/humble/share/yaml_cpp_vendor/cmake)
[3.071s] -- Found ament_cmake_gtest: 1.3.12 (/opt/ros/humble/share/ament_cmake_gtest/cmake)
[3.078s] -- Found ament_lint_auto: 0.12.14 (/opt/ros/humble/share/ament_lint_auto/cmake)
[3.241s] -- Added test 'copyright' to check source files copyright and LICENSE
[3.243s] -- Added test 'cppcheck' to perform static code analysis on C / C++ code
[3.247s] -- Configured cppcheck include dirs: /home/isg/workspace/denso_ros2_ws/src/gazebo_ros2_control/gazebo_ros2_control/include
[3.247s] -- Configured cppcheck exclude dirs and/or files: 
[3.249s] -- Added test 'cpplint' to check C / C++ code against the Google style
[3.258s] -- Configured cpplint exclude dirs and/or files: 
[3.258s] -- Added test 'lint_cmake' to check CMake code style
[3.258s] -- Added test 'uncrustify' to check C / C++ code style
[3.258s] -- Configured uncrustify additional arguments: 
[3.258s] -- Added test 'xmllint' to check XML markup files
[3.259s] -- Configuring done
[3.355s] -- Generating done
[3.370s] -- Build files have been written to: /home/isg/workspace/denso_ros2_ws/src/build/gazebo_ros2_control
[3.417s] Invoked command in '/home/isg/workspace/denso_ros2_ws/src/build/gazebo_ros2_control' returned '0': CMAKE_PREFIX_PATH=/opt/ros/humble /usr/bin/cmake /home/isg/workspace/denso_ros2_ws/src/gazebo_ros2_control/gazebo_ros2_control -DCMAKE_BUILD_TYPE=Release -DCMAKE_INSTALL_PREFIX=/home/isg/workspace/denso_ros2_ws/src/install/gazebo_ros2_control
[3.417s] Invoking command in '/home/isg/workspace/denso_ros2_ws/src/build/gazebo_ros2_control': CMAKE_PREFIX_PATH=/opt/ros/humble /usr/bin/cmake --build /home/isg/workspace/denso_ros2_ws/src/build/gazebo_ros2_control -- -j16 -l16
[4.007s] [ 25%] [32mBuilding CXX object CMakeFiles/gazebo_ros2_control.dir/src/gazebo_ros2_control_plugin.cpp.o[0m
[4.008s] [ 50%] [32mBuilding CXX object CMakeFiles/gazebo_hardware_plugins.dir/src/gazebo_system.cpp.o[0m
[20.257s] [01m[K/home/isg/workspace/denso_ros2_ws/src/gazebo_ros2_control/gazebo_ros2_control/src/gazebo_system.cpp:[m[K In member function ‘[01m[Kbool gazebo_ros2_control::GazeboSystem::extractPIDFromParameters(const string&, const string&, control_toolbox::Pid&)[m[K’:
[20.257s] [01m[K/home/isg/workspace/denso_ros2_ws/src/gazebo_ros2_control/gazebo_ros2_control/src/gazebo_system.cpp:317:62:[m[K [01;35m[Kwarning: [m[K‘[01m[Kantiwindup[m[K’ may be used uninitialized in this function [[01;35m[K]8;;https://gcc.gnu.org/onlinedocs/gcc/Warning-Options.html#index-Wmaybe-uninitialized-Wmaybe-uninitialized]8;;[m[K]
[20.257s]   317 |                       << "antiwindup =" << std::boolalpha << [01;35m[Kantiwindup[m[K << " from node parameters");
[20.257s]       |                                                              [01;35m[K^~~~~~~~~~[m[K
[22.907s] [ 75%] [32m[1mLinking CXX shared library libgazebo_hardware_plugins.so[0m
[23.185s] [ 75%] Built target gazebo_hardware_plugins
[24.851s] [100%] [32m[1mLinking CXX shared library libgazebo_ros2_control.so[0m
[25.302s] [100%] Built target gazebo_ros2_control
[25.319s] Invoked command in '/home/isg/workspace/denso_ros2_ws/src/build/gazebo_ros2_control' returned '0': CMAKE_PREFIX_PATH=/opt/ros/humble /usr/bin/cmake --build /home/isg/workspace/denso_ros2_ws/src/build/gazebo_ros2_control -- -j16 -l16
[25.322s] Invoking command in '/home/isg/workspace/denso_ros2_ws/src/build/gazebo_ros2_control': CMAKE_PREFIX_PATH=/opt/ros/humble /usr/bin/cmake --install /home/isg/workspace/denso_ros2_ws/src/build/gazebo_ros2_control
[25.332s] -- Install configuration: "Release"
[25.332s] -- Installing: /home/isg/workspace/denso_ros2_ws/src/install/gazebo_ros2_control/lib/libgazebo_ros2_control.so
[25.333s] -- Set runtime path of "/home/isg/workspace/denso_ros2_ws/src/install/gazebo_ros2_control/lib/libgazebo_ros2_control.so" to ""
[25.333s] -- Installing: /home/isg/workspace/denso_ros2_ws/src/install/gazebo_ros2_control/lib/libgazebo_hardware_plugins.so
[25.335s] -- Set runtime path of "/home/isg/workspace/denso_ros2_ws/src/install/gazebo_ros2_control/lib/libgazebo_hardware_plugins.so" to ""
[25.336s] -- Installing: /home/isg/workspace/denso_ros2_ws/src/install/gazebo_ros2_control/share/gazebo_ros2_control/environment/library_path.sh
[25.336s] -- Installing: /home/isg/workspace/denso_ros2_ws/src/install/gazebo_ros2_control/share/gazebo_ros2_control/environment/library_path.dsv
[25.336s] -- Installing: /home/isg/workspace/denso_ros2_ws/src/install/gazebo_ros2_control/include/gazebo_ros2_control
[25.336s] -- Installing: /home/isg/workspace/denso_ros2_ws/src/install/gazebo_ros2_control/include/gazebo_ros2_control/gazebo_system.hpp
[25.336s] -- Installing: /home/isg/workspace/denso_ros2_ws/src/install/gazebo_ros2_control/include/gazebo_ros2_control/gazebo_ros2_control_plugin.hpp
[25.337s] -- Installing: /home/isg/workspace/denso_ros2_ws/src/install/gazebo_ros2_control/include/gazebo_ros2_control/gazebo_system_interface.hpp
[25.337s] -- Installing: /home/isg/workspace/denso_ros2_ws/src/install/gazebo_ros2_control/share/gazebo_ros2_control/gazebo_hardware_plugins.xml
[25.337s] -- Installing: /home/isg/workspace/denso_ros2_ws/src/install/gazebo_ros2_control/share/ament_index/resource_index/package_run_dependencies/gazebo_ros2_control
[25.337s] -- Installing: /home/isg/workspace/denso_ros2_ws/src/install/gazebo_ros2_control/share/ament_index/resource_index/parent_prefix_path/gazebo_ros2_control
[25.338s] -- Installing: /home/isg/workspace/denso_ros2_ws/src/install/gazebo_ros2_control/share/gazebo_ros2_control/environment/ament_prefix_path.sh
[25.338s] -- Installing: /home/isg/workspace/denso_ros2_ws/src/install/gazebo_ros2_control/share/gazebo_ros2_control/environment/ament_prefix_path.dsv
[25.338s] -- Installing: /home/isg/workspace/denso_ros2_ws/src/install/gazebo_ros2_control/share/gazebo_ros2_control/environment/path.sh
[25.339s] -- Installing: /home/isg/workspace/denso_ros2_ws/src/install/gazebo_ros2_control/share/gazebo_ros2_control/environment/path.dsv
[25.339s] -- Installing: /home/isg/workspace/denso_ros2_ws/src/install/gazebo_ros2_control/share/gazebo_ros2_control/local_setup.bash
[25.339s] -- Installing: /home/isg/workspace/denso_ros2_ws/src/install/gazebo_ros2_control/share/gazebo_ros2_control/local_setup.sh
[25.339s] -- Installing: /home/isg/workspace/denso_ros2_ws/src/install/gazebo_ros2_control/share/gazebo_ros2_control/local_setup.zsh
[25.340s] -- Installing: /home/isg/workspace/denso_ros2_ws/src/install/gazebo_ros2_control/share/gazebo_ros2_control/local_setup.dsv
[25.340s] -- Installing: /home/isg/workspace/denso_ros2_ws/src/install/gazebo_ros2_control/share/gazebo_ros2_control/package.dsv
[25.340s] -- Installing: /home/isg/workspace/denso_ros2_ws/src/install/gazebo_ros2_control/share/ament_index/resource_index/packages/gazebo_ros2_control
[25.341s] -- Installing: /home/isg/workspace/denso_ros2_ws/src/install/gazebo_ros2_control/share/ament_index/resource_index/gazebo_ros2_control__pluginlib__plugin/gazebo_ros2_control
[25.341s] -- Installing: /home/isg/workspace/denso_ros2_ws/src/install/gazebo_ros2_control/share/gazebo_ros2_control/cmake/ament_cmake_export_include_directories-extras.cmake
[25.341s] -- Installing: /home/isg/workspace/denso_ros2_ws/src/install/gazebo_ros2_control/share/gazebo_ros2_control/cmake/ament_cmake_export_dependencies-extras.cmake
[25.342s] -- Installing: /home/isg/workspace/denso_ros2_ws/src/install/gazebo_ros2_control/share/gazebo_ros2_control/cmake/ament_cmake_export_libraries-extras.cmake
[25.342s] -- Installing: /home/isg/workspace/denso_ros2_ws/src/install/gazebo_ros2_control/share/gazebo_ros2_control/cmake/gazebo_ros2_controlConfig.cmake
[25.342s] -- Installing: /home/isg/workspace/denso_ros2_ws/src/install/gazebo_ros2_control/share/gazebo_ros2_control/cmake/gazebo_ros2_controlConfig-version.cmake
[25.345s] -- Installing: /home/isg/workspace/denso_ros2_ws/src/install/gazebo_ros2_control/share/gazebo_ros2_control/package.xml
[25.346s] Invoked command in '/home/isg/workspace/denso_ros2_ws/src/build/gazebo_ros2_control' returned '0': CMAKE_PREFIX_PATH=/opt/ros/humble /usr/bin/cmake --install /home/isg/workspace/denso_ros2_ws/src/build/gazebo_ros2_control
