[0.020s] Invoking command in '/home/isg/workspace/denso_ros2_ws/src/build/denso_robot_control': AMENT_PREFIX_PATH=/home/isg/workspace/denso_ros2_ws/src/install/denso_robot_core:/home/isg/workspace/denso_ros2_ws/src/install/denso_robot_core_interfaces:/home/isg/workspace/denso_ros2_ws/src/install/bcap_service:/home/isg/workspace/denso_ros2_ws/src/install/bcap_service_interfaces:/home/isg/workspace/denso_ros2_ws/src/install/bcap_core:${AMENT_PREFIX_PATH} CMAKE_PREFIX_PATH=/home/isg/workspace/denso_ros2_ws/src/install/denso_robot_core:/home/isg/workspace/denso_ros2_ws/src/install/denso_robot_core_interfaces:/home/isg/workspace/denso_ros2_ws/src/install/bcap_service:/home/isg/workspace/denso_ros2_ws/src/install/bcap_service_interfaces:/home/isg/workspace/denso_ros2_ws/src/install/bcap_core:/opt/ros/humble LD_LIBRARY_PATH=/home/isg/workspace/denso_ros2_ws/src/install/denso_robot_core/lib:/home/isg/workspace/denso_ros2_ws/src/install/denso_robot_core_interfaces/lib:/home/isg/workspace/denso_ros2_ws/src/install/bcap_service/lib:/home/isg/workspace/denso_ros2_ws/src/install/bcap_service_interfaces/lib:/home/isg/workspace/denso_ros2_ws/src/install/bcap_core/lib:${LD_LIBRARY_PATH} PYTHONPATH=/home/isg/workspace/denso_ros2_ws/src/install/denso_robot_core_interfaces/local/lib/python3.10/dist-packages:/home/isg/workspace/denso_ros2_ws/src/install/bcap_service_interfaces/local/lib/python3.10/dist-packages:${PYTHONPATH} /usr/bin/cmake /home/isg/workspace/denso_ros2_ws/src/denso_robot_drivers_ros2/denso_robot_control -DCMAKE_BUILD_TYPE=Release -DCMAKE_INSTALL_PREFIX=/home/isg/workspace/denso_ros2_ws/src/install/denso_robot_control
[0.086s] -- The C compiler identification is GNU 11.4.0
[0.141s] -- The CXX compiler identification is GNU 11.4.0
[0.150s] -- Detecting C compiler ABI info
[0.236s] -- Detecting C compiler ABI info - done
[0.242s] -- Check for working C compiler: /usr/bin/cc - skipped
[0.242s] -- Detecting C compile features
[0.243s] -- Detecting C compile features - done
[0.245s] -- Detecting CXX compiler ABI info
[0.332s] -- Detecting CXX compiler ABI info - done
[0.345s] -- Check for working CXX compiler: /usr/bin/c++ - skipped
[0.346s] -- Detecting CXX compile features
[0.347s] -- Detecting CXX compile features - done
[0.352s] -- Found ament_cmake: 1.3.12 (/opt/ros/humble/share/ament_cmake/cmake)
[0.528s] -- Found Python3: /usr/bin/python3 (found version "3.10.12") found components: Interpreter 
[0.646s] -- Found hardware_interface: 2.51.0 (/opt/ros/humble/share/hardware_interface/cmake)
[0.704s] -- Found rosidl_generator_c: 3.1.7 (/opt/ros/humble/share/rosidl_generator_c/cmake)
[0.710s] -- Found rosidl_adapter: 3.1.7 (/opt/ros/humble/share/rosidl_adapter/cmake)
[0.718s] -- Found rosidl_generator_cpp: 3.1.7 (/opt/ros/humble/share/rosidl_generator_cpp/cmake)
[0.729s] -- Using all available rosidl_typesupport_c: rosidl_typesupport_fastrtps_c;rosidl_typesupport_introspection_c
[0.745s] -- Using all available rosidl_typesupport_cpp: rosidl_typesupport_fastrtps_cpp;rosidl_typesupport_introspection_cpp
[0.931s] -- Found rmw_implementation_cmake: 6.1.2 (/opt/ros/humble/share/rmw_implementation_cmake/cmake)
[0.934s] -- Found rmw_fastrtps_cpp: 6.2.8 (/opt/ros/humble/share/rmw_fastrtps_cpp/cmake)
[0.959s] -- Found TinyXML2 via Config file: TinyXML2_DIR-NOTFOUND
[1.027s] -- Found OpenSSL: /usr/lib/x86_64-linux-gnu/libcrypto.so (found version "3.0.2")  
[1.032s] -- Found TinyXML2 via Config file: TinyXML2_DIR-NOTFOUND
[1.053s] -- Found FastRTPS: /opt/ros/humble/include  
[1.058s] -- Found TinyXML2 via Config file: TinyXML2_DIR-NOTFOUND
[1.069s] -- Found TinyXML2 via Config file: TinyXML2_DIR-NOTFOUND
[1.084s] -- Using RMW implementation 'rmw_fastrtps_cpp' as default
[1.100s] -- Looking for pthread.h
[1.186s] -- Looking for pthread.h - found
[1.187s] -- Performing Test CMAKE_HAVE_LIBC_PTHREAD
[1.282s] -- Performing Test CMAKE_HAVE_LIBC_PTHREAD - Success
[1.283s] -- Found Threads: TRUE  
[1.356s] -- Found rclcpp_action: 16.0.14 (/opt/ros/humble/share/rclcpp_action/cmake)
[1.367s] -- Found rclcpp_components: 16.0.14 (/opt/ros/humble/share/rclcpp_components/cmake)
[1.383s] -- Found bcap_core: 1.2.0 (/home/isg/workspace/denso_ros2_ws/src/install/bcap_core/share/bcap_core/cmake)
[1.384s] -- Found bcap_service: 1.2.0 (/home/isg/workspace/denso_ros2_ws/src/install/bcap_service/share/bcap_service/cmake)
[1.386s] -- Found bcap_service_interfaces: 1.2.0 (/home/isg/workspace/denso_ros2_ws/src/install/bcap_service_interfaces/share/bcap_service_interfaces/cmake)
[1.393s] -- Found denso_robot_core: 1.2.0 (/home/isg/workspace/denso_ros2_ws/src/install/denso_robot_core/share/denso_robot_core/cmake)
[1.394s] -- Found denso_robot_core_interfaces: 1.2.0 (/home/isg/workspace/denso_ros2_ws/src/install/denso_robot_core_interfaces/share/denso_robot_core_interfaces/cmake)
[1.420s] -- Found ament_lint_auto: 0.12.14 (/opt/ros/humble/share/ament_lint_auto/cmake)
[1.476s] -- Configuring done
[1.534s] -- Generating done
[1.541s] -- Build files have been written to: /home/isg/workspace/denso_ros2_ws/src/build/denso_robot_control
[1.551s] Invoked command in '/home/isg/workspace/denso_ros2_ws/src/build/denso_robot_control' returned '0': AMENT_PREFIX_PATH=/home/isg/workspace/denso_ros2_ws/src/install/denso_robot_core:/home/isg/workspace/denso_ros2_ws/src/install/denso_robot_core_interfaces:/home/isg/workspace/denso_ros2_ws/src/install/bcap_service:/home/isg/workspace/denso_ros2_ws/src/install/bcap_service_interfaces:/home/isg/workspace/denso_ros2_ws/src/install/bcap_core:${AMENT_PREFIX_PATH} CMAKE_PREFIX_PATH=/home/isg/workspace/denso_ros2_ws/src/install/denso_robot_core:/home/isg/workspace/denso_ros2_ws/src/install/denso_robot_core_interfaces:/home/isg/workspace/denso_ros2_ws/src/install/bcap_service:/home/isg/workspace/denso_ros2_ws/src/install/bcap_service_interfaces:/home/isg/workspace/denso_ros2_ws/src/install/bcap_core:/opt/ros/humble LD_LIBRARY_PATH=/home/isg/workspace/denso_ros2_ws/src/install/denso_robot_core/lib:/home/isg/workspace/denso_ros2_ws/src/install/denso_robot_core_interfaces/lib:/home/isg/workspace/denso_ros2_ws/src/install/bcap_service/lib:/home/isg/workspace/denso_ros2_ws/src/install/bcap_service_interfaces/lib:/home/isg/workspace/denso_ros2_ws/src/install/bcap_core/lib:${LD_LIBRARY_PATH} PYTHONPATH=/home/isg/workspace/denso_ros2_ws/src/install/denso_robot_core_interfaces/local/lib/python3.10/dist-packages:/home/isg/workspace/denso_ros2_ws/src/install/bcap_service_interfaces/local/lib/python3.10/dist-packages:${PYTHONPATH} /usr/bin/cmake /home/isg/workspace/denso_ros2_ws/src/denso_robot_drivers_ros2/denso_robot_control -DCMAKE_BUILD_TYPE=Release -DCMAKE_INSTALL_PREFIX=/home/isg/workspace/denso_ros2_ws/src/install/denso_robot_control
[1.552s] Invoking command in '/home/isg/workspace/denso_ros2_ws/src/build/denso_robot_control': AMENT_PREFIX_PATH=/home/isg/workspace/denso_ros2_ws/src/install/denso_robot_core:/home/isg/workspace/denso_ros2_ws/src/install/denso_robot_core_interfaces:/home/isg/workspace/denso_ros2_ws/src/install/bcap_service:/home/isg/workspace/denso_ros2_ws/src/install/bcap_service_interfaces:/home/isg/workspace/denso_ros2_ws/src/install/bcap_core:${AMENT_PREFIX_PATH} CMAKE_PREFIX_PATH=/home/isg/workspace/denso_ros2_ws/src/install/denso_robot_core:/home/isg/workspace/denso_ros2_ws/src/install/denso_robot_core_interfaces:/home/isg/workspace/denso_ros2_ws/src/install/bcap_service:/home/isg/workspace/denso_ros2_ws/src/install/bcap_service_interfaces:/home/isg/workspace/denso_ros2_ws/src/install/bcap_core:/opt/ros/humble LD_LIBRARY_PATH=/home/isg/workspace/denso_ros2_ws/src/install/denso_robot_core/lib:/home/isg/workspace/denso_ros2_ws/src/install/denso_robot_core_interfaces/lib:/home/isg/workspace/denso_ros2_ws/src/install/bcap_service/lib:/home/isg/workspace/denso_ros2_ws/src/install/bcap_service_interfaces/lib:/home/isg/workspace/denso_ros2_ws/src/install/bcap_core/lib:${LD_LIBRARY_PATH} PYTHONPATH=/home/isg/workspace/denso_ros2_ws/src/install/denso_robot_core_interfaces/local/lib/python3.10/dist-packages:/home/isg/workspace/denso_ros2_ws/src/install/bcap_service_interfaces/local/lib/python3.10/dist-packages:${PYTHONPATH} /usr/bin/cmake --build /home/isg/workspace/denso_ros2_ws/src/build/denso_robot_control -- -j16 -l16
[1.621s] [ 40%] [32mBuilding CXX object CMakeFiles/denso_robot_control_plugin.dir/src/denso_robot_hw.cpp.o[0m
[1.621s] [ 40%] [32mBuilding CXX object CMakeFiles/denso_robot_control_plugin.dir/src/denso_robot_control.cpp.o[0m
[1.627s] [ 60%] [32mBuilding CXX object CMakeFiles/denso_robot_control_exec.dir/src/denso_robot_control.cpp.o[0m
[15.769s] [ 80%] [32m[1mLinking CXX executable denso_robot_control_exec[0m
[15.777s] [100%] [32m[1mLinking CXX shared library libdenso_robot_control_plugin.so[0m
[16.094s] [100%] Built target denso_robot_control_exec
[16.100s] [100%] Built target denso_robot_control_plugin
[16.112s] Invoked command in '/home/isg/workspace/denso_ros2_ws/src/build/denso_robot_control' returned '0': AMENT_PREFIX_PATH=/home/isg/workspace/denso_ros2_ws/src/install/denso_robot_core:/home/isg/workspace/denso_ros2_ws/src/install/denso_robot_core_interfaces:/home/isg/workspace/denso_ros2_ws/src/install/bcap_service:/home/isg/workspace/denso_ros2_ws/src/install/bcap_service_interfaces:/home/isg/workspace/denso_ros2_ws/src/install/bcap_core:${AMENT_PREFIX_PATH} CMAKE_PREFIX_PATH=/home/isg/workspace/denso_ros2_ws/src/install/denso_robot_core:/home/isg/workspace/denso_ros2_ws/src/install/denso_robot_core_interfaces:/home/isg/workspace/denso_ros2_ws/src/install/bcap_service:/home/isg/workspace/denso_ros2_ws/src/install/bcap_service_interfaces:/home/isg/workspace/denso_ros2_ws/src/install/bcap_core:/opt/ros/humble LD_LIBRARY_PATH=/home/isg/workspace/denso_ros2_ws/src/install/denso_robot_core/lib:/home/isg/workspace/denso_ros2_ws/src/install/denso_robot_core_interfaces/lib:/home/isg/workspace/denso_ros2_ws/src/install/bcap_service/lib:/home/isg/workspace/denso_ros2_ws/src/install/bcap_service_interfaces/lib:/home/isg/workspace/denso_ros2_ws/src/install/bcap_core/lib:${LD_LIBRARY_PATH} PYTHONPATH=/home/isg/workspace/denso_ros2_ws/src/install/denso_robot_core_interfaces/local/lib/python3.10/dist-packages:/home/isg/workspace/denso_ros2_ws/src/install/bcap_service_interfaces/local/lib/python3.10/dist-packages:${PYTHONPATH} /usr/bin/cmake --build /home/isg/workspace/denso_ros2_ws/src/build/denso_robot_control -- -j16 -l16
[16.113s] Invoking command in '/home/isg/workspace/denso_ros2_ws/src/build/denso_robot_control': AMENT_PREFIX_PATH=/home/isg/workspace/denso_ros2_ws/src/install/denso_robot_core:/home/isg/workspace/denso_ros2_ws/src/install/denso_robot_core_interfaces:/home/isg/workspace/denso_ros2_ws/src/install/bcap_service:/home/isg/workspace/denso_ros2_ws/src/install/bcap_service_interfaces:/home/isg/workspace/denso_ros2_ws/src/install/bcap_core:${AMENT_PREFIX_PATH} CMAKE_PREFIX_PATH=/home/isg/workspace/denso_ros2_ws/src/install/denso_robot_core:/home/isg/workspace/denso_ros2_ws/src/install/denso_robot_core_interfaces:/home/isg/workspace/denso_ros2_ws/src/install/bcap_service:/home/isg/workspace/denso_ros2_ws/src/install/bcap_service_interfaces:/home/isg/workspace/denso_ros2_ws/src/install/bcap_core:/opt/ros/humble LD_LIBRARY_PATH=/home/isg/workspace/denso_ros2_ws/src/install/denso_robot_core/lib:/home/isg/workspace/denso_ros2_ws/src/install/denso_robot_core_interfaces/lib:/home/isg/workspace/denso_ros2_ws/src/install/bcap_service/lib:/home/isg/workspace/denso_ros2_ws/src/install/bcap_service_interfaces/lib:/home/isg/workspace/denso_ros2_ws/src/install/bcap_core/lib:${LD_LIBRARY_PATH} PYTHONPATH=/home/isg/workspace/denso_ros2_ws/src/install/denso_robot_core_interfaces/local/lib/python3.10/dist-packages:/home/isg/workspace/denso_ros2_ws/src/install/bcap_service_interfaces/local/lib/python3.10/dist-packages:${PYTHONPATH} /usr/bin/cmake --install /home/isg/workspace/denso_ros2_ws/src/build/denso_robot_control
[16.120s] -- Install configuration: "Release"
[16.120s] -- Installing: /home/isg/workspace/denso_ros2_ws/src/install/denso_robot_control/share/denso_robot_control/denso_hardware_interface_plugin.xml
[16.120s] -- Installing: /home/isg/workspace/denso_ros2_ws/src/install/denso_robot_control/lib/libdenso_robot_control_plugin.so
[16.123s] -- Set runtime path of "/home/isg/workspace/denso_ros2_ws/src/install/denso_robot_control/lib/libdenso_robot_control_plugin.so" to ""
[16.123s] -- Installing: /home/isg/workspace/denso_ros2_ws/src/install/denso_robot_control/include
[16.123s] -- Installing: /home/isg/workspace/denso_ros2_ws/src/install/denso_robot_control/include/denso_robot_control
[16.123s] -- Installing: /home/isg/workspace/denso_ros2_ws/src/install/denso_robot_control/include/denso_robot_control/denso_robot_hw.hpp
[16.123s] -- Installing: /home/isg/workspace/denso_ros2_ws/src/install/denso_robot_control/include/denso_robot_control/denso_robot_control.hpp
[16.123s] -- Installing: /home/isg/workspace/denso_ros2_ws/src/install/denso_robot_control/share/denso_robot_control//launch
[16.123s] -- Installing: /home/isg/workspace/denso_ros2_ws/src/install/denso_robot_control/share/denso_robot_control//launch/denso_robot_control.launch.py
[16.124s] -- Installing: /home/isg/workspace/denso_ros2_ws/src/install/denso_robot_control/lib/denso_robot_control/denso_robot_control_exec
[16.125s] -- Set runtime path of "/home/isg/workspace/denso_ros2_ws/src/install/denso_robot_control/lib/denso_robot_control/denso_robot_control_exec" to ""
[16.125s] -- Installing: /home/isg/workspace/denso_ros2_ws/src/install/denso_robot_control/share/denso_robot_control/environment/library_path.sh
[16.126s] -- Installing: /home/isg/workspace/denso_ros2_ws/src/install/denso_robot_control/share/denso_robot_control/environment/library_path.dsv
[16.126s] -- Installing: /home/isg/workspace/denso_ros2_ws/src/install/denso_robot_control/share/ament_index/resource_index/package_run_dependencies/denso_robot_control
[16.126s] -- Installing: /home/isg/workspace/denso_ros2_ws/src/install/denso_robot_control/share/ament_index/resource_index/parent_prefix_path/denso_robot_control
[16.126s] -- Installing: /home/isg/workspace/denso_ros2_ws/src/install/denso_robot_control/share/denso_robot_control/environment/ament_prefix_path.sh
[16.126s] -- Installing: /home/isg/workspace/denso_ros2_ws/src/install/denso_robot_control/share/denso_robot_control/environment/ament_prefix_path.dsv
[16.126s] -- Installing: /home/isg/workspace/denso_ros2_ws/src/install/denso_robot_control/share/denso_robot_control/environment/path.sh
[16.127s] -- Installing: /home/isg/workspace/denso_ros2_ws/src/install/denso_robot_control/share/denso_robot_control/environment/path.dsv
[16.127s] -- Installing: /home/isg/workspace/denso_ros2_ws/src/install/denso_robot_control/share/denso_robot_control/local_setup.bash
[16.127s] -- Installing: /home/isg/workspace/denso_ros2_ws/src/install/denso_robot_control/share/denso_robot_control/local_setup.sh
[16.127s] -- Installing: /home/isg/workspace/denso_ros2_ws/src/install/denso_robot_control/share/denso_robot_control/local_setup.zsh
[16.127s] -- Installing: /home/isg/workspace/denso_ros2_ws/src/install/denso_robot_control/share/denso_robot_control/local_setup.dsv
[16.127s] -- Installing: /home/isg/workspace/denso_ros2_ws/src/install/denso_robot_control/share/denso_robot_control/package.dsv
[16.127s] -- Installing: /home/isg/workspace/denso_ros2_ws/src/install/denso_robot_control/share/ament_index/resource_index/packages/denso_robot_control
[16.128s] -- Installing: /home/isg/workspace/denso_ros2_ws/src/install/denso_robot_control/share/ament_index/resource_index/hardware_interface__pluginlib__plugin/denso_robot_control
[16.128s] -- Installing: /home/isg/workspace/denso_ros2_ws/src/install/denso_robot_control/share/denso_robot_control/cmake/ament_cmake_export_include_directories-extras.cmake
[16.128s] -- Installing: /home/isg/workspace/denso_ros2_ws/src/install/denso_robot_control/share/denso_robot_control/cmake/ament_cmake_export_libraries-extras.cmake
[16.128s] -- Installing: /home/isg/workspace/denso_ros2_ws/src/install/denso_robot_control/share/denso_robot_control/cmake/ament_cmake_export_dependencies-extras.cmake
[16.128s] -- Installing: /home/isg/workspace/denso_ros2_ws/src/install/denso_robot_control/share/denso_robot_control/cmake/denso_robot_controlConfig.cmake
[16.128s] -- Installing: /home/isg/workspace/denso_ros2_ws/src/install/denso_robot_control/share/denso_robot_control/cmake/denso_robot_controlConfig-version.cmake
[16.128s] -- Installing: /home/isg/workspace/denso_ros2_ws/src/install/denso_robot_control/share/denso_robot_control/package.xml
[16.131s] Invoked command in '/home/isg/workspace/denso_ros2_ws/src/build/denso_robot_control' returned '0': AMENT_PREFIX_PATH=/home/isg/workspace/denso_ros2_ws/src/install/denso_robot_core:/home/isg/workspace/denso_ros2_ws/src/install/denso_robot_core_interfaces:/home/isg/workspace/denso_ros2_ws/src/install/bcap_service:/home/isg/workspace/denso_ros2_ws/src/install/bcap_service_interfaces:/home/isg/workspace/denso_ros2_ws/src/install/bcap_core:${AMENT_PREFIX_PATH} CMAKE_PREFIX_PATH=/home/isg/workspace/denso_ros2_ws/src/install/denso_robot_core:/home/isg/workspace/denso_ros2_ws/src/install/denso_robot_core_interfaces:/home/isg/workspace/denso_ros2_ws/src/install/bcap_service:/home/isg/workspace/denso_ros2_ws/src/install/bcap_service_interfaces:/home/isg/workspace/denso_ros2_ws/src/install/bcap_core:/opt/ros/humble LD_LIBRARY_PATH=/home/isg/workspace/denso_ros2_ws/src/install/denso_robot_core/lib:/home/isg/workspace/denso_ros2_ws/src/install/denso_robot_core_interfaces/lib:/home/isg/workspace/denso_ros2_ws/src/install/bcap_service/lib:/home/isg/workspace/denso_ros2_ws/src/install/bcap_service_interfaces/lib:/home/isg/workspace/denso_ros2_ws/src/install/bcap_core/lib:${LD_LIBRARY_PATH} PYTHONPATH=/home/isg/workspace/denso_ros2_ws/src/install/denso_robot_core_interfaces/local/lib/python3.10/dist-packages:/home/isg/workspace/denso_ros2_ws/src/install/bcap_service_interfaces/local/lib/python3.10/dist-packages:${PYTHONPATH} /usr/bin/cmake --install /home/isg/workspace/denso_ros2_ws/src/build/denso_robot_control
