[ 50%] Built target bcap_service_exec
[100%] Built target bcap_service
-- Install configuration: ""
-- Execute custom install script
-- Up-to-date symlink: /home/isg/workspace/denso_ros2_ws/install/bcap_service/share/bcap_service/environment/library_path.sh
-- Up-to-date symlink: /home/isg/workspace/denso_ros2_ws/install/bcap_service/share/bcap_service/environment/library_path.dsv
-- Up-to-date symlink: /home/isg/workspace/denso_ros2_ws/install/bcap_service/share/bcap_service//launch/bcap_service.launch.py
-- Up-to-date symlink: /home/isg/workspace/denso_ros2_ws/install/bcap_service/share/bcap_service//config/bcap_service.yaml
-- Up-to-date symlink: /home/isg/workspace/denso_ros2_ws/install/bcap_service/share/ament_index/resource_index/package_run_dependencies/bcap_service
-- Up-to-date symlink: /home/isg/workspace/denso_ros2_ws/install/bcap_service/share/ament_index/resource_index/parent_prefix_path/bcap_service
-- Up-to-date symlink: /home/isg/workspace/denso_ros2_ws/install/bcap_service/share/bcap_service/environment/ament_prefix_path.sh
-- Up-to-date symlink: /home/isg/workspace/denso_ros2_ws/install/bcap_service/share/bcap_service/environment/ament_prefix_path.dsv
-- Up-to-date symlink: /home/isg/workspace/denso_ros2_ws/install/bcap_service/share/bcap_service/environment/path.sh
-- Up-to-date symlink: /home/isg/workspace/denso_ros2_ws/install/bcap_service/share/bcap_service/environment/path.dsv
-- Up-to-date symlink: /home/isg/workspace/denso_ros2_ws/install/bcap_service/share/bcap_service/local_setup.bash
-- Up-to-date symlink: /home/isg/workspace/denso_ros2_ws/install/bcap_service/share/bcap_service/local_setup.sh
-- Up-to-date symlink: /home/isg/workspace/denso_ros2_ws/install/bcap_service/share/bcap_service/local_setup.zsh
-- Up-to-date symlink: /home/isg/workspace/denso_ros2_ws/install/bcap_service/share/bcap_service/local_setup.dsv
-- Symlinking: /home/isg/workspace/denso_ros2_ws/install/bcap_service/share/bcap_service/package.dsv
-- Up-to-date symlink: /home/isg/workspace/denso_ros2_ws/install/bcap_service/share/ament_index/resource_index/packages/bcap_service
-- Up-to-date symlink: /home/isg/workspace/denso_ros2_ws/install/bcap_service/share/bcap_service/cmake/ament_cmake_export_include_directories-extras.cmake
-- Up-to-date symlink: /home/isg/workspace/denso_ros2_ws/install/bcap_service/share/bcap_service/cmake/ament_cmake_export_libraries-extras.cmake
-- Up-to-date symlink: /home/isg/workspace/denso_ros2_ws/install/bcap_service/share/bcap_service/cmake/bcap_serviceConfig.cmake
-- Up-to-date symlink: /home/isg/workspace/denso_ros2_ws/install/bcap_service/share/bcap_service/cmake/bcap_serviceConfig-version.cmake
-- Up-to-date symlink: /home/isg/workspace/denso_ros2_ws/install/bcap_service/share/bcap_service/package.xml
-- Up-to-date: /home/isg/workspace/denso_ros2_ws/install/bcap_service/lib/libbcap_service.so
-- Up-to-date: /home/isg/workspace/denso_ros2_ws/install/bcap_service/lib/bcap_service/bcap_service_exec
-- Up-to-date: /home/isg/workspace/denso_ros2_ws/install/bcap_service/include/bcap_service/
-- Up-to-date: /home/isg/workspace/denso_ros2_ws/install/bcap_service/include/bcap_service//bcap_service.h
-- Up-to-date: /home/isg/workspace/denso_ros2_ws/install/bcap_service/include/bcap_service//variant_allocator.h
-- Up-to-date: /home/isg/workspace/denso_ros2_ws/install/bcap_service/include/bcap_service//visibility_control.h
