-- The C compiler identification is GNU 11.4.0
-- The CXX compiler identification is GNU 11.4.0
-- Detecting C compiler ABI info
-- Detecting C compiler ABI info - done
-- Check for working C compiler: /usr/bin/cc - skipped
-- Detecting C compile features
-- Detecting C compile features - done
-- Detecting CXX compiler ABI info
-- Detecting CXX compiler ABI info - done
-- Check for working CXX compiler: /usr/bin/c++ - skipped
-- Detecting CXX compile features
-- Detecting CXX compile features - done
-- Found ament_cmake: 1.3.12 (/opt/ros/humble/share/ament_cmake/cmake)
-- Found Python3: /usr/bin/python3 (found version "3.10.12") found components: Interpreter 
-- Found rosidl_default_generators: 1.2.0 (/opt/ros/humble/share/rosidl_default_generators/cmake)
-- Using all available rosidl_typesupport_c: rosidl_typesupport_fastrtps_c;rosidl_typesupport_introspection_c
-- Found rosidl_adapter: 3.1.7 (/opt/ros/humble/share/rosidl_adapter/cmake)
-- Using all available rosidl_typesupport_cpp: rosidl_typesupport_fastrtps_cpp;rosidl_typesupport_introspection_cpp
-- Found rclcpp: 16.0.14 (/opt/ros/humble/share/rclcpp/cmake)
-- Found rmw_implementation_cmake: 6.1.2 (/opt/ros/humble/share/rmw_implementation_cmake/cmake)
-- Found rmw_fastrtps_cpp: 6.2.8 (/opt/ros/humble/share/rmw_fastrtps_cpp/cmake)
-- Found OpenSSL: /usr/lib/x86_64-linux-gnu/libcrypto.so (found version "3.0.2")  
-- Found FastRTPS: /opt/ros/humble/include  
-- Using RMW implementation 'rmw_fastrtps_cpp' as default
-- Looking for pthread.h
-- Looking for pthread.h - found
-- Performing Test CMAKE_HAVE_LIBC_PTHREAD
-- Performing Test CMAKE_HAVE_LIBC_PTHREAD - Success
-- Found Threads: TRUE  
-- Found rclcpp_action: 16.0.14 (/opt/ros/humble/share/rclcpp_action/cmake)
-- Found rclcpp_components: 16.0.14 (/opt/ros/humble/share/rclcpp_components/cmake)
-- Found bcap_core: 1.2.0 (/home/isg/workspace/denso_ros2_ws/src/install/bcap_core/share/bcap_core/cmake)
-- Found bcap_service: 1.2.0 (/home/isg/workspace/denso_ros2_ws/src/install/bcap_service/share/bcap_service/cmake)
-- Found bcap_service_interfaces: 1.2.0 (/home/isg/workspace/denso_ros2_ws/src/install/bcap_service_interfaces/share/bcap_service_interfaces/cmake)
-- Found denso_robot_core_interfaces: 1.2.0 (/home/isg/workspace/denso_ros2_ws/src/install/denso_robot_core_interfaces/share/denso_robot_core_interfaces/cmake)
-- Found ament_lint_auto: 0.12.14 (/opt/ros/humble/share/ament_lint_auto/cmake)
-- Added test 'copyright' to check source files copyright and LICENSE
-- Added test 'cppcheck' to perform static code analysis on C / C++ code
-- Configured cppcheck include dirs: /home/isg/workspace/denso_ros2_ws/src/denso_robot_drivers_ros2/denso_robot_core/include;$<BUILD_INTERFACE:/home/isg/workspace/denso_ros2_ws/src/denso_robot_drivers_ros2/denso_robot_core/include>
-- Configured cppcheck exclude dirs and/or files: 
-- Added test 'cpplint' to check C / C++ code against the Google style
-- Configured cpplint exclude dirs and/or files: 
-- Added test 'flake8' to check Python code syntax and style conventions
-- Added test 'lint_cmake' to check CMake code style
-- Added test 'pep257' to check Python code against some of the docstring style conventions in PEP 257
-- Added test 'uncrustify' to check C / C++ code style
-- Configured uncrustify additional arguments: 
-- Added test 'xmllint' to check XML markup files
-- Configuring done
-- Generating done
-- Build files have been written to: /home/isg/workspace/denso_ros2_ws/src/build/denso_robot_core
[  3%] [32mBuilding CXX object CMakeFiles/denso_robot_core.dir/src/denso_controller_rc9.cpp.o[0m
[  7%] [32mBuilding CXX object CMakeFiles/denso_robot_core.dir/src/denso_robot.cpp.o[0m
[ 10%] [32mBuilding CXX object CMakeFiles/denso_robot_core.dir/src/denso_base.cpp.o[0m
[ 17%] [32mBuilding CXX object CMakeFiles/denso_robot_core.dir/src/denso_robot_rc8.cpp.o[0m
[ 21%] [32mBuilding CXX object CMakeFiles/denso_robot_core.dir/src/denso_robot_rc9.cpp.o[0m
[ 21%] [32mBuilding CXX object CMakeFiles/denso_robot_core.dir/src/denso_controller_rc8.cpp.o[0m
[ 25%] [32mBuilding CXX object CMakeFiles/denso_robot_core.dir/src/denso_controller.cpp.o[0m
[ 35%] [32mBuilding CXX object CMakeFiles/denso_robot_core_exec.dir/src/denso_controller_rc8.cpp.o[0m
[ 35%] [32mBuilding CXX object CMakeFiles/denso_robot_core.dir/src/denso_task.cpp.o[0m
[ 35%] [32mBuilding CXX object CMakeFiles/denso_robot_core_exec.dir/src/denso_base.cpp.o[0m
[ 42%] [32mBuilding CXX object CMakeFiles/denso_robot_core.dir/src/denso_robot_rc8_cobotta.cpp.o[0m
[ 42%] [32mBuilding CXX object CMakeFiles/denso_robot_core.dir/src/denso_variable.cpp.o[0m
[ 46%] [32mBuilding CXX object CMakeFiles/denso_robot_core.dir/src/denso_robot_core.cpp.o[0m
[ 50%] [32mBuilding CXX object CMakeFiles/denso_robot_core_exec.dir/src/denso_controller.cpp.o[0m
[ 53%] [32mBuilding CXX object CMakeFiles/denso_robot_core.dir/src/denso_controller_rc8_cobotta.cpp.o[0m
[ 57%] [32mBuilding CXX object CMakeFiles/denso_robot_core_exec.dir/src/denso_controller_rc8_cobotta.cpp.o[0m
[ 60%] [32mBuilding CXX object CMakeFiles/denso_robot_core.dir/src/tinyxml2.cpp.o[0m
[ 64%] [32mBuilding CXX object CMakeFiles/denso_robot_core_exec.dir/src/denso_controller_rc9.cpp.o[0m
[ 67%] [32mBuilding CXX object CMakeFiles/denso_robot_core_exec.dir/src/denso_robot.cpp.o[0m
[ 71%] [32mBuilding CXX object CMakeFiles/denso_robot_core_exec.dir/src/denso_robot_core.cpp.o[0m
[ 75%] [32mBuilding CXX object CMakeFiles/denso_robot_core_exec.dir/src/denso_robot_rc8.cpp.o[0m
[ 78%] [32mBuilding CXX object CMakeFiles/denso_robot_core_exec.dir/src/denso_robot_rc8_cobotta.cpp.o[0m
[ 82%] [32mBuilding CXX object CMakeFiles/denso_robot_core_exec.dir/src/denso_robot_rc9.cpp.o[0m
[ 85%] [32mBuilding CXX object CMakeFiles/denso_robot_core_exec.dir/src/denso_task.cpp.o[0m
[ 89%] [32mBuilding CXX object CMakeFiles/denso_robot_core_exec.dir/src/denso_variable.cpp.o[0m
[ 92%] [32mBuilding CXX object CMakeFiles/denso_robot_core_exec.dir/src/tinyxml2.cpp.o[0m
[ 96%] [32m[1mLinking CXX shared library libdenso_robot_core.so[0m
[ 96%] Built target denso_robot_core
[100%] [32m[1mLinking CXX executable denso_robot_core_exec[0m
[100%] Built target denso_robot_core_exec
-- Install configuration: "Release"
-- Installing: /home/isg/workspace/denso_ros2_ws/src/install/denso_robot_core/share/denso_robot_core/environment/library_path.sh
-- Installing: /home/isg/workspace/denso_ros2_ws/src/install/denso_robot_core/share/denso_robot_core/environment/library_path.dsv
-- Installing: /home/isg/workspace/denso_ros2_ws/src/install/denso_robot_core/lib/libdenso_robot_core.so
-- Set runtime path of "/home/isg/workspace/denso_ros2_ws/src/install/denso_robot_core/lib/libdenso_robot_core.so" to ""
-- Installing: /home/isg/workspace/denso_ros2_ws/src/install/denso_robot_core/lib/denso_robot_core/denso_robot_core_exec
-- Set runtime path of "/home/isg/workspace/denso_ros2_ws/src/install/denso_robot_core/lib/denso_robot_core/denso_robot_core_exec" to ""
-- Installing: /home/isg/workspace/denso_ros2_ws/src/install/denso_robot_core/share/denso_robot_core//launch
-- Installing: /home/isg/workspace/denso_ros2_ws/src/install/denso_robot_core/share/denso_robot_core//launch/denso_robot_core.launch.py
-- Installing: /home/isg/workspace/denso_ros2_ws/src/install/denso_robot_core/share/denso_robot_core//config
-- Installing: /home/isg/workspace/denso_ros2_ws/src/install/denso_robot_core/share/denso_robot_core//config/config.xml
-- Installing: /home/isg/workspace/denso_ros2_ws/src/install/denso_robot_core/share/denso_robot_core//config/config_novar.xml
-- Installing: /home/isg/workspace/denso_ros2_ws/src/install/denso_robot_core/include
-- Installing: /home/isg/workspace/denso_ros2_ws/src/install/denso_robot_core/include/denso_robot_core
-- Installing: /home/isg/workspace/denso_ros2_ws/src/install/denso_robot_core/include/denso_robot_core/denso_robot.h
-- Installing: /home/isg/workspace/denso_ros2_ws/src/install/denso_robot_core/include/denso_robot_core/denso_task.h
-- Installing: /home/isg/workspace/denso_ros2_ws/src/install/denso_robot_core/include/denso_robot_core/tinyxml2.h
-- Installing: /home/isg/workspace/denso_ros2_ws/src/install/denso_robot_core/include/denso_robot_core/denso_controller.h
-- Installing: /home/isg/workspace/denso_ros2_ws/src/install/denso_robot_core/include/denso_robot_core/denso_robot_rc8.h
-- Installing: /home/isg/workspace/denso_ros2_ws/src/install/denso_robot_core/include/denso_robot_core/denso_robot_rc8_cobotta.h
-- Installing: /home/isg/workspace/denso_ros2_ws/src/install/denso_robot_core/include/denso_robot_core/denso_robot_rc9.h
-- Installing: /home/isg/workspace/denso_ros2_ws/src/install/denso_robot_core/include/denso_robot_core/denso_controller_rc8.h
-- Installing: /home/isg/workspace/denso_ros2_ws/src/install/denso_robot_core/include/denso_robot_core/denso_robot_core.h
-- Installing: /home/isg/workspace/denso_ros2_ws/src/install/denso_robot_core/include/denso_robot_core/denso_controller_rc9.h
-- Installing: /home/isg/workspace/denso_ros2_ws/src/install/denso_robot_core/include/denso_robot_core/denso_variable.h
-- Installing: /home/isg/workspace/denso_ros2_ws/src/install/denso_robot_core/include/denso_robot_core/visibility_control.h
-- Installing: /home/isg/workspace/denso_ros2_ws/src/install/denso_robot_core/include/denso_robot_core/denso_base.h
-- Installing: /home/isg/workspace/denso_ros2_ws/src/install/denso_robot_core/include/denso_robot_core/denso_controller_rc8_cobotta.h
-- Installing: /home/isg/workspace/denso_ros2_ws/src/install/denso_robot_core/share/ament_index/resource_index/package_run_dependencies/denso_robot_core
-- Installing: /home/isg/workspace/denso_ros2_ws/src/install/denso_robot_core/share/ament_index/resource_index/parent_prefix_path/denso_robot_core
-- Installing: /home/isg/workspace/denso_ros2_ws/src/install/denso_robot_core/share/denso_robot_core/environment/ament_prefix_path.sh
-- Installing: /home/isg/workspace/denso_ros2_ws/src/install/denso_robot_core/share/denso_robot_core/environment/ament_prefix_path.dsv
-- Installing: /home/isg/workspace/denso_ros2_ws/src/install/denso_robot_core/share/denso_robot_core/environment/path.sh
-- Installing: /home/isg/workspace/denso_ros2_ws/src/install/denso_robot_core/share/denso_robot_core/environment/path.dsv
-- Installing: /home/isg/workspace/denso_ros2_ws/src/install/denso_robot_core/share/denso_robot_core/local_setup.bash
-- Installing: /home/isg/workspace/denso_ros2_ws/src/install/denso_robot_core/share/denso_robot_core/local_setup.sh
-- Installing: /home/isg/workspace/denso_ros2_ws/src/install/denso_robot_core/share/denso_robot_core/local_setup.zsh
-- Installing: /home/isg/workspace/denso_ros2_ws/src/install/denso_robot_core/share/denso_robot_core/local_setup.dsv
-- Installing: /home/isg/workspace/denso_ros2_ws/src/install/denso_robot_core/share/denso_robot_core/package.dsv
-- Installing: /home/isg/workspace/denso_ros2_ws/src/install/denso_robot_core/share/ament_index/resource_index/packages/denso_robot_core
-- Installing: /home/isg/workspace/denso_ros2_ws/src/install/denso_robot_core/share/denso_robot_core/cmake/ament_cmake_export_libraries-extras.cmake
-- Installing: /home/isg/workspace/denso_ros2_ws/src/install/denso_robot_core/share/denso_robot_core/cmake/ament_cmake_export_include_directories-extras.cmake
-- Installing: /home/isg/workspace/denso_ros2_ws/src/install/denso_robot_core/share/denso_robot_core/cmake/denso_robot_coreConfig.cmake
-- Installing: /home/isg/workspace/denso_ros2_ws/src/install/denso_robot_core/share/denso_robot_core/cmake/denso_robot_coreConfig-version.cmake
-- Installing: /home/isg/workspace/denso_ros2_ws/src/install/denso_robot_core/share/denso_robot_core/package.xml
