-- The C compiler identification is GNU 11.4.0
-- The CXX compiler identification is GNU 11.4.0
-- Detecting C compiler ABI info
-- Detecting C compiler ABI info - done
-- Check for working C compiler: /usr/bin/cc - skipped
-- Detecting C compile features
-- Detecting C compile features - done
-- Detecting CXX compiler ABI info
-- Detecting CXX compiler ABI info - done
-- Check for working CXX compiler: /usr/bin/c++ - skipped
-- Detecting CXX compile features
-- Detecting CXX compile features - done
-- Found ament_cmake: 1.3.12 (/opt/ros/humble/share/ament_cmake/cmake)
-- Found Python3: /usr/bin/python3 (found version "3.10.12") found components: Interpreter 
-- Found rosidl_default_generators: 1.2.0 (/opt/ros/humble/share/rosidl_default_generators/cmake)
-- Using all available rosidl_typesupport_c: rosidl_typesupport_fastrtps_c;rosidl_typesupport_introspection_c
-- Found rosidl_adapter: 3.1.7 (/opt/ros/humble/share/rosidl_adapter/cmake)
-- Using all available rosidl_typesupport_cpp: rosidl_typesupport_fastrtps_cpp;rosidl_typesupport_introspection_cpp
-- Found rclcpp: 16.0.14 (/opt/ros/humble/share/rclcpp/cmake)
-- Found rmw_implementation_cmake: 6.1.2 (/opt/ros/humble/share/rmw_implementation_cmake/cmake)
-- Found rmw_fastrtps_cpp: 6.2.8 (/opt/ros/humble/share/rmw_fastrtps_cpp/cmake)
-- Found OpenSSL: /usr/lib/x86_64-linux-gnu/libcrypto.so (found version "3.0.2")  
-- Found FastRTPS: /opt/ros/humble/include  
-- Using RMW implementation 'rmw_fastrtps_cpp' as default
-- Looking for pthread.h
-- Looking for pthread.h - found
-- Performing Test CMAKE_HAVE_LIBC_PTHREAD
-- Performing Test CMAKE_HAVE_LIBC_PTHREAD - Success
-- Found Threads: TRUE  
-- Found rclcpp_action: 16.0.14 (/opt/ros/humble/share/rclcpp_action/cmake)
-- Found rclcpp_components: 16.0.14 (/opt/ros/humble/share/rclcpp_components/cmake)
-- Found bcap_core: 1.2.0 (/home/isg/workspace/denso_ros2_ws/src/install/bcap_core/share/bcap_core/cmake)
-- Found ament_cmake_ros: 0.10.0 (/opt/ros/humble/share/ament_cmake_ros/cmake)
-- Using all available rosidl_typesupport_c: rosidl_typesupport_fastrtps_c;rosidl_typesupport_introspection_c
-- Using all available rosidl_typesupport_cpp: rosidl_typesupport_fastrtps_cpp;rosidl_typesupport_introspection_cpp
-- Found PythonInterp: /usr/bin/python3 (found suitable version "3.10.12", minimum required is "3.6") 
-- Found python_cmake_module: 0.10.0 (/opt/ros/humble/share/python_cmake_module/cmake)
-- Found PythonLibs: /usr/lib/x86_64-linux-gnu/libpython3.10.so (found suitable version "3.10.12", minimum required is "3.5") 
-- Using PYTHON_EXECUTABLE: /usr/bin/python3
-- Using PYTHON_INCLUDE_DIRS: /usr/include/python3.10
-- Using PYTHON_LIBRARIES: /usr/lib/x86_64-linux-gnu/libpython3.10.so
-- Found PythonExtra: .so  
-- Found ament_lint_auto: 0.12.14 (/opt/ros/humble/share/ament_lint_auto/cmake)
-- Added test 'copyright' to check source files copyright and LICENSE
-- Added test 'lint_cmake' to check CMake code style
-- Added test 'xmllint' to check XML markup files
-- Configuring done
-- Generating done
-- Build files have been written to: /home/isg/workspace/denso_ros2_ws/src/build/denso_robot_core_interfaces
[  1%] [34m[1mGenerating C code for ROS interfaces[0m
[  2%] [34m[1mGenerating C++ code for ROS interfaces[0m
[  2%] Built target ament_cmake_python_copy_denso_robot_core_interfaces
running egg_info
creating denso_robot_core_interfaces.egg-info
writing denso_robot_core_interfaces.egg-info/PKG-INFO
writing dependency_links to denso_robot_core_interfaces.egg-info/dependency_links.txt
writing top-level names to denso_robot_core_interfaces.egg-info/top_level.txt
writing manifest file 'denso_robot_core_interfaces.egg-info/SOURCES.txt'
reading manifest file 'denso_robot_core_interfaces.egg-info/SOURCES.txt'
writing manifest file 'denso_robot_core_interfaces.egg-info/SOURCES.txt'
[  2%] Built target ament_cmake_python_build_denso_robot_core_interfaces_egg
[  2%] Built target denso_robot_core_interfaces__cpp
[  3%] [34m[1mGenerating C++ type support for eProsima Fast-RTPS[0m
[  4%] [34m[1mGenerating C++ type support dispatch for ROS interfaces[0m
[  5%] [34m[1mGenerating C++ introspection for ROS interfaces[0m
[  6%] [32mBuilding C object CMakeFiles/denso_robot_core_interfaces__rosidl_generator_c.dir/rosidl_generator_c/denso_robot_core_interfaces/action/detail/drive_string__functions.c.o[0m
[  7%] [32mBuilding C object CMakeFiles/denso_robot_core_interfaces__rosidl_generator_c.dir/rosidl_generator_c/denso_robot_core_interfaces/action/detail/move_string__functions.c.o[0m
[  8%] [32mBuilding C object CMakeFiles/denso_robot_core_interfaces__rosidl_generator_c.dir/rosidl_generator_c/denso_robot_core_interfaces/action/detail/drive_value__functions.c.o[0m
[  9%] [32mBuilding C object CMakeFiles/denso_robot_core_interfaces__rosidl_generator_c.dir/rosidl_generator_c/denso_robot_core_interfaces/srv/detail/change_mode__functions.c.o[0m
[ 11%] [32mBuilding C object CMakeFiles/denso_robot_core_interfaces__rosidl_generator_c.dir/rosidl_generator_c/denso_robot_core_interfaces/msg/detail/pose_data__functions.c.o[0m
[ 11%] [32mBuilding C object CMakeFiles/denso_robot_core_interfaces__rosidl_generator_c.dir/rosidl_generator_c/denso_robot_core_interfaces/action/detail/move_value__functions.c.o[0m
[ 12%] [32mBuilding C object CMakeFiles/denso_robot_core_interfaces__rosidl_generator_c.dir/rosidl_generator_c/denso_robot_core_interfaces/msg/detail/ex_joints__functions.c.o[0m
[ 14%] [32mBuilding C object CMakeFiles/denso_robot_core_interfaces__rosidl_generator_c.dir/rosidl_generator_c/denso_robot_core_interfaces/msg/detail/user_io__functions.c.o[0m
[ 14%] [32mBuilding C object CMakeFiles/denso_robot_core_interfaces__rosidl_generator_c.dir/rosidl_generator_c/denso_robot_core_interfaces/msg/detail/joints__functions.c.o[0m
[ 15%] [32m[1mLinking C shared library libdenso_robot_core_interfaces__rosidl_generator_c.so[0m
[ 15%] Built target denso_robot_core_interfaces__rosidl_generator_c
[ 18%] [34m[1mGenerating C type support for eProsima Fast-RTPS[0m
[ 18%] [34m[1mGenerating C introspection for ROS interfaces[0m
[ 18%] [34m[1mGenerating C type support dispatch for ROS interfaces[0m
[ 21%] [32mBuilding CXX object CMakeFiles/denso_robot_core_interfaces__rosidl_typesupport_cpp.dir/rosidl_typesupport_cpp/denso_robot_core_interfaces/action/drive_string__type_support.cpp.o[0m
[ 21%] [32mBuilding CXX object CMakeFiles/denso_robot_core_interfaces__rosidl_typesupport_cpp.dir/rosidl_typesupport_cpp/denso_robot_core_interfaces/action/drive_value__type_support.cpp.o[0m
[ 22%] [32mBuilding CXX object CMakeFiles/denso_robot_core_interfaces__rosidl_typesupport_cpp.dir/rosidl_typesupport_cpp/denso_robot_core_interfaces/action/move_value__type_support.cpp.o[0m
[ 23%] [32mBuilding CXX object CMakeFiles/denso_robot_core_interfaces__rosidl_typesupport_cpp.dir/rosidl_typesupport_cpp/denso_robot_core_interfaces/msg/joints__type_support.cpp.o[0m
[ 24%] [32mBuilding CXX object CMakeFiles/denso_robot_core_interfaces__rosidl_typesupport_cpp.dir/rosidl_typesupport_cpp/denso_robot_core_interfaces/msg/pose_data__type_support.cpp.o[0m
[ 26%] [32mBuilding CXX object CMakeFiles/denso_robot_core_interfaces__rosidl_typesupport_cpp.dir/rosidl_typesupport_cpp/denso_robot_core_interfaces/action/move_string__type_support.cpp.o[0m
[ 26%] [32mBuilding CXX object CMakeFiles/denso_robot_core_interfaces__rosidl_typesupport_cpp.dir/rosidl_typesupport_cpp/denso_robot_core_interfaces/msg/ex_joints__type_support.cpp.o[0m
[ 27%] [32mBuilding CXX object CMakeFiles/denso_robot_core_interfaces__rosidl_typesupport_cpp.dir/rosidl_typesupport_cpp/denso_robot_core_interfaces/msg/user_io__type_support.cpp.o[0m
[ 28%] [32mBuilding CXX object CMakeFiles/denso_robot_core_interfaces__rosidl_typesupport_cpp.dir/rosidl_typesupport_cpp/denso_robot_core_interfaces/srv/change_mode__type_support.cpp.o[0m
[ 31%] [32mBuilding CXX object CMakeFiles/denso_robot_core_interfaces__rosidl_typesupport_introspection_cpp.dir/rosidl_typesupport_introspection_cpp/denso_robot_core_interfaces/action/detail/move_value__type_support.cpp.o[0m
[ 31%] [32mBuilding CXX object CMakeFiles/denso_robot_core_interfaces__rosidl_typesupport_introspection_cpp.dir/rosidl_typesupport_introspection_cpp/denso_robot_core_interfaces/action/detail/drive_string__type_support.cpp.o[0m
[ 31%] [32mBuilding CXX object CMakeFiles/denso_robot_core_interfaces__rosidl_typesupport_introspection_cpp.dir/rosidl_typesupport_introspection_cpp/denso_robot_core_interfaces/action/detail/drive_value__type_support.cpp.o[0m
[ 33%] [32mBuilding CXX object CMakeFiles/denso_robot_core_interfaces__rosidl_typesupport_introspection_cpp.dir/rosidl_typesupport_introspection_cpp/denso_robot_core_interfaces/msg/detail/ex_joints__type_support.cpp.o[0m
[ 33%] [32mBuilding CXX object CMakeFiles/denso_robot_core_interfaces__rosidl_typesupport_introspection_cpp.dir/rosidl_typesupport_introspection_cpp/denso_robot_core_interfaces/msg/detail/joints__type_support.cpp.o[0m
[ 34%] [32mBuilding CXX object CMakeFiles/denso_robot_core_interfaces__rosidl_typesupport_introspection_cpp.dir/rosidl_typesupport_introspection_cpp/denso_robot_core_interfaces/srv/detail/change_mode__type_support.cpp.o[0m
[ 35%] [32mBuilding CXX object CMakeFiles/denso_robot_core_interfaces__rosidl_typesupport_introspection_cpp.dir/rosidl_typesupport_introspection_cpp/denso_robot_core_interfaces/action/detail/move_string__type_support.cpp.o[0m
[ 36%] [32mBuilding CXX object CMakeFiles/denso_robot_core_interfaces__rosidl_typesupport_introspection_cpp.dir/rosidl_typesupport_introspection_cpp/denso_robot_core_interfaces/msg/detail/pose_data__type_support.cpp.o[0m
[ 37%] [32mBuilding CXX object CMakeFiles/denso_robot_core_interfaces__rosidl_typesupport_introspection_cpp.dir/rosidl_typesupport_introspection_cpp/denso_robot_core_interfaces/msg/detail/user_io__type_support.cpp.o[0m
[ 38%] [32m[1mLinking CXX shared library libdenso_robot_core_interfaces__rosidl_typesupport_cpp.so[0m
[ 40%] [32mBuilding CXX object CMakeFiles/denso_robot_core_interfaces__rosidl_typesupport_c.dir/rosidl_typesupport_c/denso_robot_core_interfaces/action/drive_value__type_support.cpp.o[0m
[ 41%] [32mBuilding CXX object CMakeFiles/denso_robot_core_interfaces__rosidl_typesupport_c.dir/rosidl_typesupport_c/denso_robot_core_interfaces/action/drive_string__type_support.cpp.o[0m
[ 42%] [32mBuilding CXX object CMakeFiles/denso_robot_core_interfaces__rosidl_typesupport_c.dir/rosidl_typesupport_c/denso_robot_core_interfaces/action/move_string__type_support.cpp.o[0m
[ 42%] Built target denso_robot_core_interfaces__rosidl_typesupport_cpp
[ 43%] [32mBuilding CXX object CMakeFiles/denso_robot_core_interfaces__rosidl_typesupport_c.dir/rosidl_typesupport_c/denso_robot_core_interfaces/action/move_value__type_support.cpp.o[0m
[ 44%] [32mBuilding CXX object CMakeFiles/denso_robot_core_interfaces__rosidl_typesupport_c.dir/rosidl_typesupport_c/denso_robot_core_interfaces/msg/ex_joints__type_support.cpp.o[0m
[ 45%] [32mBuilding CXX object CMakeFiles/denso_robot_core_interfaces__rosidl_typesupport_c.dir/rosidl_typesupport_c/denso_robot_core_interfaces/msg/joints__type_support.cpp.o[0m
[ 46%] [32mBuilding CXX object CMakeFiles/denso_robot_core_interfaces__rosidl_typesupport_c.dir/rosidl_typesupport_c/denso_robot_core_interfaces/msg/pose_data__type_support.cpp.o[0m
[ 47%] [32mBuilding CXX object CMakeFiles/denso_robot_core_interfaces__rosidl_typesupport_c.dir/rosidl_typesupport_c/denso_robot_core_interfaces/srv/change_mode__type_support.cpp.o[0m
[ 48%] [32mBuilding CXX object CMakeFiles/denso_robot_core_interfaces__rosidl_typesupport_c.dir/rosidl_typesupport_c/denso_robot_core_interfaces/msg/user_io__type_support.cpp.o[0m
[ 49%] [32mBuilding CXX object CMakeFiles/denso_robot_core_interfaces__rosidl_typesupport_fastrtps_cpp.dir/rosidl_typesupport_fastrtps_cpp/denso_robot_core_interfaces/action/detail/dds_fastrtps/drive_string__type_support.cpp.o[0m
[ 50%] [32mBuilding CXX object CMakeFiles/denso_robot_core_interfaces__rosidl_typesupport_fastrtps_cpp.dir/rosidl_typesupport_fastrtps_cpp/denso_robot_core_interfaces/action/detail/dds_fastrtps/drive_value__type_support.cpp.o[0m
[ 52%] [32mBuilding CXX object CMakeFiles/denso_robot_core_interfaces__rosidl_typesupport_fastrtps_cpp.dir/rosidl_typesupport_fastrtps_cpp/denso_robot_core_interfaces/action/detail/dds_fastrtps/move_string__type_support.cpp.o[0m
[ 51%] [32m[1mLinking CXX shared library libdenso_robot_core_interfaces__rosidl_typesupport_c.so[0m
[ 53%] [32mBuilding CXX object CMakeFiles/denso_robot_core_interfaces__rosidl_typesupport_fastrtps_cpp.dir/rosidl_typesupport_fastrtps_cpp/denso_robot_core_interfaces/action/detail/dds_fastrtps/move_value__type_support.cpp.o[0m
[ 54%] [32mBuilding CXX object CMakeFiles/denso_robot_core_interfaces__rosidl_typesupport_fastrtps_cpp.dir/rosidl_typesupport_fastrtps_cpp/denso_robot_core_interfaces/msg/detail/dds_fastrtps/ex_joints__type_support.cpp.o[0m
[ 55%] [32mBuilding CXX object CMakeFiles/denso_robot_core_interfaces__rosidl_typesupport_fastrtps_cpp.dir/rosidl_typesupport_fastrtps_cpp/denso_robot_core_interfaces/msg/detail/dds_fastrtps/joints__type_support.cpp.o[0m
[ 55%] Built target denso_robot_core_interfaces__rosidl_typesupport_c
[ 56%] [32mBuilding CXX object CMakeFiles/denso_robot_core_interfaces__rosidl_typesupport_fastrtps_cpp.dir/rosidl_typesupport_fastrtps_cpp/denso_robot_core_interfaces/msg/detail/dds_fastrtps/pose_data__type_support.cpp.o[0m
[ 57%] [32mBuilding CXX object CMakeFiles/denso_robot_core_interfaces__rosidl_typesupport_fastrtps_cpp.dir/rosidl_typesupport_fastrtps_cpp/denso_robot_core_interfaces/srv/detail/dds_fastrtps/change_mode__type_support.cpp.o[0m
[ 58%] [32mBuilding CXX object CMakeFiles/denso_robot_core_interfaces__rosidl_typesupport_fastrtps_cpp.dir/rosidl_typesupport_fastrtps_cpp/denso_robot_core_interfaces/msg/detail/dds_fastrtps/user_io__type_support.cpp.o[0m
[ 60%] [32mBuilding C object CMakeFiles/denso_robot_core_interfaces__rosidl_typesupport_introspection_c.dir/rosidl_typesupport_introspection_c/denso_robot_core_interfaces/action/detail/drive_string__type_support.c.o[0m
[ 62%] [32mBuilding C object CMakeFiles/denso_robot_core_interfaces__rosidl_typesupport_introspection_c.dir/rosidl_typesupport_introspection_c/denso_robot_core_interfaces/action/detail/move_value__type_support.c.o[0m
[ 62%] [32mBuilding C object CMakeFiles/denso_robot_core_interfaces__rosidl_typesupport_introspection_c.dir/rosidl_typesupport_introspection_c/denso_robot_core_interfaces/action/detail/move_string__type_support.c.o[0m
[ 63%] [32mBuilding C object CMakeFiles/denso_robot_core_interfaces__rosidl_typesupport_introspection_c.dir/rosidl_typesupport_introspection_c/denso_robot_core_interfaces/action/detail/drive_value__type_support.c.o[0m
[ 64%] [32mBuilding C object CMakeFiles/denso_robot_core_interfaces__rosidl_typesupport_introspection_c.dir/rosidl_typesupport_introspection_c/denso_robot_core_interfaces/msg/detail/ex_joints__type_support.c.o[0m
[ 65%] [32m[1mLinking CXX shared library libdenso_robot_core_interfaces__rosidl_typesupport_introspection_cpp.so[0m
[ 66%] [32mBuilding CXX object CMakeFiles/denso_robot_core_interfaces__rosidl_typesupport_fastrtps_c.dir/rosidl_typesupport_fastrtps_c/denso_robot_core_interfaces/action/detail/drive_string__type_support_c.cpp.o[0m
[ 67%] [32mBuilding C object CMakeFiles/denso_robot_core_interfaces__rosidl_typesupport_introspection_c.dir/rosidl_typesupport_introspection_c/denso_robot_core_interfaces/msg/detail/joints__type_support.c.o[0m
[ 68%] [32mBuilding C object CMakeFiles/denso_robot_core_interfaces__rosidl_typesupport_introspection_c.dir/rosidl_typesupport_introspection_c/denso_robot_core_interfaces/msg/detail/pose_data__type_support.c.o[0m
[ 69%] [32mBuilding C object CMakeFiles/denso_robot_core_interfaces__rosidl_typesupport_introspection_c.dir/rosidl_typesupport_introspection_c/denso_robot_core_interfaces/msg/detail/user_io__type_support.c.o[0m
[ 70%] [32mBuilding C object CMakeFiles/denso_robot_core_interfaces__rosidl_typesupport_introspection_c.dir/rosidl_typesupport_introspection_c/denso_robot_core_interfaces/srv/detail/change_mode__type_support.c.o[0m
[ 71%] [32mBuilding CXX object CMakeFiles/denso_robot_core_interfaces__rosidl_typesupport_fastrtps_c.dir/rosidl_typesupport_fastrtps_c/denso_robot_core_interfaces/action/detail/drive_value__type_support_c.cpp.o[0m
[ 72%] [32mBuilding CXX object CMakeFiles/denso_robot_core_interfaces__rosidl_typesupport_fastrtps_c.dir/rosidl_typesupport_fastrtps_c/denso_robot_core_interfaces/action/detail/move_string__type_support_c.cpp.o[0m
[ 72%] Built target denso_robot_core_interfaces__rosidl_typesupport_introspection_cpp
[ 73%] [32mBuilding CXX object CMakeFiles/denso_robot_core_interfaces__rosidl_typesupport_fastrtps_c.dir/rosidl_typesupport_fastrtps_c/denso_robot_core_interfaces/action/detail/move_value__type_support_c.cpp.o[0m
[ 74%] [32mBuilding CXX object CMakeFiles/denso_robot_core_interfaces__rosidl_typesupport_fastrtps_c.dir/rosidl_typesupport_fastrtps_c/denso_robot_core_interfaces/msg/detail/ex_joints__type_support_c.cpp.o[0m
[ 75%] [32mBuilding CXX object CMakeFiles/denso_robot_core_interfaces__rosidl_typesupport_fastrtps_c.dir/rosidl_typesupport_fastrtps_c/denso_robot_core_interfaces/msg/detail/joints__type_support_c.cpp.o[0m
[ 76%] [32mBuilding CXX object CMakeFiles/denso_robot_core_interfaces__rosidl_typesupport_fastrtps_c.dir/rosidl_typesupport_fastrtps_c/denso_robot_core_interfaces/msg/detail/pose_data__type_support_c.cpp.o[0m
[ 77%] [32m[1mLinking C shared library libdenso_robot_core_interfaces__rosidl_typesupport_introspection_c.so[0m
[ 78%] [32mBuilding CXX object CMakeFiles/denso_robot_core_interfaces__rosidl_typesupport_fastrtps_c.dir/rosidl_typesupport_fastrtps_c/denso_robot_core_interfaces/srv/detail/change_mode__type_support_c.cpp.o[0m
[ 78%] Built target denso_robot_core_interfaces__rosidl_typesupport_introspection_c
[ 80%] [32mBuilding CXX object CMakeFiles/denso_robot_core_interfaces__rosidl_typesupport_fastrtps_c.dir/rosidl_typesupport_fastrtps_c/denso_robot_core_interfaces/msg/detail/user_io__type_support_c.cpp.o[0m
[ 81%] [32m[1mLinking CXX shared library libdenso_robot_core_interfaces__rosidl_typesupport_fastrtps_cpp.so[0m
[ 81%] Built target denso_robot_core_interfaces__rosidl_typesupport_fastrtps_cpp
[ 82%] [32m[1mLinking CXX shared library libdenso_robot_core_interfaces__rosidl_typesupport_fastrtps_c.so[0m
[ 82%] Built target denso_robot_core_interfaces__rosidl_typesupport_fastrtps_c
[ 82%] Built target denso_robot_core_interfaces
[ 83%] [34m[1mGenerating Python code for ROS interfaces[0m
[ 83%] Built target denso_robot_core_interfaces__py
[ 84%] [32mBuilding C object CMakeFiles/denso_robot_core_interfaces__rosidl_generator_py.dir/rosidl_generator_py/denso_robot_core_interfaces/action/_move_string_s.c.o[0m
[ 85%] [32mBuilding C object CMakeFiles/denso_robot_core_interfaces__rosidl_generator_py.dir/rosidl_generator_py/denso_robot_core_interfaces/msg/_pose_data_s.c.o[0m
[ 86%] [32mBuilding C object CMakeFiles/denso_robot_core_interfaces__rosidl_generator_py.dir/rosidl_generator_py/denso_robot_core_interfaces/action/_move_value_s.c.o[0m
[ 87%] [32mBuilding C object CMakeFiles/denso_robot_core_interfaces__rosidl_generator_py.dir/rosidl_generator_py/denso_robot_core_interfaces/action/_drive_string_s.c.o[0m
[ 91%] [32mBuilding C object CMakeFiles/denso_robot_core_interfaces__rosidl_generator_py.dir/rosidl_generator_py/denso_robot_core_interfaces/srv/_change_mode_s.c.o[0m
[ 91%] [32mBuilding C object CMakeFiles/denso_robot_core_interfaces__rosidl_generator_py.dir/rosidl_generator_py/denso_robot_core_interfaces/msg/_joints_s.c.o[0m
[ 91%] [32mBuilding C object CMakeFiles/denso_robot_core_interfaces__rosidl_generator_py.dir/rosidl_generator_py/denso_robot_core_interfaces/action/_drive_value_s.c.o[0m
[ 91%] [32mBuilding C object CMakeFiles/denso_robot_core_interfaces__rosidl_generator_py.dir/rosidl_generator_py/denso_robot_core_interfaces/msg/_ex_joints_s.c.o[0m
[ 92%] [32mBuilding C object CMakeFiles/denso_robot_core_interfaces__rosidl_generator_py.dir/rosidl_generator_py/denso_robot_core_interfaces/msg/_user_io_s.c.o[0m
[ 93%] [32m[1mLinking C shared library rosidl_generator_py/denso_robot_core_interfaces/libdenso_robot_core_interfaces__rosidl_generator_py.so[0m
[ 93%] Built target denso_robot_core_interfaces__rosidl_generator_py
[ 94%] [32mBuilding C object CMakeFiles/denso_robot_core_interfaces__rosidl_typesupport_c__pyext.dir/rosidl_generator_py/denso_robot_core_interfaces/_denso_robot_core_interfaces_s.ep.rosidl_typesupport_c.c.o[0m
[ 95%] [32mBuilding C object CMakeFiles/denso_robot_core_interfaces__rosidl_typesupport_introspection_c__pyext.dir/rosidl_generator_py/denso_robot_core_interfaces/_denso_robot_core_interfaces_s.ep.rosidl_typesupport_introspection_c.c.o[0m
[ 96%] [32mBuilding C object CMakeFiles/denso_robot_core_interfaces__rosidl_typesupport_fastrtps_c__pyext.dir/rosidl_generator_py/denso_robot_core_interfaces/_denso_robot_core_interfaces_s.ep.rosidl_typesupport_fastrtps_c.c.o[0m
[ 97%] [32m[1mLinking C shared library rosidl_generator_py/denso_robot_core_interfaces/denso_robot_core_interfaces_s__rosidl_typesupport_c.cpython-310-x86_64-linux-gnu.so[0m
[ 97%] Built target denso_robot_core_interfaces__rosidl_typesupport_c__pyext
[ 98%] [32m[1mLinking C shared library rosidl_generator_py/denso_robot_core_interfaces/denso_robot_core_interfaces_s__rosidl_typesupport_introspection_c.cpython-310-x86_64-linux-gnu.so[0m
[ 98%] Built target denso_robot_core_interfaces__rosidl_typesupport_introspection_c__pyext
[100%] [32m[1mLinking C shared library rosidl_generator_py/denso_robot_core_interfaces/denso_robot_core_interfaces_s__rosidl_typesupport_fastrtps_c.cpython-310-x86_64-linux-gnu.so[0m
[100%] Built target denso_robot_core_interfaces__rosidl_typesupport_fastrtps_c__pyext
-- Install configuration: "Release"
-- Installing: /home/isg/workspace/denso_ros2_ws/src/install/denso_robot_core_interfaces/share/ament_index/resource_index/rosidl_interfaces/denso_robot_core_interfaces
-- Installing: /home/isg/workspace/denso_ros2_ws/src/install/denso_robot_core_interfaces/include/denso_robot_core_interfaces/denso_robot_core_interfaces
-- Installing: /home/isg/workspace/denso_ros2_ws/src/install/denso_robot_core_interfaces/include/denso_robot_core_interfaces/denso_robot_core_interfaces/srv
-- Installing: /home/isg/workspace/denso_ros2_ws/src/install/denso_robot_core_interfaces/include/denso_robot_core_interfaces/denso_robot_core_interfaces/srv/detail
-- Installing: /home/isg/workspace/denso_ros2_ws/src/install/denso_robot_core_interfaces/include/denso_robot_core_interfaces/denso_robot_core_interfaces/srv/detail/change_mode__functions.c
-- Installing: /home/isg/workspace/denso_ros2_ws/src/install/denso_robot_core_interfaces/include/denso_robot_core_interfaces/denso_robot_core_interfaces/srv/detail/change_mode__functions.h
-- Installing: /home/isg/workspace/denso_ros2_ws/src/install/denso_robot_core_interfaces/include/denso_robot_core_interfaces/denso_robot_core_interfaces/srv/detail/change_mode__struct.h
-- Installing: /home/isg/workspace/denso_ros2_ws/src/install/denso_robot_core_interfaces/include/denso_robot_core_interfaces/denso_robot_core_interfaces/srv/detail/change_mode__type_support.h
-- Installing: /home/isg/workspace/denso_ros2_ws/src/install/denso_robot_core_interfaces/include/denso_robot_core_interfaces/denso_robot_core_interfaces/srv/change_mode.h
-- Installing: /home/isg/workspace/denso_ros2_ws/src/install/denso_robot_core_interfaces/include/denso_robot_core_interfaces/denso_robot_core_interfaces/action
-- Installing: /home/isg/workspace/denso_ros2_ws/src/install/denso_robot_core_interfaces/include/denso_robot_core_interfaces/denso_robot_core_interfaces/action/detail
-- Installing: /home/isg/workspace/denso_ros2_ws/src/install/denso_robot_core_interfaces/include/denso_robot_core_interfaces/denso_robot_core_interfaces/action/detail/drive_value__type_support.h
-- Installing: /home/isg/workspace/denso_ros2_ws/src/install/denso_robot_core_interfaces/include/denso_robot_core_interfaces/denso_robot_core_interfaces/action/detail/move_value__type_support.h
-- Installing: /home/isg/workspace/denso_ros2_ws/src/install/denso_robot_core_interfaces/include/denso_robot_core_interfaces/denso_robot_core_interfaces/action/detail/move_string__functions.c
-- Installing: /home/isg/workspace/denso_ros2_ws/src/install/denso_robot_core_interfaces/include/denso_robot_core_interfaces/denso_robot_core_interfaces/action/detail/drive_string__functions.c
-- Installing: /home/isg/workspace/denso_ros2_ws/src/install/denso_robot_core_interfaces/include/denso_robot_core_interfaces/denso_robot_core_interfaces/action/detail/drive_string__type_support.h
-- Installing: /home/isg/workspace/denso_ros2_ws/src/install/denso_robot_core_interfaces/include/denso_robot_core_interfaces/denso_robot_core_interfaces/action/detail/move_string__type_support.h
-- Installing: /home/isg/workspace/denso_ros2_ws/src/install/denso_robot_core_interfaces/include/denso_robot_core_interfaces/denso_robot_core_interfaces/action/detail/move_value__struct.h
-- Installing: /home/isg/workspace/denso_ros2_ws/src/install/denso_robot_core_interfaces/include/denso_robot_core_interfaces/denso_robot_core_interfaces/action/detail/drive_value__functions.h
-- Installing: /home/isg/workspace/denso_ros2_ws/src/install/denso_robot_core_interfaces/include/denso_robot_core_interfaces/denso_robot_core_interfaces/action/detail/move_value__functions.h
-- Installing: /home/isg/workspace/denso_ros2_ws/src/install/denso_robot_core_interfaces/include/denso_robot_core_interfaces/denso_robot_core_interfaces/action/detail/move_string__functions.h
-- Installing: /home/isg/workspace/denso_ros2_ws/src/install/denso_robot_core_interfaces/include/denso_robot_core_interfaces/denso_robot_core_interfaces/action/detail/drive_string__functions.h
-- Installing: /home/isg/workspace/denso_ros2_ws/src/install/denso_robot_core_interfaces/include/denso_robot_core_interfaces/denso_robot_core_interfaces/action/detail/drive_string__struct.h
-- Installing: /home/isg/workspace/denso_ros2_ws/src/install/denso_robot_core_interfaces/include/denso_robot_core_interfaces/denso_robot_core_interfaces/action/detail/drive_value__functions.c
-- Installing: /home/isg/workspace/denso_ros2_ws/src/install/denso_robot_core_interfaces/include/denso_robot_core_interfaces/denso_robot_core_interfaces/action/detail/drive_value__struct.h
-- Installing: /home/isg/workspace/denso_ros2_ws/src/install/denso_robot_core_interfaces/include/denso_robot_core_interfaces/denso_robot_core_interfaces/action/detail/move_value__functions.c
-- Installing: /home/isg/workspace/denso_ros2_ws/src/install/denso_robot_core_interfaces/include/denso_robot_core_interfaces/denso_robot_core_interfaces/action/detail/move_string__struct.h
-- Installing: /home/isg/workspace/denso_ros2_ws/src/install/denso_robot_core_interfaces/include/denso_robot_core_interfaces/denso_robot_core_interfaces/action/move_value.h
-- Installing: /home/isg/workspace/denso_ros2_ws/src/install/denso_robot_core_interfaces/include/denso_robot_core_interfaces/denso_robot_core_interfaces/action/drive_value.h
-- Installing: /home/isg/workspace/denso_ros2_ws/src/install/denso_robot_core_interfaces/include/denso_robot_core_interfaces/denso_robot_core_interfaces/action/move_string.h
-- Installing: /home/isg/workspace/denso_ros2_ws/src/install/denso_robot_core_interfaces/include/denso_robot_core_interfaces/denso_robot_core_interfaces/action/drive_string.h
-- Installing: /home/isg/workspace/denso_ros2_ws/src/install/denso_robot_core_interfaces/include/denso_robot_core_interfaces/denso_robot_core_interfaces/msg
-- Installing: /home/isg/workspace/denso_ros2_ws/src/install/denso_robot_core_interfaces/include/denso_robot_core_interfaces/denso_robot_core_interfaces/msg/detail
-- Installing: /home/isg/workspace/denso_ros2_ws/src/install/denso_robot_core_interfaces/include/denso_robot_core_interfaces/denso_robot_core_interfaces/msg/detail/ex_joints__type_support.h
-- Installing: /home/isg/workspace/denso_ros2_ws/src/install/denso_robot_core_interfaces/include/denso_robot_core_interfaces/denso_robot_core_interfaces/msg/detail/pose_data__type_support.h
-- Installing: /home/isg/workspace/denso_ros2_ws/src/install/denso_robot_core_interfaces/include/denso_robot_core_interfaces/denso_robot_core_interfaces/msg/detail/pose_data__struct.h
-- Installing: /home/isg/workspace/denso_ros2_ws/src/install/denso_robot_core_interfaces/include/denso_robot_core_interfaces/denso_robot_core_interfaces/msg/detail/pose_data__functions.c
-- Installing: /home/isg/workspace/denso_ros2_ws/src/install/denso_robot_core_interfaces/include/denso_robot_core_interfaces/denso_robot_core_interfaces/msg/detail/user_io__functions.h
-- Installing: /home/isg/workspace/denso_ros2_ws/src/install/denso_robot_core_interfaces/include/denso_robot_core_interfaces/denso_robot_core_interfaces/msg/detail/joints__functions.c
-- Installing: /home/isg/workspace/denso_ros2_ws/src/install/denso_robot_core_interfaces/include/denso_robot_core_interfaces/denso_robot_core_interfaces/msg/detail/ex_joints__functions.c
-- Installing: /home/isg/workspace/denso_ros2_ws/src/install/denso_robot_core_interfaces/include/denso_robot_core_interfaces/denso_robot_core_interfaces/msg/detail/ex_joints__functions.h
-- Installing: /home/isg/workspace/denso_ros2_ws/src/install/denso_robot_core_interfaces/include/denso_robot_core_interfaces/denso_robot_core_interfaces/msg/detail/user_io__functions.c
-- Installing: /home/isg/workspace/denso_ros2_ws/src/install/denso_robot_core_interfaces/include/denso_robot_core_interfaces/denso_robot_core_interfaces/msg/detail/ex_joints__struct.h
-- Installing: /home/isg/workspace/denso_ros2_ws/src/install/denso_robot_core_interfaces/include/denso_robot_core_interfaces/denso_robot_core_interfaces/msg/detail/user_io__type_support.h
-- Installing: /home/isg/workspace/denso_ros2_ws/src/install/denso_robot_core_interfaces/include/denso_robot_core_interfaces/denso_robot_core_interfaces/msg/detail/pose_data__functions.h
-- Installing: /home/isg/workspace/denso_ros2_ws/src/install/denso_robot_core_interfaces/include/denso_robot_core_interfaces/denso_robot_core_interfaces/msg/detail/joints__functions.h
-- Installing: /home/isg/workspace/denso_ros2_ws/src/install/denso_robot_core_interfaces/include/denso_robot_core_interfaces/denso_robot_core_interfaces/msg/detail/user_io__struct.h
-- Installing: /home/isg/workspace/denso_ros2_ws/src/install/denso_robot_core_interfaces/include/denso_robot_core_interfaces/denso_robot_core_interfaces/msg/detail/joints__type_support.h
-- Installing: /home/isg/workspace/denso_ros2_ws/src/install/denso_robot_core_interfaces/include/denso_robot_core_interfaces/denso_robot_core_interfaces/msg/detail/joints__struct.h
-- Installing: /home/isg/workspace/denso_ros2_ws/src/install/denso_robot_core_interfaces/include/denso_robot_core_interfaces/denso_robot_core_interfaces/msg/pose_data.h
-- Installing: /home/isg/workspace/denso_ros2_ws/src/install/denso_robot_core_interfaces/include/denso_robot_core_interfaces/denso_robot_core_interfaces/msg/rosidl_generator_c__visibility_control.h
-- Installing: /home/isg/workspace/denso_ros2_ws/src/install/denso_robot_core_interfaces/include/denso_robot_core_interfaces/denso_robot_core_interfaces/msg/joints.h
-- Installing: /home/isg/workspace/denso_ros2_ws/src/install/denso_robot_core_interfaces/include/denso_robot_core_interfaces/denso_robot_core_interfaces/msg/ex_joints.h
-- Installing: /home/isg/workspace/denso_ros2_ws/src/install/denso_robot_core_interfaces/include/denso_robot_core_interfaces/denso_robot_core_interfaces/msg/user_io.h
-- Installing: /home/isg/workspace/denso_ros2_ws/src/install/denso_robot_core_interfaces/share/denso_robot_core_interfaces/environment/library_path.sh
-- Installing: /home/isg/workspace/denso_ros2_ws/src/install/denso_robot_core_interfaces/share/denso_robot_core_interfaces/environment/library_path.dsv
-- Installing: /home/isg/workspace/denso_ros2_ws/src/install/denso_robot_core_interfaces/lib/libdenso_robot_core_interfaces__rosidl_generator_c.so
-- Set runtime path of "/home/isg/workspace/denso_ros2_ws/src/install/denso_robot_core_interfaces/lib/libdenso_robot_core_interfaces__rosidl_generator_c.so" to ""
-- Up-to-date: /home/isg/workspace/denso_ros2_ws/src/install/denso_robot_core_interfaces/include/denso_robot_core_interfaces/denso_robot_core_interfaces
-- Up-to-date: /home/isg/workspace/denso_ros2_ws/src/install/denso_robot_core_interfaces/include/denso_robot_core_interfaces/denso_robot_core_interfaces/srv
-- Up-to-date: /home/isg/workspace/denso_ros2_ws/src/install/denso_robot_core_interfaces/include/denso_robot_core_interfaces/denso_robot_core_interfaces/srv/detail
-- Installing: /home/isg/workspace/denso_ros2_ws/src/install/denso_robot_core_interfaces/include/denso_robot_core_interfaces/denso_robot_core_interfaces/srv/detail/change_mode__rosidl_typesupport_fastrtps_c.h
-- Up-to-date: /home/isg/workspace/denso_ros2_ws/src/install/denso_robot_core_interfaces/include/denso_robot_core_interfaces/denso_robot_core_interfaces/action
-- Up-to-date: /home/isg/workspace/denso_ros2_ws/src/install/denso_robot_core_interfaces/include/denso_robot_core_interfaces/denso_robot_core_interfaces/action/detail
-- Installing: /home/isg/workspace/denso_ros2_ws/src/install/denso_robot_core_interfaces/include/denso_robot_core_interfaces/denso_robot_core_interfaces/action/detail/move_string__rosidl_typesupport_fastrtps_c.h
-- Installing: /home/isg/workspace/denso_ros2_ws/src/install/denso_robot_core_interfaces/include/denso_robot_core_interfaces/denso_robot_core_interfaces/action/detail/drive_string__rosidl_typesupport_fastrtps_c.h
-- Installing: /home/isg/workspace/denso_ros2_ws/src/install/denso_robot_core_interfaces/include/denso_robot_core_interfaces/denso_robot_core_interfaces/action/detail/drive_value__rosidl_typesupport_fastrtps_c.h
-- Installing: /home/isg/workspace/denso_ros2_ws/src/install/denso_robot_core_interfaces/include/denso_robot_core_interfaces/denso_robot_core_interfaces/action/detail/move_value__rosidl_typesupport_fastrtps_c.h
-- Up-to-date: /home/isg/workspace/denso_ros2_ws/src/install/denso_robot_core_interfaces/include/denso_robot_core_interfaces/denso_robot_core_interfaces/msg
-- Installing: /home/isg/workspace/denso_ros2_ws/src/install/denso_robot_core_interfaces/include/denso_robot_core_interfaces/denso_robot_core_interfaces/msg/rosidl_typesupport_fastrtps_c__visibility_control.h
-- Up-to-date: /home/isg/workspace/denso_ros2_ws/src/install/denso_robot_core_interfaces/include/denso_robot_core_interfaces/denso_robot_core_interfaces/msg/detail
-- Installing: /home/isg/workspace/denso_ros2_ws/src/install/denso_robot_core_interfaces/include/denso_robot_core_interfaces/denso_robot_core_interfaces/msg/detail/user_io__rosidl_typesupport_fastrtps_c.h
-- Installing: /home/isg/workspace/denso_ros2_ws/src/install/denso_robot_core_interfaces/include/denso_robot_core_interfaces/denso_robot_core_interfaces/msg/detail/ex_joints__rosidl_typesupport_fastrtps_c.h
-- Installing: /home/isg/workspace/denso_ros2_ws/src/install/denso_robot_core_interfaces/include/denso_robot_core_interfaces/denso_robot_core_interfaces/msg/detail/joints__rosidl_typesupport_fastrtps_c.h
-- Installing: /home/isg/workspace/denso_ros2_ws/src/install/denso_robot_core_interfaces/include/denso_robot_core_interfaces/denso_robot_core_interfaces/msg/detail/pose_data__rosidl_typesupport_fastrtps_c.h
-- Installing: /home/isg/workspace/denso_ros2_ws/src/install/denso_robot_core_interfaces/lib/libdenso_robot_core_interfaces__rosidl_typesupport_fastrtps_c.so
-- Set runtime path of "/home/isg/workspace/denso_ros2_ws/src/install/denso_robot_core_interfaces/lib/libdenso_robot_core_interfaces__rosidl_typesupport_fastrtps_c.so" to ""
-- Up-to-date: /home/isg/workspace/denso_ros2_ws/src/install/denso_robot_core_interfaces/include/denso_robot_core_interfaces/denso_robot_core_interfaces
-- Up-to-date: /home/isg/workspace/denso_ros2_ws/src/install/denso_robot_core_interfaces/include/denso_robot_core_interfaces/denso_robot_core_interfaces/srv
-- Up-to-date: /home/isg/workspace/denso_ros2_ws/src/install/denso_robot_core_interfaces/include/denso_robot_core_interfaces/denso_robot_core_interfaces/srv/detail
-- Installing: /home/isg/workspace/denso_ros2_ws/src/install/denso_robot_core_interfaces/include/denso_robot_core_interfaces/denso_robot_core_interfaces/srv/detail/change_mode__rosidl_typesupport_introspection_c.h
-- Installing: /home/isg/workspace/denso_ros2_ws/src/install/denso_robot_core_interfaces/include/denso_robot_core_interfaces/denso_robot_core_interfaces/srv/detail/change_mode__type_support.c
-- Up-to-date: /home/isg/workspace/denso_ros2_ws/src/install/denso_robot_core_interfaces/include/denso_robot_core_interfaces/denso_robot_core_interfaces/action
-- Up-to-date: /home/isg/workspace/denso_ros2_ws/src/install/denso_robot_core_interfaces/include/denso_robot_core_interfaces/denso_robot_core_interfaces/action/detail
-- Installing: /home/isg/workspace/denso_ros2_ws/src/install/denso_robot_core_interfaces/include/denso_robot_core_interfaces/denso_robot_core_interfaces/action/detail/drive_string__rosidl_typesupport_introspection_c.h
-- Installing: /home/isg/workspace/denso_ros2_ws/src/install/denso_robot_core_interfaces/include/denso_robot_core_interfaces/denso_robot_core_interfaces/action/detail/move_string__rosidl_typesupport_introspection_c.h
-- Installing: /home/isg/workspace/denso_ros2_ws/src/install/denso_robot_core_interfaces/include/denso_robot_core_interfaces/denso_robot_core_interfaces/action/detail/drive_string__type_support.c
-- Installing: /home/isg/workspace/denso_ros2_ws/src/install/denso_robot_core_interfaces/include/denso_robot_core_interfaces/denso_robot_core_interfaces/action/detail/move_value__rosidl_typesupport_introspection_c.h
-- Installing: /home/isg/workspace/denso_ros2_ws/src/install/denso_robot_core_interfaces/include/denso_robot_core_interfaces/denso_robot_core_interfaces/action/detail/drive_value__rosidl_typesupport_introspection_c.h
-- Installing: /home/isg/workspace/denso_ros2_ws/src/install/denso_robot_core_interfaces/include/denso_robot_core_interfaces/denso_robot_core_interfaces/action/detail/drive_value__type_support.c
-- Installing: /home/isg/workspace/denso_ros2_ws/src/install/denso_robot_core_interfaces/include/denso_robot_core_interfaces/denso_robot_core_interfaces/action/detail/move_string__type_support.c
-- Installing: /home/isg/workspace/denso_ros2_ws/src/install/denso_robot_core_interfaces/include/denso_robot_core_interfaces/denso_robot_core_interfaces/action/detail/move_value__type_support.c
-- Up-to-date: /home/isg/workspace/denso_ros2_ws/src/install/denso_robot_core_interfaces/include/denso_robot_core_interfaces/denso_robot_core_interfaces/msg
-- Installing: /home/isg/workspace/denso_ros2_ws/src/install/denso_robot_core_interfaces/include/denso_robot_core_interfaces/denso_robot_core_interfaces/msg/rosidl_typesupport_introspection_c__visibility_control.h
-- Up-to-date: /home/isg/workspace/denso_ros2_ws/src/install/denso_robot_core_interfaces/include/denso_robot_core_interfaces/denso_robot_core_interfaces/msg/detail
-- Installing: /home/isg/workspace/denso_ros2_ws/src/install/denso_robot_core_interfaces/include/denso_robot_core_interfaces/denso_robot_core_interfaces/msg/detail/user_io__type_support.c
-- Installing: /home/isg/workspace/denso_ros2_ws/src/install/denso_robot_core_interfaces/include/denso_robot_core_interfaces/denso_robot_core_interfaces/msg/detail/pose_data__type_support.c
-- Installing: /home/isg/workspace/denso_ros2_ws/src/install/denso_robot_core_interfaces/include/denso_robot_core_interfaces/denso_robot_core_interfaces/msg/detail/pose_data__rosidl_typesupport_introspection_c.h
-- Installing: /home/isg/workspace/denso_ros2_ws/src/install/denso_robot_core_interfaces/include/denso_robot_core_interfaces/denso_robot_core_interfaces/msg/detail/joints__rosidl_typesupport_introspection_c.h
-- Installing: /home/isg/workspace/denso_ros2_ws/src/install/denso_robot_core_interfaces/include/denso_robot_core_interfaces/denso_robot_core_interfaces/msg/detail/ex_joints__type_support.c
-- Installing: /home/isg/workspace/denso_ros2_ws/src/install/denso_robot_core_interfaces/include/denso_robot_core_interfaces/denso_robot_core_interfaces/msg/detail/ex_joints__rosidl_typesupport_introspection_c.h
-- Installing: /home/isg/workspace/denso_ros2_ws/src/install/denso_robot_core_interfaces/include/denso_robot_core_interfaces/denso_robot_core_interfaces/msg/detail/user_io__rosidl_typesupport_introspection_c.h
-- Installing: /home/isg/workspace/denso_ros2_ws/src/install/denso_robot_core_interfaces/include/denso_robot_core_interfaces/denso_robot_core_interfaces/msg/detail/joints__type_support.c
-- Installing: /home/isg/workspace/denso_ros2_ws/src/install/denso_robot_core_interfaces/lib/libdenso_robot_core_interfaces__rosidl_typesupport_introspection_c.so
-- Set runtime path of "/home/isg/workspace/denso_ros2_ws/src/install/denso_robot_core_interfaces/lib/libdenso_robot_core_interfaces__rosidl_typesupport_introspection_c.so" to ""
-- Installing: /home/isg/workspace/denso_ros2_ws/src/install/denso_robot_core_interfaces/lib/libdenso_robot_core_interfaces__rosidl_typesupport_c.so
-- Set runtime path of "/home/isg/workspace/denso_ros2_ws/src/install/denso_robot_core_interfaces/lib/libdenso_robot_core_interfaces__rosidl_typesupport_c.so" to ""
-- Up-to-date: /home/isg/workspace/denso_ros2_ws/src/install/denso_robot_core_interfaces/include/denso_robot_core_interfaces/denso_robot_core_interfaces
-- Up-to-date: /home/isg/workspace/denso_ros2_ws/src/install/denso_robot_core_interfaces/include/denso_robot_core_interfaces/denso_robot_core_interfaces/srv
-- Up-to-date: /home/isg/workspace/denso_ros2_ws/src/install/denso_robot_core_interfaces/include/denso_robot_core_interfaces/denso_robot_core_interfaces/srv/detail
-- Installing: /home/isg/workspace/denso_ros2_ws/src/install/denso_robot_core_interfaces/include/denso_robot_core_interfaces/denso_robot_core_interfaces/srv/detail/change_mode__traits.hpp
-- Installing: /home/isg/workspace/denso_ros2_ws/src/install/denso_robot_core_interfaces/include/denso_robot_core_interfaces/denso_robot_core_interfaces/srv/detail/change_mode__struct.hpp
-- Installing: /home/isg/workspace/denso_ros2_ws/src/install/denso_robot_core_interfaces/include/denso_robot_core_interfaces/denso_robot_core_interfaces/srv/detail/change_mode__builder.hpp
-- Installing: /home/isg/workspace/denso_ros2_ws/src/install/denso_robot_core_interfaces/include/denso_robot_core_interfaces/denso_robot_core_interfaces/srv/detail/change_mode__type_support.hpp
-- Installing: /home/isg/workspace/denso_ros2_ws/src/install/denso_robot_core_interfaces/include/denso_robot_core_interfaces/denso_robot_core_interfaces/srv/change_mode.hpp
-- Up-to-date: /home/isg/workspace/denso_ros2_ws/src/install/denso_robot_core_interfaces/include/denso_robot_core_interfaces/denso_robot_core_interfaces/action
-- Installing: /home/isg/workspace/denso_ros2_ws/src/install/denso_robot_core_interfaces/include/denso_robot_core_interfaces/denso_robot_core_interfaces/action/move_string.hpp
-- Up-to-date: /home/isg/workspace/denso_ros2_ws/src/install/denso_robot_core_interfaces/include/denso_robot_core_interfaces/denso_robot_core_interfaces/action/detail
-- Installing: /home/isg/workspace/denso_ros2_ws/src/install/denso_robot_core_interfaces/include/denso_robot_core_interfaces/denso_robot_core_interfaces/action/detail/move_string__struct.hpp
-- Installing: /home/isg/workspace/denso_ros2_ws/src/install/denso_robot_core_interfaces/include/denso_robot_core_interfaces/denso_robot_core_interfaces/action/detail/drive_string__type_support.hpp
-- Installing: /home/isg/workspace/denso_ros2_ws/src/install/denso_robot_core_interfaces/include/denso_robot_core_interfaces/denso_robot_core_interfaces/action/detail/drive_value__builder.hpp
-- Installing: /home/isg/workspace/denso_ros2_ws/src/install/denso_robot_core_interfaces/include/denso_robot_core_interfaces/denso_robot_core_interfaces/action/detail/move_value__builder.hpp
-- Installing: /home/isg/workspace/denso_ros2_ws/src/install/denso_robot_core_interfaces/include/denso_robot_core_interfaces/denso_robot_core_interfaces/action/detail/move_value__traits.hpp
-- Installing: /home/isg/workspace/denso_ros2_ws/src/install/denso_robot_core_interfaces/include/denso_robot_core_interfaces/denso_robot_core_interfaces/action/detail/drive_value__struct.hpp
-- Installing: /home/isg/workspace/denso_ros2_ws/src/install/denso_robot_core_interfaces/include/denso_robot_core_interfaces/denso_robot_core_interfaces/action/detail/drive_string__traits.hpp
-- Installing: /home/isg/workspace/denso_ros2_ws/src/install/denso_robot_core_interfaces/include/denso_robot_core_interfaces/denso_robot_core_interfaces/action/detail/drive_string__struct.hpp
-- Installing: /home/isg/workspace/denso_ros2_ws/src/install/denso_robot_core_interfaces/include/denso_robot_core_interfaces/denso_robot_core_interfaces/action/detail/move_string__type_support.hpp
-- Installing: /home/isg/workspace/denso_ros2_ws/src/install/denso_robot_core_interfaces/include/denso_robot_core_interfaces/denso_robot_core_interfaces/action/detail/move_value__type_support.hpp
-- Installing: /home/isg/workspace/denso_ros2_ws/src/install/denso_robot_core_interfaces/include/denso_robot_core_interfaces/denso_robot_core_interfaces/action/detail/move_string__builder.hpp
-- Installing: /home/isg/workspace/denso_ros2_ws/src/install/denso_robot_core_interfaces/include/denso_robot_core_interfaces/denso_robot_core_interfaces/action/detail/move_value__struct.hpp
-- Installing: /home/isg/workspace/denso_ros2_ws/src/install/denso_robot_core_interfaces/include/denso_robot_core_interfaces/denso_robot_core_interfaces/action/detail/drive_value__type_support.hpp
-- Installing: /home/isg/workspace/denso_ros2_ws/src/install/denso_robot_core_interfaces/include/denso_robot_core_interfaces/denso_robot_core_interfaces/action/detail/drive_value__traits.hpp
-- Installing: /home/isg/workspace/denso_ros2_ws/src/install/denso_robot_core_interfaces/include/denso_robot_core_interfaces/denso_robot_core_interfaces/action/detail/drive_string__builder.hpp
-- Installing: /home/isg/workspace/denso_ros2_ws/src/install/denso_robot_core_interfaces/include/denso_robot_core_interfaces/denso_robot_core_interfaces/action/detail/move_string__traits.hpp
-- Installing: /home/isg/workspace/denso_ros2_ws/src/install/denso_robot_core_interfaces/include/denso_robot_core_interfaces/denso_robot_core_interfaces/action/drive_string.hpp
-- Installing: /home/isg/workspace/denso_ros2_ws/src/install/denso_robot_core_interfaces/include/denso_robot_core_interfaces/denso_robot_core_interfaces/action/move_value.hpp
-- Installing: /home/isg/workspace/denso_ros2_ws/src/install/denso_robot_core_interfaces/include/denso_robot_core_interfaces/denso_robot_core_interfaces/action/drive_value.hpp
-- Up-to-date: /home/isg/workspace/denso_ros2_ws/src/install/denso_robot_core_interfaces/include/denso_robot_core_interfaces/denso_robot_core_interfaces/msg
-- Installing: /home/isg/workspace/denso_ros2_ws/src/install/denso_robot_core_interfaces/include/denso_robot_core_interfaces/denso_robot_core_interfaces/msg/joints.hpp
-- Up-to-date: /home/isg/workspace/denso_ros2_ws/src/install/denso_robot_core_interfaces/include/denso_robot_core_interfaces/denso_robot_core_interfaces/msg/detail
-- Installing: /home/isg/workspace/denso_ros2_ws/src/install/denso_robot_core_interfaces/include/denso_robot_core_interfaces/denso_robot_core_interfaces/msg/detail/pose_data__type_support.hpp
-- Installing: /home/isg/workspace/denso_ros2_ws/src/install/denso_robot_core_interfaces/include/denso_robot_core_interfaces/denso_robot_core_interfaces/msg/detail/joints__type_support.hpp
-- Installing: /home/isg/workspace/denso_ros2_ws/src/install/denso_robot_core_interfaces/include/denso_robot_core_interfaces/denso_robot_core_interfaces/msg/detail/pose_data__traits.hpp
-- Installing: /home/isg/workspace/denso_ros2_ws/src/install/denso_robot_core_interfaces/include/denso_robot_core_interfaces/denso_robot_core_interfaces/msg/detail/ex_joints__traits.hpp
-- Installing: /home/isg/workspace/denso_ros2_ws/src/install/denso_robot_core_interfaces/include/denso_robot_core_interfaces/denso_robot_core_interfaces/msg/detail/user_io__traits.hpp
-- Installing: /home/isg/workspace/denso_ros2_ws/src/install/denso_robot_core_interfaces/include/denso_robot_core_interfaces/denso_robot_core_interfaces/msg/detail/joints__builder.hpp
-- Installing: /home/isg/workspace/denso_ros2_ws/src/install/denso_robot_core_interfaces/include/denso_robot_core_interfaces/denso_robot_core_interfaces/msg/detail/ex_joints__type_support.hpp
-- Installing: /home/isg/workspace/denso_ros2_ws/src/install/denso_robot_core_interfaces/include/denso_robot_core_interfaces/denso_robot_core_interfaces/msg/detail/user_io__builder.hpp
-- Installing: /home/isg/workspace/denso_ros2_ws/src/install/denso_robot_core_interfaces/include/denso_robot_core_interfaces/denso_robot_core_interfaces/msg/detail/pose_data__builder.hpp
-- Installing: /home/isg/workspace/denso_ros2_ws/src/install/denso_robot_core_interfaces/include/denso_robot_core_interfaces/denso_robot_core_interfaces/msg/detail/joints__traits.hpp
-- Installing: /home/isg/workspace/denso_ros2_ws/src/install/denso_robot_core_interfaces/include/denso_robot_core_interfaces/denso_robot_core_interfaces/msg/detail/ex_joints__struct.hpp
-- Installing: /home/isg/workspace/denso_ros2_ws/src/install/denso_robot_core_interfaces/include/denso_robot_core_interfaces/denso_robot_core_interfaces/msg/detail/ex_joints__builder.hpp
-- Installing: /home/isg/workspace/denso_ros2_ws/src/install/denso_robot_core_interfaces/include/denso_robot_core_interfaces/denso_robot_core_interfaces/msg/detail/user_io__struct.hpp
-- Installing: /home/isg/workspace/denso_ros2_ws/src/install/denso_robot_core_interfaces/include/denso_robot_core_interfaces/denso_robot_core_interfaces/msg/detail/joints__struct.hpp
-- Installing: /home/isg/workspace/denso_ros2_ws/src/install/denso_robot_core_interfaces/include/denso_robot_core_interfaces/denso_robot_core_interfaces/msg/detail/pose_data__struct.hpp
-- Installing: /home/isg/workspace/denso_ros2_ws/src/install/denso_robot_core_interfaces/include/denso_robot_core_interfaces/denso_robot_core_interfaces/msg/detail/user_io__type_support.hpp
-- Installing: /home/isg/workspace/denso_ros2_ws/src/install/denso_robot_core_interfaces/include/denso_robot_core_interfaces/denso_robot_core_interfaces/msg/rosidl_generator_cpp__visibility_control.hpp
-- Installing: /home/isg/workspace/denso_ros2_ws/src/install/denso_robot_core_interfaces/include/denso_robot_core_interfaces/denso_robot_core_interfaces/msg/ex_joints.hpp
-- Installing: /home/isg/workspace/denso_ros2_ws/src/install/denso_robot_core_interfaces/include/denso_robot_core_interfaces/denso_robot_core_interfaces/msg/pose_data.hpp
-- Installing: /home/isg/workspace/denso_ros2_ws/src/install/denso_robot_core_interfaces/include/denso_robot_core_interfaces/denso_robot_core_interfaces/msg/user_io.hpp
-- Up-to-date: /home/isg/workspace/denso_ros2_ws/src/install/denso_robot_core_interfaces/include/denso_robot_core_interfaces/denso_robot_core_interfaces
-- Up-to-date: /home/isg/workspace/denso_ros2_ws/src/install/denso_robot_core_interfaces/include/denso_robot_core_interfaces/denso_robot_core_interfaces/srv
-- Up-to-date: /home/isg/workspace/denso_ros2_ws/src/install/denso_robot_core_interfaces/include/denso_robot_core_interfaces/denso_robot_core_interfaces/srv/detail
-- Installing: /home/isg/workspace/denso_ros2_ws/src/install/denso_robot_core_interfaces/include/denso_robot_core_interfaces/denso_robot_core_interfaces/srv/detail/change_mode__rosidl_typesupport_fastrtps_cpp.hpp
-- Installing: /home/isg/workspace/denso_ros2_ws/src/install/denso_robot_core_interfaces/include/denso_robot_core_interfaces/denso_robot_core_interfaces/srv/detail/dds_fastrtps
-- Up-to-date: /home/isg/workspace/denso_ros2_ws/src/install/denso_robot_core_interfaces/include/denso_robot_core_interfaces/denso_robot_core_interfaces/action
-- Up-to-date: /home/isg/workspace/denso_ros2_ws/src/install/denso_robot_core_interfaces/include/denso_robot_core_interfaces/denso_robot_core_interfaces/action/detail
-- Installing: /home/isg/workspace/denso_ros2_ws/src/install/denso_robot_core_interfaces/include/denso_robot_core_interfaces/denso_robot_core_interfaces/action/detail/dds_fastrtps
-- Installing: /home/isg/workspace/denso_ros2_ws/src/install/denso_robot_core_interfaces/include/denso_robot_core_interfaces/denso_robot_core_interfaces/action/detail/drive_value__rosidl_typesupport_fastrtps_cpp.hpp
-- Installing: /home/isg/workspace/denso_ros2_ws/src/install/denso_robot_core_interfaces/include/denso_robot_core_interfaces/denso_robot_core_interfaces/action/detail/move_value__rosidl_typesupport_fastrtps_cpp.hpp
-- Installing: /home/isg/workspace/denso_ros2_ws/src/install/denso_robot_core_interfaces/include/denso_robot_core_interfaces/denso_robot_core_interfaces/action/detail/drive_string__rosidl_typesupport_fastrtps_cpp.hpp
-- Installing: /home/isg/workspace/denso_ros2_ws/src/install/denso_robot_core_interfaces/include/denso_robot_core_interfaces/denso_robot_core_interfaces/action/detail/move_string__rosidl_typesupport_fastrtps_cpp.hpp
-- Up-to-date: /home/isg/workspace/denso_ros2_ws/src/install/denso_robot_core_interfaces/include/denso_robot_core_interfaces/denso_robot_core_interfaces/msg
-- Up-to-date: /home/isg/workspace/denso_ros2_ws/src/install/denso_robot_core_interfaces/include/denso_robot_core_interfaces/denso_robot_core_interfaces/msg/detail
-- Installing: /home/isg/workspace/denso_ros2_ws/src/install/denso_robot_core_interfaces/include/denso_robot_core_interfaces/denso_robot_core_interfaces/msg/detail/pose_data__rosidl_typesupport_fastrtps_cpp.hpp
-- Installing: /home/isg/workspace/denso_ros2_ws/src/install/denso_robot_core_interfaces/include/denso_robot_core_interfaces/denso_robot_core_interfaces/msg/detail/joints__rosidl_typesupport_fastrtps_cpp.hpp
-- Installing: /home/isg/workspace/denso_ros2_ws/src/install/denso_robot_core_interfaces/include/denso_robot_core_interfaces/denso_robot_core_interfaces/msg/detail/user_io__rosidl_typesupport_fastrtps_cpp.hpp
-- Installing: /home/isg/workspace/denso_ros2_ws/src/install/denso_robot_core_interfaces/include/denso_robot_core_interfaces/denso_robot_core_interfaces/msg/detail/ex_joints__rosidl_typesupport_fastrtps_cpp.hpp
-- Installing: /home/isg/workspace/denso_ros2_ws/src/install/denso_robot_core_interfaces/include/denso_robot_core_interfaces/denso_robot_core_interfaces/msg/detail/dds_fastrtps
-- Installing: /home/isg/workspace/denso_ros2_ws/src/install/denso_robot_core_interfaces/include/denso_robot_core_interfaces/denso_robot_core_interfaces/msg/rosidl_typesupport_fastrtps_cpp__visibility_control.h
-- Installing: /home/isg/workspace/denso_ros2_ws/src/install/denso_robot_core_interfaces/lib/libdenso_robot_core_interfaces__rosidl_typesupport_fastrtps_cpp.so
-- Set runtime path of "/home/isg/workspace/denso_ros2_ws/src/install/denso_robot_core_interfaces/lib/libdenso_robot_core_interfaces__rosidl_typesupport_fastrtps_cpp.so" to ""
-- Up-to-date: /home/isg/workspace/denso_ros2_ws/src/install/denso_robot_core_interfaces/include/denso_robot_core_interfaces/denso_robot_core_interfaces
-- Up-to-date: /home/isg/workspace/denso_ros2_ws/src/install/denso_robot_core_interfaces/include/denso_robot_core_interfaces/denso_robot_core_interfaces/srv
-- Up-to-date: /home/isg/workspace/denso_ros2_ws/src/install/denso_robot_core_interfaces/include/denso_robot_core_interfaces/denso_robot_core_interfaces/srv/detail
-- Installing: /home/isg/workspace/denso_ros2_ws/src/install/denso_robot_core_interfaces/include/denso_robot_core_interfaces/denso_robot_core_interfaces/srv/detail/change_mode__type_support.cpp
-- Installing: /home/isg/workspace/denso_ros2_ws/src/install/denso_robot_core_interfaces/include/denso_robot_core_interfaces/denso_robot_core_interfaces/srv/detail/change_mode__rosidl_typesupport_introspection_cpp.hpp
-- Up-to-date: /home/isg/workspace/denso_ros2_ws/src/install/denso_robot_core_interfaces/include/denso_robot_core_interfaces/denso_robot_core_interfaces/action
-- Up-to-date: /home/isg/workspace/denso_ros2_ws/src/install/denso_robot_core_interfaces/include/denso_robot_core_interfaces/denso_robot_core_interfaces/action/detail
-- Installing: /home/isg/workspace/denso_ros2_ws/src/install/denso_robot_core_interfaces/include/denso_robot_core_interfaces/denso_robot_core_interfaces/action/detail/move_string__type_support.cpp
-- Installing: /home/isg/workspace/denso_ros2_ws/src/install/denso_robot_core_interfaces/include/denso_robot_core_interfaces/denso_robot_core_interfaces/action/detail/drive_value__rosidl_typesupport_introspection_cpp.hpp
-- Installing: /home/isg/workspace/denso_ros2_ws/src/install/denso_robot_core_interfaces/include/denso_robot_core_interfaces/denso_robot_core_interfaces/action/detail/drive_value__type_support.cpp
-- Installing: /home/isg/workspace/denso_ros2_ws/src/install/denso_robot_core_interfaces/include/denso_robot_core_interfaces/denso_robot_core_interfaces/action/detail/drive_string__rosidl_typesupport_introspection_cpp.hpp
-- Installing: /home/isg/workspace/denso_ros2_ws/src/install/denso_robot_core_interfaces/include/denso_robot_core_interfaces/denso_robot_core_interfaces/action/detail/move_value__type_support.cpp
-- Installing: /home/isg/workspace/denso_ros2_ws/src/install/denso_robot_core_interfaces/include/denso_robot_core_interfaces/denso_robot_core_interfaces/action/detail/drive_string__type_support.cpp
-- Installing: /home/isg/workspace/denso_ros2_ws/src/install/denso_robot_core_interfaces/include/denso_robot_core_interfaces/denso_robot_core_interfaces/action/detail/move_value__rosidl_typesupport_introspection_cpp.hpp
-- Installing: /home/isg/workspace/denso_ros2_ws/src/install/denso_robot_core_interfaces/include/denso_robot_core_interfaces/denso_robot_core_interfaces/action/detail/move_string__rosidl_typesupport_introspection_cpp.hpp
-- Up-to-date: /home/isg/workspace/denso_ros2_ws/src/install/denso_robot_core_interfaces/include/denso_robot_core_interfaces/denso_robot_core_interfaces/msg
-- Up-to-date: /home/isg/workspace/denso_ros2_ws/src/install/denso_robot_core_interfaces/include/denso_robot_core_interfaces/denso_robot_core_interfaces/msg/detail
-- Installing: /home/isg/workspace/denso_ros2_ws/src/install/denso_robot_core_interfaces/include/denso_robot_core_interfaces/denso_robot_core_interfaces/msg/detail/joints__rosidl_typesupport_introspection_cpp.hpp
-- Installing: /home/isg/workspace/denso_ros2_ws/src/install/denso_robot_core_interfaces/include/denso_robot_core_interfaces/denso_robot_core_interfaces/msg/detail/joints__type_support.cpp
-- Installing: /home/isg/workspace/denso_ros2_ws/src/install/denso_robot_core_interfaces/include/denso_robot_core_interfaces/denso_robot_core_interfaces/msg/detail/ex_joints__type_support.cpp
-- Installing: /home/isg/workspace/denso_ros2_ws/src/install/denso_robot_core_interfaces/include/denso_robot_core_interfaces/denso_robot_core_interfaces/msg/detail/pose_data__type_support.cpp
-- Installing: /home/isg/workspace/denso_ros2_ws/src/install/denso_robot_core_interfaces/include/denso_robot_core_interfaces/denso_robot_core_interfaces/msg/detail/user_io__type_support.cpp
-- Installing: /home/isg/workspace/denso_ros2_ws/src/install/denso_robot_core_interfaces/include/denso_robot_core_interfaces/denso_robot_core_interfaces/msg/detail/pose_data__rosidl_typesupport_introspection_cpp.hpp
-- Installing: /home/isg/workspace/denso_ros2_ws/src/install/denso_robot_core_interfaces/include/denso_robot_core_interfaces/denso_robot_core_interfaces/msg/detail/user_io__rosidl_typesupport_introspection_cpp.hpp
-- Installing: /home/isg/workspace/denso_ros2_ws/src/install/denso_robot_core_interfaces/include/denso_robot_core_interfaces/denso_robot_core_interfaces/msg/detail/ex_joints__rosidl_typesupport_introspection_cpp.hpp
-- Installing: /home/isg/workspace/denso_ros2_ws/src/install/denso_robot_core_interfaces/lib/libdenso_robot_core_interfaces__rosidl_typesupport_introspection_cpp.so
-- Set runtime path of "/home/isg/workspace/denso_ros2_ws/src/install/denso_robot_core_interfaces/lib/libdenso_robot_core_interfaces__rosidl_typesupport_introspection_cpp.so" to ""
-- Installing: /home/isg/workspace/denso_ros2_ws/src/install/denso_robot_core_interfaces/lib/libdenso_robot_core_interfaces__rosidl_typesupport_cpp.so
-- Set runtime path of "/home/isg/workspace/denso_ros2_ws/src/install/denso_robot_core_interfaces/lib/libdenso_robot_core_interfaces__rosidl_typesupport_cpp.so" to ""
-- Installing: /home/isg/workspace/denso_ros2_ws/src/install/denso_robot_core_interfaces/share/denso_robot_core_interfaces/environment/pythonpath.sh
-- Installing: /home/isg/workspace/denso_ros2_ws/src/install/denso_robot_core_interfaces/share/denso_robot_core_interfaces/environment/pythonpath.dsv
-- Installing: /home/isg/workspace/denso_ros2_ws/src/install/denso_robot_core_interfaces/local/lib/python3.10/dist-packages/denso_robot_core_interfaces-1.2.0-py3.10.egg-info
-- Installing: /home/isg/workspace/denso_ros2_ws/src/install/denso_robot_core_interfaces/local/lib/python3.10/dist-packages/denso_robot_core_interfaces-1.2.0-py3.10.egg-info/SOURCES.txt
-- Installing: /home/isg/workspace/denso_ros2_ws/src/install/denso_robot_core_interfaces/local/lib/python3.10/dist-packages/denso_robot_core_interfaces-1.2.0-py3.10.egg-info/PKG-INFO
-- Installing: /home/isg/workspace/denso_ros2_ws/src/install/denso_robot_core_interfaces/local/lib/python3.10/dist-packages/denso_robot_core_interfaces-1.2.0-py3.10.egg-info/top_level.txt
-- Installing: /home/isg/workspace/denso_ros2_ws/src/install/denso_robot_core_interfaces/local/lib/python3.10/dist-packages/denso_robot_core_interfaces-1.2.0-py3.10.egg-info/dependency_links.txt
-- Installing: /home/isg/workspace/denso_ros2_ws/src/install/denso_robot_core_interfaces/local/lib/python3.10/dist-packages/denso_robot_core_interfaces
-- Installing: /home/isg/workspace/denso_ros2_ws/src/install/denso_robot_core_interfaces/local/lib/python3.10/dist-packages/denso_robot_core_interfaces/denso_robot_core_interfaces_s__rosidl_typesupport_fastrtps_c.cpython-310-x86_64-linux-gnu.so
-- Installing: /home/isg/workspace/denso_ros2_ws/src/install/denso_robot_core_interfaces/local/lib/python3.10/dist-packages/denso_robot_core_interfaces/_denso_robot_core_interfaces_s.ep.rosidl_typesupport_introspection_c.c
-- Installing: /home/isg/workspace/denso_ros2_ws/src/install/denso_robot_core_interfaces/local/lib/python3.10/dist-packages/denso_robot_core_interfaces/__init__.py
-- Installing: /home/isg/workspace/denso_ros2_ws/src/install/denso_robot_core_interfaces/local/lib/python3.10/dist-packages/denso_robot_core_interfaces/libdenso_robot_core_interfaces__rosidl_generator_py.so
-- Installing: /home/isg/workspace/denso_ros2_ws/src/install/denso_robot_core_interfaces/local/lib/python3.10/dist-packages/denso_robot_core_interfaces/_denso_robot_core_interfaces_s.ep.rosidl_typesupport_fastrtps_c.c
-- Installing: /home/isg/workspace/denso_ros2_ws/src/install/denso_robot_core_interfaces/local/lib/python3.10/dist-packages/denso_robot_core_interfaces/denso_robot_core_interfaces_s__rosidl_typesupport_introspection_c.cpython-310-x86_64-linux-gnu.so
-- Installing: /home/isg/workspace/denso_ros2_ws/src/install/denso_robot_core_interfaces/local/lib/python3.10/dist-packages/denso_robot_core_interfaces/srv
-- Installing: /home/isg/workspace/denso_ros2_ws/src/install/denso_robot_core_interfaces/local/lib/python3.10/dist-packages/denso_robot_core_interfaces/srv/_change_mode_s.c
-- Installing: /home/isg/workspace/denso_ros2_ws/src/install/denso_robot_core_interfaces/local/lib/python3.10/dist-packages/denso_robot_core_interfaces/srv/__init__.py
-- Installing: /home/isg/workspace/denso_ros2_ws/src/install/denso_robot_core_interfaces/local/lib/python3.10/dist-packages/denso_robot_core_interfaces/srv/_change_mode.py
-- Installing: /home/isg/workspace/denso_ros2_ws/src/install/denso_robot_core_interfaces/local/lib/python3.10/dist-packages/denso_robot_core_interfaces/denso_robot_core_interfaces_s__rosidl_typesupport_c.cpython-310-x86_64-linux-gnu.so
-- Installing: /home/isg/workspace/denso_ros2_ws/src/install/denso_robot_core_interfaces/local/lib/python3.10/dist-packages/denso_robot_core_interfaces/action
-- Installing: /home/isg/workspace/denso_ros2_ws/src/install/denso_robot_core_interfaces/local/lib/python3.10/dist-packages/denso_robot_core_interfaces/action/__init__.py
-- Installing: /home/isg/workspace/denso_ros2_ws/src/install/denso_robot_core_interfaces/local/lib/python3.10/dist-packages/denso_robot_core_interfaces/action/_drive_string_s.c
-- Installing: /home/isg/workspace/denso_ros2_ws/src/install/denso_robot_core_interfaces/local/lib/python3.10/dist-packages/denso_robot_core_interfaces/action/_move_value.py
-- Installing: /home/isg/workspace/denso_ros2_ws/src/install/denso_robot_core_interfaces/local/lib/python3.10/dist-packages/denso_robot_core_interfaces/action/_drive_string.py
-- Installing: /home/isg/workspace/denso_ros2_ws/src/install/denso_robot_core_interfaces/local/lib/python3.10/dist-packages/denso_robot_core_interfaces/action/_drive_value.py
-- Installing: /home/isg/workspace/denso_ros2_ws/src/install/denso_robot_core_interfaces/local/lib/python3.10/dist-packages/denso_robot_core_interfaces/action/_move_string.py
-- Installing: /home/isg/workspace/denso_ros2_ws/src/install/denso_robot_core_interfaces/local/lib/python3.10/dist-packages/denso_robot_core_interfaces/action/_drive_value_s.c
-- Installing: /home/isg/workspace/denso_ros2_ws/src/install/denso_robot_core_interfaces/local/lib/python3.10/dist-packages/denso_robot_core_interfaces/action/_move_string_s.c
-- Installing: /home/isg/workspace/denso_ros2_ws/src/install/denso_robot_core_interfaces/local/lib/python3.10/dist-packages/denso_robot_core_interfaces/action/_move_value_s.c
-- Installing: /home/isg/workspace/denso_ros2_ws/src/install/denso_robot_core_interfaces/local/lib/python3.10/dist-packages/denso_robot_core_interfaces/_denso_robot_core_interfaces_s.ep.rosidl_typesupport_c.c
-- Installing: /home/isg/workspace/denso_ros2_ws/src/install/denso_robot_core_interfaces/local/lib/python3.10/dist-packages/denso_robot_core_interfaces/msg
-- Installing: /home/isg/workspace/denso_ros2_ws/src/install/denso_robot_core_interfaces/local/lib/python3.10/dist-packages/denso_robot_core_interfaces/msg/_ex_joints_s.c
-- Installing: /home/isg/workspace/denso_ros2_ws/src/install/denso_robot_core_interfaces/local/lib/python3.10/dist-packages/denso_robot_core_interfaces/msg/_joints.py
-- Installing: /home/isg/workspace/denso_ros2_ws/src/install/denso_robot_core_interfaces/local/lib/python3.10/dist-packages/denso_robot_core_interfaces/msg/__init__.py
-- Installing: /home/isg/workspace/denso_ros2_ws/src/install/denso_robot_core_interfaces/local/lib/python3.10/dist-packages/denso_robot_core_interfaces/msg/_pose_data.py
-- Installing: /home/isg/workspace/denso_ros2_ws/src/install/denso_robot_core_interfaces/local/lib/python3.10/dist-packages/denso_robot_core_interfaces/msg/_joints_s.c
-- Installing: /home/isg/workspace/denso_ros2_ws/src/install/denso_robot_core_interfaces/local/lib/python3.10/dist-packages/denso_robot_core_interfaces/msg/_ex_joints.py
-- Installing: /home/isg/workspace/denso_ros2_ws/src/install/denso_robot_core_interfaces/local/lib/python3.10/dist-packages/denso_robot_core_interfaces/msg/_user_io_s.c
-- Installing: /home/isg/workspace/denso_ros2_ws/src/install/denso_robot_core_interfaces/local/lib/python3.10/dist-packages/denso_robot_core_interfaces/msg/_pose_data_s.c
-- Installing: /home/isg/workspace/denso_ros2_ws/src/install/denso_robot_core_interfaces/local/lib/python3.10/dist-packages/denso_robot_core_interfaces/msg/_user_io.py
Listing '/home/isg/workspace/denso_ros2_ws/src/install/denso_robot_core_interfaces/local/lib/python3.10/dist-packages/denso_robot_core_interfaces'...
Compiling '/home/isg/workspace/denso_ros2_ws/src/install/denso_robot_core_interfaces/local/lib/python3.10/dist-packages/denso_robot_core_interfaces/__init__.py'...
Listing '/home/isg/workspace/denso_ros2_ws/src/install/denso_robot_core_interfaces/local/lib/python3.10/dist-packages/denso_robot_core_interfaces/action'...
Compiling '/home/isg/workspace/denso_ros2_ws/src/install/denso_robot_core_interfaces/local/lib/python3.10/dist-packages/denso_robot_core_interfaces/action/__init__.py'...
Compiling '/home/isg/workspace/denso_ros2_ws/src/install/denso_robot_core_interfaces/local/lib/python3.10/dist-packages/denso_robot_core_interfaces/action/_drive_string.py'...
Compiling '/home/isg/workspace/denso_ros2_ws/src/install/denso_robot_core_interfaces/local/lib/python3.10/dist-packages/denso_robot_core_interfaces/action/_drive_value.py'...
Compiling '/home/isg/workspace/denso_ros2_ws/src/install/denso_robot_core_interfaces/local/lib/python3.10/dist-packages/denso_robot_core_interfaces/action/_move_string.py'...
Compiling '/home/isg/workspace/denso_ros2_ws/src/install/denso_robot_core_interfaces/local/lib/python3.10/dist-packages/denso_robot_core_interfaces/action/_move_value.py'...
Listing '/home/isg/workspace/denso_ros2_ws/src/install/denso_robot_core_interfaces/local/lib/python3.10/dist-packages/denso_robot_core_interfaces/msg'...
Compiling '/home/isg/workspace/denso_ros2_ws/src/install/denso_robot_core_interfaces/local/lib/python3.10/dist-packages/denso_robot_core_interfaces/msg/__init__.py'...
Compiling '/home/isg/workspace/denso_ros2_ws/src/install/denso_robot_core_interfaces/local/lib/python3.10/dist-packages/denso_robot_core_interfaces/msg/_ex_joints.py'...
Compiling '/home/isg/workspace/denso_ros2_ws/src/install/denso_robot_core_interfaces/local/lib/python3.10/dist-packages/denso_robot_core_interfaces/msg/_joints.py'...
Compiling '/home/isg/workspace/denso_ros2_ws/src/install/denso_robot_core_interfaces/local/lib/python3.10/dist-packages/denso_robot_core_interfaces/msg/_pose_data.py'...
Compiling '/home/isg/workspace/denso_ros2_ws/src/install/denso_robot_core_interfaces/local/lib/python3.10/dist-packages/denso_robot_core_interfaces/msg/_user_io.py'...
Listing '/home/isg/workspace/denso_ros2_ws/src/install/denso_robot_core_interfaces/local/lib/python3.10/dist-packages/denso_robot_core_interfaces/srv'...
Compiling '/home/isg/workspace/denso_ros2_ws/src/install/denso_robot_core_interfaces/local/lib/python3.10/dist-packages/denso_robot_core_interfaces/srv/__init__.py'...
Compiling '/home/isg/workspace/denso_ros2_ws/src/install/denso_robot_core_interfaces/local/lib/python3.10/dist-packages/denso_robot_core_interfaces/srv/_change_mode.py'...
-- Installing: /home/isg/workspace/denso_ros2_ws/src/install/denso_robot_core_interfaces/local/lib/python3.10/dist-packages/denso_robot_core_interfaces/denso_robot_core_interfaces_s__rosidl_typesupport_fastrtps_c.cpython-310-x86_64-linux-gnu.so
-- Set runtime path of "/home/isg/workspace/denso_ros2_ws/src/install/denso_robot_core_interfaces/local/lib/python3.10/dist-packages/denso_robot_core_interfaces/denso_robot_core_interfaces_s__rosidl_typesupport_fastrtps_c.cpython-310-x86_64-linux-gnu.so" to ""
-- Installing: /home/isg/workspace/denso_ros2_ws/src/install/denso_robot_core_interfaces/local/lib/python3.10/dist-packages/denso_robot_core_interfaces/denso_robot_core_interfaces_s__rosidl_typesupport_introspection_c.cpython-310-x86_64-linux-gnu.so
-- Set runtime path of "/home/isg/workspace/denso_ros2_ws/src/install/denso_robot_core_interfaces/local/lib/python3.10/dist-packages/denso_robot_core_interfaces/denso_robot_core_interfaces_s__rosidl_typesupport_introspection_c.cpython-310-x86_64-linux-gnu.so" to ""
-- Installing: /home/isg/workspace/denso_ros2_ws/src/install/denso_robot_core_interfaces/local/lib/python3.10/dist-packages/denso_robot_core_interfaces/denso_robot_core_interfaces_s__rosidl_typesupport_c.cpython-310-x86_64-linux-gnu.so
-- Set runtime path of "/home/isg/workspace/denso_ros2_ws/src/install/denso_robot_core_interfaces/local/lib/python3.10/dist-packages/denso_robot_core_interfaces/denso_robot_core_interfaces_s__rosidl_typesupport_c.cpython-310-x86_64-linux-gnu.so" to ""
-- Installing: /home/isg/workspace/denso_ros2_ws/src/install/denso_robot_core_interfaces/lib/libdenso_robot_core_interfaces__rosidl_generator_py.so
-- Set runtime path of "/home/isg/workspace/denso_ros2_ws/src/install/denso_robot_core_interfaces/lib/libdenso_robot_core_interfaces__rosidl_generator_py.so" to ""
-- Installing: /home/isg/workspace/denso_ros2_ws/src/install/denso_robot_core_interfaces/share/denso_robot_core_interfaces/action/DriveString.idl
-- Installing: /home/isg/workspace/denso_ros2_ws/src/install/denso_robot_core_interfaces/share/denso_robot_core_interfaces/action/DriveValue.idl
-- Installing: /home/isg/workspace/denso_ros2_ws/src/install/denso_robot_core_interfaces/share/denso_robot_core_interfaces/action/MoveString.idl
-- Installing: /home/isg/workspace/denso_ros2_ws/src/install/denso_robot_core_interfaces/share/denso_robot_core_interfaces/action/MoveValue.idl
-- Installing: /home/isg/workspace/denso_ros2_ws/src/install/denso_robot_core_interfaces/share/denso_robot_core_interfaces/msg/ExJoints.idl
-- Installing: /home/isg/workspace/denso_ros2_ws/src/install/denso_robot_core_interfaces/share/denso_robot_core_interfaces/msg/Joints.idl
-- Installing: /home/isg/workspace/denso_ros2_ws/src/install/denso_robot_core_interfaces/share/denso_robot_core_interfaces/msg/PoseData.idl
-- Installing: /home/isg/workspace/denso_ros2_ws/src/install/denso_robot_core_interfaces/share/denso_robot_core_interfaces/srv/ChangeMode.idl
-- Installing: /home/isg/workspace/denso_ros2_ws/src/install/denso_robot_core_interfaces/share/denso_robot_core_interfaces/msg/UserIO.idl
-- Installing: /home/isg/workspace/denso_ros2_ws/src/install/denso_robot_core_interfaces/share/denso_robot_core_interfaces/action/DriveString.action
-- Installing: /home/isg/workspace/denso_ros2_ws/src/install/denso_robot_core_interfaces/share/denso_robot_core_interfaces/action/DriveValue.action
-- Installing: /home/isg/workspace/denso_ros2_ws/src/install/denso_robot_core_interfaces/share/denso_robot_core_interfaces/action/MoveString.action
-- Installing: /home/isg/workspace/denso_ros2_ws/src/install/denso_robot_core_interfaces/share/denso_robot_core_interfaces/action/MoveValue.action
-- Installing: /home/isg/workspace/denso_ros2_ws/src/install/denso_robot_core_interfaces/share/denso_robot_core_interfaces/msg/ExJoints.msg
-- Installing: /home/isg/workspace/denso_ros2_ws/src/install/denso_robot_core_interfaces/share/denso_robot_core_interfaces/msg/Joints.msg
-- Installing: /home/isg/workspace/denso_ros2_ws/src/install/denso_robot_core_interfaces/share/denso_robot_core_interfaces/msg/PoseData.msg
-- Installing: /home/isg/workspace/denso_ros2_ws/src/install/denso_robot_core_interfaces/share/denso_robot_core_interfaces/srv/ChangeMode.srv
-- Installing: /home/isg/workspace/denso_ros2_ws/src/install/denso_robot_core_interfaces/share/denso_robot_core_interfaces/srv/ChangeMode_Request.msg
-- Installing: /home/isg/workspace/denso_ros2_ws/src/install/denso_robot_core_interfaces/share/denso_robot_core_interfaces/srv/ChangeMode_Response.msg
-- Installing: /home/isg/workspace/denso_ros2_ws/src/install/denso_robot_core_interfaces/share/denso_robot_core_interfaces/msg/UserIO.msg
-- Installing: /home/isg/workspace/denso_ros2_ws/src/install/denso_robot_core_interfaces/share/ament_index/resource_index/package_run_dependencies/denso_robot_core_interfaces
-- Installing: /home/isg/workspace/denso_ros2_ws/src/install/denso_robot_core_interfaces/share/ament_index/resource_index/parent_prefix_path/denso_robot_core_interfaces
-- Installing: /home/isg/workspace/denso_ros2_ws/src/install/denso_robot_core_interfaces/share/denso_robot_core_interfaces/environment/ament_prefix_path.sh
-- Installing: /home/isg/workspace/denso_ros2_ws/src/install/denso_robot_core_interfaces/share/denso_robot_core_interfaces/environment/ament_prefix_path.dsv
-- Installing: /home/isg/workspace/denso_ros2_ws/src/install/denso_robot_core_interfaces/share/denso_robot_core_interfaces/environment/path.sh
-- Installing: /home/isg/workspace/denso_ros2_ws/src/install/denso_robot_core_interfaces/share/denso_robot_core_interfaces/environment/path.dsv
-- Installing: /home/isg/workspace/denso_ros2_ws/src/install/denso_robot_core_interfaces/share/denso_robot_core_interfaces/local_setup.bash
-- Installing: /home/isg/workspace/denso_ros2_ws/src/install/denso_robot_core_interfaces/share/denso_robot_core_interfaces/local_setup.sh
-- Installing: /home/isg/workspace/denso_ros2_ws/src/install/denso_robot_core_interfaces/share/denso_robot_core_interfaces/local_setup.zsh
-- Installing: /home/isg/workspace/denso_ros2_ws/src/install/denso_robot_core_interfaces/share/denso_robot_core_interfaces/local_setup.dsv
-- Installing: /home/isg/workspace/denso_ros2_ws/src/install/denso_robot_core_interfaces/share/denso_robot_core_interfaces/package.dsv
-- Installing: /home/isg/workspace/denso_ros2_ws/src/install/denso_robot_core_interfaces/share/ament_index/resource_index/packages/denso_robot_core_interfaces
-- Installing: /home/isg/workspace/denso_ros2_ws/src/install/denso_robot_core_interfaces/share/denso_robot_core_interfaces/cmake/export_denso_robot_core_interfaces__rosidl_generator_cExport.cmake
-- Installing: /home/isg/workspace/denso_ros2_ws/src/install/denso_robot_core_interfaces/share/denso_robot_core_interfaces/cmake/export_denso_robot_core_interfaces__rosidl_generator_cExport-release.cmake
-- Installing: /home/isg/workspace/denso_ros2_ws/src/install/denso_robot_core_interfaces/share/denso_robot_core_interfaces/cmake/export_denso_robot_core_interfaces__rosidl_typesupport_fastrtps_cExport.cmake
-- Installing: /home/isg/workspace/denso_ros2_ws/src/install/denso_robot_core_interfaces/share/denso_robot_core_interfaces/cmake/export_denso_robot_core_interfaces__rosidl_typesupport_fastrtps_cExport-release.cmake
-- Installing: /home/isg/workspace/denso_ros2_ws/src/install/denso_robot_core_interfaces/share/denso_robot_core_interfaces/cmake/denso_robot_core_interfaces__rosidl_typesupport_introspection_cExport.cmake
-- Installing: /home/isg/workspace/denso_ros2_ws/src/install/denso_robot_core_interfaces/share/denso_robot_core_interfaces/cmake/denso_robot_core_interfaces__rosidl_typesupport_introspection_cExport-release.cmake
-- Installing: /home/isg/workspace/denso_ros2_ws/src/install/denso_robot_core_interfaces/share/denso_robot_core_interfaces/cmake/denso_robot_core_interfaces__rosidl_typesupport_cExport.cmake
-- Installing: /home/isg/workspace/denso_ros2_ws/src/install/denso_robot_core_interfaces/share/denso_robot_core_interfaces/cmake/denso_robot_core_interfaces__rosidl_typesupport_cExport-release.cmake
-- Installing: /home/isg/workspace/denso_ros2_ws/src/install/denso_robot_core_interfaces/share/denso_robot_core_interfaces/cmake/export_denso_robot_core_interfaces__rosidl_generator_cppExport.cmake
-- Installing: /home/isg/workspace/denso_ros2_ws/src/install/denso_robot_core_interfaces/share/denso_robot_core_interfaces/cmake/export_denso_robot_core_interfaces__rosidl_typesupport_fastrtps_cppExport.cmake
-- Installing: /home/isg/workspace/denso_ros2_ws/src/install/denso_robot_core_interfaces/share/denso_robot_core_interfaces/cmake/export_denso_robot_core_interfaces__rosidl_typesupport_fastrtps_cppExport-release.cmake
-- Installing: /home/isg/workspace/denso_ros2_ws/src/install/denso_robot_core_interfaces/share/denso_robot_core_interfaces/cmake/denso_robot_core_interfaces__rosidl_typesupport_introspection_cppExport.cmake
-- Installing: /home/isg/workspace/denso_ros2_ws/src/install/denso_robot_core_interfaces/share/denso_robot_core_interfaces/cmake/denso_robot_core_interfaces__rosidl_typesupport_introspection_cppExport-release.cmake
-- Installing: /home/isg/workspace/denso_ros2_ws/src/install/denso_robot_core_interfaces/share/denso_robot_core_interfaces/cmake/denso_robot_core_interfaces__rosidl_typesupport_cppExport.cmake
-- Installing: /home/isg/workspace/denso_ros2_ws/src/install/denso_robot_core_interfaces/share/denso_robot_core_interfaces/cmake/denso_robot_core_interfaces__rosidl_typesupport_cppExport-release.cmake
-- Installing: /home/isg/workspace/denso_ros2_ws/src/install/denso_robot_core_interfaces/share/denso_robot_core_interfaces/cmake/export_denso_robot_core_interfaces__rosidl_generator_pyExport.cmake
-- Installing: /home/isg/workspace/denso_ros2_ws/src/install/denso_robot_core_interfaces/share/denso_robot_core_interfaces/cmake/export_denso_robot_core_interfaces__rosidl_generator_pyExport-release.cmake
-- Installing: /home/isg/workspace/denso_ros2_ws/src/install/denso_robot_core_interfaces/share/denso_robot_core_interfaces/cmake/rosidl_cmake-extras.cmake
-- Installing: /home/isg/workspace/denso_ros2_ws/src/install/denso_robot_core_interfaces/share/denso_robot_core_interfaces/cmake/ament_cmake_export_dependencies-extras.cmake
-- Installing: /home/isg/workspace/denso_ros2_ws/src/install/denso_robot_core_interfaces/share/denso_robot_core_interfaces/cmake/ament_cmake_export_include_directories-extras.cmake
-- Installing: /home/isg/workspace/denso_ros2_ws/src/install/denso_robot_core_interfaces/share/denso_robot_core_interfaces/cmake/ament_cmake_export_libraries-extras.cmake
-- Installing: /home/isg/workspace/denso_ros2_ws/src/install/denso_robot_core_interfaces/share/denso_robot_core_interfaces/cmake/ament_cmake_export_targets-extras.cmake
-- Installing: /home/isg/workspace/denso_ros2_ws/src/install/denso_robot_core_interfaces/share/denso_robot_core_interfaces/cmake/rosidl_cmake_export_typesupport_targets-extras.cmake
-- Installing: /home/isg/workspace/denso_ros2_ws/src/install/denso_robot_core_interfaces/share/denso_robot_core_interfaces/cmake/rosidl_cmake_export_typesupport_libraries-extras.cmake
-- Installing: /home/isg/workspace/denso_ros2_ws/src/install/denso_robot_core_interfaces/share/denso_robot_core_interfaces/cmake/denso_robot_core_interfacesConfig.cmake
-- Installing: /home/isg/workspace/denso_ros2_ws/src/install/denso_robot_core_interfaces/share/denso_robot_core_interfaces/cmake/denso_robot_core_interfacesConfig-version.cmake
-- Installing: /home/isg/workspace/denso_ros2_ws/src/install/denso_robot_core_interfaces/share/denso_robot_core_interfaces/package.xml
