[0.015s] Invoking command in '/home/isg/workspace/denso_ros2_ws/src/build/denso_robot_core_interfaces': AMENT_PREFIX_PATH=/home/isg/workspace/denso_ros2_ws/src/install/bcap_service:/home/isg/workspace/denso_ros2_ws/src/install/bcap_service_interfaces:/home/isg/workspace/denso_ros2_ws/src/install/bcap_core:${AMENT_PREFIX_PATH} CMAKE_PREFIX_PATH=/home/isg/workspace/denso_ros2_ws/src/install/bcap_service:/home/isg/workspace/denso_ros2_ws/src/install/bcap_service_interfaces:/home/isg/workspace/denso_ros2_ws/src/install/bcap_core:/opt/ros/humble LD_LIBRARY_PATH=/home/isg/workspace/denso_ros2_ws/src/install/bcap_service/lib:/home/isg/workspace/denso_ros2_ws/src/install/bcap_service_interfaces/lib:/home/isg/workspace/denso_ros2_ws/src/install/bcap_core/lib:${LD_LIBRARY_PATH} PYTHONPATH=/home/isg/workspace/denso_ros2_ws/src/install/bcap_service_interfaces/local/lib/python3.10/dist-packages:${PYTHONPATH} /usr/bin/cmake /home/isg/workspace/denso_ros2_ws/src/denso_robot_drivers_ros2/denso_robot_core_interfaces -DCMAKE_BUILD_TYPE=Release -DCMAKE_INSTALL_PREFIX=/home/isg/workspace/denso_ros2_ws/src/install/denso_robot_core_interfaces
[0.069s] -- The C compiler identification is GNU 11.4.0
[0.124s] -- The CXX compiler identification is GNU 11.4.0
[0.136s] -- Detecting C compiler ABI info
[0.215s] -- Detecting C compiler ABI info - done
[0.221s] -- Check for working C compiler: /usr/bin/cc - skipped
[0.221s] -- Detecting C compile features
[0.221s] -- Detecting C compile features - done
[0.224s] -- Detecting CXX compiler ABI info
[0.304s] -- Detecting CXX compiler ABI info - done
[0.310s] -- Check for working CXX compiler: /usr/bin/c++ - skipped
[0.310s] -- Detecting CXX compile features
[0.311s] -- Detecting CXX compile features - done
[0.313s] -- Found ament_cmake: 1.3.12 (/opt/ros/humble/share/ament_cmake/cmake)
[0.442s] -- Found Python3: /usr/bin/python3 (found version "3.10.12") found components: Interpreter 
[0.550s] -- Found rosidl_default_generators: 1.2.0 (/opt/ros/humble/share/rosidl_default_generators/cmake)
[0.556s] -- Using all available rosidl_typesupport_c: rosidl_typesupport_fastrtps_c;rosidl_typesupport_introspection_c
[0.570s] -- Found rosidl_adapter: 3.1.7 (/opt/ros/humble/share/rosidl_adapter/cmake)
[0.624s] -- Using all available rosidl_typesupport_cpp: rosidl_typesupport_fastrtps_cpp;rosidl_typesupport_introspection_cpp
[0.656s] -- Found rclcpp: 16.0.14 (/opt/ros/humble/share/rclcpp/cmake)
[0.704s] -- Found rmw_implementation_cmake: 6.1.2 (/opt/ros/humble/share/rmw_implementation_cmake/cmake)
[0.707s] -- Found rmw_fastrtps_cpp: 6.2.8 (/opt/ros/humble/share/rmw_fastrtps_cpp/cmake)
[0.807s] -- Found OpenSSL: /usr/lib/x86_64-linux-gnu/libcrypto.so (found version "3.0.2")  
[0.833s] -- Found FastRTPS: /opt/ros/humble/include  
[0.874s] -- Using RMW implementation 'rmw_fastrtps_cpp' as default
[0.883s] -- Looking for pthread.h
[0.959s] -- Looking for pthread.h - found
[0.959s] -- Performing Test CMAKE_HAVE_LIBC_PTHREAD
[1.028s] -- Performing Test CMAKE_HAVE_LIBC_PTHREAD - Success
[1.029s] -- Found Threads: TRUE  
[1.074s] -- Found rclcpp_action: 16.0.14 (/opt/ros/humble/share/rclcpp_action/cmake)
[1.105s] -- Found rclcpp_components: 16.0.14 (/opt/ros/humble/share/rclcpp_components/cmake)
[1.130s] -- Found bcap_core: 1.2.0 (/home/isg/workspace/denso_ros2_ws/src/install/bcap_core/share/bcap_core/cmake)
[1.404s] -- Found ament_cmake_ros: 0.10.0 (/opt/ros/humble/share/ament_cmake_ros/cmake)
[1.600s] -- Using all available rosidl_typesupport_c: rosidl_typesupport_fastrtps_c;rosidl_typesupport_introspection_c
[1.857s] -- Using all available rosidl_typesupport_cpp: rosidl_typesupport_fastrtps_cpp;rosidl_typesupport_introspection_cpp
[1.886s] -- Found PythonInterp: /usr/bin/python3 (found suitable version "3.10.12", minimum required is "3.6") 
[1.889s] -- Found python_cmake_module: 0.10.0 (/opt/ros/humble/share/python_cmake_module/cmake)
[1.919s] -- Found PythonLibs: /usr/lib/x86_64-linux-gnu/libpython3.10.so (found suitable version "3.10.12", minimum required is "3.5") 
[1.919s] -- Using PYTHON_EXECUTABLE: /usr/bin/python3
[1.919s] -- Using PYTHON_INCLUDE_DIRS: /usr/include/python3.10
[1.919s] -- Using PYTHON_LIBRARIES: /usr/lib/x86_64-linux-gnu/libpython3.10.so
[1.943s] -- Found PythonExtra: .so  
[1.996s] -- Found ament_lint_auto: 0.12.14 (/opt/ros/humble/share/ament_lint_auto/cmake)
[2.038s] -- Added test 'copyright' to check source files copyright and LICENSE
[2.043s] -- Added test 'lint_cmake' to check CMake code style
[2.044s] -- Added test 'xmllint' to check XML markup files
[2.047s] -- Configuring done
[2.092s] -- Generating done
[2.103s] -- Build files have been written to: /home/isg/workspace/denso_ros2_ws/src/build/denso_robot_core_interfaces
[2.113s] Invoked command in '/home/isg/workspace/denso_ros2_ws/src/build/denso_robot_core_interfaces' returned '0': AMENT_PREFIX_PATH=/home/isg/workspace/denso_ros2_ws/src/install/bcap_service:/home/isg/workspace/denso_ros2_ws/src/install/bcap_service_interfaces:/home/isg/workspace/denso_ros2_ws/src/install/bcap_core:${AMENT_PREFIX_PATH} CMAKE_PREFIX_PATH=/home/isg/workspace/denso_ros2_ws/src/install/bcap_service:/home/isg/workspace/denso_ros2_ws/src/install/bcap_service_interfaces:/home/isg/workspace/denso_ros2_ws/src/install/bcap_core:/opt/ros/humble LD_LIBRARY_PATH=/home/isg/workspace/denso_ros2_ws/src/install/bcap_service/lib:/home/isg/workspace/denso_ros2_ws/src/install/bcap_service_interfaces/lib:/home/isg/workspace/denso_ros2_ws/src/install/bcap_core/lib:${LD_LIBRARY_PATH} PYTHONPATH=/home/isg/workspace/denso_ros2_ws/src/install/bcap_service_interfaces/local/lib/python3.10/dist-packages:${PYTHONPATH} /usr/bin/cmake /home/isg/workspace/denso_ros2_ws/src/denso_robot_drivers_ros2/denso_robot_core_interfaces -DCMAKE_BUILD_TYPE=Release -DCMAKE_INSTALL_PREFIX=/home/isg/workspace/denso_ros2_ws/src/install/denso_robot_core_interfaces
[2.115s] Invoking command in '/home/isg/workspace/denso_ros2_ws/src/build/denso_robot_core_interfaces': AMENT_PREFIX_PATH=/home/isg/workspace/denso_ros2_ws/src/install/bcap_service:/home/isg/workspace/denso_ros2_ws/src/install/bcap_service_interfaces:/home/isg/workspace/denso_ros2_ws/src/install/bcap_core:${AMENT_PREFIX_PATH} CMAKE_PREFIX_PATH=/home/isg/workspace/denso_ros2_ws/src/install/bcap_service:/home/isg/workspace/denso_ros2_ws/src/install/bcap_service_interfaces:/home/isg/workspace/denso_ros2_ws/src/install/bcap_core:/opt/ros/humble LD_LIBRARY_PATH=/home/isg/workspace/denso_ros2_ws/src/install/bcap_service/lib:/home/isg/workspace/denso_ros2_ws/src/install/bcap_service_interfaces/lib:/home/isg/workspace/denso_ros2_ws/src/install/bcap_core/lib:${LD_LIBRARY_PATH} PYTHONPATH=/home/isg/workspace/denso_ros2_ws/src/install/bcap_service_interfaces/local/lib/python3.10/dist-packages:${PYTHONPATH} /usr/bin/cmake --build /home/isg/workspace/denso_ros2_ws/src/build/denso_robot_core_interfaces -- -j16 -l16
[2.172s] [  1%] [34m[1mGenerating C code for ROS interfaces[0m
[2.176s] [  2%] [34m[1mGenerating C++ code for ROS interfaces[0m
[2.184s] [  2%] Built target ament_cmake_python_copy_denso_robot_core_interfaces
[2.371s] running egg_info
[2.371s] creating denso_robot_core_interfaces.egg-info
[2.371s] writing denso_robot_core_interfaces.egg-info/PKG-INFO
[2.372s] writing dependency_links to denso_robot_core_interfaces.egg-info/dependency_links.txt
[2.372s] writing top-level names to denso_robot_core_interfaces.egg-info/top_level.txt
[2.372s] writing manifest file 'denso_robot_core_interfaces.egg-info/SOURCES.txt'
[2.373s] reading manifest file 'denso_robot_core_interfaces.egg-info/SOURCES.txt'
[2.374s] writing manifest file 'denso_robot_core_interfaces.egg-info/SOURCES.txt'
[2.396s] [  2%] Built target ament_cmake_python_build_denso_robot_core_interfaces_egg
[3.264s] [  2%] Built target denso_robot_core_interfaces__cpp
[3.275s] [  3%] [34m[1mGenerating C++ type support for eProsima Fast-RTPS[0m
[3.275s] [  4%] [34m[1mGenerating C++ type support dispatch for ROS interfaces[0m
[3.275s] [  5%] [34m[1mGenerating C++ introspection for ROS interfaces[0m
[3.304s] [  6%] [32mBuilding C object CMakeFiles/denso_robot_core_interfaces__rosidl_generator_c.dir/rosidl_generator_c/denso_robot_core_interfaces/action/detail/drive_string__functions.c.o[0m
[3.305s] [  7%] [32mBuilding C object CMakeFiles/denso_robot_core_interfaces__rosidl_generator_c.dir/rosidl_generator_c/denso_robot_core_interfaces/action/detail/move_string__functions.c.o[0m
[3.305s] [  8%] [32mBuilding C object CMakeFiles/denso_robot_core_interfaces__rosidl_generator_c.dir/rosidl_generator_c/denso_robot_core_interfaces/action/detail/drive_value__functions.c.o[0m
[3.305s] [  9%] [32mBuilding C object CMakeFiles/denso_robot_core_interfaces__rosidl_generator_c.dir/rosidl_generator_c/denso_robot_core_interfaces/srv/detail/change_mode__functions.c.o[0m
[3.306s] [ 11%] [32mBuilding C object CMakeFiles/denso_robot_core_interfaces__rosidl_generator_c.dir/rosidl_generator_c/denso_robot_core_interfaces/msg/detail/pose_data__functions.c.o[0m
[3.306s] [ 11%] [32mBuilding C object CMakeFiles/denso_robot_core_interfaces__rosidl_generator_c.dir/rosidl_generator_c/denso_robot_core_interfaces/action/detail/move_value__functions.c.o[0m
[3.306s] [ 12%] [32mBuilding C object CMakeFiles/denso_robot_core_interfaces__rosidl_generator_c.dir/rosidl_generator_c/denso_robot_core_interfaces/msg/detail/ex_joints__functions.c.o[0m
[3.307s] [ 14%] [32mBuilding C object CMakeFiles/denso_robot_core_interfaces__rosidl_generator_c.dir/rosidl_generator_c/denso_robot_core_interfaces/msg/detail/user_io__functions.c.o[0m
[3.307s] [ 14%] [32mBuilding C object CMakeFiles/denso_robot_core_interfaces__rosidl_generator_c.dir/rosidl_generator_c/denso_robot_core_interfaces/msg/detail/joints__functions.c.o[0m
[3.641s] [ 15%] [32m[1mLinking C shared library libdenso_robot_core_interfaces__rosidl_generator_c.so[0m
[3.677s] [ 15%] Built target denso_robot_core_interfaces__rosidl_generator_c
[3.688s] [ 18%] [34m[1mGenerating C type support for eProsima Fast-RTPS[0m
[3.688s] [ 18%] [34m[1mGenerating C introspection for ROS interfaces[0m
[3.688s] [ 18%] [34m[1mGenerating C type support dispatch for ROS interfaces[0m
[3.869s] [ 21%] [32mBuilding CXX object CMakeFiles/denso_robot_core_interfaces__rosidl_typesupport_cpp.dir/rosidl_typesupport_cpp/denso_robot_core_interfaces/action/drive_string__type_support.cpp.o[0m
[3.870s] [ 21%] [32mBuilding CXX object CMakeFiles/denso_robot_core_interfaces__rosidl_typesupport_cpp.dir/rosidl_typesupport_cpp/denso_robot_core_interfaces/action/drive_value__type_support.cpp.o[0m
[3.870s] [ 22%] [32mBuilding CXX object CMakeFiles/denso_robot_core_interfaces__rosidl_typesupport_cpp.dir/rosidl_typesupport_cpp/denso_robot_core_interfaces/action/move_value__type_support.cpp.o[0m
[3.870s] [ 23%] [32mBuilding CXX object CMakeFiles/denso_robot_core_interfaces__rosidl_typesupport_cpp.dir/rosidl_typesupport_cpp/denso_robot_core_interfaces/msg/joints__type_support.cpp.o[0m
[3.870s] [ 24%] [32mBuilding CXX object CMakeFiles/denso_robot_core_interfaces__rosidl_typesupport_cpp.dir/rosidl_typesupport_cpp/denso_robot_core_interfaces/msg/pose_data__type_support.cpp.o[0m
[3.870s] [ 26%] [32mBuilding CXX object CMakeFiles/denso_robot_core_interfaces__rosidl_typesupport_cpp.dir/rosidl_typesupport_cpp/denso_robot_core_interfaces/action/move_string__type_support.cpp.o[0m
[3.870s] [ 26%] [32mBuilding CXX object CMakeFiles/denso_robot_core_interfaces__rosidl_typesupport_cpp.dir/rosidl_typesupport_cpp/denso_robot_core_interfaces/msg/ex_joints__type_support.cpp.o[0m
[3.870s] [ 27%] [32mBuilding CXX object CMakeFiles/denso_robot_core_interfaces__rosidl_typesupport_cpp.dir/rosidl_typesupport_cpp/denso_robot_core_interfaces/msg/user_io__type_support.cpp.o[0m
[3.871s] [ 28%] [32mBuilding CXX object CMakeFiles/denso_robot_core_interfaces__rosidl_typesupport_cpp.dir/rosidl_typesupport_cpp/denso_robot_core_interfaces/srv/change_mode__type_support.cpp.o[0m
[4.232s] [ 31%] [32mBuilding CXX object CMakeFiles/denso_robot_core_interfaces__rosidl_typesupport_introspection_cpp.dir/rosidl_typesupport_introspection_cpp/denso_robot_core_interfaces/action/detail/move_value__type_support.cpp.o[0m
[4.232s] [ 31%] [32mBuilding CXX object CMakeFiles/denso_robot_core_interfaces__rosidl_typesupport_introspection_cpp.dir/rosidl_typesupport_introspection_cpp/denso_robot_core_interfaces/action/detail/drive_string__type_support.cpp.o[0m
[4.232s] [ 31%] [32mBuilding CXX object CMakeFiles/denso_robot_core_interfaces__rosidl_typesupport_introspection_cpp.dir/rosidl_typesupport_introspection_cpp/denso_robot_core_interfaces/action/detail/drive_value__type_support.cpp.o[0m
[4.232s] [ 33%] [32mBuilding CXX object CMakeFiles/denso_robot_core_interfaces__rosidl_typesupport_introspection_cpp.dir/rosidl_typesupport_introspection_cpp/denso_robot_core_interfaces/msg/detail/ex_joints__type_support.cpp.o[0m
[4.232s] [ 33%] [32mBuilding CXX object CMakeFiles/denso_robot_core_interfaces__rosidl_typesupport_introspection_cpp.dir/rosidl_typesupport_introspection_cpp/denso_robot_core_interfaces/msg/detail/joints__type_support.cpp.o[0m
[4.235s] [ 34%] [32mBuilding CXX object CMakeFiles/denso_robot_core_interfaces__rosidl_typesupport_introspection_cpp.dir/rosidl_typesupport_introspection_cpp/denso_robot_core_interfaces/srv/detail/change_mode__type_support.cpp.o[0m
[4.235s] [ 35%] [32mBuilding CXX object CMakeFiles/denso_robot_core_interfaces__rosidl_typesupport_introspection_cpp.dir/rosidl_typesupport_introspection_cpp/denso_robot_core_interfaces/action/detail/move_string__type_support.cpp.o[0m
[4.237s] [ 36%] [32mBuilding CXX object CMakeFiles/denso_robot_core_interfaces__rosidl_typesupport_introspection_cpp.dir/rosidl_typesupport_introspection_cpp/denso_robot_core_interfaces/msg/detail/pose_data__type_support.cpp.o[0m
[4.397s] [ 37%] [32mBuilding CXX object CMakeFiles/denso_robot_core_interfaces__rosidl_typesupport_introspection_cpp.dir/rosidl_typesupport_introspection_cpp/denso_robot_core_interfaces/msg/detail/user_io__type_support.cpp.o[0m
[4.423s] [ 38%] [32m[1mLinking CXX shared library libdenso_robot_core_interfaces__rosidl_typesupport_cpp.so[0m
[4.459s] [ 40%] [32mBuilding CXX object CMakeFiles/denso_robot_core_interfaces__rosidl_typesupport_c.dir/rosidl_typesupport_c/denso_robot_core_interfaces/action/drive_value__type_support.cpp.o[0m
[4.461s] [ 41%] [32mBuilding CXX object CMakeFiles/denso_robot_core_interfaces__rosidl_typesupport_c.dir/rosidl_typesupport_c/denso_robot_core_interfaces/action/drive_string__type_support.cpp.o[0m
[4.492s] [ 42%] [32mBuilding CXX object CMakeFiles/denso_robot_core_interfaces__rosidl_typesupport_c.dir/rosidl_typesupport_c/denso_robot_core_interfaces/action/move_string__type_support.cpp.o[0m
[4.501s] [ 42%] Built target denso_robot_core_interfaces__rosidl_typesupport_cpp
[4.515s] [ 43%] [32mBuilding CXX object CMakeFiles/denso_robot_core_interfaces__rosidl_typesupport_c.dir/rosidl_typesupport_c/denso_robot_core_interfaces/action/move_value__type_support.cpp.o[0m
[4.540s] [ 44%] [32mBuilding CXX object CMakeFiles/denso_robot_core_interfaces__rosidl_typesupport_c.dir/rosidl_typesupport_c/denso_robot_core_interfaces/msg/ex_joints__type_support.cpp.o[0m
[4.555s] [ 45%] [32mBuilding CXX object CMakeFiles/denso_robot_core_interfaces__rosidl_typesupport_c.dir/rosidl_typesupport_c/denso_robot_core_interfaces/msg/joints__type_support.cpp.o[0m
[4.585s] [ 46%] [32mBuilding CXX object CMakeFiles/denso_robot_core_interfaces__rosidl_typesupport_c.dir/rosidl_typesupport_c/denso_robot_core_interfaces/msg/pose_data__type_support.cpp.o[0m
[4.601s] [ 47%] [32mBuilding CXX object CMakeFiles/denso_robot_core_interfaces__rosidl_typesupport_c.dir/rosidl_typesupport_c/denso_robot_core_interfaces/srv/change_mode__type_support.cpp.o[0m
[4.615s] [ 48%] [32mBuilding CXX object CMakeFiles/denso_robot_core_interfaces__rosidl_typesupport_c.dir/rosidl_typesupport_c/denso_robot_core_interfaces/msg/user_io__type_support.cpp.o[0m
[4.664s] [ 49%] [32mBuilding CXX object CMakeFiles/denso_robot_core_interfaces__rosidl_typesupport_fastrtps_cpp.dir/rosidl_typesupport_fastrtps_cpp/denso_robot_core_interfaces/action/detail/dds_fastrtps/drive_string__type_support.cpp.o[0m
[4.664s] [ 50%] [32mBuilding CXX object CMakeFiles/denso_robot_core_interfaces__rosidl_typesupport_fastrtps_cpp.dir/rosidl_typesupport_fastrtps_cpp/denso_robot_core_interfaces/action/detail/dds_fastrtps/drive_value__type_support.cpp.o[0m
[4.665s] [ 52%] [32mBuilding CXX object CMakeFiles/denso_robot_core_interfaces__rosidl_typesupport_fastrtps_cpp.dir/rosidl_typesupport_fastrtps_cpp/denso_robot_core_interfaces/action/detail/dds_fastrtps/move_string__type_support.cpp.o[0m
[4.665s] [ 51%] [32m[1mLinking CXX shared library libdenso_robot_core_interfaces__rosidl_typesupport_c.so[0m
[4.670s] [ 53%] [32mBuilding CXX object CMakeFiles/denso_robot_core_interfaces__rosidl_typesupport_fastrtps_cpp.dir/rosidl_typesupport_fastrtps_cpp/denso_robot_core_interfaces/action/detail/dds_fastrtps/move_value__type_support.cpp.o[0m
[4.683s] [ 54%] [32mBuilding CXX object CMakeFiles/denso_robot_core_interfaces__rosidl_typesupport_fastrtps_cpp.dir/rosidl_typesupport_fastrtps_cpp/denso_robot_core_interfaces/msg/detail/dds_fastrtps/ex_joints__type_support.cpp.o[0m
[4.726s] [ 55%] [32mBuilding CXX object CMakeFiles/denso_robot_core_interfaces__rosidl_typesupport_fastrtps_cpp.dir/rosidl_typesupport_fastrtps_cpp/denso_robot_core_interfaces/msg/detail/dds_fastrtps/joints__type_support.cpp.o[0m
[4.741s] [ 55%] Built target denso_robot_core_interfaces__rosidl_typesupport_c
[4.754s] [ 56%] [32mBuilding CXX object CMakeFiles/denso_robot_core_interfaces__rosidl_typesupport_fastrtps_cpp.dir/rosidl_typesupport_fastrtps_cpp/denso_robot_core_interfaces/msg/detail/dds_fastrtps/pose_data__type_support.cpp.o[0m
[4.770s] [ 57%] [32mBuilding CXX object CMakeFiles/denso_robot_core_interfaces__rosidl_typesupport_fastrtps_cpp.dir/rosidl_typesupport_fastrtps_cpp/denso_robot_core_interfaces/srv/detail/dds_fastrtps/change_mode__type_support.cpp.o[0m
[4.791s] [ 58%] [32mBuilding CXX object CMakeFiles/denso_robot_core_interfaces__rosidl_typesupport_fastrtps_cpp.dir/rosidl_typesupport_fastrtps_cpp/denso_robot_core_interfaces/msg/detail/dds_fastrtps/user_io__type_support.cpp.o[0m
[5.070s] [ 60%] [32mBuilding C object CMakeFiles/denso_robot_core_interfaces__rosidl_typesupport_introspection_c.dir/rosidl_typesupport_introspection_c/denso_robot_core_interfaces/action/detail/drive_string__type_support.c.o[0m
[5.072s] [ 62%] [32mBuilding C object CMakeFiles/denso_robot_core_interfaces__rosidl_typesupport_introspection_c.dir/rosidl_typesupport_introspection_c/denso_robot_core_interfaces/action/detail/move_value__type_support.c.o[0m
[5.072s] [ 62%] [32mBuilding C object CMakeFiles/denso_robot_core_interfaces__rosidl_typesupport_introspection_c.dir/rosidl_typesupport_introspection_c/denso_robot_core_interfaces/action/detail/move_string__type_support.c.o[0m
[5.075s] [ 63%] [32mBuilding C object CMakeFiles/denso_robot_core_interfaces__rosidl_typesupport_introspection_c.dir/rosidl_typesupport_introspection_c/denso_robot_core_interfaces/action/detail/drive_value__type_support.c.o[0m
[5.076s] [ 64%] [32mBuilding C object CMakeFiles/denso_robot_core_interfaces__rosidl_typesupport_introspection_c.dir/rosidl_typesupport_introspection_c/denso_robot_core_interfaces/msg/detail/ex_joints__type_support.c.o[0m
[5.083s] [ 65%] [32m[1mLinking CXX shared library libdenso_robot_core_interfaces__rosidl_typesupport_introspection_cpp.so[0m
[5.105s] [ 66%] [32mBuilding CXX object CMakeFiles/denso_robot_core_interfaces__rosidl_typesupport_fastrtps_c.dir/rosidl_typesupport_fastrtps_c/denso_robot_core_interfaces/action/detail/drive_string__type_support_c.cpp.o[0m
[5.156s] [ 67%] [32mBuilding C object CMakeFiles/denso_robot_core_interfaces__rosidl_typesupport_introspection_c.dir/rosidl_typesupport_introspection_c/denso_robot_core_interfaces/msg/detail/joints__type_support.c.o[0m
[5.164s] [ 68%] [32mBuilding C object CMakeFiles/denso_robot_core_interfaces__rosidl_typesupport_introspection_c.dir/rosidl_typesupport_introspection_c/denso_robot_core_interfaces/msg/detail/pose_data__type_support.c.o[0m
[5.176s] [ 69%] [32mBuilding C object CMakeFiles/denso_robot_core_interfaces__rosidl_typesupport_introspection_c.dir/rosidl_typesupport_introspection_c/denso_robot_core_interfaces/msg/detail/user_io__type_support.c.o[0m
[5.179s] [ 70%] [32mBuilding C object CMakeFiles/denso_robot_core_interfaces__rosidl_typesupport_introspection_c.dir/rosidl_typesupport_introspection_c/denso_robot_core_interfaces/srv/detail/change_mode__type_support.c.o[0m
[5.199s] [ 71%] [32mBuilding CXX object CMakeFiles/denso_robot_core_interfaces__rosidl_typesupport_fastrtps_c.dir/rosidl_typesupport_fastrtps_c/denso_robot_core_interfaces/action/detail/drive_value__type_support_c.cpp.o[0m
[5.226s] [ 72%] [32mBuilding CXX object CMakeFiles/denso_robot_core_interfaces__rosidl_typesupport_fastrtps_c.dir/rosidl_typesupport_fastrtps_c/denso_robot_core_interfaces/action/detail/move_string__type_support_c.cpp.o[0m
[5.227s] [ 72%] Built target denso_robot_core_interfaces__rosidl_typesupport_introspection_cpp
[5.236s] [ 73%] [32mBuilding CXX object CMakeFiles/denso_robot_core_interfaces__rosidl_typesupport_fastrtps_c.dir/rosidl_typesupport_fastrtps_c/denso_robot_core_interfaces/action/detail/move_value__type_support_c.cpp.o[0m
[5.240s] [ 74%] [32mBuilding CXX object CMakeFiles/denso_robot_core_interfaces__rosidl_typesupport_fastrtps_c.dir/rosidl_typesupport_fastrtps_c/denso_robot_core_interfaces/msg/detail/ex_joints__type_support_c.cpp.o[0m
[5.240s] [ 75%] [32mBuilding CXX object CMakeFiles/denso_robot_core_interfaces__rosidl_typesupport_fastrtps_c.dir/rosidl_typesupport_fastrtps_c/denso_robot_core_interfaces/msg/detail/joints__type_support_c.cpp.o[0m
[5.256s] [ 76%] [32mBuilding CXX object CMakeFiles/denso_robot_core_interfaces__rosidl_typesupport_fastrtps_c.dir/rosidl_typesupport_fastrtps_c/denso_robot_core_interfaces/msg/detail/pose_data__type_support_c.cpp.o[0m
[5.256s] [ 77%] [32m[1mLinking C shared library libdenso_robot_core_interfaces__rosidl_typesupport_introspection_c.so[0m
[5.276s] [ 78%] [32mBuilding CXX object CMakeFiles/denso_robot_core_interfaces__rosidl_typesupport_fastrtps_c.dir/rosidl_typesupport_fastrtps_c/denso_robot_core_interfaces/srv/detail/change_mode__type_support_c.cpp.o[0m
[5.322s] [ 78%] Built target denso_robot_core_interfaces__rosidl_typesupport_introspection_c
[5.334s] [ 80%] [32mBuilding CXX object CMakeFiles/denso_robot_core_interfaces__rosidl_typesupport_fastrtps_c.dir/rosidl_typesupport_fastrtps_c/denso_robot_core_interfaces/msg/detail/user_io__type_support_c.cpp.o[0m
[5.577s] [ 81%] [32m[1mLinking CXX shared library libdenso_robot_core_interfaces__rosidl_typesupport_fastrtps_cpp.so[0m
[5.658s] [ 81%] Built target denso_robot_core_interfaces__rosidl_typesupport_fastrtps_cpp
[5.783s] [ 82%] [32m[1mLinking CXX shared library libdenso_robot_core_interfaces__rosidl_typesupport_fastrtps_c.so[0m
[5.851s] [ 82%] Built target denso_robot_core_interfaces__rosidl_typesupport_fastrtps_c
[5.874s] [ 82%] Built target denso_robot_core_interfaces
[5.901s] [ 83%] [34m[1mGenerating Python code for ROS interfaces[0m
[8.197s] [ 83%] Built target denso_robot_core_interfaces__py
[8.223s] [ 84%] [32mBuilding C object CMakeFiles/denso_robot_core_interfaces__rosidl_generator_py.dir/rosidl_generator_py/denso_robot_core_interfaces/action/_move_string_s.c.o[0m
[8.224s] [ 85%] [32mBuilding C object CMakeFiles/denso_robot_core_interfaces__rosidl_generator_py.dir/rosidl_generator_py/denso_robot_core_interfaces/msg/_pose_data_s.c.o[0m
[8.224s] [ 86%] [32mBuilding C object CMakeFiles/denso_robot_core_interfaces__rosidl_generator_py.dir/rosidl_generator_py/denso_robot_core_interfaces/action/_move_value_s.c.o[0m
[8.225s] [ 87%] [32mBuilding C object CMakeFiles/denso_robot_core_interfaces__rosidl_generator_py.dir/rosidl_generator_py/denso_robot_core_interfaces/action/_drive_string_s.c.o[0m
[8.225s] [ 91%] [32mBuilding C object CMakeFiles/denso_robot_core_interfaces__rosidl_generator_py.dir/rosidl_generator_py/denso_robot_core_interfaces/srv/_change_mode_s.c.o[0m
[8.225s] [ 91%] [32mBuilding C object CMakeFiles/denso_robot_core_interfaces__rosidl_generator_py.dir/rosidl_generator_py/denso_robot_core_interfaces/msg/_joints_s.c.o[0m
[8.225s] [ 91%] [32mBuilding C object CMakeFiles/denso_robot_core_interfaces__rosidl_generator_py.dir/rosidl_generator_py/denso_robot_core_interfaces/action/_drive_value_s.c.o[0m
[8.225s] [ 91%] [32mBuilding C object CMakeFiles/denso_robot_core_interfaces__rosidl_generator_py.dir/rosidl_generator_py/denso_robot_core_interfaces/msg/_ex_joints_s.c.o[0m
[8.227s] [ 92%] [32mBuilding C object CMakeFiles/denso_robot_core_interfaces__rosidl_generator_py.dir/rosidl_generator_py/denso_robot_core_interfaces/msg/_user_io_s.c.o[0m
[8.561s] [ 93%] [32m[1mLinking C shared library rosidl_generator_py/denso_robot_core_interfaces/libdenso_robot_core_interfaces__rosidl_generator_py.so[0m
[8.606s] [ 93%] Built target denso_robot_core_interfaces__rosidl_generator_py
[8.629s] [ 94%] [32mBuilding C object CMakeFiles/denso_robot_core_interfaces__rosidl_typesupport_c__pyext.dir/rosidl_generator_py/denso_robot_core_interfaces/_denso_robot_core_interfaces_s.ep.rosidl_typesupport_c.c.o[0m
[8.634s] [ 95%] [32mBuilding C object CMakeFiles/denso_robot_core_interfaces__rosidl_typesupport_introspection_c__pyext.dir/rosidl_generator_py/denso_robot_core_interfaces/_denso_robot_core_interfaces_s.ep.rosidl_typesupport_introspection_c.c.o[0m
[8.634s] [ 96%] [32mBuilding C object CMakeFiles/denso_robot_core_interfaces__rosidl_typesupport_fastrtps_c__pyext.dir/rosidl_generator_py/denso_robot_core_interfaces/_denso_robot_core_interfaces_s.ep.rosidl_typesupport_fastrtps_c.c.o[0m
[9.073s] [ 97%] [32m[1mLinking C shared library rosidl_generator_py/denso_robot_core_interfaces/denso_robot_core_interfaces_s__rosidl_typesupport_c.cpython-310-x86_64-linux-gnu.so[0m
[9.119s] [ 97%] Built target denso_robot_core_interfaces__rosidl_typesupport_c__pyext
[9.236s] [ 98%] [32m[1mLinking C shared library rosidl_generator_py/denso_robot_core_interfaces/denso_robot_core_interfaces_s__rosidl_typesupport_introspection_c.cpython-310-x86_64-linux-gnu.so[0m
[9.278s] [ 98%] Built target denso_robot_core_interfaces__rosidl_typesupport_introspection_c__pyext
[9.288s] [100%] [32m[1mLinking C shared library rosidl_generator_py/denso_robot_core_interfaces/denso_robot_core_interfaces_s__rosidl_typesupport_fastrtps_c.cpython-310-x86_64-linux-gnu.so[0m
[9.330s] [100%] Built target denso_robot_core_interfaces__rosidl_typesupport_fastrtps_c__pyext
[9.345s] Invoked command in '/home/isg/workspace/denso_ros2_ws/src/build/denso_robot_core_interfaces' returned '0': AMENT_PREFIX_PATH=/home/isg/workspace/denso_ros2_ws/src/install/bcap_service:/home/isg/workspace/denso_ros2_ws/src/install/bcap_service_interfaces:/home/isg/workspace/denso_ros2_ws/src/install/bcap_core:${AMENT_PREFIX_PATH} CMAKE_PREFIX_PATH=/home/isg/workspace/denso_ros2_ws/src/install/bcap_service:/home/isg/workspace/denso_ros2_ws/src/install/bcap_service_interfaces:/home/isg/workspace/denso_ros2_ws/src/install/bcap_core:/opt/ros/humble LD_LIBRARY_PATH=/home/isg/workspace/denso_ros2_ws/src/install/bcap_service/lib:/home/isg/workspace/denso_ros2_ws/src/install/bcap_service_interfaces/lib:/home/isg/workspace/denso_ros2_ws/src/install/bcap_core/lib:${LD_LIBRARY_PATH} PYTHONPATH=/home/isg/workspace/denso_ros2_ws/src/install/bcap_service_interfaces/local/lib/python3.10/dist-packages:${PYTHONPATH} /usr/bin/cmake --build /home/isg/workspace/denso_ros2_ws/src/build/denso_robot_core_interfaces -- -j16 -l16
[9.347s] Invoking command in '/home/isg/workspace/denso_ros2_ws/src/build/denso_robot_core_interfaces': AMENT_PREFIX_PATH=/home/isg/workspace/denso_ros2_ws/src/install/bcap_service:/home/isg/workspace/denso_ros2_ws/src/install/bcap_service_interfaces:/home/isg/workspace/denso_ros2_ws/src/install/bcap_core:${AMENT_PREFIX_PATH} CMAKE_PREFIX_PATH=/home/isg/workspace/denso_ros2_ws/src/install/bcap_service:/home/isg/workspace/denso_ros2_ws/src/install/bcap_service_interfaces:/home/isg/workspace/denso_ros2_ws/src/install/bcap_core:/opt/ros/humble LD_LIBRARY_PATH=/home/isg/workspace/denso_ros2_ws/src/install/bcap_service/lib:/home/isg/workspace/denso_ros2_ws/src/install/bcap_service_interfaces/lib:/home/isg/workspace/denso_ros2_ws/src/install/bcap_core/lib:${LD_LIBRARY_PATH} PYTHONPATH=/home/isg/workspace/denso_ros2_ws/src/install/bcap_service_interfaces/local/lib/python3.10/dist-packages:${PYTHONPATH} /usr/bin/cmake --install /home/isg/workspace/denso_ros2_ws/src/build/denso_robot_core_interfaces
[9.355s] -- Install configuration: "Release"
[9.355s] -- Installing: /home/isg/workspace/denso_ros2_ws/src/install/denso_robot_core_interfaces/share/ament_index/resource_index/rosidl_interfaces/denso_robot_core_interfaces
[9.355s] -- Installing: /home/isg/workspace/denso_ros2_ws/src/install/denso_robot_core_interfaces/include/denso_robot_core_interfaces/denso_robot_core_interfaces
[9.355s] -- Installing: /home/isg/workspace/denso_ros2_ws/src/install/denso_robot_core_interfaces/include/denso_robot_core_interfaces/denso_robot_core_interfaces/srv
[9.355s] -- Installing: /home/isg/workspace/denso_ros2_ws/src/install/denso_robot_core_interfaces/include/denso_robot_core_interfaces/denso_robot_core_interfaces/srv/detail
[9.356s] -- Installing: /home/isg/workspace/denso_ros2_ws/src/install/denso_robot_core_interfaces/include/denso_robot_core_interfaces/denso_robot_core_interfaces/srv/detail/change_mode__functions.c
[9.356s] -- Installing: /home/isg/workspace/denso_ros2_ws/src/install/denso_robot_core_interfaces/include/denso_robot_core_interfaces/denso_robot_core_interfaces/srv/detail/change_mode__functions.h
[9.356s] -- Installing: /home/isg/workspace/denso_ros2_ws/src/install/denso_robot_core_interfaces/include/denso_robot_core_interfaces/denso_robot_core_interfaces/srv/detail/change_mode__struct.h
[9.356s] -- Installing: /home/isg/workspace/denso_ros2_ws/src/install/denso_robot_core_interfaces/include/denso_robot_core_interfaces/denso_robot_core_interfaces/srv/detail/change_mode__type_support.h
[9.356s] -- Installing: /home/isg/workspace/denso_ros2_ws/src/install/denso_robot_core_interfaces/include/denso_robot_core_interfaces/denso_robot_core_interfaces/srv/change_mode.h
[9.356s] -- Installing: /home/isg/workspace/denso_ros2_ws/src/install/denso_robot_core_interfaces/include/denso_robot_core_interfaces/denso_robot_core_interfaces/action
[9.356s] -- Installing: /home/isg/workspace/denso_ros2_ws/src/install/denso_robot_core_interfaces/include/denso_robot_core_interfaces/denso_robot_core_interfaces/action/detail
[9.357s] -- Installing: /home/isg/workspace/denso_ros2_ws/src/install/denso_robot_core_interfaces/include/denso_robot_core_interfaces/denso_robot_core_interfaces/action/detail/drive_value__type_support.h
[9.357s] -- Installing: /home/isg/workspace/denso_ros2_ws/src/install/denso_robot_core_interfaces/include/denso_robot_core_interfaces/denso_robot_core_interfaces/action/detail/move_value__type_support.h
[9.357s] -- Installing: /home/isg/workspace/denso_ros2_ws/src/install/denso_robot_core_interfaces/include/denso_robot_core_interfaces/denso_robot_core_interfaces/action/detail/move_string__functions.c
[9.357s] -- Installing: /home/isg/workspace/denso_ros2_ws/src/install/denso_robot_core_interfaces/include/denso_robot_core_interfaces/denso_robot_core_interfaces/action/detail/drive_string__functions.c
[9.357s] -- Installing: /home/isg/workspace/denso_ros2_ws/src/install/denso_robot_core_interfaces/include/denso_robot_core_interfaces/denso_robot_core_interfaces/action/detail/drive_string__type_support.h
[9.357s] -- Installing: /home/isg/workspace/denso_ros2_ws/src/install/denso_robot_core_interfaces/include/denso_robot_core_interfaces/denso_robot_core_interfaces/action/detail/move_string__type_support.h
[9.358s] -- Installing: /home/isg/workspace/denso_ros2_ws/src/install/denso_robot_core_interfaces/include/denso_robot_core_interfaces/denso_robot_core_interfaces/action/detail/move_value__struct.h
[9.358s] -- Installing: /home/isg/workspace/denso_ros2_ws/src/install/denso_robot_core_interfaces/include/denso_robot_core_interfaces/denso_robot_core_interfaces/action/detail/drive_value__functions.h
[9.358s] -- Installing: /home/isg/workspace/denso_ros2_ws/src/install/denso_robot_core_interfaces/include/denso_robot_core_interfaces/denso_robot_core_interfaces/action/detail/move_value__functions.h
[9.358s] -- Installing: /home/isg/workspace/denso_ros2_ws/src/install/denso_robot_core_interfaces/include/denso_robot_core_interfaces/denso_robot_core_interfaces/action/detail/move_string__functions.h
[9.358s] -- Installing: /home/isg/workspace/denso_ros2_ws/src/install/denso_robot_core_interfaces/include/denso_robot_core_interfaces/denso_robot_core_interfaces/action/detail/drive_string__functions.h
[9.359s] -- Installing: /home/isg/workspace/denso_ros2_ws/src/install/denso_robot_core_interfaces/include/denso_robot_core_interfaces/denso_robot_core_interfaces/action/detail/drive_string__struct.h
[9.359s] -- Installing: /home/isg/workspace/denso_ros2_ws/src/install/denso_robot_core_interfaces/include/denso_robot_core_interfaces/denso_robot_core_interfaces/action/detail/drive_value__functions.c
[9.359s] -- Installing: /home/isg/workspace/denso_ros2_ws/src/install/denso_robot_core_interfaces/include/denso_robot_core_interfaces/denso_robot_core_interfaces/action/detail/drive_value__struct.h
[9.359s] -- Installing: /home/isg/workspace/denso_ros2_ws/src/install/denso_robot_core_interfaces/include/denso_robot_core_interfaces/denso_robot_core_interfaces/action/detail/move_value__functions.c
[9.359s] -- Installing: /home/isg/workspace/denso_ros2_ws/src/install/denso_robot_core_interfaces/include/denso_robot_core_interfaces/denso_robot_core_interfaces/action/detail/move_string__struct.h
[9.359s] -- Installing: /home/isg/workspace/denso_ros2_ws/src/install/denso_robot_core_interfaces/include/denso_robot_core_interfaces/denso_robot_core_interfaces/action/move_value.h
[9.359s] -- Installing: /home/isg/workspace/denso_ros2_ws/src/install/denso_robot_core_interfaces/include/denso_robot_core_interfaces/denso_robot_core_interfaces/action/drive_value.h
[9.360s] -- Installing: /home/isg/workspace/denso_ros2_ws/src/install/denso_robot_core_interfaces/include/denso_robot_core_interfaces/denso_robot_core_interfaces/action/move_string.h
[9.360s] -- Installing: /home/isg/workspace/denso_ros2_ws/src/install/denso_robot_core_interfaces/include/denso_robot_core_interfaces/denso_robot_core_interfaces/action/drive_string.h
[9.360s] -- Installing: /home/isg/workspace/denso_ros2_ws/src/install/denso_robot_core_interfaces/include/denso_robot_core_interfaces/denso_robot_core_interfaces/msg
[9.360s] -- Installing: /home/isg/workspace/denso_ros2_ws/src/install/denso_robot_core_interfaces/include/denso_robot_core_interfaces/denso_robot_core_interfaces/msg/detail
[9.360s] -- Installing: /home/isg/workspace/denso_ros2_ws/src/install/denso_robot_core_interfaces/include/denso_robot_core_interfaces/denso_robot_core_interfaces/msg/detail/ex_joints__type_support.h
[9.360s] -- Installing: /home/isg/workspace/denso_ros2_ws/src/install/denso_robot_core_interfaces/include/denso_robot_core_interfaces/denso_robot_core_interfaces/msg/detail/pose_data__type_support.h
[9.360s] -- Installing: /home/isg/workspace/denso_ros2_ws/src/install/denso_robot_core_interfaces/include/denso_robot_core_interfaces/denso_robot_core_interfaces/msg/detail/pose_data__struct.h
[9.361s] -- Installing: /home/isg/workspace/denso_ros2_ws/src/install/denso_robot_core_interfaces/include/denso_robot_core_interfaces/denso_robot_core_interfaces/msg/detail/pose_data__functions.c
[9.361s] -- Installing: /home/isg/workspace/denso_ros2_ws/src/install/denso_robot_core_interfaces/include/denso_robot_core_interfaces/denso_robot_core_interfaces/msg/detail/user_io__functions.h
[9.361s] -- Installing: /home/isg/workspace/denso_ros2_ws/src/install/denso_robot_core_interfaces/include/denso_robot_core_interfaces/denso_robot_core_interfaces/msg/detail/joints__functions.c
[9.361s] -- Installing: /home/isg/workspace/denso_ros2_ws/src/install/denso_robot_core_interfaces/include/denso_robot_core_interfaces/denso_robot_core_interfaces/msg/detail/ex_joints__functions.c
[9.361s] -- Installing: /home/isg/workspace/denso_ros2_ws/src/install/denso_robot_core_interfaces/include/denso_robot_core_interfaces/denso_robot_core_interfaces/msg/detail/ex_joints__functions.h
[9.361s] -- Installing: /home/isg/workspace/denso_ros2_ws/src/install/denso_robot_core_interfaces/include/denso_robot_core_interfaces/denso_robot_core_interfaces/msg/detail/user_io__functions.c
[9.361s] -- Installing: /home/isg/workspace/denso_ros2_ws/src/install/denso_robot_core_interfaces/include/denso_robot_core_interfaces/denso_robot_core_interfaces/msg/detail/ex_joints__struct.h
[9.361s] -- Installing: /home/isg/workspace/denso_ros2_ws/src/install/denso_robot_core_interfaces/include/denso_robot_core_interfaces/denso_robot_core_interfaces/msg/detail/user_io__type_support.h
[9.362s] -- Installing: /home/isg/workspace/denso_ros2_ws/src/install/denso_robot_core_interfaces/include/denso_robot_core_interfaces/denso_robot_core_interfaces/msg/detail/pose_data__functions.h
[9.362s] -- Installing: /home/isg/workspace/denso_ros2_ws/src/install/denso_robot_core_interfaces/include/denso_robot_core_interfaces/denso_robot_core_interfaces/msg/detail/joints__functions.h
[9.362s] -- Installing: /home/isg/workspace/denso_ros2_ws/src/install/denso_robot_core_interfaces/include/denso_robot_core_interfaces/denso_robot_core_interfaces/msg/detail/user_io__struct.h
[9.362s] -- Installing: /home/isg/workspace/denso_ros2_ws/src/install/denso_robot_core_interfaces/include/denso_robot_core_interfaces/denso_robot_core_interfaces/msg/detail/joints__type_support.h
[9.362s] -- Installing: /home/isg/workspace/denso_ros2_ws/src/install/denso_robot_core_interfaces/include/denso_robot_core_interfaces/denso_robot_core_interfaces/msg/detail/joints__struct.h
[9.362s] -- Installing: /home/isg/workspace/denso_ros2_ws/src/install/denso_robot_core_interfaces/include/denso_robot_core_interfaces/denso_robot_core_interfaces/msg/pose_data.h
[9.362s] -- Installing: /home/isg/workspace/denso_ros2_ws/src/install/denso_robot_core_interfaces/include/denso_robot_core_interfaces/denso_robot_core_interfaces/msg/rosidl_generator_c__visibility_control.h
[9.363s] -- Installing: /home/isg/workspace/denso_ros2_ws/src/install/denso_robot_core_interfaces/include/denso_robot_core_interfaces/denso_robot_core_interfaces/msg/joints.h
[9.363s] -- Installing: /home/isg/workspace/denso_ros2_ws/src/install/denso_robot_core_interfaces/include/denso_robot_core_interfaces/denso_robot_core_interfaces/msg/ex_joints.h
[9.363s] -- Installing: /home/isg/workspace/denso_ros2_ws/src/install/denso_robot_core_interfaces/include/denso_robot_core_interfaces/denso_robot_core_interfaces/msg/user_io.h
[9.363s] -- Installing: /home/isg/workspace/denso_ros2_ws/src/install/denso_robot_core_interfaces/share/denso_robot_core_interfaces/environment/library_path.sh
[9.363s] -- Installing: /home/isg/workspace/denso_ros2_ws/src/install/denso_robot_core_interfaces/share/denso_robot_core_interfaces/environment/library_path.dsv
[9.363s] -- Installing: /home/isg/workspace/denso_ros2_ws/src/install/denso_robot_core_interfaces/lib/libdenso_robot_core_interfaces__rosidl_generator_c.so
[9.364s] -- Set runtime path of "/home/isg/workspace/denso_ros2_ws/src/install/denso_robot_core_interfaces/lib/libdenso_robot_core_interfaces__rosidl_generator_c.so" to ""
[9.364s] -- Up-to-date: /home/isg/workspace/denso_ros2_ws/src/install/denso_robot_core_interfaces/include/denso_robot_core_interfaces/denso_robot_core_interfaces
[9.364s] -- Up-to-date: /home/isg/workspace/denso_ros2_ws/src/install/denso_robot_core_interfaces/include/denso_robot_core_interfaces/denso_robot_core_interfaces/srv
[9.364s] -- Up-to-date: /home/isg/workspace/denso_ros2_ws/src/install/denso_robot_core_interfaces/include/denso_robot_core_interfaces/denso_robot_core_interfaces/srv/detail
[9.364s] -- Installing: /home/isg/workspace/denso_ros2_ws/src/install/denso_robot_core_interfaces/include/denso_robot_core_interfaces/denso_robot_core_interfaces/srv/detail/change_mode__rosidl_typesupport_fastrtps_c.h
[9.365s] -- Up-to-date: /home/isg/workspace/denso_ros2_ws/src/install/denso_robot_core_interfaces/include/denso_robot_core_interfaces/denso_robot_core_interfaces/action
[9.365s] -- Up-to-date: /home/isg/workspace/denso_ros2_ws/src/install/denso_robot_core_interfaces/include/denso_robot_core_interfaces/denso_robot_core_interfaces/action/detail
[9.365s] -- Installing: /home/isg/workspace/denso_ros2_ws/src/install/denso_robot_core_interfaces/include/denso_robot_core_interfaces/denso_robot_core_interfaces/action/detail/move_string__rosidl_typesupport_fastrtps_c.h
[9.365s] -- Installing: /home/isg/workspace/denso_ros2_ws/src/install/denso_robot_core_interfaces/include/denso_robot_core_interfaces/denso_robot_core_interfaces/action/detail/drive_string__rosidl_typesupport_fastrtps_c.h
[9.365s] -- Installing: /home/isg/workspace/denso_ros2_ws/src/install/denso_robot_core_interfaces/include/denso_robot_core_interfaces/denso_robot_core_interfaces/action/detail/drive_value__rosidl_typesupport_fastrtps_c.h
[9.365s] -- Installing: /home/isg/workspace/denso_ros2_ws/src/install/denso_robot_core_interfaces/include/denso_robot_core_interfaces/denso_robot_core_interfaces/action/detail/move_value__rosidl_typesupport_fastrtps_c.h
[9.365s] -- Up-to-date: /home/isg/workspace/denso_ros2_ws/src/install/denso_robot_core_interfaces/include/denso_robot_core_interfaces/denso_robot_core_interfaces/msg
[9.365s] -- Installing: /home/isg/workspace/denso_ros2_ws/src/install/denso_robot_core_interfaces/include/denso_robot_core_interfaces/denso_robot_core_interfaces/msg/rosidl_typesupport_fastrtps_c__visibility_control.h
[9.365s] -- Up-to-date: /home/isg/workspace/denso_ros2_ws/src/install/denso_robot_core_interfaces/include/denso_robot_core_interfaces/denso_robot_core_interfaces/msg/detail
[9.365s] -- Installing: /home/isg/workspace/denso_ros2_ws/src/install/denso_robot_core_interfaces/include/denso_robot_core_interfaces/denso_robot_core_interfaces/msg/detail/user_io__rosidl_typesupport_fastrtps_c.h
[9.365s] -- Installing: /home/isg/workspace/denso_ros2_ws/src/install/denso_robot_core_interfaces/include/denso_robot_core_interfaces/denso_robot_core_interfaces/msg/detail/ex_joints__rosidl_typesupport_fastrtps_c.h
[9.366s] -- Installing: /home/isg/workspace/denso_ros2_ws/src/install/denso_robot_core_interfaces/include/denso_robot_core_interfaces/denso_robot_core_interfaces/msg/detail/joints__rosidl_typesupport_fastrtps_c.h
[9.366s] -- Installing: /home/isg/workspace/denso_ros2_ws/src/install/denso_robot_core_interfaces/include/denso_robot_core_interfaces/denso_robot_core_interfaces/msg/detail/pose_data__rosidl_typesupport_fastrtps_c.h
[9.366s] -- Installing: /home/isg/workspace/denso_ros2_ws/src/install/denso_robot_core_interfaces/lib/libdenso_robot_core_interfaces__rosidl_typesupport_fastrtps_c.so
[9.367s] -- Set runtime path of "/home/isg/workspace/denso_ros2_ws/src/install/denso_robot_core_interfaces/lib/libdenso_robot_core_interfaces__rosidl_typesupport_fastrtps_c.so" to ""
[9.367s] -- Up-to-date: /home/isg/workspace/denso_ros2_ws/src/install/denso_robot_core_interfaces/include/denso_robot_core_interfaces/denso_robot_core_interfaces
[9.367s] -- Up-to-date: /home/isg/workspace/denso_ros2_ws/src/install/denso_robot_core_interfaces/include/denso_robot_core_interfaces/denso_robot_core_interfaces/srv
[9.367s] -- Up-to-date: /home/isg/workspace/denso_ros2_ws/src/install/denso_robot_core_interfaces/include/denso_robot_core_interfaces/denso_robot_core_interfaces/srv/detail
[9.367s] -- Installing: /home/isg/workspace/denso_ros2_ws/src/install/denso_robot_core_interfaces/include/denso_robot_core_interfaces/denso_robot_core_interfaces/srv/detail/change_mode__rosidl_typesupport_introspection_c.h
[9.367s] -- Installing: /home/isg/workspace/denso_ros2_ws/src/install/denso_robot_core_interfaces/include/denso_robot_core_interfaces/denso_robot_core_interfaces/srv/detail/change_mode__type_support.c
[9.367s] -- Up-to-date: /home/isg/workspace/denso_ros2_ws/src/install/denso_robot_core_interfaces/include/denso_robot_core_interfaces/denso_robot_core_interfaces/action
[9.367s] -- Up-to-date: /home/isg/workspace/denso_ros2_ws/src/install/denso_robot_core_interfaces/include/denso_robot_core_interfaces/denso_robot_core_interfaces/action/detail
[9.367s] -- Installing: /home/isg/workspace/denso_ros2_ws/src/install/denso_robot_core_interfaces/include/denso_robot_core_interfaces/denso_robot_core_interfaces/action/detail/drive_string__rosidl_typesupport_introspection_c.h
[9.367s] -- Installing: /home/isg/workspace/denso_ros2_ws/src/install/denso_robot_core_interfaces/include/denso_robot_core_interfaces/denso_robot_core_interfaces/action/detail/move_string__rosidl_typesupport_introspection_c.h
[9.368s] -- Installing: /home/isg/workspace/denso_ros2_ws/src/install/denso_robot_core_interfaces/include/denso_robot_core_interfaces/denso_robot_core_interfaces/action/detail/drive_string__type_support.c
[9.368s] -- Installing: /home/isg/workspace/denso_ros2_ws/src/install/denso_robot_core_interfaces/include/denso_robot_core_interfaces/denso_robot_core_interfaces/action/detail/move_value__rosidl_typesupport_introspection_c.h
[9.368s] -- Installing: /home/isg/workspace/denso_ros2_ws/src/install/denso_robot_core_interfaces/include/denso_robot_core_interfaces/denso_robot_core_interfaces/action/detail/drive_value__rosidl_typesupport_introspection_c.h
[9.368s] -- Installing: /home/isg/workspace/denso_ros2_ws/src/install/denso_robot_core_interfaces/include/denso_robot_core_interfaces/denso_robot_core_interfaces/action/detail/drive_value__type_support.c
[9.368s] -- Installing: /home/isg/workspace/denso_ros2_ws/src/install/denso_robot_core_interfaces/include/denso_robot_core_interfaces/denso_robot_core_interfaces/action/detail/move_string__type_support.c
[9.368s] -- Installing: /home/isg/workspace/denso_ros2_ws/src/install/denso_robot_core_interfaces/include/denso_robot_core_interfaces/denso_robot_core_interfaces/action/detail/move_value__type_support.c
[9.369s] -- Up-to-date: /home/isg/workspace/denso_ros2_ws/src/install/denso_robot_core_interfaces/include/denso_robot_core_interfaces/denso_robot_core_interfaces/msg
[9.369s] -- Installing: /home/isg/workspace/denso_ros2_ws/src/install/denso_robot_core_interfaces/include/denso_robot_core_interfaces/denso_robot_core_interfaces/msg/rosidl_typesupport_introspection_c__visibility_control.h
[9.369s] -- Up-to-date: /home/isg/workspace/denso_ros2_ws/src/install/denso_robot_core_interfaces/include/denso_robot_core_interfaces/denso_robot_core_interfaces/msg/detail
[9.369s] -- Installing: /home/isg/workspace/denso_ros2_ws/src/install/denso_robot_core_interfaces/include/denso_robot_core_interfaces/denso_robot_core_interfaces/msg/detail/user_io__type_support.c
[9.369s] -- Installing: /home/isg/workspace/denso_ros2_ws/src/install/denso_robot_core_interfaces/include/denso_robot_core_interfaces/denso_robot_core_interfaces/msg/detail/pose_data__type_support.c
[9.369s] -- Installing: /home/isg/workspace/denso_ros2_ws/src/install/denso_robot_core_interfaces/include/denso_robot_core_interfaces/denso_robot_core_interfaces/msg/detail/pose_data__rosidl_typesupport_introspection_c.h
[9.369s] -- Installing: /home/isg/workspace/denso_ros2_ws/src/install/denso_robot_core_interfaces/include/denso_robot_core_interfaces/denso_robot_core_interfaces/msg/detail/joints__rosidl_typesupport_introspection_c.h
[9.369s] -- Installing: /home/isg/workspace/denso_ros2_ws/src/install/denso_robot_core_interfaces/include/denso_robot_core_interfaces/denso_robot_core_interfaces/msg/detail/ex_joints__type_support.c
[9.370s] -- Installing: /home/isg/workspace/denso_ros2_ws/src/install/denso_robot_core_interfaces/include/denso_robot_core_interfaces/denso_robot_core_interfaces/msg/detail/ex_joints__rosidl_typesupport_introspection_c.h
[9.370s] -- Installing: /home/isg/workspace/denso_ros2_ws/src/install/denso_robot_core_interfaces/include/denso_robot_core_interfaces/denso_robot_core_interfaces/msg/detail/user_io__rosidl_typesupport_introspection_c.h
[9.370s] -- Installing: /home/isg/workspace/denso_ros2_ws/src/install/denso_robot_core_interfaces/include/denso_robot_core_interfaces/denso_robot_core_interfaces/msg/detail/joints__type_support.c
[9.370s] -- Installing: /home/isg/workspace/denso_ros2_ws/src/install/denso_robot_core_interfaces/lib/libdenso_robot_core_interfaces__rosidl_typesupport_introspection_c.so
[9.371s] -- Set runtime path of "/home/isg/workspace/denso_ros2_ws/src/install/denso_robot_core_interfaces/lib/libdenso_robot_core_interfaces__rosidl_typesupport_introspection_c.so" to ""
[9.371s] -- Installing: /home/isg/workspace/denso_ros2_ws/src/install/denso_robot_core_interfaces/lib/libdenso_robot_core_interfaces__rosidl_typesupport_c.so
[9.371s] -- Set runtime path of "/home/isg/workspace/denso_ros2_ws/src/install/denso_robot_core_interfaces/lib/libdenso_robot_core_interfaces__rosidl_typesupport_c.so" to ""
[9.371s] -- Up-to-date: /home/isg/workspace/denso_ros2_ws/src/install/denso_robot_core_interfaces/include/denso_robot_core_interfaces/denso_robot_core_interfaces
[9.371s] -- Up-to-date: /home/isg/workspace/denso_ros2_ws/src/install/denso_robot_core_interfaces/include/denso_robot_core_interfaces/denso_robot_core_interfaces/srv
[9.371s] -- Up-to-date: /home/isg/workspace/denso_ros2_ws/src/install/denso_robot_core_interfaces/include/denso_robot_core_interfaces/denso_robot_core_interfaces/srv/detail
[9.372s] -- Installing: /home/isg/workspace/denso_ros2_ws/src/install/denso_robot_core_interfaces/include/denso_robot_core_interfaces/denso_robot_core_interfaces/srv/detail/change_mode__traits.hpp
[9.372s] -- Installing: /home/isg/workspace/denso_ros2_ws/src/install/denso_robot_core_interfaces/include/denso_robot_core_interfaces/denso_robot_core_interfaces/srv/detail/change_mode__struct.hpp
[9.372s] -- Installing: /home/isg/workspace/denso_ros2_ws/src/install/denso_robot_core_interfaces/include/denso_robot_core_interfaces/denso_robot_core_interfaces/srv/detail/change_mode__builder.hpp
[9.372s] -- Installing: /home/isg/workspace/denso_ros2_ws/src/install/denso_robot_core_interfaces/include/denso_robot_core_interfaces/denso_robot_core_interfaces/srv/detail/change_mode__type_support.hpp
[9.372s] -- Installing: /home/isg/workspace/denso_ros2_ws/src/install/denso_robot_core_interfaces/include/denso_robot_core_interfaces/denso_robot_core_interfaces/srv/change_mode.hpp
[9.372s] -- Up-to-date: /home/isg/workspace/denso_ros2_ws/src/install/denso_robot_core_interfaces/include/denso_robot_core_interfaces/denso_robot_core_interfaces/action
[9.372s] -- Installing: /home/isg/workspace/denso_ros2_ws/src/install/denso_robot_core_interfaces/include/denso_robot_core_interfaces/denso_robot_core_interfaces/action/move_string.hpp
[9.372s] -- Up-to-date: /home/isg/workspace/denso_ros2_ws/src/install/denso_robot_core_interfaces/include/denso_robot_core_interfaces/denso_robot_core_interfaces/action/detail
[9.372s] -- Installing: /home/isg/workspace/denso_ros2_ws/src/install/denso_robot_core_interfaces/include/denso_robot_core_interfaces/denso_robot_core_interfaces/action/detail/move_string__struct.hpp
[9.373s] -- Installing: /home/isg/workspace/denso_ros2_ws/src/install/denso_robot_core_interfaces/include/denso_robot_core_interfaces/denso_robot_core_interfaces/action/detail/drive_string__type_support.hpp
[9.373s] -- Installing: /home/isg/workspace/denso_ros2_ws/src/install/denso_robot_core_interfaces/include/denso_robot_core_interfaces/denso_robot_core_interfaces/action/detail/drive_value__builder.hpp
[9.373s] -- Installing: /home/isg/workspace/denso_ros2_ws/src/install/denso_robot_core_interfaces/include/denso_robot_core_interfaces/denso_robot_core_interfaces/action/detail/move_value__builder.hpp
[9.373s] -- Installing: /home/isg/workspace/denso_ros2_ws/src/install/denso_robot_core_interfaces/include/denso_robot_core_interfaces/denso_robot_core_interfaces/action/detail/move_value__traits.hpp
[9.373s] -- Installing: /home/isg/workspace/denso_ros2_ws/src/install/denso_robot_core_interfaces/include/denso_robot_core_interfaces/denso_robot_core_interfaces/action/detail/drive_value__struct.hpp
[9.373s] -- Installing: /home/isg/workspace/denso_ros2_ws/src/install/denso_robot_core_interfaces/include/denso_robot_core_interfaces/denso_robot_core_interfaces/action/detail/drive_string__traits.hpp
[9.374s] -- Installing: /home/isg/workspace/denso_ros2_ws/src/install/denso_robot_core_interfaces/include/denso_robot_core_interfaces/denso_robot_core_interfaces/action/detail/drive_string__struct.hpp
[9.374s] -- Installing: /home/isg/workspace/denso_ros2_ws/src/install/denso_robot_core_interfaces/include/denso_robot_core_interfaces/denso_robot_core_interfaces/action/detail/move_string__type_support.hpp
[9.374s] -- Installing: /home/isg/workspace/denso_ros2_ws/src/install/denso_robot_core_interfaces/include/denso_robot_core_interfaces/denso_robot_core_interfaces/action/detail/move_value__type_support.hpp
[9.374s] -- Installing: /home/isg/workspace/denso_ros2_ws/src/install/denso_robot_core_interfaces/include/denso_robot_core_interfaces/denso_robot_core_interfaces/action/detail/move_string__builder.hpp
[9.374s] -- Installing: /home/isg/workspace/denso_ros2_ws/src/install/denso_robot_core_interfaces/include/denso_robot_core_interfaces/denso_robot_core_interfaces/action/detail/move_value__struct.hpp
[9.374s] -- Installing: /home/isg/workspace/denso_ros2_ws/src/install/denso_robot_core_interfaces/include/denso_robot_core_interfaces/denso_robot_core_interfaces/action/detail/drive_value__type_support.hpp
[9.374s] -- Installing: /home/isg/workspace/denso_ros2_ws/src/install/denso_robot_core_interfaces/include/denso_robot_core_interfaces/denso_robot_core_interfaces/action/detail/drive_value__traits.hpp
[9.375s] -- Installing: /home/isg/workspace/denso_ros2_ws/src/install/denso_robot_core_interfaces/include/denso_robot_core_interfaces/denso_robot_core_interfaces/action/detail/drive_string__builder.hpp
[9.375s] -- Installing: /home/isg/workspace/denso_ros2_ws/src/install/denso_robot_core_interfaces/include/denso_robot_core_interfaces/denso_robot_core_interfaces/action/detail/move_string__traits.hpp
[9.375s] -- Installing: /home/isg/workspace/denso_ros2_ws/src/install/denso_robot_core_interfaces/include/denso_robot_core_interfaces/denso_robot_core_interfaces/action/drive_string.hpp
[9.375s] -- Installing: /home/isg/workspace/denso_ros2_ws/src/install/denso_robot_core_interfaces/include/denso_robot_core_interfaces/denso_robot_core_interfaces/action/move_value.hpp
[9.375s] -- Installing: /home/isg/workspace/denso_ros2_ws/src/install/denso_robot_core_interfaces/include/denso_robot_core_interfaces/denso_robot_core_interfaces/action/drive_value.hpp
[9.375s] -- Up-to-date: /home/isg/workspace/denso_ros2_ws/src/install/denso_robot_core_interfaces/include/denso_robot_core_interfaces/denso_robot_core_interfaces/msg
[9.375s] -- Installing: /home/isg/workspace/denso_ros2_ws/src/install/denso_robot_core_interfaces/include/denso_robot_core_interfaces/denso_robot_core_interfaces/msg/joints.hpp
[9.375s] -- Up-to-date: /home/isg/workspace/denso_ros2_ws/src/install/denso_robot_core_interfaces/include/denso_robot_core_interfaces/denso_robot_core_interfaces/msg/detail
[9.376s] -- Installing: /home/isg/workspace/denso_ros2_ws/src/install/denso_robot_core_interfaces/include/denso_robot_core_interfaces/denso_robot_core_interfaces/msg/detail/pose_data__type_support.hpp
[9.376s] -- Installing: /home/isg/workspace/denso_ros2_ws/src/install/denso_robot_core_interfaces/include/denso_robot_core_interfaces/denso_robot_core_interfaces/msg/detail/joints__type_support.hpp
[9.376s] -- Installing: /home/isg/workspace/denso_ros2_ws/src/install/denso_robot_core_interfaces/include/denso_robot_core_interfaces/denso_robot_core_interfaces/msg/detail/pose_data__traits.hpp
[9.376s] -- Installing: /home/isg/workspace/denso_ros2_ws/src/install/denso_robot_core_interfaces/include/denso_robot_core_interfaces/denso_robot_core_interfaces/msg/detail/ex_joints__traits.hpp
[9.376s] -- Installing: /home/isg/workspace/denso_ros2_ws/src/install/denso_robot_core_interfaces/include/denso_robot_core_interfaces/denso_robot_core_interfaces/msg/detail/user_io__traits.hpp
[9.376s] -- Installing: /home/isg/workspace/denso_ros2_ws/src/install/denso_robot_core_interfaces/include/denso_robot_core_interfaces/denso_robot_core_interfaces/msg/detail/joints__builder.hpp
[9.376s] -- Installing: /home/isg/workspace/denso_ros2_ws/src/install/denso_robot_core_interfaces/include/denso_robot_core_interfaces/denso_robot_core_interfaces/msg/detail/ex_joints__type_support.hpp
[9.376s] -- Installing: /home/isg/workspace/denso_ros2_ws/src/install/denso_robot_core_interfaces/include/denso_robot_core_interfaces/denso_robot_core_interfaces/msg/detail/user_io__builder.hpp
[9.377s] -- Installing: /home/isg/workspace/denso_ros2_ws/src/install/denso_robot_core_interfaces/include/denso_robot_core_interfaces/denso_robot_core_interfaces/msg/detail/pose_data__builder.hpp
[9.377s] -- Installing: /home/isg/workspace/denso_ros2_ws/src/install/denso_robot_core_interfaces/include/denso_robot_core_interfaces/denso_robot_core_interfaces/msg/detail/joints__traits.hpp
[9.377s] -- Installing: /home/isg/workspace/denso_ros2_ws/src/install/denso_robot_core_interfaces/include/denso_robot_core_interfaces/denso_robot_core_interfaces/msg/detail/ex_joints__struct.hpp
[9.377s] -- Installing: /home/isg/workspace/denso_ros2_ws/src/install/denso_robot_core_interfaces/include/denso_robot_core_interfaces/denso_robot_core_interfaces/msg/detail/ex_joints__builder.hpp
[9.377s] -- Installing: /home/isg/workspace/denso_ros2_ws/src/install/denso_robot_core_interfaces/include/denso_robot_core_interfaces/denso_robot_core_interfaces/msg/detail/user_io__struct.hpp
[9.377s] -- Installing: /home/isg/workspace/denso_ros2_ws/src/install/denso_robot_core_interfaces/include/denso_robot_core_interfaces/denso_robot_core_interfaces/msg/detail/joints__struct.hpp
[9.377s] -- Installing: /home/isg/workspace/denso_ros2_ws/src/install/denso_robot_core_interfaces/include/denso_robot_core_interfaces/denso_robot_core_interfaces/msg/detail/pose_data__struct.hpp
[9.378s] -- Installing: /home/isg/workspace/denso_ros2_ws/src/install/denso_robot_core_interfaces/include/denso_robot_core_interfaces/denso_robot_core_interfaces/msg/detail/user_io__type_support.hpp
[9.378s] -- Installing: /home/isg/workspace/denso_ros2_ws/src/install/denso_robot_core_interfaces/include/denso_robot_core_interfaces/denso_robot_core_interfaces/msg/rosidl_generator_cpp__visibility_control.hpp
[9.378s] -- Installing: /home/isg/workspace/denso_ros2_ws/src/install/denso_robot_core_interfaces/include/denso_robot_core_interfaces/denso_robot_core_interfaces/msg/ex_joints.hpp
[9.378s] -- Installing: /home/isg/workspace/denso_ros2_ws/src/install/denso_robot_core_interfaces/include/denso_robot_core_interfaces/denso_robot_core_interfaces/msg/pose_data.hpp
[9.378s] -- Installing: /home/isg/workspace/denso_ros2_ws/src/install/denso_robot_core_interfaces/include/denso_robot_core_interfaces/denso_robot_core_interfaces/msg/user_io.hpp
[9.378s] -- Up-to-date: /home/isg/workspace/denso_ros2_ws/src/install/denso_robot_core_interfaces/include/denso_robot_core_interfaces/denso_robot_core_interfaces
[9.378s] -- Up-to-date: /home/isg/workspace/denso_ros2_ws/src/install/denso_robot_core_interfaces/include/denso_robot_core_interfaces/denso_robot_core_interfaces/srv
[9.378s] -- Up-to-date: /home/isg/workspace/denso_ros2_ws/src/install/denso_robot_core_interfaces/include/denso_robot_core_interfaces/denso_robot_core_interfaces/srv/detail
[9.379s] -- Installing: /home/isg/workspace/denso_ros2_ws/src/install/denso_robot_core_interfaces/include/denso_robot_core_interfaces/denso_robot_core_interfaces/srv/detail/change_mode__rosidl_typesupport_fastrtps_cpp.hpp
[9.379s] -- Installing: /home/isg/workspace/denso_ros2_ws/src/install/denso_robot_core_interfaces/include/denso_robot_core_interfaces/denso_robot_core_interfaces/srv/detail/dds_fastrtps
[9.379s] -- Up-to-date: /home/isg/workspace/denso_ros2_ws/src/install/denso_robot_core_interfaces/include/denso_robot_core_interfaces/denso_robot_core_interfaces/action
[9.379s] -- Up-to-date: /home/isg/workspace/denso_ros2_ws/src/install/denso_robot_core_interfaces/include/denso_robot_core_interfaces/denso_robot_core_interfaces/action/detail
[9.379s] -- Installing: /home/isg/workspace/denso_ros2_ws/src/install/denso_robot_core_interfaces/include/denso_robot_core_interfaces/denso_robot_core_interfaces/action/detail/dds_fastrtps
[9.379s] -- Installing: /home/isg/workspace/denso_ros2_ws/src/install/denso_robot_core_interfaces/include/denso_robot_core_interfaces/denso_robot_core_interfaces/action/detail/drive_value__rosidl_typesupport_fastrtps_cpp.hpp
[9.379s] -- Installing: /home/isg/workspace/denso_ros2_ws/src/install/denso_robot_core_interfaces/include/denso_robot_core_interfaces/denso_robot_core_interfaces/action/detail/move_value__rosidl_typesupport_fastrtps_cpp.hpp
[9.379s] -- Installing: /home/isg/workspace/denso_ros2_ws/src/install/denso_robot_core_interfaces/include/denso_robot_core_interfaces/denso_robot_core_interfaces/action/detail/drive_string__rosidl_typesupport_fastrtps_cpp.hpp
[9.379s] -- Installing: /home/isg/workspace/denso_ros2_ws/src/install/denso_robot_core_interfaces/include/denso_robot_core_interfaces/denso_robot_core_interfaces/action/detail/move_string__rosidl_typesupport_fastrtps_cpp.hpp
[9.379s] -- Up-to-date: /home/isg/workspace/denso_ros2_ws/src/install/denso_robot_core_interfaces/include/denso_robot_core_interfaces/denso_robot_core_interfaces/msg
[9.379s] -- Up-to-date: /home/isg/workspace/denso_ros2_ws/src/install/denso_robot_core_interfaces/include/denso_robot_core_interfaces/denso_robot_core_interfaces/msg/detail
[9.380s] -- Installing: /home/isg/workspace/denso_ros2_ws/src/install/denso_robot_core_interfaces/include/denso_robot_core_interfaces/denso_robot_core_interfaces/msg/detail/pose_data__rosidl_typesupport_fastrtps_cpp.hpp
[9.380s] -- Installing: /home/isg/workspace/denso_ros2_ws/src/install/denso_robot_core_interfaces/include/denso_robot_core_interfaces/denso_robot_core_interfaces/msg/detail/joints__rosidl_typesupport_fastrtps_cpp.hpp
[9.380s] -- Installing: /home/isg/workspace/denso_ros2_ws/src/install/denso_robot_core_interfaces/include/denso_robot_core_interfaces/denso_robot_core_interfaces/msg/detail/user_io__rosidl_typesupport_fastrtps_cpp.hpp
[9.380s] -- Installing: /home/isg/workspace/denso_ros2_ws/src/install/denso_robot_core_interfaces/include/denso_robot_core_interfaces/denso_robot_core_interfaces/msg/detail/ex_joints__rosidl_typesupport_fastrtps_cpp.hpp
[9.380s] -- Installing: /home/isg/workspace/denso_ros2_ws/src/install/denso_robot_core_interfaces/include/denso_robot_core_interfaces/denso_robot_core_interfaces/msg/detail/dds_fastrtps
[9.380s] -- Installing: /home/isg/workspace/denso_ros2_ws/src/install/denso_robot_core_interfaces/include/denso_robot_core_interfaces/denso_robot_core_interfaces/msg/rosidl_typesupport_fastrtps_cpp__visibility_control.h
[9.380s] -- Installing: /home/isg/workspace/denso_ros2_ws/src/install/denso_robot_core_interfaces/lib/libdenso_robot_core_interfaces__rosidl_typesupport_fastrtps_cpp.so
[9.381s] -- Set runtime path of "/home/isg/workspace/denso_ros2_ws/src/install/denso_robot_core_interfaces/lib/libdenso_robot_core_interfaces__rosidl_typesupport_fastrtps_cpp.so" to ""
[9.381s] -- Up-to-date: /home/isg/workspace/denso_ros2_ws/src/install/denso_robot_core_interfaces/include/denso_robot_core_interfaces/denso_robot_core_interfaces
[9.381s] -- Up-to-date: /home/isg/workspace/denso_ros2_ws/src/install/denso_robot_core_interfaces/include/denso_robot_core_interfaces/denso_robot_core_interfaces/srv
[9.381s] -- Up-to-date: /home/isg/workspace/denso_ros2_ws/src/install/denso_robot_core_interfaces/include/denso_robot_core_interfaces/denso_robot_core_interfaces/srv/detail
[9.381s] -- Installing: /home/isg/workspace/denso_ros2_ws/src/install/denso_robot_core_interfaces/include/denso_robot_core_interfaces/denso_robot_core_interfaces/srv/detail/change_mode__type_support.cpp
[9.381s] -- Installing: /home/isg/workspace/denso_ros2_ws/src/install/denso_robot_core_interfaces/include/denso_robot_core_interfaces/denso_robot_core_interfaces/srv/detail/change_mode__rosidl_typesupport_introspection_cpp.hpp
[9.381s] -- Up-to-date: /home/isg/workspace/denso_ros2_ws/src/install/denso_robot_core_interfaces/include/denso_robot_core_interfaces/denso_robot_core_interfaces/action
[9.381s] -- Up-to-date: /home/isg/workspace/denso_ros2_ws/src/install/denso_robot_core_interfaces/include/denso_robot_core_interfaces/denso_robot_core_interfaces/action/detail
[9.382s] -- Installing: /home/isg/workspace/denso_ros2_ws/src/install/denso_robot_core_interfaces/include/denso_robot_core_interfaces/denso_robot_core_interfaces/action/detail/move_string__type_support.cpp
[9.382s] -- Installing: /home/isg/workspace/denso_ros2_ws/src/install/denso_robot_core_interfaces/include/denso_robot_core_interfaces/denso_robot_core_interfaces/action/detail/drive_value__rosidl_typesupport_introspection_cpp.hpp
[9.382s] -- Installing: /home/isg/workspace/denso_ros2_ws/src/install/denso_robot_core_interfaces/include/denso_robot_core_interfaces/denso_robot_core_interfaces/action/detail/drive_value__type_support.cpp
[9.382s] -- Installing: /home/isg/workspace/denso_ros2_ws/src/install/denso_robot_core_interfaces/include/denso_robot_core_interfaces/denso_robot_core_interfaces/action/detail/drive_string__rosidl_typesupport_introspection_cpp.hpp
[9.382s] -- Installing: /home/isg/workspace/denso_ros2_ws/src/install/denso_robot_core_interfaces/include/denso_robot_core_interfaces/denso_robot_core_interfaces/action/detail/move_value__type_support.cpp
[9.382s] -- Installing: /home/isg/workspace/denso_ros2_ws/src/install/denso_robot_core_interfaces/include/denso_robot_core_interfaces/denso_robot_core_interfaces/action/detail/drive_string__type_support.cpp
[9.383s] -- Installing: /home/isg/workspace/denso_ros2_ws/src/install/denso_robot_core_interfaces/include/denso_robot_core_interfaces/denso_robot_core_interfaces/action/detail/move_value__rosidl_typesupport_introspection_cpp.hpp
[9.383s] -- Installing: /home/isg/workspace/denso_ros2_ws/src/install/denso_robot_core_interfaces/include/denso_robot_core_interfaces/denso_robot_core_interfaces/action/detail/move_string__rosidl_typesupport_introspection_cpp.hpp
[9.383s] -- Up-to-date: /home/isg/workspace/denso_ros2_ws/src/install/denso_robot_core_interfaces/include/denso_robot_core_interfaces/denso_robot_core_interfaces/msg
[9.383s] -- Up-to-date: /home/isg/workspace/denso_ros2_ws/src/install/denso_robot_core_interfaces/include/denso_robot_core_interfaces/denso_robot_core_interfaces/msg/detail
[9.383s] -- Installing: /home/isg/workspace/denso_ros2_ws/src/install/denso_robot_core_interfaces/include/denso_robot_core_interfaces/denso_robot_core_interfaces/msg/detail/joints__rosidl_typesupport_introspection_cpp.hpp
[9.383s] -- Installing: /home/isg/workspace/denso_ros2_ws/src/install/denso_robot_core_interfaces/include/denso_robot_core_interfaces/denso_robot_core_interfaces/msg/detail/joints__type_support.cpp
[9.383s] -- Installing: /home/isg/workspace/denso_ros2_ws/src/install/denso_robot_core_interfaces/include/denso_robot_core_interfaces/denso_robot_core_interfaces/msg/detail/ex_joints__type_support.cpp
[9.384s] -- Installing: /home/isg/workspace/denso_ros2_ws/src/install/denso_robot_core_interfaces/include/denso_robot_core_interfaces/denso_robot_core_interfaces/msg/detail/pose_data__type_support.cpp
[9.384s] -- Installing: /home/isg/workspace/denso_ros2_ws/src/install/denso_robot_core_interfaces/include/denso_robot_core_interfaces/denso_robot_core_interfaces/msg/detail/user_io__type_support.cpp
[9.384s] -- Installing: /home/isg/workspace/denso_ros2_ws/src/install/denso_robot_core_interfaces/include/denso_robot_core_interfaces/denso_robot_core_interfaces/msg/detail/pose_data__rosidl_typesupport_introspection_cpp.hpp
[9.384s] -- Installing: /home/isg/workspace/denso_ros2_ws/src/install/denso_robot_core_interfaces/include/denso_robot_core_interfaces/denso_robot_core_interfaces/msg/detail/user_io__rosidl_typesupport_introspection_cpp.hpp
[9.384s] -- Installing: /home/isg/workspace/denso_ros2_ws/src/install/denso_robot_core_interfaces/include/denso_robot_core_interfaces/denso_robot_core_interfaces/msg/detail/ex_joints__rosidl_typesupport_introspection_cpp.hpp
[9.384s] -- Installing: /home/isg/workspace/denso_ros2_ws/src/install/denso_robot_core_interfaces/lib/libdenso_robot_core_interfaces__rosidl_typesupport_introspection_cpp.so
[9.385s] -- Set runtime path of "/home/isg/workspace/denso_ros2_ws/src/install/denso_robot_core_interfaces/lib/libdenso_robot_core_interfaces__rosidl_typesupport_introspection_cpp.so" to ""
[9.385s] -- Installing: /home/isg/workspace/denso_ros2_ws/src/install/denso_robot_core_interfaces/lib/libdenso_robot_core_interfaces__rosidl_typesupport_cpp.so
[9.386s] -- Set runtime path of "/home/isg/workspace/denso_ros2_ws/src/install/denso_robot_core_interfaces/lib/libdenso_robot_core_interfaces__rosidl_typesupport_cpp.so" to ""
[9.386s] -- Installing: /home/isg/workspace/denso_ros2_ws/src/install/denso_robot_core_interfaces/share/denso_robot_core_interfaces/environment/pythonpath.sh
[9.386s] -- Installing: /home/isg/workspace/denso_ros2_ws/src/install/denso_robot_core_interfaces/share/denso_robot_core_interfaces/environment/pythonpath.dsv
[9.386s] -- Installing: /home/isg/workspace/denso_ros2_ws/src/install/denso_robot_core_interfaces/local/lib/python3.10/dist-packages/denso_robot_core_interfaces-1.2.0-py3.10.egg-info
[9.386s] -- Installing: /home/isg/workspace/denso_ros2_ws/src/install/denso_robot_core_interfaces/local/lib/python3.10/dist-packages/denso_robot_core_interfaces-1.2.0-py3.10.egg-info/SOURCES.txt
[9.386s] -- Installing: /home/isg/workspace/denso_ros2_ws/src/install/denso_robot_core_interfaces/local/lib/python3.10/dist-packages/denso_robot_core_interfaces-1.2.0-py3.10.egg-info/PKG-INFO
[9.387s] -- Installing: /home/isg/workspace/denso_ros2_ws/src/install/denso_robot_core_interfaces/local/lib/python3.10/dist-packages/denso_robot_core_interfaces-1.2.0-py3.10.egg-info/top_level.txt
[9.387s] -- Installing: /home/isg/workspace/denso_ros2_ws/src/install/denso_robot_core_interfaces/local/lib/python3.10/dist-packages/denso_robot_core_interfaces-1.2.0-py3.10.egg-info/dependency_links.txt
[9.387s] -- Installing: /home/isg/workspace/denso_ros2_ws/src/install/denso_robot_core_interfaces/local/lib/python3.10/dist-packages/denso_robot_core_interfaces
[9.387s] -- Installing: /home/isg/workspace/denso_ros2_ws/src/install/denso_robot_core_interfaces/local/lib/python3.10/dist-packages/denso_robot_core_interfaces/denso_robot_core_interfaces_s__rosidl_typesupport_fastrtps_c.cpython-310-x86_64-linux-gnu.so
[9.387s] -- Installing: /home/isg/workspace/denso_ros2_ws/src/install/denso_robot_core_interfaces/local/lib/python3.10/dist-packages/denso_robot_core_interfaces/_denso_robot_core_interfaces_s.ep.rosidl_typesupport_introspection_c.c
[9.388s] -- Installing: /home/isg/workspace/denso_ros2_ws/src/install/denso_robot_core_interfaces/local/lib/python3.10/dist-packages/denso_robot_core_interfaces/__init__.py
[9.388s] -- Installing: /home/isg/workspace/denso_ros2_ws/src/install/denso_robot_core_interfaces/local/lib/python3.10/dist-packages/denso_robot_core_interfaces/libdenso_robot_core_interfaces__rosidl_generator_py.so
[9.388s] -- Installing: /home/isg/workspace/denso_ros2_ws/src/install/denso_robot_core_interfaces/local/lib/python3.10/dist-packages/denso_robot_core_interfaces/_denso_robot_core_interfaces_s.ep.rosidl_typesupport_fastrtps_c.c
[9.389s] -- Installing: /home/isg/workspace/denso_ros2_ws/src/install/denso_robot_core_interfaces/local/lib/python3.10/dist-packages/denso_robot_core_interfaces/denso_robot_core_interfaces_s__rosidl_typesupport_introspection_c.cpython-310-x86_64-linux-gnu.so
[9.389s] -- Installing: /home/isg/workspace/denso_ros2_ws/src/install/denso_robot_core_interfaces/local/lib/python3.10/dist-packages/denso_robot_core_interfaces/srv
[9.389s] -- Installing: /home/isg/workspace/denso_ros2_ws/src/install/denso_robot_core_interfaces/local/lib/python3.10/dist-packages/denso_robot_core_interfaces/srv/_change_mode_s.c
[9.389s] -- Installing: /home/isg/workspace/denso_ros2_ws/src/install/denso_robot_core_interfaces/local/lib/python3.10/dist-packages/denso_robot_core_interfaces/srv/__init__.py
[9.389s] -- Installing: /home/isg/workspace/denso_ros2_ws/src/install/denso_robot_core_interfaces/local/lib/python3.10/dist-packages/denso_robot_core_interfaces/srv/_change_mode.py
[9.389s] -- Installing: /home/isg/workspace/denso_ros2_ws/src/install/denso_robot_core_interfaces/local/lib/python3.10/dist-packages/denso_robot_core_interfaces/denso_robot_core_interfaces_s__rosidl_typesupport_c.cpython-310-x86_64-linux-gnu.so
[9.390s] -- Installing: /home/isg/workspace/denso_ros2_ws/src/install/denso_robot_core_interfaces/local/lib/python3.10/dist-packages/denso_robot_core_interfaces/action
[9.390s] -- Installing: /home/isg/workspace/denso_ros2_ws/src/install/denso_robot_core_interfaces/local/lib/python3.10/dist-packages/denso_robot_core_interfaces/action/__init__.py
[9.390s] -- Installing: /home/isg/workspace/denso_ros2_ws/src/install/denso_robot_core_interfaces/local/lib/python3.10/dist-packages/denso_robot_core_interfaces/action/_drive_string_s.c
[9.390s] -- Installing: /home/isg/workspace/denso_ros2_ws/src/install/denso_robot_core_interfaces/local/lib/python3.10/dist-packages/denso_robot_core_interfaces/action/_move_value.py
[9.390s] -- Installing: /home/isg/workspace/denso_ros2_ws/src/install/denso_robot_core_interfaces/local/lib/python3.10/dist-packages/denso_robot_core_interfaces/action/_drive_string.py
[9.391s] -- Installing: /home/isg/workspace/denso_ros2_ws/src/install/denso_robot_core_interfaces/local/lib/python3.10/dist-packages/denso_robot_core_interfaces/action/_drive_value.py
[9.391s] -- Installing: /home/isg/workspace/denso_ros2_ws/src/install/denso_robot_core_interfaces/local/lib/python3.10/dist-packages/denso_robot_core_interfaces/action/_move_string.py
[9.391s] -- Installing: /home/isg/workspace/denso_ros2_ws/src/install/denso_robot_core_interfaces/local/lib/python3.10/dist-packages/denso_robot_core_interfaces/action/_drive_value_s.c
[9.391s] -- Installing: /home/isg/workspace/denso_ros2_ws/src/install/denso_robot_core_interfaces/local/lib/python3.10/dist-packages/denso_robot_core_interfaces/action/_move_string_s.c
[9.391s] -- Installing: /home/isg/workspace/denso_ros2_ws/src/install/denso_robot_core_interfaces/local/lib/python3.10/dist-packages/denso_robot_core_interfaces/action/_move_value_s.c
[9.391s] -- Installing: /home/isg/workspace/denso_ros2_ws/src/install/denso_robot_core_interfaces/local/lib/python3.10/dist-packages/denso_robot_core_interfaces/_denso_robot_core_interfaces_s.ep.rosidl_typesupport_c.c
[9.392s] -- Installing: /home/isg/workspace/denso_ros2_ws/src/install/denso_robot_core_interfaces/local/lib/python3.10/dist-packages/denso_robot_core_interfaces/msg
[9.392s] -- Installing: /home/isg/workspace/denso_ros2_ws/src/install/denso_robot_core_interfaces/local/lib/python3.10/dist-packages/denso_robot_core_interfaces/msg/_ex_joints_s.c
[9.392s] -- Installing: /home/isg/workspace/denso_ros2_ws/src/install/denso_robot_core_interfaces/local/lib/python3.10/dist-packages/denso_robot_core_interfaces/msg/_joints.py
[9.392s] -- Installing: /home/isg/workspace/denso_ros2_ws/src/install/denso_robot_core_interfaces/local/lib/python3.10/dist-packages/denso_robot_core_interfaces/msg/__init__.py
[9.392s] -- Installing: /home/isg/workspace/denso_ros2_ws/src/install/denso_robot_core_interfaces/local/lib/python3.10/dist-packages/denso_robot_core_interfaces/msg/_pose_data.py
[9.392s] -- Installing: /home/isg/workspace/denso_ros2_ws/src/install/denso_robot_core_interfaces/local/lib/python3.10/dist-packages/denso_robot_core_interfaces/msg/_joints_s.c
[9.393s] -- Installing: /home/isg/workspace/denso_ros2_ws/src/install/denso_robot_core_interfaces/local/lib/python3.10/dist-packages/denso_robot_core_interfaces/msg/_ex_joints.py
[9.393s] -- Installing: /home/isg/workspace/denso_ros2_ws/src/install/denso_robot_core_interfaces/local/lib/python3.10/dist-packages/denso_robot_core_interfaces/msg/_user_io_s.c
[9.393s] -- Installing: /home/isg/workspace/denso_ros2_ws/src/install/denso_robot_core_interfaces/local/lib/python3.10/dist-packages/denso_robot_core_interfaces/msg/_pose_data_s.c
[9.393s] -- Installing: /home/isg/workspace/denso_ros2_ws/src/install/denso_robot_core_interfaces/local/lib/python3.10/dist-packages/denso_robot_core_interfaces/msg/_user_io.py
[9.445s] Listing '/home/isg/workspace/denso_ros2_ws/src/install/denso_robot_core_interfaces/local/lib/python3.10/dist-packages/denso_robot_core_interfaces'...
[9.445s] Compiling '/home/isg/workspace/denso_ros2_ws/src/install/denso_robot_core_interfaces/local/lib/python3.10/dist-packages/denso_robot_core_interfaces/__init__.py'...
[9.445s] Listing '/home/isg/workspace/denso_ros2_ws/src/install/denso_robot_core_interfaces/local/lib/python3.10/dist-packages/denso_robot_core_interfaces/action'...
[9.445s] Compiling '/home/isg/workspace/denso_ros2_ws/src/install/denso_robot_core_interfaces/local/lib/python3.10/dist-packages/denso_robot_core_interfaces/action/__init__.py'...
[9.445s] Compiling '/home/isg/workspace/denso_ros2_ws/src/install/denso_robot_core_interfaces/local/lib/python3.10/dist-packages/denso_robot_core_interfaces/action/_drive_string.py'...
[9.445s] Compiling '/home/isg/workspace/denso_ros2_ws/src/install/denso_robot_core_interfaces/local/lib/python3.10/dist-packages/denso_robot_core_interfaces/action/_drive_value.py'...
[9.445s] Compiling '/home/isg/workspace/denso_ros2_ws/src/install/denso_robot_core_interfaces/local/lib/python3.10/dist-packages/denso_robot_core_interfaces/action/_move_string.py'...
[9.445s] Compiling '/home/isg/workspace/denso_ros2_ws/src/install/denso_robot_core_interfaces/local/lib/python3.10/dist-packages/denso_robot_core_interfaces/action/_move_value.py'...
[9.445s] Listing '/home/isg/workspace/denso_ros2_ws/src/install/denso_robot_core_interfaces/local/lib/python3.10/dist-packages/denso_robot_core_interfaces/msg'...
[9.445s] Compiling '/home/isg/workspace/denso_ros2_ws/src/install/denso_robot_core_interfaces/local/lib/python3.10/dist-packages/denso_robot_core_interfaces/msg/__init__.py'...
[9.446s] Compiling '/home/isg/workspace/denso_ros2_ws/src/install/denso_robot_core_interfaces/local/lib/python3.10/dist-packages/denso_robot_core_interfaces/msg/_ex_joints.py'...
[9.446s] Compiling '/home/isg/workspace/denso_ros2_ws/src/install/denso_robot_core_interfaces/local/lib/python3.10/dist-packages/denso_robot_core_interfaces/msg/_joints.py'...
[9.446s] Compiling '/home/isg/workspace/denso_ros2_ws/src/install/denso_robot_core_interfaces/local/lib/python3.10/dist-packages/denso_robot_core_interfaces/msg/_pose_data.py'...
[9.446s] Compiling '/home/isg/workspace/denso_ros2_ws/src/install/denso_robot_core_interfaces/local/lib/python3.10/dist-packages/denso_robot_core_interfaces/msg/_user_io.py'...
[9.446s] Listing '/home/isg/workspace/denso_ros2_ws/src/install/denso_robot_core_interfaces/local/lib/python3.10/dist-packages/denso_robot_core_interfaces/srv'...
[9.446s] Compiling '/home/isg/workspace/denso_ros2_ws/src/install/denso_robot_core_interfaces/local/lib/python3.10/dist-packages/denso_robot_core_interfaces/srv/__init__.py'...
[9.446s] Compiling '/home/isg/workspace/denso_ros2_ws/src/install/denso_robot_core_interfaces/local/lib/python3.10/dist-packages/denso_robot_core_interfaces/srv/_change_mode.py'...
[9.449s] -- Installing: /home/isg/workspace/denso_ros2_ws/src/install/denso_robot_core_interfaces/local/lib/python3.10/dist-packages/denso_robot_core_interfaces/denso_robot_core_interfaces_s__rosidl_typesupport_fastrtps_c.cpython-310-x86_64-linux-gnu.so
[9.450s] -- Set runtime path of "/home/isg/workspace/denso_ros2_ws/src/install/denso_robot_core_interfaces/local/lib/python3.10/dist-packages/denso_robot_core_interfaces/denso_robot_core_interfaces_s__rosidl_typesupport_fastrtps_c.cpython-310-x86_64-linux-gnu.so" to ""
[9.450s] -- Installing: /home/isg/workspace/denso_ros2_ws/src/install/denso_robot_core_interfaces/local/lib/python3.10/dist-packages/denso_robot_core_interfaces/denso_robot_core_interfaces_s__rosidl_typesupport_introspection_c.cpython-310-x86_64-linux-gnu.so
[9.450s] -- Set runtime path of "/home/isg/workspace/denso_ros2_ws/src/install/denso_robot_core_interfaces/local/lib/python3.10/dist-packages/denso_robot_core_interfaces/denso_robot_core_interfaces_s__rosidl_typesupport_introspection_c.cpython-310-x86_64-linux-gnu.so" to ""
[9.451s] -- Installing: /home/isg/workspace/denso_ros2_ws/src/install/denso_robot_core_interfaces/local/lib/python3.10/dist-packages/denso_robot_core_interfaces/denso_robot_core_interfaces_s__rosidl_typesupport_c.cpython-310-x86_64-linux-gnu.so
[9.451s] -- Set runtime path of "/home/isg/workspace/denso_ros2_ws/src/install/denso_robot_core_interfaces/local/lib/python3.10/dist-packages/denso_robot_core_interfaces/denso_robot_core_interfaces_s__rosidl_typesupport_c.cpython-310-x86_64-linux-gnu.so" to ""
[9.451s] -- Installing: /home/isg/workspace/denso_ros2_ws/src/install/denso_robot_core_interfaces/lib/libdenso_robot_core_interfaces__rosidl_generator_py.so
[9.452s] -- Set runtime path of "/home/isg/workspace/denso_ros2_ws/src/install/denso_robot_core_interfaces/lib/libdenso_robot_core_interfaces__rosidl_generator_py.so" to ""
[9.452s] -- Installing: /home/isg/workspace/denso_ros2_ws/src/install/denso_robot_core_interfaces/share/denso_robot_core_interfaces/action/DriveString.idl
[9.452s] -- Installing: /home/isg/workspace/denso_ros2_ws/src/install/denso_robot_core_interfaces/share/denso_robot_core_interfaces/action/DriveValue.idl
[9.452s] -- Installing: /home/isg/workspace/denso_ros2_ws/src/install/denso_robot_core_interfaces/share/denso_robot_core_interfaces/action/MoveString.idl
[9.452s] -- Installing: /home/isg/workspace/denso_ros2_ws/src/install/denso_robot_core_interfaces/share/denso_robot_core_interfaces/action/MoveValue.idl
[9.452s] -- Installing: /home/isg/workspace/denso_ros2_ws/src/install/denso_robot_core_interfaces/share/denso_robot_core_interfaces/msg/ExJoints.idl
[9.453s] -- Installing: /home/isg/workspace/denso_ros2_ws/src/install/denso_robot_core_interfaces/share/denso_robot_core_interfaces/msg/Joints.idl
[9.453s] -- Installing: /home/isg/workspace/denso_ros2_ws/src/install/denso_robot_core_interfaces/share/denso_robot_core_interfaces/msg/PoseData.idl
[9.453s] -- Installing: /home/isg/workspace/denso_ros2_ws/src/install/denso_robot_core_interfaces/share/denso_robot_core_interfaces/srv/ChangeMode.idl
[9.453s] -- Installing: /home/isg/workspace/denso_ros2_ws/src/install/denso_robot_core_interfaces/share/denso_robot_core_interfaces/msg/UserIO.idl
[9.453s] -- Installing: /home/isg/workspace/denso_ros2_ws/src/install/denso_robot_core_interfaces/share/denso_robot_core_interfaces/action/DriveString.action
[9.453s] -- Installing: /home/isg/workspace/denso_ros2_ws/src/install/denso_robot_core_interfaces/share/denso_robot_core_interfaces/action/DriveValue.action
[9.454s] -- Installing: /home/isg/workspace/denso_ros2_ws/src/install/denso_robot_core_interfaces/share/denso_robot_core_interfaces/action/MoveString.action
[9.454s] -- Installing: /home/isg/workspace/denso_ros2_ws/src/install/denso_robot_core_interfaces/share/denso_robot_core_interfaces/action/MoveValue.action
[9.454s] -- Installing: /home/isg/workspace/denso_ros2_ws/src/install/denso_robot_core_interfaces/share/denso_robot_core_interfaces/msg/ExJoints.msg
[9.454s] -- Installing: /home/isg/workspace/denso_ros2_ws/src/install/denso_robot_core_interfaces/share/denso_robot_core_interfaces/msg/Joints.msg
[9.454s] -- Installing: /home/isg/workspace/denso_ros2_ws/src/install/denso_robot_core_interfaces/share/denso_robot_core_interfaces/msg/PoseData.msg
[9.454s] -- Installing: /home/isg/workspace/denso_ros2_ws/src/install/denso_robot_core_interfaces/share/denso_robot_core_interfaces/srv/ChangeMode.srv
[9.455s] -- Installing: /home/isg/workspace/denso_ros2_ws/src/install/denso_robot_core_interfaces/share/denso_robot_core_interfaces/srv/ChangeMode_Request.msg
[9.455s] -- Installing: /home/isg/workspace/denso_ros2_ws/src/install/denso_robot_core_interfaces/share/denso_robot_core_interfaces/srv/ChangeMode_Response.msg
[9.455s] -- Installing: /home/isg/workspace/denso_ros2_ws/src/install/denso_robot_core_interfaces/share/denso_robot_core_interfaces/msg/UserIO.msg
[9.455s] -- Installing: /home/isg/workspace/denso_ros2_ws/src/install/denso_robot_core_interfaces/share/ament_index/resource_index/package_run_dependencies/denso_robot_core_interfaces
[9.455s] -- Installing: /home/isg/workspace/denso_ros2_ws/src/install/denso_robot_core_interfaces/share/ament_index/resource_index/parent_prefix_path/denso_robot_core_interfaces
[9.455s] -- Installing: /home/isg/workspace/denso_ros2_ws/src/install/denso_robot_core_interfaces/share/denso_robot_core_interfaces/environment/ament_prefix_path.sh
[9.456s] -- Installing: /home/isg/workspace/denso_ros2_ws/src/install/denso_robot_core_interfaces/share/denso_robot_core_interfaces/environment/ament_prefix_path.dsv
[9.456s] -- Installing: /home/isg/workspace/denso_ros2_ws/src/install/denso_robot_core_interfaces/share/denso_robot_core_interfaces/environment/path.sh
[9.456s] -- Installing: /home/isg/workspace/denso_ros2_ws/src/install/denso_robot_core_interfaces/share/denso_robot_core_interfaces/environment/path.dsv
[9.456s] -- Installing: /home/isg/workspace/denso_ros2_ws/src/install/denso_robot_core_interfaces/share/denso_robot_core_interfaces/local_setup.bash
[9.456s] -- Installing: /home/isg/workspace/denso_ros2_ws/src/install/denso_robot_core_interfaces/share/denso_robot_core_interfaces/local_setup.sh
[9.456s] -- Installing: /home/isg/workspace/denso_ros2_ws/src/install/denso_robot_core_interfaces/share/denso_robot_core_interfaces/local_setup.zsh
[9.457s] -- Installing: /home/isg/workspace/denso_ros2_ws/src/install/denso_robot_core_interfaces/share/denso_robot_core_interfaces/local_setup.dsv
[9.457s] -- Installing: /home/isg/workspace/denso_ros2_ws/src/install/denso_robot_core_interfaces/share/denso_robot_core_interfaces/package.dsv
[9.457s] -- Installing: /home/isg/workspace/denso_ros2_ws/src/install/denso_robot_core_interfaces/share/ament_index/resource_index/packages/denso_robot_core_interfaces
[9.457s] -- Installing: /home/isg/workspace/denso_ros2_ws/src/install/denso_robot_core_interfaces/share/denso_robot_core_interfaces/cmake/export_denso_robot_core_interfaces__rosidl_generator_cExport.cmake
[9.457s] -- Installing: /home/isg/workspace/denso_ros2_ws/src/install/denso_robot_core_interfaces/share/denso_robot_core_interfaces/cmake/export_denso_robot_core_interfaces__rosidl_generator_cExport-release.cmake
[9.458s] -- Installing: /home/isg/workspace/denso_ros2_ws/src/install/denso_robot_core_interfaces/share/denso_robot_core_interfaces/cmake/export_denso_robot_core_interfaces__rosidl_typesupport_fastrtps_cExport.cmake
[9.458s] -- Installing: /home/isg/workspace/denso_ros2_ws/src/install/denso_robot_core_interfaces/share/denso_robot_core_interfaces/cmake/export_denso_robot_core_interfaces__rosidl_typesupport_fastrtps_cExport-release.cmake
[9.458s] -- Installing: /home/isg/workspace/denso_ros2_ws/src/install/denso_robot_core_interfaces/share/denso_robot_core_interfaces/cmake/denso_robot_core_interfaces__rosidl_typesupport_introspection_cExport.cmake
[9.458s] -- Installing: /home/isg/workspace/denso_ros2_ws/src/install/denso_robot_core_interfaces/share/denso_robot_core_interfaces/cmake/denso_robot_core_interfaces__rosidl_typesupport_introspection_cExport-release.cmake
[9.458s] -- Installing: /home/isg/workspace/denso_ros2_ws/src/install/denso_robot_core_interfaces/share/denso_robot_core_interfaces/cmake/denso_robot_core_interfaces__rosidl_typesupport_cExport.cmake
[9.459s] -- Installing: /home/isg/workspace/denso_ros2_ws/src/install/denso_robot_core_interfaces/share/denso_robot_core_interfaces/cmake/denso_robot_core_interfaces__rosidl_typesupport_cExport-release.cmake
[9.459s] -- Installing: /home/isg/workspace/denso_ros2_ws/src/install/denso_robot_core_interfaces/share/denso_robot_core_interfaces/cmake/export_denso_robot_core_interfaces__rosidl_generator_cppExport.cmake
[9.459s] -- Installing: /home/isg/workspace/denso_ros2_ws/src/install/denso_robot_core_interfaces/share/denso_robot_core_interfaces/cmake/export_denso_robot_core_interfaces__rosidl_typesupport_fastrtps_cppExport.cmake
[9.459s] -- Installing: /home/isg/workspace/denso_ros2_ws/src/install/denso_robot_core_interfaces/share/denso_robot_core_interfaces/cmake/export_denso_robot_core_interfaces__rosidl_typesupport_fastrtps_cppExport-release.cmake
[9.459s] -- Installing: /home/isg/workspace/denso_ros2_ws/src/install/denso_robot_core_interfaces/share/denso_robot_core_interfaces/cmake/denso_robot_core_interfaces__rosidl_typesupport_introspection_cppExport.cmake
[9.460s] -- Installing: /home/isg/workspace/denso_ros2_ws/src/install/denso_robot_core_interfaces/share/denso_robot_core_interfaces/cmake/denso_robot_core_interfaces__rosidl_typesupport_introspection_cppExport-release.cmake
[9.460s] -- Installing: /home/isg/workspace/denso_ros2_ws/src/install/denso_robot_core_interfaces/share/denso_robot_core_interfaces/cmake/denso_robot_core_interfaces__rosidl_typesupport_cppExport.cmake
[9.460s] -- Installing: /home/isg/workspace/denso_ros2_ws/src/install/denso_robot_core_interfaces/share/denso_robot_core_interfaces/cmake/denso_robot_core_interfaces__rosidl_typesupport_cppExport-release.cmake
[9.460s] -- Installing: /home/isg/workspace/denso_ros2_ws/src/install/denso_robot_core_interfaces/share/denso_robot_core_interfaces/cmake/export_denso_robot_core_interfaces__rosidl_generator_pyExport.cmake
[9.460s] -- Installing: /home/isg/workspace/denso_ros2_ws/src/install/denso_robot_core_interfaces/share/denso_robot_core_interfaces/cmake/export_denso_robot_core_interfaces__rosidl_generator_pyExport-release.cmake
[9.460s] -- Installing: /home/isg/workspace/denso_ros2_ws/src/install/denso_robot_core_interfaces/share/denso_robot_core_interfaces/cmake/rosidl_cmake-extras.cmake
[9.461s] -- Installing: /home/isg/workspace/denso_ros2_ws/src/install/denso_robot_core_interfaces/share/denso_robot_core_interfaces/cmake/ament_cmake_export_dependencies-extras.cmake
[9.461s] -- Installing: /home/isg/workspace/denso_ros2_ws/src/install/denso_robot_core_interfaces/share/denso_robot_core_interfaces/cmake/ament_cmake_export_include_directories-extras.cmake
[9.461s] -- Installing: /home/isg/workspace/denso_ros2_ws/src/install/denso_robot_core_interfaces/share/denso_robot_core_interfaces/cmake/ament_cmake_export_libraries-extras.cmake
[9.461s] -- Installing: /home/isg/workspace/denso_ros2_ws/src/install/denso_robot_core_interfaces/share/denso_robot_core_interfaces/cmake/ament_cmake_export_targets-extras.cmake
[9.461s] -- Installing: /home/isg/workspace/denso_ros2_ws/src/install/denso_robot_core_interfaces/share/denso_robot_core_interfaces/cmake/rosidl_cmake_export_typesupport_targets-extras.cmake
[9.461s] -- Installing: /home/isg/workspace/denso_ros2_ws/src/install/denso_robot_core_interfaces/share/denso_robot_core_interfaces/cmake/rosidl_cmake_export_typesupport_libraries-extras.cmake
[9.462s] -- Installing: /home/isg/workspace/denso_ros2_ws/src/install/denso_robot_core_interfaces/share/denso_robot_core_interfaces/cmake/denso_robot_core_interfacesConfig.cmake
[9.462s] -- Installing: /home/isg/workspace/denso_ros2_ws/src/install/denso_robot_core_interfaces/share/denso_robot_core_interfaces/cmake/denso_robot_core_interfacesConfig-version.cmake
[9.462s] -- Installing: /home/isg/workspace/denso_ros2_ws/src/install/denso_robot_core_interfaces/share/denso_robot_core_interfaces/package.xml
[9.465s] Invoked command in '/home/isg/workspace/denso_ros2_ws/src/build/denso_robot_core_interfaces' returned '0': AMENT_PREFIX_PATH=/home/isg/workspace/denso_ros2_ws/src/install/bcap_service:/home/isg/workspace/denso_ros2_ws/src/install/bcap_service_interfaces:/home/isg/workspace/denso_ros2_ws/src/install/bcap_core:${AMENT_PREFIX_PATH} CMAKE_PREFIX_PATH=/home/isg/workspace/denso_ros2_ws/src/install/bcap_service:/home/isg/workspace/denso_ros2_ws/src/install/bcap_service_interfaces:/home/isg/workspace/denso_ros2_ws/src/install/bcap_core:/opt/ros/humble LD_LIBRARY_PATH=/home/isg/workspace/denso_ros2_ws/src/install/bcap_service/lib:/home/isg/workspace/denso_ros2_ws/src/install/bcap_service_interfaces/lib:/home/isg/workspace/denso_ros2_ws/src/install/bcap_core/lib:${LD_LIBRARY_PATH} PYTHONPATH=/home/isg/workspace/denso_ros2_ws/src/install/bcap_service_interfaces/local/lib/python3.10/dist-packages:${PYTHONPATH} /usr/bin/cmake --install /home/isg/workspace/denso_ros2_ws/src/build/denso_robot_core_interfaces
