[0.183s] Invoking command in '/home/isg/workspace/denso_ros2_ws/src/build/ros2_control_demo_example_4': AMENT_PREFIX_PATH=/home/isg/workspace/denso_ros2_ws/src/install/ros2_control_demo_description:${AMENT_PREFIX_PATH} CMAKE_PREFIX_PATH=/home/isg/workspace/denso_ros2_ws/src/install/ros2_control_demo_description:/opt/ros/humble /usr/bin/cmake /home/isg/workspace/denso_ros2_ws/src/ros2_control_demos/example_4 -DCMAKE_BUILD_TYPE=Release -DCMAKE_INSTALL_PREFIX=/home/isg/workspace/denso_ros2_ws/src/install/ros2_control_demo_example_4
[0.308s] -- The CXX compiler identification is GNU 11.4.0
[0.320s] -- Detecting CXX compiler ABI info
[0.440s] -- Detecting CXX compiler ABI info - done
[0.449s] -- Check for working CXX compiler: /usr/bin/c++ - skipped
[0.449s] -- Detecting CXX compile features
[0.450s] -- Detecting CXX compile features - done
[0.458s] -- Found ament_cmake: 1.3.12 (/opt/ros/humble/share/ament_cmake/cmake)
[0.629s] -- Found Python3: /usr/bin/python3 (found version "3.10.12") found components: Interpreter 
[0.743s] -- Found hardware_interface: 2.51.0 (/opt/ros/humble/share/hardware_interface/cmake)
[0.796s] -- Found rosidl_generator_c: 3.1.7 (/opt/ros/humble/share/rosidl_generator_c/cmake)
[0.804s] -- Found rosidl_adapter: 3.1.7 (/opt/ros/humble/share/rosidl_adapter/cmake)
[0.815s] -- Found rosidl_generator_cpp: 3.1.7 (/opt/ros/humble/share/rosidl_generator_cpp/cmake)
[0.833s] -- Using all available rosidl_typesupport_c: rosidl_typesupport_fastrtps_c;rosidl_typesupport_introspection_c
[0.851s] -- Using all available rosidl_typesupport_cpp: rosidl_typesupport_fastrtps_cpp;rosidl_typesupport_introspection_cpp
[1.116s] -- Found rmw_implementation_cmake: 6.1.2 (/opt/ros/humble/share/rmw_implementation_cmake/cmake)
[1.119s] -- Found rmw_fastrtps_cpp: 6.2.8 (/opt/ros/humble/share/rmw_fastrtps_cpp/cmake)
[1.152s] -- Found TinyXML2 via Config file: TinyXML2_DIR-NOTFOUND
[1.217s] -- Found OpenSSL: /usr/lib/x86_64-linux-gnu/libcrypto.so (found version "3.0.2")  
[1.221s] -- Found TinyXML2 via Config file: TinyXML2_DIR-NOTFOUND
[1.239s] -- Found FastRTPS: /opt/ros/humble/include  
[1.243s] -- Found TinyXML2 via Config file: TinyXML2_DIR-NOTFOUND
[1.253s] -- Found TinyXML2 via Config file: TinyXML2_DIR-NOTFOUND
[1.265s] -- Using RMW implementation 'rmw_fastrtps_cpp' as default
[1.276s] -- Looking for C++ include pthread.h
[1.445s] -- Looking for C++ include pthread.h - found
[1.447s] -- Performing Test CMAKE_HAVE_LIBC_PTHREAD
[1.630s] -- Performing Test CMAKE_HAVE_LIBC_PTHREAD - Success
[1.631s] -- Found Threads: TRUE  
[1.691s] -- Found ament_cmake_pytest: 1.3.12 (/opt/ros/humble/share/ament_cmake_pytest/cmake)
[3.015s] -- Configuring done
[3.048s] -- Generating done
[3.056s] -- Build files have been written to: /home/isg/workspace/denso_ros2_ws/src/build/ros2_control_demo_example_4
[3.075s] Invoked command in '/home/isg/workspace/denso_ros2_ws/src/build/ros2_control_demo_example_4' returned '0': AMENT_PREFIX_PATH=/home/isg/workspace/denso_ros2_ws/src/install/ros2_control_demo_description:${AMENT_PREFIX_PATH} CMAKE_PREFIX_PATH=/home/isg/workspace/denso_ros2_ws/src/install/ros2_control_demo_description:/opt/ros/humble /usr/bin/cmake /home/isg/workspace/denso_ros2_ws/src/ros2_control_demos/example_4 -DCMAKE_BUILD_TYPE=Release -DCMAKE_INSTALL_PREFIX=/home/isg/workspace/denso_ros2_ws/src/install/ros2_control_demo_example_4
[3.082s] Invoking command in '/home/isg/workspace/denso_ros2_ws/src/build/ros2_control_demo_example_4': AMENT_PREFIX_PATH=/home/isg/workspace/denso_ros2_ws/src/install/ros2_control_demo_description:${AMENT_PREFIX_PATH} CMAKE_PREFIX_PATH=/home/isg/workspace/denso_ros2_ws/src/install/ros2_control_demo_description:/opt/ros/humble /usr/bin/cmake --build /home/isg/workspace/denso_ros2_ws/src/build/ros2_control_demo_example_4 -- -j16 -l16
[3.323s] [ 50%] [32mBuilding CXX object CMakeFiles/ros2_control_demo_example_4.dir/hardware/rrbot_system_with_sensor.cpp.o[0m
[12.802s] [100%] [32m[1mLinking CXX shared library libros2_control_demo_example_4.so[0m
[13.097s] [100%] Built target ros2_control_demo_example_4
[13.119s] Invoked command in '/home/isg/workspace/denso_ros2_ws/src/build/ros2_control_demo_example_4' returned '0': AMENT_PREFIX_PATH=/home/isg/workspace/denso_ros2_ws/src/install/ros2_control_demo_description:${AMENT_PREFIX_PATH} CMAKE_PREFIX_PATH=/home/isg/workspace/denso_ros2_ws/src/install/ros2_control_demo_description:/opt/ros/humble /usr/bin/cmake --build /home/isg/workspace/denso_ros2_ws/src/build/ros2_control_demo_example_4 -- -j16 -l16
[13.140s] Invoking command in '/home/isg/workspace/denso_ros2_ws/src/build/ros2_control_demo_example_4': AMENT_PREFIX_PATH=/home/isg/workspace/denso_ros2_ws/src/install/ros2_control_demo_description:${AMENT_PREFIX_PATH} CMAKE_PREFIX_PATH=/home/isg/workspace/denso_ros2_ws/src/install/ros2_control_demo_description:/opt/ros/humble /usr/bin/cmake --install /home/isg/workspace/denso_ros2_ws/src/build/ros2_control_demo_example_4
[13.154s] -- Install configuration: "Release"
[13.154s] -- Installing: /home/isg/workspace/denso_ros2_ws/src/install/ros2_control_demo_example_4/share/ros2_control_demo_example_4/ros2_control_demo_example_4.xml
[13.154s] -- Installing: /home/isg/workspace/denso_ros2_ws/src/install/ros2_control_demo_example_4/include/ros2_control_demo_example_4
[13.155s] -- Installing: /home/isg/workspace/denso_ros2_ws/src/install/ros2_control_demo_example_4/include/ros2_control_demo_example_4/ros2_control_demo_example_4
[13.155s] -- Installing: /home/isg/workspace/denso_ros2_ws/src/install/ros2_control_demo_example_4/include/ros2_control_demo_example_4/ros2_control_demo_example_4/rrbot_system_with_sensor.hpp
[13.155s] -- Installing: /home/isg/workspace/denso_ros2_ws/src/install/ros2_control_demo_example_4/share/ros2_control_demo_example_4/launch
[13.155s] -- Installing: /home/isg/workspace/denso_ros2_ws/src/install/ros2_control_demo_example_4/share/ros2_control_demo_example_4/launch/view_robot.launch.py
[13.155s] -- Installing: /home/isg/workspace/denso_ros2_ws/src/install/ros2_control_demo_example_4/share/ros2_control_demo_example_4/ros2_control
[13.155s] -- Installing: /home/isg/workspace/denso_ros2_ws/src/install/ros2_control_demo_example_4/share/ros2_control_demo_example_4/ros2_control/rrbot_system_with_sensor.ros2_control.xacro
[13.155s] -- Installing: /home/isg/workspace/denso_ros2_ws/src/install/ros2_control_demo_example_4/share/ros2_control_demo_example_4/urdf
[13.155s] -- Installing: /home/isg/workspace/denso_ros2_ws/src/install/ros2_control_demo_example_4/share/ros2_control_demo_example_4/urdf/rrbot_system_with_sensor.urdf.xacro
[13.156s] -- Installing: /home/isg/workspace/denso_ros2_ws/src/install/ros2_control_demo_example_4/share/ros2_control_demo_example_4/rviz
[13.156s] -- Installing: /home/isg/workspace/denso_ros2_ws/src/install/ros2_control_demo_example_4/share/ros2_control_demo_example_4/rviz/rrbot.rviz
[13.156s] -- Up-to-date: /home/isg/workspace/denso_ros2_ws/src/install/ros2_control_demo_example_4/share/ros2_control_demo_example_4/launch
[13.156s] -- Installing: /home/isg/workspace/denso_ros2_ws/src/install/ros2_control_demo_example_4/share/ros2_control_demo_example_4/launch/test_forward_position_controller.launch.py
[13.156s] -- Installing: /home/isg/workspace/denso_ros2_ws/src/install/ros2_control_demo_example_4/share/ros2_control_demo_example_4/launch/rrbot_system_with_sensor.launch.py
[13.156s] -- Installing: /home/isg/workspace/denso_ros2_ws/src/install/ros2_control_demo_example_4/share/ros2_control_demo_example_4/config
[13.157s] -- Installing: /home/isg/workspace/denso_ros2_ws/src/install/ros2_control_demo_example_4/share/ros2_control_demo_example_4/config/rrbot_forward_position_publisher.yaml
[13.157s] -- Installing: /home/isg/workspace/denso_ros2_ws/src/install/ros2_control_demo_example_4/share/ros2_control_demo_example_4/config/rrbot_with_sensor_controllers.yaml
[13.157s] -- Installing: /home/isg/workspace/denso_ros2_ws/src/install/ros2_control_demo_example_4/lib/libros2_control_demo_example_4.so
[13.158s] -- Set runtime path of "/home/isg/workspace/denso_ros2_ws/src/install/ros2_control_demo_example_4/lib/libros2_control_demo_example_4.so" to ""
[13.158s] -- Installing: /home/isg/workspace/denso_ros2_ws/src/install/ros2_control_demo_example_4/share/ros2_control_demo_example_4/environment/library_path.sh
[13.158s] -- Installing: /home/isg/workspace/denso_ros2_ws/src/install/ros2_control_demo_example_4/share/ros2_control_demo_example_4/environment/library_path.dsv
[13.158s] -- Installing: /home/isg/workspace/denso_ros2_ws/src/install/ros2_control_demo_example_4/share/ament_index/resource_index/package_run_dependencies/ros2_control_demo_example_4
[13.159s] -- Installing: /home/isg/workspace/denso_ros2_ws/src/install/ros2_control_demo_example_4/share/ament_index/resource_index/parent_prefix_path/ros2_control_demo_example_4
[13.159s] -- Installing: /home/isg/workspace/denso_ros2_ws/src/install/ros2_control_demo_example_4/share/ros2_control_demo_example_4/environment/ament_prefix_path.sh
[13.159s] -- Installing: /home/isg/workspace/denso_ros2_ws/src/install/ros2_control_demo_example_4/share/ros2_control_demo_example_4/environment/ament_prefix_path.dsv
[13.159s] -- Installing: /home/isg/workspace/denso_ros2_ws/src/install/ros2_control_demo_example_4/share/ros2_control_demo_example_4/environment/path.sh
[13.159s] -- Installing: /home/isg/workspace/denso_ros2_ws/src/install/ros2_control_demo_example_4/share/ros2_control_demo_example_4/environment/path.dsv
[13.160s] -- Installing: /home/isg/workspace/denso_ros2_ws/src/install/ros2_control_demo_example_4/share/ros2_control_demo_example_4/local_setup.bash
[13.160s] -- Installing: /home/isg/workspace/denso_ros2_ws/src/install/ros2_control_demo_example_4/share/ros2_control_demo_example_4/local_setup.sh
[13.160s] -- Installing: /home/isg/workspace/denso_ros2_ws/src/install/ros2_control_demo_example_4/share/ros2_control_demo_example_4/local_setup.zsh
[13.160s] -- Installing: /home/isg/workspace/denso_ros2_ws/src/install/ros2_control_demo_example_4/share/ros2_control_demo_example_4/local_setup.dsv
[13.160s] -- Installing: /home/isg/workspace/denso_ros2_ws/src/install/ros2_control_demo_example_4/share/ros2_control_demo_example_4/package.dsv
[13.161s] -- Installing: /home/isg/workspace/denso_ros2_ws/src/install/ros2_control_demo_example_4/share/ament_index/resource_index/packages/ros2_control_demo_example_4
[13.161s] -- Installing: /home/isg/workspace/denso_ros2_ws/src/install/ros2_control_demo_example_4/share/ament_index/resource_index/hardware_interface__pluginlib__plugin/ros2_control_demo_example_4
[13.161s] -- Installing: /home/isg/workspace/denso_ros2_ws/src/install/ros2_control_demo_example_4/share/ros2_control_demo_example_4/cmake/export_ros2_control_demo_example_4Export.cmake
[13.161s] -- Installing: /home/isg/workspace/denso_ros2_ws/src/install/ros2_control_demo_example_4/share/ros2_control_demo_example_4/cmake/export_ros2_control_demo_example_4Export-release.cmake
[13.162s] -- Installing: /home/isg/workspace/denso_ros2_ws/src/install/ros2_control_demo_example_4/share/ros2_control_demo_example_4/cmake/ament_cmake_export_targets-extras.cmake
[13.162s] -- Installing: /home/isg/workspace/denso_ros2_ws/src/install/ros2_control_demo_example_4/share/ros2_control_demo_example_4/cmake/ament_cmake_export_dependencies-extras.cmake
[13.162s] -- Installing: /home/isg/workspace/denso_ros2_ws/src/install/ros2_control_demo_example_4/share/ros2_control_demo_example_4/cmake/ros2_control_demo_example_4Config.cmake
[13.162s] -- Installing: /home/isg/workspace/denso_ros2_ws/src/install/ros2_control_demo_example_4/share/ros2_control_demo_example_4/cmake/ros2_control_demo_example_4Config-version.cmake
[13.166s] -- Installing: /home/isg/workspace/denso_ros2_ws/src/install/ros2_control_demo_example_4/share/ros2_control_demo_example_4/package.xml
[13.170s] Invoked command in '/home/isg/workspace/denso_ros2_ws/src/build/ros2_control_demo_example_4' returned '0': AMENT_PREFIX_PATH=/home/isg/workspace/denso_ros2_ws/src/install/ros2_control_demo_description:${AMENT_PREFIX_PATH} CMAKE_PREFIX_PATH=/home/isg/workspace/denso_ros2_ws/src/install/ros2_control_demo_description:/opt/ros/humble /usr/bin/cmake --install /home/isg/workspace/denso_ros2_ws/src/build/ros2_control_demo_example_4
