[0.021s] Invoking command in '/home/isg/workspace/denso_ros2_ws/build/denso_robot_core_interfaces': CMAKE_PREFIX_PATH=/home/isg/workspace/denso_ros2_ws/install/bcap_service:/home/isg/workspace/denso_ros2_ws/install/bcap_service_interfaces:/home/isg/workspace/denso_ros2_ws/install/bcap_core:/home/isg/workspace/denso_ros2_ws/install/ros2_control_demos:/home/isg/workspace/denso_ros2_ws/install/ros2_control_demo_example_9:/home/isg/workspace/denso_ros2_ws/install/ros2_control_demo_example_8:/home/isg/workspace/denso_ros2_ws/install/ros2_control_demo_example_7:/home/isg/workspace/denso_ros2_ws/install/ros2_control_demo_example_6:/home/isg/workspace/denso_ros2_ws/install/ros2_control_demo_example_15:/home/isg/workspace/denso_ros2_ws/install/ros2_control_demo_example_13:/home/isg/workspace/denso_ros2_ws/install/ros2_control_demo_example_5:/home/isg/workspace/denso_ros2_ws/install/ros2_control_demo_example_4:/home/isg/workspace/denso_ros2_ws/install/ros2_control_demo_example_3:/home/isg/workspace/denso_ros2_ws/install/ros2_control_demo_example_2:/home/isg/workspace/denso_ros2_ws/install/ros2_control_demo_example_14:/home/isg/workspace/denso_ros2_ws/install/ros2_control_demo_example_12:/home/isg/workspace/denso_ros2_ws/install/ros2_control_demo_example_11:/home/isg/workspace/denso_ros2_ws/install/ros2_control_demo_example_10:/home/isg/workspace/denso_ros2_ws/install/ros2_control_demo_example_1:/home/isg/workspace/denso_ros2_ws/install/ros2_control_demo_description:/home/isg/workspace/denso_ros2_ws/install/gazebo_ros2_control_demos:/home/isg/workspace/denso_ros2_ws/install/denso_robot_bringup:/home/isg/workspace/denso_ros2_ws/install/gazebo_ros2_control:/home/isg/workspace/denso_ros2_ws/install/denso_robot_moveit_demo:/home/isg/workspace/denso_ros2_ws/install/denso_robot_moveit_config:/home/isg/workspace/denso_ros2_ws/install/denso_robot_descriptions:/home/isg/workspace/denso_ros2_ws/install/denso_robot_control:/home/isg/workspace/denso_ros2_ws/install/denso_robot_core:/home/isg/workspace/denso_ros2_ws/install/denso_robot_core_interfaces:/home/isg/workspace/denso_ros2_ws/install/denso_robot_description_installer:/home/isg/workspace/denso_ros2_ws/install/camera_publisher:/opt/ros/humble LD_LIBRARY_PATH=/home/isg/workspace/denso_ros2_ws/install/bcap_service/lib:/home/isg/workspace/denso_ros2_ws/install/bcap_service_interfaces/lib:/home/isg/workspace/denso_ros2_ws/install/bcap_core/lib:/home/isg/workspace/denso_ros2_ws/install/ros2_control_demo_example_9/lib:/home/isg/workspace/denso_ros2_ws/install/ros2_control_demo_example_8/lib:/home/isg/workspace/denso_ros2_ws/install/ros2_control_demo_example_7/lib:/home/isg/workspace/denso_ros2_ws/install/ros2_control_demo_example_6/lib:/home/isg/workspace/denso_ros2_ws/install/ros2_control_demo_example_5/lib:/home/isg/workspace/denso_ros2_ws/install/ros2_control_demo_example_4/lib:/home/isg/workspace/denso_ros2_ws/install/ros2_control_demo_example_3/lib:/home/isg/workspace/denso_ros2_ws/install/ros2_control_demo_example_2/lib:/home/isg/workspace/denso_ros2_ws/install/ros2_control_demo_example_14/lib:/home/isg/workspace/denso_ros2_ws/install/ros2_control_demo_example_12/lib:/home/isg/workspace/denso_ros2_ws/install/ros2_control_demo_example_11/lib:/home/isg/workspace/denso_ros2_ws/install/ros2_control_demo_example_10/lib:/home/isg/workspace/denso_ros2_ws/install/ros2_control_demo_example_1/lib:/home/isg/workspace/denso_ros2_ws/install/gazebo_ros2_control/lib:/home/isg/workspace/denso_ros2_ws/install/denso_robot_control/lib:/home/isg/workspace/denso_ros2_ws/install/denso_robot_core/lib:/home/isg/workspace/denso_ros2_ws/install/denso_robot_core_interfaces/lib:/opt/ros/humble/opt/rviz_ogre_vendor/lib:/opt/ros/humble/lib/x86_64-linux-gnu:/opt/ros/humble/lib /usr/bin/cmake --build /home/isg/workspace/denso_ros2_ws/build/denso_robot_core_interfaces -- -j16 -l16
[0.116s] [  1%] Built target denso_robot_core_interfaces__cpp
[0.117s] [  1%] Built target ament_cmake_python_symlink_denso_robot_core_interfaces
[0.120s] [ 12%] Built target denso_robot_core_interfaces__rosidl_generator_c
[0.150s] [ 35%] Built target denso_robot_core_interfaces__rosidl_typesupport_cpp
[0.150s] [ 35%] Built target denso_robot_core_interfaces__rosidl_typesupport_fastrtps_cpp
[0.150s] [ 47%] Built target denso_robot_core_interfaces__rosidl_typesupport_introspection_c
[0.151s] [ 70%] Built target denso_robot_core_interfaces__rosidl_typesupport_introspection_cpp
[0.151s] [ 70%] Built target denso_robot_core_interfaces__rosidl_typesupport_c
[0.152s] [ 82%] Built target denso_robot_core_interfaces__rosidl_typesupport_fastrtps_c
[0.178s] [ 82%] Built target denso_robot_core_interfaces
[0.204s] [ 83%] Built target denso_robot_core_interfaces__py
[0.238s] [ 93%] Built target denso_robot_core_interfaces__rosidl_generator_py
[0.267s] [ 95%] Built target denso_robot_core_interfaces__rosidl_typesupport_fastrtps_c__pyext
[0.268s] [ 97%] Built target denso_robot_core_interfaces__rosidl_typesupport_c__pyext
[0.272s] [100%] Built target denso_robot_core_interfaces__rosidl_typesupport_introspection_c__pyext
[0.320s] running egg_info
[0.321s] writing denso_robot_core_interfaces.egg-info/PKG-INFO
[0.321s] writing dependency_links to denso_robot_core_interfaces.egg-info/dependency_links.txt
[0.321s] writing top-level names to denso_robot_core_interfaces.egg-info/top_level.txt
[0.323s] reading manifest file 'denso_robot_core_interfaces.egg-info/SOURCES.txt'
[0.323s] writing manifest file 'denso_robot_core_interfaces.egg-info/SOURCES.txt'
[0.347s] [100%] Built target ament_cmake_python_build_denso_robot_core_interfaces_egg
[0.367s] Invoked command in '/home/isg/workspace/denso_ros2_ws/build/denso_robot_core_interfaces' returned '0': CMAKE_PREFIX_PATH=/home/isg/workspace/denso_ros2_ws/install/bcap_service:/home/isg/workspace/denso_ros2_ws/install/bcap_service_interfaces:/home/isg/workspace/denso_ros2_ws/install/bcap_core:/home/isg/workspace/denso_ros2_ws/install/ros2_control_demos:/home/isg/workspace/denso_ros2_ws/install/ros2_control_demo_example_9:/home/isg/workspace/denso_ros2_ws/install/ros2_control_demo_example_8:/home/isg/workspace/denso_ros2_ws/install/ros2_control_demo_example_7:/home/isg/workspace/denso_ros2_ws/install/ros2_control_demo_example_6:/home/isg/workspace/denso_ros2_ws/install/ros2_control_demo_example_15:/home/isg/workspace/denso_ros2_ws/install/ros2_control_demo_example_13:/home/isg/workspace/denso_ros2_ws/install/ros2_control_demo_example_5:/home/isg/workspace/denso_ros2_ws/install/ros2_control_demo_example_4:/home/isg/workspace/denso_ros2_ws/install/ros2_control_demo_example_3:/home/isg/workspace/denso_ros2_ws/install/ros2_control_demo_example_2:/home/isg/workspace/denso_ros2_ws/install/ros2_control_demo_example_14:/home/isg/workspace/denso_ros2_ws/install/ros2_control_demo_example_12:/home/isg/workspace/denso_ros2_ws/install/ros2_control_demo_example_11:/home/isg/workspace/denso_ros2_ws/install/ros2_control_demo_example_10:/home/isg/workspace/denso_ros2_ws/install/ros2_control_demo_example_1:/home/isg/workspace/denso_ros2_ws/install/ros2_control_demo_description:/home/isg/workspace/denso_ros2_ws/install/gazebo_ros2_control_demos:/home/isg/workspace/denso_ros2_ws/install/denso_robot_bringup:/home/isg/workspace/denso_ros2_ws/install/gazebo_ros2_control:/home/isg/workspace/denso_ros2_ws/install/denso_robot_moveit_demo:/home/isg/workspace/denso_ros2_ws/install/denso_robot_moveit_config:/home/isg/workspace/denso_ros2_ws/install/denso_robot_descriptions:/home/isg/workspace/denso_ros2_ws/install/denso_robot_control:/home/isg/workspace/denso_ros2_ws/install/denso_robot_core:/home/isg/workspace/denso_ros2_ws/install/denso_robot_core_interfaces:/home/isg/workspace/denso_ros2_ws/install/denso_robot_description_installer:/home/isg/workspace/denso_ros2_ws/install/camera_publisher:/opt/ros/humble LD_LIBRARY_PATH=/home/isg/workspace/denso_ros2_ws/install/bcap_service/lib:/home/isg/workspace/denso_ros2_ws/install/bcap_service_interfaces/lib:/home/isg/workspace/denso_ros2_ws/install/bcap_core/lib:/home/isg/workspace/denso_ros2_ws/install/ros2_control_demo_example_9/lib:/home/isg/workspace/denso_ros2_ws/install/ros2_control_demo_example_8/lib:/home/isg/workspace/denso_ros2_ws/install/ros2_control_demo_example_7/lib:/home/isg/workspace/denso_ros2_ws/install/ros2_control_demo_example_6/lib:/home/isg/workspace/denso_ros2_ws/install/ros2_control_demo_example_5/lib:/home/isg/workspace/denso_ros2_ws/install/ros2_control_demo_example_4/lib:/home/isg/workspace/denso_ros2_ws/install/ros2_control_demo_example_3/lib:/home/isg/workspace/denso_ros2_ws/install/ros2_control_demo_example_2/lib:/home/isg/workspace/denso_ros2_ws/install/ros2_control_demo_example_14/lib:/home/isg/workspace/denso_ros2_ws/install/ros2_control_demo_example_12/lib:/home/isg/workspace/denso_ros2_ws/install/ros2_control_demo_example_11/lib:/home/isg/workspace/denso_ros2_ws/install/ros2_control_demo_example_10/lib:/home/isg/workspace/denso_ros2_ws/install/ros2_control_demo_example_1/lib:/home/isg/workspace/denso_ros2_ws/install/gazebo_ros2_control/lib:/home/isg/workspace/denso_ros2_ws/install/denso_robot_control/lib:/home/isg/workspace/denso_ros2_ws/install/denso_robot_core/lib:/home/isg/workspace/denso_ros2_ws/install/denso_robot_core_interfaces/lib:/opt/ros/humble/opt/rviz_ogre_vendor/lib:/opt/ros/humble/lib/x86_64-linux-gnu:/opt/ros/humble/lib /usr/bin/cmake --build /home/isg/workspace/denso_ros2_ws/build/denso_robot_core_interfaces -- -j16 -l16
[0.370s] Invoking command in '/home/isg/workspace/denso_ros2_ws/build/denso_robot_core_interfaces': CMAKE_PREFIX_PATH=/home/isg/workspace/denso_ros2_ws/install/bcap_service:/home/isg/workspace/denso_ros2_ws/install/bcap_service_interfaces:/home/isg/workspace/denso_ros2_ws/install/bcap_core:/home/isg/workspace/denso_ros2_ws/install/ros2_control_demos:/home/isg/workspace/denso_ros2_ws/install/ros2_control_demo_example_9:/home/isg/workspace/denso_ros2_ws/install/ros2_control_demo_example_8:/home/isg/workspace/denso_ros2_ws/install/ros2_control_demo_example_7:/home/isg/workspace/denso_ros2_ws/install/ros2_control_demo_example_6:/home/isg/workspace/denso_ros2_ws/install/ros2_control_demo_example_15:/home/isg/workspace/denso_ros2_ws/install/ros2_control_demo_example_13:/home/isg/workspace/denso_ros2_ws/install/ros2_control_demo_example_5:/home/isg/workspace/denso_ros2_ws/install/ros2_control_demo_example_4:/home/isg/workspace/denso_ros2_ws/install/ros2_control_demo_example_3:/home/isg/workspace/denso_ros2_ws/install/ros2_control_demo_example_2:/home/isg/workspace/denso_ros2_ws/install/ros2_control_demo_example_14:/home/isg/workspace/denso_ros2_ws/install/ros2_control_demo_example_12:/home/isg/workspace/denso_ros2_ws/install/ros2_control_demo_example_11:/home/isg/workspace/denso_ros2_ws/install/ros2_control_demo_example_10:/home/isg/workspace/denso_ros2_ws/install/ros2_control_demo_example_1:/home/isg/workspace/denso_ros2_ws/install/ros2_control_demo_description:/home/isg/workspace/denso_ros2_ws/install/gazebo_ros2_control_demos:/home/isg/workspace/denso_ros2_ws/install/denso_robot_bringup:/home/isg/workspace/denso_ros2_ws/install/gazebo_ros2_control:/home/isg/workspace/denso_ros2_ws/install/denso_robot_moveit_demo:/home/isg/workspace/denso_ros2_ws/install/denso_robot_moveit_config:/home/isg/workspace/denso_ros2_ws/install/denso_robot_descriptions:/home/isg/workspace/denso_ros2_ws/install/denso_robot_control:/home/isg/workspace/denso_ros2_ws/install/denso_robot_core:/home/isg/workspace/denso_ros2_ws/install/denso_robot_core_interfaces:/home/isg/workspace/denso_ros2_ws/install/denso_robot_description_installer:/home/isg/workspace/denso_ros2_ws/install/camera_publisher:/opt/ros/humble LD_LIBRARY_PATH=/home/isg/workspace/denso_ros2_ws/install/bcap_service/lib:/home/isg/workspace/denso_ros2_ws/install/bcap_service_interfaces/lib:/home/isg/workspace/denso_ros2_ws/install/bcap_core/lib:/home/isg/workspace/denso_ros2_ws/install/ros2_control_demo_example_9/lib:/home/isg/workspace/denso_ros2_ws/install/ros2_control_demo_example_8/lib:/home/isg/workspace/denso_ros2_ws/install/ros2_control_demo_example_7/lib:/home/isg/workspace/denso_ros2_ws/install/ros2_control_demo_example_6/lib:/home/isg/workspace/denso_ros2_ws/install/ros2_control_demo_example_5/lib:/home/isg/workspace/denso_ros2_ws/install/ros2_control_demo_example_4/lib:/home/isg/workspace/denso_ros2_ws/install/ros2_control_demo_example_3/lib:/home/isg/workspace/denso_ros2_ws/install/ros2_control_demo_example_2/lib:/home/isg/workspace/denso_ros2_ws/install/ros2_control_demo_example_14/lib:/home/isg/workspace/denso_ros2_ws/install/ros2_control_demo_example_12/lib:/home/isg/workspace/denso_ros2_ws/install/ros2_control_demo_example_11/lib:/home/isg/workspace/denso_ros2_ws/install/ros2_control_demo_example_10/lib:/home/isg/workspace/denso_ros2_ws/install/ros2_control_demo_example_1/lib:/home/isg/workspace/denso_ros2_ws/install/gazebo_ros2_control/lib:/home/isg/workspace/denso_ros2_ws/install/denso_robot_control/lib:/home/isg/workspace/denso_ros2_ws/install/denso_robot_core/lib:/home/isg/workspace/denso_ros2_ws/install/denso_robot_core_interfaces/lib:/opt/ros/humble/opt/rviz_ogre_vendor/lib:/opt/ros/humble/lib/x86_64-linux-gnu:/opt/ros/humble/lib /usr/bin/cmake --install /home/isg/workspace/denso_ros2_ws/build/denso_robot_core_interfaces
[0.384s] -- Install configuration: ""
[0.385s] -- Execute custom install script
[0.386s] -- Up-to-date symlink: /home/isg/workspace/denso_ros2_ws/install/denso_robot_core_interfaces/share/ament_index/resource_index/rosidl_interfaces/denso_robot_core_interfaces
[0.387s] -- Up-to-date symlink: /home/isg/workspace/denso_ros2_ws/install/denso_robot_core_interfaces/include/denso_robot_core_interfaces/denso_robot_core_interfaces/action/detail/drive_string__functions.h
[0.387s] -- Up-to-date symlink: /home/isg/workspace/denso_ros2_ws/install/denso_robot_core_interfaces/include/denso_robot_core_interfaces/denso_robot_core_interfaces/action/detail/drive_string__struct.h
[0.387s] -- Up-to-date symlink: /home/isg/workspace/denso_ros2_ws/install/denso_robot_core_interfaces/include/denso_robot_core_interfaces/denso_robot_core_interfaces/action/detail/drive_string__type_support.h
[0.388s] -- Up-to-date symlink: /home/isg/workspace/denso_ros2_ws/install/denso_robot_core_interfaces/include/denso_robot_core_interfaces/denso_robot_core_interfaces/action/detail/drive_value__functions.h
[0.388s] -- Up-to-date symlink: /home/isg/workspace/denso_ros2_ws/install/denso_robot_core_interfaces/include/denso_robot_core_interfaces/denso_robot_core_interfaces/action/detail/drive_value__struct.h
[0.388s] -- Up-to-date symlink: /home/isg/workspace/denso_ros2_ws/install/denso_robot_core_interfaces/include/denso_robot_core_interfaces/denso_robot_core_interfaces/action/detail/drive_value__type_support.h
[0.388s] -- Up-to-date symlink: /home/isg/workspace/denso_ros2_ws/install/denso_robot_core_interfaces/include/denso_robot_core_interfaces/denso_robot_core_interfaces/action/detail/move_string__functions.h
[0.389s] -- Up-to-date symlink: /home/isg/workspace/denso_ros2_ws/install/denso_robot_core_interfaces/include/denso_robot_core_interfaces/denso_robot_core_interfaces/action/detail/move_string__struct.h
[0.389s] -- Up-to-date symlink: /home/isg/workspace/denso_ros2_ws/install/denso_robot_core_interfaces/include/denso_robot_core_interfaces/denso_robot_core_interfaces/action/detail/move_string__type_support.h
[0.389s] -- Up-to-date symlink: /home/isg/workspace/denso_ros2_ws/install/denso_robot_core_interfaces/include/denso_robot_core_interfaces/denso_robot_core_interfaces/action/detail/move_value__functions.h
[0.389s] -- Up-to-date symlink: /home/isg/workspace/denso_ros2_ws/install/denso_robot_core_interfaces/include/denso_robot_core_interfaces/denso_robot_core_interfaces/action/detail/move_value__struct.h
[0.389s] -- Up-to-date symlink: /home/isg/workspace/denso_ros2_ws/install/denso_robot_core_interfaces/include/denso_robot_core_interfaces/denso_robot_core_interfaces/action/detail/move_value__type_support.h
[0.389s] -- Up-to-date symlink: /home/isg/workspace/denso_ros2_ws/install/denso_robot_core_interfaces/include/denso_robot_core_interfaces/denso_robot_core_interfaces/action/drive_string.h
[0.390s] -- Up-to-date symlink: /home/isg/workspace/denso_ros2_ws/install/denso_robot_core_interfaces/include/denso_robot_core_interfaces/denso_robot_core_interfaces/action/drive_value.h
[0.390s] -- Up-to-date symlink: /home/isg/workspace/denso_ros2_ws/install/denso_robot_core_interfaces/include/denso_robot_core_interfaces/denso_robot_core_interfaces/action/move_string.h
[0.390s] -- Up-to-date symlink: /home/isg/workspace/denso_ros2_ws/install/denso_robot_core_interfaces/include/denso_robot_core_interfaces/denso_robot_core_interfaces/action/move_value.h
[0.390s] -- Up-to-date symlink: /home/isg/workspace/denso_ros2_ws/install/denso_robot_core_interfaces/include/denso_robot_core_interfaces/denso_robot_core_interfaces/msg/detail/ex_joints__functions.h
[0.390s] -- Up-to-date symlink: /home/isg/workspace/denso_ros2_ws/install/denso_robot_core_interfaces/include/denso_robot_core_interfaces/denso_robot_core_interfaces/msg/detail/ex_joints__struct.h
[0.391s] -- Up-to-date symlink: /home/isg/workspace/denso_ros2_ws/install/denso_robot_core_interfaces/include/denso_robot_core_interfaces/denso_robot_core_interfaces/msg/detail/ex_joints__type_support.h
[0.391s] -- Up-to-date symlink: /home/isg/workspace/denso_ros2_ws/install/denso_robot_core_interfaces/include/denso_robot_core_interfaces/denso_robot_core_interfaces/msg/detail/joints__functions.h
[0.391s] -- Up-to-date symlink: /home/isg/workspace/denso_ros2_ws/install/denso_robot_core_interfaces/include/denso_robot_core_interfaces/denso_robot_core_interfaces/msg/detail/joints__struct.h
[0.391s] -- Up-to-date symlink: /home/isg/workspace/denso_ros2_ws/install/denso_robot_core_interfaces/include/denso_robot_core_interfaces/denso_robot_core_interfaces/msg/detail/joints__type_support.h
[0.391s] -- Up-to-date symlink: /home/isg/workspace/denso_ros2_ws/install/denso_robot_core_interfaces/include/denso_robot_core_interfaces/denso_robot_core_interfaces/msg/detail/pose_data__functions.h
[0.392s] -- Up-to-date symlink: /home/isg/workspace/denso_ros2_ws/install/denso_robot_core_interfaces/include/denso_robot_core_interfaces/denso_robot_core_interfaces/msg/detail/pose_data__struct.h
[0.392s] -- Up-to-date symlink: /home/isg/workspace/denso_ros2_ws/install/denso_robot_core_interfaces/include/denso_robot_core_interfaces/denso_robot_core_interfaces/msg/detail/pose_data__type_support.h
[0.392s] -- Up-to-date symlink: /home/isg/workspace/denso_ros2_ws/install/denso_robot_core_interfaces/include/denso_robot_core_interfaces/denso_robot_core_interfaces/msg/detail/user_io__functions.h
[0.392s] -- Up-to-date symlink: /home/isg/workspace/denso_ros2_ws/install/denso_robot_core_interfaces/include/denso_robot_core_interfaces/denso_robot_core_interfaces/msg/detail/user_io__struct.h
[0.392s] -- Up-to-date symlink: /home/isg/workspace/denso_ros2_ws/install/denso_robot_core_interfaces/include/denso_robot_core_interfaces/denso_robot_core_interfaces/msg/detail/user_io__type_support.h
[0.392s] -- Up-to-date symlink: /home/isg/workspace/denso_ros2_ws/install/denso_robot_core_interfaces/include/denso_robot_core_interfaces/denso_robot_core_interfaces/msg/ex_joints.h
[0.393s] -- Up-to-date symlink: /home/isg/workspace/denso_ros2_ws/install/denso_robot_core_interfaces/include/denso_robot_core_interfaces/denso_robot_core_interfaces/msg/joints.h
[0.393s] -- Up-to-date symlink: /home/isg/workspace/denso_ros2_ws/install/denso_robot_core_interfaces/include/denso_robot_core_interfaces/denso_robot_core_interfaces/msg/pose_data.h
[0.393s] -- Up-to-date symlink: /home/isg/workspace/denso_ros2_ws/install/denso_robot_core_interfaces/include/denso_robot_core_interfaces/denso_robot_core_interfaces/msg/rosidl_generator_c__visibility_control.h
[0.393s] -- Up-to-date symlink: /home/isg/workspace/denso_ros2_ws/install/denso_robot_core_interfaces/include/denso_robot_core_interfaces/denso_robot_core_interfaces/msg/user_io.h
[0.393s] -- Up-to-date symlink: /home/isg/workspace/denso_ros2_ws/install/denso_robot_core_interfaces/include/denso_robot_core_interfaces/denso_robot_core_interfaces/srv/change_mode.h
[0.394s] -- Up-to-date symlink: /home/isg/workspace/denso_ros2_ws/install/denso_robot_core_interfaces/include/denso_robot_core_interfaces/denso_robot_core_interfaces/srv/detail/change_mode__functions.h
[0.394s] -- Up-to-date symlink: /home/isg/workspace/denso_ros2_ws/install/denso_robot_core_interfaces/include/denso_robot_core_interfaces/denso_robot_core_interfaces/srv/detail/change_mode__struct.h
[0.394s] -- Up-to-date symlink: /home/isg/workspace/denso_ros2_ws/install/denso_robot_core_interfaces/include/denso_robot_core_interfaces/denso_robot_core_interfaces/srv/detail/change_mode__type_support.h
[0.394s] -- Up-to-date symlink: /home/isg/workspace/denso_ros2_ws/install/denso_robot_core_interfaces/share/denso_robot_core_interfaces/environment/library_path.sh
[0.394s] -- Up-to-date symlink: /home/isg/workspace/denso_ros2_ws/install/denso_robot_core_interfaces/share/denso_robot_core_interfaces/environment/library_path.dsv
[0.396s] -- Up-to-date symlink: /home/isg/workspace/denso_ros2_ws/install/denso_robot_core_interfaces/include/denso_robot_core_interfaces/denso_robot_core_interfaces/action/detail/drive_string__rosidl_typesupport_fastrtps_c.h
[0.396s] -- Up-to-date symlink: /home/isg/workspace/denso_ros2_ws/install/denso_robot_core_interfaces/include/denso_robot_core_interfaces/denso_robot_core_interfaces/action/detail/drive_value__rosidl_typesupport_fastrtps_c.h
[0.396s] -- Up-to-date symlink: /home/isg/workspace/denso_ros2_ws/install/denso_robot_core_interfaces/include/denso_robot_core_interfaces/denso_robot_core_interfaces/action/detail/move_string__rosidl_typesupport_fastrtps_c.h
[0.396s] -- Up-to-date symlink: /home/isg/workspace/denso_ros2_ws/install/denso_robot_core_interfaces/include/denso_robot_core_interfaces/denso_robot_core_interfaces/action/detail/move_value__rosidl_typesupport_fastrtps_c.h
[0.396s] -- Up-to-date symlink: /home/isg/workspace/denso_ros2_ws/install/denso_robot_core_interfaces/include/denso_robot_core_interfaces/denso_robot_core_interfaces/msg/detail/ex_joints__rosidl_typesupport_fastrtps_c.h
[0.397s] -- Up-to-date symlink: /home/isg/workspace/denso_ros2_ws/install/denso_robot_core_interfaces/include/denso_robot_core_interfaces/denso_robot_core_interfaces/msg/detail/joints__rosidl_typesupport_fastrtps_c.h
[0.397s] -- Up-to-date symlink: /home/isg/workspace/denso_ros2_ws/install/denso_robot_core_interfaces/include/denso_robot_core_interfaces/denso_robot_core_interfaces/msg/detail/pose_data__rosidl_typesupport_fastrtps_c.h
[0.397s] -- Up-to-date symlink: /home/isg/workspace/denso_ros2_ws/install/denso_robot_core_interfaces/include/denso_robot_core_interfaces/denso_robot_core_interfaces/msg/detail/user_io__rosidl_typesupport_fastrtps_c.h
[0.397s] -- Up-to-date symlink: /home/isg/workspace/denso_ros2_ws/install/denso_robot_core_interfaces/include/denso_robot_core_interfaces/denso_robot_core_interfaces/msg/rosidl_typesupport_fastrtps_c__visibility_control.h
[0.397s] -- Up-to-date symlink: /home/isg/workspace/denso_ros2_ws/install/denso_robot_core_interfaces/include/denso_robot_core_interfaces/denso_robot_core_interfaces/srv/detail/change_mode__rosidl_typesupport_fastrtps_c.h
[0.398s] -- Up-to-date symlink: /home/isg/workspace/denso_ros2_ws/install/denso_robot_core_interfaces/include/denso_robot_core_interfaces/denso_robot_core_interfaces/action/detail/drive_string__rosidl_typesupport_introspection_c.h
[0.398s] -- Up-to-date symlink: /home/isg/workspace/denso_ros2_ws/install/denso_robot_core_interfaces/include/denso_robot_core_interfaces/denso_robot_core_interfaces/action/detail/drive_value__rosidl_typesupport_introspection_c.h
[0.398s] -- Up-to-date symlink: /home/isg/workspace/denso_ros2_ws/install/denso_robot_core_interfaces/include/denso_robot_core_interfaces/denso_robot_core_interfaces/action/detail/move_string__rosidl_typesupport_introspection_c.h
[0.399s] -- Up-to-date symlink: /home/isg/workspace/denso_ros2_ws/install/denso_robot_core_interfaces/include/denso_robot_core_interfaces/denso_robot_core_interfaces/action/detail/move_value__rosidl_typesupport_introspection_c.h
[0.399s] -- Up-to-date symlink: /home/isg/workspace/denso_ros2_ws/install/denso_robot_core_interfaces/include/denso_robot_core_interfaces/denso_robot_core_interfaces/msg/detail/ex_joints__rosidl_typesupport_introspection_c.h
[0.399s] -- Up-to-date symlink: /home/isg/workspace/denso_ros2_ws/install/denso_robot_core_interfaces/include/denso_robot_core_interfaces/denso_robot_core_interfaces/msg/detail/joints__rosidl_typesupport_introspection_c.h
[0.399s] -- Up-to-date symlink: /home/isg/workspace/denso_ros2_ws/install/denso_robot_core_interfaces/include/denso_robot_core_interfaces/denso_robot_core_interfaces/msg/detail/pose_data__rosidl_typesupport_introspection_c.h
[0.399s] -- Up-to-date symlink: /home/isg/workspace/denso_ros2_ws/install/denso_robot_core_interfaces/include/denso_robot_core_interfaces/denso_robot_core_interfaces/msg/detail/user_io__rosidl_typesupport_introspection_c.h
[0.400s] -- Up-to-date symlink: /home/isg/workspace/denso_ros2_ws/install/denso_robot_core_interfaces/include/denso_robot_core_interfaces/denso_robot_core_interfaces/msg/rosidl_typesupport_introspection_c__visibility_control.h
[0.400s] -- Up-to-date symlink: /home/isg/workspace/denso_ros2_ws/install/denso_robot_core_interfaces/include/denso_robot_core_interfaces/denso_robot_core_interfaces/srv/detail/change_mode__rosidl_typesupport_introspection_c.h
[0.401s] -- Up-to-date symlink: /home/isg/workspace/denso_ros2_ws/install/denso_robot_core_interfaces/include/denso_robot_core_interfaces/denso_robot_core_interfaces/action/detail/drive_string__builder.hpp
[0.401s] -- Up-to-date symlink: /home/isg/workspace/denso_ros2_ws/install/denso_robot_core_interfaces/include/denso_robot_core_interfaces/denso_robot_core_interfaces/action/detail/drive_string__struct.hpp
[0.401s] -- Up-to-date symlink: /home/isg/workspace/denso_ros2_ws/install/denso_robot_core_interfaces/include/denso_robot_core_interfaces/denso_robot_core_interfaces/action/detail/drive_string__traits.hpp
[0.402s] -- Up-to-date symlink: /home/isg/workspace/denso_ros2_ws/install/denso_robot_core_interfaces/include/denso_robot_core_interfaces/denso_robot_core_interfaces/action/detail/drive_string__type_support.hpp
[0.402s] -- Up-to-date symlink: /home/isg/workspace/denso_ros2_ws/install/denso_robot_core_interfaces/include/denso_robot_core_interfaces/denso_robot_core_interfaces/action/detail/drive_value__builder.hpp
[0.402s] -- Up-to-date symlink: /home/isg/workspace/denso_ros2_ws/install/denso_robot_core_interfaces/include/denso_robot_core_interfaces/denso_robot_core_interfaces/action/detail/drive_value__struct.hpp
[0.402s] -- Up-to-date symlink: /home/isg/workspace/denso_ros2_ws/install/denso_robot_core_interfaces/include/denso_robot_core_interfaces/denso_robot_core_interfaces/action/detail/drive_value__traits.hpp
[0.402s] -- Up-to-date symlink: /home/isg/workspace/denso_ros2_ws/install/denso_robot_core_interfaces/include/denso_robot_core_interfaces/denso_robot_core_interfaces/action/detail/drive_value__type_support.hpp
[0.403s] -- Up-to-date symlink: /home/isg/workspace/denso_ros2_ws/install/denso_robot_core_interfaces/include/denso_robot_core_interfaces/denso_robot_core_interfaces/action/detail/move_string__builder.hpp
[0.403s] -- Up-to-date symlink: /home/isg/workspace/denso_ros2_ws/install/denso_robot_core_interfaces/include/denso_robot_core_interfaces/denso_robot_core_interfaces/action/detail/move_string__struct.hpp
[0.403s] -- Up-to-date symlink: /home/isg/workspace/denso_ros2_ws/install/denso_robot_core_interfaces/include/denso_robot_core_interfaces/denso_robot_core_interfaces/action/detail/move_string__traits.hpp
[0.403s] -- Up-to-date symlink: /home/isg/workspace/denso_ros2_ws/install/denso_robot_core_interfaces/include/denso_robot_core_interfaces/denso_robot_core_interfaces/action/detail/move_string__type_support.hpp
[0.403s] -- Up-to-date symlink: /home/isg/workspace/denso_ros2_ws/install/denso_robot_core_interfaces/include/denso_robot_core_interfaces/denso_robot_core_interfaces/action/detail/move_value__builder.hpp
[0.403s] -- Up-to-date symlink: /home/isg/workspace/denso_ros2_ws/install/denso_robot_core_interfaces/include/denso_robot_core_interfaces/denso_robot_core_interfaces/action/detail/move_value__struct.hpp
[0.404s] -- Up-to-date symlink: /home/isg/workspace/denso_ros2_ws/install/denso_robot_core_interfaces/include/denso_robot_core_interfaces/denso_robot_core_interfaces/action/detail/move_value__traits.hpp
[0.404s] -- Up-to-date symlink: /home/isg/workspace/denso_ros2_ws/install/denso_robot_core_interfaces/include/denso_robot_core_interfaces/denso_robot_core_interfaces/action/detail/move_value__type_support.hpp
[0.404s] -- Up-to-date symlink: /home/isg/workspace/denso_ros2_ws/install/denso_robot_core_interfaces/include/denso_robot_core_interfaces/denso_robot_core_interfaces/action/drive_string.hpp
[0.404s] -- Up-to-date symlink: /home/isg/workspace/denso_ros2_ws/install/denso_robot_core_interfaces/include/denso_robot_core_interfaces/denso_robot_core_interfaces/action/drive_value.hpp
[0.404s] -- Up-to-date symlink: /home/isg/workspace/denso_ros2_ws/install/denso_robot_core_interfaces/include/denso_robot_core_interfaces/denso_robot_core_interfaces/action/move_string.hpp
[0.405s] -- Up-to-date symlink: /home/isg/workspace/denso_ros2_ws/install/denso_robot_core_interfaces/include/denso_robot_core_interfaces/denso_robot_core_interfaces/action/move_value.hpp
[0.405s] -- Up-to-date symlink: /home/isg/workspace/denso_ros2_ws/install/denso_robot_core_interfaces/include/denso_robot_core_interfaces/denso_robot_core_interfaces/msg/detail/ex_joints__builder.hpp
[0.405s] -- Up-to-date symlink: /home/isg/workspace/denso_ros2_ws/install/denso_robot_core_interfaces/include/denso_robot_core_interfaces/denso_robot_core_interfaces/msg/detail/ex_joints__struct.hpp
[0.405s] -- Up-to-date symlink: /home/isg/workspace/denso_ros2_ws/install/denso_robot_core_interfaces/include/denso_robot_core_interfaces/denso_robot_core_interfaces/msg/detail/ex_joints__traits.hpp
[0.405s] -- Up-to-date symlink: /home/isg/workspace/denso_ros2_ws/install/denso_robot_core_interfaces/include/denso_robot_core_interfaces/denso_robot_core_interfaces/msg/detail/ex_joints__type_support.hpp
[0.406s] -- Up-to-date symlink: /home/isg/workspace/denso_ros2_ws/install/denso_robot_core_interfaces/include/denso_robot_core_interfaces/denso_robot_core_interfaces/msg/detail/joints__builder.hpp
[0.406s] -- Up-to-date symlink: /home/isg/workspace/denso_ros2_ws/install/denso_robot_core_interfaces/include/denso_robot_core_interfaces/denso_robot_core_interfaces/msg/detail/joints__struct.hpp
[0.406s] -- Up-to-date symlink: /home/isg/workspace/denso_ros2_ws/install/denso_robot_core_interfaces/include/denso_robot_core_interfaces/denso_robot_core_interfaces/msg/detail/joints__traits.hpp
[0.406s] -- Up-to-date symlink: /home/isg/workspace/denso_ros2_ws/install/denso_robot_core_interfaces/include/denso_robot_core_interfaces/denso_robot_core_interfaces/msg/detail/joints__type_support.hpp
[0.406s] -- Up-to-date symlink: /home/isg/workspace/denso_ros2_ws/install/denso_robot_core_interfaces/include/denso_robot_core_interfaces/denso_robot_core_interfaces/msg/detail/pose_data__builder.hpp
[0.406s] -- Up-to-date symlink: /home/isg/workspace/denso_ros2_ws/install/denso_robot_core_interfaces/include/denso_robot_core_interfaces/denso_robot_core_interfaces/msg/detail/pose_data__struct.hpp
[0.407s] -- Up-to-date symlink: /home/isg/workspace/denso_ros2_ws/install/denso_robot_core_interfaces/include/denso_robot_core_interfaces/denso_robot_core_interfaces/msg/detail/pose_data__traits.hpp
[0.407s] -- Up-to-date symlink: /home/isg/workspace/denso_ros2_ws/install/denso_robot_core_interfaces/include/denso_robot_core_interfaces/denso_robot_core_interfaces/msg/detail/pose_data__type_support.hpp
[0.407s] -- Up-to-date symlink: /home/isg/workspace/denso_ros2_ws/install/denso_robot_core_interfaces/include/denso_robot_core_interfaces/denso_robot_core_interfaces/msg/detail/user_io__builder.hpp
[0.407s] -- Up-to-date symlink: /home/isg/workspace/denso_ros2_ws/install/denso_robot_core_interfaces/include/denso_robot_core_interfaces/denso_robot_core_interfaces/msg/detail/user_io__struct.hpp
[0.407s] -- Up-to-date symlink: /home/isg/workspace/denso_ros2_ws/install/denso_robot_core_interfaces/include/denso_robot_core_interfaces/denso_robot_core_interfaces/msg/detail/user_io__traits.hpp
[0.407s] -- Up-to-date symlink: /home/isg/workspace/denso_ros2_ws/install/denso_robot_core_interfaces/include/denso_robot_core_interfaces/denso_robot_core_interfaces/msg/detail/user_io__type_support.hpp
[0.407s] -- Up-to-date symlink: /home/isg/workspace/denso_ros2_ws/install/denso_robot_core_interfaces/include/denso_robot_core_interfaces/denso_robot_core_interfaces/msg/ex_joints.hpp
[0.408s] -- Up-to-date symlink: /home/isg/workspace/denso_ros2_ws/install/denso_robot_core_interfaces/include/denso_robot_core_interfaces/denso_robot_core_interfaces/msg/joints.hpp
[0.408s] -- Up-to-date symlink: /home/isg/workspace/denso_ros2_ws/install/denso_robot_core_interfaces/include/denso_robot_core_interfaces/denso_robot_core_interfaces/msg/pose_data.hpp
[0.408s] -- Up-to-date symlink: /home/isg/workspace/denso_ros2_ws/install/denso_robot_core_interfaces/include/denso_robot_core_interfaces/denso_robot_core_interfaces/msg/rosidl_generator_cpp__visibility_control.hpp
[0.408s] -- Up-to-date symlink: /home/isg/workspace/denso_ros2_ws/install/denso_robot_core_interfaces/include/denso_robot_core_interfaces/denso_robot_core_interfaces/msg/user_io.hpp
[0.408s] -- Up-to-date symlink: /home/isg/workspace/denso_ros2_ws/install/denso_robot_core_interfaces/include/denso_robot_core_interfaces/denso_robot_core_interfaces/srv/change_mode.hpp
[0.408s] -- Up-to-date symlink: /home/isg/workspace/denso_ros2_ws/install/denso_robot_core_interfaces/include/denso_robot_core_interfaces/denso_robot_core_interfaces/srv/detail/change_mode__builder.hpp
[0.408s] -- Up-to-date symlink: /home/isg/workspace/denso_ros2_ws/install/denso_robot_core_interfaces/include/denso_robot_core_interfaces/denso_robot_core_interfaces/srv/detail/change_mode__struct.hpp
[0.408s] -- Up-to-date symlink: /home/isg/workspace/denso_ros2_ws/install/denso_robot_core_interfaces/include/denso_robot_core_interfaces/denso_robot_core_interfaces/srv/detail/change_mode__traits.hpp
[0.408s] -- Up-to-date symlink: /home/isg/workspace/denso_ros2_ws/install/denso_robot_core_interfaces/include/denso_robot_core_interfaces/denso_robot_core_interfaces/srv/detail/change_mode__type_support.hpp
[0.409s] -- Up-to-date symlink: /home/isg/workspace/denso_ros2_ws/install/denso_robot_core_interfaces/include/denso_robot_core_interfaces/denso_robot_core_interfaces/action/detail/drive_string__rosidl_typesupport_fastrtps_cpp.hpp
[0.409s] -- Up-to-date symlink: /home/isg/workspace/denso_ros2_ws/install/denso_robot_core_interfaces/include/denso_robot_core_interfaces/denso_robot_core_interfaces/action/detail/drive_value__rosidl_typesupport_fastrtps_cpp.hpp
[0.409s] -- Up-to-date symlink: /home/isg/workspace/denso_ros2_ws/install/denso_robot_core_interfaces/include/denso_robot_core_interfaces/denso_robot_core_interfaces/action/detail/move_string__rosidl_typesupport_fastrtps_cpp.hpp
[0.409s] -- Up-to-date symlink: /home/isg/workspace/denso_ros2_ws/install/denso_robot_core_interfaces/include/denso_robot_core_interfaces/denso_robot_core_interfaces/action/detail/move_value__rosidl_typesupport_fastrtps_cpp.hpp
[0.410s] -- Up-to-date symlink: /home/isg/workspace/denso_ros2_ws/install/denso_robot_core_interfaces/include/denso_robot_core_interfaces/denso_robot_core_interfaces/msg/detail/ex_joints__rosidl_typesupport_fastrtps_cpp.hpp
[0.410s] -- Up-to-date symlink: /home/isg/workspace/denso_ros2_ws/install/denso_robot_core_interfaces/include/denso_robot_core_interfaces/denso_robot_core_interfaces/msg/detail/joints__rosidl_typesupport_fastrtps_cpp.hpp
[0.410s] -- Up-to-date symlink: /home/isg/workspace/denso_ros2_ws/install/denso_robot_core_interfaces/include/denso_robot_core_interfaces/denso_robot_core_interfaces/msg/detail/pose_data__rosidl_typesupport_fastrtps_cpp.hpp
[0.410s] -- Up-to-date symlink: /home/isg/workspace/denso_ros2_ws/install/denso_robot_core_interfaces/include/denso_robot_core_interfaces/denso_robot_core_interfaces/msg/detail/user_io__rosidl_typesupport_fastrtps_cpp.hpp
[0.410s] -- Up-to-date symlink: /home/isg/workspace/denso_ros2_ws/install/denso_robot_core_interfaces/include/denso_robot_core_interfaces/denso_robot_core_interfaces/msg/rosidl_typesupport_fastrtps_cpp__visibility_control.h
[0.410s] -- Up-to-date symlink: /home/isg/workspace/denso_ros2_ws/install/denso_robot_core_interfaces/include/denso_robot_core_interfaces/denso_robot_core_interfaces/srv/detail/change_mode__rosidl_typesupport_fastrtps_cpp.hpp
[0.411s] -- Up-to-date symlink: /home/isg/workspace/denso_ros2_ws/install/denso_robot_core_interfaces/include/denso_robot_core_interfaces/denso_robot_core_interfaces/action/detail/drive_string__rosidl_typesupport_introspection_cpp.hpp
[0.411s] -- Up-to-date symlink: /home/isg/workspace/denso_ros2_ws/install/denso_robot_core_interfaces/include/denso_robot_core_interfaces/denso_robot_core_interfaces/action/detail/drive_value__rosidl_typesupport_introspection_cpp.hpp
[0.411s] -- Up-to-date symlink: /home/isg/workspace/denso_ros2_ws/install/denso_robot_core_interfaces/include/denso_robot_core_interfaces/denso_robot_core_interfaces/action/detail/move_string__rosidl_typesupport_introspection_cpp.hpp
[0.411s] -- Up-to-date symlink: /home/isg/workspace/denso_ros2_ws/install/denso_robot_core_interfaces/include/denso_robot_core_interfaces/denso_robot_core_interfaces/action/detail/move_value__rosidl_typesupport_introspection_cpp.hpp
[0.411s] -- Up-to-date symlink: /home/isg/workspace/denso_ros2_ws/install/denso_robot_core_interfaces/include/denso_robot_core_interfaces/denso_robot_core_interfaces/msg/detail/ex_joints__rosidl_typesupport_introspection_cpp.hpp
[0.411s] -- Up-to-date symlink: /home/isg/workspace/denso_ros2_ws/install/denso_robot_core_interfaces/include/denso_robot_core_interfaces/denso_robot_core_interfaces/msg/detail/joints__rosidl_typesupport_introspection_cpp.hpp
[0.411s] -- Up-to-date symlink: /home/isg/workspace/denso_ros2_ws/install/denso_robot_core_interfaces/include/denso_robot_core_interfaces/denso_robot_core_interfaces/msg/detail/pose_data__rosidl_typesupport_introspection_cpp.hpp
[0.411s] -- Up-to-date symlink: /home/isg/workspace/denso_ros2_ws/install/denso_robot_core_interfaces/include/denso_robot_core_interfaces/denso_robot_core_interfaces/msg/detail/user_io__rosidl_typesupport_introspection_cpp.hpp
[0.412s] -- Up-to-date symlink: /home/isg/workspace/denso_ros2_ws/install/denso_robot_core_interfaces/include/denso_robot_core_interfaces/denso_robot_core_interfaces/srv/detail/change_mode__rosidl_typesupport_introspection_cpp.hpp
[0.412s] -- Up-to-date symlink: /home/isg/workspace/denso_ros2_ws/install/denso_robot_core_interfaces/share/denso_robot_core_interfaces/environment/pythonpath.sh
[0.412s] -- Up-to-date symlink: /home/isg/workspace/denso_ros2_ws/install/denso_robot_core_interfaces/share/denso_robot_core_interfaces/environment/pythonpath.dsv
[0.412s] -- Up-to-date symlink: /home/isg/workspace/denso_ros2_ws/install/denso_robot_core_interfaces/local/lib/python3.10/dist-packages/denso_robot_core_interfaces-1.2.0-py3.10.egg-info/PKG-INFO
[0.412s] -- Up-to-date symlink: /home/isg/workspace/denso_ros2_ws/install/denso_robot_core_interfaces/local/lib/python3.10/dist-packages/denso_robot_core_interfaces-1.2.0-py3.10.egg-info/SOURCES.txt
[0.412s] -- Up-to-date symlink: /home/isg/workspace/denso_ros2_ws/install/denso_robot_core_interfaces/local/lib/python3.10/dist-packages/denso_robot_core_interfaces-1.2.0-py3.10.egg-info/dependency_links.txt
[0.412s] -- Up-to-date symlink: /home/isg/workspace/denso_ros2_ws/install/denso_robot_core_interfaces/local/lib/python3.10/dist-packages/denso_robot_core_interfaces-1.2.0-py3.10.egg-info/top_level.txt
[0.413s] -- Up-to-date symlink: /home/isg/workspace/denso_ros2_ws/install/denso_robot_core_interfaces/local/lib/python3.10/dist-packages/denso_robot_core_interfaces/__init__.py
[0.413s] -- Up-to-date symlink: /home/isg/workspace/denso_ros2_ws/install/denso_robot_core_interfaces/local/lib/python3.10/dist-packages/denso_robot_core_interfaces/_denso_robot_core_interfaces_s.ep.rosidl_typesupport_c.c
[0.413s] -- Up-to-date symlink: /home/isg/workspace/denso_ros2_ws/install/denso_robot_core_interfaces/local/lib/python3.10/dist-packages/denso_robot_core_interfaces/_denso_robot_core_interfaces_s.ep.rosidl_typesupport_fastrtps_c.c
[0.414s] -- Up-to-date symlink: /home/isg/workspace/denso_ros2_ws/install/denso_robot_core_interfaces/local/lib/python3.10/dist-packages/denso_robot_core_interfaces/_denso_robot_core_interfaces_s.ep.rosidl_typesupport_introspection_c.c
[0.414s] -- Up-to-date symlink: /home/isg/workspace/denso_ros2_ws/install/denso_robot_core_interfaces/local/lib/python3.10/dist-packages/denso_robot_core_interfaces/action/__init__.py
[0.414s] -- Up-to-date symlink: /home/isg/workspace/denso_ros2_ws/install/denso_robot_core_interfaces/local/lib/python3.10/dist-packages/denso_robot_core_interfaces/action/_drive_string.py
[0.414s] -- Up-to-date symlink: /home/isg/workspace/denso_ros2_ws/install/denso_robot_core_interfaces/local/lib/python3.10/dist-packages/denso_robot_core_interfaces/action/_drive_string_s.c
[0.414s] -- Up-to-date symlink: /home/isg/workspace/denso_ros2_ws/install/denso_robot_core_interfaces/local/lib/python3.10/dist-packages/denso_robot_core_interfaces/action/_drive_value.py
[0.414s] -- Up-to-date symlink: /home/isg/workspace/denso_ros2_ws/install/denso_robot_core_interfaces/local/lib/python3.10/dist-packages/denso_robot_core_interfaces/action/_drive_value_s.c
[0.414s] -- Up-to-date symlink: /home/isg/workspace/denso_ros2_ws/install/denso_robot_core_interfaces/local/lib/python3.10/dist-packages/denso_robot_core_interfaces/action/_move_string.py
[0.414s] -- Up-to-date symlink: /home/isg/workspace/denso_ros2_ws/install/denso_robot_core_interfaces/local/lib/python3.10/dist-packages/denso_robot_core_interfaces/action/_move_string_s.c
[0.415s] -- Up-to-date symlink: /home/isg/workspace/denso_ros2_ws/install/denso_robot_core_interfaces/local/lib/python3.10/dist-packages/denso_robot_core_interfaces/action/_move_value.py
[0.415s] -- Up-to-date symlink: /home/isg/workspace/denso_ros2_ws/install/denso_robot_core_interfaces/local/lib/python3.10/dist-packages/denso_robot_core_interfaces/action/_move_value_s.c
[0.415s] -- Up-to-date symlink: /home/isg/workspace/denso_ros2_ws/install/denso_robot_core_interfaces/local/lib/python3.10/dist-packages/denso_robot_core_interfaces/denso_robot_core_interfaces_s__rosidl_typesupport_c.cpython-310-x86_64-linux-gnu.so
[0.415s] -- Up-to-date symlink: /home/isg/workspace/denso_ros2_ws/install/denso_robot_core_interfaces/local/lib/python3.10/dist-packages/denso_robot_core_interfaces/denso_robot_core_interfaces_s__rosidl_typesupport_fastrtps_c.cpython-310-x86_64-linux-gnu.so
[0.415s] -- Up-to-date symlink: /home/isg/workspace/denso_ros2_ws/install/denso_robot_core_interfaces/local/lib/python3.10/dist-packages/denso_robot_core_interfaces/denso_robot_core_interfaces_s__rosidl_typesupport_introspection_c.cpython-310-x86_64-linux-gnu.so
[0.415s] -- Up-to-date symlink: /home/isg/workspace/denso_ros2_ws/install/denso_robot_core_interfaces/local/lib/python3.10/dist-packages/denso_robot_core_interfaces/libdenso_robot_core_interfaces__rosidl_generator_py.so
[0.415s] -- Up-to-date symlink: /home/isg/workspace/denso_ros2_ws/install/denso_robot_core_interfaces/local/lib/python3.10/dist-packages/denso_robot_core_interfaces/msg/__init__.py
[0.415s] -- Up-to-date symlink: /home/isg/workspace/denso_ros2_ws/install/denso_robot_core_interfaces/local/lib/python3.10/dist-packages/denso_robot_core_interfaces/msg/_ex_joints.py
[0.415s] -- Up-to-date symlink: /home/isg/workspace/denso_ros2_ws/install/denso_robot_core_interfaces/local/lib/python3.10/dist-packages/denso_robot_core_interfaces/msg/_ex_joints_s.c
[0.416s] -- Up-to-date symlink: /home/isg/workspace/denso_ros2_ws/install/denso_robot_core_interfaces/local/lib/python3.10/dist-packages/denso_robot_core_interfaces/msg/_joints.py
[0.416s] -- Up-to-date symlink: /home/isg/workspace/denso_ros2_ws/install/denso_robot_core_interfaces/local/lib/python3.10/dist-packages/denso_robot_core_interfaces/msg/_joints_s.c
[0.416s] -- Up-to-date symlink: /home/isg/workspace/denso_ros2_ws/install/denso_robot_core_interfaces/local/lib/python3.10/dist-packages/denso_robot_core_interfaces/msg/_pose_data.py
[0.416s] -- Up-to-date symlink: /home/isg/workspace/denso_ros2_ws/install/denso_robot_core_interfaces/local/lib/python3.10/dist-packages/denso_robot_core_interfaces/msg/_pose_data_s.c
[0.416s] -- Up-to-date symlink: /home/isg/workspace/denso_ros2_ws/install/denso_robot_core_interfaces/local/lib/python3.10/dist-packages/denso_robot_core_interfaces/msg/_user_io.py
[0.416s] -- Up-to-date symlink: /home/isg/workspace/denso_ros2_ws/install/denso_robot_core_interfaces/local/lib/python3.10/dist-packages/denso_robot_core_interfaces/msg/_user_io_s.c
[0.416s] -- Up-to-date symlink: /home/isg/workspace/denso_ros2_ws/install/denso_robot_core_interfaces/local/lib/python3.10/dist-packages/denso_robot_core_interfaces/srv/__init__.py
[0.416s] -- Up-to-date symlink: /home/isg/workspace/denso_ros2_ws/install/denso_robot_core_interfaces/local/lib/python3.10/dist-packages/denso_robot_core_interfaces/srv/_change_mode.py
[0.417s] -- Up-to-date symlink: /home/isg/workspace/denso_ros2_ws/install/denso_robot_core_interfaces/local/lib/python3.10/dist-packages/denso_robot_core_interfaces/srv/_change_mode_s.c
[0.417s] -- Up-to-date symlink: /home/isg/workspace/denso_ros2_ws/install/denso_robot_core_interfaces/local/lib/python3.10/dist-packages/denso_robot_core_interfaces/denso_robot_core_interfaces_s__rosidl_typesupport_fastrtps_c.cpython-310-x86_64-linux-gnu.so
[0.417s] -- Up-to-date symlink: /home/isg/workspace/denso_ros2_ws/install/denso_robot_core_interfaces/local/lib/python3.10/dist-packages/denso_robot_core_interfaces/denso_robot_core_interfaces_s__rosidl_typesupport_introspection_c.cpython-310-x86_64-linux-gnu.so
[0.418s] -- Up-to-date symlink: /home/isg/workspace/denso_ros2_ws/install/denso_robot_core_interfaces/local/lib/python3.10/dist-packages/denso_robot_core_interfaces/denso_robot_core_interfaces_s__rosidl_typesupport_c.cpython-310-x86_64-linux-gnu.so
[0.418s] -- Up-to-date symlink: /home/isg/workspace/denso_ros2_ws/install/denso_robot_core_interfaces/share/denso_robot_core_interfaces/action/DriveString.idl
[0.418s] -- Up-to-date symlink: /home/isg/workspace/denso_ros2_ws/install/denso_robot_core_interfaces/share/denso_robot_core_interfaces/action/DriveValue.idl
[0.418s] -- Up-to-date symlink: /home/isg/workspace/denso_ros2_ws/install/denso_robot_core_interfaces/share/denso_robot_core_interfaces/action/MoveString.idl
[0.418s] -- Up-to-date symlink: /home/isg/workspace/denso_ros2_ws/install/denso_robot_core_interfaces/share/denso_robot_core_interfaces/action/MoveValue.idl
[0.418s] -- Up-to-date symlink: /home/isg/workspace/denso_ros2_ws/install/denso_robot_core_interfaces/share/denso_robot_core_interfaces/msg/ExJoints.idl
[0.418s] -- Up-to-date symlink: /home/isg/workspace/denso_ros2_ws/install/denso_robot_core_interfaces/share/denso_robot_core_interfaces/msg/Joints.idl
[0.418s] -- Up-to-date symlink: /home/isg/workspace/denso_ros2_ws/install/denso_robot_core_interfaces/share/denso_robot_core_interfaces/msg/PoseData.idl
[0.419s] -- Up-to-date symlink: /home/isg/workspace/denso_ros2_ws/install/denso_robot_core_interfaces/share/denso_robot_core_interfaces/srv/ChangeMode.idl
[0.419s] -- Up-to-date symlink: /home/isg/workspace/denso_ros2_ws/install/denso_robot_core_interfaces/share/denso_robot_core_interfaces/msg/UserIO.idl
[0.419s] -- Up-to-date symlink: /home/isg/workspace/denso_ros2_ws/install/denso_robot_core_interfaces/share/denso_robot_core_interfaces/action/DriveString.action
[0.419s] -- Up-to-date symlink: /home/isg/workspace/denso_ros2_ws/install/denso_robot_core_interfaces/share/denso_robot_core_interfaces/action/DriveValue.action
[0.419s] -- Up-to-date symlink: /home/isg/workspace/denso_ros2_ws/install/denso_robot_core_interfaces/share/denso_robot_core_interfaces/action/MoveString.action
[0.419s] -- Up-to-date symlink: /home/isg/workspace/denso_ros2_ws/install/denso_robot_core_interfaces/share/denso_robot_core_interfaces/action/MoveValue.action
[0.419s] -- Up-to-date symlink: /home/isg/workspace/denso_ros2_ws/install/denso_robot_core_interfaces/share/denso_robot_core_interfaces/msg/ExJoints.msg
[0.420s] -- Up-to-date symlink: /home/isg/workspace/denso_ros2_ws/install/denso_robot_core_interfaces/share/denso_robot_core_interfaces/msg/Joints.msg
[0.420s] -- Up-to-date symlink: /home/isg/workspace/denso_ros2_ws/install/denso_robot_core_interfaces/share/denso_robot_core_interfaces/msg/PoseData.msg
[0.420s] -- Up-to-date symlink: /home/isg/workspace/denso_ros2_ws/install/denso_robot_core_interfaces/share/denso_robot_core_interfaces/srv/ChangeMode.srv
[0.420s] -- Up-to-date symlink: /home/isg/workspace/denso_ros2_ws/install/denso_robot_core_interfaces/share/denso_robot_core_interfaces/srv/ChangeMode_Request.msg
[0.420s] -- Up-to-date symlink: /home/isg/workspace/denso_ros2_ws/install/denso_robot_core_interfaces/share/denso_robot_core_interfaces/srv/ChangeMode_Response.msg
[0.420s] -- Up-to-date symlink: /home/isg/workspace/denso_ros2_ws/install/denso_robot_core_interfaces/share/denso_robot_core_interfaces/msg/UserIO.msg
[0.420s] -- Up-to-date symlink: /home/isg/workspace/denso_ros2_ws/install/denso_robot_core_interfaces/share/ament_index/resource_index/package_run_dependencies/denso_robot_core_interfaces
[0.421s] -- Up-to-date symlink: /home/isg/workspace/denso_ros2_ws/install/denso_robot_core_interfaces/share/ament_index/resource_index/parent_prefix_path/denso_robot_core_interfaces
[0.421s] -- Up-to-date symlink: /home/isg/workspace/denso_ros2_ws/install/denso_robot_core_interfaces/share/denso_robot_core_interfaces/environment/ament_prefix_path.sh
[0.421s] -- Up-to-date symlink: /home/isg/workspace/denso_ros2_ws/install/denso_robot_core_interfaces/share/denso_robot_core_interfaces/environment/ament_prefix_path.dsv
[0.421s] -- Up-to-date symlink: /home/isg/workspace/denso_ros2_ws/install/denso_robot_core_interfaces/share/denso_robot_core_interfaces/environment/path.sh
[0.421s] -- Up-to-date symlink: /home/isg/workspace/denso_ros2_ws/install/denso_robot_core_interfaces/share/denso_robot_core_interfaces/environment/path.dsv
[0.421s] -- Up-to-date symlink: /home/isg/workspace/denso_ros2_ws/install/denso_robot_core_interfaces/share/denso_robot_core_interfaces/local_setup.bash
[0.421s] -- Up-to-date symlink: /home/isg/workspace/denso_ros2_ws/install/denso_robot_core_interfaces/share/denso_robot_core_interfaces/local_setup.sh
[0.421s] -- Up-to-date symlink: /home/isg/workspace/denso_ros2_ws/install/denso_robot_core_interfaces/share/denso_robot_core_interfaces/local_setup.zsh
[0.422s] -- Up-to-date symlink: /home/isg/workspace/denso_ros2_ws/install/denso_robot_core_interfaces/share/denso_robot_core_interfaces/local_setup.dsv
[0.422s] -- Symlinking: /home/isg/workspace/denso_ros2_ws/install/denso_robot_core_interfaces/share/denso_robot_core_interfaces/package.dsv
[0.438s] -- Up-to-date symlink: /home/isg/workspace/denso_ros2_ws/install/denso_robot_core_interfaces/share/ament_index/resource_index/packages/denso_robot_core_interfaces
[0.438s] -- Up-to-date symlink: /home/isg/workspace/denso_ros2_ws/install/denso_robot_core_interfaces/share/denso_robot_core_interfaces/cmake/rosidl_cmake-extras.cmake
[0.438s] -- Up-to-date symlink: /home/isg/workspace/denso_ros2_ws/install/denso_robot_core_interfaces/share/denso_robot_core_interfaces/cmake/ament_cmake_export_dependencies-extras.cmake
[0.438s] -- Up-to-date symlink: /home/isg/workspace/denso_ros2_ws/install/denso_robot_core_interfaces/share/denso_robot_core_interfaces/cmake/ament_cmake_export_include_directories-extras.cmake
[0.439s] -- Up-to-date symlink: /home/isg/workspace/denso_ros2_ws/install/denso_robot_core_interfaces/share/denso_robot_core_interfaces/cmake/ament_cmake_export_libraries-extras.cmake
[0.439s] -- Up-to-date symlink: /home/isg/workspace/denso_ros2_ws/install/denso_robot_core_interfaces/share/denso_robot_core_interfaces/cmake/ament_cmake_export_targets-extras.cmake
[0.439s] -- Up-to-date symlink: /home/isg/workspace/denso_ros2_ws/install/denso_robot_core_interfaces/share/denso_robot_core_interfaces/cmake/rosidl_cmake_export_typesupport_targets-extras.cmake
[0.439s] -- Up-to-date symlink: /home/isg/workspace/denso_ros2_ws/install/denso_robot_core_interfaces/share/denso_robot_core_interfaces/cmake/rosidl_cmake_export_typesupport_libraries-extras.cmake
[0.439s] -- Up-to-date symlink: /home/isg/workspace/denso_ros2_ws/install/denso_robot_core_interfaces/share/denso_robot_core_interfaces/cmake/denso_robot_core_interfacesConfig.cmake
[0.439s] -- Up-to-date symlink: /home/isg/workspace/denso_ros2_ws/install/denso_robot_core_interfaces/share/denso_robot_core_interfaces/cmake/denso_robot_core_interfacesConfig-version.cmake
[0.439s] -- Up-to-date symlink: /home/isg/workspace/denso_ros2_ws/install/denso_robot_core_interfaces/share/denso_robot_core_interfaces/package.xml
[0.440s] -- Up-to-date: /home/isg/workspace/denso_ros2_ws/install/denso_robot_core_interfaces/lib/libdenso_robot_core_interfaces__rosidl_generator_c.so
[0.441s] -- Up-to-date: /home/isg/workspace/denso_ros2_ws/install/denso_robot_core_interfaces/lib/libdenso_robot_core_interfaces__rosidl_typesupport_fastrtps_c.so
[0.441s] -- Up-to-date: /home/isg/workspace/denso_ros2_ws/install/denso_robot_core_interfaces/lib/libdenso_robot_core_interfaces__rosidl_typesupport_introspection_c.so
[0.442s] -- Up-to-date: /home/isg/workspace/denso_ros2_ws/install/denso_robot_core_interfaces/lib/libdenso_robot_core_interfaces__rosidl_typesupport_c.so
[0.442s] -- Up-to-date: /home/isg/workspace/denso_ros2_ws/install/denso_robot_core_interfaces/lib/libdenso_robot_core_interfaces__rosidl_typesupport_fastrtps_cpp.so
[0.442s] -- Up-to-date: /home/isg/workspace/denso_ros2_ws/install/denso_robot_core_interfaces/lib/libdenso_robot_core_interfaces__rosidl_typesupport_introspection_cpp.so
[0.443s] -- Up-to-date: /home/isg/workspace/denso_ros2_ws/install/denso_robot_core_interfaces/lib/libdenso_robot_core_interfaces__rosidl_typesupport_cpp.so
[0.480s] Listing '/home/isg/workspace/denso_ros2_ws/install/denso_robot_core_interfaces/local/lib/python3.10/dist-packages/denso_robot_core_interfaces'...
[0.481s] Listing '/home/isg/workspace/denso_ros2_ws/install/denso_robot_core_interfaces/local/lib/python3.10/dist-packages/denso_robot_core_interfaces/action'...
[0.481s] Listing '/home/isg/workspace/denso_ros2_ws/install/denso_robot_core_interfaces/local/lib/python3.10/dist-packages/denso_robot_core_interfaces/msg'...
[0.481s] Listing '/home/isg/workspace/denso_ros2_ws/install/denso_robot_core_interfaces/local/lib/python3.10/dist-packages/denso_robot_core_interfaces/srv'...
[0.484s] -- Up-to-date: /home/isg/workspace/denso_ros2_ws/install/denso_robot_core_interfaces/lib/libdenso_robot_core_interfaces__rosidl_generator_py.so
[0.484s] -- Up-to-date: /home/isg/workspace/denso_ros2_ws/install/denso_robot_core_interfaces/share/denso_robot_core_interfaces/cmake/export_denso_robot_core_interfaces__rosidl_generator_cExport.cmake
[0.485s] -- Up-to-date: /home/isg/workspace/denso_ros2_ws/install/denso_robot_core_interfaces/share/denso_robot_core_interfaces/cmake/export_denso_robot_core_interfaces__rosidl_generator_cExport-noconfig.cmake
[0.485s] -- Up-to-date: /home/isg/workspace/denso_ros2_ws/install/denso_robot_core_interfaces/share/denso_robot_core_interfaces/cmake/export_denso_robot_core_interfaces__rosidl_typesupport_fastrtps_cExport.cmake
[0.485s] -- Up-to-date: /home/isg/workspace/denso_ros2_ws/install/denso_robot_core_interfaces/share/denso_robot_core_interfaces/cmake/export_denso_robot_core_interfaces__rosidl_typesupport_fastrtps_cExport-noconfig.cmake
[0.485s] -- Up-to-date: /home/isg/workspace/denso_ros2_ws/install/denso_robot_core_interfaces/share/denso_robot_core_interfaces/cmake/denso_robot_core_interfaces__rosidl_typesupport_introspection_cExport.cmake
[0.485s] -- Up-to-date: /home/isg/workspace/denso_ros2_ws/install/denso_robot_core_interfaces/share/denso_robot_core_interfaces/cmake/denso_robot_core_interfaces__rosidl_typesupport_introspection_cExport-noconfig.cmake
[0.485s] -- Up-to-date: /home/isg/workspace/denso_ros2_ws/install/denso_robot_core_interfaces/share/denso_robot_core_interfaces/cmake/denso_robot_core_interfaces__rosidl_typesupport_cExport.cmake
[0.486s] -- Up-to-date: /home/isg/workspace/denso_ros2_ws/install/denso_robot_core_interfaces/share/denso_robot_core_interfaces/cmake/denso_robot_core_interfaces__rosidl_typesupport_cExport-noconfig.cmake
[0.486s] -- Up-to-date: /home/isg/workspace/denso_ros2_ws/install/denso_robot_core_interfaces/share/denso_robot_core_interfaces/cmake/export_denso_robot_core_interfaces__rosidl_generator_cppExport.cmake
[0.486s] -- Up-to-date: /home/isg/workspace/denso_ros2_ws/install/denso_robot_core_interfaces/share/denso_robot_core_interfaces/cmake/export_denso_robot_core_interfaces__rosidl_typesupport_fastrtps_cppExport.cmake
[0.486s] -- Up-to-date: /home/isg/workspace/denso_ros2_ws/install/denso_robot_core_interfaces/share/denso_robot_core_interfaces/cmake/export_denso_robot_core_interfaces__rosidl_typesupport_fastrtps_cppExport-noconfig.cmake
[0.486s] -- Up-to-date: /home/isg/workspace/denso_ros2_ws/install/denso_robot_core_interfaces/share/denso_robot_core_interfaces/cmake/denso_robot_core_interfaces__rosidl_typesupport_introspection_cppExport.cmake
[0.487s] -- Up-to-date: /home/isg/workspace/denso_ros2_ws/install/denso_robot_core_interfaces/share/denso_robot_core_interfaces/cmake/denso_robot_core_interfaces__rosidl_typesupport_introspection_cppExport-noconfig.cmake
[0.487s] -- Up-to-date: /home/isg/workspace/denso_ros2_ws/install/denso_robot_core_interfaces/share/denso_robot_core_interfaces/cmake/denso_robot_core_interfaces__rosidl_typesupport_cppExport.cmake
[0.487s] -- Up-to-date: /home/isg/workspace/denso_ros2_ws/install/denso_robot_core_interfaces/share/denso_robot_core_interfaces/cmake/denso_robot_core_interfaces__rosidl_typesupport_cppExport-noconfig.cmake
[0.487s] -- Up-to-date: /home/isg/workspace/denso_ros2_ws/install/denso_robot_core_interfaces/share/denso_robot_core_interfaces/cmake/export_denso_robot_core_interfaces__rosidl_generator_pyExport.cmake
[0.487s] -- Up-to-date: /home/isg/workspace/denso_ros2_ws/install/denso_robot_core_interfaces/share/denso_robot_core_interfaces/cmake/export_denso_robot_core_interfaces__rosidl_generator_pyExport-noconfig.cmake
[0.490s] Invoked command in '/home/isg/workspace/denso_ros2_ws/build/denso_robot_core_interfaces' returned '0': CMAKE_PREFIX_PATH=/home/isg/workspace/denso_ros2_ws/install/bcap_service:/home/isg/workspace/denso_ros2_ws/install/bcap_service_interfaces:/home/isg/workspace/denso_ros2_ws/install/bcap_core:/home/isg/workspace/denso_ros2_ws/install/ros2_control_demos:/home/isg/workspace/denso_ros2_ws/install/ros2_control_demo_example_9:/home/isg/workspace/denso_ros2_ws/install/ros2_control_demo_example_8:/home/isg/workspace/denso_ros2_ws/install/ros2_control_demo_example_7:/home/isg/workspace/denso_ros2_ws/install/ros2_control_demo_example_6:/home/isg/workspace/denso_ros2_ws/install/ros2_control_demo_example_15:/home/isg/workspace/denso_ros2_ws/install/ros2_control_demo_example_13:/home/isg/workspace/denso_ros2_ws/install/ros2_control_demo_example_5:/home/isg/workspace/denso_ros2_ws/install/ros2_control_demo_example_4:/home/isg/workspace/denso_ros2_ws/install/ros2_control_demo_example_3:/home/isg/workspace/denso_ros2_ws/install/ros2_control_demo_example_2:/home/isg/workspace/denso_ros2_ws/install/ros2_control_demo_example_14:/home/isg/workspace/denso_ros2_ws/install/ros2_control_demo_example_12:/home/isg/workspace/denso_ros2_ws/install/ros2_control_demo_example_11:/home/isg/workspace/denso_ros2_ws/install/ros2_control_demo_example_10:/home/isg/workspace/denso_ros2_ws/install/ros2_control_demo_example_1:/home/isg/workspace/denso_ros2_ws/install/ros2_control_demo_description:/home/isg/workspace/denso_ros2_ws/install/gazebo_ros2_control_demos:/home/isg/workspace/denso_ros2_ws/install/denso_robot_bringup:/home/isg/workspace/denso_ros2_ws/install/gazebo_ros2_control:/home/isg/workspace/denso_ros2_ws/install/denso_robot_moveit_demo:/home/isg/workspace/denso_ros2_ws/install/denso_robot_moveit_config:/home/isg/workspace/denso_ros2_ws/install/denso_robot_descriptions:/home/isg/workspace/denso_ros2_ws/install/denso_robot_control:/home/isg/workspace/denso_ros2_ws/install/denso_robot_core:/home/isg/workspace/denso_ros2_ws/install/denso_robot_core_interfaces:/home/isg/workspace/denso_ros2_ws/install/denso_robot_description_installer:/home/isg/workspace/denso_ros2_ws/install/camera_publisher:/opt/ros/humble LD_LIBRARY_PATH=/home/isg/workspace/denso_ros2_ws/install/bcap_service/lib:/home/isg/workspace/denso_ros2_ws/install/bcap_service_interfaces/lib:/home/isg/workspace/denso_ros2_ws/install/bcap_core/lib:/home/isg/workspace/denso_ros2_ws/install/ros2_control_demo_example_9/lib:/home/isg/workspace/denso_ros2_ws/install/ros2_control_demo_example_8/lib:/home/isg/workspace/denso_ros2_ws/install/ros2_control_demo_example_7/lib:/home/isg/workspace/denso_ros2_ws/install/ros2_control_demo_example_6/lib:/home/isg/workspace/denso_ros2_ws/install/ros2_control_demo_example_5/lib:/home/isg/workspace/denso_ros2_ws/install/ros2_control_demo_example_4/lib:/home/isg/workspace/denso_ros2_ws/install/ros2_control_demo_example_3/lib:/home/isg/workspace/denso_ros2_ws/install/ros2_control_demo_example_2/lib:/home/isg/workspace/denso_ros2_ws/install/ros2_control_demo_example_14/lib:/home/isg/workspace/denso_ros2_ws/install/ros2_control_demo_example_12/lib:/home/isg/workspace/denso_ros2_ws/install/ros2_control_demo_example_11/lib:/home/isg/workspace/denso_ros2_ws/install/ros2_control_demo_example_10/lib:/home/isg/workspace/denso_ros2_ws/install/ros2_control_demo_example_1/lib:/home/isg/workspace/denso_ros2_ws/install/gazebo_ros2_control/lib:/home/isg/workspace/denso_ros2_ws/install/denso_robot_control/lib:/home/isg/workspace/denso_ros2_ws/install/denso_robot_core/lib:/home/isg/workspace/denso_ros2_ws/install/denso_robot_core_interfaces/lib:/opt/ros/humble/opt/rviz_ogre_vendor/lib:/opt/ros/humble/lib/x86_64-linux-gnu:/opt/ros/humble/lib /usr/bin/cmake --install /home/isg/workspace/denso_ros2_ws/build/denso_robot_core_interfaces
