[0.060s] Invoking command in '/home/isg/workspace/denso_ros2_ws/src/build/ros2_control_demo_example_15': AMENT_PREFIX_PATH=/home/isg/workspace/denso_ros2_ws/src/install/ros2_control_demo_example_5:/home/isg/workspace/denso_ros2_ws/src/install/ros2_control_demo_example_1:/home/isg/workspace/denso_ros2_ws/src/install/ros2_control_demo_description:${AMENT_PREFIX_PATH} CMAKE_PREFIX_PATH=/home/isg/workspace/denso_ros2_ws/src/install/ros2_control_demo_example_5:/home/isg/workspace/denso_ros2_ws/src/install/ros2_control_demo_example_1:/home/isg/workspace/denso_ros2_ws/src/install/ros2_control_demo_description:/opt/ros/humble LD_LIBRARY_PATH=/home/isg/workspace/denso_ros2_ws/src/install/ros2_control_demo_example_5/lib:/home/isg/workspace/denso_ros2_ws/src/install/ros2_control_demo_example_1/lib:${LD_LIBRARY_PATH} /usr/bin/cmake /home/isg/workspace/denso_ros2_ws/src/ros2_control_demos/example_15 -DCMAKE_BUILD_TYPE=Release -DCMAKE_INSTALL_PREFIX=/home/isg/workspace/denso_ros2_ws/src/install/ros2_control_demo_example_15
[0.227s] -- The CXX compiler identification is GNU 11.4.0
[0.242s] -- Detecting CXX compiler ABI info
[0.397s] -- Detecting CXX compiler ABI info - done
[0.405s] -- Check for working CXX compiler: /usr/bin/c++ - skipped
[0.405s] -- Detecting CXX compile features
[0.406s] -- Detecting CXX compile features - done
[0.409s] -- Found ament_cmake: 1.3.12 (/opt/ros/humble/share/ament_cmake/cmake)
[0.626s] -- Found Python3: /usr/bin/python3 (found version "3.10.12") found components: Interpreter 
[0.840s] -- Found ament_cmake_pytest: 1.3.12 (/opt/ros/humble/share/ament_cmake_pytest/cmake)
[1.764s] -- Configuring done
[1.767s] -- Generating done
[1.769s] -- Build files have been written to: /home/isg/workspace/denso_ros2_ws/src/build/ros2_control_demo_example_15
[1.773s] Invoked command in '/home/isg/workspace/denso_ros2_ws/src/build/ros2_control_demo_example_15' returned '0': AMENT_PREFIX_PATH=/home/isg/workspace/denso_ros2_ws/src/install/ros2_control_demo_example_5:/home/isg/workspace/denso_ros2_ws/src/install/ros2_control_demo_example_1:/home/isg/workspace/denso_ros2_ws/src/install/ros2_control_demo_description:${AMENT_PREFIX_PATH} CMAKE_PREFIX_PATH=/home/isg/workspace/denso_ros2_ws/src/install/ros2_control_demo_example_5:/home/isg/workspace/denso_ros2_ws/src/install/ros2_control_demo_example_1:/home/isg/workspace/denso_ros2_ws/src/install/ros2_control_demo_description:/opt/ros/humble LD_LIBRARY_PATH=/home/isg/workspace/denso_ros2_ws/src/install/ros2_control_demo_example_5/lib:/home/isg/workspace/denso_ros2_ws/src/install/ros2_control_demo_example_1/lib:${LD_LIBRARY_PATH} /usr/bin/cmake /home/isg/workspace/denso_ros2_ws/src/ros2_control_demos/example_15 -DCMAKE_BUILD_TYPE=Release -DCMAKE_INSTALL_PREFIX=/home/isg/workspace/denso_ros2_ws/src/install/ros2_control_demo_example_15
[1.775s] Invoking command in '/home/isg/workspace/denso_ros2_ws/src/build/ros2_control_demo_example_15': AMENT_PREFIX_PATH=/home/isg/workspace/denso_ros2_ws/src/install/ros2_control_demo_example_5:/home/isg/workspace/denso_ros2_ws/src/install/ros2_control_demo_example_1:/home/isg/workspace/denso_ros2_ws/src/install/ros2_control_demo_description:${AMENT_PREFIX_PATH} CMAKE_PREFIX_PATH=/home/isg/workspace/denso_ros2_ws/src/install/ros2_control_demo_example_5:/home/isg/workspace/denso_ros2_ws/src/install/ros2_control_demo_example_1:/home/isg/workspace/denso_ros2_ws/src/install/ros2_control_demo_description:/opt/ros/humble LD_LIBRARY_PATH=/home/isg/workspace/denso_ros2_ws/src/install/ros2_control_demo_example_5/lib:/home/isg/workspace/denso_ros2_ws/src/install/ros2_control_demo_example_1/lib:${LD_LIBRARY_PATH} /usr/bin/cmake --build /home/isg/workspace/denso_ros2_ws/src/build/ros2_control_demo_example_15 -- -j16 -l16
[1.817s] Invoked command in '/home/isg/workspace/denso_ros2_ws/src/build/ros2_control_demo_example_15' returned '0': AMENT_PREFIX_PATH=/home/isg/workspace/denso_ros2_ws/src/install/ros2_control_demo_example_5:/home/isg/workspace/denso_ros2_ws/src/install/ros2_control_demo_example_1:/home/isg/workspace/denso_ros2_ws/src/install/ros2_control_demo_description:${AMENT_PREFIX_PATH} CMAKE_PREFIX_PATH=/home/isg/workspace/denso_ros2_ws/src/install/ros2_control_demo_example_5:/home/isg/workspace/denso_ros2_ws/src/install/ros2_control_demo_example_1:/home/isg/workspace/denso_ros2_ws/src/install/ros2_control_demo_description:/opt/ros/humble LD_LIBRARY_PATH=/home/isg/workspace/denso_ros2_ws/src/install/ros2_control_demo_example_5/lib:/home/isg/workspace/denso_ros2_ws/src/install/ros2_control_demo_example_1/lib:${LD_LIBRARY_PATH} /usr/bin/cmake --build /home/isg/workspace/denso_ros2_ws/src/build/ros2_control_demo_example_15 -- -j16 -l16
[1.819s] Invoking command in '/home/isg/workspace/denso_ros2_ws/src/build/ros2_control_demo_example_15': AMENT_PREFIX_PATH=/home/isg/workspace/denso_ros2_ws/src/install/ros2_control_demo_example_5:/home/isg/workspace/denso_ros2_ws/src/install/ros2_control_demo_example_1:/home/isg/workspace/denso_ros2_ws/src/install/ros2_control_demo_description:${AMENT_PREFIX_PATH} CMAKE_PREFIX_PATH=/home/isg/workspace/denso_ros2_ws/src/install/ros2_control_demo_example_5:/home/isg/workspace/denso_ros2_ws/src/install/ros2_control_demo_example_1:/home/isg/workspace/denso_ros2_ws/src/install/ros2_control_demo_description:/opt/ros/humble LD_LIBRARY_PATH=/home/isg/workspace/denso_ros2_ws/src/install/ros2_control_demo_example_5/lib:/home/isg/workspace/denso_ros2_ws/src/install/ros2_control_demo_example_1/lib:${LD_LIBRARY_PATH} /usr/bin/cmake --install /home/isg/workspace/denso_ros2_ws/src/build/ros2_control_demo_example_15
[1.826s] -- Install configuration: "Release"
[1.826s] -- Installing: /home/isg/workspace/denso_ros2_ws/src/install/ros2_control_demo_example_15/share/ros2_control_demo_example_15/rviz
[1.826s] -- Installing: /home/isg/workspace/denso_ros2_ws/src/install/ros2_control_demo_example_15/share/ros2_control_demo_example_15/rviz/multi_controller_manager.rviz
[1.826s] -- Installing: /home/isg/workspace/denso_ros2_ws/src/install/ros2_control_demo_example_15/share/ros2_control_demo_example_15/rviz/rrbot_namespace.rviz
[1.827s] -- Installing: /home/isg/workspace/denso_ros2_ws/src/install/ros2_control_demo_example_15/share/ros2_control_demo_example_15/launch
[1.827s] -- Installing: /home/isg/workspace/denso_ros2_ws/src/install/ros2_control_demo_example_15/share/ros2_control_demo_example_15/launch/rrbot_namespace.launch.py
[1.827s] -- Installing: /home/isg/workspace/denso_ros2_ws/src/install/ros2_control_demo_example_15/share/ros2_control_demo_example_15/launch/test_multi_controller_manager_joint_trajectory_controller.launch.py
[1.827s] -- Installing: /home/isg/workspace/denso_ros2_ws/src/install/ros2_control_demo_example_15/share/ros2_control_demo_example_15/launch/multi_controller_manager_example_two_rrbots.launch.py
[1.827s] -- Installing: /home/isg/workspace/denso_ros2_ws/src/install/ros2_control_demo_example_15/share/ros2_control_demo_example_15/launch/rrbot_base.launch.py
[1.827s] -- Installing: /home/isg/workspace/denso_ros2_ws/src/install/ros2_control_demo_example_15/share/ros2_control_demo_example_15/launch/test_multi_controller_manager_forward_position_controller.launch.py
[1.827s] -- Installing: /home/isg/workspace/denso_ros2_ws/src/install/ros2_control_demo_example_15/share/ros2_control_demo_example_15/launch/test_joint_trajectory_controller.launch.py
[1.827s] -- Installing: /home/isg/workspace/denso_ros2_ws/src/install/ros2_control_demo_example_15/share/ros2_control_demo_example_15/launch/test_forward_position_controller.launch.py
[1.828s] -- Installing: /home/isg/workspace/denso_ros2_ws/src/install/ros2_control_demo_example_15/share/ros2_control_demo_example_15/config
[1.828s] -- Installing: /home/isg/workspace/denso_ros2_ws/src/install/ros2_control_demo_example_15/share/ros2_control_demo_example_15/config/rrbot_namespace_controllers.yaml
[1.828s] -- Installing: /home/isg/workspace/denso_ros2_ws/src/install/ros2_control_demo_example_15/share/ros2_control_demo_example_15/config/rrbot_namespace_joint_trajectory_publisher.yaml
[1.828s] -- Installing: /home/isg/workspace/denso_ros2_ws/src/install/ros2_control_demo_example_15/share/ros2_control_demo_example_15/config/multi_controller_manager_joint_trajectory_publisher.yaml
[1.828s] -- Installing: /home/isg/workspace/denso_ros2_ws/src/install/ros2_control_demo_example_15/share/ros2_control_demo_example_15/config/multi_controller_manager_rrbot_1_controllers.yaml
[1.828s] -- Installing: /home/isg/workspace/denso_ros2_ws/src/install/ros2_control_demo_example_15/share/ros2_control_demo_example_15/config/multi_controller_manager_forward_position_publisher.yaml
[1.828s] -- Installing: /home/isg/workspace/denso_ros2_ws/src/install/ros2_control_demo_example_15/share/ros2_control_demo_example_15/config/rrbot_namespace_forward_position_publisher.yaml
[1.828s] -- Installing: /home/isg/workspace/denso_ros2_ws/src/install/ros2_control_demo_example_15/share/ros2_control_demo_example_15/config/multi_controller_manager_rrbot_2_controllers.yaml
[1.829s] -- Installing: /home/isg/workspace/denso_ros2_ws/src/install/ros2_control_demo_example_15/share/ament_index/resource_index/package_run_dependencies/ros2_control_demo_example_15
[1.829s] -- Installing: /home/isg/workspace/denso_ros2_ws/src/install/ros2_control_demo_example_15/share/ament_index/resource_index/parent_prefix_path/ros2_control_demo_example_15
[1.829s] -- Installing: /home/isg/workspace/denso_ros2_ws/src/install/ros2_control_demo_example_15/share/ros2_control_demo_example_15/environment/ament_prefix_path.sh
[1.829s] -- Installing: /home/isg/workspace/denso_ros2_ws/src/install/ros2_control_demo_example_15/share/ros2_control_demo_example_15/environment/ament_prefix_path.dsv
[1.829s] -- Installing: /home/isg/workspace/denso_ros2_ws/src/install/ros2_control_demo_example_15/share/ros2_control_demo_example_15/environment/path.sh
[1.829s] -- Installing: /home/isg/workspace/denso_ros2_ws/src/install/ros2_control_demo_example_15/share/ros2_control_demo_example_15/environment/path.dsv
[1.830s] -- Installing: /home/isg/workspace/denso_ros2_ws/src/install/ros2_control_demo_example_15/share/ros2_control_demo_example_15/local_setup.bash
[1.830s] -- Installing: /home/isg/workspace/denso_ros2_ws/src/install/ros2_control_demo_example_15/share/ros2_control_demo_example_15/local_setup.sh
[1.830s] -- Installing: /home/isg/workspace/denso_ros2_ws/src/install/ros2_control_demo_example_15/share/ros2_control_demo_example_15/local_setup.zsh
[1.830s] -- Installing: /home/isg/workspace/denso_ros2_ws/src/install/ros2_control_demo_example_15/share/ros2_control_demo_example_15/local_setup.dsv
[1.830s] -- Installing: /home/isg/workspace/denso_ros2_ws/src/install/ros2_control_demo_example_15/share/ros2_control_demo_example_15/package.dsv
[1.830s] -- Installing: /home/isg/workspace/denso_ros2_ws/src/install/ros2_control_demo_example_15/share/ament_index/resource_index/packages/ros2_control_demo_example_15
[1.831s] -- Installing: /home/isg/workspace/denso_ros2_ws/src/install/ros2_control_demo_example_15/share/ros2_control_demo_example_15/cmake/ros2_control_demo_example_15Config.cmake
[1.831s] -- Installing: /home/isg/workspace/denso_ros2_ws/src/install/ros2_control_demo_example_15/share/ros2_control_demo_example_15/cmake/ros2_control_demo_example_15Config-version.cmake
[1.831s] -- Installing: /home/isg/workspace/denso_ros2_ws/src/install/ros2_control_demo_example_15/share/ros2_control_demo_example_15/package.xml
[1.834s] Invoked command in '/home/isg/workspace/denso_ros2_ws/src/build/ros2_control_demo_example_15' returned '0': AMENT_PREFIX_PATH=/home/isg/workspace/denso_ros2_ws/src/install/ros2_control_demo_example_5:/home/isg/workspace/denso_ros2_ws/src/install/ros2_control_demo_example_1:/home/isg/workspace/denso_ros2_ws/src/install/ros2_control_demo_description:${AMENT_PREFIX_PATH} CMAKE_PREFIX_PATH=/home/isg/workspace/denso_ros2_ws/src/install/ros2_control_demo_example_5:/home/isg/workspace/denso_ros2_ws/src/install/ros2_control_demo_example_1:/home/isg/workspace/denso_ros2_ws/src/install/ros2_control_demo_description:/opt/ros/humble LD_LIBRARY_PATH=/home/isg/workspace/denso_ros2_ws/src/install/ros2_control_demo_example_5/lib:/home/isg/workspace/denso_ros2_ws/src/install/ros2_control_demo_example_1/lib:${LD_LIBRARY_PATH} /usr/bin/cmake --install /home/isg/workspace/denso_ros2_ws/src/build/ros2_control_demo_example_15
