[0.077s] DEBUG:colcon:Command line arguments: ['/usr/bin/colcon', 'build']
[0.077s] DEBUG:colcon:Parsed command line arguments: Namespace(log_base=None, log_level=None, verb_name='build', build_base='build', install_base='install', merge_install=False, symlink_install=False, test_result_base=None, continue_on_error=False, executor='parallel', parallel_workers=16, event_handlers=None, ignore_user_meta=False, metas=['./colcon.meta'], base_paths=['.'], packages_ignore=None, packages_ignore_regex=None, paths=None, packages_up_to=None, packages_up_to_regex=None, packages_above=None, packages_above_and_dependencies=None, packages_above_depth=None, packages_select_by_dep=None, packages_skip_by_dep=None, packages_skip_up_to=None, packages_select_build_failed=False, packages_skip_build_finished=False, packages_select_test_failures=False, packages_skip_test_passed=False, packages_select=None, packages_skip=None, packages_select_regex=None, packages_skip_regex=None, packages_start=None, packages_end=None, allow_overriding=[], cmake_args=None, cmake_target=None, cmake_target_skip_unavailable=False, cmake_clean_cache=False, cmake_clean_first=False, cmake_force_configure=False, ament_cmake_args=None, catkin_cmake_args=None, catkin_skip_building_tests=False, verb_parser=<colcon_defaults.argument_parser.defaults.DefaultArgumentsDecorator object at 0x79b0a1fe4af0>, verb_extension=<colcon_core.verb.build.BuildVerb object at 0x79b0a20ddf00>, main=<bound method BuildVerb.main of <colcon_core.verb.build.BuildVerb object at 0x79b0a20ddf00>>)
[0.209s] Level 1:colcon.colcon_core.package_discovery:discover_packages(colcon_meta) check parameters
[0.209s] Level 1:colcon.colcon_core.package_discovery:discover_packages(recursive) check parameters
[0.209s] Level 1:colcon.colcon_core.package_discovery:discover_packages(ignore) check parameters
[0.209s] Level 1:colcon.colcon_core.package_discovery:discover_packages(path) check parameters
[0.209s] Level 1:colcon.colcon_core.package_discovery:discover_packages(colcon_meta) discover
[0.209s] Level 1:colcon.colcon_core.package_discovery:discover_packages(recursive) discover
[0.209s] INFO:colcon.colcon_core.package_discovery:Crawling recursively for packages in '/home/isg/camera_publisher'
[0.209s] Level 1:colcon.colcon_core.package_identification:_identify(.) by extensions ['ignore', 'ignore_ament_install']
[0.210s] Level 1:colcon.colcon_core.package_identification:_identify(.) by extension 'ignore'
[0.210s] Level 1:colcon.colcon_core.package_identification:_identify(.) by extension 'ignore_ament_install'
[0.210s] Level 1:colcon.colcon_core.package_identification:_identify(.) by extensions ['colcon_pkg']
[0.210s] Level 1:colcon.colcon_core.package_identification:_identify(.) by extension 'colcon_pkg'
[0.210s] Level 1:colcon.colcon_core.package_identification:_identify(.) by extensions ['colcon_meta']
[0.210s] Level 1:colcon.colcon_core.package_identification:_identify(.) by extension 'colcon_meta'
[0.210s] Level 1:colcon.colcon_core.package_identification:_identify(.) by extensions ['ros']
[0.210s] Level 1:colcon.colcon_core.package_identification:_identify(.) by extension 'ros'
[0.219s] DEBUG:colcon.colcon_core.package_identification:Package '.' with type 'ros.ament_python' and name 'camera_publisher'
[0.219s] Level 1:colcon.colcon_core.package_discovery:discover_packages(recursive) using defaults
[0.219s] Level 1:colcon.colcon_core.package_discovery:discover_packages(ignore) discover
[0.219s] Level 1:colcon.colcon_core.package_discovery:discover_packages(ignore) using defaults
[0.219s] Level 1:colcon.colcon_core.package_discovery:discover_packages(path) discover
[0.219s] Level 1:colcon.colcon_core.package_discovery:discover_packages(path) using defaults
[0.240s] Level 1:colcon.colcon_core.package_discovery:discover_packages(prefix_path) check parameters
[0.240s] Level 1:colcon.colcon_core.package_discovery:discover_packages(prefix_path) discover
[0.241s] WARNING:colcon.colcon_ros.prefix_path.ament:The path '/home/isg/camera_publisher/install/camera_publisher' in the environment variable AMENT_PREFIX_PATH doesn't exist
[0.241s] DEBUG:colcon.colcon_installed_package_information.package_discovery:Found 0 installed packages in /home/isg/camera_publisher/install
[0.243s] DEBUG:colcon.colcon_installed_package_information.package_discovery:Found 374 installed packages in /opt/ros/humble
[0.244s] Level 1:colcon.colcon_core.package_discovery:discover_packages(prefix_path) using defaults
[0.282s] Level 5:colcon.colcon_core.verb:set package 'camera_publisher' build argument 'cmake_args' from command line to 'None'
[0.282s] Level 5:colcon.colcon_core.verb:set package 'camera_publisher' build argument 'cmake_target' from command line to 'None'
[0.282s] Level 5:colcon.colcon_core.verb:set package 'camera_publisher' build argument 'cmake_target_skip_unavailable' from command line to 'False'
[0.282s] Level 5:colcon.colcon_core.verb:set package 'camera_publisher' build argument 'cmake_clean_cache' from command line to 'False'
[0.282s] Level 5:colcon.colcon_core.verb:set package 'camera_publisher' build argument 'cmake_clean_first' from command line to 'False'
[0.282s] Level 5:colcon.colcon_core.verb:set package 'camera_publisher' build argument 'cmake_force_configure' from command line to 'False'
[0.282s] Level 5:colcon.colcon_core.verb:set package 'camera_publisher' build argument 'ament_cmake_args' from command line to 'None'
[0.282s] Level 5:colcon.colcon_core.verb:set package 'camera_publisher' build argument 'catkin_cmake_args' from command line to 'None'
[0.282s] Level 5:colcon.colcon_core.verb:set package 'camera_publisher' build argument 'catkin_skip_building_tests' from command line to 'False'
[0.282s] DEBUG:colcon.colcon_core.verb:Building package 'camera_publisher' with the following arguments: {'ament_cmake_args': None, 'build_base': '/home/isg/camera_publisher/build/camera_publisher', 'catkin_cmake_args': None, 'catkin_skip_building_tests': False, 'cmake_args': None, 'cmake_clean_cache': False, 'cmake_clean_first': False, 'cmake_force_configure': False, 'cmake_target': None, 'cmake_target_skip_unavailable': False, 'install_base': '/home/isg/camera_publisher/install/camera_publisher', 'merge_install': False, 'path': '/home/isg/camera_publisher', 'symlink_install': False, 'test_result_base': None}
[0.282s] INFO:colcon.colcon_core.executor:Executing jobs using 'parallel' executor
[0.283s] DEBUG:colcon.colcon_parallel_executor.executor.parallel:run_until_complete
[0.283s] INFO:colcon.colcon_ros.task.ament_python.build:Building ROS package in '/home/isg/camera_publisher' with build type 'ament_python'
[0.283s] Level 1:colcon.colcon_core.shell:create_environment_hook('camera_publisher', 'ament_prefix_path')
[0.285s] INFO:colcon.colcon_core.plugin_system:Skipping extension 'colcon_core.shell.bat': Not used on non-Windows systems
[0.285s] INFO:colcon.colcon_core.shell:Creating environment hook '/home/isg/camera_publisher/install/camera_publisher/share/camera_publisher/hook/ament_prefix_path.ps1'
[0.285s] INFO:colcon.colcon_core.shell:Creating environment descriptor '/home/isg/camera_publisher/install/camera_publisher/share/camera_publisher/hook/ament_prefix_path.dsv'
[0.286s] INFO:colcon.colcon_core.shell:Creating environment hook '/home/isg/camera_publisher/install/camera_publisher/share/camera_publisher/hook/ament_prefix_path.sh'
[0.286s] INFO:colcon.colcon_core.shell:Skip shell extension 'powershell' for command environment: Not usable outside of PowerShell
[0.286s] DEBUG:colcon.colcon_core.shell:Skip shell extension 'dsv' for command environment
[0.495s] WARNING:colcon.colcon_ros.task.ament_python.build:Package 'camera_publisher' doesn't explicitly install a marker in the package index (colcon-ros currently does it implicitly but that fallback will be removed in the future)
[0.495s] WARNING:colcon.colcon_ros.task.ament_python.build:Package 'camera_publisher' doesn't explicitly install the 'package.xml' file (colcon-ros currently does it implicitly but that fallback will be removed in the future)
[0.496s] INFO:colcon.colcon_core.task.python.build:Building Python package in '/home/isg/camera_publisher'
[0.496s] INFO:colcon.colcon_core.shell:Skip shell extension 'powershell' for command environment: Not usable outside of PowerShell
[0.496s] DEBUG:colcon.colcon_core.shell:Skip shell extension 'dsv' for command environment
[0.781s] DEBUG:colcon.colcon_core.event_handler.log_command:Invoking command in '/home/isg/camera_publisher': PYTHONPATH=/home/isg/camera_publisher/build/camera_publisher/prefix_override:/usr/lib/python3/dist-packages/colcon_core/task/python/colcon_distutils_commands:/home/isg/camera_publisher/install/camera_publisher/lib/python3.10/site-packages:${PYTHONPATH} /usr/bin/python3 -W ignore:setup.py install is deprecated -W ignore:easy_install command is deprecated setup.py egg_info --egg-base build/camera_publisher build --build-base /home/isg/camera_publisher/build/camera_publisher/build install --record /home/isg/camera_publisher/build/camera_publisher/install.log --single-version-externally-managed
[1.016s] DEBUG:colcon.colcon_core.event_handler.log_command:Invoked command in '/home/isg/camera_publisher' returned '0': PYTHONPATH=/home/isg/camera_publisher/build/camera_publisher/prefix_override:/usr/lib/python3/dist-packages/colcon_core/task/python/colcon_distutils_commands:/home/isg/camera_publisher/install/camera_publisher/lib/python3.10/site-packages:${PYTHONPATH} /usr/bin/python3 -W ignore:setup.py install is deprecated -W ignore:easy_install command is deprecated setup.py egg_info --egg-base build/camera_publisher build --build-base /home/isg/camera_publisher/build/camera_publisher/build install --record /home/isg/camera_publisher/build/camera_publisher/install.log --single-version-externally-managed
[1.018s] Level 1:colcon.colcon_core.environment:checking '/home/isg/camera_publisher/install/camera_publisher' for CMake module files
[1.019s] Level 1:colcon.colcon_core.environment:checking '/home/isg/camera_publisher/install/camera_publisher' for CMake config files
[1.020s] Level 1:colcon.colcon_core.environment:checking '/home/isg/camera_publisher/install/camera_publisher/lib'
[1.020s] Level 1:colcon.colcon_core.environment:checking '/home/isg/camera_publisher/install/camera_publisher/bin'
[1.020s] Level 1:colcon.colcon_core.environment:checking '/home/isg/camera_publisher/install/camera_publisher/lib/pkgconfig/camera_publisher.pc'
[1.020s] Level 1:colcon.colcon_core.environment:checking '/home/isg/camera_publisher/install/camera_publisher/lib/python3.10/site-packages'
[1.020s] Level 1:colcon.colcon_core.shell:create_environment_hook('camera_publisher', 'pythonpath')
[1.020s] INFO:colcon.colcon_core.shell:Creating environment hook '/home/isg/camera_publisher/install/camera_publisher/share/camera_publisher/hook/pythonpath.ps1'
[1.021s] INFO:colcon.colcon_core.shell:Creating environment descriptor '/home/isg/camera_publisher/install/camera_publisher/share/camera_publisher/hook/pythonpath.dsv'
[1.021s] INFO:colcon.colcon_core.shell:Creating environment hook '/home/isg/camera_publisher/install/camera_publisher/share/camera_publisher/hook/pythonpath.sh'
[1.022s] Level 1:colcon.colcon_core.environment:checking '/home/isg/camera_publisher/install/camera_publisher/bin'
[1.022s] Level 1:colcon.colcon_core.environment:create_environment_scripts_only(camera_publisher)
[1.022s] INFO:colcon.colcon_core.shell:Creating package script '/home/isg/camera_publisher/install/camera_publisher/share/camera_publisher/package.ps1'
[1.023s] INFO:colcon.colcon_core.shell:Creating package descriptor '/home/isg/camera_publisher/install/camera_publisher/share/camera_publisher/package.dsv'
[1.023s] INFO:colcon.colcon_core.shell:Creating package script '/home/isg/camera_publisher/install/camera_publisher/share/camera_publisher/package.sh'
[1.024s] INFO:colcon.colcon_core.shell:Creating package script '/home/isg/camera_publisher/install/camera_publisher/share/camera_publisher/package.bash'
[1.025s] INFO:colcon.colcon_core.shell:Creating package script '/home/isg/camera_publisher/install/camera_publisher/share/camera_publisher/package.zsh'
[1.026s] Level 1:colcon.colcon_core.environment:create_file_with_runtime_dependencies(/home/isg/camera_publisher/install/camera_publisher/share/colcon-core/packages/camera_publisher)
[1.026s] DEBUG:colcon.colcon_parallel_executor.executor.parallel:closing loop
[1.026s] DEBUG:colcon.colcon_parallel_executor.executor.parallel:loop closed
[1.026s] DEBUG:colcon.colcon_parallel_executor.executor.parallel:run_until_complete finished with '0'
[1.026s] DEBUG:colcon.colcon_core.event_reactor:joining thread
[1.031s] INFO:colcon.colcon_core.plugin_system:Skipping extension 'colcon_notification.desktop_notification.terminal_notifier': Not used on non-Darwin systems
[1.031s] INFO:colcon.colcon_core.plugin_system:Skipping extension 'colcon_notification.desktop_notification.win32': Not used on non-Windows systems
[1.032s] INFO:colcon.colcon_notification.desktop_notification:Sending desktop notification using 'notify2'
[1.044s] DEBUG:colcon.colcon_core.event_reactor:joined thread
[1.044s] INFO:colcon.colcon_core.shell:Creating prefix script '/home/isg/camera_publisher/install/local_setup.ps1'
[1.045s] INFO:colcon.colcon_core.shell:Creating prefix util module '/home/isg/camera_publisher/install/_local_setup_util_ps1.py'
[1.047s] INFO:colcon.colcon_core.shell:Creating prefix chain script '/home/isg/camera_publisher/install/setup.ps1'
[1.048s] INFO:colcon.colcon_core.shell:Creating prefix script '/home/isg/camera_publisher/install/local_setup.sh'
[1.049s] INFO:colcon.colcon_core.shell:Creating prefix util module '/home/isg/camera_publisher/install/_local_setup_util_sh.py'
[1.050s] INFO:colcon.colcon_core.shell:Creating prefix chain script '/home/isg/camera_publisher/install/setup.sh'
[1.051s] INFO:colcon.colcon_core.shell:Creating prefix script '/home/isg/camera_publisher/install/local_setup.bash'
[1.052s] INFO:colcon.colcon_core.shell:Creating prefix chain script '/home/isg/camera_publisher/install/setup.bash'
[1.053s] INFO:colcon.colcon_core.shell:Creating prefix script '/home/isg/camera_publisher/install/local_setup.zsh'
[1.053s] INFO:colcon.colcon_core.shell:Creating prefix chain script '/home/isg/camera_publisher/install/setup.zsh'
