[0.112s] Invoking command in '/home/isg/workspace/denso_ros2_ws/src/build/ros2_control_demo_example_7': AMENT_PREFIX_PATH=/home/isg/workspace/denso_ros2_ws/src/install/ros2_control_demo_description:${AMENT_PREFIX_PATH} CMAKE_PREFIX_PATH=/home/isg/workspace/denso_ros2_ws/src/install/ros2_control_demo_description:/opt/ros/humble /usr/bin/cmake /home/isg/workspace/denso_ros2_ws/src/ros2_control_demos/example_7 -DCMAKE_BUILD_TYPE=Release -DCMAKE_INSTALL_PREFIX=/home/isg/workspace/denso_ros2_ws/src/install/ros2_control_demo_example_7
[2.932s] -- The CXX compiler identification is GNU 11.4.0
[2.932s] -- Detecting CXX compiler ABI info
[2.932s] -- Detecting CXX compiler ABI info - done
[2.932s] -- Check for working CXX compiler: /usr/bin/c++ - skipped
[2.932s] -- Detecting CXX compile features
[2.932s] -- Detecting CXX compile features - done
[2.933s] -- Found ament_cmake: 1.3.12 (/opt/ros/humble/share/ament_cmake/cmake)
[2.933s] -- Found Python3: /usr/bin/python3 (found version "3.10.12") found components: Interpreter 
[2.933s] -- Found pluginlib: 5.1.0 (/opt/ros/humble/share/pluginlib/cmake)
[2.933s] -- Found hardware_interface: 2.51.0 (/opt/ros/humble/share/hardware_interface/cmake)
[2.933s] -- Found rosidl_generator_c: 3.1.7 (/opt/ros/humble/share/rosidl_generator_c/cmake)
[2.933s] -- Found rosidl_adapter: 3.1.7 (/opt/ros/humble/share/rosidl_adapter/cmake)
[2.933s] -- Found rosidl_generator_cpp: 3.1.7 (/opt/ros/humble/share/rosidl_generator_cpp/cmake)
[2.933s] -- Using all available rosidl_typesupport_c: rosidl_typesupport_fastrtps_c;rosidl_typesupport_introspection_c
[2.933s] -- Using all available rosidl_typesupport_cpp: rosidl_typesupport_fastrtps_cpp;rosidl_typesupport_introspection_cpp
[2.933s] -- Found rmw_implementation_cmake: 6.1.2 (/opt/ros/humble/share/rmw_implementation_cmake/cmake)
[2.933s] -- Found rmw_fastrtps_cpp: 6.2.8 (/opt/ros/humble/share/rmw_fastrtps_cpp/cmake)
[2.933s] -- Found TinyXML2 via Config file: TinyXML2_DIR-NOTFOUND
[2.933s] -- Found OpenSSL: /usr/lib/x86_64-linux-gnu/libcrypto.so (found version "3.0.2")  
[2.933s] -- Found TinyXML2 via Config file: TinyXML2_DIR-NOTFOUND
[2.933s] -- Found FastRTPS: /opt/ros/humble/include  
[2.933s] -- Found TinyXML2 via Config file: TinyXML2_DIR-NOTFOUND
[2.933s] -- Found TinyXML2 via Config file: TinyXML2_DIR-NOTFOUND
[2.933s] -- Using RMW implementation 'rmw_fastrtps_cpp' as default
[2.934s] -- Looking for C++ include pthread.h
[2.934s] -- Looking for C++ include pthread.h - found
[2.934s] -- Performing Test CMAKE_HAVE_LIBC_PTHREAD
[2.934s] -- Performing Test CMAKE_HAVE_LIBC_PTHREAD - Success
[2.934s] -- Found Threads: TRUE  
[2.934s] -- Found kdl_parser: 2.6.4 (/opt/ros/humble/share/kdl_parser/cmake)
[2.934s] -- Found eigen3_cmake_module: 0.1.1 (/opt/ros/humble/share/eigen3_cmake_module/cmake)
[2.934s] -- Found Eigen3: TRUE (found version "3.4.0") 
[2.934s] -- Ensuring Eigen3 include directory is part of orocos-kdl CMake target
[2.934s] -- Found controller_interface: 2.51.0 (/opt/ros/humble/share/controller_interface/cmake)
[2.934s] -- Found realtime_tools: 2.14.0 (/opt/ros/humble/share/realtime_tools/cmake)
[2.934s] -- Found ament_cmake_pytest: 1.3.12 (/opt/ros/humble/share/ament_cmake_pytest/cmake)
[3.084s] -- Configuring done
[3.130s] -- Generating done
[3.160s] -- Build files have been written to: /home/isg/workspace/denso_ros2_ws/src/build/ros2_control_demo_example_7
[3.188s] Invoked command in '/home/isg/workspace/denso_ros2_ws/src/build/ros2_control_demo_example_7' returned '0': AMENT_PREFIX_PATH=/home/isg/workspace/denso_ros2_ws/src/install/ros2_control_demo_description:${AMENT_PREFIX_PATH} CMAKE_PREFIX_PATH=/home/isg/workspace/denso_ros2_ws/src/install/ros2_control_demo_description:/opt/ros/humble /usr/bin/cmake /home/isg/workspace/denso_ros2_ws/src/ros2_control_demos/example_7 -DCMAKE_BUILD_TYPE=Release -DCMAKE_INSTALL_PREFIX=/home/isg/workspace/denso_ros2_ws/src/install/ros2_control_demo_example_7
[3.189s] Invoking command in '/home/isg/workspace/denso_ros2_ws/src/build/ros2_control_demo_example_7': AMENT_PREFIX_PATH=/home/isg/workspace/denso_ros2_ws/src/install/ros2_control_demo_description:${AMENT_PREFIX_PATH} CMAKE_PREFIX_PATH=/home/isg/workspace/denso_ros2_ws/src/install/ros2_control_demo_description:/opt/ros/humble /usr/bin/cmake --build /home/isg/workspace/denso_ros2_ws/src/build/ros2_control_demo_example_7 -- -j16 -l16
[3.545s] [ 20%] [32mBuilding CXX object CMakeFiles/send_trajectory.dir/reference_generator/send_trajectory.cpp.o[0m
[3.546s] [ 40%] [32mBuilding CXX object CMakeFiles/ros2_control_demo_example_7.dir/hardware/r6bot_hardware.cpp.o[0m
[3.546s] [ 60%] [32mBuilding CXX object CMakeFiles/ros2_control_demo_example_7.dir/controller/r6bot_controller.cpp.o[0m
[14.517s] [ 80%] [32m[1mLinking CXX executable send_trajectory[0m
[14.680s] [ 80%] Built target send_trajectory
[18.154s] [100%] [32m[1mLinking CXX shared library libros2_control_demo_example_7.so[0m
[18.330s] [100%] Built target ros2_control_demo_example_7
[18.346s] Invoked command in '/home/isg/workspace/denso_ros2_ws/src/build/ros2_control_demo_example_7' returned '0': AMENT_PREFIX_PATH=/home/isg/workspace/denso_ros2_ws/src/install/ros2_control_demo_description:${AMENT_PREFIX_PATH} CMAKE_PREFIX_PATH=/home/isg/workspace/denso_ros2_ws/src/install/ros2_control_demo_description:/opt/ros/humble /usr/bin/cmake --build /home/isg/workspace/denso_ros2_ws/src/build/ros2_control_demo_example_7 -- -j16 -l16
[18.348s] Invoking command in '/home/isg/workspace/denso_ros2_ws/src/build/ros2_control_demo_example_7': AMENT_PREFIX_PATH=/home/isg/workspace/denso_ros2_ws/src/install/ros2_control_demo_description:${AMENT_PREFIX_PATH} CMAKE_PREFIX_PATH=/home/isg/workspace/denso_ros2_ws/src/install/ros2_control_demo_description:/opt/ros/humble /usr/bin/cmake --install /home/isg/workspace/denso_ros2_ws/src/build/ros2_control_demo_example_7
[18.355s] -- Install configuration: "Release"
[18.355s] -- Installing: /home/isg/workspace/denso_ros2_ws/src/install/ros2_control_demo_example_7/share/ros2_control_demo_example_7/ros2_control_demo_example_7.xml
[18.355s] -- Up-to-date: /home/isg/workspace/denso_ros2_ws/src/install/ros2_control_demo_example_7/share/ros2_control_demo_example_7/ros2_control_demo_example_7.xml
[18.355s] -- Installing: /home/isg/workspace/denso_ros2_ws/src/install/ros2_control_demo_example_7/include/ros2_control_demo_example_7
[18.356s] -- Installing: /home/isg/workspace/denso_ros2_ws/src/install/ros2_control_demo_example_7/include/ros2_control_demo_example_7/ros2_control_demo_example_7
[18.356s] -- Installing: /home/isg/workspace/denso_ros2_ws/src/install/ros2_control_demo_example_7/include/ros2_control_demo_example_7/ros2_control_demo_example_7/r6bot_hardware.hpp
[18.356s] -- Installing: /home/isg/workspace/denso_ros2_ws/src/install/ros2_control_demo_example_7/share/ros2_control_demo_example_7/launch
[18.356s] -- Installing: /home/isg/workspace/denso_ros2_ws/src/install/ros2_control_demo_example_7/share/ros2_control_demo_example_7/launch/view_r6bot.launch.py
[18.356s] -- Installing: /home/isg/workspace/denso_ros2_ws/src/install/ros2_control_demo_example_7/share/ros2_control_demo_example_7/ros2_control
[18.356s] -- Installing: /home/isg/workspace/denso_ros2_ws/src/install/ros2_control_demo_example_7/share/ros2_control_demo_example_7/ros2_control/r6bot.ros2_control.xacro
[18.356s] -- Installing: /home/isg/workspace/denso_ros2_ws/src/install/ros2_control_demo_example_7/share/ros2_control_demo_example_7/urdf
[18.356s] -- Installing: /home/isg/workspace/denso_ros2_ws/src/install/ros2_control_demo_example_7/share/ros2_control_demo_example_7/urdf/r6bot.urdf.xacro
[18.357s] -- Up-to-date: /home/isg/workspace/denso_ros2_ws/src/install/ros2_control_demo_example_7/share/ros2_control_demo_example_7/launch
[18.357s] -- Installing: /home/isg/workspace/denso_ros2_ws/src/install/ros2_control_demo_example_7/share/ros2_control_demo_example_7/launch/send_trajectory.launch.py
[18.357s] -- Installing: /home/isg/workspace/denso_ros2_ws/src/install/ros2_control_demo_example_7/share/ros2_control_demo_example_7/launch/r6bot_controller.launch.py
[18.357s] -- Installing: /home/isg/workspace/denso_ros2_ws/src/install/ros2_control_demo_example_7/share/ros2_control_demo_example_7/config
[18.357s] -- Installing: /home/isg/workspace/denso_ros2_ws/src/install/ros2_control_demo_example_7/share/ros2_control_demo_example_7/config/r6bot_controller.yaml
[18.357s] -- Installing: /home/isg/workspace/denso_ros2_ws/src/install/ros2_control_demo_example_7/lib/ros2_control_demo_example_7/send_trajectory
[18.357s] -- Set runtime path of "/home/isg/workspace/denso_ros2_ws/src/install/ros2_control_demo_example_7/lib/ros2_control_demo_example_7/send_trajectory" to ""
[18.358s] -- Installing: /home/isg/workspace/denso_ros2_ws/src/install/ros2_control_demo_example_7/lib/libros2_control_demo_example_7.so
[18.359s] -- Set runtime path of "/home/isg/workspace/denso_ros2_ws/src/install/ros2_control_demo_example_7/lib/libros2_control_demo_example_7.so" to ""
[18.359s] -- Installing: /home/isg/workspace/denso_ros2_ws/src/install/ros2_control_demo_example_7/share/ros2_control_demo_example_7/environment/library_path.sh
[18.359s] -- Installing: /home/isg/workspace/denso_ros2_ws/src/install/ros2_control_demo_example_7/share/ros2_control_demo_example_7/environment/library_path.dsv
[18.359s] -- Installing: /home/isg/workspace/denso_ros2_ws/src/install/ros2_control_demo_example_7/share/ament_index/resource_index/package_run_dependencies/ros2_control_demo_example_7
[18.360s] -- Installing: /home/isg/workspace/denso_ros2_ws/src/install/ros2_control_demo_example_7/share/ament_index/resource_index/parent_prefix_path/ros2_control_demo_example_7
[18.360s] -- Installing: /home/isg/workspace/denso_ros2_ws/src/install/ros2_control_demo_example_7/share/ros2_control_demo_example_7/environment/ament_prefix_path.sh
[18.360s] -- Installing: /home/isg/workspace/denso_ros2_ws/src/install/ros2_control_demo_example_7/share/ros2_control_demo_example_7/environment/ament_prefix_path.dsv
[18.360s] -- Installing: /home/isg/workspace/denso_ros2_ws/src/install/ros2_control_demo_example_7/share/ros2_control_demo_example_7/environment/path.sh
[18.360s] -- Installing: /home/isg/workspace/denso_ros2_ws/src/install/ros2_control_demo_example_7/share/ros2_control_demo_example_7/environment/path.dsv
[18.360s] -- Installing: /home/isg/workspace/denso_ros2_ws/src/install/ros2_control_demo_example_7/share/ros2_control_demo_example_7/local_setup.bash
[18.360s] -- Installing: /home/isg/workspace/denso_ros2_ws/src/install/ros2_control_demo_example_7/share/ros2_control_demo_example_7/local_setup.sh
[18.361s] -- Installing: /home/isg/workspace/denso_ros2_ws/src/install/ros2_control_demo_example_7/share/ros2_control_demo_example_7/local_setup.zsh
[18.361s] -- Installing: /home/isg/workspace/denso_ros2_ws/src/install/ros2_control_demo_example_7/share/ros2_control_demo_example_7/local_setup.dsv
[18.361s] -- Installing: /home/isg/workspace/denso_ros2_ws/src/install/ros2_control_demo_example_7/share/ros2_control_demo_example_7/package.dsv
[18.361s] -- Installing: /home/isg/workspace/denso_ros2_ws/src/install/ros2_control_demo_example_7/share/ament_index/resource_index/packages/ros2_control_demo_example_7
[18.361s] -- Installing: /home/isg/workspace/denso_ros2_ws/src/install/ros2_control_demo_example_7/share/ament_index/resource_index/hardware_interface__pluginlib__plugin/ros2_control_demo_example_7
[18.361s] -- Installing: /home/isg/workspace/denso_ros2_ws/src/install/ros2_control_demo_example_7/share/ament_index/resource_index/controller_interface__pluginlib__plugin/ros2_control_demo_example_7
[18.362s] -- Installing: /home/isg/workspace/denso_ros2_ws/src/install/ros2_control_demo_example_7/share/ros2_control_demo_example_7/cmake/export_ros2_control_demo_example_7Export.cmake
[18.362s] -- Installing: /home/isg/workspace/denso_ros2_ws/src/install/ros2_control_demo_example_7/share/ros2_control_demo_example_7/cmake/export_ros2_control_demo_example_7Export-release.cmake
[18.362s] -- Installing: /home/isg/workspace/denso_ros2_ws/src/install/ros2_control_demo_example_7/share/ros2_control_demo_example_7/cmake/ament_cmake_export_targets-extras.cmake
[18.362s] -- Installing: /home/isg/workspace/denso_ros2_ws/src/install/ros2_control_demo_example_7/share/ros2_control_demo_example_7/cmake/ament_cmake_export_dependencies-extras.cmake
[18.362s] -- Installing: /home/isg/workspace/denso_ros2_ws/src/install/ros2_control_demo_example_7/share/ros2_control_demo_example_7/cmake/ros2_control_demo_example_7Config.cmake
[18.362s] -- Installing: /home/isg/workspace/denso_ros2_ws/src/install/ros2_control_demo_example_7/share/ros2_control_demo_example_7/cmake/ros2_control_demo_example_7Config-version.cmake
[18.363s] -- Installing: /home/isg/workspace/denso_ros2_ws/src/install/ros2_control_demo_example_7/share/ros2_control_demo_example_7/package.xml
[18.365s] Invoked command in '/home/isg/workspace/denso_ros2_ws/src/build/ros2_control_demo_example_7' returned '0': AMENT_PREFIX_PATH=/home/isg/workspace/denso_ros2_ws/src/install/ros2_control_demo_description:${AMENT_PREFIX_PATH} CMAKE_PREFIX_PATH=/home/isg/workspace/denso_ros2_ws/src/install/ros2_control_demo_description:/opt/ros/humble /usr/bin/cmake --install /home/isg/workspace/denso_ros2_ws/src/build/ros2_control_demo_example_7
