[0.027s] Invoking command in '/home/isg/workspace/denso_ros2_ws/build/denso_robot_core_interfaces': AMENT_PREFIX_PATH=/home/isg/workspace/denso_ros2_ws/install/bcap_service:/home/isg/workspace/denso_ros2_ws/install/bcap_service_interfaces:/home/isg/workspace/denso_ros2_ws/install/bcap_core:${AMENT_PREFIX_PATH} CMAKE_PREFIX_PATH=/home/isg/workspace/denso_ros2_ws/install/bcap_service:/home/isg/workspace/denso_ros2_ws/install/bcap_service_interfaces:/home/isg/workspace/denso_ros2_ws/install/bcap_core:/home/isg/workspace/denso_ros2_ws/src/install/ros2_control_demos:/home/isg/workspace/denso_ros2_ws/src/install/ros2_control_demo_example_9:/home/isg/workspace/denso_ros2_ws/src/install/ros2_control_demo_example_8:/home/isg/workspace/denso_ros2_ws/src/install/ros2_control_demo_example_7:/home/isg/workspace/denso_ros2_ws/src/install/ros2_control_demo_example_6:/home/isg/workspace/denso_ros2_ws/src/install/ros2_control_demo_example_15:/home/isg/workspace/denso_ros2_ws/src/install/ros2_control_demo_example_13:/home/isg/workspace/denso_ros2_ws/src/install/ros2_control_demo_example_5:/home/isg/workspace/denso_ros2_ws/src/install/ros2_control_demo_example_4:/home/isg/workspace/denso_ros2_ws/src/install/ros2_control_demo_example_3:/home/isg/workspace/denso_ros2_ws/src/install/ros2_control_demo_example_2:/home/isg/workspace/denso_ros2_ws/src/install/ros2_control_demo_example_14:/home/isg/workspace/denso_ros2_ws/src/install/ros2_control_demo_example_12:/home/isg/workspace/denso_ros2_ws/src/install/ros2_control_demo_example_11:/home/isg/workspace/denso_ros2_ws/src/install/ros2_control_demo_example_10:/home/isg/workspace/denso_ros2_ws/src/install/ros2_control_demo_example_1:/home/isg/workspace/denso_ros2_ws/src/install/ros2_control_demo_description:/home/isg/workspace/denso_ros2_ws/src/install/gazebo_ros2_control_demos:/home/isg/workspace/denso_ros2_ws/src/install/denso_robot_bringup:/home/isg/workspace/denso_ros2_ws/src/install/gazebo_ros2_control:/home/isg/workspace/denso_ros2_ws/src/install/denso_robot_moveit_demo:/home/isg/workspace/denso_ros2_ws/src/install/denso_robot_moveit_config:/home/isg/workspace/denso_ros2_ws/src/install/denso_robot_descriptions:/home/isg/workspace/denso_ros2_ws/src/install/denso_robot_control:/home/isg/workspace/denso_ros2_ws/src/install/denso_robot_core:/home/isg/workspace/denso_ros2_ws/src/install/denso_robot_core_interfaces:/home/isg/workspace/denso_ros2_ws/src/install/bcap_service:/home/isg/workspace/denso_ros2_ws/src/install/bcap_service_interfaces:/home/isg/workspace/denso_ros2_ws/src/install/bcap_core:/home/isg/workspace/denso_ros2_ws/src/install/denso_robot_description_installer:/opt/ros/humble LD_LIBRARY_PATH=/home/isg/workspace/denso_ros2_ws/install/bcap_service/lib:/home/isg/workspace/denso_ros2_ws/install/bcap_service_interfaces/lib:/home/isg/workspace/denso_ros2_ws/install/bcap_core/lib:${LD_LIBRARY_PATH} PYTHONPATH=/home/isg/workspace/denso_ros2_ws/install/bcap_service_interfaces/local/lib/python3.10/dist-packages:${PYTHONPATH} /usr/bin/cmake /home/isg/workspace/denso_ros2_ws/src/denso_robot_drivers_ros2/denso_robot_core_interfaces -DAMENT_CMAKE_SYMLINK_INSTALL=1 -DCMAKE_INSTALL_PREFIX=/home/isg/workspace/denso_ros2_ws/install/denso_robot_core_interfaces
[0.108s] -- The C compiler identification is GNU 11.4.0
[0.181s] -- The CXX compiler identification is GNU 11.4.0
[0.194s] -- Detecting C compiler ABI info
[0.286s] -- Detecting C compiler ABI info - done
[0.292s] -- Check for working C compiler: /usr/bin/cc - skipped
[0.292s] -- Detecting C compile features
[0.292s] -- Detecting C compile features - done
[0.295s] -- Detecting CXX compiler ABI info
[0.387s] -- Detecting CXX compiler ABI info - done
[0.393s] -- Check for working CXX compiler: /usr/bin/c++ - skipped
[0.393s] -- Detecting CXX compile features
[0.394s] -- Detecting CXX compile features - done
[0.400s] -- Found ament_cmake: 1.3.12 (/opt/ros/humble/share/ament_cmake/cmake)
[0.568s] -- Found Python3: /usr/bin/python3 (found version "3.10.12") found components: Interpreter 
[0.622s] -- Override CMake install command with custom implementation using symlinks instead of copying resources
[0.741s] -- Found rosidl_default_generators: 1.2.0 (/opt/ros/humble/share/rosidl_default_generators/cmake)
[0.751s] -- Using all available rosidl_typesupport_c: rosidl_typesupport_fastrtps_c;rosidl_typesupport_introspection_c
[0.770s] -- Found rosidl_adapter: 3.1.7 (/opt/ros/humble/share/rosidl_adapter/cmake)
[0.845s] -- Using all available rosidl_typesupport_cpp: rosidl_typesupport_fastrtps_cpp;rosidl_typesupport_introspection_cpp
[0.903s] -- Found rclcpp: 16.0.14 (/opt/ros/humble/share/rclcpp/cmake)
[0.996s] -- Found rmw_implementation_cmake: 6.1.2 (/opt/ros/humble/share/rmw_implementation_cmake/cmake)
[1.003s] -- Found rmw_fastrtps_cpp: 6.2.8 (/opt/ros/humble/share/rmw_fastrtps_cpp/cmake)
[1.149s] -- Found OpenSSL: /usr/lib/x86_64-linux-gnu/libcrypto.so (found version "3.0.2")  
[1.183s] -- Found FastRTPS: /opt/ros/humble/include  
[1.235s] -- Using RMW implementation 'rmw_fastrtps_cpp' as default
[1.254s] -- Looking for pthread.h
[1.357s] -- Looking for pthread.h - found
[1.357s] -- Performing Test CMAKE_HAVE_LIBC_PTHREAD
[1.441s] -- Performing Test CMAKE_HAVE_LIBC_PTHREAD - Success
[1.442s] -- Found Threads: TRUE  
[1.534s] -- Found rclcpp_action: 16.0.14 (/opt/ros/humble/share/rclcpp_action/cmake)
[1.578s] -- Found rclcpp_components: 16.0.14 (/opt/ros/humble/share/rclcpp_components/cmake)
[1.613s] -- Found bcap_core: 1.2.0 (/home/isg/workspace/denso_ros2_ws/install/bcap_core/share/bcap_core/cmake)
[1.907s] -- Found ament_cmake_ros: 0.10.0 (/opt/ros/humble/share/ament_cmake_ros/cmake)
[2.143s] -- Using all available rosidl_typesupport_c: rosidl_typesupport_fastrtps_c;rosidl_typesupport_introspection_c
[2.433s] -- Using all available rosidl_typesupport_cpp: rosidl_typesupport_fastrtps_cpp;rosidl_typesupport_introspection_cpp
[2.457s] -- Found PythonInterp: /usr/bin/python3 (found suitable version "3.10.12", minimum required is "3.6") 
[2.468s] -- Found python_cmake_module: 0.10.0 (/opt/ros/humble/share/python_cmake_module/cmake)
[2.499s] -- Found PythonLibs: /usr/lib/x86_64-linux-gnu/libpython3.10.so (found suitable version "3.10.12", minimum required is "3.5") 
[2.499s] -- Using PYTHON_EXECUTABLE: /usr/bin/python3
[2.499s] -- Using PYTHON_INCLUDE_DIRS: /usr/include/python3.10
[2.499s] -- Using PYTHON_LIBRARIES: /usr/lib/x86_64-linux-gnu/libpython3.10.so
[2.528s] -- Found PythonExtra: .so  
[2.624s] -- Found ament_lint_auto: 0.12.14 (/opt/ros/humble/share/ament_lint_auto/cmake)
[2.680s] -- Added test 'copyright' to check source files copyright and LICENSE
[2.683s] -- Added test 'lint_cmake' to check CMake code style
[2.685s] -- Added test 'xmllint' to check XML markup files
[2.689s] -- Configuring done
[2.733s] -- Generating done
[2.745s] -- Build files have been written to: /home/isg/workspace/denso_ros2_ws/build/denso_robot_core_interfaces
[2.754s] Invoked command in '/home/isg/workspace/denso_ros2_ws/build/denso_robot_core_interfaces' returned '0': AMENT_PREFIX_PATH=/home/isg/workspace/denso_ros2_ws/install/bcap_service:/home/isg/workspace/denso_ros2_ws/install/bcap_service_interfaces:/home/isg/workspace/denso_ros2_ws/install/bcap_core:${AMENT_PREFIX_PATH} CMAKE_PREFIX_PATH=/home/isg/workspace/denso_ros2_ws/install/bcap_service:/home/isg/workspace/denso_ros2_ws/install/bcap_service_interfaces:/home/isg/workspace/denso_ros2_ws/install/bcap_core:/home/isg/workspace/denso_ros2_ws/src/install/ros2_control_demos:/home/isg/workspace/denso_ros2_ws/src/install/ros2_control_demo_example_9:/home/isg/workspace/denso_ros2_ws/src/install/ros2_control_demo_example_8:/home/isg/workspace/denso_ros2_ws/src/install/ros2_control_demo_example_7:/home/isg/workspace/denso_ros2_ws/src/install/ros2_control_demo_example_6:/home/isg/workspace/denso_ros2_ws/src/install/ros2_control_demo_example_15:/home/isg/workspace/denso_ros2_ws/src/install/ros2_control_demo_example_13:/home/isg/workspace/denso_ros2_ws/src/install/ros2_control_demo_example_5:/home/isg/workspace/denso_ros2_ws/src/install/ros2_control_demo_example_4:/home/isg/workspace/denso_ros2_ws/src/install/ros2_control_demo_example_3:/home/isg/workspace/denso_ros2_ws/src/install/ros2_control_demo_example_2:/home/isg/workspace/denso_ros2_ws/src/install/ros2_control_demo_example_14:/home/isg/workspace/denso_ros2_ws/src/install/ros2_control_demo_example_12:/home/isg/workspace/denso_ros2_ws/src/install/ros2_control_demo_example_11:/home/isg/workspace/denso_ros2_ws/src/install/ros2_control_demo_example_10:/home/isg/workspace/denso_ros2_ws/src/install/ros2_control_demo_example_1:/home/isg/workspace/denso_ros2_ws/src/install/ros2_control_demo_description:/home/isg/workspace/denso_ros2_ws/src/install/gazebo_ros2_control_demos:/home/isg/workspace/denso_ros2_ws/src/install/denso_robot_bringup:/home/isg/workspace/denso_ros2_ws/src/install/gazebo_ros2_control:/home/isg/workspace/denso_ros2_ws/src/install/denso_robot_moveit_demo:/home/isg/workspace/denso_ros2_ws/src/install/denso_robot_moveit_config:/home/isg/workspace/denso_ros2_ws/src/install/denso_robot_descriptions:/home/isg/workspace/denso_ros2_ws/src/install/denso_robot_control:/home/isg/workspace/denso_ros2_ws/src/install/denso_robot_core:/home/isg/workspace/denso_ros2_ws/src/install/denso_robot_core_interfaces:/home/isg/workspace/denso_ros2_ws/src/install/bcap_service:/home/isg/workspace/denso_ros2_ws/src/install/bcap_service_interfaces:/home/isg/workspace/denso_ros2_ws/src/install/bcap_core:/home/isg/workspace/denso_ros2_ws/src/install/denso_robot_description_installer:/opt/ros/humble LD_LIBRARY_PATH=/home/isg/workspace/denso_ros2_ws/install/bcap_service/lib:/home/isg/workspace/denso_ros2_ws/install/bcap_service_interfaces/lib:/home/isg/workspace/denso_ros2_ws/install/bcap_core/lib:${LD_LIBRARY_PATH} PYTHONPATH=/home/isg/workspace/denso_ros2_ws/install/bcap_service_interfaces/local/lib/python3.10/dist-packages:${PYTHONPATH} /usr/bin/cmake /home/isg/workspace/denso_ros2_ws/src/denso_robot_drivers_ros2/denso_robot_core_interfaces -DAMENT_CMAKE_SYMLINK_INSTALL=1 -DCMAKE_INSTALL_PREFIX=/home/isg/workspace/denso_ros2_ws/install/denso_robot_core_interfaces
[2.756s] Invoking command in '/home/isg/workspace/denso_ros2_ws/build/denso_robot_core_interfaces': AMENT_PREFIX_PATH=/home/isg/workspace/denso_ros2_ws/install/bcap_service:/home/isg/workspace/denso_ros2_ws/install/bcap_service_interfaces:/home/isg/workspace/denso_ros2_ws/install/bcap_core:${AMENT_PREFIX_PATH} CMAKE_PREFIX_PATH=/home/isg/workspace/denso_ros2_ws/install/bcap_service:/home/isg/workspace/denso_ros2_ws/install/bcap_service_interfaces:/home/isg/workspace/denso_ros2_ws/install/bcap_core:/home/isg/workspace/denso_ros2_ws/src/install/ros2_control_demos:/home/isg/workspace/denso_ros2_ws/src/install/ros2_control_demo_example_9:/home/isg/workspace/denso_ros2_ws/src/install/ros2_control_demo_example_8:/home/isg/workspace/denso_ros2_ws/src/install/ros2_control_demo_example_7:/home/isg/workspace/denso_ros2_ws/src/install/ros2_control_demo_example_6:/home/isg/workspace/denso_ros2_ws/src/install/ros2_control_demo_example_15:/home/isg/workspace/denso_ros2_ws/src/install/ros2_control_demo_example_13:/home/isg/workspace/denso_ros2_ws/src/install/ros2_control_demo_example_5:/home/isg/workspace/denso_ros2_ws/src/install/ros2_control_demo_example_4:/home/isg/workspace/denso_ros2_ws/src/install/ros2_control_demo_example_3:/home/isg/workspace/denso_ros2_ws/src/install/ros2_control_demo_example_2:/home/isg/workspace/denso_ros2_ws/src/install/ros2_control_demo_example_14:/home/isg/workspace/denso_ros2_ws/src/install/ros2_control_demo_example_12:/home/isg/workspace/denso_ros2_ws/src/install/ros2_control_demo_example_11:/home/isg/workspace/denso_ros2_ws/src/install/ros2_control_demo_example_10:/home/isg/workspace/denso_ros2_ws/src/install/ros2_control_demo_example_1:/home/isg/workspace/denso_ros2_ws/src/install/ros2_control_demo_description:/home/isg/workspace/denso_ros2_ws/src/install/gazebo_ros2_control_demos:/home/isg/workspace/denso_ros2_ws/src/install/denso_robot_bringup:/home/isg/workspace/denso_ros2_ws/src/install/gazebo_ros2_control:/home/isg/workspace/denso_ros2_ws/src/install/denso_robot_moveit_demo:/home/isg/workspace/denso_ros2_ws/src/install/denso_robot_moveit_config:/home/isg/workspace/denso_ros2_ws/src/install/denso_robot_descriptions:/home/isg/workspace/denso_ros2_ws/src/install/denso_robot_control:/home/isg/workspace/denso_ros2_ws/src/install/denso_robot_core:/home/isg/workspace/denso_ros2_ws/src/install/denso_robot_core_interfaces:/home/isg/workspace/denso_ros2_ws/src/install/bcap_service:/home/isg/workspace/denso_ros2_ws/src/install/bcap_service_interfaces:/home/isg/workspace/denso_ros2_ws/src/install/bcap_core:/home/isg/workspace/denso_ros2_ws/src/install/denso_robot_description_installer:/opt/ros/humble LD_LIBRARY_PATH=/home/isg/workspace/denso_ros2_ws/install/bcap_service/lib:/home/isg/workspace/denso_ros2_ws/install/bcap_service_interfaces/lib:/home/isg/workspace/denso_ros2_ws/install/bcap_core/lib:${LD_LIBRARY_PATH} PYTHONPATH=/home/isg/workspace/denso_ros2_ws/install/bcap_service_interfaces/local/lib/python3.10/dist-packages:${PYTHONPATH} /usr/bin/cmake --build /home/isg/workspace/denso_ros2_ws/build/denso_robot_core_interfaces -- -j16 -l16
[2.836s] [  1%] [34m[1mGenerating C code for ROS interfaces[0m
[2.843s] [  2%] [34m[1mGenerating C++ code for ROS interfaces[0m
[2.855s] [  2%] Built target ament_cmake_python_symlink_denso_robot_core_interfaces
[3.053s] running egg_info
[3.053s] creating denso_robot_core_interfaces.egg-info
[3.054s] writing denso_robot_core_interfaces.egg-info/PKG-INFO
[3.054s] writing dependency_links to denso_robot_core_interfaces.egg-info/dependency_links.txt
[3.054s] writing top-level names to denso_robot_core_interfaces.egg-info/top_level.txt
[3.054s] writing manifest file 'denso_robot_core_interfaces.egg-info/SOURCES.txt'
[3.055s] reading manifest file 'denso_robot_core_interfaces.egg-info/SOURCES.txt'
[3.056s] writing manifest file 'denso_robot_core_interfaces.egg-info/SOURCES.txt'
[3.085s] [  2%] Built target ament_cmake_python_build_denso_robot_core_interfaces_egg
[3.980s] [  2%] Built target denso_robot_core_interfaces__cpp
[3.994s] [  3%] [32mBuilding C object CMakeFiles/denso_robot_core_interfaces__rosidl_generator_c.dir/rosidl_generator_c/denso_robot_core_interfaces/action/detail/move_value__functions.c.o[0m
[3.994s] [  4%] [32mBuilding C object CMakeFiles/denso_robot_core_interfaces__rosidl_generator_c.dir/rosidl_generator_c/denso_robot_core_interfaces/action/detail/move_string__functions.c.o[0m
[3.994s] [  6%] [32mBuilding C object CMakeFiles/denso_robot_core_interfaces__rosidl_generator_c.dir/rosidl_generator_c/denso_robot_core_interfaces/msg/detail/joints__functions.c.o[0m
[3.994s] [  6%] [32mBuilding C object CMakeFiles/denso_robot_core_interfaces__rosidl_generator_c.dir/rosidl_generator_c/denso_robot_core_interfaces/action/detail/drive_value__functions.c.o[0m
[3.994s] [  7%] [32mBuilding C object CMakeFiles/denso_robot_core_interfaces__rosidl_generator_c.dir/rosidl_generator_c/denso_robot_core_interfaces/action/detail/drive_string__functions.c.o[0m
[3.995s] [  8%] [32mBuilding C object CMakeFiles/denso_robot_core_interfaces__rosidl_generator_c.dir/rosidl_generator_c/denso_robot_core_interfaces/srv/detail/change_mode__functions.c.o[0m
[3.995s] [  9%] [32mBuilding C object CMakeFiles/denso_robot_core_interfaces__rosidl_generator_c.dir/rosidl_generator_c/denso_robot_core_interfaces/msg/detail/ex_joints__functions.c.o[0m
[3.996s] [ 10%] [32mBuilding C object CMakeFiles/denso_robot_core_interfaces__rosidl_generator_c.dir/rosidl_generator_c/denso_robot_core_interfaces/msg/detail/pose_data__functions.c.o[0m
[3.996s] [ 11%] [34m[1mGenerating C++ type support dispatch for ROS interfaces[0m
[3.997s] [ 12%] [32mBuilding C object CMakeFiles/denso_robot_core_interfaces__rosidl_generator_c.dir/rosidl_generator_c/denso_robot_core_interfaces/msg/detail/user_io__functions.c.o[0m
[3.997s] [ 13%] [34m[1mGenerating C++ type support for eProsima Fast-RTPS[0m
[3.997s] [ 14%] [34m[1mGenerating C++ introspection for ROS interfaces[0m
[4.134s] [ 15%] [32m[1mLinking C shared library libdenso_robot_core_interfaces__rosidl_generator_c.so[0m
[4.182s] [ 15%] Built target denso_robot_core_interfaces__rosidl_generator_c
[4.197s] [ 16%] [34m[1mGenerating C introspection for ROS interfaces[0m
[4.197s] [ 17%] [34m[1mGenerating C type support for eProsima Fast-RTPS[0m
[4.197s] [ 18%] [34m[1mGenerating C type support dispatch for ROS interfaces[0m
[4.580s] [ 22%] [32mBuilding CXX object CMakeFiles/denso_robot_core_interfaces__rosidl_typesupport_cpp.dir/rosidl_typesupport_cpp/denso_robot_core_interfaces/action/drive_value__type_support.cpp.o[0m
[4.580s] [ 22%] [32mBuilding CXX object CMakeFiles/denso_robot_core_interfaces__rosidl_typesupport_cpp.dir/rosidl_typesupport_cpp/denso_robot_core_interfaces/action/drive_string__type_support.cpp.o[0m
[4.580s] [ 22%] [32mBuilding CXX object CMakeFiles/denso_robot_core_interfaces__rosidl_typesupport_cpp.dir/rosidl_typesupport_cpp/denso_robot_core_interfaces/action/move_value__type_support.cpp.o[0m
[4.580s] [ 24%] [32mBuilding CXX object CMakeFiles/denso_robot_core_interfaces__rosidl_typesupport_cpp.dir/rosidl_typesupport_cpp/denso_robot_core_interfaces/msg/ex_joints__type_support.cpp.o[0m
[4.580s] [ 24%] [32mBuilding CXX object CMakeFiles/denso_robot_core_interfaces__rosidl_typesupport_cpp.dir/rosidl_typesupport_cpp/denso_robot_core_interfaces/msg/joints__type_support.cpp.o[0m
[4.580s] [ 27%] [32mBuilding CXX object CMakeFiles/denso_robot_core_interfaces__rosidl_typesupport_cpp.dir/rosidl_typesupport_cpp/denso_robot_core_interfaces/action/move_string__type_support.cpp.o[0m
[4.580s] [ 27%] [32mBuilding CXX object CMakeFiles/denso_robot_core_interfaces__rosidl_typesupport_cpp.dir/rosidl_typesupport_cpp/denso_robot_core_interfaces/srv/change_mode__type_support.cpp.o[0m
[4.580s] [ 27%] [32mBuilding CXX object CMakeFiles/denso_robot_core_interfaces__rosidl_typesupport_cpp.dir/rosidl_typesupport_cpp/denso_robot_core_interfaces/msg/pose_data__type_support.cpp.o[0m
[4.581s] [ 28%] [32mBuilding CXX object CMakeFiles/denso_robot_core_interfaces__rosidl_typesupport_cpp.dir/rosidl_typesupport_cpp/denso_robot_core_interfaces/msg/user_io__type_support.cpp.o[0m
[4.883s] [ 29%] [32mBuilding CXX object CMakeFiles/denso_robot_core_interfaces__rosidl_typesupport_c.dir/rosidl_typesupport_c/denso_robot_core_interfaces/action/drive_string__type_support.cpp.o[0m
[4.896s] [ 30%] [32mBuilding CXX object CMakeFiles/denso_robot_core_interfaces__rosidl_typesupport_c.dir/rosidl_typesupport_c/denso_robot_core_interfaces/action/drive_value__type_support.cpp.o[0m
[4.903s] [ 31%] [32mBuilding CXX object CMakeFiles/denso_robot_core_interfaces__rosidl_typesupport_c.dir/rosidl_typesupport_c/denso_robot_core_interfaces/action/move_string__type_support.cpp.o[0m
[4.906s] [ 32%] [32mBuilding CXX object CMakeFiles/denso_robot_core_interfaces__rosidl_typesupport_c.dir/rosidl_typesupport_c/denso_robot_core_interfaces/msg/ex_joints__type_support.cpp.o[0m
[4.906s] [ 33%] [32mBuilding CXX object CMakeFiles/denso_robot_core_interfaces__rosidl_typesupport_c.dir/rosidl_typesupport_c/denso_robot_core_interfaces/msg/pose_data__type_support.cpp.o[0m
[4.909s] [ 34%] [32mBuilding CXX object CMakeFiles/denso_robot_core_interfaces__rosidl_typesupport_c.dir/rosidl_typesupport_c/denso_robot_core_interfaces/action/move_value__type_support.cpp.o[0m
[4.909s] [ 35%] [32mBuilding CXX object CMakeFiles/denso_robot_core_interfaces__rosidl_typesupport_c.dir/rosidl_typesupport_c/denso_robot_core_interfaces/msg/joints__type_support.cpp.o[0m
[4.914s] [ 36%] [32mBuilding CXX object CMakeFiles/denso_robot_core_interfaces__rosidl_typesupport_c.dir/rosidl_typesupport_c/denso_robot_core_interfaces/srv/change_mode__type_support.cpp.o[0m
[4.947s] [ 37%] [32mBuilding CXX object CMakeFiles/denso_robot_core_interfaces__rosidl_typesupport_introspection_cpp.dir/rosidl_typesupport_introspection_cpp/denso_robot_core_interfaces/action/detail/drive_string__type_support.cpp.o[0m
[4.954s] [ 38%] [32mBuilding CXX object CMakeFiles/denso_robot_core_interfaces__rosidl_typesupport_c.dir/rosidl_typesupport_c/denso_robot_core_interfaces/msg/user_io__type_support.cpp.o[0m
[4.962s] [ 40%] [32mBuilding CXX object CMakeFiles/denso_robot_core_interfaces__rosidl_typesupport_introspection_cpp.dir/rosidl_typesupport_introspection_cpp/denso_robot_core_interfaces/action/detail/drive_value__type_support.cpp.o[0m
[4.973s] [ 41%] [32mBuilding CXX object CMakeFiles/denso_robot_core_interfaces__rosidl_typesupport_introspection_cpp.dir/rosidl_typesupport_introspection_cpp/denso_robot_core_interfaces/action/detail/move_string__type_support.cpp.o[0m
[4.978s] [ 42%] [32mBuilding CXX object CMakeFiles/denso_robot_core_interfaces__rosidl_typesupport_introspection_cpp.dir/rosidl_typesupport_introspection_cpp/denso_robot_core_interfaces/action/detail/move_value__type_support.cpp.o[0m
[4.979s] [ 43%] [32mBuilding CXX object CMakeFiles/denso_robot_core_interfaces__rosidl_typesupport_introspection_cpp.dir/rosidl_typesupport_introspection_cpp/denso_robot_core_interfaces/msg/detail/ex_joints__type_support.cpp.o[0m
[4.982s] [ 44%] [32mBuilding CXX object CMakeFiles/denso_robot_core_interfaces__rosidl_typesupport_introspection_cpp.dir/rosidl_typesupport_introspection_cpp/denso_robot_core_interfaces/msg/detail/joints__type_support.cpp.o[0m
[4.991s] [ 45%] [32mBuilding CXX object CMakeFiles/denso_robot_core_interfaces__rosidl_typesupport_introspection_cpp.dir/rosidl_typesupport_introspection_cpp/denso_robot_core_interfaces/msg/detail/pose_data__type_support.cpp.o[0m
[4.995s] [ 46%] [32mBuilding CXX object CMakeFiles/denso_robot_core_interfaces__rosidl_typesupport_introspection_cpp.dir/rosidl_typesupport_introspection_cpp/denso_robot_core_interfaces/srv/detail/change_mode__type_support.cpp.o[0m
[5.012s] [ 47%] [32m[1mLinking CXX shared library libdenso_robot_core_interfaces__rosidl_typesupport_c.so[0m
[5.081s] [ 48%] [32mBuilding CXX object CMakeFiles/denso_robot_core_interfaces__rosidl_typesupport_introspection_cpp.dir/rosidl_typesupport_introspection_cpp/denso_robot_core_interfaces/msg/detail/user_io__type_support.cpp.o[0m
[5.086s] [ 48%] Built target denso_robot_core_interfaces__rosidl_typesupport_c
[5.121s] [ 49%] [32m[1mLinking CXX shared library libdenso_robot_core_interfaces__rosidl_typesupport_cpp.so[0m
[5.197s] [ 49%] Built target denso_robot_core_interfaces__rosidl_typesupport_cpp
[5.214s] [ 50%] [32mBuilding CXX object CMakeFiles/denso_robot_core_interfaces__rosidl_typesupport_fastrtps_cpp.dir/rosidl_typesupport_fastrtps_cpp/denso_robot_core_interfaces/action/detail/dds_fastrtps/drive_string__type_support.cpp.o[0m
[5.223s] [ 51%] [32mBuilding CXX object CMakeFiles/denso_robot_core_interfaces__rosidl_typesupport_fastrtps_cpp.dir/rosidl_typesupport_fastrtps_cpp/denso_robot_core_interfaces/action/detail/dds_fastrtps/move_string__type_support.cpp.o[0m
[5.226s] [ 52%] [32mBuilding CXX object CMakeFiles/denso_robot_core_interfaces__rosidl_typesupport_fastrtps_cpp.dir/rosidl_typesupport_fastrtps_cpp/denso_robot_core_interfaces/action/detail/dds_fastrtps/drive_value__type_support.cpp.o[0m
[5.252s] [ 53%] [32mBuilding CXX object CMakeFiles/denso_robot_core_interfaces__rosidl_typesupport_fastrtps_cpp.dir/rosidl_typesupport_fastrtps_cpp/denso_robot_core_interfaces/action/detail/dds_fastrtps/move_value__type_support.cpp.o[0m
[5.272s] [ 54%] [32mBuilding CXX object CMakeFiles/denso_robot_core_interfaces__rosidl_typesupport_fastrtps_cpp.dir/rosidl_typesupport_fastrtps_cpp/denso_robot_core_interfaces/msg/detail/dds_fastrtps/ex_joints__type_support.cpp.o[0m
[5.451s] [ 55%] [32mBuilding CXX object CMakeFiles/denso_robot_core_interfaces__rosidl_typesupport_fastrtps_cpp.dir/rosidl_typesupport_fastrtps_cpp/denso_robot_core_interfaces/msg/detail/dds_fastrtps/joints__type_support.cpp.o[0m
[5.485s] [ 56%] [32mBuilding CXX object CMakeFiles/denso_robot_core_interfaces__rosidl_typesupport_fastrtps_cpp.dir/rosidl_typesupport_fastrtps_cpp/denso_robot_core_interfaces/msg/detail/dds_fastrtps/pose_data__type_support.cpp.o[0m
[5.512s] [ 57%] [32mBuilding CXX object CMakeFiles/denso_robot_core_interfaces__rosidl_typesupport_fastrtps_cpp.dir/rosidl_typesupport_fastrtps_cpp/denso_robot_core_interfaces/msg/detail/dds_fastrtps/user_io__type_support.cpp.o[0m
[5.519s] [ 58%] [32mBuilding CXX object CMakeFiles/denso_robot_core_interfaces__rosidl_typesupport_fastrtps_cpp.dir/rosidl_typesupport_fastrtps_cpp/denso_robot_core_interfaces/srv/detail/dds_fastrtps/change_mode__type_support.cpp.o[0m
[5.522s] [ 60%] [32mBuilding C object CMakeFiles/denso_robot_core_interfaces__rosidl_typesupport_introspection_c.dir/rosidl_typesupport_introspection_c/denso_robot_core_interfaces/action/detail/drive_string__type_support.c.o[0m
[5.569s] [ 61%] [32mBuilding CXX object CMakeFiles/denso_robot_core_interfaces__rosidl_typesupport_fastrtps_c.dir/rosidl_typesupport_fastrtps_c/denso_robot_core_interfaces/action/detail/drive_string__type_support_c.cpp.o[0m
[5.573s] [ 62%] [32mBuilding C object CMakeFiles/denso_robot_core_interfaces__rosidl_typesupport_introspection_c.dir/rosidl_typesupport_introspection_c/denso_robot_core_interfaces/action/detail/drive_value__type_support.c.o[0m
[5.606s] [ 63%] [32mBuilding CXX object CMakeFiles/denso_robot_core_interfaces__rosidl_typesupport_fastrtps_c.dir/rosidl_typesupport_fastrtps_c/denso_robot_core_interfaces/action/detail/drive_value__type_support_c.cpp.o[0m
[5.700s] [ 64%] [32mBuilding C object CMakeFiles/denso_robot_core_interfaces__rosidl_typesupport_introspection_c.dir/rosidl_typesupport_introspection_c/denso_robot_core_interfaces/action/detail/move_value__type_support.c.o[0m
[5.703s] [ 65%] [32mBuilding C object CMakeFiles/denso_robot_core_interfaces__rosidl_typesupport_introspection_c.dir/rosidl_typesupport_introspection_c/denso_robot_core_interfaces/action/detail/move_string__type_support.c.o[0m
[5.731s] [ 67%] [32mBuilding CXX object CMakeFiles/denso_robot_core_interfaces__rosidl_typesupport_fastrtps_c.dir/rosidl_typesupport_fastrtps_c/denso_robot_core_interfaces/action/detail/move_string__type_support_c.cpp.o[0m
[5.731s] [ 67%] [32mBuilding CXX object CMakeFiles/denso_robot_core_interfaces__rosidl_typesupport_fastrtps_c.dir/rosidl_typesupport_fastrtps_c/denso_robot_core_interfaces/action/detail/move_value__type_support_c.cpp.o[0m
[5.753s] [ 68%] [32m[1mLinking CXX shared library libdenso_robot_core_interfaces__rosidl_typesupport_introspection_cpp.so[0m
[5.782s] [ 69%] [32mBuilding C object CMakeFiles/denso_robot_core_interfaces__rosidl_typesupport_introspection_c.dir/rosidl_typesupport_introspection_c/denso_robot_core_interfaces/msg/detail/ex_joints__type_support.c.o[0m
[5.783s] [ 70%] [32mBuilding C object CMakeFiles/denso_robot_core_interfaces__rosidl_typesupport_introspection_c.dir/rosidl_typesupport_introspection_c/denso_robot_core_interfaces/msg/detail/joints__type_support.c.o[0m
[5.784s] [ 71%] [32mBuilding CXX object CMakeFiles/denso_robot_core_interfaces__rosidl_typesupport_fastrtps_c.dir/rosidl_typesupport_fastrtps_c/denso_robot_core_interfaces/msg/detail/ex_joints__type_support_c.cpp.o[0m
[5.841s] [ 72%] [32mBuilding C object CMakeFiles/denso_robot_core_interfaces__rosidl_typesupport_introspection_c.dir/rosidl_typesupport_introspection_c/denso_robot_core_interfaces/srv/detail/change_mode__type_support.c.o[0m
[5.858s] [ 73%] [32mBuilding C object CMakeFiles/denso_robot_core_interfaces__rosidl_typesupport_introspection_c.dir/rosidl_typesupport_introspection_c/denso_robot_core_interfaces/msg/detail/pose_data__type_support.c.o[0m
[5.919s] [ 74%] [32mBuilding CXX object CMakeFiles/denso_robot_core_interfaces__rosidl_typesupport_fastrtps_c.dir/rosidl_typesupport_fastrtps_c/denso_robot_core_interfaces/msg/detail/joints__type_support_c.cpp.o[0m
[5.936s] [ 74%] Built target denso_robot_core_interfaces__rosidl_typesupport_introspection_cpp
[5.957s] [ 75%] [32mBuilding C object CMakeFiles/denso_robot_core_interfaces__rosidl_typesupport_introspection_c.dir/rosidl_typesupport_introspection_c/denso_robot_core_interfaces/msg/detail/user_io__type_support.c.o[0m
[5.960s] [ 76%] [32mBuilding CXX object CMakeFiles/denso_robot_core_interfaces__rosidl_typesupport_fastrtps_c.dir/rosidl_typesupport_fastrtps_c/denso_robot_core_interfaces/msg/detail/pose_data__type_support_c.cpp.o[0m
[5.975s] [ 77%] [32mBuilding CXX object CMakeFiles/denso_robot_core_interfaces__rosidl_typesupport_fastrtps_c.dir/rosidl_typesupport_fastrtps_c/denso_robot_core_interfaces/msg/detail/user_io__type_support_c.cpp.o[0m
[5.981s] [ 78%] [32mBuilding CXX object CMakeFiles/denso_robot_core_interfaces__rosidl_typesupport_fastrtps_c.dir/rosidl_typesupport_fastrtps_c/denso_robot_core_interfaces/srv/detail/change_mode__type_support_c.cpp.o[0m
[6.061s] [ 80%] [32m[1mLinking CXX shared library libdenso_robot_core_interfaces__rosidl_typesupport_fastrtps_cpp.so[0m
[6.065s] [ 81%] [32m[1mLinking C shared library libdenso_robot_core_interfaces__rosidl_typesupport_introspection_c.so[0m
[6.137s] [ 81%] Built target denso_robot_core_interfaces__rosidl_typesupport_introspection_c
[6.230s] [ 81%] Built target denso_robot_core_interfaces__rosidl_typesupport_fastrtps_cpp
[6.369s] [ 82%] [32m[1mLinking CXX shared library libdenso_robot_core_interfaces__rosidl_typesupport_fastrtps_c.so[0m
[6.471s] [ 82%] Built target denso_robot_core_interfaces__rosidl_typesupport_fastrtps_c
[6.500s] [ 82%] Built target denso_robot_core_interfaces
[6.531s] [ 83%] [34m[1mGenerating Python code for ROS interfaces[0m
[8.836s] [ 83%] Built target denso_robot_core_interfaces__py
[8.874s] [ 85%] [32mBuilding C object CMakeFiles/denso_robot_core_interfaces__rosidl_generator_py.dir/rosidl_generator_py/denso_robot_core_interfaces/action/_drive_string_s.c.o[0m
[8.876s] [ 86%] [32mBuilding C object CMakeFiles/denso_robot_core_interfaces__rosidl_generator_py.dir/rosidl_generator_py/denso_robot_core_interfaces/msg/_ex_joints_s.c.o[0m
[8.876s] [ 87%] [32mBuilding C object CMakeFiles/denso_robot_core_interfaces__rosidl_generator_py.dir/rosidl_generator_py/denso_robot_core_interfaces/msg/_joints_s.c.o[0m
[8.876s] [ 85%] [32mBuilding C object CMakeFiles/denso_robot_core_interfaces__rosidl_generator_py.dir/rosidl_generator_py/denso_robot_core_interfaces/action/_move_value_s.c.o[0m
[8.876s] [ 88%] [32mBuilding C object CMakeFiles/denso_robot_core_interfaces__rosidl_generator_py.dir/rosidl_generator_py/denso_robot_core_interfaces/action/_move_string_s.c.o[0m
[8.876s] [ 90%] [32mBuilding C object CMakeFiles/denso_robot_core_interfaces__rosidl_generator_py.dir/rosidl_generator_py/denso_robot_core_interfaces/action/_drive_value_s.c.o[0m
[8.876s] [ 90%] [32mBuilding C object CMakeFiles/denso_robot_core_interfaces__rosidl_generator_py.dir/rosidl_generator_py/denso_robot_core_interfaces/msg/_pose_data_s.c.o[0m
[8.876s] [ 91%] [32mBuilding C object CMakeFiles/denso_robot_core_interfaces__rosidl_generator_py.dir/rosidl_generator_py/denso_robot_core_interfaces/srv/_change_mode_s.c.o[0m
[8.883s] [ 92%] [32mBuilding C object CMakeFiles/denso_robot_core_interfaces__rosidl_generator_py.dir/rosidl_generator_py/denso_robot_core_interfaces/msg/_user_io_s.c.o[0m
[9.107s] [ 93%] [32m[1mLinking C shared library rosidl_generator_py/denso_robot_core_interfaces/libdenso_robot_core_interfaces__rosidl_generator_py.so[0m
[9.170s] [ 93%] Built target denso_robot_core_interfaces__rosidl_generator_py
[9.202s] [ 95%] [32mBuilding C object CMakeFiles/denso_robot_core_interfaces__rosidl_typesupport_introspection_c__pyext.dir/rosidl_generator_py/denso_robot_core_interfaces/_denso_robot_core_interfaces_s.ep.rosidl_typesupport_introspection_c.c.o[0m
[9.202s] [ 95%] [32mBuilding C object CMakeFiles/denso_robot_core_interfaces__rosidl_typesupport_c__pyext.dir/rosidl_generator_py/denso_robot_core_interfaces/_denso_robot_core_interfaces_s.ep.rosidl_typesupport_c.c.o[0m
[9.205s] [ 96%] [32mBuilding C object CMakeFiles/denso_robot_core_interfaces__rosidl_typesupport_fastrtps_c__pyext.dir/rosidl_generator_py/denso_robot_core_interfaces/_denso_robot_core_interfaces_s.ep.rosidl_typesupport_fastrtps_c.c.o[0m
[9.395s] [ 97%] [32m[1mLinking C shared library rosidl_generator_py/denso_robot_core_interfaces/denso_robot_core_interfaces_s__rosidl_typesupport_introspection_c.cpython-310-x86_64-linux-gnu.so[0m
[9.399s] [ 98%] [32m[1mLinking C shared library rosidl_generator_py/denso_robot_core_interfaces/denso_robot_core_interfaces_s__rosidl_typesupport_c.cpython-310-x86_64-linux-gnu.so[0m
[9.447s] [ 98%] Built target denso_robot_core_interfaces__rosidl_typesupport_introspection_c__pyext
[9.451s] [ 98%] Built target denso_robot_core_interfaces__rosidl_typesupport_c__pyext
[9.471s] [100%] [32m[1mLinking C shared library rosidl_generator_py/denso_robot_core_interfaces/denso_robot_core_interfaces_s__rosidl_typesupport_fastrtps_c.cpython-310-x86_64-linux-gnu.so[0m
[9.527s] [100%] Built target denso_robot_core_interfaces__rosidl_typesupport_fastrtps_c__pyext
[9.546s] Invoked command in '/home/isg/workspace/denso_ros2_ws/build/denso_robot_core_interfaces' returned '0': AMENT_PREFIX_PATH=/home/isg/workspace/denso_ros2_ws/install/bcap_service:/home/isg/workspace/denso_ros2_ws/install/bcap_service_interfaces:/home/isg/workspace/denso_ros2_ws/install/bcap_core:${AMENT_PREFIX_PATH} CMAKE_PREFIX_PATH=/home/isg/workspace/denso_ros2_ws/install/bcap_service:/home/isg/workspace/denso_ros2_ws/install/bcap_service_interfaces:/home/isg/workspace/denso_ros2_ws/install/bcap_core:/home/isg/workspace/denso_ros2_ws/src/install/ros2_control_demos:/home/isg/workspace/denso_ros2_ws/src/install/ros2_control_demo_example_9:/home/isg/workspace/denso_ros2_ws/src/install/ros2_control_demo_example_8:/home/isg/workspace/denso_ros2_ws/src/install/ros2_control_demo_example_7:/home/isg/workspace/denso_ros2_ws/src/install/ros2_control_demo_example_6:/home/isg/workspace/denso_ros2_ws/src/install/ros2_control_demo_example_15:/home/isg/workspace/denso_ros2_ws/src/install/ros2_control_demo_example_13:/home/isg/workspace/denso_ros2_ws/src/install/ros2_control_demo_example_5:/home/isg/workspace/denso_ros2_ws/src/install/ros2_control_demo_example_4:/home/isg/workspace/denso_ros2_ws/src/install/ros2_control_demo_example_3:/home/isg/workspace/denso_ros2_ws/src/install/ros2_control_demo_example_2:/home/isg/workspace/denso_ros2_ws/src/install/ros2_control_demo_example_14:/home/isg/workspace/denso_ros2_ws/src/install/ros2_control_demo_example_12:/home/isg/workspace/denso_ros2_ws/src/install/ros2_control_demo_example_11:/home/isg/workspace/denso_ros2_ws/src/install/ros2_control_demo_example_10:/home/isg/workspace/denso_ros2_ws/src/install/ros2_control_demo_example_1:/home/isg/workspace/denso_ros2_ws/src/install/ros2_control_demo_description:/home/isg/workspace/denso_ros2_ws/src/install/gazebo_ros2_control_demos:/home/isg/workspace/denso_ros2_ws/src/install/denso_robot_bringup:/home/isg/workspace/denso_ros2_ws/src/install/gazebo_ros2_control:/home/isg/workspace/denso_ros2_ws/src/install/denso_robot_moveit_demo:/home/isg/workspace/denso_ros2_ws/src/install/denso_robot_moveit_config:/home/isg/workspace/denso_ros2_ws/src/install/denso_robot_descriptions:/home/isg/workspace/denso_ros2_ws/src/install/denso_robot_control:/home/isg/workspace/denso_ros2_ws/src/install/denso_robot_core:/home/isg/workspace/denso_ros2_ws/src/install/denso_robot_core_interfaces:/home/isg/workspace/denso_ros2_ws/src/install/bcap_service:/home/isg/workspace/denso_ros2_ws/src/install/bcap_service_interfaces:/home/isg/workspace/denso_ros2_ws/src/install/bcap_core:/home/isg/workspace/denso_ros2_ws/src/install/denso_robot_description_installer:/opt/ros/humble LD_LIBRARY_PATH=/home/isg/workspace/denso_ros2_ws/install/bcap_service/lib:/home/isg/workspace/denso_ros2_ws/install/bcap_service_interfaces/lib:/home/isg/workspace/denso_ros2_ws/install/bcap_core/lib:${LD_LIBRARY_PATH} PYTHONPATH=/home/isg/workspace/denso_ros2_ws/install/bcap_service_interfaces/local/lib/python3.10/dist-packages:${PYTHONPATH} /usr/bin/cmake --build /home/isg/workspace/denso_ros2_ws/build/denso_robot_core_interfaces -- -j16 -l16
[9.548s] Invoking command in '/home/isg/workspace/denso_ros2_ws/build/denso_robot_core_interfaces': AMENT_PREFIX_PATH=/home/isg/workspace/denso_ros2_ws/install/bcap_service:/home/isg/workspace/denso_ros2_ws/install/bcap_service_interfaces:/home/isg/workspace/denso_ros2_ws/install/bcap_core:${AMENT_PREFIX_PATH} CMAKE_PREFIX_PATH=/home/isg/workspace/denso_ros2_ws/install/bcap_service:/home/isg/workspace/denso_ros2_ws/install/bcap_service_interfaces:/home/isg/workspace/denso_ros2_ws/install/bcap_core:/home/isg/workspace/denso_ros2_ws/src/install/ros2_control_demos:/home/isg/workspace/denso_ros2_ws/src/install/ros2_control_demo_example_9:/home/isg/workspace/denso_ros2_ws/src/install/ros2_control_demo_example_8:/home/isg/workspace/denso_ros2_ws/src/install/ros2_control_demo_example_7:/home/isg/workspace/denso_ros2_ws/src/install/ros2_control_demo_example_6:/home/isg/workspace/denso_ros2_ws/src/install/ros2_control_demo_example_15:/home/isg/workspace/denso_ros2_ws/src/install/ros2_control_demo_example_13:/home/isg/workspace/denso_ros2_ws/src/install/ros2_control_demo_example_5:/home/isg/workspace/denso_ros2_ws/src/install/ros2_control_demo_example_4:/home/isg/workspace/denso_ros2_ws/src/install/ros2_control_demo_example_3:/home/isg/workspace/denso_ros2_ws/src/install/ros2_control_demo_example_2:/home/isg/workspace/denso_ros2_ws/src/install/ros2_control_demo_example_14:/home/isg/workspace/denso_ros2_ws/src/install/ros2_control_demo_example_12:/home/isg/workspace/denso_ros2_ws/src/install/ros2_control_demo_example_11:/home/isg/workspace/denso_ros2_ws/src/install/ros2_control_demo_example_10:/home/isg/workspace/denso_ros2_ws/src/install/ros2_control_demo_example_1:/home/isg/workspace/denso_ros2_ws/src/install/ros2_control_demo_description:/home/isg/workspace/denso_ros2_ws/src/install/gazebo_ros2_control_demos:/home/isg/workspace/denso_ros2_ws/src/install/denso_robot_bringup:/home/isg/workspace/denso_ros2_ws/src/install/gazebo_ros2_control:/home/isg/workspace/denso_ros2_ws/src/install/denso_robot_moveit_demo:/home/isg/workspace/denso_ros2_ws/src/install/denso_robot_moveit_config:/home/isg/workspace/denso_ros2_ws/src/install/denso_robot_descriptions:/home/isg/workspace/denso_ros2_ws/src/install/denso_robot_control:/home/isg/workspace/denso_ros2_ws/src/install/denso_robot_core:/home/isg/workspace/denso_ros2_ws/src/install/denso_robot_core_interfaces:/home/isg/workspace/denso_ros2_ws/src/install/bcap_service:/home/isg/workspace/denso_ros2_ws/src/install/bcap_service_interfaces:/home/isg/workspace/denso_ros2_ws/src/install/bcap_core:/home/isg/workspace/denso_ros2_ws/src/install/denso_robot_description_installer:/opt/ros/humble LD_LIBRARY_PATH=/home/isg/workspace/denso_ros2_ws/install/bcap_service/lib:/home/isg/workspace/denso_ros2_ws/install/bcap_service_interfaces/lib:/home/isg/workspace/denso_ros2_ws/install/bcap_core/lib:${LD_LIBRARY_PATH} PYTHONPATH=/home/isg/workspace/denso_ros2_ws/install/bcap_service_interfaces/local/lib/python3.10/dist-packages:${PYTHONPATH} /usr/bin/cmake --install /home/isg/workspace/denso_ros2_ws/build/denso_robot_core_interfaces
[9.559s] -- Install configuration: ""
[9.559s] -- Execute custom install script
[9.560s] -- Symlinking: /home/isg/workspace/denso_ros2_ws/install/denso_robot_core_interfaces/share/ament_index/resource_index/rosidl_interfaces/denso_robot_core_interfaces
[9.577s] -- Symlinking: /home/isg/workspace/denso_ros2_ws/install/denso_robot_core_interfaces/include/denso_robot_core_interfaces/denso_robot_core_interfaces/action/detail/drive_string__functions.h
[9.589s] -- Symlinking: /home/isg/workspace/denso_ros2_ws/install/denso_robot_core_interfaces/include/denso_robot_core_interfaces/denso_robot_core_interfaces/action/detail/drive_string__struct.h
[9.602s] -- Symlinking: /home/isg/workspace/denso_ros2_ws/install/denso_robot_core_interfaces/include/denso_robot_core_interfaces/denso_robot_core_interfaces/action/detail/drive_string__type_support.h
[9.614s] -- Symlinking: /home/isg/workspace/denso_ros2_ws/install/denso_robot_core_interfaces/include/denso_robot_core_interfaces/denso_robot_core_interfaces/action/detail/drive_value__functions.h
[9.627s] -- Symlinking: /home/isg/workspace/denso_ros2_ws/install/denso_robot_core_interfaces/include/denso_robot_core_interfaces/denso_robot_core_interfaces/action/detail/drive_value__struct.h
[9.640s] -- Symlinking: /home/isg/workspace/denso_ros2_ws/install/denso_robot_core_interfaces/include/denso_robot_core_interfaces/denso_robot_core_interfaces/action/detail/drive_value__type_support.h
[9.653s] -- Symlinking: /home/isg/workspace/denso_ros2_ws/install/denso_robot_core_interfaces/include/denso_robot_core_interfaces/denso_robot_core_interfaces/action/detail/move_string__functions.h
[9.666s] -- Symlinking: /home/isg/workspace/denso_ros2_ws/install/denso_robot_core_interfaces/include/denso_robot_core_interfaces/denso_robot_core_interfaces/action/detail/move_string__struct.h
[9.679s] -- Symlinking: /home/isg/workspace/denso_ros2_ws/install/denso_robot_core_interfaces/include/denso_robot_core_interfaces/denso_robot_core_interfaces/action/detail/move_string__type_support.h
[9.692s] -- Symlinking: /home/isg/workspace/denso_ros2_ws/install/denso_robot_core_interfaces/include/denso_robot_core_interfaces/denso_robot_core_interfaces/action/detail/move_value__functions.h
[9.704s] -- Symlinking: /home/isg/workspace/denso_ros2_ws/install/denso_robot_core_interfaces/include/denso_robot_core_interfaces/denso_robot_core_interfaces/action/detail/move_value__struct.h
[9.717s] -- Symlinking: /home/isg/workspace/denso_ros2_ws/install/denso_robot_core_interfaces/include/denso_robot_core_interfaces/denso_robot_core_interfaces/action/detail/move_value__type_support.h
[9.730s] -- Symlinking: /home/isg/workspace/denso_ros2_ws/install/denso_robot_core_interfaces/include/denso_robot_core_interfaces/denso_robot_core_interfaces/action/drive_string.h
[9.745s] -- Symlinking: /home/isg/workspace/denso_ros2_ws/install/denso_robot_core_interfaces/include/denso_robot_core_interfaces/denso_robot_core_interfaces/action/drive_value.h
[9.760s] -- Symlinking: /home/isg/workspace/denso_ros2_ws/install/denso_robot_core_interfaces/include/denso_robot_core_interfaces/denso_robot_core_interfaces/action/move_string.h
[9.773s] -- Symlinking: /home/isg/workspace/denso_ros2_ws/install/denso_robot_core_interfaces/include/denso_robot_core_interfaces/denso_robot_core_interfaces/action/move_value.h
[9.786s] -- Symlinking: /home/isg/workspace/denso_ros2_ws/install/denso_robot_core_interfaces/include/denso_robot_core_interfaces/denso_robot_core_interfaces/msg/detail/ex_joints__functions.h
[9.798s] -- Symlinking: /home/isg/workspace/denso_ros2_ws/install/denso_robot_core_interfaces/include/denso_robot_core_interfaces/denso_robot_core_interfaces/msg/detail/ex_joints__struct.h
[9.810s] -- Symlinking: /home/isg/workspace/denso_ros2_ws/install/denso_robot_core_interfaces/include/denso_robot_core_interfaces/denso_robot_core_interfaces/msg/detail/ex_joints__type_support.h
[9.822s] -- Symlinking: /home/isg/workspace/denso_ros2_ws/install/denso_robot_core_interfaces/include/denso_robot_core_interfaces/denso_robot_core_interfaces/msg/detail/joints__functions.h
[9.834s] -- Symlinking: /home/isg/workspace/denso_ros2_ws/install/denso_robot_core_interfaces/include/denso_robot_core_interfaces/denso_robot_core_interfaces/msg/detail/joints__struct.h
[9.845s] -- Symlinking: /home/isg/workspace/denso_ros2_ws/install/denso_robot_core_interfaces/include/denso_robot_core_interfaces/denso_robot_core_interfaces/msg/detail/joints__type_support.h
[9.862s] -- Symlinking: /home/isg/workspace/denso_ros2_ws/install/denso_robot_core_interfaces/include/denso_robot_core_interfaces/denso_robot_core_interfaces/msg/detail/pose_data__functions.h
[9.874s] -- Symlinking: /home/isg/workspace/denso_ros2_ws/install/denso_robot_core_interfaces/include/denso_robot_core_interfaces/denso_robot_core_interfaces/msg/detail/pose_data__struct.h
[9.885s] -- Symlinking: /home/isg/workspace/denso_ros2_ws/install/denso_robot_core_interfaces/include/denso_robot_core_interfaces/denso_robot_core_interfaces/msg/detail/pose_data__type_support.h
[9.896s] -- Symlinking: /home/isg/workspace/denso_ros2_ws/install/denso_robot_core_interfaces/include/denso_robot_core_interfaces/denso_robot_core_interfaces/msg/detail/user_io__functions.h
[9.906s] -- Symlinking: /home/isg/workspace/denso_ros2_ws/install/denso_robot_core_interfaces/include/denso_robot_core_interfaces/denso_robot_core_interfaces/msg/detail/user_io__struct.h
[9.916s] -- Symlinking: /home/isg/workspace/denso_ros2_ws/install/denso_robot_core_interfaces/include/denso_robot_core_interfaces/denso_robot_core_interfaces/msg/detail/user_io__type_support.h
[9.926s] -- Symlinking: /home/isg/workspace/denso_ros2_ws/install/denso_robot_core_interfaces/include/denso_robot_core_interfaces/denso_robot_core_interfaces/msg/ex_joints.h
[9.936s] -- Symlinking: /home/isg/workspace/denso_ros2_ws/install/denso_robot_core_interfaces/include/denso_robot_core_interfaces/denso_robot_core_interfaces/msg/joints.h
[9.947s] -- Symlinking: /home/isg/workspace/denso_ros2_ws/install/denso_robot_core_interfaces/include/denso_robot_core_interfaces/denso_robot_core_interfaces/msg/pose_data.h
[9.957s] -- Symlinking: /home/isg/workspace/denso_ros2_ws/install/denso_robot_core_interfaces/include/denso_robot_core_interfaces/denso_robot_core_interfaces/msg/rosidl_generator_c__visibility_control.h
[9.968s] -- Symlinking: /home/isg/workspace/denso_ros2_ws/install/denso_robot_core_interfaces/include/denso_robot_core_interfaces/denso_robot_core_interfaces/msg/user_io.h
[9.984s] -- Symlinking: /home/isg/workspace/denso_ros2_ws/install/denso_robot_core_interfaces/include/denso_robot_core_interfaces/denso_robot_core_interfaces/srv/change_mode.h
[10.000s] -- Symlinking: /home/isg/workspace/denso_ros2_ws/install/denso_robot_core_interfaces/include/denso_robot_core_interfaces/denso_robot_core_interfaces/srv/detail/change_mode__functions.h
[10.017s] -- Symlinking: /home/isg/workspace/denso_ros2_ws/install/denso_robot_core_interfaces/include/denso_robot_core_interfaces/denso_robot_core_interfaces/srv/detail/change_mode__struct.h
[10.033s] -- Symlinking: /home/isg/workspace/denso_ros2_ws/install/denso_robot_core_interfaces/include/denso_robot_core_interfaces/denso_robot_core_interfaces/srv/detail/change_mode__type_support.h
[10.050s] -- Symlinking: /home/isg/workspace/denso_ros2_ws/install/denso_robot_core_interfaces/share/denso_robot_core_interfaces/environment/library_path.sh
[10.061s] -- Symlinking: /home/isg/workspace/denso_ros2_ws/install/denso_robot_core_interfaces/share/denso_robot_core_interfaces/environment/library_path.dsv
[10.080s] -- Symlinking: /home/isg/workspace/denso_ros2_ws/install/denso_robot_core_interfaces/include/denso_robot_core_interfaces/denso_robot_core_interfaces/action/detail/drive_string__rosidl_typesupport_fastrtps_c.h
[10.096s] -- Symlinking: /home/isg/workspace/denso_ros2_ws/install/denso_robot_core_interfaces/include/denso_robot_core_interfaces/denso_robot_core_interfaces/action/detail/drive_value__rosidl_typesupport_fastrtps_c.h
[10.107s] -- Symlinking: /home/isg/workspace/denso_ros2_ws/install/denso_robot_core_interfaces/include/denso_robot_core_interfaces/denso_robot_core_interfaces/action/detail/move_string__rosidl_typesupport_fastrtps_c.h
[10.124s] -- Symlinking: /home/isg/workspace/denso_ros2_ws/install/denso_robot_core_interfaces/include/denso_robot_core_interfaces/denso_robot_core_interfaces/action/detail/move_value__rosidl_typesupport_fastrtps_c.h
[10.140s] -- Symlinking: /home/isg/workspace/denso_ros2_ws/install/denso_robot_core_interfaces/include/denso_robot_core_interfaces/denso_robot_core_interfaces/msg/detail/ex_joints__rosidl_typesupport_fastrtps_c.h
[10.156s] -- Symlinking: /home/isg/workspace/denso_ros2_ws/install/denso_robot_core_interfaces/include/denso_robot_core_interfaces/denso_robot_core_interfaces/msg/detail/joints__rosidl_typesupport_fastrtps_c.h
[10.175s] -- Symlinking: /home/isg/workspace/denso_ros2_ws/install/denso_robot_core_interfaces/include/denso_robot_core_interfaces/denso_robot_core_interfaces/msg/detail/pose_data__rosidl_typesupport_fastrtps_c.h
[10.191s] -- Symlinking: /home/isg/workspace/denso_ros2_ws/install/denso_robot_core_interfaces/include/denso_robot_core_interfaces/denso_robot_core_interfaces/msg/detail/user_io__rosidl_typesupport_fastrtps_c.h
[10.207s] -- Symlinking: /home/isg/workspace/denso_ros2_ws/install/denso_robot_core_interfaces/include/denso_robot_core_interfaces/denso_robot_core_interfaces/msg/rosidl_typesupport_fastrtps_c__visibility_control.h
[10.223s] -- Symlinking: /home/isg/workspace/denso_ros2_ws/install/denso_robot_core_interfaces/include/denso_robot_core_interfaces/denso_robot_core_interfaces/srv/detail/change_mode__rosidl_typesupport_fastrtps_c.h
[10.239s] -- Symlinking: /home/isg/workspace/denso_ros2_ws/install/denso_robot_core_interfaces/include/denso_robot_core_interfaces/denso_robot_core_interfaces/action/detail/drive_string__rosidl_typesupport_introspection_c.h
[10.254s] -- Symlinking: /home/isg/workspace/denso_ros2_ws/install/denso_robot_core_interfaces/include/denso_robot_core_interfaces/denso_robot_core_interfaces/action/detail/drive_value__rosidl_typesupport_introspection_c.h
[10.269s] -- Symlinking: /home/isg/workspace/denso_ros2_ws/install/denso_robot_core_interfaces/include/denso_robot_core_interfaces/denso_robot_core_interfaces/action/detail/move_string__rosidl_typesupport_introspection_c.h
[10.285s] -- Symlinking: /home/isg/workspace/denso_ros2_ws/install/denso_robot_core_interfaces/include/denso_robot_core_interfaces/denso_robot_core_interfaces/action/detail/move_value__rosidl_typesupport_introspection_c.h
[10.300s] -- Symlinking: /home/isg/workspace/denso_ros2_ws/install/denso_robot_core_interfaces/include/denso_robot_core_interfaces/denso_robot_core_interfaces/msg/detail/ex_joints__rosidl_typesupport_introspection_c.h
[10.315s] -- Symlinking: /home/isg/workspace/denso_ros2_ws/install/denso_robot_core_interfaces/include/denso_robot_core_interfaces/denso_robot_core_interfaces/msg/detail/joints__rosidl_typesupport_introspection_c.h
[10.331s] -- Symlinking: /home/isg/workspace/denso_ros2_ws/install/denso_robot_core_interfaces/include/denso_robot_core_interfaces/denso_robot_core_interfaces/msg/detail/pose_data__rosidl_typesupport_introspection_c.h
[10.347s] -- Symlinking: /home/isg/workspace/denso_ros2_ws/install/denso_robot_core_interfaces/include/denso_robot_core_interfaces/denso_robot_core_interfaces/msg/detail/user_io__rosidl_typesupport_introspection_c.h
[10.363s] -- Symlinking: /home/isg/workspace/denso_ros2_ws/install/denso_robot_core_interfaces/include/denso_robot_core_interfaces/denso_robot_core_interfaces/msg/rosidl_typesupport_introspection_c__visibility_control.h
[10.379s] -- Symlinking: /home/isg/workspace/denso_ros2_ws/install/denso_robot_core_interfaces/include/denso_robot_core_interfaces/denso_robot_core_interfaces/srv/detail/change_mode__rosidl_typesupport_introspection_c.h
[10.396s] -- Symlinking: /home/isg/workspace/denso_ros2_ws/install/denso_robot_core_interfaces/include/denso_robot_core_interfaces/denso_robot_core_interfaces/action/detail/drive_string__builder.hpp
[10.411s] -- Symlinking: /home/isg/workspace/denso_ros2_ws/install/denso_robot_core_interfaces/include/denso_robot_core_interfaces/denso_robot_core_interfaces/action/detail/drive_string__struct.hpp
[10.427s] -- Symlinking: /home/isg/workspace/denso_ros2_ws/install/denso_robot_core_interfaces/include/denso_robot_core_interfaces/denso_robot_core_interfaces/action/detail/drive_string__traits.hpp
[10.442s] -- Symlinking: /home/isg/workspace/denso_ros2_ws/install/denso_robot_core_interfaces/include/denso_robot_core_interfaces/denso_robot_core_interfaces/action/detail/drive_string__type_support.hpp
[10.458s] -- Symlinking: /home/isg/workspace/denso_ros2_ws/install/denso_robot_core_interfaces/include/denso_robot_core_interfaces/denso_robot_core_interfaces/action/detail/drive_value__builder.hpp
[10.474s] -- Symlinking: /home/isg/workspace/denso_ros2_ws/install/denso_robot_core_interfaces/include/denso_robot_core_interfaces/denso_robot_core_interfaces/action/detail/drive_value__struct.hpp
[10.490s] -- Symlinking: /home/isg/workspace/denso_ros2_ws/install/denso_robot_core_interfaces/include/denso_robot_core_interfaces/denso_robot_core_interfaces/action/detail/drive_value__traits.hpp
[10.505s] -- Symlinking: /home/isg/workspace/denso_ros2_ws/install/denso_robot_core_interfaces/include/denso_robot_core_interfaces/denso_robot_core_interfaces/action/detail/drive_value__type_support.hpp
[10.520s] -- Symlinking: /home/isg/workspace/denso_ros2_ws/install/denso_robot_core_interfaces/include/denso_robot_core_interfaces/denso_robot_core_interfaces/action/detail/move_string__builder.hpp
[10.536s] -- Symlinking: /home/isg/workspace/denso_ros2_ws/install/denso_robot_core_interfaces/include/denso_robot_core_interfaces/denso_robot_core_interfaces/action/detail/move_string__struct.hpp
[10.551s] -- Symlinking: /home/isg/workspace/denso_ros2_ws/install/denso_robot_core_interfaces/include/denso_robot_core_interfaces/denso_robot_core_interfaces/action/detail/move_string__traits.hpp
[10.566s] -- Symlinking: /home/isg/workspace/denso_ros2_ws/install/denso_robot_core_interfaces/include/denso_robot_core_interfaces/denso_robot_core_interfaces/action/detail/move_string__type_support.hpp
[10.581s] -- Symlinking: /home/isg/workspace/denso_ros2_ws/install/denso_robot_core_interfaces/include/denso_robot_core_interfaces/denso_robot_core_interfaces/action/detail/move_value__builder.hpp
[10.595s] -- Symlinking: /home/isg/workspace/denso_ros2_ws/install/denso_robot_core_interfaces/include/denso_robot_core_interfaces/denso_robot_core_interfaces/action/detail/move_value__struct.hpp
[10.610s] -- Symlinking: /home/isg/workspace/denso_ros2_ws/install/denso_robot_core_interfaces/include/denso_robot_core_interfaces/denso_robot_core_interfaces/action/detail/move_value__traits.hpp
[10.625s] -- Symlinking: /home/isg/workspace/denso_ros2_ws/install/denso_robot_core_interfaces/include/denso_robot_core_interfaces/denso_robot_core_interfaces/action/detail/move_value__type_support.hpp
[10.640s] -- Symlinking: /home/isg/workspace/denso_ros2_ws/install/denso_robot_core_interfaces/include/denso_robot_core_interfaces/denso_robot_core_interfaces/action/drive_string.hpp
[10.655s] -- Symlinking: /home/isg/workspace/denso_ros2_ws/install/denso_robot_core_interfaces/include/denso_robot_core_interfaces/denso_robot_core_interfaces/action/drive_value.hpp
[10.670s] -- Symlinking: /home/isg/workspace/denso_ros2_ws/install/denso_robot_core_interfaces/include/denso_robot_core_interfaces/denso_robot_core_interfaces/action/move_string.hpp
[10.688s] -- Symlinking: /home/isg/workspace/denso_ros2_ws/install/denso_robot_core_interfaces/include/denso_robot_core_interfaces/denso_robot_core_interfaces/action/move_value.hpp
[10.699s] -- Symlinking: /home/isg/workspace/denso_ros2_ws/install/denso_robot_core_interfaces/include/denso_robot_core_interfaces/denso_robot_core_interfaces/msg/detail/ex_joints__builder.hpp
[10.709s] -- Symlinking: /home/isg/workspace/denso_ros2_ws/install/denso_robot_core_interfaces/include/denso_robot_core_interfaces/denso_robot_core_interfaces/msg/detail/ex_joints__struct.hpp
[10.726s] -- Symlinking: /home/isg/workspace/denso_ros2_ws/install/denso_robot_core_interfaces/include/denso_robot_core_interfaces/denso_robot_core_interfaces/msg/detail/ex_joints__traits.hpp
[10.743s] -- Symlinking: /home/isg/workspace/denso_ros2_ws/install/denso_robot_core_interfaces/include/denso_robot_core_interfaces/denso_robot_core_interfaces/msg/detail/ex_joints__type_support.hpp
[10.758s] -- Symlinking: /home/isg/workspace/denso_ros2_ws/install/denso_robot_core_interfaces/include/denso_robot_core_interfaces/denso_robot_core_interfaces/msg/detail/joints__builder.hpp
[10.774s] -- Symlinking: /home/isg/workspace/denso_ros2_ws/install/denso_robot_core_interfaces/include/denso_robot_core_interfaces/denso_robot_core_interfaces/msg/detail/joints__struct.hpp
[10.789s] -- Symlinking: /home/isg/workspace/denso_ros2_ws/install/denso_robot_core_interfaces/include/denso_robot_core_interfaces/denso_robot_core_interfaces/msg/detail/joints__traits.hpp
[10.804s] -- Symlinking: /home/isg/workspace/denso_ros2_ws/install/denso_robot_core_interfaces/include/denso_robot_core_interfaces/denso_robot_core_interfaces/msg/detail/joints__type_support.hpp
[10.820s] -- Symlinking: /home/isg/workspace/denso_ros2_ws/install/denso_robot_core_interfaces/include/denso_robot_core_interfaces/denso_robot_core_interfaces/msg/detail/pose_data__builder.hpp
[10.835s] -- Symlinking: /home/isg/workspace/denso_ros2_ws/install/denso_robot_core_interfaces/include/denso_robot_core_interfaces/denso_robot_core_interfaces/msg/detail/pose_data__struct.hpp
[10.849s] -- Symlinking: /home/isg/workspace/denso_ros2_ws/install/denso_robot_core_interfaces/include/denso_robot_core_interfaces/denso_robot_core_interfaces/msg/detail/pose_data__traits.hpp
[10.859s] -- Symlinking: /home/isg/workspace/denso_ros2_ws/install/denso_robot_core_interfaces/include/denso_robot_core_interfaces/denso_robot_core_interfaces/msg/detail/pose_data__type_support.hpp
[10.875s] -- Symlinking: /home/isg/workspace/denso_ros2_ws/install/denso_robot_core_interfaces/include/denso_robot_core_interfaces/denso_robot_core_interfaces/msg/detail/user_io__builder.hpp
[10.891s] -- Symlinking: /home/isg/workspace/denso_ros2_ws/install/denso_robot_core_interfaces/include/denso_robot_core_interfaces/denso_robot_core_interfaces/msg/detail/user_io__struct.hpp
[10.908s] -- Symlinking: /home/isg/workspace/denso_ros2_ws/install/denso_robot_core_interfaces/include/denso_robot_core_interfaces/denso_robot_core_interfaces/msg/detail/user_io__traits.hpp
[10.924s] -- Symlinking: /home/isg/workspace/denso_ros2_ws/install/denso_robot_core_interfaces/include/denso_robot_core_interfaces/denso_robot_core_interfaces/msg/detail/user_io__type_support.hpp
[10.940s] -- Symlinking: /home/isg/workspace/denso_ros2_ws/install/denso_robot_core_interfaces/include/denso_robot_core_interfaces/denso_robot_core_interfaces/msg/ex_joints.hpp
[10.956s] -- Symlinking: /home/isg/workspace/denso_ros2_ws/install/denso_robot_core_interfaces/include/denso_robot_core_interfaces/denso_robot_core_interfaces/msg/joints.hpp
[10.973s] -- Symlinking: /home/isg/workspace/denso_ros2_ws/install/denso_robot_core_interfaces/include/denso_robot_core_interfaces/denso_robot_core_interfaces/msg/pose_data.hpp
[10.988s] -- Symlinking: /home/isg/workspace/denso_ros2_ws/install/denso_robot_core_interfaces/include/denso_robot_core_interfaces/denso_robot_core_interfaces/msg/rosidl_generator_cpp__visibility_control.hpp
[11.006s] -- Symlinking: /home/isg/workspace/denso_ros2_ws/install/denso_robot_core_interfaces/include/denso_robot_core_interfaces/denso_robot_core_interfaces/msg/user_io.hpp
[11.023s] -- Symlinking: /home/isg/workspace/denso_ros2_ws/install/denso_robot_core_interfaces/include/denso_robot_core_interfaces/denso_robot_core_interfaces/srv/change_mode.hpp
[11.040s] -- Symlinking: /home/isg/workspace/denso_ros2_ws/install/denso_robot_core_interfaces/include/denso_robot_core_interfaces/denso_robot_core_interfaces/srv/detail/change_mode__builder.hpp
[11.058s] -- Symlinking: /home/isg/workspace/denso_ros2_ws/install/denso_robot_core_interfaces/include/denso_robot_core_interfaces/denso_robot_core_interfaces/srv/detail/change_mode__struct.hpp
[11.074s] -- Symlinking: /home/isg/workspace/denso_ros2_ws/install/denso_robot_core_interfaces/include/denso_robot_core_interfaces/denso_robot_core_interfaces/srv/detail/change_mode__traits.hpp
[11.090s] -- Symlinking: /home/isg/workspace/denso_ros2_ws/install/denso_robot_core_interfaces/include/denso_robot_core_interfaces/denso_robot_core_interfaces/srv/detail/change_mode__type_support.hpp
[11.107s] -- Symlinking: /home/isg/workspace/denso_ros2_ws/install/denso_robot_core_interfaces/include/denso_robot_core_interfaces/denso_robot_core_interfaces/action/detail/drive_string__rosidl_typesupport_fastrtps_cpp.hpp
[11.122s] -- Symlinking: /home/isg/workspace/denso_ros2_ws/install/denso_robot_core_interfaces/include/denso_robot_core_interfaces/denso_robot_core_interfaces/action/detail/drive_value__rosidl_typesupport_fastrtps_cpp.hpp
[11.137s] -- Symlinking: /home/isg/workspace/denso_ros2_ws/install/denso_robot_core_interfaces/include/denso_robot_core_interfaces/denso_robot_core_interfaces/action/detail/move_string__rosidl_typesupport_fastrtps_cpp.hpp
[11.153s] -- Symlinking: /home/isg/workspace/denso_ros2_ws/install/denso_robot_core_interfaces/include/denso_robot_core_interfaces/denso_robot_core_interfaces/action/detail/move_value__rosidl_typesupport_fastrtps_cpp.hpp
[11.168s] -- Symlinking: /home/isg/workspace/denso_ros2_ws/install/denso_robot_core_interfaces/include/denso_robot_core_interfaces/denso_robot_core_interfaces/msg/detail/ex_joints__rosidl_typesupport_fastrtps_cpp.hpp
[11.183s] -- Symlinking: /home/isg/workspace/denso_ros2_ws/install/denso_robot_core_interfaces/include/denso_robot_core_interfaces/denso_robot_core_interfaces/msg/detail/joints__rosidl_typesupport_fastrtps_cpp.hpp
[11.198s] -- Symlinking: /home/isg/workspace/denso_ros2_ws/install/denso_robot_core_interfaces/include/denso_robot_core_interfaces/denso_robot_core_interfaces/msg/detail/pose_data__rosidl_typesupport_fastrtps_cpp.hpp
[11.213s] -- Symlinking: /home/isg/workspace/denso_ros2_ws/install/denso_robot_core_interfaces/include/denso_robot_core_interfaces/denso_robot_core_interfaces/msg/detail/user_io__rosidl_typesupport_fastrtps_cpp.hpp
[11.229s] -- Symlinking: /home/isg/workspace/denso_ros2_ws/install/denso_robot_core_interfaces/include/denso_robot_core_interfaces/denso_robot_core_interfaces/msg/rosidl_typesupport_fastrtps_cpp__visibility_control.h
[11.245s] -- Symlinking: /home/isg/workspace/denso_ros2_ws/install/denso_robot_core_interfaces/include/denso_robot_core_interfaces/denso_robot_core_interfaces/srv/detail/change_mode__rosidl_typesupport_fastrtps_cpp.hpp
[11.261s] -- Symlinking: /home/isg/workspace/denso_ros2_ws/install/denso_robot_core_interfaces/include/denso_robot_core_interfaces/denso_robot_core_interfaces/action/detail/drive_string__rosidl_typesupport_introspection_cpp.hpp
[11.276s] -- Symlinking: /home/isg/workspace/denso_ros2_ws/install/denso_robot_core_interfaces/include/denso_robot_core_interfaces/denso_robot_core_interfaces/action/detail/drive_value__rosidl_typesupport_introspection_cpp.hpp
[11.291s] -- Symlinking: /home/isg/workspace/denso_ros2_ws/install/denso_robot_core_interfaces/include/denso_robot_core_interfaces/denso_robot_core_interfaces/action/detail/move_string__rosidl_typesupport_introspection_cpp.hpp
[11.305s] -- Symlinking: /home/isg/workspace/denso_ros2_ws/install/denso_robot_core_interfaces/include/denso_robot_core_interfaces/denso_robot_core_interfaces/action/detail/move_value__rosidl_typesupport_introspection_cpp.hpp
[11.322s] -- Symlinking: /home/isg/workspace/denso_ros2_ws/install/denso_robot_core_interfaces/include/denso_robot_core_interfaces/denso_robot_core_interfaces/msg/detail/ex_joints__rosidl_typesupport_introspection_cpp.hpp
[11.338s] -- Symlinking: /home/isg/workspace/denso_ros2_ws/install/denso_robot_core_interfaces/include/denso_robot_core_interfaces/denso_robot_core_interfaces/msg/detail/joints__rosidl_typesupport_introspection_cpp.hpp
[11.354s] -- Symlinking: /home/isg/workspace/denso_ros2_ws/install/denso_robot_core_interfaces/include/denso_robot_core_interfaces/denso_robot_core_interfaces/msg/detail/pose_data__rosidl_typesupport_introspection_cpp.hpp
[11.371s] -- Symlinking: /home/isg/workspace/denso_ros2_ws/install/denso_robot_core_interfaces/include/denso_robot_core_interfaces/denso_robot_core_interfaces/msg/detail/user_io__rosidl_typesupport_introspection_cpp.hpp
[11.388s] -- Symlinking: /home/isg/workspace/denso_ros2_ws/install/denso_robot_core_interfaces/include/denso_robot_core_interfaces/denso_robot_core_interfaces/srv/detail/change_mode__rosidl_typesupport_introspection_cpp.hpp
[11.405s] -- Symlinking: /home/isg/workspace/denso_ros2_ws/install/denso_robot_core_interfaces/share/denso_robot_core_interfaces/environment/pythonpath.sh
[11.420s] -- Symlinking: /home/isg/workspace/denso_ros2_ws/install/denso_robot_core_interfaces/share/denso_robot_core_interfaces/environment/pythonpath.dsv
[11.436s] -- Symlinking: /home/isg/workspace/denso_ros2_ws/install/denso_robot_core_interfaces/local/lib/python3.10/dist-packages/denso_robot_core_interfaces-1.2.0-py3.10.egg-info/PKG-INFO
[11.450s] -- Symlinking: /home/isg/workspace/denso_ros2_ws/install/denso_robot_core_interfaces/local/lib/python3.10/dist-packages/denso_robot_core_interfaces-1.2.0-py3.10.egg-info/SOURCES.txt
[11.466s] -- Symlinking: /home/isg/workspace/denso_ros2_ws/install/denso_robot_core_interfaces/local/lib/python3.10/dist-packages/denso_robot_core_interfaces-1.2.0-py3.10.egg-info/dependency_links.txt
[11.482s] -- Symlinking: /home/isg/workspace/denso_ros2_ws/install/denso_robot_core_interfaces/local/lib/python3.10/dist-packages/denso_robot_core_interfaces-1.2.0-py3.10.egg-info/top_level.txt
[11.498s] -- Symlinking: /home/isg/workspace/denso_ros2_ws/install/denso_robot_core_interfaces/local/lib/python3.10/dist-packages/denso_robot_core_interfaces/__init__.py
[11.513s] -- Symlinking: /home/isg/workspace/denso_ros2_ws/install/denso_robot_core_interfaces/local/lib/python3.10/dist-packages/denso_robot_core_interfaces/_denso_robot_core_interfaces_s.ep.rosidl_typesupport_c.c
[11.528s] -- Symlinking: /home/isg/workspace/denso_ros2_ws/install/denso_robot_core_interfaces/local/lib/python3.10/dist-packages/denso_robot_core_interfaces/_denso_robot_core_interfaces_s.ep.rosidl_typesupport_fastrtps_c.c
[11.543s] -- Symlinking: /home/isg/workspace/denso_ros2_ws/install/denso_robot_core_interfaces/local/lib/python3.10/dist-packages/denso_robot_core_interfaces/_denso_robot_core_interfaces_s.ep.rosidl_typesupport_introspection_c.c
[11.559s] -- Symlinking: /home/isg/workspace/denso_ros2_ws/install/denso_robot_core_interfaces/local/lib/python3.10/dist-packages/denso_robot_core_interfaces/action/__init__.py
[11.574s] -- Symlinking: /home/isg/workspace/denso_ros2_ws/install/denso_robot_core_interfaces/local/lib/python3.10/dist-packages/denso_robot_core_interfaces/action/_drive_string.py
[11.589s] -- Symlinking: /home/isg/workspace/denso_ros2_ws/install/denso_robot_core_interfaces/local/lib/python3.10/dist-packages/denso_robot_core_interfaces/action/_drive_string_s.c
[11.604s] -- Symlinking: /home/isg/workspace/denso_ros2_ws/install/denso_robot_core_interfaces/local/lib/python3.10/dist-packages/denso_robot_core_interfaces/action/_drive_value.py
[11.618s] -- Symlinking: /home/isg/workspace/denso_ros2_ws/install/denso_robot_core_interfaces/local/lib/python3.10/dist-packages/denso_robot_core_interfaces/action/_drive_value_s.c
[11.634s] -- Symlinking: /home/isg/workspace/denso_ros2_ws/install/denso_robot_core_interfaces/local/lib/python3.10/dist-packages/denso_robot_core_interfaces/action/_move_string.py
[11.650s] -- Symlinking: /home/isg/workspace/denso_ros2_ws/install/denso_robot_core_interfaces/local/lib/python3.10/dist-packages/denso_robot_core_interfaces/action/_move_string_s.c
[11.665s] -- Symlinking: /home/isg/workspace/denso_ros2_ws/install/denso_robot_core_interfaces/local/lib/python3.10/dist-packages/denso_robot_core_interfaces/action/_move_value.py
[11.680s] -- Symlinking: /home/isg/workspace/denso_ros2_ws/install/denso_robot_core_interfaces/local/lib/python3.10/dist-packages/denso_robot_core_interfaces/action/_move_value_s.c
[11.696s] -- Symlinking: /home/isg/workspace/denso_ros2_ws/install/denso_robot_core_interfaces/local/lib/python3.10/dist-packages/denso_robot_core_interfaces/denso_robot_core_interfaces_s__rosidl_typesupport_c.cpython-310-x86_64-linux-gnu.so
[11.711s] -- Symlinking: /home/isg/workspace/denso_ros2_ws/install/denso_robot_core_interfaces/local/lib/python3.10/dist-packages/denso_robot_core_interfaces/denso_robot_core_interfaces_s__rosidl_typesupport_fastrtps_c.cpython-310-x86_64-linux-gnu.so
[11.726s] -- Symlinking: /home/isg/workspace/denso_ros2_ws/install/denso_robot_core_interfaces/local/lib/python3.10/dist-packages/denso_robot_core_interfaces/denso_robot_core_interfaces_s__rosidl_typesupport_introspection_c.cpython-310-x86_64-linux-gnu.so
[11.741s] -- Symlinking: /home/isg/workspace/denso_ros2_ws/install/denso_robot_core_interfaces/local/lib/python3.10/dist-packages/denso_robot_core_interfaces/libdenso_robot_core_interfaces__rosidl_generator_py.so
[11.756s] -- Symlinking: /home/isg/workspace/denso_ros2_ws/install/denso_robot_core_interfaces/local/lib/python3.10/dist-packages/denso_robot_core_interfaces/msg/__init__.py
[11.773s] -- Symlinking: /home/isg/workspace/denso_ros2_ws/install/denso_robot_core_interfaces/local/lib/python3.10/dist-packages/denso_robot_core_interfaces/msg/_ex_joints.py
[11.789s] -- Symlinking: /home/isg/workspace/denso_ros2_ws/install/denso_robot_core_interfaces/local/lib/python3.10/dist-packages/denso_robot_core_interfaces/msg/_ex_joints_s.c
[11.805s] -- Symlinking: /home/isg/workspace/denso_ros2_ws/install/denso_robot_core_interfaces/local/lib/python3.10/dist-packages/denso_robot_core_interfaces/msg/_joints.py
[11.822s] -- Symlinking: /home/isg/workspace/denso_ros2_ws/install/denso_robot_core_interfaces/local/lib/python3.10/dist-packages/denso_robot_core_interfaces/msg/_joints_s.c
[11.838s] -- Symlinking: /home/isg/workspace/denso_ros2_ws/install/denso_robot_core_interfaces/local/lib/python3.10/dist-packages/denso_robot_core_interfaces/msg/_pose_data.py
[11.855s] -- Symlinking: /home/isg/workspace/denso_ros2_ws/install/denso_robot_core_interfaces/local/lib/python3.10/dist-packages/denso_robot_core_interfaces/msg/_pose_data_s.c
[11.871s] -- Symlinking: /home/isg/workspace/denso_ros2_ws/install/denso_robot_core_interfaces/local/lib/python3.10/dist-packages/denso_robot_core_interfaces/msg/_user_io.py
[11.887s] -- Symlinking: /home/isg/workspace/denso_ros2_ws/install/denso_robot_core_interfaces/local/lib/python3.10/dist-packages/denso_robot_core_interfaces/msg/_user_io_s.c
[11.904s] -- Symlinking: /home/isg/workspace/denso_ros2_ws/install/denso_robot_core_interfaces/local/lib/python3.10/dist-packages/denso_robot_core_interfaces/srv/__init__.py
[11.920s] -- Symlinking: /home/isg/workspace/denso_ros2_ws/install/denso_robot_core_interfaces/local/lib/python3.10/dist-packages/denso_robot_core_interfaces/srv/_change_mode.py
[11.938s] -- Symlinking: /home/isg/workspace/denso_ros2_ws/install/denso_robot_core_interfaces/local/lib/python3.10/dist-packages/denso_robot_core_interfaces/srv/_change_mode_s.c
[11.954s] -- Up-to-date symlink: /home/isg/workspace/denso_ros2_ws/install/denso_robot_core_interfaces/local/lib/python3.10/dist-packages/denso_robot_core_interfaces/denso_robot_core_interfaces_s__rosidl_typesupport_fastrtps_c.cpython-310-x86_64-linux-gnu.so
[11.955s] -- Up-to-date symlink: /home/isg/workspace/denso_ros2_ws/install/denso_robot_core_interfaces/local/lib/python3.10/dist-packages/denso_robot_core_interfaces/denso_robot_core_interfaces_s__rosidl_typesupport_introspection_c.cpython-310-x86_64-linux-gnu.so
[11.955s] -- Up-to-date symlink: /home/isg/workspace/denso_ros2_ws/install/denso_robot_core_interfaces/local/lib/python3.10/dist-packages/denso_robot_core_interfaces/denso_robot_core_interfaces_s__rosidl_typesupport_c.cpython-310-x86_64-linux-gnu.so
[11.956s] -- Symlinking: /home/isg/workspace/denso_ros2_ws/install/denso_robot_core_interfaces/share/denso_robot_core_interfaces/action/DriveString.idl
[11.969s] -- Symlinking: /home/isg/workspace/denso_ros2_ws/install/denso_robot_core_interfaces/share/denso_robot_core_interfaces/action/DriveValue.idl
[11.988s] -- Symlinking: /home/isg/workspace/denso_ros2_ws/install/denso_robot_core_interfaces/share/denso_robot_core_interfaces/action/MoveString.idl
[12.005s] -- Symlinking: /home/isg/workspace/denso_ros2_ws/install/denso_robot_core_interfaces/share/denso_robot_core_interfaces/action/MoveValue.idl
[12.023s] -- Symlinking: /home/isg/workspace/denso_ros2_ws/install/denso_robot_core_interfaces/share/denso_robot_core_interfaces/msg/ExJoints.idl
[12.040s] -- Symlinking: /home/isg/workspace/denso_ros2_ws/install/denso_robot_core_interfaces/share/denso_robot_core_interfaces/msg/Joints.idl
[12.056s] -- Symlinking: /home/isg/workspace/denso_ros2_ws/install/denso_robot_core_interfaces/share/denso_robot_core_interfaces/msg/PoseData.idl
[12.072s] -- Symlinking: /home/isg/workspace/denso_ros2_ws/install/denso_robot_core_interfaces/share/denso_robot_core_interfaces/srv/ChangeMode.idl
[12.089s] -- Symlinking: /home/isg/workspace/denso_ros2_ws/install/denso_robot_core_interfaces/share/denso_robot_core_interfaces/msg/UserIO.idl
[12.106s] -- Symlinking: /home/isg/workspace/denso_ros2_ws/install/denso_robot_core_interfaces/share/denso_robot_core_interfaces/action/DriveString.action
[12.122s] -- Symlinking: /home/isg/workspace/denso_ros2_ws/install/denso_robot_core_interfaces/share/denso_robot_core_interfaces/action/DriveValue.action
[12.140s] -- Symlinking: /home/isg/workspace/denso_ros2_ws/install/denso_robot_core_interfaces/share/denso_robot_core_interfaces/action/MoveString.action
[12.157s] -- Symlinking: /home/isg/workspace/denso_ros2_ws/install/denso_robot_core_interfaces/share/denso_robot_core_interfaces/action/MoveValue.action
[12.173s] -- Symlinking: /home/isg/workspace/denso_ros2_ws/install/denso_robot_core_interfaces/share/denso_robot_core_interfaces/msg/ExJoints.msg
[12.189s] -- Symlinking: /home/isg/workspace/denso_ros2_ws/install/denso_robot_core_interfaces/share/denso_robot_core_interfaces/msg/Joints.msg
[12.205s] -- Symlinking: /home/isg/workspace/denso_ros2_ws/install/denso_robot_core_interfaces/share/denso_robot_core_interfaces/msg/PoseData.msg
[12.222s] -- Symlinking: /home/isg/workspace/denso_ros2_ws/install/denso_robot_core_interfaces/share/denso_robot_core_interfaces/srv/ChangeMode.srv
[12.238s] -- Symlinking: /home/isg/workspace/denso_ros2_ws/install/denso_robot_core_interfaces/share/denso_robot_core_interfaces/srv/ChangeMode_Request.msg
[12.254s] -- Symlinking: /home/isg/workspace/denso_ros2_ws/install/denso_robot_core_interfaces/share/denso_robot_core_interfaces/srv/ChangeMode_Response.msg
[12.270s] -- Symlinking: /home/isg/workspace/denso_ros2_ws/install/denso_robot_core_interfaces/share/denso_robot_core_interfaces/msg/UserIO.msg
[12.284s] -- Symlinking: /home/isg/workspace/denso_ros2_ws/install/denso_robot_core_interfaces/share/ament_index/resource_index/package_run_dependencies/denso_robot_core_interfaces
[12.301s] -- Symlinking: /home/isg/workspace/denso_ros2_ws/install/denso_robot_core_interfaces/share/ament_index/resource_index/parent_prefix_path/denso_robot_core_interfaces
[12.312s] -- Symlinking: /home/isg/workspace/denso_ros2_ws/install/denso_robot_core_interfaces/share/denso_robot_core_interfaces/environment/ament_prefix_path.sh
[12.322s] -- Symlinking: /home/isg/workspace/denso_ros2_ws/install/denso_robot_core_interfaces/share/denso_robot_core_interfaces/environment/ament_prefix_path.dsv
[12.339s] -- Symlinking: /home/isg/workspace/denso_ros2_ws/install/denso_robot_core_interfaces/share/denso_robot_core_interfaces/environment/path.sh
[12.355s] -- Symlinking: /home/isg/workspace/denso_ros2_ws/install/denso_robot_core_interfaces/share/denso_robot_core_interfaces/environment/path.dsv
[12.366s] -- Symlinking: /home/isg/workspace/denso_ros2_ws/install/denso_robot_core_interfaces/share/denso_robot_core_interfaces/local_setup.bash
[12.378s] -- Symlinking: /home/isg/workspace/denso_ros2_ws/install/denso_robot_core_interfaces/share/denso_robot_core_interfaces/local_setup.sh
[12.395s] -- Symlinking: /home/isg/workspace/denso_ros2_ws/install/denso_robot_core_interfaces/share/denso_robot_core_interfaces/local_setup.zsh
[12.409s] -- Symlinking: /home/isg/workspace/denso_ros2_ws/install/denso_robot_core_interfaces/share/denso_robot_core_interfaces/local_setup.dsv
[12.424s] -- Symlinking: /home/isg/workspace/denso_ros2_ws/install/denso_robot_core_interfaces/share/denso_robot_core_interfaces/package.dsv
[12.439s] -- Symlinking: /home/isg/workspace/denso_ros2_ws/install/denso_robot_core_interfaces/share/ament_index/resource_index/packages/denso_robot_core_interfaces
[12.455s] -- Symlinking: /home/isg/workspace/denso_ros2_ws/install/denso_robot_core_interfaces/share/denso_robot_core_interfaces/cmake/rosidl_cmake-extras.cmake
[12.470s] -- Symlinking: /home/isg/workspace/denso_ros2_ws/install/denso_robot_core_interfaces/share/denso_robot_core_interfaces/cmake/ament_cmake_export_dependencies-extras.cmake
[12.485s] -- Symlinking: /home/isg/workspace/denso_ros2_ws/install/denso_robot_core_interfaces/share/denso_robot_core_interfaces/cmake/ament_cmake_export_include_directories-extras.cmake
[12.501s] -- Symlinking: /home/isg/workspace/denso_ros2_ws/install/denso_robot_core_interfaces/share/denso_robot_core_interfaces/cmake/ament_cmake_export_libraries-extras.cmake
[12.517s] -- Symlinking: /home/isg/workspace/denso_ros2_ws/install/denso_robot_core_interfaces/share/denso_robot_core_interfaces/cmake/ament_cmake_export_targets-extras.cmake
[12.533s] -- Symlinking: /home/isg/workspace/denso_ros2_ws/install/denso_robot_core_interfaces/share/denso_robot_core_interfaces/cmake/rosidl_cmake_export_typesupport_targets-extras.cmake
[12.549s] -- Symlinking: /home/isg/workspace/denso_ros2_ws/install/denso_robot_core_interfaces/share/denso_robot_core_interfaces/cmake/rosidl_cmake_export_typesupport_libraries-extras.cmake
[12.565s] -- Symlinking: /home/isg/workspace/denso_ros2_ws/install/denso_robot_core_interfaces/share/denso_robot_core_interfaces/cmake/denso_robot_core_interfacesConfig.cmake
[12.580s] -- Symlinking: /home/isg/workspace/denso_ros2_ws/install/denso_robot_core_interfaces/share/denso_robot_core_interfaces/cmake/denso_robot_core_interfacesConfig-version.cmake
[12.595s] -- Symlinking: /home/isg/workspace/denso_ros2_ws/install/denso_robot_core_interfaces/share/denso_robot_core_interfaces/package.xml
[12.610s] -- Installing: /home/isg/workspace/denso_ros2_ws/install/denso_robot_core_interfaces/lib/libdenso_robot_core_interfaces__rosidl_generator_c.so
[12.611s] -- Set runtime path of "/home/isg/workspace/denso_ros2_ws/install/denso_robot_core_interfaces/lib/libdenso_robot_core_interfaces__rosidl_generator_c.so" to ""
[12.611s] -- Installing: /home/isg/workspace/denso_ros2_ws/install/denso_robot_core_interfaces/lib/libdenso_robot_core_interfaces__rosidl_typesupport_fastrtps_c.so
[12.612s] -- Set runtime path of "/home/isg/workspace/denso_ros2_ws/install/denso_robot_core_interfaces/lib/libdenso_robot_core_interfaces__rosidl_typesupport_fastrtps_c.so" to ""
[12.612s] -- Installing: /home/isg/workspace/denso_ros2_ws/install/denso_robot_core_interfaces/lib/libdenso_robot_core_interfaces__rosidl_typesupport_introspection_c.so
[12.613s] -- Set runtime path of "/home/isg/workspace/denso_ros2_ws/install/denso_robot_core_interfaces/lib/libdenso_robot_core_interfaces__rosidl_typesupport_introspection_c.so" to ""
[12.613s] -- Installing: /home/isg/workspace/denso_ros2_ws/install/denso_robot_core_interfaces/lib/libdenso_robot_core_interfaces__rosidl_typesupport_c.so
[12.614s] -- Set runtime path of "/home/isg/workspace/denso_ros2_ws/install/denso_robot_core_interfaces/lib/libdenso_robot_core_interfaces__rosidl_typesupport_c.so" to ""
[12.614s] -- Installing: /home/isg/workspace/denso_ros2_ws/install/denso_robot_core_interfaces/lib/libdenso_robot_core_interfaces__rosidl_typesupport_fastrtps_cpp.so
[12.615s] -- Set runtime path of "/home/isg/workspace/denso_ros2_ws/install/denso_robot_core_interfaces/lib/libdenso_robot_core_interfaces__rosidl_typesupport_fastrtps_cpp.so" to ""
[12.615s] -- Installing: /home/isg/workspace/denso_ros2_ws/install/denso_robot_core_interfaces/lib/libdenso_robot_core_interfaces__rosidl_typesupport_introspection_cpp.so
[12.616s] -- Set runtime path of "/home/isg/workspace/denso_ros2_ws/install/denso_robot_core_interfaces/lib/libdenso_robot_core_interfaces__rosidl_typesupport_introspection_cpp.so" to ""
[12.616s] -- Installing: /home/isg/workspace/denso_ros2_ws/install/denso_robot_core_interfaces/lib/libdenso_robot_core_interfaces__rosidl_typesupport_cpp.so
[12.617s] -- Set runtime path of "/home/isg/workspace/denso_ros2_ws/install/denso_robot_core_interfaces/lib/libdenso_robot_core_interfaces__rosidl_typesupport_cpp.so" to ""
[12.672s] Listing '/home/isg/workspace/denso_ros2_ws/install/denso_robot_core_interfaces/local/lib/python3.10/dist-packages/denso_robot_core_interfaces'...
[12.672s] Compiling '/home/isg/workspace/denso_ros2_ws/install/denso_robot_core_interfaces/local/lib/python3.10/dist-packages/denso_robot_core_interfaces/__init__.py'...
[12.672s] Listing '/home/isg/workspace/denso_ros2_ws/install/denso_robot_core_interfaces/local/lib/python3.10/dist-packages/denso_robot_core_interfaces/action'...
[12.672s] Compiling '/home/isg/workspace/denso_ros2_ws/install/denso_robot_core_interfaces/local/lib/python3.10/dist-packages/denso_robot_core_interfaces/action/__init__.py'...
[12.672s] Compiling '/home/isg/workspace/denso_ros2_ws/install/denso_robot_core_interfaces/local/lib/python3.10/dist-packages/denso_robot_core_interfaces/action/_drive_string.py'...
[12.672s] Compiling '/home/isg/workspace/denso_ros2_ws/install/denso_robot_core_interfaces/local/lib/python3.10/dist-packages/denso_robot_core_interfaces/action/_drive_value.py'...
[12.672s] Compiling '/home/isg/workspace/denso_ros2_ws/install/denso_robot_core_interfaces/local/lib/python3.10/dist-packages/denso_robot_core_interfaces/action/_move_string.py'...
[12.672s] Compiling '/home/isg/workspace/denso_ros2_ws/install/denso_robot_core_interfaces/local/lib/python3.10/dist-packages/denso_robot_core_interfaces/action/_move_value.py'...
[12.672s] Listing '/home/isg/workspace/denso_ros2_ws/install/denso_robot_core_interfaces/local/lib/python3.10/dist-packages/denso_robot_core_interfaces/msg'...
[12.672s] Compiling '/home/isg/workspace/denso_ros2_ws/install/denso_robot_core_interfaces/local/lib/python3.10/dist-packages/denso_robot_core_interfaces/msg/__init__.py'...
[12.673s] Compiling '/home/isg/workspace/denso_ros2_ws/install/denso_robot_core_interfaces/local/lib/python3.10/dist-packages/denso_robot_core_interfaces/msg/_ex_joints.py'...
[12.673s] Compiling '/home/isg/workspace/denso_ros2_ws/install/denso_robot_core_interfaces/local/lib/python3.10/dist-packages/denso_robot_core_interfaces/msg/_joints.py'...
[12.673s] Compiling '/home/isg/workspace/denso_ros2_ws/install/denso_robot_core_interfaces/local/lib/python3.10/dist-packages/denso_robot_core_interfaces/msg/_pose_data.py'...
[12.673s] Compiling '/home/isg/workspace/denso_ros2_ws/install/denso_robot_core_interfaces/local/lib/python3.10/dist-packages/denso_robot_core_interfaces/msg/_user_io.py'...
[12.673s] Listing '/home/isg/workspace/denso_ros2_ws/install/denso_robot_core_interfaces/local/lib/python3.10/dist-packages/denso_robot_core_interfaces/srv'...
[12.673s] Compiling '/home/isg/workspace/denso_ros2_ws/install/denso_robot_core_interfaces/local/lib/python3.10/dist-packages/denso_robot_core_interfaces/srv/__init__.py'...
[12.673s] Compiling '/home/isg/workspace/denso_ros2_ws/install/denso_robot_core_interfaces/local/lib/python3.10/dist-packages/denso_robot_core_interfaces/srv/_change_mode.py'...
[12.675s] -- Installing: /home/isg/workspace/denso_ros2_ws/install/denso_robot_core_interfaces/lib/libdenso_robot_core_interfaces__rosidl_generator_py.so
[12.676s] -- Set runtime path of "/home/isg/workspace/denso_ros2_ws/install/denso_robot_core_interfaces/lib/libdenso_robot_core_interfaces__rosidl_generator_py.so" to ""
[12.676s] -- Installing: /home/isg/workspace/denso_ros2_ws/install/denso_robot_core_interfaces/share/denso_robot_core_interfaces/cmake/export_denso_robot_core_interfaces__rosidl_generator_cExport.cmake
[12.677s] -- Installing: /home/isg/workspace/denso_ros2_ws/install/denso_robot_core_interfaces/share/denso_robot_core_interfaces/cmake/export_denso_robot_core_interfaces__rosidl_generator_cExport-noconfig.cmake
[12.677s] -- Installing: /home/isg/workspace/denso_ros2_ws/install/denso_robot_core_interfaces/share/denso_robot_core_interfaces/cmake/export_denso_robot_core_interfaces__rosidl_typesupport_fastrtps_cExport.cmake
[12.677s] -- Installing: /home/isg/workspace/denso_ros2_ws/install/denso_robot_core_interfaces/share/denso_robot_core_interfaces/cmake/export_denso_robot_core_interfaces__rosidl_typesupport_fastrtps_cExport-noconfig.cmake
[12.677s] -- Installing: /home/isg/workspace/denso_ros2_ws/install/denso_robot_core_interfaces/share/denso_robot_core_interfaces/cmake/denso_robot_core_interfaces__rosidl_typesupport_introspection_cExport.cmake
[12.678s] -- Installing: /home/isg/workspace/denso_ros2_ws/install/denso_robot_core_interfaces/share/denso_robot_core_interfaces/cmake/denso_robot_core_interfaces__rosidl_typesupport_introspection_cExport-noconfig.cmake
[12.678s] -- Installing: /home/isg/workspace/denso_ros2_ws/install/denso_robot_core_interfaces/share/denso_robot_core_interfaces/cmake/denso_robot_core_interfaces__rosidl_typesupport_cExport.cmake
[12.678s] -- Installing: /home/isg/workspace/denso_ros2_ws/install/denso_robot_core_interfaces/share/denso_robot_core_interfaces/cmake/denso_robot_core_interfaces__rosidl_typesupport_cExport-noconfig.cmake
[12.679s] -- Installing: /home/isg/workspace/denso_ros2_ws/install/denso_robot_core_interfaces/share/denso_robot_core_interfaces/cmake/export_denso_robot_core_interfaces__rosidl_generator_cppExport.cmake
[12.679s] -- Installing: /home/isg/workspace/denso_ros2_ws/install/denso_robot_core_interfaces/share/denso_robot_core_interfaces/cmake/export_denso_robot_core_interfaces__rosidl_typesupport_fastrtps_cppExport.cmake
[12.679s] -- Installing: /home/isg/workspace/denso_ros2_ws/install/denso_robot_core_interfaces/share/denso_robot_core_interfaces/cmake/export_denso_robot_core_interfaces__rosidl_typesupport_fastrtps_cppExport-noconfig.cmake
[12.679s] -- Installing: /home/isg/workspace/denso_ros2_ws/install/denso_robot_core_interfaces/share/denso_robot_core_interfaces/cmake/denso_robot_core_interfaces__rosidl_typesupport_introspection_cppExport.cmake
[12.680s] -- Installing: /home/isg/workspace/denso_ros2_ws/install/denso_robot_core_interfaces/share/denso_robot_core_interfaces/cmake/denso_robot_core_interfaces__rosidl_typesupport_introspection_cppExport-noconfig.cmake
[12.680s] -- Installing: /home/isg/workspace/denso_ros2_ws/install/denso_robot_core_interfaces/share/denso_robot_core_interfaces/cmake/denso_robot_core_interfaces__rosidl_typesupport_cppExport.cmake
[12.680s] -- Installing: /home/isg/workspace/denso_ros2_ws/install/denso_robot_core_interfaces/share/denso_robot_core_interfaces/cmake/denso_robot_core_interfaces__rosidl_typesupport_cppExport-noconfig.cmake
[12.681s] -- Installing: /home/isg/workspace/denso_ros2_ws/install/denso_robot_core_interfaces/share/denso_robot_core_interfaces/cmake/export_denso_robot_core_interfaces__rosidl_generator_pyExport.cmake
[12.681s] -- Installing: /home/isg/workspace/denso_ros2_ws/install/denso_robot_core_interfaces/share/denso_robot_core_interfaces/cmake/export_denso_robot_core_interfaces__rosidl_generator_pyExport-noconfig.cmake
[12.685s] Invoked command in '/home/isg/workspace/denso_ros2_ws/build/denso_robot_core_interfaces' returned '0': AMENT_PREFIX_PATH=/home/isg/workspace/denso_ros2_ws/install/bcap_service:/home/isg/workspace/denso_ros2_ws/install/bcap_service_interfaces:/home/isg/workspace/denso_ros2_ws/install/bcap_core:${AMENT_PREFIX_PATH} CMAKE_PREFIX_PATH=/home/isg/workspace/denso_ros2_ws/install/bcap_service:/home/isg/workspace/denso_ros2_ws/install/bcap_service_interfaces:/home/isg/workspace/denso_ros2_ws/install/bcap_core:/home/isg/workspace/denso_ros2_ws/src/install/ros2_control_demos:/home/isg/workspace/denso_ros2_ws/src/install/ros2_control_demo_example_9:/home/isg/workspace/denso_ros2_ws/src/install/ros2_control_demo_example_8:/home/isg/workspace/denso_ros2_ws/src/install/ros2_control_demo_example_7:/home/isg/workspace/denso_ros2_ws/src/install/ros2_control_demo_example_6:/home/isg/workspace/denso_ros2_ws/src/install/ros2_control_demo_example_15:/home/isg/workspace/denso_ros2_ws/src/install/ros2_control_demo_example_13:/home/isg/workspace/denso_ros2_ws/src/install/ros2_control_demo_example_5:/home/isg/workspace/denso_ros2_ws/src/install/ros2_control_demo_example_4:/home/isg/workspace/denso_ros2_ws/src/install/ros2_control_demo_example_3:/home/isg/workspace/denso_ros2_ws/src/install/ros2_control_demo_example_2:/home/isg/workspace/denso_ros2_ws/src/install/ros2_control_demo_example_14:/home/isg/workspace/denso_ros2_ws/src/install/ros2_control_demo_example_12:/home/isg/workspace/denso_ros2_ws/src/install/ros2_control_demo_example_11:/home/isg/workspace/denso_ros2_ws/src/install/ros2_control_demo_example_10:/home/isg/workspace/denso_ros2_ws/src/install/ros2_control_demo_example_1:/home/isg/workspace/denso_ros2_ws/src/install/ros2_control_demo_description:/home/isg/workspace/denso_ros2_ws/src/install/gazebo_ros2_control_demos:/home/isg/workspace/denso_ros2_ws/src/install/denso_robot_bringup:/home/isg/workspace/denso_ros2_ws/src/install/gazebo_ros2_control:/home/isg/workspace/denso_ros2_ws/src/install/denso_robot_moveit_demo:/home/isg/workspace/denso_ros2_ws/src/install/denso_robot_moveit_config:/home/isg/workspace/denso_ros2_ws/src/install/denso_robot_descriptions:/home/isg/workspace/denso_ros2_ws/src/install/denso_robot_control:/home/isg/workspace/denso_ros2_ws/src/install/denso_robot_core:/home/isg/workspace/denso_ros2_ws/src/install/denso_robot_core_interfaces:/home/isg/workspace/denso_ros2_ws/src/install/bcap_service:/home/isg/workspace/denso_ros2_ws/src/install/bcap_service_interfaces:/home/isg/workspace/denso_ros2_ws/src/install/bcap_core:/home/isg/workspace/denso_ros2_ws/src/install/denso_robot_description_installer:/opt/ros/humble LD_LIBRARY_PATH=/home/isg/workspace/denso_ros2_ws/install/bcap_service/lib:/home/isg/workspace/denso_ros2_ws/install/bcap_service_interfaces/lib:/home/isg/workspace/denso_ros2_ws/install/bcap_core/lib:${LD_LIBRARY_PATH} PYTHONPATH=/home/isg/workspace/denso_ros2_ws/install/bcap_service_interfaces/local/lib/python3.10/dist-packages:${PYTHONPATH} /usr/bin/cmake --install /home/isg/workspace/denso_ros2_ws/build/denso_robot_core_interfaces
