[0.012s] Invoking command in '/home/isg/workspace/denso_ros2_ws/src/build/ros2_control_demo_example_9': AMENT_PREFIX_PATH=/home/isg/workspace/denso_ros2_ws/src/install/ros2_control_demo_description:${AMENT_PREFIX_PATH} CMAKE_PREFIX_PATH=/home/isg/workspace/denso_ros2_ws/src/install/ros2_control_demo_description:/opt/ros/humble /usr/bin/cmake /home/isg/workspace/denso_ros2_ws/src/ros2_control_demos/example_9 -DCMAKE_BUILD_TYPE=Release -DCMAKE_INSTALL_PREFIX=/home/isg/workspace/denso_ros2_ws/src/install/ros2_control_demo_example_9
[2.924s] -- The CXX compiler identification is GNU 11.4.0
[2.924s] -- Detecting CXX compiler ABI info
[2.924s] -- Detecting CXX compiler ABI info - done
[2.924s] -- Check for working CXX compiler: /usr/bin/c++ - skipped
[2.924s] -- Detecting CXX compile features
[2.924s] -- Detecting CXX compile features - done
[2.924s] -- Found ament_cmake: 1.3.12 (/opt/ros/humble/share/ament_cmake/cmake)
[2.924s] -- Found Python3: /usr/bin/python3 (found version "3.10.12") found components: Interpreter 
[2.924s] -- Found hardware_interface: 2.51.0 (/opt/ros/humble/share/hardware_interface/cmake)
[2.924s] -- Found rosidl_generator_c: 3.1.7 (/opt/ros/humble/share/rosidl_generator_c/cmake)
[2.924s] -- Found rosidl_adapter: 3.1.7 (/opt/ros/humble/share/rosidl_adapter/cmake)
[2.924s] -- Found rosidl_generator_cpp: 3.1.7 (/opt/ros/humble/share/rosidl_generator_cpp/cmake)
[2.924s] -- Using all available rosidl_typesupport_c: rosidl_typesupport_fastrtps_c;rosidl_typesupport_introspection_c
[2.925s] -- Using all available rosidl_typesupport_cpp: rosidl_typesupport_fastrtps_cpp;rosidl_typesupport_introspection_cpp
[2.925s] -- Found rmw_implementation_cmake: 6.1.2 (/opt/ros/humble/share/rmw_implementation_cmake/cmake)
[2.925s] -- Found rmw_fastrtps_cpp: 6.2.8 (/opt/ros/humble/share/rmw_fastrtps_cpp/cmake)
[2.925s] -- Found TinyXML2 via Config file: TinyXML2_DIR-NOTFOUND
[2.925s] -- Found OpenSSL: /usr/lib/x86_64-linux-gnu/libcrypto.so (found version "3.0.2")  
[2.925s] -- Found TinyXML2 via Config file: TinyXML2_DIR-NOTFOUND
[2.925s] -- Found FastRTPS: /opt/ros/humble/include  
[2.925s] -- Found TinyXML2 via Config file: TinyXML2_DIR-NOTFOUND
[2.925s] -- Found TinyXML2 via Config file: TinyXML2_DIR-NOTFOUND
[2.925s] -- Using RMW implementation 'rmw_fastrtps_cpp' as default
[2.925s] -- Looking for C++ include pthread.h
[2.925s] -- Looking for C++ include pthread.h - found
[2.925s] -- Performing Test CMAKE_HAVE_LIBC_PTHREAD
[2.925s] -- Performing Test CMAKE_HAVE_LIBC_PTHREAD - Success
[2.926s] -- Found Threads: TRUE  
[2.926s] -- Found ament_cmake_pytest: 1.3.12 (/opt/ros/humble/share/ament_cmake_pytest/cmake)
[3.455s] -- Configuring done
[3.519s] -- Generating done
[3.530s] -- Build files have been written to: /home/isg/workspace/denso_ros2_ws/src/build/ros2_control_demo_example_9
[3.551s] Invoked command in '/home/isg/workspace/denso_ros2_ws/src/build/ros2_control_demo_example_9' returned '0': AMENT_PREFIX_PATH=/home/isg/workspace/denso_ros2_ws/src/install/ros2_control_demo_description:${AMENT_PREFIX_PATH} CMAKE_PREFIX_PATH=/home/isg/workspace/denso_ros2_ws/src/install/ros2_control_demo_description:/opt/ros/humble /usr/bin/cmake /home/isg/workspace/denso_ros2_ws/src/ros2_control_demos/example_9 -DCMAKE_BUILD_TYPE=Release -DCMAKE_INSTALL_PREFIX=/home/isg/workspace/denso_ros2_ws/src/install/ros2_control_demo_example_9
[3.552s] Invoking command in '/home/isg/workspace/denso_ros2_ws/src/build/ros2_control_demo_example_9': AMENT_PREFIX_PATH=/home/isg/workspace/denso_ros2_ws/src/install/ros2_control_demo_description:${AMENT_PREFIX_PATH} CMAKE_PREFIX_PATH=/home/isg/workspace/denso_ros2_ws/src/install/ros2_control_demo_description:/opt/ros/humble /usr/bin/cmake --build /home/isg/workspace/denso_ros2_ws/src/build/ros2_control_demo_example_9 -- -j16 -l16
[12.388s] [ 50%] [32mBuilding CXX object CMakeFiles/ros2_control_demo_example_9.dir/hardware/rrbot.cpp.o[0m
[12.804s] [100%] [32m[1mLinking CXX shared library libros2_control_demo_example_9.so[0m
[13.098s] [100%] Built target ros2_control_demo_example_9
[13.121s] Invoked command in '/home/isg/workspace/denso_ros2_ws/src/build/ros2_control_demo_example_9' returned '0': AMENT_PREFIX_PATH=/home/isg/workspace/denso_ros2_ws/src/install/ros2_control_demo_description:${AMENT_PREFIX_PATH} CMAKE_PREFIX_PATH=/home/isg/workspace/denso_ros2_ws/src/install/ros2_control_demo_description:/opt/ros/humble /usr/bin/cmake --build /home/isg/workspace/denso_ros2_ws/src/build/ros2_control_demo_example_9 -- -j16 -l16
[13.122s] Invoking command in '/home/isg/workspace/denso_ros2_ws/src/build/ros2_control_demo_example_9': AMENT_PREFIX_PATH=/home/isg/workspace/denso_ros2_ws/src/install/ros2_control_demo_description:${AMENT_PREFIX_PATH} CMAKE_PREFIX_PATH=/home/isg/workspace/denso_ros2_ws/src/install/ros2_control_demo_description:/opt/ros/humble /usr/bin/cmake --install /home/isg/workspace/denso_ros2_ws/src/build/ros2_control_demo_example_9
[13.133s] -- Install configuration: "Release"
[13.133s] -- Installing: /home/isg/workspace/denso_ros2_ws/src/install/ros2_control_demo_example_9/share/ros2_control_demo_example_9/ros2_control_demo_example_9.xml
[13.133s] -- Installing: /home/isg/workspace/denso_ros2_ws/src/install/ros2_control_demo_example_9/include/ros2_control_demo_example_9
[13.133s] -- Installing: /home/isg/workspace/denso_ros2_ws/src/install/ros2_control_demo_example_9/include/ros2_control_demo_example_9/ros2_control_demo_example_9
[13.133s] -- Installing: /home/isg/workspace/denso_ros2_ws/src/install/ros2_control_demo_example_9/include/ros2_control_demo_example_9/ros2_control_demo_example_9/rrbot.hpp
[13.133s] -- Installing: /home/isg/workspace/denso_ros2_ws/src/install/ros2_control_demo_example_9/share/ros2_control_demo_example_9/launch
[13.134s] -- Installing: /home/isg/workspace/denso_ros2_ws/src/install/ros2_control_demo_example_9/share/ros2_control_demo_example_9/launch/view_robot.launch.py
[13.134s] -- Installing: /home/isg/workspace/denso_ros2_ws/src/install/ros2_control_demo_example_9/share/ros2_control_demo_example_9/ros2_control
[13.134s] -- Installing: /home/isg/workspace/denso_ros2_ws/src/install/ros2_control_demo_example_9/share/ros2_control_demo_example_9/ros2_control/rrbot.ros2_control.xacro
[13.135s] -- Installing: /home/isg/workspace/denso_ros2_ws/src/install/ros2_control_demo_example_9/share/ros2_control_demo_example_9/urdf
[13.135s] -- Installing: /home/isg/workspace/denso_ros2_ws/src/install/ros2_control_demo_example_9/share/ros2_control_demo_example_9/urdf/rrbot.urdf.xacro
[13.135s] -- Installing: /home/isg/workspace/denso_ros2_ws/src/install/ros2_control_demo_example_9/share/ros2_control_demo_example_9/gazebo
[13.135s] -- Installing: /home/isg/workspace/denso_ros2_ws/src/install/ros2_control_demo_example_9/share/ros2_control_demo_example_9/gazebo/rrbot.gazebo.xacro
[13.135s] -- Up-to-date: /home/isg/workspace/denso_ros2_ws/src/install/ros2_control_demo_example_9/share/ros2_control_demo_example_9/launch
[13.135s] -- Installing: /home/isg/workspace/denso_ros2_ws/src/install/ros2_control_demo_example_9/share/ros2_control_demo_example_9/launch/rrbot_gazebo.launch.py
[13.135s] -- Installing: /home/isg/workspace/denso_ros2_ws/src/install/ros2_control_demo_example_9/share/ros2_control_demo_example_9/launch/rrbot.launch.py
[13.135s] -- Installing: /home/isg/workspace/denso_ros2_ws/src/install/ros2_control_demo_example_9/share/ros2_control_demo_example_9/launch/test_forward_position_controller.launch.py
[13.135s] -- Installing: /home/isg/workspace/denso_ros2_ws/src/install/ros2_control_demo_example_9/share/ros2_control_demo_example_9/config
[13.136s] -- Installing: /home/isg/workspace/denso_ros2_ws/src/install/ros2_control_demo_example_9/share/ros2_control_demo_example_9/config/rrbot_forward_position_publisher.yaml
[13.136s] -- Installing: /home/isg/workspace/denso_ros2_ws/src/install/ros2_control_demo_example_9/share/ros2_control_demo_example_9/config/rrbot_controllers.yaml
[13.136s] -- Installing: /home/isg/workspace/denso_ros2_ws/src/install/ros2_control_demo_example_9/lib/libros2_control_demo_example_9.so
[13.136s] -- Set runtime path of "/home/isg/workspace/denso_ros2_ws/src/install/ros2_control_demo_example_9/lib/libros2_control_demo_example_9.so" to ""
[13.136s] -- Installing: /home/isg/workspace/denso_ros2_ws/src/install/ros2_control_demo_example_9/share/ros2_control_demo_example_9/environment/library_path.sh
[13.136s] -- Installing: /home/isg/workspace/denso_ros2_ws/src/install/ros2_control_demo_example_9/share/ros2_control_demo_example_9/environment/library_path.dsv
[13.136s] -- Installing: /home/isg/workspace/denso_ros2_ws/src/install/ros2_control_demo_example_9/share/ament_index/resource_index/package_run_dependencies/ros2_control_demo_example_9
[13.137s] -- Installing: /home/isg/workspace/denso_ros2_ws/src/install/ros2_control_demo_example_9/share/ament_index/resource_index/parent_prefix_path/ros2_control_demo_example_9
[13.138s] -- Installing: /home/isg/workspace/denso_ros2_ws/src/install/ros2_control_demo_example_9/share/ros2_control_demo_example_9/environment/ament_prefix_path.sh
[13.138s] -- Installing: /home/isg/workspace/denso_ros2_ws/src/install/ros2_control_demo_example_9/share/ros2_control_demo_example_9/environment/ament_prefix_path.dsv
[13.138s] -- Installing: /home/isg/workspace/denso_ros2_ws/src/install/ros2_control_demo_example_9/share/ros2_control_demo_example_9/environment/path.sh
[13.138s] -- Installing: /home/isg/workspace/denso_ros2_ws/src/install/ros2_control_demo_example_9/share/ros2_control_demo_example_9/environment/path.dsv
[13.138s] -- Installing: /home/isg/workspace/denso_ros2_ws/src/install/ros2_control_demo_example_9/share/ros2_control_demo_example_9/local_setup.bash
[13.139s] -- Installing: /home/isg/workspace/denso_ros2_ws/src/install/ros2_control_demo_example_9/share/ros2_control_demo_example_9/local_setup.sh
[13.139s] -- Installing: /home/isg/workspace/denso_ros2_ws/src/install/ros2_control_demo_example_9/share/ros2_control_demo_example_9/local_setup.zsh
[13.139s] -- Installing: /home/isg/workspace/denso_ros2_ws/src/install/ros2_control_demo_example_9/share/ros2_control_demo_example_9/local_setup.dsv
[13.139s] -- Installing: /home/isg/workspace/denso_ros2_ws/src/install/ros2_control_demo_example_9/share/ros2_control_demo_example_9/package.dsv
[13.139s] -- Installing: /home/isg/workspace/denso_ros2_ws/src/install/ros2_control_demo_example_9/share/ament_index/resource_index/packages/ros2_control_demo_example_9
[13.139s] -- Installing: /home/isg/workspace/denso_ros2_ws/src/install/ros2_control_demo_example_9/share/ament_index/resource_index/hardware_interface__pluginlib__plugin/ros2_control_demo_example_9
[13.139s] -- Installing: /home/isg/workspace/denso_ros2_ws/src/install/ros2_control_demo_example_9/share/ros2_control_demo_example_9/cmake/export_ros2_control_demo_example_9Export.cmake
[13.140s] -- Installing: /home/isg/workspace/denso_ros2_ws/src/install/ros2_control_demo_example_9/share/ros2_control_demo_example_9/cmake/export_ros2_control_demo_example_9Export-release.cmake
[13.140s] -- Installing: /home/isg/workspace/denso_ros2_ws/src/install/ros2_control_demo_example_9/share/ros2_control_demo_example_9/cmake/ament_cmake_export_targets-extras.cmake
[13.141s] -- Installing: /home/isg/workspace/denso_ros2_ws/src/install/ros2_control_demo_example_9/share/ros2_control_demo_example_9/cmake/ament_cmake_export_dependencies-extras.cmake
[13.141s] -- Installing: /home/isg/workspace/denso_ros2_ws/src/install/ros2_control_demo_example_9/share/ros2_control_demo_example_9/cmake/ros2_control_demo_example_9Config.cmake
[13.141s] -- Installing: /home/isg/workspace/denso_ros2_ws/src/install/ros2_control_demo_example_9/share/ros2_control_demo_example_9/cmake/ros2_control_demo_example_9Config-version.cmake
[13.142s] -- Installing: /home/isg/workspace/denso_ros2_ws/src/install/ros2_control_demo_example_9/share/ros2_control_demo_example_9/package.xml
[13.148s] Invoked command in '/home/isg/workspace/denso_ros2_ws/src/build/ros2_control_demo_example_9' returned '0': AMENT_PREFIX_PATH=/home/isg/workspace/denso_ros2_ws/src/install/ros2_control_demo_description:${AMENT_PREFIX_PATH} CMAKE_PREFIX_PATH=/home/isg/workspace/denso_ros2_ws/src/install/ros2_control_demo_description:/opt/ros/humble /usr/bin/cmake --install /home/isg/workspace/denso_ros2_ws/src/build/ros2_control_demo_example_9
