[0.123s] Invoking command in '/home/isg/workspace/denso_ros2_ws/src/build/ros2_control_demo_example_11': AMENT_PREFIX_PATH=/home/isg/workspace/denso_ros2_ws/src/install/ros2_control_demo_description:${AMENT_PREFIX_PATH} CMAKE_PREFIX_PATH=/home/isg/workspace/denso_ros2_ws/src/install/ros2_control_demo_description:/opt/ros/humble /usr/bin/cmake /home/isg/workspace/denso_ros2_ws/src/ros2_control_demos/example_11 -DCMAKE_BUILD_TYPE=Release -DCMAKE_INSTALL_PREFIX=/home/isg/workspace/denso_ros2_ws/src/install/ros2_control_demo_example_11
[0.259s] -- The CXX compiler identification is GNU 11.4.0
[0.274s] -- Detecting CXX compiler ABI info
[0.388s] -- Detecting CXX compiler ABI info - done
[0.399s] -- Check for working CXX compiler: /usr/bin/c++ - skipped
[0.399s] -- Detecting CXX compile features
[0.400s] -- Detecting CXX compile features - done
[0.405s] -- Found ament_cmake: 1.3.12 (/opt/ros/humble/share/ament_cmake/cmake)
[0.582s] -- Found Python3: /usr/bin/python3 (found version "3.10.12") found components: Interpreter 
[0.700s] -- Found hardware_interface: 2.51.0 (/opt/ros/humble/share/hardware_interface/cmake)
[0.745s] -- Found rosidl_generator_c: 3.1.7 (/opt/ros/humble/share/rosidl_generator_c/cmake)
[0.751s] -- Found rosidl_adapter: 3.1.7 (/opt/ros/humble/share/rosidl_adapter/cmake)
[0.760s] -- Found rosidl_generator_cpp: 3.1.7 (/opt/ros/humble/share/rosidl_generator_cpp/cmake)
[0.773s] -- Using all available rosidl_typesupport_c: rosidl_typesupport_fastrtps_c;rosidl_typesupport_introspection_c
[0.791s] -- Using all available rosidl_typesupport_cpp: rosidl_typesupport_fastrtps_cpp;rosidl_typesupport_introspection_cpp
[1.019s] -- Found rmw_implementation_cmake: 6.1.2 (/opt/ros/humble/share/rmw_implementation_cmake/cmake)
[1.021s] -- Found rmw_fastrtps_cpp: 6.2.8 (/opt/ros/humble/share/rmw_fastrtps_cpp/cmake)
[1.049s] -- Found TinyXML2 via Config file: TinyXML2_DIR-NOTFOUND
[1.114s] -- Found OpenSSL: /usr/lib/x86_64-linux-gnu/libcrypto.so (found version "3.0.2")  
[1.117s] -- Found TinyXML2 via Config file: TinyXML2_DIR-NOTFOUND
[1.136s] -- Found FastRTPS: /opt/ros/humble/include  
[1.139s] -- Found TinyXML2 via Config file: TinyXML2_DIR-NOTFOUND
[1.149s] -- Found TinyXML2 via Config file: TinyXML2_DIR-NOTFOUND
[1.162s] -- Using RMW implementation 'rmw_fastrtps_cpp' as default
[1.174s] -- Looking for C++ include pthread.h
[1.348s] -- Looking for C++ include pthread.h - found
[1.349s] -- Performing Test CMAKE_HAVE_LIBC_PTHREAD
[1.524s] -- Performing Test CMAKE_HAVE_LIBC_PTHREAD - Success
[1.526s] -- Found Threads: TRUE  
[1.588s] -- Found ament_cmake_pytest: 1.3.12 (/opt/ros/humble/share/ament_cmake_pytest/cmake)
[3.579s] -- Configuring done
[3.636s] -- Generating done
[3.643s] -- Build files have been written to: /home/isg/workspace/denso_ros2_ws/src/build/ros2_control_demo_example_11
[3.663s] Invoked command in '/home/isg/workspace/denso_ros2_ws/src/build/ros2_control_demo_example_11' returned '0': AMENT_PREFIX_PATH=/home/isg/workspace/denso_ros2_ws/src/install/ros2_control_demo_description:${AMENT_PREFIX_PATH} CMAKE_PREFIX_PATH=/home/isg/workspace/denso_ros2_ws/src/install/ros2_control_demo_description:/opt/ros/humble /usr/bin/cmake /home/isg/workspace/denso_ros2_ws/src/ros2_control_demos/example_11 -DCMAKE_BUILD_TYPE=Release -DCMAKE_INSTALL_PREFIX=/home/isg/workspace/denso_ros2_ws/src/install/ros2_control_demo_example_11
[3.664s] Invoking command in '/home/isg/workspace/denso_ros2_ws/src/build/ros2_control_demo_example_11': AMENT_PREFIX_PATH=/home/isg/workspace/denso_ros2_ws/src/install/ros2_control_demo_description:${AMENT_PREFIX_PATH} CMAKE_PREFIX_PATH=/home/isg/workspace/denso_ros2_ws/src/install/ros2_control_demo_description:/opt/ros/humble /usr/bin/cmake --build /home/isg/workspace/denso_ros2_ws/src/build/ros2_control_demo_example_11 -- -j16 -l16
[12.616s] [ 50%] [32mBuilding CXX object CMakeFiles/ros2_control_demo_example_11.dir/hardware/carlikebot_system.cpp.o[0m
[12.621s] [100%] [32m[1mLinking CXX shared library libros2_control_demo_example_11.so[0m
[12.621s] [100%] Built target ros2_control_demo_example_11
[12.630s] Invoked command in '/home/isg/workspace/denso_ros2_ws/src/build/ros2_control_demo_example_11' returned '0': AMENT_PREFIX_PATH=/home/isg/workspace/denso_ros2_ws/src/install/ros2_control_demo_description:${AMENT_PREFIX_PATH} CMAKE_PREFIX_PATH=/home/isg/workspace/denso_ros2_ws/src/install/ros2_control_demo_description:/opt/ros/humble /usr/bin/cmake --build /home/isg/workspace/denso_ros2_ws/src/build/ros2_control_demo_example_11 -- -j16 -l16
[12.632s] Invoking command in '/home/isg/workspace/denso_ros2_ws/src/build/ros2_control_demo_example_11': AMENT_PREFIX_PATH=/home/isg/workspace/denso_ros2_ws/src/install/ros2_control_demo_description:${AMENT_PREFIX_PATH} CMAKE_PREFIX_PATH=/home/isg/workspace/denso_ros2_ws/src/install/ros2_control_demo_description:/opt/ros/humble /usr/bin/cmake --install /home/isg/workspace/denso_ros2_ws/src/build/ros2_control_demo_example_11
[12.905s] -- Install configuration: "Release"
[12.905s] -- Installing: /home/isg/workspace/denso_ros2_ws/src/install/ros2_control_demo_example_11/share/ros2_control_demo_example_11/ros2_control_demo_example_11.xml
[12.905s] -- Installing: /home/isg/workspace/denso_ros2_ws/src/install/ros2_control_demo_example_11/include/ros2_control_demo_example_11
[12.905s] -- Installing: /home/isg/workspace/denso_ros2_ws/src/install/ros2_control_demo_example_11/include/ros2_control_demo_example_11/ros2_control_demo_example_11
[12.905s] -- Installing: /home/isg/workspace/denso_ros2_ws/src/install/ros2_control_demo_example_11/include/ros2_control_demo_example_11/ros2_control_demo_example_11/carlikebot_system.hpp
[12.905s] -- Installing: /home/isg/workspace/denso_ros2_ws/src/install/ros2_control_demo_example_11/share/ros2_control_demo_example_11/launch
[12.905s] -- Installing: /home/isg/workspace/denso_ros2_ws/src/install/ros2_control_demo_example_11/share/ros2_control_demo_example_11/launch/view_robot.launch.py
[12.905s] -- Installing: /home/isg/workspace/denso_ros2_ws/src/install/ros2_control_demo_example_11/share/ros2_control_demo_example_11/ros2_control
[12.905s] -- Installing: /home/isg/workspace/denso_ros2_ws/src/install/ros2_control_demo_example_11/share/ros2_control_demo_example_11/ros2_control/carlikebot.ros2_control.xacro
[12.905s] -- Installing: /home/isg/workspace/denso_ros2_ws/src/install/ros2_control_demo_example_11/share/ros2_control_demo_example_11/urdf
[12.905s] -- Installing: /home/isg/workspace/denso_ros2_ws/src/install/ros2_control_demo_example_11/share/ros2_control_demo_example_11/urdf/carlikebot.urdf.xacro
[12.905s] -- Up-to-date: /home/isg/workspace/denso_ros2_ws/src/install/ros2_control_demo_example_11/share/ros2_control_demo_example_11/launch
[12.905s] -- Installing: /home/isg/workspace/denso_ros2_ws/src/install/ros2_control_demo_example_11/share/ros2_control_demo_example_11/launch/carlikebot.launch.py
[12.905s] -- Installing: /home/isg/workspace/denso_ros2_ws/src/install/ros2_control_demo_example_11/share/ros2_control_demo_example_11/config
[12.905s] -- Installing: /home/isg/workspace/denso_ros2_ws/src/install/ros2_control_demo_example_11/share/ros2_control_demo_example_11/config/carlikebot_controllers.yaml
[12.905s] -- Installing: /home/isg/workspace/denso_ros2_ws/src/install/ros2_control_demo_example_11/lib/libros2_control_demo_example_11.so
[12.905s] -- Set runtime path of "/home/isg/workspace/denso_ros2_ws/src/install/ros2_control_demo_example_11/lib/libros2_control_demo_example_11.so" to ""
[12.906s] -- Installing: /home/isg/workspace/denso_ros2_ws/src/install/ros2_control_demo_example_11/share/ros2_control_demo_example_11/environment/library_path.sh
[12.906s] -- Installing: /home/isg/workspace/denso_ros2_ws/src/install/ros2_control_demo_example_11/share/ros2_control_demo_example_11/environment/library_path.dsv
[12.906s] -- Installing: /home/isg/workspace/denso_ros2_ws/src/install/ros2_control_demo_example_11/share/ament_index/resource_index/package_run_dependencies/ros2_control_demo_example_11
[12.906s] -- Installing: /home/isg/workspace/denso_ros2_ws/src/install/ros2_control_demo_example_11/share/ament_index/resource_index/parent_prefix_path/ros2_control_demo_example_11
[12.906s] -- Installing: /home/isg/workspace/denso_ros2_ws/src/install/ros2_control_demo_example_11/share/ros2_control_demo_example_11/environment/ament_prefix_path.sh
[12.906s] -- Installing: /home/isg/workspace/denso_ros2_ws/src/install/ros2_control_demo_example_11/share/ros2_control_demo_example_11/environment/ament_prefix_path.dsv
[12.906s] -- Installing: /home/isg/workspace/denso_ros2_ws/src/install/ros2_control_demo_example_11/share/ros2_control_demo_example_11/environment/path.sh
[12.906s] -- Installing: /home/isg/workspace/denso_ros2_ws/src/install/ros2_control_demo_example_11/share/ros2_control_demo_example_11/environment/path.dsv
[12.906s] -- Installing: /home/isg/workspace/denso_ros2_ws/src/install/ros2_control_demo_example_11/share/ros2_control_demo_example_11/local_setup.bash
[12.906s] -- Installing: /home/isg/workspace/denso_ros2_ws/src/install/ros2_control_demo_example_11/share/ros2_control_demo_example_11/local_setup.sh
[12.906s] -- Installing: /home/isg/workspace/denso_ros2_ws/src/install/ros2_control_demo_example_11/share/ros2_control_demo_example_11/local_setup.zsh
[12.906s] -- Installing: /home/isg/workspace/denso_ros2_ws/src/install/ros2_control_demo_example_11/share/ros2_control_demo_example_11/local_setup.dsv
[12.906s] -- Installing: /home/isg/workspace/denso_ros2_ws/src/install/ros2_control_demo_example_11/share/ros2_control_demo_example_11/package.dsv
[12.906s] -- Installing: /home/isg/workspace/denso_ros2_ws/src/install/ros2_control_demo_example_11/share/ament_index/resource_index/packages/ros2_control_demo_example_11
[12.906s] -- Installing: /home/isg/workspace/denso_ros2_ws/src/install/ros2_control_demo_example_11/share/ament_index/resource_index/hardware_interface__pluginlib__plugin/ros2_control_demo_example_11
[12.906s] -- Installing: /home/isg/workspace/denso_ros2_ws/src/install/ros2_control_demo_example_11/share/ros2_control_demo_example_11/cmake/export_ros2_control_demo_example_11Export.cmake
[12.906s] -- Installing: /home/isg/workspace/denso_ros2_ws/src/install/ros2_control_demo_example_11/share/ros2_control_demo_example_11/cmake/export_ros2_control_demo_example_11Export-release.cmake
[12.907s] -- Installing: /home/isg/workspace/denso_ros2_ws/src/install/ros2_control_demo_example_11/share/ros2_control_demo_example_11/cmake/ament_cmake_export_targets-extras.cmake
[12.907s] -- Installing: /home/isg/workspace/denso_ros2_ws/src/install/ros2_control_demo_example_11/share/ros2_control_demo_example_11/cmake/ament_cmake_export_dependencies-extras.cmake
[12.907s] -- Installing: /home/isg/workspace/denso_ros2_ws/src/install/ros2_control_demo_example_11/share/ros2_control_demo_example_11/cmake/ros2_control_demo_example_11Config.cmake
[12.907s] -- Installing: /home/isg/workspace/denso_ros2_ws/src/install/ros2_control_demo_example_11/share/ros2_control_demo_example_11/cmake/ros2_control_demo_example_11Config-version.cmake
[12.907s] -- Installing: /home/isg/workspace/denso_ros2_ws/src/install/ros2_control_demo_example_11/share/ros2_control_demo_example_11/package.xml
[12.928s] Invoked command in '/home/isg/workspace/denso_ros2_ws/src/build/ros2_control_demo_example_11' returned '0': AMENT_PREFIX_PATH=/home/isg/workspace/denso_ros2_ws/src/install/ros2_control_demo_description:${AMENT_PREFIX_PATH} CMAKE_PREFIX_PATH=/home/isg/workspace/denso_ros2_ws/src/install/ros2_control_demo_description:/opt/ros/humble /usr/bin/cmake --install /home/isg/workspace/denso_ros2_ws/src/build/ros2_control_demo_example_11
