[ 66%] Built target denso_robot_moveit_pickandplace
[ 66%] Built target denso_robot_moveit_pickandplace_scara
[100%] Built target denso_robot_moveit_demo
-- Install configuration: ""
-- Execute custom install script
-- Up-to-date symlink: /home/isg/workspace/denso_ros2_ws/install/denso_robot_moveit_demo/share/denso_robot_moveit_demo/launch/denso_robot_moveit_demo.launch.py
-- Up-to-date symlink: /home/isg/workspace/denso_ros2_ws/install/denso_robot_moveit_demo/share/denso_robot_moveit_demo/launch/denso_robot_moveit_pickandplace.launch.py
-- Up-to-date symlink: /home/isg/workspace/denso_ros2_ws/install/denso_robot_moveit_demo/share/denso_robot_moveit_demo/launch/denso_robot_moveit_pickandplace_scara.launch.py
-- Up-to-date symlink: /home/isg/workspace/denso_ros2_ws/install/denso_robot_moveit_demo/share/denso_robot_moveit_demo/config/denso_robot_moveit_demo.yaml
-- Up-to-date symlink: /home/isg/workspace/denso_ros2_ws/install/denso_robot_moveit_demo/share/ament_index/resource_index/package_run_dependencies/denso_robot_moveit_demo
-- Up-to-date symlink: /home/isg/workspace/denso_ros2_ws/install/denso_robot_moveit_demo/share/ament_index/resource_index/parent_prefix_path/denso_robot_moveit_demo
-- Up-to-date symlink: /home/isg/workspace/denso_ros2_ws/install/denso_robot_moveit_demo/share/denso_robot_moveit_demo/environment/ament_prefix_path.sh
-- Up-to-date symlink: /home/isg/workspace/denso_ros2_ws/install/denso_robot_moveit_demo/share/denso_robot_moveit_demo/environment/ament_prefix_path.dsv
-- Up-to-date symlink: /home/isg/workspace/denso_ros2_ws/install/denso_robot_moveit_demo/share/denso_robot_moveit_demo/environment/path.sh
-- Up-to-date symlink: /home/isg/workspace/denso_ros2_ws/install/denso_robot_moveit_demo/share/denso_robot_moveit_demo/environment/path.dsv
-- Up-to-date symlink: /home/isg/workspace/denso_ros2_ws/install/denso_robot_moveit_demo/share/denso_robot_moveit_demo/local_setup.bash
-- Up-to-date symlink: /home/isg/workspace/denso_ros2_ws/install/denso_robot_moveit_demo/share/denso_robot_moveit_demo/local_setup.sh
-- Up-to-date symlink: /home/isg/workspace/denso_ros2_ws/install/denso_robot_moveit_demo/share/denso_robot_moveit_demo/local_setup.zsh
-- Up-to-date symlink: /home/isg/workspace/denso_ros2_ws/install/denso_robot_moveit_demo/share/denso_robot_moveit_demo/local_setup.dsv
-- Symlinking: /home/isg/workspace/denso_ros2_ws/install/denso_robot_moveit_demo/share/denso_robot_moveit_demo/package.dsv
-- Up-to-date symlink: /home/isg/workspace/denso_ros2_ws/install/denso_robot_moveit_demo/share/ament_index/resource_index/packages/denso_robot_moveit_demo
-- Up-to-date symlink: /home/isg/workspace/denso_ros2_ws/install/denso_robot_moveit_demo/share/denso_robot_moveit_demo/cmake/ament_cmake_export_targets-extras.cmake
-- Up-to-date symlink: /home/isg/workspace/denso_ros2_ws/install/denso_robot_moveit_demo/share/denso_robot_moveit_demo/cmake/denso_robot_moveit_demoConfig.cmake
-- Up-to-date symlink: /home/isg/workspace/denso_ros2_ws/install/denso_robot_moveit_demo/share/denso_robot_moveit_demo/cmake/denso_robot_moveit_demoConfig-version.cmake
-- Up-to-date symlink: /home/isg/workspace/denso_ros2_ws/install/denso_robot_moveit_demo/share/denso_robot_moveit_demo/package.xml
-- Up-to-date: /home/isg/workspace/denso_ros2_ws/install/denso_robot_moveit_demo/lib/denso_robot_moveit_demo/denso_robot_moveit_demo
-- Up-to-date: /home/isg/workspace/denso_ros2_ws/install/denso_robot_moveit_demo/lib/denso_robot_moveit_demo/denso_robot_moveit_pickandplace
-- Up-to-date: /home/isg/workspace/denso_ros2_ws/install/denso_robot_moveit_demo/lib/denso_robot_moveit_demo/denso_robot_moveit_pickandplace_scara
-- Up-to-date: /home/isg/workspace/denso_ros2_ws/install/denso_robot_moveit_demo/share/denso_robot_moveit_demo/cmake/export_denso_robot_moveit_demoExport.cmake
-- Up-to-date: /home/isg/workspace/denso_ros2_ws/install/denso_robot_moveit_demo/share/denso_robot_moveit_demo/cmake/export_denso_robot_moveit_demoExport-noconfig.cmake
-- Up-to-date: /home/isg/workspace/denso_ros2_ws/install/denso_robot_moveit_demo/share/denso_robot_moveit_demo/cmake/export_denso_robot_moveit_pickandplaceExport.cmake
-- Up-to-date: /home/isg/workspace/denso_ros2_ws/install/denso_robot_moveit_demo/share/denso_robot_moveit_demo/cmake/export_denso_robot_moveit_pickandplaceExport-noconfig.cmake
-- Up-to-date: /home/isg/workspace/denso_ros2_ws/install/denso_robot_moveit_demo/share/denso_robot_moveit_demo/cmake/export_denso_robot_moveit_pickandplace_scaraExport.cmake
-- Up-to-date: /home/isg/workspace/denso_ros2_ws/install/denso_robot_moveit_demo/share/denso_robot_moveit_demo/cmake/export_denso_robot_moveit_pickandplace_scaraExport-noconfig.cmake
