[0.466s] Invoking command in '/home/isg/workspace/denso_ros2_ws/src/camera_publisher': PYTHONPATH=/home/isg/workspace/denso_ros2_ws/build/camera_publisher/prefix_override:/usr/lib/python3/dist-packages/colcon_core/task/python/colcon_distutils_commands:/home/isg/workspace/denso_ros2_ws/install/camera_publisher/lib/python3.10/site-packages:${PYTHONPATH} /usr/bin/python3 -W ignore:setup.py install is deprecated -W ignore:easy_install command is deprecated setup.py egg_info --egg-base ../../build/camera_publisher build --build-base /home/isg/workspace/denso_ros2_ws/build/camera_publisher/build install --record /home/isg/workspace/denso_ros2_ws/build/camera_publisher/install.log --single-version-externally-managed install_data
[0.653s] running egg_info
[0.654s] writing ../../build/camera_publisher/camera_publisher.egg-info/PKG-INFO
[0.654s] writing dependency_links to ../../build/camera_publisher/camera_publisher.egg-info/dependency_links.txt
[0.654s] writing entry points to ../../build/camera_publisher/camera_publisher.egg-info/entry_points.txt
[0.654s] writing requirements to ../../build/camera_publisher/camera_publisher.egg-info/requires.txt
[0.654s] writing top-level names to ../../build/camera_publisher/camera_publisher.egg-info/top_level.txt
[0.655s] reading manifest file '../../build/camera_publisher/camera_publisher.egg-info/SOURCES.txt'
[0.657s] writing manifest file '../../build/camera_publisher/camera_publisher.egg-info/SOURCES.txt'
[0.657s] running build
[0.657s] running build_py
[0.657s] creating /home/isg/workspace/denso_ros2_ws/build/camera_publisher/build
[0.657s] creating /home/isg/workspace/denso_ros2_ws/build/camera_publisher/build/lib
[0.658s] creating /home/isg/workspace/denso_ros2_ws/build/camera_publisher/build/lib/camera_publisher
[0.658s] copying camera_publisher/__init__.py -> /home/isg/workspace/denso_ros2_ws/build/camera_publisher/build/lib/camera_publisher
[0.658s] copying camera_publisher/camera_node.py -> /home/isg/workspace/denso_ros2_ws/build/camera_publisher/build/lib/camera_publisher
[0.658s] copying camera_publisher/multi_pose_capture_node.py -> /home/isg/workspace/denso_ros2_ws/build/camera_publisher/build/lib/camera_publisher
[0.658s] creating /home/isg/workspace/denso_ros2_ws/build/camera_publisher/build/lib/camera_publisher/pybcapclient
[0.658s] copying camera_publisher/pybcapclient/bcapclient.py -> /home/isg/workspace/denso_ros2_ws/build/camera_publisher/build/lib/camera_publisher/pybcapclient
[0.658s] copying camera_publisher/pybcapclient/variant.py -> /home/isg/workspace/denso_ros2_ws/build/camera_publisher/build/lib/camera_publisher/pybcapclient
[0.658s] copying camera_publisher/pybcapclient/__init__.py -> /home/isg/workspace/denso_ros2_ws/build/camera_publisher/build/lib/camera_publisher/pybcapclient
[0.658s] copying camera_publisher/pybcapclient/orinexception.py -> /home/isg/workspace/denso_ros2_ws/build/camera_publisher/build/lib/camera_publisher/pybcapclient
[0.658s] running install
[0.659s] running install_lib
[0.659s] creating /home/isg/workspace/denso_ros2_ws/install/camera_publisher/lib/python3.10/site-packages/camera_publisher
[0.659s] copying /home/isg/workspace/denso_ros2_ws/build/camera_publisher/build/lib/camera_publisher/__init__.py -> /home/isg/workspace/denso_ros2_ws/install/camera_publisher/lib/python3.10/site-packages/camera_publisher
[0.659s] copying /home/isg/workspace/denso_ros2_ws/build/camera_publisher/build/lib/camera_publisher/camera_node.py -> /home/isg/workspace/denso_ros2_ws/install/camera_publisher/lib/python3.10/site-packages/camera_publisher
[0.659s] creating /home/isg/workspace/denso_ros2_ws/install/camera_publisher/lib/python3.10/site-packages/camera_publisher/pybcapclient
[0.659s] copying /home/isg/workspace/denso_ros2_ws/build/camera_publisher/build/lib/camera_publisher/pybcapclient/bcapclient.py -> /home/isg/workspace/denso_ros2_ws/install/camera_publisher/lib/python3.10/site-packages/camera_publisher/pybcapclient
[0.659s] copying /home/isg/workspace/denso_ros2_ws/build/camera_publisher/build/lib/camera_publisher/pybcapclient/variant.py -> /home/isg/workspace/denso_ros2_ws/install/camera_publisher/lib/python3.10/site-packages/camera_publisher/pybcapclient
[0.660s] copying /home/isg/workspace/denso_ros2_ws/build/camera_publisher/build/lib/camera_publisher/pybcapclient/__init__.py -> /home/isg/workspace/denso_ros2_ws/install/camera_publisher/lib/python3.10/site-packages/camera_publisher/pybcapclient
[0.660s] copying /home/isg/workspace/denso_ros2_ws/build/camera_publisher/build/lib/camera_publisher/pybcapclient/orinexception.py -> /home/isg/workspace/denso_ros2_ws/install/camera_publisher/lib/python3.10/site-packages/camera_publisher/pybcapclient
[0.660s] copying /home/isg/workspace/denso_ros2_ws/build/camera_publisher/build/lib/camera_publisher/multi_pose_capture_node.py -> /home/isg/workspace/denso_ros2_ws/install/camera_publisher/lib/python3.10/site-packages/camera_publisher
[0.660s] byte-compiling /home/isg/workspace/denso_ros2_ws/install/camera_publisher/lib/python3.10/site-packages/camera_publisher/__init__.py to __init__.cpython-310.pyc
[0.660s] byte-compiling /home/isg/workspace/denso_ros2_ws/install/camera_publisher/lib/python3.10/site-packages/camera_publisher/camera_node.py to camera_node.cpython-310.pyc
[0.661s] byte-compiling /home/isg/workspace/denso_ros2_ws/install/camera_publisher/lib/python3.10/site-packages/camera_publisher/pybcapclient/bcapclient.py to bcapclient.cpython-310.pyc
[0.666s] byte-compiling /home/isg/workspace/denso_ros2_ws/install/camera_publisher/lib/python3.10/site-packages/camera_publisher/pybcapclient/variant.py to variant.cpython-310.pyc
[0.666s] byte-compiling /home/isg/workspace/denso_ros2_ws/install/camera_publisher/lib/python3.10/site-packages/camera_publisher/pybcapclient/__init__.py to __init__.cpython-310.pyc
[0.666s] byte-compiling /home/isg/workspace/denso_ros2_ws/install/camera_publisher/lib/python3.10/site-packages/camera_publisher/pybcapclient/orinexception.py to orinexception.cpython-310.pyc
[0.666s] byte-compiling /home/isg/workspace/denso_ros2_ws/install/camera_publisher/lib/python3.10/site-packages/camera_publisher/multi_pose_capture_node.py to multi_pose_capture_node.cpython-310.pyc
[0.667s] running install_data
[0.667s] running install_egg_info
[0.668s] Copying ../../build/camera_publisher/camera_publisher.egg-info to /home/isg/workspace/denso_ros2_ws/install/camera_publisher/lib/python3.10/site-packages/camera_publisher-0.0.1-py3.10.egg-info
[0.669s] running install_scripts
[0.683s] Installing camera_node script to /home/isg/workspace/denso_ros2_ws/install/camera_publisher/lib/camera_publisher
[0.683s] Installing multi_pose_capture_node script to /home/isg/workspace/denso_ros2_ws/install/camera_publisher/lib/camera_publisher
[0.683s] writing list of installed files to '/home/isg/workspace/denso_ros2_ws/build/camera_publisher/install.log'
[0.699s] Invoked command in '/home/isg/workspace/denso_ros2_ws/src/camera_publisher' returned '0': PYTHONPATH=/home/isg/workspace/denso_ros2_ws/build/camera_publisher/prefix_override:/usr/lib/python3/dist-packages/colcon_core/task/python/colcon_distutils_commands:/home/isg/workspace/denso_ros2_ws/install/camera_publisher/lib/python3.10/site-packages:${PYTHONPATH} /usr/bin/python3 -W ignore:setup.py install is deprecated -W ignore:easy_install command is deprecated setup.py egg_info --egg-base ../../build/camera_publisher build --build-base /home/isg/workspace/denso_ros2_ws/build/camera_publisher/build install --record /home/isg/workspace/denso_ros2_ws/build/camera_publisher/install.log --single-version-externally-managed install_data
