[0.016s] Invoking command in '/home/isg/workspace/denso_ros2_ws/src/build/gazebo_ros2_control_demos': AMENT_PREFIX_PATH=/home/isg/workspace/denso_ros2_ws/src/install/gazebo_ros2_control:${AMENT_PREFIX_PATH} CMAKE_PREFIX_PATH=/home/isg/workspace/denso_ros2_ws/src/install/gazebo_ros2_control:/opt/ros/humble LD_LIBRARY_PATH=/home/isg/workspace/denso_ros2_ws/src/install/gazebo_ros2_control/lib:${LD_LIBRARY_PATH} /usr/bin/cmake /home/isg/workspace/denso_ros2_ws/src/gazebo_ros2_control/gazebo_ros2_control_demos -DCMAKE_BUILD_TYPE=Release -DCMAKE_INSTALL_PREFIX=/home/isg/workspace/denso_ros2_ws/src/install/gazebo_ros2_control_demos
[0.104s] -- The C compiler identification is GNU 11.4.0
[0.219s] -- The CXX compiler identification is GNU 11.4.0
[0.229s] -- Detecting C compiler ABI info
[0.346s] -- Detecting C compiler ABI info - done
[0.356s] -- Check for working C compiler: /usr/bin/cc - skipped
[0.356s] -- Detecting C compile features
[0.357s] -- Detecting C compile features - done
[0.361s] -- Detecting CXX compiler ABI info
[0.507s] -- Detecting CXX compiler ABI info - done
[0.518s] -- Check for working CXX compiler: /usr/bin/c++ - skipped
[0.518s] -- Detecting CXX compile features
[0.519s] -- Detecting CXX compile features - done
[0.522s] -- Found ament_cmake: 1.3.12 (/opt/ros/humble/share/ament_cmake/cmake)
[0.781s] -- Found Python3: /usr/bin/python3 (found version "3.10.12") found components: Interpreter 
[0.917s] -- Found control_msgs: 4.8.0 (/opt/ros/humble/share/control_msgs/cmake)
[0.971s] -- Found rosidl_generator_c: 3.1.7 (/opt/ros/humble/share/rosidl_generator_c/cmake)
[0.981s] -- Found rosidl_adapter: 3.1.7 (/opt/ros/humble/share/rosidl_adapter/cmake)
[0.992s] -- Found rosidl_generator_cpp: 3.1.7 (/opt/ros/humble/share/rosidl_generator_cpp/cmake)
[1.011s] -- Using all available rosidl_typesupport_c: rosidl_typesupport_fastrtps_c;rosidl_typesupport_introspection_c
[1.035s] -- Using all available rosidl_typesupport_cpp: rosidl_typesupport_fastrtps_cpp;rosidl_typesupport_introspection_cpp
[1.220s] -- Found rclcpp: 16.0.14 (/opt/ros/humble/share/rclcpp/cmake)
[1.273s] -- Found rmw_implementation_cmake: 6.1.2 (/opt/ros/humble/share/rmw_implementation_cmake/cmake)
[1.276s] -- Found rmw_fastrtps_cpp: 6.2.8 (/opt/ros/humble/share/rmw_fastrtps_cpp/cmake)
[1.402s] -- Found OpenSSL: /usr/lib/x86_64-linux-gnu/libcrypto.so (found version "3.0.2")  
[1.442s] -- Found FastRTPS: /opt/ros/humble/include  
[1.503s] -- Using RMW implementation 'rmw_fastrtps_cpp' as default
[1.515s] -- Looking for pthread.h
[1.585s] -- Looking for pthread.h - found
[1.585s] -- Performing Test CMAKE_HAVE_LIBC_PTHREAD
[1.664s] -- Performing Test CMAKE_HAVE_LIBC_PTHREAD - Success
[1.665s] -- Found Threads: TRUE  
[1.721s] -- Found rclcpp_action: 16.0.14 (/opt/ros/humble/share/rclcpp_action/cmake)
[1.739s] -- Found ament_cmake_gtest: 1.3.12 (/opt/ros/humble/share/ament_cmake_gtest/cmake)
[1.741s] -- Found ament_lint_auto: 0.12.14 (/opt/ros/humble/share/ament_lint_auto/cmake)
[1.818s] -- Added test 'copyright' to check source files copyright and LICENSE
[1.821s] -- Added test 'cppcheck' to perform static code analysis on C / C++ code
[1.822s] -- Configured cppcheck include dirs: 
[1.822s] -- Configured cppcheck exclude dirs and/or files: 
[1.825s] -- Added test 'cpplint' to check C / C++ code against the Google style
[1.825s] -- Configured cpplint exclude dirs and/or files: 
[1.826s] -- Added test 'flake8' to check Python code syntax and style conventions
[1.827s] -- Added test 'lint_cmake' to check CMake code style
[1.828s] -- Added test 'pep257' to check Python code against some of the docstring style conventions in PEP 257
[1.832s] -- Added test 'uncrustify' to check C / C++ code style
[1.832s] -- Configured uncrustify additional arguments: 
[1.833s] -- Added test 'xmllint' to check XML markup files
[1.834s] -- Configuring done
[1.863s] -- Generating done
[1.873s] -- Build files have been written to: /home/isg/workspace/denso_ros2_ws/src/build/gazebo_ros2_control_demos
[1.882s] Invoked command in '/home/isg/workspace/denso_ros2_ws/src/build/gazebo_ros2_control_demos' returned '0': AMENT_PREFIX_PATH=/home/isg/workspace/denso_ros2_ws/src/install/gazebo_ros2_control:${AMENT_PREFIX_PATH} CMAKE_PREFIX_PATH=/home/isg/workspace/denso_ros2_ws/src/install/gazebo_ros2_control:/opt/ros/humble LD_LIBRARY_PATH=/home/isg/workspace/denso_ros2_ws/src/install/gazebo_ros2_control/lib:${LD_LIBRARY_PATH} /usr/bin/cmake /home/isg/workspace/denso_ros2_ws/src/gazebo_ros2_control/gazebo_ros2_control_demos -DCMAKE_BUILD_TYPE=Release -DCMAKE_INSTALL_PREFIX=/home/isg/workspace/denso_ros2_ws/src/install/gazebo_ros2_control_demos
[1.884s] Invoking command in '/home/isg/workspace/denso_ros2_ws/src/build/gazebo_ros2_control_demos': AMENT_PREFIX_PATH=/home/isg/workspace/denso_ros2_ws/src/install/gazebo_ros2_control:${AMENT_PREFIX_PATH} CMAKE_PREFIX_PATH=/home/isg/workspace/denso_ros2_ws/src/install/gazebo_ros2_control:/opt/ros/humble LD_LIBRARY_PATH=/home/isg/workspace/denso_ros2_ws/src/install/gazebo_ros2_control/lib:${LD_LIBRARY_PATH} /usr/bin/cmake --build /home/isg/workspace/denso_ros2_ws/src/build/gazebo_ros2_control_demos -- -j16 -l16
[1.940s] [ 14%] [32mBuilding CXX object CMakeFiles/example_effort.dir/examples/example_effort.cpp.o[0m
[1.940s] [ 14%] [32mBuilding CXX object CMakeFiles/example_position_pid.dir/examples/example_position_pid.cpp.o[0m
[1.941s] [ 21%] [32mBuilding CXX object CMakeFiles/example_position.dir/examples/example_position.cpp.o[0m
[1.942s] [ 28%] [32mBuilding CXX object CMakeFiles/example_gripper.dir/examples/example_gripper.cpp.o[0m
[1.942s] [ 42%] [32mBuilding CXX object CMakeFiles/example_tricycle_drive.dir/examples/example_tricycle_drive.cpp.o[0m
[1.942s] [ 42%] [32mBuilding CXX object CMakeFiles/example_velocity.dir/examples/example_velocity.cpp.o[0m
[1.943s] [ 50%] [32mBuilding CXX object CMakeFiles/example_diff_drive.dir/examples/example_diff_drive.cpp.o[0m
[6.101s] [ 57%] [32m[1mLinking CXX executable example_tricycle_drive[0m
[6.114s] [ 64%] [32m[1mLinking CXX executable example_velocity[0m
[6.139s] [ 71%] [32m[1mLinking CXX executable example_diff_drive[0m
[6.195s] [ 78%] [32m[1mLinking CXX executable example_effort[0m
[6.244s] [ 78%] Built target example_velocity
[6.244s] [ 78%] Built target example_tricycle_drive
[6.255s] [ 78%] Built target example_diff_drive
[6.304s] [ 85%] [32m[1mLinking CXX executable example_position_pid[0m
[6.304s] [ 85%] Built target example_effort
[6.305s] [ 92%] [32m[1mLinking CXX executable example_gripper[0m
[6.408s] [ 92%] Built target example_position_pid
[6.409s] [ 92%] Built target example_gripper
[6.539s] [100%] [32m[1mLinking CXX executable example_position[0m
[6.666s] [100%] Built target example_position
[6.682s] Invoked command in '/home/isg/workspace/denso_ros2_ws/src/build/gazebo_ros2_control_demos' returned '0': AMENT_PREFIX_PATH=/home/isg/workspace/denso_ros2_ws/src/install/gazebo_ros2_control:${AMENT_PREFIX_PATH} CMAKE_PREFIX_PATH=/home/isg/workspace/denso_ros2_ws/src/install/gazebo_ros2_control:/opt/ros/humble LD_LIBRARY_PATH=/home/isg/workspace/denso_ros2_ws/src/install/gazebo_ros2_control/lib:${LD_LIBRARY_PATH} /usr/bin/cmake --build /home/isg/workspace/denso_ros2_ws/src/build/gazebo_ros2_control_demos -- -j16 -l16
[6.683s] Invoking command in '/home/isg/workspace/denso_ros2_ws/src/build/gazebo_ros2_control_demos': AMENT_PREFIX_PATH=/home/isg/workspace/denso_ros2_ws/src/install/gazebo_ros2_control:${AMENT_PREFIX_PATH} CMAKE_PREFIX_PATH=/home/isg/workspace/denso_ros2_ws/src/install/gazebo_ros2_control:/opt/ros/humble LD_LIBRARY_PATH=/home/isg/workspace/denso_ros2_ws/src/install/gazebo_ros2_control/lib:${LD_LIBRARY_PATH} /usr/bin/cmake --install /home/isg/workspace/denso_ros2_ws/src/build/gazebo_ros2_control_demos
[6.694s] -- Install configuration: "Release"
[6.695s] -- Installing: /home/isg/workspace/denso_ros2_ws/src/install/gazebo_ros2_control_demos/share/gazebo_ros2_control_demos//launch
[6.695s] -- Installing: /home/isg/workspace/denso_ros2_ws/src/install/gazebo_ros2_control_demos/share/gazebo_ros2_control_demos//launch/gripper_mimic_joint_example.launch.py
[6.695s] -- Installing: /home/isg/workspace/denso_ros2_ws/src/install/gazebo_ros2_control_demos/share/gazebo_ros2_control_demos//launch/pendulum_example_position.launch.py
[6.695s] -- Installing: /home/isg/workspace/denso_ros2_ws/src/install/gazebo_ros2_control_demos/share/gazebo_ros2_control_demos//launch/diff_drive_pair_namespaced.launch.py
[6.695s] -- Installing: /home/isg/workspace/denso_ros2_ws/src/install/gazebo_ros2_control_demos/share/gazebo_ros2_control_demos//launch/vertical_cart_example_position_pids_in_yaml.launch.py
[6.695s] -- Installing: /home/isg/workspace/denso_ros2_ws/src/install/gazebo_ros2_control_demos/share/gazebo_ros2_control_demos//launch/pendulum_example_effort.launch.py
[6.695s] -- Installing: /home/isg/workspace/denso_ros2_ws/src/install/gazebo_ros2_control_demos/share/gazebo_ros2_control_demos//launch/cart_example_effort.launch.py
[6.695s] -- Installing: /home/isg/workspace/denso_ros2_ws/src/install/gazebo_ros2_control_demos/share/gazebo_ros2_control_demos//launch/diff_drive.launch.py
[6.695s] -- Installing: /home/isg/workspace/denso_ros2_ws/src/install/gazebo_ros2_control_demos/share/gazebo_ros2_control_demos//launch/diff_drive_namespaced.launch.py
[6.695s] -- Installing: /home/isg/workspace/denso_ros2_ws/src/install/gazebo_ros2_control_demos/share/gazebo_ros2_control_demos//launch/cart_example_position.launch.py
[6.696s] -- Installing: /home/isg/workspace/denso_ros2_ws/src/install/gazebo_ros2_control_demos/share/gazebo_ros2_control_demos//launch/tricycle_drive.launch.py
[6.696s] -- Installing: /home/isg/workspace/denso_ros2_ws/src/install/gazebo_ros2_control_demos/share/gazebo_ros2_control_demos//launch/cart_example_velocity.launch.py
[6.696s] -- Installing: /home/isg/workspace/denso_ros2_ws/src/install/gazebo_ros2_control_demos/share/gazebo_ros2_control_demos//launch/vertical_cart_example_position_pid.launch.py
[6.696s] -- Installing: /home/isg/workspace/denso_ros2_ws/src/install/gazebo_ros2_control_demos/share/gazebo_ros2_control_demos//launch/vertical_cart_example_velocity_pid.launch.py
[6.696s] -- Installing: /home/isg/workspace/denso_ros2_ws/src/install/gazebo_ros2_control_demos/share/gazebo_ros2_control_demos//config
[6.696s] -- Installing: /home/isg/workspace/denso_ros2_ws/src/install/gazebo_ros2_control_demos/share/gazebo_ros2_control_demos//config/cart_controller_position_with_pids.yaml
[6.696s] -- Installing: /home/isg/workspace/denso_ros2_ws/src/install/gazebo_ros2_control_demos/share/gazebo_ros2_control_demos//config/cart_controller_effort.yaml
[6.696s] -- Installing: /home/isg/workspace/denso_ros2_ws/src/install/gazebo_ros2_control_demos/share/gazebo_ros2_control_demos//config/tricycle_drive_controller.yaml
[6.697s] -- Installing: /home/isg/workspace/denso_ros2_ws/src/install/gazebo_ros2_control_demos/share/gazebo_ros2_control_demos//config/gripper_controller.yaml
[6.697s] -- Installing: /home/isg/workspace/denso_ros2_ws/src/install/gazebo_ros2_control_demos/share/gazebo_ros2_control_demos//config/cart_controller.yaml
[6.697s] -- Installing: /home/isg/workspace/denso_ros2_ws/src/install/gazebo_ros2_control_demos/share/gazebo_ros2_control_demos//config/config.rviz
[6.697s] -- Installing: /home/isg/workspace/denso_ros2_ws/src/install/gazebo_ros2_control_demos/share/gazebo_ros2_control_demos//config/diff_drive_controller_namespaced.yaml
[6.697s] -- Installing: /home/isg/workspace/denso_ros2_ws/src/install/gazebo_ros2_control_demos/share/gazebo_ros2_control_demos//config/diff_drive_controller.yaml
[6.697s] -- Installing: /home/isg/workspace/denso_ros2_ws/src/install/gazebo_ros2_control_demos/share/gazebo_ros2_control_demos//config/cart_controller_position.yaml
[6.698s] -- Installing: /home/isg/workspace/denso_ros2_ws/src/install/gazebo_ros2_control_demos/share/gazebo_ros2_control_demos//config/cart_controller_velocity.yaml
[6.698s] -- Installing: /home/isg/workspace/denso_ros2_ws/src/install/gazebo_ros2_control_demos/share/gazebo_ros2_control_demos//urdf
[6.698s] -- Installing: /home/isg/workspace/denso_ros2_ws/src/install/gazebo_ros2_control_demos/share/gazebo_ros2_control_demos//urdf/test_cart_velocity.xacro.urdf
[6.698s] -- Installing: /home/isg/workspace/denso_ros2_ws/src/install/gazebo_ros2_control_demos/share/gazebo_ros2_control_demos//urdf/test_diff_drive_namespaced.xacro.urdf
[6.698s] -- Installing: /home/isg/workspace/denso_ros2_ws/src/install/gazebo_ros2_control_demos/share/gazebo_ros2_control_demos//urdf/test_vertical_cart_velocity_pid.xacro.urdf
[6.698s] -- Installing: /home/isg/workspace/denso_ros2_ws/src/install/gazebo_ros2_control_demos/share/gazebo_ros2_control_demos//urdf/test_vertical_cart_position_pid.xacro.urdf
[6.699s] -- Installing: /home/isg/workspace/denso_ros2_ws/src/install/gazebo_ros2_control_demos/share/gazebo_ros2_control_demos//urdf/test_diff_drive.xacro.urdf
[6.699s] -- Installing: /home/isg/workspace/denso_ros2_ws/src/install/gazebo_ros2_control_demos/share/gazebo_ros2_control_demos//urdf/test_tricycle_drive.xacro.urdf
[6.699s] -- Installing: /home/isg/workspace/denso_ros2_ws/src/install/gazebo_ros2_control_demos/share/gazebo_ros2_control_demos//urdf/test_cart_position.xacro.urdf
[6.699s] -- Installing: /home/isg/workspace/denso_ros2_ws/src/install/gazebo_ros2_control_demos/share/gazebo_ros2_control_demos//urdf/test_pendulum_effort.xacro.urdf
[6.699s] -- Installing: /home/isg/workspace/denso_ros2_ws/src/install/gazebo_ros2_control_demos/share/gazebo_ros2_control_demos//urdf/test_cart_effort.xacro.urdf
[6.699s] -- Installing: /home/isg/workspace/denso_ros2_ws/src/install/gazebo_ros2_control_demos/share/gazebo_ros2_control_demos//urdf/test_vertical_cart_position_pids_in_yaml.xacro.urdf
[6.699s] -- Installing: /home/isg/workspace/denso_ros2_ws/src/install/gazebo_ros2_control_demos/share/gazebo_ros2_control_demos//urdf/test_pendulum_position.xacro.urdf
[6.699s] -- Installing: /home/isg/workspace/denso_ros2_ws/src/install/gazebo_ros2_control_demos/share/gazebo_ros2_control_demos//urdf/test_gripper_mimic_joint.xacro.urdf
[6.699s] -- Installing: /home/isg/workspace/denso_ros2_ws/src/install/gazebo_ros2_control_demos/lib/gazebo_ros2_control_demos/example_position
[6.700s] -- Set runtime path of "/home/isg/workspace/denso_ros2_ws/src/install/gazebo_ros2_control_demos/lib/gazebo_ros2_control_demos/example_position" to ""
[6.700s] -- Installing: /home/isg/workspace/denso_ros2_ws/src/install/gazebo_ros2_control_demos/lib/gazebo_ros2_control_demos/example_position_pid
[6.701s] -- Set runtime path of "/home/isg/workspace/denso_ros2_ws/src/install/gazebo_ros2_control_demos/lib/gazebo_ros2_control_demos/example_position_pid" to ""
[6.701s] -- Installing: /home/isg/workspace/denso_ros2_ws/src/install/gazebo_ros2_control_demos/lib/gazebo_ros2_control_demos/example_velocity
[6.702s] -- Set runtime path of "/home/isg/workspace/denso_ros2_ws/src/install/gazebo_ros2_control_demos/lib/gazebo_ros2_control_demos/example_velocity" to ""
[6.702s] -- Installing: /home/isg/workspace/denso_ros2_ws/src/install/gazebo_ros2_control_demos/lib/gazebo_ros2_control_demos/example_effort
[6.702s] -- Set runtime path of "/home/isg/workspace/denso_ros2_ws/src/install/gazebo_ros2_control_demos/lib/gazebo_ros2_control_demos/example_effort" to ""
[6.702s] -- Installing: /home/isg/workspace/denso_ros2_ws/src/install/gazebo_ros2_control_demos/lib/gazebo_ros2_control_demos/example_diff_drive
[6.703s] -- Set runtime path of "/home/isg/workspace/denso_ros2_ws/src/install/gazebo_ros2_control_demos/lib/gazebo_ros2_control_demos/example_diff_drive" to ""
[6.704s] -- Installing: /home/isg/workspace/denso_ros2_ws/src/install/gazebo_ros2_control_demos/lib/gazebo_ros2_control_demos/example_tricycle_drive
[6.705s] -- Set runtime path of "/home/isg/workspace/denso_ros2_ws/src/install/gazebo_ros2_control_demos/lib/gazebo_ros2_control_demos/example_tricycle_drive" to ""
[6.705s] -- Installing: /home/isg/workspace/denso_ros2_ws/src/install/gazebo_ros2_control_demos/lib/gazebo_ros2_control_demos/example_gripper
[6.706s] -- Set runtime path of "/home/isg/workspace/denso_ros2_ws/src/install/gazebo_ros2_control_demos/lib/gazebo_ros2_control_demos/example_gripper" to ""
[6.707s] -- Installing: /home/isg/workspace/denso_ros2_ws/src/install/gazebo_ros2_control_demos/share/ament_index/resource_index/package_run_dependencies/gazebo_ros2_control_demos
[6.707s] -- Installing: /home/isg/workspace/denso_ros2_ws/src/install/gazebo_ros2_control_demos/share/ament_index/resource_index/parent_prefix_path/gazebo_ros2_control_demos
[6.707s] -- Installing: /home/isg/workspace/denso_ros2_ws/src/install/gazebo_ros2_control_demos/share/gazebo_ros2_control_demos/environment/ament_prefix_path.sh
[6.707s] -- Installing: /home/isg/workspace/denso_ros2_ws/src/install/gazebo_ros2_control_demos/share/gazebo_ros2_control_demos/environment/ament_prefix_path.dsv
[6.708s] -- Installing: /home/isg/workspace/denso_ros2_ws/src/install/gazebo_ros2_control_demos/share/gazebo_ros2_control_demos/environment/path.sh
[6.708s] -- Installing: /home/isg/workspace/denso_ros2_ws/src/install/gazebo_ros2_control_demos/share/gazebo_ros2_control_demos/environment/path.dsv
[6.709s] -- Installing: /home/isg/workspace/denso_ros2_ws/src/install/gazebo_ros2_control_demos/share/gazebo_ros2_control_demos/local_setup.bash
[6.709s] -- Installing: /home/isg/workspace/denso_ros2_ws/src/install/gazebo_ros2_control_demos/share/gazebo_ros2_control_demos/local_setup.sh
[6.709s] -- Installing: /home/isg/workspace/denso_ros2_ws/src/install/gazebo_ros2_control_demos/share/gazebo_ros2_control_demos/local_setup.zsh
[6.710s] -- Installing: /home/isg/workspace/denso_ros2_ws/src/install/gazebo_ros2_control_demos/share/gazebo_ros2_control_demos/local_setup.dsv
[6.710s] -- Installing: /home/isg/workspace/denso_ros2_ws/src/install/gazebo_ros2_control_demos/share/gazebo_ros2_control_demos/package.dsv
[6.710s] -- Installing: /home/isg/workspace/denso_ros2_ws/src/install/gazebo_ros2_control_demos/share/ament_index/resource_index/packages/gazebo_ros2_control_demos
[6.711s] -- Installing: /home/isg/workspace/denso_ros2_ws/src/install/gazebo_ros2_control_demos/share/gazebo_ros2_control_demos/cmake/gazebo_ros2_control_demosConfig.cmake
[6.711s] -- Installing: /home/isg/workspace/denso_ros2_ws/src/install/gazebo_ros2_control_demos/share/gazebo_ros2_control_demos/cmake/gazebo_ros2_control_demosConfig-version.cmake
[6.711s] -- Installing: /home/isg/workspace/denso_ros2_ws/src/install/gazebo_ros2_control_demos/share/gazebo_ros2_control_demos/package.xml
[6.739s] Invoked command in '/home/isg/workspace/denso_ros2_ws/src/build/gazebo_ros2_control_demos' returned '0': AMENT_PREFIX_PATH=/home/isg/workspace/denso_ros2_ws/src/install/gazebo_ros2_control:${AMENT_PREFIX_PATH} CMAKE_PREFIX_PATH=/home/isg/workspace/denso_ros2_ws/src/install/gazebo_ros2_control:/opt/ros/humble LD_LIBRARY_PATH=/home/isg/workspace/denso_ros2_ws/src/install/gazebo_ros2_control/lib:${LD_LIBRARY_PATH} /usr/bin/cmake --install /home/isg/workspace/denso_ros2_ws/src/build/gazebo_ros2_control_demos
