-- Install configuration: ""
-- Execute custom install script
-- Up-to-date symlink: /home/isg/workspace/denso_ros2_ws/install/denso_robot_moveit_config/share/denso_robot_moveit_config/config/kinematics.yaml
-- Up-to-date symlink: /home/isg/workspace/denso_ros2_ws/install/denso_robot_moveit_config/share/denso_robot_moveit_config/config/ompl_planning.yaml
-- Up-to-date symlink: /home/isg/workspace/denso_ros2_ws/install/denso_robot_moveit_config/share/denso_robot_moveit_config/rviz/view_robot.rviz
-- Up-to-date symlink: /home/isg/workspace/denso_ros2_ws/install/denso_robot_moveit_config/share/denso_robot_moveit_config/srdf/denso_robot.srdf.xacro
-- Up-to-date symlink: /home/isg/workspace/denso_ros2_ws/install/denso_robot_moveit_config/share/denso_robot_moveit_config/robots/cobotta/config/denso_robot_controllers.yaml
-- Up-to-date symlink: /home/isg/workspace/denso_ros2_ws/install/denso_robot_moveit_config/share/denso_robot_moveit_config/robots/cobotta/config/joint_limits.yaml
-- Up-to-date symlink: /home/isg/workspace/denso_ros2_ws/install/denso_robot_moveit_config/share/denso_robot_moveit_config/robots/cobotta/config/moveit_controllers.yaml
-- Up-to-date symlink: /home/isg/workspace/denso_ros2_ws/install/denso_robot_moveit_config/share/denso_robot_moveit_config/robots/cobotta/srdf/denso_robot_macro.srdf.xacro
-- Up-to-date symlink: /home/isg/workspace/denso_ros2_ws/install/denso_robot_moveit_config/share/denso_robot_moveit_config/robots/hsr065a1_n32/config/denso_robot_controllers.yaml
-- Up-to-date symlink: /home/isg/workspace/denso_ros2_ws/install/denso_robot_moveit_config/share/denso_robot_moveit_config/robots/hsr065a1_n32/config/joint_limits.yaml
-- Up-to-date symlink: /home/isg/workspace/denso_ros2_ws/install/denso_robot_moveit_config/share/denso_robot_moveit_config/robots/hsr065a1_n32/config/moveit_controllers.yaml
-- Up-to-date symlink: /home/isg/workspace/denso_ros2_ws/install/denso_robot_moveit_config/share/denso_robot_moveit_config/robots/hsr065a1_n32/srdf/denso_robot_macro.srdf.xacro
-- Up-to-date symlink: /home/isg/workspace/denso_ros2_ws/install/denso_robot_moveit_config/share/denso_robot_moveit_config/robots/vs060/config/denso_robot_controllers.yaml
-- Up-to-date symlink: /home/isg/workspace/denso_ros2_ws/install/denso_robot_moveit_config/share/denso_robot_moveit_config/robots/vs060/config/joint_limits.yaml
-- Up-to-date symlink: /home/isg/workspace/denso_ros2_ws/install/denso_robot_moveit_config/share/denso_robot_moveit_config/robots/vs060/config/moveit_controllers.yaml
-- Up-to-date symlink: /home/isg/workspace/denso_ros2_ws/install/denso_robot_moveit_config/share/denso_robot_moveit_config/robots/vs060/srdf/denso_robot_macro.srdf.xacro
-- Up-to-date symlink: /home/isg/workspace/denso_ros2_ws/install/denso_robot_moveit_config/share/ament_index/resource_index/package_run_dependencies/denso_robot_moveit_config
-- Up-to-date symlink: /home/isg/workspace/denso_ros2_ws/install/denso_robot_moveit_config/share/ament_index/resource_index/parent_prefix_path/denso_robot_moveit_config
-- Up-to-date symlink: /home/isg/workspace/denso_ros2_ws/install/denso_robot_moveit_config/share/denso_robot_moveit_config/environment/ament_prefix_path.sh
-- Up-to-date symlink: /home/isg/workspace/denso_ros2_ws/install/denso_robot_moveit_config/share/denso_robot_moveit_config/environment/ament_prefix_path.dsv
-- Up-to-date symlink: /home/isg/workspace/denso_ros2_ws/install/denso_robot_moveit_config/share/denso_robot_moveit_config/environment/path.sh
-- Up-to-date symlink: /home/isg/workspace/denso_ros2_ws/install/denso_robot_moveit_config/share/denso_robot_moveit_config/environment/path.dsv
-- Up-to-date symlink: /home/isg/workspace/denso_ros2_ws/install/denso_robot_moveit_config/share/denso_robot_moveit_config/local_setup.bash
-- Up-to-date symlink: /home/isg/workspace/denso_ros2_ws/install/denso_robot_moveit_config/share/denso_robot_moveit_config/local_setup.sh
-- Up-to-date symlink: /home/isg/workspace/denso_ros2_ws/install/denso_robot_moveit_config/share/denso_robot_moveit_config/local_setup.zsh
-- Up-to-date symlink: /home/isg/workspace/denso_ros2_ws/install/denso_robot_moveit_config/share/denso_robot_moveit_config/local_setup.dsv
-- Symlinking: /home/isg/workspace/denso_ros2_ws/install/denso_robot_moveit_config/share/denso_robot_moveit_config/package.dsv
-- Up-to-date symlink: /home/isg/workspace/denso_ros2_ws/install/denso_robot_moveit_config/share/ament_index/resource_index/packages/denso_robot_moveit_config
-- Up-to-date symlink: /home/isg/workspace/denso_ros2_ws/install/denso_robot_moveit_config/share/denso_robot_moveit_config/cmake/denso_robot_moveit_configConfig.cmake
-- Up-to-date symlink: /home/isg/workspace/denso_ros2_ws/install/denso_robot_moveit_config/share/denso_robot_moveit_config/cmake/denso_robot_moveit_configConfig-version.cmake
-- Up-to-date symlink: /home/isg/workspace/denso_ros2_ws/install/denso_robot_moveit_config/share/denso_robot_moveit_config/package.xml
