[0.124s] Invoking command in '/home/isg/workspace/denso_ros2_ws/src/build/ros2_control_demo_example_12': AMENT_PREFIX_PATH=/home/isg/workspace/denso_ros2_ws/src/install/ros2_control_demo_description:${AMENT_PREFIX_PATH} CMAKE_PREFIX_PATH=/home/isg/workspace/denso_ros2_ws/src/install/ros2_control_demo_description:/opt/ros/humble /usr/bin/cmake /home/isg/workspace/denso_ros2_ws/src/ros2_control_demos/example_12 -DCMAKE_BUILD_TYPE=Release -DCMAKE_INSTALL_PREFIX=/home/isg/workspace/denso_ros2_ws/src/install/ros2_control_demo_example_12
[0.271s] -- The CXX compiler identification is GNU 11.4.0
[0.286s] -- Detecting CXX compiler ABI info
[0.397s] -- Detecting CXX compiler ABI info - done
[0.407s] -- Check for working CXX compiler: /usr/bin/c++ - skipped
[0.410s] -- Detecting CXX compile features
[0.410s] -- Detecting CXX compile features - done
[0.413s] -- Found ament_cmake: 1.3.12 (/opt/ros/humble/share/ament_cmake/cmake)
[0.584s] -- Found Python3: /usr/bin/python3 (found version "3.10.12") found components: Interpreter 
[0.685s] -- Found hardware_interface: 2.51.0 (/opt/ros/humble/share/hardware_interface/cmake)
[0.737s] -- Found rosidl_generator_c: 3.1.7 (/opt/ros/humble/share/rosidl_generator_c/cmake)
[0.743s] -- Found rosidl_adapter: 3.1.7 (/opt/ros/humble/share/rosidl_adapter/cmake)
[0.754s] -- Found rosidl_generator_cpp: 3.1.7 (/opt/ros/humble/share/rosidl_generator_cpp/cmake)
[0.769s] -- Using all available rosidl_typesupport_c: rosidl_typesupport_fastrtps_c;rosidl_typesupport_introspection_c
[0.793s] -- Using all available rosidl_typesupport_cpp: rosidl_typesupport_fastrtps_cpp;rosidl_typesupport_introspection_cpp
[1.060s] -- Found rmw_implementation_cmake: 6.1.2 (/opt/ros/humble/share/rmw_implementation_cmake/cmake)
[1.064s] -- Found rmw_fastrtps_cpp: 6.2.8 (/opt/ros/humble/share/rmw_fastrtps_cpp/cmake)
[1.097s] -- Found TinyXML2 via Config file: TinyXML2_DIR-NOTFOUND
[1.169s] -- Found OpenSSL: /usr/lib/x86_64-linux-gnu/libcrypto.so (found version "3.0.2")  
[1.172s] -- Found TinyXML2 via Config file: TinyXML2_DIR-NOTFOUND
[1.190s] -- Found FastRTPS: /opt/ros/humble/include  
[1.194s] -- Found TinyXML2 via Config file: TinyXML2_DIR-NOTFOUND
[1.204s] -- Found TinyXML2 via Config file: TinyXML2_DIR-NOTFOUND
[1.218s] -- Using RMW implementation 'rmw_fastrtps_cpp' as default
[1.230s] -- Looking for C++ include pthread.h
[1.410s] -- Looking for C++ include pthread.h - found
[1.411s] -- Performing Test CMAKE_HAVE_LIBC_PTHREAD
[1.603s] -- Performing Test CMAKE_HAVE_LIBC_PTHREAD - Success
[1.604s] -- Found Threads: TRUE  
[1.674s] -- Found generate_parameter_library: 0.5.0 (/opt/ros/humble/share/generate_parameter_library/cmake)
[1.674s] -- Found parameter_traits: 0.5.0 (/opt/ros/humble/share/parameter_traits/cmake)
[1.699s] -- Found controller_interface: 2.51.0 (/opt/ros/humble/share/controller_interface/cmake)
[1.708s] -- Found realtime_tools: 2.14.0 (/opt/ros/humble/share/realtime_tools/cmake)
[1.762s] -- Found ament_cmake_pytest: 1.3.12 (/opt/ros/humble/share/ament_cmake_pytest/cmake)
[3.219s] -- Configuring done
[3.274s] -- Generating done
[3.280s] -- Build files have been written to: /home/isg/workspace/denso_ros2_ws/src/build/ros2_control_demo_example_12
[3.295s] Invoked command in '/home/isg/workspace/denso_ros2_ws/src/build/ros2_control_demo_example_12' returned '0': AMENT_PREFIX_PATH=/home/isg/workspace/denso_ros2_ws/src/install/ros2_control_demo_description:${AMENT_PREFIX_PATH} CMAKE_PREFIX_PATH=/home/isg/workspace/denso_ros2_ws/src/install/ros2_control_demo_description:/opt/ros/humble /usr/bin/cmake /home/isg/workspace/denso_ros2_ws/src/ros2_control_demos/example_12 -DCMAKE_BUILD_TYPE=Release -DCMAKE_INSTALL_PREFIX=/home/isg/workspace/denso_ros2_ws/src/install/ros2_control_demo_example_12
[3.299s] Invoking command in '/home/isg/workspace/denso_ros2_ws/src/build/ros2_control_demo_example_12': AMENT_PREFIX_PATH=/home/isg/workspace/denso_ros2_ws/src/install/ros2_control_demo_description:${AMENT_PREFIX_PATH} CMAKE_PREFIX_PATH=/home/isg/workspace/denso_ros2_ws/src/install/ros2_control_demo_description:/opt/ros/humble /usr/bin/cmake --build /home/isg/workspace/denso_ros2_ws/src/build/ros2_control_demo_example_12 -- -j16 -l16
[12.486s] [ 16%] [34m[1mRunning `/opt/ros/humble/bin/generate_parameter_library_cpp /home/isg/workspace/denso_ros2_ws/src/build/ros2_control_demo_example_12/include/ros2_control_demo_example_12/passthrough_controller_parameters.hpp /home/isg/workspace/denso_ros2_ws/src/ros2_control_demos/example_12/controllers/src/passthrough_controller_parameters.yaml `[0m
[12.487s] [ 33%] [32mBuilding CXX object CMakeFiles/ros2_control_demo_example_12.dir/hardware/rrbot.cpp.o[0m
[12.487s] [ 50%] [34m[1mCreating deprecated header file /home/isg/workspace/denso_ros2_ws/src/build/ros2_control_demo_example_12/include/passthrough_controller_parameters.hpp[0m
[12.487s] [ 50%] Built target passthrough_controller_parameters
[12.487s] [ 66%] [32mBuilding CXX object CMakeFiles/passthrough_controller.dir/controllers/src/passthrough_controller.cpp.o[0m
[12.798s] [ 83%] [32m[1mLinking CXX shared library libros2_control_demo_example_12.so[0m
[13.179s] [ 83%] Built target ros2_control_demo_example_12
[18.612s] [100%] [32m[1mLinking CXX shared library libpassthrough_controller.so[0m
[18.793s] [100%] Built target passthrough_controller
[18.805s] Invoked command in '/home/isg/workspace/denso_ros2_ws/src/build/ros2_control_demo_example_12' returned '0': AMENT_PREFIX_PATH=/home/isg/workspace/denso_ros2_ws/src/install/ros2_control_demo_description:${AMENT_PREFIX_PATH} CMAKE_PREFIX_PATH=/home/isg/workspace/denso_ros2_ws/src/install/ros2_control_demo_description:/opt/ros/humble /usr/bin/cmake --build /home/isg/workspace/denso_ros2_ws/src/build/ros2_control_demo_example_12 -- -j16 -l16
[18.807s] Invoking command in '/home/isg/workspace/denso_ros2_ws/src/build/ros2_control_demo_example_12': AMENT_PREFIX_PATH=/home/isg/workspace/denso_ros2_ws/src/install/ros2_control_demo_description:${AMENT_PREFIX_PATH} CMAKE_PREFIX_PATH=/home/isg/workspace/denso_ros2_ws/src/install/ros2_control_demo_description:/opt/ros/humble /usr/bin/cmake --install /home/isg/workspace/denso_ros2_ws/src/build/ros2_control_demo_example_12
[18.817s] -- Install configuration: "Release"
[18.817s] -- Installing: /home/isg/workspace/denso_ros2_ws/src/install/ros2_control_demo_example_12/share/ros2_control_demo_example_12/ros2_control_demo_example_12.xml
[18.817s] -- Installing: /home/isg/workspace/denso_ros2_ws/src/install/ros2_control_demo_example_12/include/ros2_control_demo_example_12
[18.817s] -- Installing: /home/isg/workspace/denso_ros2_ws/src/install/ros2_control_demo_example_12/include/ros2_control_demo_example_12/passthrough_controller_parameters.hpp
[18.818s] -- Installing: /home/isg/workspace/denso_ros2_ws/src/install/ros2_control_demo_example_12/share/ros2_control_demo_example_12/passthrough_controller.xml
[18.818s] -- Up-to-date: /home/isg/workspace/denso_ros2_ws/src/install/ros2_control_demo_example_12/include/ros2_control_demo_example_12
[18.818s] -- Installing: /home/isg/workspace/denso_ros2_ws/src/install/ros2_control_demo_example_12/include/ros2_control_demo_example_12/ros2_control_demo_example_12
[18.818s] -- Installing: /home/isg/workspace/denso_ros2_ws/src/install/ros2_control_demo_example_12/include/ros2_control_demo_example_12/ros2_control_demo_example_12/rrbot.hpp
[18.819s] -- Installing: /home/isg/workspace/denso_ros2_ws/src/install/ros2_control_demo_example_12/share/ros2_control_demo_example_12/launch
[18.819s] -- Installing: /home/isg/workspace/denso_ros2_ws/src/install/ros2_control_demo_example_12/share/ros2_control_demo_example_12/launch/view_robot.launch.py
[18.819s] -- Installing: /home/isg/workspace/denso_ros2_ws/src/install/ros2_control_demo_example_12/share/ros2_control_demo_example_12/ros2_control
[18.819s] -- Installing: /home/isg/workspace/denso_ros2_ws/src/install/ros2_control_demo_example_12/share/ros2_control_demo_example_12/ros2_control/rrbot.ros2_control.xacro
[18.819s] -- Installing: /home/isg/workspace/denso_ros2_ws/src/install/ros2_control_demo_example_12/share/ros2_control_demo_example_12/urdf
[18.819s] -- Installing: /home/isg/workspace/denso_ros2_ws/src/install/ros2_control_demo_example_12/share/ros2_control_demo_example_12/urdf/rrbot.urdf.xacro
[18.819s] -- Up-to-date: /home/isg/workspace/denso_ros2_ws/src/install/ros2_control_demo_example_12/share/ros2_control_demo_example_12/launch
[18.820s] -- Installing: /home/isg/workspace/denso_ros2_ws/src/install/ros2_control_demo_example_12/share/ros2_control_demo_example_12/launch/launch_chained_controllers.launch.py
[18.820s] -- Installing: /home/isg/workspace/denso_ros2_ws/src/install/ros2_control_demo_example_12/share/ros2_control_demo_example_12/launch/rrbot.launch.py
[18.820s] -- Installing: /home/isg/workspace/denso_ros2_ws/src/install/ros2_control_demo_example_12/share/ros2_control_demo_example_12/config
[18.820s] -- Installing: /home/isg/workspace/denso_ros2_ws/src/install/ros2_control_demo_example_12/share/ros2_control_demo_example_12/config/rrbot_chained_controllers.yaml
[18.820s] -- Installing: /home/isg/workspace/denso_ros2_ws/src/install/ros2_control_demo_example_12/lib/libros2_control_demo_example_12.so
[18.821s] -- Set runtime path of "/home/isg/workspace/denso_ros2_ws/src/install/ros2_control_demo_example_12/lib/libros2_control_demo_example_12.so" to ""
[18.821s] -- Installing: /home/isg/workspace/denso_ros2_ws/src/install/ros2_control_demo_example_12/include/passthrough_controller
[18.821s] -- Installing: /home/isg/workspace/denso_ros2_ws/src/install/ros2_control_demo_example_12/include/passthrough_controller/passthrough_controller
[18.821s] -- Installing: /home/isg/workspace/denso_ros2_ws/src/install/ros2_control_demo_example_12/include/passthrough_controller/passthrough_controller/passthrough_controller.hpp
[18.822s] -- Installing: /home/isg/workspace/denso_ros2_ws/src/install/ros2_control_demo_example_12/lib/libpassthrough_controller.so
[18.824s] -- Set runtime path of "/home/isg/workspace/denso_ros2_ws/src/install/ros2_control_demo_example_12/lib/libpassthrough_controller.so" to ""
[18.824s] -- Installing: /home/isg/workspace/denso_ros2_ws/src/install/ros2_control_demo_example_12/share/ros2_control_demo_example_12/environment/library_path.sh
[18.824s] -- Installing: /home/isg/workspace/denso_ros2_ws/src/install/ros2_control_demo_example_12/share/ros2_control_demo_example_12/environment/library_path.dsv
[18.824s] -- Installing: /home/isg/workspace/denso_ros2_ws/src/install/ros2_control_demo_example_12/share/ament_index/resource_index/package_run_dependencies/ros2_control_demo_example_12
[18.825s] -- Installing: /home/isg/workspace/denso_ros2_ws/src/install/ros2_control_demo_example_12/share/ament_index/resource_index/parent_prefix_path/ros2_control_demo_example_12
[18.825s] -- Installing: /home/isg/workspace/denso_ros2_ws/src/install/ros2_control_demo_example_12/share/ros2_control_demo_example_12/environment/ament_prefix_path.sh
[18.825s] -- Installing: /home/isg/workspace/denso_ros2_ws/src/install/ros2_control_demo_example_12/share/ros2_control_demo_example_12/environment/ament_prefix_path.dsv
[18.825s] -- Installing: /home/isg/workspace/denso_ros2_ws/src/install/ros2_control_demo_example_12/share/ros2_control_demo_example_12/environment/path.sh
[18.825s] -- Installing: /home/isg/workspace/denso_ros2_ws/src/install/ros2_control_demo_example_12/share/ros2_control_demo_example_12/environment/path.dsv
[18.826s] -- Installing: /home/isg/workspace/denso_ros2_ws/src/install/ros2_control_demo_example_12/share/ros2_control_demo_example_12/local_setup.bash
[18.826s] -- Installing: /home/isg/workspace/denso_ros2_ws/src/install/ros2_control_demo_example_12/share/ros2_control_demo_example_12/local_setup.sh
[18.826s] -- Installing: /home/isg/workspace/denso_ros2_ws/src/install/ros2_control_demo_example_12/share/ros2_control_demo_example_12/local_setup.zsh
[18.826s] -- Installing: /home/isg/workspace/denso_ros2_ws/src/install/ros2_control_demo_example_12/share/ros2_control_demo_example_12/local_setup.dsv
[18.827s] -- Installing: /home/isg/workspace/denso_ros2_ws/src/install/ros2_control_demo_example_12/share/ros2_control_demo_example_12/package.dsv
[18.827s] -- Installing: /home/isg/workspace/denso_ros2_ws/src/install/ros2_control_demo_example_12/share/ament_index/resource_index/packages/ros2_control_demo_example_12
[18.827s] -- Installing: /home/isg/workspace/denso_ros2_ws/src/install/ros2_control_demo_example_12/share/ament_index/resource_index/hardware_interface__pluginlib__plugin/ros2_control_demo_example_12
[18.827s] -- Installing: /home/isg/workspace/denso_ros2_ws/src/install/ros2_control_demo_example_12/share/ament_index/resource_index/controller_interface__pluginlib__plugin/ros2_control_demo_example_12
[18.828s] -- Installing: /home/isg/workspace/denso_ros2_ws/src/install/ros2_control_demo_example_12/share/ros2_control_demo_example_12/cmake/export_passthrough_controllerExport.cmake
[18.828s] -- Installing: /home/isg/workspace/denso_ros2_ws/src/install/ros2_control_demo_example_12/share/ros2_control_demo_example_12/cmake/export_passthrough_controllerExport-release.cmake
[18.828s] -- Installing: /home/isg/workspace/denso_ros2_ws/src/install/ros2_control_demo_example_12/share/ros2_control_demo_example_12/cmake/export_ros2_control_demo_example_12Export.cmake
[18.828s] -- Installing: /home/isg/workspace/denso_ros2_ws/src/install/ros2_control_demo_example_12/share/ros2_control_demo_example_12/cmake/export_ros2_control_demo_example_12Export-release.cmake
[18.828s] -- Installing: /home/isg/workspace/denso_ros2_ws/src/install/ros2_control_demo_example_12/share/ros2_control_demo_example_12/cmake/ament_cmake_export_dependencies-extras.cmake
[18.829s] -- Installing: /home/isg/workspace/denso_ros2_ws/src/install/ros2_control_demo_example_12/share/ros2_control_demo_example_12/cmake/ament_cmake_export_targets-extras.cmake
[18.829s] -- Installing: /home/isg/workspace/denso_ros2_ws/src/install/ros2_control_demo_example_12/share/ros2_control_demo_example_12/cmake/ros2_control_demo_example_12Config.cmake
[18.829s] -- Installing: /home/isg/workspace/denso_ros2_ws/src/install/ros2_control_demo_example_12/share/ros2_control_demo_example_12/cmake/ros2_control_demo_example_12Config-version.cmake
[18.829s] -- Installing: /home/isg/workspace/denso_ros2_ws/src/install/ros2_control_demo_example_12/share/ros2_control_demo_example_12/package.xml
[18.831s] Invoked command in '/home/isg/workspace/denso_ros2_ws/src/build/ros2_control_demo_example_12' returned '0': AMENT_PREFIX_PATH=/home/isg/workspace/denso_ros2_ws/src/install/ros2_control_demo_description:${AMENT_PREFIX_PATH} CMAKE_PREFIX_PATH=/home/isg/workspace/denso_ros2_ws/src/install/ros2_control_demo_description:/opt/ros/humble /usr/bin/cmake --install /home/isg/workspace/denso_ros2_ws/src/build/ros2_control_demo_example_12
