[0.131s] Invoking command in '/home/isg/workspace/denso_ros2_ws/src/build/ros2_control_demo_example_14': AMENT_PREFIX_PATH=/home/isg/workspace/denso_ros2_ws/src/install/ros2_control_demo_description:${AMENT_PREFIX_PATH} CMAKE_PREFIX_PATH=/home/isg/workspace/denso_ros2_ws/src/install/ros2_control_demo_description:/opt/ros/humble /usr/bin/cmake /home/isg/workspace/denso_ros2_ws/src/ros2_control_demos/example_14 -DCMAKE_BUILD_TYPE=Release -DCMAKE_INSTALL_PREFIX=/home/isg/workspace/denso_ros2_ws/src/install/ros2_control_demo_example_14
[0.260s] -- The CXX compiler identification is GNU 11.4.0
[0.268s] -- Detecting CXX compiler ABI info
[0.388s] -- Detecting CXX compiler ABI info - done
[0.398s] -- Check for working CXX compiler: /usr/bin/c++ - skipped
[0.398s] -- Detecting CXX compile features
[0.399s] -- Detecting CXX compile features - done
[0.405s] -- Found ament_cmake: 1.3.12 (/opt/ros/humble/share/ament_cmake/cmake)
[0.583s] -- Found Python3: /usr/bin/python3 (found version "3.10.12") found components: Interpreter 
[0.699s] -- Found hardware_interface: 2.51.0 (/opt/ros/humble/share/hardware_interface/cmake)
[0.748s] -- Found rosidl_generator_c: 3.1.7 (/opt/ros/humble/share/rosidl_generator_c/cmake)
[0.754s] -- Found rosidl_adapter: 3.1.7 (/opt/ros/humble/share/rosidl_adapter/cmake)
[0.766s] -- Found rosidl_generator_cpp: 3.1.7 (/opt/ros/humble/share/rosidl_generator_cpp/cmake)
[0.781s] -- Using all available rosidl_typesupport_c: rosidl_typesupport_fastrtps_c;rosidl_typesupport_introspection_c
[0.802s] -- Using all available rosidl_typesupport_cpp: rosidl_typesupport_fastrtps_cpp;rosidl_typesupport_introspection_cpp
[1.069s] -- Found rmw_implementation_cmake: 6.1.2 (/opt/ros/humble/share/rmw_implementation_cmake/cmake)
[1.074s] -- Found rmw_fastrtps_cpp: 6.2.8 (/opt/ros/humble/share/rmw_fastrtps_cpp/cmake)
[1.105s] -- Found TinyXML2 via Config file: TinyXML2_DIR-NOTFOUND
[1.176s] -- Found OpenSSL: /usr/lib/x86_64-linux-gnu/libcrypto.so (found version "3.0.2")  
[1.179s] -- Found TinyXML2 via Config file: TinyXML2_DIR-NOTFOUND
[1.198s] -- Found FastRTPS: /opt/ros/humble/include  
[1.202s] -- Found TinyXML2 via Config file: TinyXML2_DIR-NOTFOUND
[1.211s] -- Found TinyXML2 via Config file: TinyXML2_DIR-NOTFOUND
[1.223s] -- Using RMW implementation 'rmw_fastrtps_cpp' as default
[1.234s] -- Looking for C++ include pthread.h
[1.416s] -- Looking for C++ include pthread.h - found
[1.417s] -- Performing Test CMAKE_HAVE_LIBC_PTHREAD
[1.578s] -- Performing Test CMAKE_HAVE_LIBC_PTHREAD - Success
[1.578s] -- Found Threads: TRUE  
[1.644s] -- Found realtime_tools: 2.14.0 (/opt/ros/humble/share/realtime_tools/cmake)
[1.666s] -- Found ament_cmake_pytest: 1.3.12 (/opt/ros/humble/share/ament_cmake_pytest/cmake)
[3.143s] -- Configuring done
[3.188s] -- Generating done
[3.193s] -- Build files have been written to: /home/isg/workspace/denso_ros2_ws/src/build/ros2_control_demo_example_14
[3.262s] Invoked command in '/home/isg/workspace/denso_ros2_ws/src/build/ros2_control_demo_example_14' returned '0': AMENT_PREFIX_PATH=/home/isg/workspace/denso_ros2_ws/src/install/ros2_control_demo_description:${AMENT_PREFIX_PATH} CMAKE_PREFIX_PATH=/home/isg/workspace/denso_ros2_ws/src/install/ros2_control_demo_description:/opt/ros/humble /usr/bin/cmake /home/isg/workspace/denso_ros2_ws/src/ros2_control_demos/example_14 -DCMAKE_BUILD_TYPE=Release -DCMAKE_INSTALL_PREFIX=/home/isg/workspace/denso_ros2_ws/src/install/ros2_control_demo_example_14
[3.263s] Invoking command in '/home/isg/workspace/denso_ros2_ws/src/build/ros2_control_demo_example_14': AMENT_PREFIX_PATH=/home/isg/workspace/denso_ros2_ws/src/install/ros2_control_demo_description:${AMENT_PREFIX_PATH} CMAKE_PREFIX_PATH=/home/isg/workspace/denso_ros2_ws/src/install/ros2_control_demo_description:/opt/ros/humble /usr/bin/cmake --build /home/isg/workspace/denso_ros2_ws/src/build/ros2_control_demo_example_14 -- -j16 -l16
[3.755s] [ 33%] [32mBuilding CXX object CMakeFiles/ros2_control_demo_example_14.dir/hardware/rrbot_actuator_without_feedback.cpp.o[0m
[3.756s] [ 66%] [32mBuilding CXX object CMakeFiles/ros2_control_demo_example_14.dir/hardware/rrbot_sensor_for_position_feedback.cpp.o[0m
[12.293s] [100%] [32m[1mLinking CXX shared library libros2_control_demo_example_14.so[0m
[12.583s] [100%] Built target ros2_control_demo_example_14
[12.613s] Invoked command in '/home/isg/workspace/denso_ros2_ws/src/build/ros2_control_demo_example_14' returned '0': AMENT_PREFIX_PATH=/home/isg/workspace/denso_ros2_ws/src/install/ros2_control_demo_description:${AMENT_PREFIX_PATH} CMAKE_PREFIX_PATH=/home/isg/workspace/denso_ros2_ws/src/install/ros2_control_demo_description:/opt/ros/humble /usr/bin/cmake --build /home/isg/workspace/denso_ros2_ws/src/build/ros2_control_demo_example_14 -- -j16 -l16
[12.613s] Invoking command in '/home/isg/workspace/denso_ros2_ws/src/build/ros2_control_demo_example_14': AMENT_PREFIX_PATH=/home/isg/workspace/denso_ros2_ws/src/install/ros2_control_demo_description:${AMENT_PREFIX_PATH} CMAKE_PREFIX_PATH=/home/isg/workspace/denso_ros2_ws/src/install/ros2_control_demo_description:/opt/ros/humble /usr/bin/cmake --install /home/isg/workspace/denso_ros2_ws/src/build/ros2_control_demo_example_14
[12.883s] -- Install configuration: "Release"
[12.887s] -- Installing: /home/isg/workspace/denso_ros2_ws/src/install/ros2_control_demo_example_14/share/ros2_control_demo_example_14/ros2_control_demo_example_14.xml
[12.887s] -- Installing: /home/isg/workspace/denso_ros2_ws/src/install/ros2_control_demo_example_14/include/ros2_control_demo_example_14
[12.888s] -- Installing: /home/isg/workspace/denso_ros2_ws/src/install/ros2_control_demo_example_14/include/ros2_control_demo_example_14/ros2_control_demo_example_14
[12.888s] -- Installing: /home/isg/workspace/denso_ros2_ws/src/install/ros2_control_demo_example_14/include/ros2_control_demo_example_14/ros2_control_demo_example_14/rrbot_actuator_without_feedback.hpp
[12.888s] -- Installing: /home/isg/workspace/denso_ros2_ws/src/install/ros2_control_demo_example_14/include/ros2_control_demo_example_14/ros2_control_demo_example_14/rrbot_sensor_for_position_feedback.hpp
[12.888s] -- Installing: /home/isg/workspace/denso_ros2_ws/src/install/ros2_control_demo_example_14/share/ros2_control_demo_example_14/launch
[12.888s] -- Installing: /home/isg/workspace/denso_ros2_ws/src/install/ros2_control_demo_example_14/share/ros2_control_demo_example_14/launch/view_robot.launch.py
[12.888s] -- Installing: /home/isg/workspace/denso_ros2_ws/src/install/ros2_control_demo_example_14/share/ros2_control_demo_example_14/ros2_control
[12.888s] -- Installing: /home/isg/workspace/denso_ros2_ws/src/install/ros2_control_demo_example_14/share/ros2_control_demo_example_14/ros2_control/rrbot_modular_actuators_without_feedback_sensors_for_position_feedback.ros2_control.xacro
[12.888s] -- Installing: /home/isg/workspace/denso_ros2_ws/src/install/ros2_control_demo_example_14/share/ros2_control_demo_example_14/urdf
[12.888s] -- Installing: /home/isg/workspace/denso_ros2_ws/src/install/ros2_control_demo_example_14/share/ros2_control_demo_example_14/urdf/rrbot_modular_actuators_without_feedback_sensors_for_position_feedback.urdf.xacro
[12.888s] -- Up-to-date: /home/isg/workspace/denso_ros2_ws/src/install/ros2_control_demo_example_14/share/ros2_control_demo_example_14/launch
[12.888s] -- Installing: /home/isg/workspace/denso_ros2_ws/src/install/ros2_control_demo_example_14/share/ros2_control_demo_example_14/launch/rrbot_modular_actuators_without_feedback_sensors_for_position_feedback.launch.py
[12.888s] -- Installing: /home/isg/workspace/denso_ros2_ws/src/install/ros2_control_demo_example_14/share/ros2_control_demo_example_14/config
[12.888s] -- Installing: /home/isg/workspace/denso_ros2_ws/src/install/ros2_control_demo_example_14/share/ros2_control_demo_example_14/config/rrbot_modular_actuators_without_feedback_sensors_for_position_feedback.yaml
[12.888s] -- Installing: /home/isg/workspace/denso_ros2_ws/src/install/ros2_control_demo_example_14/lib/libros2_control_demo_example_14.so
[12.888s] -- Set runtime path of "/home/isg/workspace/denso_ros2_ws/src/install/ros2_control_demo_example_14/lib/libros2_control_demo_example_14.so" to ""
[12.889s] -- Installing: /home/isg/workspace/denso_ros2_ws/src/install/ros2_control_demo_example_14/share/ros2_control_demo_example_14/environment/library_path.sh
[12.889s] -- Installing: /home/isg/workspace/denso_ros2_ws/src/install/ros2_control_demo_example_14/share/ros2_control_demo_example_14/environment/library_path.dsv
[12.889s] -- Installing: /home/isg/workspace/denso_ros2_ws/src/install/ros2_control_demo_example_14/share/ament_index/resource_index/package_run_dependencies/ros2_control_demo_example_14
[12.889s] -- Installing: /home/isg/workspace/denso_ros2_ws/src/install/ros2_control_demo_example_14/share/ament_index/resource_index/parent_prefix_path/ros2_control_demo_example_14
[12.889s] -- Installing: /home/isg/workspace/denso_ros2_ws/src/install/ros2_control_demo_example_14/share/ros2_control_demo_example_14/environment/ament_prefix_path.sh
[12.889s] -- Installing: /home/isg/workspace/denso_ros2_ws/src/install/ros2_control_demo_example_14/share/ros2_control_demo_example_14/environment/ament_prefix_path.dsv
[12.889s] -- Installing: /home/isg/workspace/denso_ros2_ws/src/install/ros2_control_demo_example_14/share/ros2_control_demo_example_14/environment/path.sh
[12.889s] -- Installing: /home/isg/workspace/denso_ros2_ws/src/install/ros2_control_demo_example_14/share/ros2_control_demo_example_14/environment/path.dsv
[12.889s] -- Installing: /home/isg/workspace/denso_ros2_ws/src/install/ros2_control_demo_example_14/share/ros2_control_demo_example_14/local_setup.bash
[12.889s] -- Installing: /home/isg/workspace/denso_ros2_ws/src/install/ros2_control_demo_example_14/share/ros2_control_demo_example_14/local_setup.sh
[12.889s] -- Installing: /home/isg/workspace/denso_ros2_ws/src/install/ros2_control_demo_example_14/share/ros2_control_demo_example_14/local_setup.zsh
[12.889s] -- Installing: /home/isg/workspace/denso_ros2_ws/src/install/ros2_control_demo_example_14/share/ros2_control_demo_example_14/local_setup.dsv
[12.889s] -- Installing: /home/isg/workspace/denso_ros2_ws/src/install/ros2_control_demo_example_14/share/ros2_control_demo_example_14/package.dsv
[12.889s] -- Installing: /home/isg/workspace/denso_ros2_ws/src/install/ros2_control_demo_example_14/share/ament_index/resource_index/packages/ros2_control_demo_example_14
[12.889s] -- Installing: /home/isg/workspace/denso_ros2_ws/src/install/ros2_control_demo_example_14/share/ament_index/resource_index/hardware_interface__pluginlib__plugin/ros2_control_demo_example_14
[12.889s] -- Installing: /home/isg/workspace/denso_ros2_ws/src/install/ros2_control_demo_example_14/share/ros2_control_demo_example_14/cmake/export_ros2_control_demo_example_14Export.cmake
[12.889s] -- Installing: /home/isg/workspace/denso_ros2_ws/src/install/ros2_control_demo_example_14/share/ros2_control_demo_example_14/cmake/export_ros2_control_demo_example_14Export-release.cmake
[12.889s] -- Installing: /home/isg/workspace/denso_ros2_ws/src/install/ros2_control_demo_example_14/share/ros2_control_demo_example_14/cmake/ament_cmake_export_targets-extras.cmake
[12.889s] -- Installing: /home/isg/workspace/denso_ros2_ws/src/install/ros2_control_demo_example_14/share/ros2_control_demo_example_14/cmake/ament_cmake_export_dependencies-extras.cmake
[12.890s] -- Installing: /home/isg/workspace/denso_ros2_ws/src/install/ros2_control_demo_example_14/share/ros2_control_demo_example_14/cmake/ros2_control_demo_example_14Config.cmake
[12.890s] -- Installing: /home/isg/workspace/denso_ros2_ws/src/install/ros2_control_demo_example_14/share/ros2_control_demo_example_14/cmake/ros2_control_demo_example_14Config-version.cmake
[12.890s] -- Installing: /home/isg/workspace/denso_ros2_ws/src/install/ros2_control_demo_example_14/share/ros2_control_demo_example_14/package.xml
[12.957s] Invoked command in '/home/isg/workspace/denso_ros2_ws/src/build/ros2_control_demo_example_14' returned '0': AMENT_PREFIX_PATH=/home/isg/workspace/denso_ros2_ws/src/install/ros2_control_demo_description:${AMENT_PREFIX_PATH} CMAKE_PREFIX_PATH=/home/isg/workspace/denso_ros2_ws/src/install/ros2_control_demo_description:/opt/ros/humble /usr/bin/cmake --install /home/isg/workspace/denso_ros2_ws/src/build/ros2_control_demo_example_14
