[35m[1mConsolidate compiler generated dependencies of target bcap_service_interfaces__rosidl_generator_c[0m
[  2%] Built target bcap_service_interfaces__cpp
[ 12%] Built target bcap_service_interfaces__rosidl_generator_c
[ 12%] Built target ament_cmake_python_symlink_bcap_service_interfaces
[35m[1mConsolidate compiler generated dependencies of target bcap_service_interfaces__rosidl_typesupport_cpp[0m
[35m[1mConsolidate compiler generated dependencies of target bcap_service_interfaces__rosidl_typesupport_introspection_c[0m
[35m[1mConsolidate compiler generated dependencies of target bcap_service_interfaces__rosidl_typesupport_c[0m
[35m[1mConsolidate compiler generated dependencies of target bcap_service_interfaces__rosidl_typesupport_fastrtps_c[0m
[35m[1mConsolidate compiler generated dependencies of target bcap_service_interfaces__rosidl_typesupport_fastrtps_cpp[0m
[35m[1mConsolidate compiler generated dependencies of target bcap_service_interfaces__rosidl_typesupport_introspection_cpp[0m
[ 23%] Built target bcap_service_interfaces__rosidl_typesupport_introspection_c
[ 33%] Built target bcap_service_interfaces__rosidl_typesupport_c
[ 43%] Built target bcap_service_interfaces__rosidl_typesupport_fastrtps_c
[ 53%] Built target bcap_service_interfaces__rosidl_typesupport_cpp
[ 64%] Built target bcap_service_interfaces__rosidl_typesupport_introspection_cpp
[ 74%] Built target bcap_service_interfaces__rosidl_typesupport_fastrtps_cpp
[ 74%] Built target bcap_service_interfaces
[ 76%] Built target bcap_service_interfaces__py
[35m[1mConsolidate compiler generated dependencies of target bcap_service_interfaces__rosidl_generator_py[0m
[ 84%] Built target bcap_service_interfaces__rosidl_generator_py
[35m[1mConsolidate compiler generated dependencies of target bcap_service_interfaces__rosidl_typesupport_introspection_c__pyext[0m
[35m[1mConsolidate compiler generated dependencies of target bcap_service_interfaces__rosidl_typesupport_fastrtps_c__pyext[0m
[35m[1mConsolidate compiler generated dependencies of target bcap_service_interfaces__rosidl_typesupport_c__pyext[0m
[ 97%] Built target bcap_service_interfaces__rosidl_typesupport_fastrtps_c__pyext
[ 97%] Built target bcap_service_interfaces__rosidl_typesupport_c__pyext
[100%] Built target bcap_service_interfaces__rosidl_typesupport_introspection_c__pyext
running egg_info
writing bcap_service_interfaces.egg-info/PKG-INFO
writing dependency_links to bcap_service_interfaces.egg-info/dependency_links.txt
writing top-level names to bcap_service_interfaces.egg-info/top_level.txt
reading manifest file 'bcap_service_interfaces.egg-info/SOURCES.txt'
writing manifest file 'bcap_service_interfaces.egg-info/SOURCES.txt'
[100%] Built target ament_cmake_python_build_bcap_service_interfaces_egg
-- Install configuration: ""
-- Execute custom install script
-- Up-to-date symlink: /home/isg/workspace/denso_ros2_ws/install/bcap_service_interfaces/share/ament_index/resource_index/rosidl_interfaces/bcap_service_interfaces
-- Up-to-date symlink: /home/isg/workspace/denso_ros2_ws/install/bcap_service_interfaces/include/bcap_service_interfaces/bcap_service_interfaces/msg/detail/variant__functions.h
-- Up-to-date symlink: /home/isg/workspace/denso_ros2_ws/install/bcap_service_interfaces/include/bcap_service_interfaces/bcap_service_interfaces/msg/detail/variant__struct.h
-- Up-to-date symlink: /home/isg/workspace/denso_ros2_ws/install/bcap_service_interfaces/include/bcap_service_interfaces/bcap_service_interfaces/msg/detail/variant__type_support.h
-- Up-to-date symlink: /home/isg/workspace/denso_ros2_ws/install/bcap_service_interfaces/include/bcap_service_interfaces/bcap_service_interfaces/msg/rosidl_generator_c__visibility_control.h
-- Up-to-date symlink: /home/isg/workspace/denso_ros2_ws/install/bcap_service_interfaces/include/bcap_service_interfaces/bcap_service_interfaces/msg/variant.h
-- Up-to-date symlink: /home/isg/workspace/denso_ros2_ws/install/bcap_service_interfaces/include/bcap_service_interfaces/bcap_service_interfaces/srv/bcap.h
-- Up-to-date symlink: /home/isg/workspace/denso_ros2_ws/install/bcap_service_interfaces/include/bcap_service_interfaces/bcap_service_interfaces/srv/detail/bcap__functions.h
-- Up-to-date symlink: /home/isg/workspace/denso_ros2_ws/install/bcap_service_interfaces/include/bcap_service_interfaces/bcap_service_interfaces/srv/detail/bcap__struct.h
-- Up-to-date symlink: /home/isg/workspace/denso_ros2_ws/install/bcap_service_interfaces/include/bcap_service_interfaces/bcap_service_interfaces/srv/detail/bcap__type_support.h
-- Up-to-date symlink: /home/isg/workspace/denso_ros2_ws/install/bcap_service_interfaces/share/bcap_service_interfaces/environment/library_path.sh
-- Up-to-date symlink: /home/isg/workspace/denso_ros2_ws/install/bcap_service_interfaces/share/bcap_service_interfaces/environment/library_path.dsv
-- Up-to-date symlink: /home/isg/workspace/denso_ros2_ws/install/bcap_service_interfaces/include/bcap_service_interfaces/bcap_service_interfaces/msg/detail/variant__rosidl_typesupport_fastrtps_c.h
-- Up-to-date symlink: /home/isg/workspace/denso_ros2_ws/install/bcap_service_interfaces/include/bcap_service_interfaces/bcap_service_interfaces/msg/rosidl_typesupport_fastrtps_c__visibility_control.h
-- Up-to-date symlink: /home/isg/workspace/denso_ros2_ws/install/bcap_service_interfaces/include/bcap_service_interfaces/bcap_service_interfaces/srv/detail/bcap__rosidl_typesupport_fastrtps_c.h
-- Up-to-date symlink: /home/isg/workspace/denso_ros2_ws/install/bcap_service_interfaces/include/bcap_service_interfaces/bcap_service_interfaces/msg/detail/variant__rosidl_typesupport_introspection_c.h
-- Up-to-date symlink: /home/isg/workspace/denso_ros2_ws/install/bcap_service_interfaces/include/bcap_service_interfaces/bcap_service_interfaces/msg/rosidl_typesupport_introspection_c__visibility_control.h
-- Up-to-date symlink: /home/isg/workspace/denso_ros2_ws/install/bcap_service_interfaces/include/bcap_service_interfaces/bcap_service_interfaces/srv/detail/bcap__rosidl_typesupport_introspection_c.h
-- Up-to-date symlink: /home/isg/workspace/denso_ros2_ws/install/bcap_service_interfaces/include/bcap_service_interfaces/bcap_service_interfaces/msg/detail/variant__builder.hpp
-- Up-to-date symlink: /home/isg/workspace/denso_ros2_ws/install/bcap_service_interfaces/include/bcap_service_interfaces/bcap_service_interfaces/msg/detail/variant__struct.hpp
-- Up-to-date symlink: /home/isg/workspace/denso_ros2_ws/install/bcap_service_interfaces/include/bcap_service_interfaces/bcap_service_interfaces/msg/detail/variant__traits.hpp
-- Up-to-date symlink: /home/isg/workspace/denso_ros2_ws/install/bcap_service_interfaces/include/bcap_service_interfaces/bcap_service_interfaces/msg/detail/variant__type_support.hpp
-- Up-to-date symlink: /home/isg/workspace/denso_ros2_ws/install/bcap_service_interfaces/include/bcap_service_interfaces/bcap_service_interfaces/msg/rosidl_generator_cpp__visibility_control.hpp
-- Up-to-date symlink: /home/isg/workspace/denso_ros2_ws/install/bcap_service_interfaces/include/bcap_service_interfaces/bcap_service_interfaces/msg/variant.hpp
-- Up-to-date symlink: /home/isg/workspace/denso_ros2_ws/install/bcap_service_interfaces/include/bcap_service_interfaces/bcap_service_interfaces/srv/bcap.hpp
-- Up-to-date symlink: /home/isg/workspace/denso_ros2_ws/install/bcap_service_interfaces/include/bcap_service_interfaces/bcap_service_interfaces/srv/detail/bcap__builder.hpp
-- Up-to-date symlink: /home/isg/workspace/denso_ros2_ws/install/bcap_service_interfaces/include/bcap_service_interfaces/bcap_service_interfaces/srv/detail/bcap__struct.hpp
-- Up-to-date symlink: /home/isg/workspace/denso_ros2_ws/install/bcap_service_interfaces/include/bcap_service_interfaces/bcap_service_interfaces/srv/detail/bcap__traits.hpp
-- Up-to-date symlink: /home/isg/workspace/denso_ros2_ws/install/bcap_service_interfaces/include/bcap_service_interfaces/bcap_service_interfaces/srv/detail/bcap__type_support.hpp
-- Up-to-date symlink: /home/isg/workspace/denso_ros2_ws/install/bcap_service_interfaces/include/bcap_service_interfaces/bcap_service_interfaces/msg/detail/variant__rosidl_typesupport_fastrtps_cpp.hpp
-- Up-to-date symlink: /home/isg/workspace/denso_ros2_ws/install/bcap_service_interfaces/include/bcap_service_interfaces/bcap_service_interfaces/msg/rosidl_typesupport_fastrtps_cpp__visibility_control.h
-- Up-to-date symlink: /home/isg/workspace/denso_ros2_ws/install/bcap_service_interfaces/include/bcap_service_interfaces/bcap_service_interfaces/srv/detail/bcap__rosidl_typesupport_fastrtps_cpp.hpp
-- Up-to-date symlink: /home/isg/workspace/denso_ros2_ws/install/bcap_service_interfaces/include/bcap_service_interfaces/bcap_service_interfaces/msg/detail/variant__rosidl_typesupport_introspection_cpp.hpp
-- Up-to-date symlink: /home/isg/workspace/denso_ros2_ws/install/bcap_service_interfaces/include/bcap_service_interfaces/bcap_service_interfaces/srv/detail/bcap__rosidl_typesupport_introspection_cpp.hpp
-- Up-to-date symlink: /home/isg/workspace/denso_ros2_ws/install/bcap_service_interfaces/share/bcap_service_interfaces/environment/pythonpath.sh
-- Up-to-date symlink: /home/isg/workspace/denso_ros2_ws/install/bcap_service_interfaces/share/bcap_service_interfaces/environment/pythonpath.dsv
-- Up-to-date symlink: /home/isg/workspace/denso_ros2_ws/install/bcap_service_interfaces/local/lib/python3.10/dist-packages/bcap_service_interfaces-1.2.0-py3.10.egg-info/PKG-INFO
-- Up-to-date symlink: /home/isg/workspace/denso_ros2_ws/install/bcap_service_interfaces/local/lib/python3.10/dist-packages/bcap_service_interfaces-1.2.0-py3.10.egg-info/SOURCES.txt
-- Up-to-date symlink: /home/isg/workspace/denso_ros2_ws/install/bcap_service_interfaces/local/lib/python3.10/dist-packages/bcap_service_interfaces-1.2.0-py3.10.egg-info/dependency_links.txt
-- Up-to-date symlink: /home/isg/workspace/denso_ros2_ws/install/bcap_service_interfaces/local/lib/python3.10/dist-packages/bcap_service_interfaces-1.2.0-py3.10.egg-info/top_level.txt
-- Up-to-date symlink: /home/isg/workspace/denso_ros2_ws/install/bcap_service_interfaces/local/lib/python3.10/dist-packages/bcap_service_interfaces/__init__.py
-- Up-to-date symlink: /home/isg/workspace/denso_ros2_ws/install/bcap_service_interfaces/local/lib/python3.10/dist-packages/bcap_service_interfaces/_bcap_service_interfaces_s.ep.rosidl_typesupport_c.c
-- Up-to-date symlink: /home/isg/workspace/denso_ros2_ws/install/bcap_service_interfaces/local/lib/python3.10/dist-packages/bcap_service_interfaces/_bcap_service_interfaces_s.ep.rosidl_typesupport_fastrtps_c.c
-- Up-to-date symlink: /home/isg/workspace/denso_ros2_ws/install/bcap_service_interfaces/local/lib/python3.10/dist-packages/bcap_service_interfaces/_bcap_service_interfaces_s.ep.rosidl_typesupport_introspection_c.c
-- Up-to-date symlink: /home/isg/workspace/denso_ros2_ws/install/bcap_service_interfaces/local/lib/python3.10/dist-packages/bcap_service_interfaces/bcap_service_interfaces_s__rosidl_typesupport_c.cpython-310-x86_64-linux-gnu.so
-- Up-to-date symlink: /home/isg/workspace/denso_ros2_ws/install/bcap_service_interfaces/local/lib/python3.10/dist-packages/bcap_service_interfaces/bcap_service_interfaces_s__rosidl_typesupport_fastrtps_c.cpython-310-x86_64-linux-gnu.so
-- Up-to-date symlink: /home/isg/workspace/denso_ros2_ws/install/bcap_service_interfaces/local/lib/python3.10/dist-packages/bcap_service_interfaces/bcap_service_interfaces_s__rosidl_typesupport_introspection_c.cpython-310-x86_64-linux-gnu.so
-- Up-to-date symlink: /home/isg/workspace/denso_ros2_ws/install/bcap_service_interfaces/local/lib/python3.10/dist-packages/bcap_service_interfaces/libbcap_service_interfaces__rosidl_generator_py.so
-- Up-to-date symlink: /home/isg/workspace/denso_ros2_ws/install/bcap_service_interfaces/local/lib/python3.10/dist-packages/bcap_service_interfaces/msg/__init__.py
-- Up-to-date symlink: /home/isg/workspace/denso_ros2_ws/install/bcap_service_interfaces/local/lib/python3.10/dist-packages/bcap_service_interfaces/msg/_variant.py
-- Up-to-date symlink: /home/isg/workspace/denso_ros2_ws/install/bcap_service_interfaces/local/lib/python3.10/dist-packages/bcap_service_interfaces/msg/_variant_s.c
-- Up-to-date symlink: /home/isg/workspace/denso_ros2_ws/install/bcap_service_interfaces/local/lib/python3.10/dist-packages/bcap_service_interfaces/srv/__init__.py
-- Up-to-date symlink: /home/isg/workspace/denso_ros2_ws/install/bcap_service_interfaces/local/lib/python3.10/dist-packages/bcap_service_interfaces/srv/_bcap.py
-- Up-to-date symlink: /home/isg/workspace/denso_ros2_ws/install/bcap_service_interfaces/local/lib/python3.10/dist-packages/bcap_service_interfaces/srv/_bcap_s.c
-- Up-to-date symlink: /home/isg/workspace/denso_ros2_ws/install/bcap_service_interfaces/local/lib/python3.10/dist-packages/bcap_service_interfaces/bcap_service_interfaces_s__rosidl_typesupport_fastrtps_c.cpython-310-x86_64-linux-gnu.so
-- Up-to-date symlink: /home/isg/workspace/denso_ros2_ws/install/bcap_service_interfaces/local/lib/python3.10/dist-packages/bcap_service_interfaces/bcap_service_interfaces_s__rosidl_typesupport_introspection_c.cpython-310-x86_64-linux-gnu.so
-- Up-to-date symlink: /home/isg/workspace/denso_ros2_ws/install/bcap_service_interfaces/local/lib/python3.10/dist-packages/bcap_service_interfaces/bcap_service_interfaces_s__rosidl_typesupport_c.cpython-310-x86_64-linux-gnu.so
-- Up-to-date symlink: /home/isg/workspace/denso_ros2_ws/install/bcap_service_interfaces/share/bcap_service_interfaces/msg/Variant.idl
-- Up-to-date symlink: /home/isg/workspace/denso_ros2_ws/install/bcap_service_interfaces/share/bcap_service_interfaces/srv/Bcap.idl
-- Up-to-date symlink: /home/isg/workspace/denso_ros2_ws/install/bcap_service_interfaces/share/bcap_service_interfaces/msg/Variant.msg
-- Up-to-date symlink: /home/isg/workspace/denso_ros2_ws/install/bcap_service_interfaces/share/bcap_service_interfaces/srv/Bcap.srv
-- Up-to-date symlink: /home/isg/workspace/denso_ros2_ws/install/bcap_service_interfaces/share/bcap_service_interfaces/srv/Bcap_Request.msg
-- Up-to-date symlink: /home/isg/workspace/denso_ros2_ws/install/bcap_service_interfaces/share/bcap_service_interfaces/srv/Bcap_Response.msg
-- Up-to-date symlink: /home/isg/workspace/denso_ros2_ws/install/bcap_service_interfaces/share/ament_index/resource_index/package_run_dependencies/bcap_service_interfaces
-- Up-to-date symlink: /home/isg/workspace/denso_ros2_ws/install/bcap_service_interfaces/share/ament_index/resource_index/parent_prefix_path/bcap_service_interfaces
-- Up-to-date symlink: /home/isg/workspace/denso_ros2_ws/install/bcap_service_interfaces/share/bcap_service_interfaces/environment/ament_prefix_path.sh
-- Up-to-date symlink: /home/isg/workspace/denso_ros2_ws/install/bcap_service_interfaces/share/bcap_service_interfaces/environment/ament_prefix_path.dsv
-- Up-to-date symlink: /home/isg/workspace/denso_ros2_ws/install/bcap_service_interfaces/share/bcap_service_interfaces/environment/path.sh
-- Up-to-date symlink: /home/isg/workspace/denso_ros2_ws/install/bcap_service_interfaces/share/bcap_service_interfaces/environment/path.dsv
-- Up-to-date symlink: /home/isg/workspace/denso_ros2_ws/install/bcap_service_interfaces/share/bcap_service_interfaces/local_setup.bash
-- Up-to-date symlink: /home/isg/workspace/denso_ros2_ws/install/bcap_service_interfaces/share/bcap_service_interfaces/local_setup.sh
-- Up-to-date symlink: /home/isg/workspace/denso_ros2_ws/install/bcap_service_interfaces/share/bcap_service_interfaces/local_setup.zsh
-- Up-to-date symlink: /home/isg/workspace/denso_ros2_ws/install/bcap_service_interfaces/share/bcap_service_interfaces/local_setup.dsv
-- Symlinking: /home/isg/workspace/denso_ros2_ws/install/bcap_service_interfaces/share/bcap_service_interfaces/package.dsv
-- Up-to-date symlink: /home/isg/workspace/denso_ros2_ws/install/bcap_service_interfaces/share/ament_index/resource_index/packages/bcap_service_interfaces
-- Up-to-date symlink: /home/isg/workspace/denso_ros2_ws/install/bcap_service_interfaces/share/bcap_service_interfaces/cmake/rosidl_cmake-extras.cmake
-- Up-to-date symlink: /home/isg/workspace/denso_ros2_ws/install/bcap_service_interfaces/share/bcap_service_interfaces/cmake/ament_cmake_export_include_directories-extras.cmake
-- Up-to-date symlink: /home/isg/workspace/denso_ros2_ws/install/bcap_service_interfaces/share/bcap_service_interfaces/cmake/ament_cmake_export_libraries-extras.cmake
-- Up-to-date symlink: /home/isg/workspace/denso_ros2_ws/install/bcap_service_interfaces/share/bcap_service_interfaces/cmake/ament_cmake_export_targets-extras.cmake
-- Up-to-date symlink: /home/isg/workspace/denso_ros2_ws/install/bcap_service_interfaces/share/bcap_service_interfaces/cmake/rosidl_cmake_export_typesupport_targets-extras.cmake
-- Up-to-date symlink: /home/isg/workspace/denso_ros2_ws/install/bcap_service_interfaces/share/bcap_service_interfaces/cmake/ament_cmake_export_dependencies-extras.cmake
-- Up-to-date symlink: /home/isg/workspace/denso_ros2_ws/install/bcap_service_interfaces/share/bcap_service_interfaces/cmake/rosidl_cmake_export_typesupport_libraries-extras.cmake
-- Up-to-date symlink: /home/isg/workspace/denso_ros2_ws/install/bcap_service_interfaces/share/bcap_service_interfaces/cmake/bcap_service_interfacesConfig.cmake
-- Up-to-date symlink: /home/isg/workspace/denso_ros2_ws/install/bcap_service_interfaces/share/bcap_service_interfaces/cmake/bcap_service_interfacesConfig-version.cmake
-- Up-to-date symlink: /home/isg/workspace/denso_ros2_ws/install/bcap_service_interfaces/share/bcap_service_interfaces/package.xml
-- Up-to-date: /home/isg/workspace/denso_ros2_ws/install/bcap_service_interfaces/lib/libbcap_service_interfaces__rosidl_generator_c.so
-- Up-to-date: /home/isg/workspace/denso_ros2_ws/install/bcap_service_interfaces/lib/libbcap_service_interfaces__rosidl_typesupport_fastrtps_c.so
-- Up-to-date: /home/isg/workspace/denso_ros2_ws/install/bcap_service_interfaces/lib/libbcap_service_interfaces__rosidl_typesupport_introspection_c.so
-- Up-to-date: /home/isg/workspace/denso_ros2_ws/install/bcap_service_interfaces/lib/libbcap_service_interfaces__rosidl_typesupport_c.so
-- Up-to-date: /home/isg/workspace/denso_ros2_ws/install/bcap_service_interfaces/lib/libbcap_service_interfaces__rosidl_typesupport_fastrtps_cpp.so
-- Up-to-date: /home/isg/workspace/denso_ros2_ws/install/bcap_service_interfaces/lib/libbcap_service_interfaces__rosidl_typesupport_introspection_cpp.so
-- Up-to-date: /home/isg/workspace/denso_ros2_ws/install/bcap_service_interfaces/lib/libbcap_service_interfaces__rosidl_typesupport_cpp.so
Listing '/home/isg/workspace/denso_ros2_ws/install/bcap_service_interfaces/local/lib/python3.10/dist-packages/bcap_service_interfaces'...
Listing '/home/isg/workspace/denso_ros2_ws/install/bcap_service_interfaces/local/lib/python3.10/dist-packages/bcap_service_interfaces/msg'...
Listing '/home/isg/workspace/denso_ros2_ws/install/bcap_service_interfaces/local/lib/python3.10/dist-packages/bcap_service_interfaces/srv'...
-- Up-to-date: /home/isg/workspace/denso_ros2_ws/install/bcap_service_interfaces/lib/libbcap_service_interfaces__rosidl_generator_py.so
-- Up-to-date: /home/isg/workspace/denso_ros2_ws/install/bcap_service_interfaces/share/bcap_service_interfaces/cmake/export_bcap_service_interfaces__rosidl_generator_cExport.cmake
-- Up-to-date: /home/isg/workspace/denso_ros2_ws/install/bcap_service_interfaces/share/bcap_service_interfaces/cmake/export_bcap_service_interfaces__rosidl_generator_cExport-noconfig.cmake
-- Up-to-date: /home/isg/workspace/denso_ros2_ws/install/bcap_service_interfaces/share/bcap_service_interfaces/cmake/export_bcap_service_interfaces__rosidl_typesupport_fastrtps_cExport.cmake
-- Up-to-date: /home/isg/workspace/denso_ros2_ws/install/bcap_service_interfaces/share/bcap_service_interfaces/cmake/export_bcap_service_interfaces__rosidl_typesupport_fastrtps_cExport-noconfig.cmake
-- Up-to-date: /home/isg/workspace/denso_ros2_ws/install/bcap_service_interfaces/share/bcap_service_interfaces/cmake/bcap_service_interfaces__rosidl_typesupport_introspection_cExport.cmake
-- Up-to-date: /home/isg/workspace/denso_ros2_ws/install/bcap_service_interfaces/share/bcap_service_interfaces/cmake/bcap_service_interfaces__rosidl_typesupport_introspection_cExport-noconfig.cmake
-- Up-to-date: /home/isg/workspace/denso_ros2_ws/install/bcap_service_interfaces/share/bcap_service_interfaces/cmake/bcap_service_interfaces__rosidl_typesupport_cExport.cmake
-- Up-to-date: /home/isg/workspace/denso_ros2_ws/install/bcap_service_interfaces/share/bcap_service_interfaces/cmake/bcap_service_interfaces__rosidl_typesupport_cExport-noconfig.cmake
-- Up-to-date: /home/isg/workspace/denso_ros2_ws/install/bcap_service_interfaces/share/bcap_service_interfaces/cmake/export_bcap_service_interfaces__rosidl_generator_cppExport.cmake
-- Up-to-date: /home/isg/workspace/denso_ros2_ws/install/bcap_service_interfaces/share/bcap_service_interfaces/cmake/export_bcap_service_interfaces__rosidl_typesupport_fastrtps_cppExport.cmake
-- Up-to-date: /home/isg/workspace/denso_ros2_ws/install/bcap_service_interfaces/share/bcap_service_interfaces/cmake/export_bcap_service_interfaces__rosidl_typesupport_fastrtps_cppExport-noconfig.cmake
-- Up-to-date: /home/isg/workspace/denso_ros2_ws/install/bcap_service_interfaces/share/bcap_service_interfaces/cmake/bcap_service_interfaces__rosidl_typesupport_introspection_cppExport.cmake
-- Up-to-date: /home/isg/workspace/denso_ros2_ws/install/bcap_service_interfaces/share/bcap_service_interfaces/cmake/bcap_service_interfaces__rosidl_typesupport_introspection_cppExport-noconfig.cmake
-- Up-to-date: /home/isg/workspace/denso_ros2_ws/install/bcap_service_interfaces/share/bcap_service_interfaces/cmake/bcap_service_interfaces__rosidl_typesupport_cppExport.cmake
-- Up-to-date: /home/isg/workspace/denso_ros2_ws/install/bcap_service_interfaces/share/bcap_service_interfaces/cmake/bcap_service_interfaces__rosidl_typesupport_cppExport-noconfig.cmake
-- Up-to-date: /home/isg/workspace/denso_ros2_ws/install/bcap_service_interfaces/share/bcap_service_interfaces/cmake/export_bcap_service_interfaces__rosidl_generator_pyExport.cmake
-- Up-to-date: /home/isg/workspace/denso_ros2_ws/install/bcap_service_interfaces/share/bcap_service_interfaces/cmake/export_bcap_service_interfaces__rosidl_generator_pyExport-noconfig.cmake
