[0.177s] Invoking command in '/home/isg/workspace/denso_ros2_ws/src/build/ros2_control_demo_example_10': AMENT_PREFIX_PATH=/home/isg/workspace/denso_ros2_ws/src/install/ros2_control_demo_description:${AMENT_PREFIX_PATH} CMAKE_PREFIX_PATH=/home/isg/workspace/denso_ros2_ws/src/install/ros2_control_demo_description:/opt/ros/humble /usr/bin/cmake /home/isg/workspace/denso_ros2_ws/src/ros2_control_demos/example_10 -DCMAKE_BUILD_TYPE=Release -DCMAKE_INSTALL_PREFIX=/home/isg/workspace/denso_ros2_ws/src/install/ros2_control_demo_example_10
[0.326s] -- The CXX compiler identification is GNU 11.4.0
[0.338s] -- Detecting CXX compiler ABI info
[0.458s] -- Detecting CXX compiler ABI info - done
[0.468s] -- Check for working CXX compiler: /usr/bin/c++ - skipped
[0.476s] -- Detecting CXX compile features
[0.476s] -- Detecting CXX compile features - done
[0.476s] -- Found ament_cmake: 1.3.12 (/opt/ros/humble/share/ament_cmake/cmake)
[0.650s] -- Found Python3: /usr/bin/python3 (found version "3.10.12") found components: Interpreter 
[0.761s] -- Found hardware_interface: 2.51.0 (/opt/ros/humble/share/hardware_interface/cmake)
[0.813s] -- Found rosidl_generator_c: 3.1.7 (/opt/ros/humble/share/rosidl_generator_c/cmake)
[0.819s] -- Found rosidl_adapter: 3.1.7 (/opt/ros/humble/share/rosidl_adapter/cmake)
[0.831s] -- Found rosidl_generator_cpp: 3.1.7 (/opt/ros/humble/share/rosidl_generator_cpp/cmake)
[0.848s] -- Using all available rosidl_typesupport_c: rosidl_typesupport_fastrtps_c;rosidl_typesupport_introspection_c
[0.870s] -- Using all available rosidl_typesupport_cpp: rosidl_typesupport_fastrtps_cpp;rosidl_typesupport_introspection_cpp
[1.141s] -- Found rmw_implementation_cmake: 6.1.2 (/opt/ros/humble/share/rmw_implementation_cmake/cmake)
[1.144s] -- Found rmw_fastrtps_cpp: 6.2.8 (/opt/ros/humble/share/rmw_fastrtps_cpp/cmake)
[1.177s] -- Found TinyXML2 via Config file: TinyXML2_DIR-NOTFOUND
[1.246s] -- Found OpenSSL: /usr/lib/x86_64-linux-gnu/libcrypto.so (found version "3.0.2")  
[1.250s] -- Found TinyXML2 via Config file: TinyXML2_DIR-NOTFOUND
[1.268s] -- Found FastRTPS: /opt/ros/humble/include  
[1.272s] -- Found TinyXML2 via Config file: TinyXML2_DIR-NOTFOUND
[1.283s] -- Found TinyXML2 via Config file: TinyXML2_DIR-NOTFOUND
[1.296s] -- Using RMW implementation 'rmw_fastrtps_cpp' as default
[1.307s] -- Looking for C++ include pthread.h
[1.470s] -- Looking for C++ include pthread.h - found
[1.471s] -- Performing Test CMAKE_HAVE_LIBC_PTHREAD
[1.658s] -- Performing Test CMAKE_HAVE_LIBC_PTHREAD - Success
[1.658s] -- Found Threads: TRUE  
[1.720s] -- Found ament_cmake_pytest: 1.3.12 (/opt/ros/humble/share/ament_cmake_pytest/cmake)
[3.151s] -- Configuring done
[3.185s] -- Generating done
[3.193s] -- Build files have been written to: /home/isg/workspace/denso_ros2_ws/src/build/ros2_control_demo_example_10
[3.290s] Invoked command in '/home/isg/workspace/denso_ros2_ws/src/build/ros2_control_demo_example_10' returned '0': AMENT_PREFIX_PATH=/home/isg/workspace/denso_ros2_ws/src/install/ros2_control_demo_description:${AMENT_PREFIX_PATH} CMAKE_PREFIX_PATH=/home/isg/workspace/denso_ros2_ws/src/install/ros2_control_demo_description:/opt/ros/humble /usr/bin/cmake /home/isg/workspace/denso_ros2_ws/src/ros2_control_demos/example_10 -DCMAKE_BUILD_TYPE=Release -DCMAKE_INSTALL_PREFIX=/home/isg/workspace/denso_ros2_ws/src/install/ros2_control_demo_example_10
[3.295s] Invoking command in '/home/isg/workspace/denso_ros2_ws/src/build/ros2_control_demo_example_10': AMENT_PREFIX_PATH=/home/isg/workspace/denso_ros2_ws/src/install/ros2_control_demo_description:${AMENT_PREFIX_PATH} CMAKE_PREFIX_PATH=/home/isg/workspace/denso_ros2_ws/src/install/ros2_control_demo_description:/opt/ros/humble /usr/bin/cmake --build /home/isg/workspace/denso_ros2_ws/src/build/ros2_control_demo_example_10 -- -j16 -l16
[3.393s] [ 50%] [32mBuilding CXX object CMakeFiles/ros2_control_demo_example_10.dir/hardware/rrbot.cpp.o[0m
[12.557s] [100%] [32m[1mLinking CXX shared library libros2_control_demo_example_10.so[0m
[12.925s] [100%] Built target ros2_control_demo_example_10
[12.974s] Invoked command in '/home/isg/workspace/denso_ros2_ws/src/build/ros2_control_demo_example_10' returned '0': AMENT_PREFIX_PATH=/home/isg/workspace/denso_ros2_ws/src/install/ros2_control_demo_description:${AMENT_PREFIX_PATH} CMAKE_PREFIX_PATH=/home/isg/workspace/denso_ros2_ws/src/install/ros2_control_demo_description:/opt/ros/humble /usr/bin/cmake --build /home/isg/workspace/denso_ros2_ws/src/build/ros2_control_demo_example_10 -- -j16 -l16
[12.974s] Invoking command in '/home/isg/workspace/denso_ros2_ws/src/build/ros2_control_demo_example_10': AMENT_PREFIX_PATH=/home/isg/workspace/denso_ros2_ws/src/install/ros2_control_demo_description:${AMENT_PREFIX_PATH} CMAKE_PREFIX_PATH=/home/isg/workspace/denso_ros2_ws/src/install/ros2_control_demo_description:/opt/ros/humble /usr/bin/cmake --install /home/isg/workspace/denso_ros2_ws/src/build/ros2_control_demo_example_10
[13.015s] -- Install configuration: "Release"
[13.015s] -- Installing: /home/isg/workspace/denso_ros2_ws/src/install/ros2_control_demo_example_10/share/ros2_control_demo_example_10/ros2_control_demo_example_10.xml
[13.015s] -- Installing: /home/isg/workspace/denso_ros2_ws/src/install/ros2_control_demo_example_10/include/ros2_control_demo_example_10
[13.015s] -- Installing: /home/isg/workspace/denso_ros2_ws/src/install/ros2_control_demo_example_10/include/ros2_control_demo_example_10/ros2_control_demo_example_10
[13.015s] -- Installing: /home/isg/workspace/denso_ros2_ws/src/install/ros2_control_demo_example_10/include/ros2_control_demo_example_10/ros2_control_demo_example_10/rrbot.hpp
[13.015s] -- Installing: /home/isg/workspace/denso_ros2_ws/src/install/ros2_control_demo_example_10/share/ros2_control_demo_example_10/launch
[13.015s] -- Installing: /home/isg/workspace/denso_ros2_ws/src/install/ros2_control_demo_example_10/share/ros2_control_demo_example_10/launch/view_robot.launch.py
[13.015s] -- Installing: /home/isg/workspace/denso_ros2_ws/src/install/ros2_control_demo_example_10/share/ros2_control_demo_example_10/ros2_control
[13.015s] -- Installing: /home/isg/workspace/denso_ros2_ws/src/install/ros2_control_demo_example_10/share/ros2_control_demo_example_10/ros2_control/rrbot.ros2_control.xacro
[13.015s] -- Installing: /home/isg/workspace/denso_ros2_ws/src/install/ros2_control_demo_example_10/share/ros2_control_demo_example_10/urdf
[13.015s] -- Installing: /home/isg/workspace/denso_ros2_ws/src/install/ros2_control_demo_example_10/share/ros2_control_demo_example_10/urdf/rrbot.urdf.xacro
[13.015s] -- Up-to-date: /home/isg/workspace/denso_ros2_ws/src/install/ros2_control_demo_example_10/share/ros2_control_demo_example_10/launch
[13.015s] -- Installing: /home/isg/workspace/denso_ros2_ws/src/install/ros2_control_demo_example_10/share/ros2_control_demo_example_10/launch/rrbot.launch.py
[13.015s] -- Installing: /home/isg/workspace/denso_ros2_ws/src/install/ros2_control_demo_example_10/share/ros2_control_demo_example_10/launch/test_forward_position_controller.launch.py
[13.015s] -- Installing: /home/isg/workspace/denso_ros2_ws/src/install/ros2_control_demo_example_10/share/ros2_control_demo_example_10/config
[13.015s] -- Installing: /home/isg/workspace/denso_ros2_ws/src/install/ros2_control_demo_example_10/share/ros2_control_demo_example_10/config/rrbot_forward_position_publisher.yaml
[13.015s] -- Installing: /home/isg/workspace/denso_ros2_ws/src/install/ros2_control_demo_example_10/share/ros2_control_demo_example_10/config/rrbot_controllers.yaml
[13.015s] -- Installing: /home/isg/workspace/denso_ros2_ws/src/install/ros2_control_demo_example_10/lib/libros2_control_demo_example_10.so
[13.016s] -- Set runtime path of "/home/isg/workspace/denso_ros2_ws/src/install/ros2_control_demo_example_10/lib/libros2_control_demo_example_10.so" to ""
[13.016s] -- Installing: /home/isg/workspace/denso_ros2_ws/src/install/ros2_control_demo_example_10/share/ros2_control_demo_example_10/environment/library_path.sh
[13.016s] -- Installing: /home/isg/workspace/denso_ros2_ws/src/install/ros2_control_demo_example_10/share/ros2_control_demo_example_10/environment/library_path.dsv
[13.016s] -- Installing: /home/isg/workspace/denso_ros2_ws/src/install/ros2_control_demo_example_10/share/ament_index/resource_index/package_run_dependencies/ros2_control_demo_example_10
[13.016s] -- Installing: /home/isg/workspace/denso_ros2_ws/src/install/ros2_control_demo_example_10/share/ament_index/resource_index/parent_prefix_path/ros2_control_demo_example_10
[13.016s] -- Installing: /home/isg/workspace/denso_ros2_ws/src/install/ros2_control_demo_example_10/share/ros2_control_demo_example_10/environment/ament_prefix_path.sh
[13.016s] -- Installing: /home/isg/workspace/denso_ros2_ws/src/install/ros2_control_demo_example_10/share/ros2_control_demo_example_10/environment/ament_prefix_path.dsv
[13.016s] -- Installing: /home/isg/workspace/denso_ros2_ws/src/install/ros2_control_demo_example_10/share/ros2_control_demo_example_10/environment/path.sh
[13.016s] -- Installing: /home/isg/workspace/denso_ros2_ws/src/install/ros2_control_demo_example_10/share/ros2_control_demo_example_10/environment/path.dsv
[13.018s] -- Installing: /home/isg/workspace/denso_ros2_ws/src/install/ros2_control_demo_example_10/share/ros2_control_demo_example_10/local_setup.bash
[13.018s] -- Installing: /home/isg/workspace/denso_ros2_ws/src/install/ros2_control_demo_example_10/share/ros2_control_demo_example_10/local_setup.sh
[13.018s] -- Installing: /home/isg/workspace/denso_ros2_ws/src/install/ros2_control_demo_example_10/share/ros2_control_demo_example_10/local_setup.zsh
[13.018s] -- Installing: /home/isg/workspace/denso_ros2_ws/src/install/ros2_control_demo_example_10/share/ros2_control_demo_example_10/local_setup.dsv
[13.018s] -- Installing: /home/isg/workspace/denso_ros2_ws/src/install/ros2_control_demo_example_10/share/ros2_control_demo_example_10/package.dsv
[13.018s] -- Installing: /home/isg/workspace/denso_ros2_ws/src/install/ros2_control_demo_example_10/share/ament_index/resource_index/packages/ros2_control_demo_example_10
[13.018s] -- Installing: /home/isg/workspace/denso_ros2_ws/src/install/ros2_control_demo_example_10/share/ament_index/resource_index/hardware_interface__pluginlib__plugin/ros2_control_demo_example_10
[13.018s] -- Installing: /home/isg/workspace/denso_ros2_ws/src/install/ros2_control_demo_example_10/share/ros2_control_demo_example_10/cmake/export_ros2_control_demo_example_10Export.cmake
[13.018s] -- Installing: /home/isg/workspace/denso_ros2_ws/src/install/ros2_control_demo_example_10/share/ros2_control_demo_example_10/cmake/export_ros2_control_demo_example_10Export-release.cmake
[13.018s] -- Installing: /home/isg/workspace/denso_ros2_ws/src/install/ros2_control_demo_example_10/share/ros2_control_demo_example_10/cmake/ament_cmake_export_targets-extras.cmake
[13.018s] -- Installing: /home/isg/workspace/denso_ros2_ws/src/install/ros2_control_demo_example_10/share/ros2_control_demo_example_10/cmake/ament_cmake_export_dependencies-extras.cmake
[13.018s] -- Installing: /home/isg/workspace/denso_ros2_ws/src/install/ros2_control_demo_example_10/share/ros2_control_demo_example_10/cmake/ros2_control_demo_example_10Config.cmake
[13.018s] -- Installing: /home/isg/workspace/denso_ros2_ws/src/install/ros2_control_demo_example_10/share/ros2_control_demo_example_10/cmake/ros2_control_demo_example_10Config-version.cmake
[13.018s] -- Installing: /home/isg/workspace/denso_ros2_ws/src/install/ros2_control_demo_example_10/share/ros2_control_demo_example_10/package.xml
[13.050s] Invoked command in '/home/isg/workspace/denso_ros2_ws/src/build/ros2_control_demo_example_10' returned '0': AMENT_PREFIX_PATH=/home/isg/workspace/denso_ros2_ws/src/install/ros2_control_demo_description:${AMENT_PREFIX_PATH} CMAKE_PREFIX_PATH=/home/isg/workspace/denso_ros2_ws/src/install/ros2_control_demo_description:/opt/ros/humble /usr/bin/cmake --install /home/isg/workspace/denso_ros2_ws/src/build/ros2_control_demo_example_10
