[0.766s] Invoking command in '/home/isg/workspace/denso_ros2_ws/build/camera_publisher': PYTHONPATH=/home/isg/workspace/denso_ros2_ws/build/camera_publisher/prefix_override:/usr/lib/python3/dist-packages/colcon_core/task/python/colcon_distutils_commands:/home/isg/workspace/denso_ros2_ws/install/camera_publisher/lib/python3.10/site-packages:${PYTHONPATH} /usr/bin/python3 -W ignore:setup.py install is deprecated -W ignore:easy_install command is deprecated setup.py develop --editable --build-directory /home/isg/workspace/denso_ros2_ws/build/camera_publisher/build --no-deps symlink_data
[1.102s] running develop
[1.236s] running egg_info
[1.237s] creating camera_publisher.egg-info
[1.237s] writing camera_publisher.egg-info/PKG-INFO
[1.237s] writing dependency_links to camera_publisher.egg-info/dependency_links.txt
[1.237s] writing entry points to camera_publisher.egg-info/entry_points.txt
[1.237s] writing requirements to camera_publisher.egg-info/requires.txt
[1.237s] writing top-level names to camera_publisher.egg-info/top_level.txt
[1.238s] writing manifest file 'camera_publisher.egg-info/SOURCES.txt'
[1.238s] reading manifest file 'camera_publisher.egg-info/SOURCES.txt'
[1.238s] writing manifest file 'camera_publisher.egg-info/SOURCES.txt'
[1.239s] running build_ext
[1.239s] Creating /home/isg/workspace/denso_ros2_ws/install/camera_publisher/lib/python3.10/site-packages/camera-publisher.egg-link (link to .)
[1.240s] Installing camera_node script to /home/isg/workspace/denso_ros2_ws/install/camera_publisher/lib/camera_publisher
[1.240s] 
[1.240s] Installed /home/isg/workspace/denso_ros2_ws/build/camera_publisher
[1.240s] running symlink_data
[1.240s] symbolically linking /home/isg/workspace/denso_ros2_ws/build/camera_publisher/package.xml -> /home/isg/workspace/denso_ros2_ws/install/camera_publisher/share/camera_publisher
[1.240s] creating /home/isg/workspace/denso_ros2_ws/install/camera_publisher/share/camera_publisher/launch
[1.240s] creating /home/isg/workspace/denso_ros2_ws/install/camera_publisher/share/camera_publisher/resource
[1.240s] symbolically linking /home/isg/workspace/denso_ros2_ws/build/camera_publisher/resource/camera_publisher -> /home/isg/workspace/denso_ros2_ws/install/camera_publisher/share/camera_publisher/resource
[1.275s] Invoked command in '/home/isg/workspace/denso_ros2_ws/build/camera_publisher' returned '0': PYTHONPATH=/home/isg/workspace/denso_ros2_ws/build/camera_publisher/prefix_override:/usr/lib/python3/dist-packages/colcon_core/task/python/colcon_distutils_commands:/home/isg/workspace/denso_ros2_ws/install/camera_publisher/lib/python3.10/site-packages:${PYTHONPATH} /usr/bin/python3 -W ignore:setup.py install is deprecated -W ignore:easy_install command is deprecated setup.py develop --editable --build-directory /home/isg/workspace/denso_ros2_ws/build/camera_publisher/build --no-deps symlink_data
