[0.031s] Invoking command in '/home/isg/workspace/denso_ros2_ws/build/denso_robot_moveit_config': CMAKE_PREFIX_PATH=${CMAKE_PREFIX_PATH}:/home/isg/workspace/denso_ros2_ws/src/install/denso_robot_description_installer:/opt/ros/humble /usr/bin/cmake /home/isg/workspace/denso_ros2_ws/src/denso_robot_drivers_ros2/denso_robot_moveit_config -DAMENT_CMAKE_SYMLINK_INSTALL=1 -DCMAKE_INSTALL_PREFIX=/home/isg/workspace/denso_ros2_ws/install/denso_robot_moveit_config
[0.477s] -- The C compiler identification is GNU 11.4.0
[0.477s] -- The CXX compiler identification is GNU 11.4.0
[0.477s] -- Detecting C compiler ABI info
[0.478s] -- Detecting C compiler ABI info - done
[0.478s] -- Check for working C compiler: /usr/bin/cc - skipped
[0.478s] -- Detecting C compile features
[0.478s] -- Detecting C compile features - done
[0.478s] -- Detecting CXX compiler ABI info
[0.478s] -- Detecting CXX compiler ABI info - done
[0.478s] -- Check for working CXX compiler: /usr/bin/c++ - skipped
[0.478s] -- Detecting CXX compile features
[0.478s] -- Detecting CXX compile features - done
[0.478s] -- Found ament_cmake: 1.3.12 (/opt/ros/humble/share/ament_cmake/cmake)
[0.481s] -- Found Python3: /usr/bin/python3 (found version "3.10.12") found components: Interpreter 
[0.536s] -- Override CMake install command with custom implementation using symlinks instead of copying resources
[0.673s] -- Configuring done
[0.676s] -- Generating done
[0.677s] -- Build files have been written to: /home/isg/workspace/denso_ros2_ws/build/denso_robot_moveit_config
[0.682s] Invoked command in '/home/isg/workspace/denso_ros2_ws/build/denso_robot_moveit_config' returned '0': CMAKE_PREFIX_PATH=${CMAKE_PREFIX_PATH}:/home/isg/workspace/denso_ros2_ws/src/install/denso_robot_description_installer:/opt/ros/humble /usr/bin/cmake /home/isg/workspace/denso_ros2_ws/src/denso_robot_drivers_ros2/denso_robot_moveit_config -DAMENT_CMAKE_SYMLINK_INSTALL=1 -DCMAKE_INSTALL_PREFIX=/home/isg/workspace/denso_ros2_ws/install/denso_robot_moveit_config
[0.682s] Invoking command in '/home/isg/workspace/denso_ros2_ws/build/denso_robot_moveit_config': CMAKE_PREFIX_PATH=${CMAKE_PREFIX_PATH}:/home/isg/workspace/denso_ros2_ws/src/install/denso_robot_description_installer:/opt/ros/humble /usr/bin/cmake --build /home/isg/workspace/denso_ros2_ws/build/denso_robot_moveit_config -- -j16 -l16
[0.746s] Invoked command in '/home/isg/workspace/denso_ros2_ws/build/denso_robot_moveit_config' returned '0': CMAKE_PREFIX_PATH=${CMAKE_PREFIX_PATH}:/home/isg/workspace/denso_ros2_ws/src/install/denso_robot_description_installer:/opt/ros/humble /usr/bin/cmake --build /home/isg/workspace/denso_ros2_ws/build/denso_robot_moveit_config -- -j16 -l16
[0.748s] Invoking command in '/home/isg/workspace/denso_ros2_ws/build/denso_robot_moveit_config': CMAKE_PREFIX_PATH=${CMAKE_PREFIX_PATH}:/home/isg/workspace/denso_ros2_ws/src/install/denso_robot_description_installer:/opt/ros/humble /usr/bin/cmake --install /home/isg/workspace/denso_ros2_ws/build/denso_robot_moveit_config
[0.756s] -- Install configuration: ""
[0.757s] -- Execute custom install script
[0.757s] -- Symlinking: /home/isg/workspace/denso_ros2_ws/install/denso_robot_moveit_config/share/denso_robot_moveit_config/config/kinematics.yaml
[0.768s] -- Symlinking: /home/isg/workspace/denso_ros2_ws/install/denso_robot_moveit_config/share/denso_robot_moveit_config/config/ompl_planning.yaml
[0.778s] -- Symlinking: /home/isg/workspace/denso_ros2_ws/install/denso_robot_moveit_config/share/denso_robot_moveit_config/rviz/view_robot.rviz
[0.789s] -- Symlinking: /home/isg/workspace/denso_ros2_ws/install/denso_robot_moveit_config/share/denso_robot_moveit_config/srdf/denso_robot.srdf.xacro
[0.800s] -- Symlinking: /home/isg/workspace/denso_ros2_ws/install/denso_robot_moveit_config/share/denso_robot_moveit_config/robots/cobotta/config/denso_robot_controllers.yaml
[0.811s] -- Symlinking: /home/isg/workspace/denso_ros2_ws/install/denso_robot_moveit_config/share/denso_robot_moveit_config/robots/cobotta/config/joint_limits.yaml
[0.832s] -- Symlinking: /home/isg/workspace/denso_ros2_ws/install/denso_robot_moveit_config/share/denso_robot_moveit_config/robots/cobotta/config/moveit_controllers.yaml
[0.860s] -- Symlinking: /home/isg/workspace/denso_ros2_ws/install/denso_robot_moveit_config/share/denso_robot_moveit_config/robots/cobotta/srdf/denso_robot_macro.srdf.xacro
[0.893s] -- Symlinking: /home/isg/workspace/denso_ros2_ws/install/denso_robot_moveit_config/share/denso_robot_moveit_config/robots/hsr065a1_n32/config/denso_robot_controllers.yaml
[0.925s] -- Symlinking: /home/isg/workspace/denso_ros2_ws/install/denso_robot_moveit_config/share/denso_robot_moveit_config/robots/hsr065a1_n32/config/joint_limits.yaml
[0.939s] -- Symlinking: /home/isg/workspace/denso_ros2_ws/install/denso_robot_moveit_config/share/denso_robot_moveit_config/robots/hsr065a1_n32/config/moveit_controllers.yaml
[0.963s] -- Symlinking: /home/isg/workspace/denso_ros2_ws/install/denso_robot_moveit_config/share/denso_robot_moveit_config/robots/hsr065a1_n32/srdf/denso_robot_macro.srdf.xacro
[0.995s] -- Symlinking: /home/isg/workspace/denso_ros2_ws/install/denso_robot_moveit_config/share/denso_robot_moveit_config/robots/vs060/config/denso_robot_controllers.yaml
[1.020s] -- Symlinking: /home/isg/workspace/denso_ros2_ws/install/denso_robot_moveit_config/share/denso_robot_moveit_config/robots/vs060/config/joint_limits.yaml
[1.034s] -- Symlinking: /home/isg/workspace/denso_ros2_ws/install/denso_robot_moveit_config/share/denso_robot_moveit_config/robots/vs060/config/moveit_controllers.yaml
[1.047s] -- Symlinking: /home/isg/workspace/denso_ros2_ws/install/denso_robot_moveit_config/share/denso_robot_moveit_config/robots/vs060/srdf/denso_robot_macro.srdf.xacro
[1.062s] -- Symlinking: /home/isg/workspace/denso_ros2_ws/install/denso_robot_moveit_config/share/ament_index/resource_index/package_run_dependencies/denso_robot_moveit_config
[1.073s] -- Symlinking: /home/isg/workspace/denso_ros2_ws/install/denso_robot_moveit_config/share/ament_index/resource_index/parent_prefix_path/denso_robot_moveit_config
[1.085s] -- Symlinking: /home/isg/workspace/denso_ros2_ws/install/denso_robot_moveit_config/share/denso_robot_moveit_config/environment/ament_prefix_path.sh
[1.096s] -- Symlinking: /home/isg/workspace/denso_ros2_ws/install/denso_robot_moveit_config/share/denso_robot_moveit_config/environment/ament_prefix_path.dsv
[1.108s] -- Symlinking: /home/isg/workspace/denso_ros2_ws/install/denso_robot_moveit_config/share/denso_robot_moveit_config/environment/path.sh
[1.119s] -- Symlinking: /home/isg/workspace/denso_ros2_ws/install/denso_robot_moveit_config/share/denso_robot_moveit_config/environment/path.dsv
[1.130s] -- Symlinking: /home/isg/workspace/denso_ros2_ws/install/denso_robot_moveit_config/share/denso_robot_moveit_config/local_setup.bash
[1.141s] -- Symlinking: /home/isg/workspace/denso_ros2_ws/install/denso_robot_moveit_config/share/denso_robot_moveit_config/local_setup.sh
[1.151s] -- Symlinking: /home/isg/workspace/denso_ros2_ws/install/denso_robot_moveit_config/share/denso_robot_moveit_config/local_setup.zsh
[1.162s] -- Symlinking: /home/isg/workspace/denso_ros2_ws/install/denso_robot_moveit_config/share/denso_robot_moveit_config/local_setup.dsv
[1.173s] -- Symlinking: /home/isg/workspace/denso_ros2_ws/install/denso_robot_moveit_config/share/denso_robot_moveit_config/package.dsv
[1.184s] -- Symlinking: /home/isg/workspace/denso_ros2_ws/install/denso_robot_moveit_config/share/ament_index/resource_index/packages/denso_robot_moveit_config
[1.195s] -- Symlinking: /home/isg/workspace/denso_ros2_ws/install/denso_robot_moveit_config/share/denso_robot_moveit_config/cmake/denso_robot_moveit_configConfig.cmake
[1.205s] -- Symlinking: /home/isg/workspace/denso_ros2_ws/install/denso_robot_moveit_config/share/denso_robot_moveit_config/cmake/denso_robot_moveit_configConfig-version.cmake
[1.216s] -- Symlinking: /home/isg/workspace/denso_ros2_ws/install/denso_robot_moveit_config/share/denso_robot_moveit_config/package.xml
[1.230s] Invoked command in '/home/isg/workspace/denso_ros2_ws/build/denso_robot_moveit_config' returned '0': CMAKE_PREFIX_PATH=${CMAKE_PREFIX_PATH}:/home/isg/workspace/denso_ros2_ws/src/install/denso_robot_description_installer:/opt/ros/humble /usr/bin/cmake --install /home/isg/workspace/denso_ros2_ws/build/denso_robot_moveit_config
