[0.498s] Invoking command in '/home/isg/workspace/denso_ros2_ws/build/camera_publisher': PYTHONPATH=/home/isg/workspace/denso_ros2_ws/build/camera_publisher/prefix_override:/usr/lib/python3/dist-packages/colcon_core/task/python/colcon_distutils_commands:/home/isg/workspace/denso_ros2_ws/install/camera_publisher/lib/python3.10/site-packages:${PYTHONPATH} /usr/bin/python3 -W ignore:setup.py install is deprecated -W ignore:easy_install command is deprecated setup.py develop --uninstall --editable --build-directory /home/isg/workspace/denso_ros2_ws/build/camera_publisher/build
[0.701s] running develop
[0.823s] Removing /home/isg/workspace/denso_ros2_ws/install/camera_publisher/lib/python3.10/site-packages/camera-publisher.egg-link (link to .)
[0.842s] Invoked command in '/home/isg/workspace/denso_ros2_ws/build/camera_publisher' returned '0': PYTHONPATH=/home/isg/workspace/denso_ros2_ws/build/camera_publisher/prefix_override:/usr/lib/python3/dist-packages/colcon_core/task/python/colcon_distutils_commands:/home/isg/workspace/denso_ros2_ws/install/camera_publisher/lib/python3.10/site-packages:${PYTHONPATH} /usr/bin/python3 -W ignore:setup.py install is deprecated -W ignore:easy_install command is deprecated setup.py develop --uninstall --editable --build-directory /home/isg/workspace/denso_ros2_ws/build/camera_publisher/build
[0.843s] Invoking command in '/home/isg/workspace/denso_ros2_ws/src/camera_publisher': PYTHONPATH=/home/isg/workspace/denso_ros2_ws/build/camera_publisher/prefix_override:/usr/lib/python3/dist-packages/colcon_core/task/python/colcon_distutils_commands:/home/isg/workspace/denso_ros2_ws/install/camera_publisher/lib/python3.10/site-packages:${PYTHONPATH} /usr/bin/python3 -W ignore:setup.py install is deprecated -W ignore:easy_install command is deprecated setup.py egg_info --egg-base ../../build/camera_publisher build --build-base /home/isg/workspace/denso_ros2_ws/build/camera_publisher/build install --record /home/isg/workspace/denso_ros2_ws/build/camera_publisher/install.log --single-version-externally-managed install_data --force
[1.035s] running egg_info
[1.035s] writing ../../build/camera_publisher/camera_publisher.egg-info/PKG-INFO
[1.035s] writing dependency_links to ../../build/camera_publisher/camera_publisher.egg-info/dependency_links.txt
[1.036s] writing entry points to ../../build/camera_publisher/camera_publisher.egg-info/entry_points.txt
[1.036s] writing requirements to ../../build/camera_publisher/camera_publisher.egg-info/requires.txt
[1.036s] writing top-level names to ../../build/camera_publisher/camera_publisher.egg-info/top_level.txt
[1.037s] reading manifest file '../../build/camera_publisher/camera_publisher.egg-info/SOURCES.txt'
[1.038s] writing manifest file '../../build/camera_publisher/camera_publisher.egg-info/SOURCES.txt'
[1.038s] running build
[1.038s] running build_py
[1.038s] copying camera_publisher/multi_pose_capture_node.py -> /home/isg/workspace/denso_ros2_ws/build/camera_publisher/build/lib/camera_publisher
[1.038s] copying camera_publisher/robot_interface.py -> /home/isg/workspace/denso_ros2_ws/build/camera_publisher/build/lib/camera_publisher
[1.039s] running install
[1.039s] running install_lib
[1.040s] creating /home/isg/workspace/denso_ros2_ws/install/camera_publisher/lib/python3.10/site-packages/camera_publisher
[1.040s] copying /home/isg/workspace/denso_ros2_ws/build/camera_publisher/build/lib/camera_publisher/__init__.py -> /home/isg/workspace/denso_ros2_ws/install/camera_publisher/lib/python3.10/site-packages/camera_publisher
[1.040s] copying /home/isg/workspace/denso_ros2_ws/build/camera_publisher/build/lib/camera_publisher/camera_node.py -> /home/isg/workspace/denso_ros2_ws/install/camera_publisher/lib/python3.10/site-packages/camera_publisher
[1.040s] creating /home/isg/workspace/denso_ros2_ws/install/camera_publisher/lib/python3.10/site-packages/camera_publisher/pybcapclient
[1.040s] copying /home/isg/workspace/denso_ros2_ws/build/camera_publisher/build/lib/camera_publisher/pybcapclient/bcapclient.py -> /home/isg/workspace/denso_ros2_ws/install/camera_publisher/lib/python3.10/site-packages/camera_publisher/pybcapclient
[1.040s] copying /home/isg/workspace/denso_ros2_ws/build/camera_publisher/build/lib/camera_publisher/pybcapclient/variant.py -> /home/isg/workspace/denso_ros2_ws/install/camera_publisher/lib/python3.10/site-packages/camera_publisher/pybcapclient
[1.040s] copying /home/isg/workspace/denso_ros2_ws/build/camera_publisher/build/lib/camera_publisher/pybcapclient/__init__.py -> /home/isg/workspace/denso_ros2_ws/install/camera_publisher/lib/python3.10/site-packages/camera_publisher/pybcapclient
[1.040s] copying /home/isg/workspace/denso_ros2_ws/build/camera_publisher/build/lib/camera_publisher/pybcapclient/orinexception.py -> /home/isg/workspace/denso_ros2_ws/install/camera_publisher/lib/python3.10/site-packages/camera_publisher/pybcapclient
[1.041s] copying /home/isg/workspace/denso_ros2_ws/build/camera_publisher/build/lib/camera_publisher/multi_pose_capture_node.py -> /home/isg/workspace/denso_ros2_ws/install/camera_publisher/lib/python3.10/site-packages/camera_publisher
[1.041s] copying /home/isg/workspace/denso_ros2_ws/build/camera_publisher/build/lib/camera_publisher/robot_interface.py -> /home/isg/workspace/denso_ros2_ws/install/camera_publisher/lib/python3.10/site-packages/camera_publisher
[1.041s] byte-compiling /home/isg/workspace/denso_ros2_ws/install/camera_publisher/lib/python3.10/site-packages/camera_publisher/__init__.py to __init__.cpython-310.pyc
[1.041s] byte-compiling /home/isg/workspace/denso_ros2_ws/install/camera_publisher/lib/python3.10/site-packages/camera_publisher/camera_node.py to camera_node.cpython-310.pyc
[1.042s] byte-compiling /home/isg/workspace/denso_ros2_ws/install/camera_publisher/lib/python3.10/site-packages/camera_publisher/pybcapclient/bcapclient.py to bcapclient.cpython-310.pyc
[1.047s] byte-compiling /home/isg/workspace/denso_ros2_ws/install/camera_publisher/lib/python3.10/site-packages/camera_publisher/pybcapclient/variant.py to variant.cpython-310.pyc
[1.047s] byte-compiling /home/isg/workspace/denso_ros2_ws/install/camera_publisher/lib/python3.10/site-packages/camera_publisher/pybcapclient/__init__.py to __init__.cpython-310.pyc
[1.047s] byte-compiling /home/isg/workspace/denso_ros2_ws/install/camera_publisher/lib/python3.10/site-packages/camera_publisher/pybcapclient/orinexception.py to orinexception.cpython-310.pyc
[1.047s] byte-compiling /home/isg/workspace/denso_ros2_ws/install/camera_publisher/lib/python3.10/site-packages/camera_publisher/multi_pose_capture_node.py to multi_pose_capture_node.cpython-310.pyc
[1.048s] byte-compiling /home/isg/workspace/denso_ros2_ws/install/camera_publisher/lib/python3.10/site-packages/camera_publisher/robot_interface.py to robot_interface.cpython-310.pyc
[1.048s] running install_data
[1.048s] copying package.xml -> /home/isg/workspace/denso_ros2_ws/install/camera_publisher/share/camera_publisher
[1.048s] copying resource/camera_publisher -> /home/isg/workspace/denso_ros2_ws/install/camera_publisher/share/camera_publisher/resource
[1.049s] running install_egg_info
[1.050s] Copying ../../build/camera_publisher/camera_publisher.egg-info to /home/isg/workspace/denso_ros2_ws/install/camera_publisher/lib/python3.10/site-packages/camera_publisher-0.0.1-py3.10.egg-info
[1.051s] running install_scripts
[1.065s] Installing camera_node script to /home/isg/workspace/denso_ros2_ws/install/camera_publisher/lib/camera_publisher
[1.065s] Installing multi_pose_capture_node script to /home/isg/workspace/denso_ros2_ws/install/camera_publisher/lib/camera_publisher
[1.065s] writing list of installed files to '/home/isg/workspace/denso_ros2_ws/build/camera_publisher/install.log'
[1.081s] Invoked command in '/home/isg/workspace/denso_ros2_ws/src/camera_publisher' returned '0': PYTHONPATH=/home/isg/workspace/denso_ros2_ws/build/camera_publisher/prefix_override:/usr/lib/python3/dist-packages/colcon_core/task/python/colcon_distutils_commands:/home/isg/workspace/denso_ros2_ws/install/camera_publisher/lib/python3.10/site-packages:${PYTHONPATH} /usr/bin/python3 -W ignore:setup.py install is deprecated -W ignore:easy_install command is deprecated setup.py egg_info --egg-base ../../build/camera_publisher build --build-base /home/isg/workspace/denso_ros2_ws/build/camera_publisher/build install --record /home/isg/workspace/denso_ros2_ws/build/camera_publisher/install.log --single-version-externally-managed install_data --force
