-- Install configuration: ""
-- Execute custom install script
-- Up-to-date symlink: /home/isg/workspace/denso_ros2_ws/install/denso_robot_descriptions/share/denso_robot_descriptions/urdf/denso_robot.urdf.xacro
-- Up-to-date symlink: /home/isg/workspace/denso_ros2_ws/install/denso_robot_descriptions/share/denso_robot_descriptions/robots/cobotta/meshes/J1.dae
-- Up-to-date symlink: /home/isg/workspace/denso_ros2_ws/install/denso_robot_descriptions/share/denso_robot_descriptions/robots/cobotta/meshes/J2.dae
-- Up-to-date symlink: /home/isg/workspace/denso_ros2_ws/install/denso_robot_descriptions/share/denso_robot_descriptions/robots/cobotta/meshes/J3.dae
-- Up-to-date symlink: /home/isg/workspace/denso_ros2_ws/install/denso_robot_descriptions/share/denso_robot_descriptions/robots/cobotta/meshes/J4.dae
-- Up-to-date symlink: /home/isg/workspace/denso_ros2_ws/install/denso_robot_descriptions/share/denso_robot_descriptions/robots/cobotta/meshes/J5.dae
-- Up-to-date symlink: /home/isg/workspace/denso_ros2_ws/install/denso_robot_descriptions/share/denso_robot_descriptions/robots/cobotta/meshes/J6.dae
-- Up-to-date symlink: /home/isg/workspace/denso_ros2_ws/install/denso_robot_descriptions/share/denso_robot_descriptions/robots/cobotta/meshes/base_link.dae
-- Up-to-date symlink: /home/isg/workspace/denso_ros2_ws/install/denso_robot_descriptions/share/denso_robot_descriptions/robots/cobotta/urdf/denso_robot.ros2_control.xacro
-- Up-to-date symlink: /home/isg/workspace/denso_ros2_ws/install/denso_robot_descriptions/share/denso_robot_descriptions/robots/cobotta/urdf/denso_robot_joint_limits.xacro
-- Up-to-date symlink: /home/isg/workspace/denso_ros2_ws/install/denso_robot_descriptions/share/denso_robot_descriptions/robots/cobotta/urdf/denso_robot_kinematics.xacro
-- Up-to-date symlink: /home/isg/workspace/denso_ros2_ws/install/denso_robot_descriptions/share/denso_robot_descriptions/robots/cobotta/urdf/denso_robot_macro.xacro
-- Up-to-date symlink: /home/isg/workspace/denso_ros2_ws/install/denso_robot_descriptions/share/denso_robot_descriptions/robots/cobotta/urdf/denso_robot_transmissions.xacro
-- Up-to-date symlink: /home/isg/workspace/denso_ros2_ws/install/denso_robot_descriptions/share/denso_robot_descriptions/robots/hsr065a1_n32/meshes/J1.dae
-- Up-to-date symlink: /home/isg/workspace/denso_ros2_ws/install/denso_robot_descriptions/share/denso_robot_descriptions/robots/hsr065a1_n32/meshes/J2.dae
-- Up-to-date symlink: /home/isg/workspace/denso_ros2_ws/install/denso_robot_descriptions/share/denso_robot_descriptions/robots/hsr065a1_n32/meshes/J3.dae
-- Up-to-date symlink: /home/isg/workspace/denso_ros2_ws/install/denso_robot_descriptions/share/denso_robot_descriptions/robots/hsr065a1_n32/meshes/J4.dae
-- Up-to-date symlink: /home/isg/workspace/denso_ros2_ws/install/denso_robot_descriptions/share/denso_robot_descriptions/robots/hsr065a1_n32/meshes/base_link.dae
-- Up-to-date symlink: /home/isg/workspace/denso_ros2_ws/install/denso_robot_descriptions/share/denso_robot_descriptions/robots/hsr065a1_n32/urdf/denso_robot.ros2_control.xacro
-- Up-to-date symlink: /home/isg/workspace/denso_ros2_ws/install/denso_robot_descriptions/share/denso_robot_descriptions/robots/hsr065a1_n32/urdf/denso_robot_joint_limits.xacro
-- Up-to-date symlink: /home/isg/workspace/denso_ros2_ws/install/denso_robot_descriptions/share/denso_robot_descriptions/robots/hsr065a1_n32/urdf/denso_robot_kinematics.xacro
-- Up-to-date symlink: /home/isg/workspace/denso_ros2_ws/install/denso_robot_descriptions/share/denso_robot_descriptions/robots/hsr065a1_n32/urdf/denso_robot_macro.xacro
-- Up-to-date symlink: /home/isg/workspace/denso_ros2_ws/install/denso_robot_descriptions/share/denso_robot_descriptions/robots/hsr065a1_n32/urdf/denso_robot_transmissions.xacro
-- Up-to-date symlink: /home/isg/workspace/denso_ros2_ws/install/denso_robot_descriptions/share/denso_robot_descriptions/robots/vs060/meshes/J1.dae
-- Up-to-date symlink: /home/isg/workspace/denso_ros2_ws/install/denso_robot_descriptions/share/denso_robot_descriptions/robots/vs060/meshes/J2.dae
-- Up-to-date symlink: /home/isg/workspace/denso_ros2_ws/install/denso_robot_descriptions/share/denso_robot_descriptions/robots/vs060/meshes/J3.dae
-- Up-to-date symlink: /home/isg/workspace/denso_ros2_ws/install/denso_robot_descriptions/share/denso_robot_descriptions/robots/vs060/meshes/J4.dae
-- Up-to-date symlink: /home/isg/workspace/denso_ros2_ws/install/denso_robot_descriptions/share/denso_robot_descriptions/robots/vs060/meshes/J5.dae
-- Up-to-date symlink: /home/isg/workspace/denso_ros2_ws/install/denso_robot_descriptions/share/denso_robot_descriptions/robots/vs060/meshes/J6.dae
-- Up-to-date symlink: /home/isg/workspace/denso_ros2_ws/install/denso_robot_descriptions/share/denso_robot_descriptions/robots/vs060/meshes/base_link.dae
-- Up-to-date symlink: /home/isg/workspace/denso_ros2_ws/install/denso_robot_descriptions/share/denso_robot_descriptions/robots/vs060/urdf/denso_robot.ros2_control.xacro
-- Up-to-date symlink: /home/isg/workspace/denso_ros2_ws/install/denso_robot_descriptions/share/denso_robot_descriptions/robots/vs060/urdf/denso_robot_joint_limits.xacro
-- Up-to-date symlink: /home/isg/workspace/denso_ros2_ws/install/denso_robot_descriptions/share/denso_robot_descriptions/robots/vs060/urdf/denso_robot_kinematics.xacro
-- Up-to-date symlink: /home/isg/workspace/denso_ros2_ws/install/denso_robot_descriptions/share/denso_robot_descriptions/robots/vs060/urdf/denso_robot_macro.xacro
-- Up-to-date symlink: /home/isg/workspace/denso_ros2_ws/install/denso_robot_descriptions/share/denso_robot_descriptions/robots/vs060/urdf/denso_robot_transmissions.xacro
-- Up-to-date symlink: /home/isg/workspace/denso_ros2_ws/install/denso_robot_descriptions/share/ament_index/resource_index/package_run_dependencies/denso_robot_descriptions
-- Up-to-date symlink: /home/isg/workspace/denso_ros2_ws/install/denso_robot_descriptions/share/ament_index/resource_index/parent_prefix_path/denso_robot_descriptions
-- Up-to-date symlink: /home/isg/workspace/denso_ros2_ws/install/denso_robot_descriptions/share/denso_robot_descriptions/environment/ament_prefix_path.sh
-- Up-to-date symlink: /home/isg/workspace/denso_ros2_ws/install/denso_robot_descriptions/share/denso_robot_descriptions/environment/ament_prefix_path.dsv
-- Up-to-date symlink: /home/isg/workspace/denso_ros2_ws/install/denso_robot_descriptions/share/denso_robot_descriptions/environment/path.sh
-- Up-to-date symlink: /home/isg/workspace/denso_ros2_ws/install/denso_robot_descriptions/share/denso_robot_descriptions/environment/path.dsv
-- Up-to-date symlink: /home/isg/workspace/denso_ros2_ws/install/denso_robot_descriptions/share/denso_robot_descriptions/local_setup.bash
-- Up-to-date symlink: /home/isg/workspace/denso_ros2_ws/install/denso_robot_descriptions/share/denso_robot_descriptions/local_setup.sh
-- Up-to-date symlink: /home/isg/workspace/denso_ros2_ws/install/denso_robot_descriptions/share/denso_robot_descriptions/local_setup.zsh
-- Up-to-date symlink: /home/isg/workspace/denso_ros2_ws/install/denso_robot_descriptions/share/denso_robot_descriptions/local_setup.dsv
-- Symlinking: /home/isg/workspace/denso_ros2_ws/install/denso_robot_descriptions/share/denso_robot_descriptions/package.dsv
-- Up-to-date symlink: /home/isg/workspace/denso_ros2_ws/install/denso_robot_descriptions/share/ament_index/resource_index/packages/denso_robot_descriptions
-- Up-to-date symlink: /home/isg/workspace/denso_ros2_ws/install/denso_robot_descriptions/share/denso_robot_descriptions/cmake/denso_robot_descriptionsConfig.cmake
-- Up-to-date symlink: /home/isg/workspace/denso_ros2_ws/install/denso_robot_descriptions/share/denso_robot_descriptions/cmake/denso_robot_descriptionsConfig-version.cmake
-- Up-to-date symlink: /home/isg/workspace/denso_ros2_ws/install/denso_robot_descriptions/share/denso_robot_descriptions/package.xml
