[0.050s] Invoking command in '/home/isg/workspace/denso_ros2_ws/build/ros2_control_demo_example_7': AMENT_PREFIX_PATH=/home/isg/workspace/denso_ros2_ws/install/ros2_control_demo_description:${AMENT_PREFIX_PATH} CMAKE_PREFIX_PATH=/home/isg/workspace/denso_ros2_ws/install/ros2_control_demo_description:/home/isg/workspace/denso_ros2_ws/src/install/ros2_control_demos:/home/isg/workspace/denso_ros2_ws/src/install/ros2_control_demo_example_9:/home/isg/workspace/denso_ros2_ws/src/install/ros2_control_demo_example_8:/home/isg/workspace/denso_ros2_ws/src/install/ros2_control_demo_example_7:/home/isg/workspace/denso_ros2_ws/src/install/ros2_control_demo_example_6:/home/isg/workspace/denso_ros2_ws/src/install/ros2_control_demo_example_15:/home/isg/workspace/denso_ros2_ws/src/install/ros2_control_demo_example_13:/home/isg/workspace/denso_ros2_ws/src/install/ros2_control_demo_example_5:/home/isg/workspace/denso_ros2_ws/src/install/ros2_control_demo_example_4:/home/isg/workspace/denso_ros2_ws/src/install/ros2_control_demo_example_3:/home/isg/workspace/denso_ros2_ws/src/install/ros2_control_demo_example_2:/home/isg/workspace/denso_ros2_ws/src/install/ros2_control_demo_example_14:/home/isg/workspace/denso_ros2_ws/src/install/ros2_control_demo_example_12:/home/isg/workspace/denso_ros2_ws/src/install/ros2_control_demo_example_11:/home/isg/workspace/denso_ros2_ws/src/install/ros2_control_demo_example_10:/home/isg/workspace/denso_ros2_ws/src/install/ros2_control_demo_example_1:/home/isg/workspace/denso_ros2_ws/src/install/ros2_control_demo_description:/home/isg/workspace/denso_ros2_ws/src/install/gazebo_ros2_control_demos:/home/isg/workspace/denso_ros2_ws/src/install/denso_robot_bringup:/home/isg/workspace/denso_ros2_ws/src/install/gazebo_ros2_control:/home/isg/workspace/denso_ros2_ws/src/install/denso_robot_moveit_demo:/home/isg/workspace/denso_ros2_ws/src/install/denso_robot_moveit_config:/home/isg/workspace/denso_ros2_ws/src/install/denso_robot_descriptions:/home/isg/workspace/denso_ros2_ws/src/install/denso_robot_control:/home/isg/workspace/denso_ros2_ws/src/install/denso_robot_core:/home/isg/workspace/denso_ros2_ws/src/install/denso_robot_core_interfaces:/home/isg/workspace/denso_ros2_ws/src/install/bcap_service:/home/isg/workspace/denso_ros2_ws/src/install/bcap_service_interfaces:/home/isg/workspace/denso_ros2_ws/src/install/bcap_core:/home/isg/workspace/denso_ros2_ws/src/install/denso_robot_description_installer:/opt/ros/humble /usr/bin/cmake /home/isg/workspace/denso_ros2_ws/src/ros2_control_demos/example_7 -DAMENT_CMAKE_SYMLINK_INSTALL=1 -DCMAKE_INSTALL_PREFIX=/home/isg/workspace/denso_ros2_ws/install/ros2_control_demo_example_7
[3.518s] -- The CXX compiler identification is GNU 11.4.0
[3.519s] -- Detecting CXX compiler ABI info
[3.519s] -- Detecting CXX compiler ABI info - done
[3.519s] -- Check for working CXX compiler: /usr/bin/c++ - skipped
[3.519s] -- Detecting CXX compile features
[3.519s] -- Detecting CXX compile features - done
[3.519s] -- Found ament_cmake: 1.3.12 (/opt/ros/humble/share/ament_cmake/cmake)
[3.519s] -- Found Python3: /usr/bin/python3 (found version "3.10.12") found components: Interpreter 
[3.519s] -- Override CMake install command with custom implementation using symlinks instead of copying resources
[3.519s] -- Found pluginlib: 5.1.0 (/opt/ros/humble/share/pluginlib/cmake)
[3.519s] -- Found hardware_interface: 2.51.0 (/opt/ros/humble/share/hardware_interface/cmake)
[3.519s] -- Found rosidl_generator_c: 3.1.7 (/opt/ros/humble/share/rosidl_generator_c/cmake)
[3.519s] -- Found rosidl_adapter: 3.1.7 (/opt/ros/humble/share/rosidl_adapter/cmake)
[3.519s] -- Found rosidl_generator_cpp: 3.1.7 (/opt/ros/humble/share/rosidl_generator_cpp/cmake)
[3.519s] -- Using all available rosidl_typesupport_c: rosidl_typesupport_fastrtps_c;rosidl_typesupport_introspection_c
[3.519s] -- Using all available rosidl_typesupport_cpp: rosidl_typesupport_fastrtps_cpp;rosidl_typesupport_introspection_cpp
[3.520s] -- Found rmw_implementation_cmake: 6.1.2 (/opt/ros/humble/share/rmw_implementation_cmake/cmake)
[3.520s] -- Found rmw_fastrtps_cpp: 6.2.8 (/opt/ros/humble/share/rmw_fastrtps_cpp/cmake)
[3.523s] -- Found TinyXML2 via Config file: TinyXML2_DIR-NOTFOUND
[3.523s] -- Found OpenSSL: /usr/lib/x86_64-linux-gnu/libcrypto.so (found version "3.0.2")  
[3.523s] -- Found TinyXML2 via Config file: TinyXML2_DIR-NOTFOUND
[3.524s] -- Found FastRTPS: /opt/ros/humble/include  
[3.524s] -- Found TinyXML2 via Config file: TinyXML2_DIR-NOTFOUND
[3.524s] -- Found TinyXML2 via Config file: TinyXML2_DIR-NOTFOUND
[3.524s] -- Using RMW implementation 'rmw_fastrtps_cpp' as default
[3.524s] -- Looking for C++ include pthread.h
[3.524s] -- Looking for C++ include pthread.h - found
[3.524s] -- Performing Test CMAKE_HAVE_LIBC_PTHREAD
[3.524s] -- Performing Test CMAKE_HAVE_LIBC_PTHREAD - Success
[3.524s] -- Found Threads: TRUE  
[3.524s] -- Found kdl_parser: 2.6.4 (/opt/ros/humble/share/kdl_parser/cmake)
[3.524s] -- Found eigen3_cmake_module: 0.1.1 (/opt/ros/humble/share/eigen3_cmake_module/cmake)
[3.524s] -- Found Eigen3: TRUE (found version "3.4.0") 
[3.524s] -- Ensuring Eigen3 include directory is part of orocos-kdl CMake target
[3.524s] -- Found controller_interface: 2.51.0 (/opt/ros/humble/share/controller_interface/cmake)
[3.524s] -- Found realtime_tools: 2.14.0 (/opt/ros/humble/share/realtime_tools/cmake)
[3.524s] -- Found ament_cmake_pytest: 1.3.12 (/opt/ros/humble/share/ament_cmake_pytest/cmake)
[3.654s] -- Configuring done
[3.713s] -- Generating done
[3.724s] -- Build files have been written to: /home/isg/workspace/denso_ros2_ws/build/ros2_control_demo_example_7
[3.743s] Invoked command in '/home/isg/workspace/denso_ros2_ws/build/ros2_control_demo_example_7' returned '0': AMENT_PREFIX_PATH=/home/isg/workspace/denso_ros2_ws/install/ros2_control_demo_description:${AMENT_PREFIX_PATH} CMAKE_PREFIX_PATH=/home/isg/workspace/denso_ros2_ws/install/ros2_control_demo_description:/home/isg/workspace/denso_ros2_ws/src/install/ros2_control_demos:/home/isg/workspace/denso_ros2_ws/src/install/ros2_control_demo_example_9:/home/isg/workspace/denso_ros2_ws/src/install/ros2_control_demo_example_8:/home/isg/workspace/denso_ros2_ws/src/install/ros2_control_demo_example_7:/home/isg/workspace/denso_ros2_ws/src/install/ros2_control_demo_example_6:/home/isg/workspace/denso_ros2_ws/src/install/ros2_control_demo_example_15:/home/isg/workspace/denso_ros2_ws/src/install/ros2_control_demo_example_13:/home/isg/workspace/denso_ros2_ws/src/install/ros2_control_demo_example_5:/home/isg/workspace/denso_ros2_ws/src/install/ros2_control_demo_example_4:/home/isg/workspace/denso_ros2_ws/src/install/ros2_control_demo_example_3:/home/isg/workspace/denso_ros2_ws/src/install/ros2_control_demo_example_2:/home/isg/workspace/denso_ros2_ws/src/install/ros2_control_demo_example_14:/home/isg/workspace/denso_ros2_ws/src/install/ros2_control_demo_example_12:/home/isg/workspace/denso_ros2_ws/src/install/ros2_control_demo_example_11:/home/isg/workspace/denso_ros2_ws/src/install/ros2_control_demo_example_10:/home/isg/workspace/denso_ros2_ws/src/install/ros2_control_demo_example_1:/home/isg/workspace/denso_ros2_ws/src/install/ros2_control_demo_description:/home/isg/workspace/denso_ros2_ws/src/install/gazebo_ros2_control_demos:/home/isg/workspace/denso_ros2_ws/src/install/denso_robot_bringup:/home/isg/workspace/denso_ros2_ws/src/install/gazebo_ros2_control:/home/isg/workspace/denso_ros2_ws/src/install/denso_robot_moveit_demo:/home/isg/workspace/denso_ros2_ws/src/install/denso_robot_moveit_config:/home/isg/workspace/denso_ros2_ws/src/install/denso_robot_descriptions:/home/isg/workspace/denso_ros2_ws/src/install/denso_robot_control:/home/isg/workspace/denso_ros2_ws/src/install/denso_robot_core:/home/isg/workspace/denso_ros2_ws/src/install/denso_robot_core_interfaces:/home/isg/workspace/denso_ros2_ws/src/install/bcap_service:/home/isg/workspace/denso_ros2_ws/src/install/bcap_service_interfaces:/home/isg/workspace/denso_ros2_ws/src/install/bcap_core:/home/isg/workspace/denso_ros2_ws/src/install/denso_robot_description_installer:/opt/ros/humble /usr/bin/cmake /home/isg/workspace/denso_ros2_ws/src/ros2_control_demos/example_7 -DAMENT_CMAKE_SYMLINK_INSTALL=1 -DCMAKE_INSTALL_PREFIX=/home/isg/workspace/denso_ros2_ws/install/ros2_control_demo_example_7
[3.747s] Invoking command in '/home/isg/workspace/denso_ros2_ws/build/ros2_control_demo_example_7': AMENT_PREFIX_PATH=/home/isg/workspace/denso_ros2_ws/install/ros2_control_demo_description:${AMENT_PREFIX_PATH} CMAKE_PREFIX_PATH=/home/isg/workspace/denso_ros2_ws/install/ros2_control_demo_description:/home/isg/workspace/denso_ros2_ws/src/install/ros2_control_demos:/home/isg/workspace/denso_ros2_ws/src/install/ros2_control_demo_example_9:/home/isg/workspace/denso_ros2_ws/src/install/ros2_control_demo_example_8:/home/isg/workspace/denso_ros2_ws/src/install/ros2_control_demo_example_7:/home/isg/workspace/denso_ros2_ws/src/install/ros2_control_demo_example_6:/home/isg/workspace/denso_ros2_ws/src/install/ros2_control_demo_example_15:/home/isg/workspace/denso_ros2_ws/src/install/ros2_control_demo_example_13:/home/isg/workspace/denso_ros2_ws/src/install/ros2_control_demo_example_5:/home/isg/workspace/denso_ros2_ws/src/install/ros2_control_demo_example_4:/home/isg/workspace/denso_ros2_ws/src/install/ros2_control_demo_example_3:/home/isg/workspace/denso_ros2_ws/src/install/ros2_control_demo_example_2:/home/isg/workspace/denso_ros2_ws/src/install/ros2_control_demo_example_14:/home/isg/workspace/denso_ros2_ws/src/install/ros2_control_demo_example_12:/home/isg/workspace/denso_ros2_ws/src/install/ros2_control_demo_example_11:/home/isg/workspace/denso_ros2_ws/src/install/ros2_control_demo_example_10:/home/isg/workspace/denso_ros2_ws/src/install/ros2_control_demo_example_1:/home/isg/workspace/denso_ros2_ws/src/install/ros2_control_demo_description:/home/isg/workspace/denso_ros2_ws/src/install/gazebo_ros2_control_demos:/home/isg/workspace/denso_ros2_ws/src/install/denso_robot_bringup:/home/isg/workspace/denso_ros2_ws/src/install/gazebo_ros2_control:/home/isg/workspace/denso_ros2_ws/src/install/denso_robot_moveit_demo:/home/isg/workspace/denso_ros2_ws/src/install/denso_robot_moveit_config:/home/isg/workspace/denso_ros2_ws/src/install/denso_robot_descriptions:/home/isg/workspace/denso_ros2_ws/src/install/denso_robot_control:/home/isg/workspace/denso_ros2_ws/src/install/denso_robot_core:/home/isg/workspace/denso_ros2_ws/src/install/denso_robot_core_interfaces:/home/isg/workspace/denso_ros2_ws/src/install/bcap_service:/home/isg/workspace/denso_ros2_ws/src/install/bcap_service_interfaces:/home/isg/workspace/denso_ros2_ws/src/install/bcap_core:/home/isg/workspace/denso_ros2_ws/src/install/denso_robot_description_installer:/opt/ros/humble /usr/bin/cmake --build /home/isg/workspace/denso_ros2_ws/build/ros2_control_demo_example_7 -- -j16 -l16
[8.450s] [ 20%] [32mBuilding CXX object CMakeFiles/send_trajectory.dir/reference_generator/send_trajectory.cpp.o[0m
[8.450s] [ 40%] [32mBuilding CXX object CMakeFiles/ros2_control_demo_example_7.dir/controller/r6bot_controller.cpp.o[0m
[8.450s] [ 60%] [32mBuilding CXX object CMakeFiles/ros2_control_demo_example_7.dir/hardware/r6bot_hardware.cpp.o[0m
[12.893s] [ 80%] [32m[1mLinking CXX executable send_trajectory[0m
[13.155s] [ 80%] Built target send_trajectory
[16.432s] [100%] [32m[1mLinking CXX shared library libros2_control_demo_example_7.so[0m
[16.913s] [100%] Built target ros2_control_demo_example_7
[16.927s] Invoked command in '/home/isg/workspace/denso_ros2_ws/build/ros2_control_demo_example_7' returned '0': AMENT_PREFIX_PATH=/home/isg/workspace/denso_ros2_ws/install/ros2_control_demo_description:${AMENT_PREFIX_PATH} CMAKE_PREFIX_PATH=/home/isg/workspace/denso_ros2_ws/install/ros2_control_demo_description:/home/isg/workspace/denso_ros2_ws/src/install/ros2_control_demos:/home/isg/workspace/denso_ros2_ws/src/install/ros2_control_demo_example_9:/home/isg/workspace/denso_ros2_ws/src/install/ros2_control_demo_example_8:/home/isg/workspace/denso_ros2_ws/src/install/ros2_control_demo_example_7:/home/isg/workspace/denso_ros2_ws/src/install/ros2_control_demo_example_6:/home/isg/workspace/denso_ros2_ws/src/install/ros2_control_demo_example_15:/home/isg/workspace/denso_ros2_ws/src/install/ros2_control_demo_example_13:/home/isg/workspace/denso_ros2_ws/src/install/ros2_control_demo_example_5:/home/isg/workspace/denso_ros2_ws/src/install/ros2_control_demo_example_4:/home/isg/workspace/denso_ros2_ws/src/install/ros2_control_demo_example_3:/home/isg/workspace/denso_ros2_ws/src/install/ros2_control_demo_example_2:/home/isg/workspace/denso_ros2_ws/src/install/ros2_control_demo_example_14:/home/isg/workspace/denso_ros2_ws/src/install/ros2_control_demo_example_12:/home/isg/workspace/denso_ros2_ws/src/install/ros2_control_demo_example_11:/home/isg/workspace/denso_ros2_ws/src/install/ros2_control_demo_example_10:/home/isg/workspace/denso_ros2_ws/src/install/ros2_control_demo_example_1:/home/isg/workspace/denso_ros2_ws/src/install/ros2_control_demo_description:/home/isg/workspace/denso_ros2_ws/src/install/gazebo_ros2_control_demos:/home/isg/workspace/denso_ros2_ws/src/install/denso_robot_bringup:/home/isg/workspace/denso_ros2_ws/src/install/gazebo_ros2_control:/home/isg/workspace/denso_ros2_ws/src/install/denso_robot_moveit_demo:/home/isg/workspace/denso_ros2_ws/src/install/denso_robot_moveit_config:/home/isg/workspace/denso_ros2_ws/src/install/denso_robot_descriptions:/home/isg/workspace/denso_ros2_ws/src/install/denso_robot_control:/home/isg/workspace/denso_ros2_ws/src/install/denso_robot_core:/home/isg/workspace/denso_ros2_ws/src/install/denso_robot_core_interfaces:/home/isg/workspace/denso_ros2_ws/src/install/bcap_service:/home/isg/workspace/denso_ros2_ws/src/install/bcap_service_interfaces:/home/isg/workspace/denso_ros2_ws/src/install/bcap_core:/home/isg/workspace/denso_ros2_ws/src/install/denso_robot_description_installer:/opt/ros/humble /usr/bin/cmake --build /home/isg/workspace/denso_ros2_ws/build/ros2_control_demo_example_7 -- -j16 -l16
[16.929s] Invoking command in '/home/isg/workspace/denso_ros2_ws/build/ros2_control_demo_example_7': AMENT_PREFIX_PATH=/home/isg/workspace/denso_ros2_ws/install/ros2_control_demo_description:${AMENT_PREFIX_PATH} CMAKE_PREFIX_PATH=/home/isg/workspace/denso_ros2_ws/install/ros2_control_demo_description:/home/isg/workspace/denso_ros2_ws/src/install/ros2_control_demos:/home/isg/workspace/denso_ros2_ws/src/install/ros2_control_demo_example_9:/home/isg/workspace/denso_ros2_ws/src/install/ros2_control_demo_example_8:/home/isg/workspace/denso_ros2_ws/src/install/ros2_control_demo_example_7:/home/isg/workspace/denso_ros2_ws/src/install/ros2_control_demo_example_6:/home/isg/workspace/denso_ros2_ws/src/install/ros2_control_demo_example_15:/home/isg/workspace/denso_ros2_ws/src/install/ros2_control_demo_example_13:/home/isg/workspace/denso_ros2_ws/src/install/ros2_control_demo_example_5:/home/isg/workspace/denso_ros2_ws/src/install/ros2_control_demo_example_4:/home/isg/workspace/denso_ros2_ws/src/install/ros2_control_demo_example_3:/home/isg/workspace/denso_ros2_ws/src/install/ros2_control_demo_example_2:/home/isg/workspace/denso_ros2_ws/src/install/ros2_control_demo_example_14:/home/isg/workspace/denso_ros2_ws/src/install/ros2_control_demo_example_12:/home/isg/workspace/denso_ros2_ws/src/install/ros2_control_demo_example_11:/home/isg/workspace/denso_ros2_ws/src/install/ros2_control_demo_example_10:/home/isg/workspace/denso_ros2_ws/src/install/ros2_control_demo_example_1:/home/isg/workspace/denso_ros2_ws/src/install/ros2_control_demo_description:/home/isg/workspace/denso_ros2_ws/src/install/gazebo_ros2_control_demos:/home/isg/workspace/denso_ros2_ws/src/install/denso_robot_bringup:/home/isg/workspace/denso_ros2_ws/src/install/gazebo_ros2_control:/home/isg/workspace/denso_ros2_ws/src/install/denso_robot_moveit_demo:/home/isg/workspace/denso_ros2_ws/src/install/denso_robot_moveit_config:/home/isg/workspace/denso_ros2_ws/src/install/denso_robot_descriptions:/home/isg/workspace/denso_ros2_ws/src/install/denso_robot_control:/home/isg/workspace/denso_ros2_ws/src/install/denso_robot_core:/home/isg/workspace/denso_ros2_ws/src/install/denso_robot_core_interfaces:/home/isg/workspace/denso_ros2_ws/src/install/bcap_service:/home/isg/workspace/denso_ros2_ws/src/install/bcap_service_interfaces:/home/isg/workspace/denso_ros2_ws/src/install/bcap_core:/home/isg/workspace/denso_ros2_ws/src/install/denso_robot_description_installer:/opt/ros/humble /usr/bin/cmake --install /home/isg/workspace/denso_ros2_ws/build/ros2_control_demo_example_7
[16.937s] -- Install configuration: ""
[16.938s] -- Execute custom install script
[16.938s] -- Symlinking: /home/isg/workspace/denso_ros2_ws/install/ros2_control_demo_example_7/share/ros2_control_demo_example_7//ros2_control_demo_example_7.xml
[16.949s] -- Up-to-date symlink: /home/isg/workspace/denso_ros2_ws/install/ros2_control_demo_example_7/share/ros2_control_demo_example_7//ros2_control_demo_example_7.xml
[16.949s] -- Symlinking: /home/isg/workspace/denso_ros2_ws/install/ros2_control_demo_example_7/include/ros2_control_demo_example_7/ros2_control_demo_example_7/r6bot_hardware.hpp
[16.960s] -- Symlinking: /home/isg/workspace/denso_ros2_ws/install/ros2_control_demo_example_7/share/ros2_control_demo_example_7/launch/view_r6bot.launch.py
[16.970s] -- Symlinking: /home/isg/workspace/denso_ros2_ws/install/ros2_control_demo_example_7/share/ros2_control_demo_example_7/ros2_control/r6bot.ros2_control.xacro
[16.983s] -- Symlinking: /home/isg/workspace/denso_ros2_ws/install/ros2_control_demo_example_7/share/ros2_control_demo_example_7/urdf/r6bot.urdf.xacro
[16.994s] -- Symlinking: /home/isg/workspace/denso_ros2_ws/install/ros2_control_demo_example_7/share/ros2_control_demo_example_7/launch/r6bot_controller.launch.py
[17.005s] -- Symlinking: /home/isg/workspace/denso_ros2_ws/install/ros2_control_demo_example_7/share/ros2_control_demo_example_7/launch/send_trajectory.launch.py
[17.018s] -- Symlinking: /home/isg/workspace/denso_ros2_ws/install/ros2_control_demo_example_7/share/ros2_control_demo_example_7/config/r6bot_controller.yaml
[17.034s] -- Symlinking: /home/isg/workspace/denso_ros2_ws/install/ros2_control_demo_example_7/lib/ros2_control_demo_example_7/send_trajectory
[17.049s] -- Symlinking: /home/isg/workspace/denso_ros2_ws/install/ros2_control_demo_example_7/share/ros2_control_demo_example_7/environment/library_path.sh
[17.061s] -- Symlinking: /home/isg/workspace/denso_ros2_ws/install/ros2_control_demo_example_7/share/ros2_control_demo_example_7/environment/library_path.dsv
[17.077s] -- Symlinking: /home/isg/workspace/denso_ros2_ws/install/ros2_control_demo_example_7/share/ament_index/resource_index/package_run_dependencies/ros2_control_demo_example_7
[17.092s] -- Symlinking: /home/isg/workspace/denso_ros2_ws/install/ros2_control_demo_example_7/share/ament_index/resource_index/parent_prefix_path/ros2_control_demo_example_7
[17.107s] -- Symlinking: /home/isg/workspace/denso_ros2_ws/install/ros2_control_demo_example_7/share/ros2_control_demo_example_7/environment/ament_prefix_path.sh
[17.118s] -- Symlinking: /home/isg/workspace/denso_ros2_ws/install/ros2_control_demo_example_7/share/ros2_control_demo_example_7/environment/ament_prefix_path.dsv
[17.129s] -- Symlinking: /home/isg/workspace/denso_ros2_ws/install/ros2_control_demo_example_7/share/ros2_control_demo_example_7/environment/path.sh
[17.144s] -- Symlinking: /home/isg/workspace/denso_ros2_ws/install/ros2_control_demo_example_7/share/ros2_control_demo_example_7/environment/path.dsv
[17.160s] -- Symlinking: /home/isg/workspace/denso_ros2_ws/install/ros2_control_demo_example_7/share/ros2_control_demo_example_7/local_setup.bash
[17.175s] -- Symlinking: /home/isg/workspace/denso_ros2_ws/install/ros2_control_demo_example_7/share/ros2_control_demo_example_7/local_setup.sh
[17.190s] -- Symlinking: /home/isg/workspace/denso_ros2_ws/install/ros2_control_demo_example_7/share/ros2_control_demo_example_7/local_setup.zsh
[17.201s] -- Symlinking: /home/isg/workspace/denso_ros2_ws/install/ros2_control_demo_example_7/share/ros2_control_demo_example_7/local_setup.dsv
[17.212s] -- Symlinking: /home/isg/workspace/denso_ros2_ws/install/ros2_control_demo_example_7/share/ros2_control_demo_example_7/package.dsv
[17.223s] -- Symlinking: /home/isg/workspace/denso_ros2_ws/install/ros2_control_demo_example_7/share/ament_index/resource_index/packages/ros2_control_demo_example_7
[17.234s] -- Symlinking: /home/isg/workspace/denso_ros2_ws/install/ros2_control_demo_example_7/share/ament_index/resource_index/hardware_interface__pluginlib__plugin/ros2_control_demo_example_7
[17.245s] -- Symlinking: /home/isg/workspace/denso_ros2_ws/install/ros2_control_demo_example_7/share/ament_index/resource_index/controller_interface__pluginlib__plugin/ros2_control_demo_example_7
[17.257s] -- Symlinking: /home/isg/workspace/denso_ros2_ws/install/ros2_control_demo_example_7/share/ros2_control_demo_example_7/cmake/ament_cmake_export_targets-extras.cmake
[17.268s] -- Symlinking: /home/isg/workspace/denso_ros2_ws/install/ros2_control_demo_example_7/share/ros2_control_demo_example_7/cmake/ament_cmake_export_dependencies-extras.cmake
[17.280s] -- Symlinking: /home/isg/workspace/denso_ros2_ws/install/ros2_control_demo_example_7/share/ros2_control_demo_example_7/cmake/ros2_control_demo_example_7Config.cmake
[17.292s] -- Symlinking: /home/isg/workspace/denso_ros2_ws/install/ros2_control_demo_example_7/share/ros2_control_demo_example_7/cmake/ros2_control_demo_example_7Config-version.cmake
[17.304s] -- Symlinking: /home/isg/workspace/denso_ros2_ws/install/ros2_control_demo_example_7/share/ros2_control_demo_example_7/package.xml
[17.320s] -- Installing: /home/isg/workspace/denso_ros2_ws/install/ros2_control_demo_example_7/lib/libros2_control_demo_example_7.so
[17.330s] -- Set runtime path of "/home/isg/workspace/denso_ros2_ws/install/ros2_control_demo_example_7/lib/libros2_control_demo_example_7.so" to ""
[17.330s] -- Installing: /home/isg/workspace/denso_ros2_ws/install/ros2_control_demo_example_7/share/ros2_control_demo_example_7/cmake/export_ros2_control_demo_example_7Export.cmake
[17.330s] -- Installing: /home/isg/workspace/denso_ros2_ws/install/ros2_control_demo_example_7/share/ros2_control_demo_example_7/cmake/export_ros2_control_demo_example_7Export-noconfig.cmake
[17.334s] Invoked command in '/home/isg/workspace/denso_ros2_ws/build/ros2_control_demo_example_7' returned '0': AMENT_PREFIX_PATH=/home/isg/workspace/denso_ros2_ws/install/ros2_control_demo_description:${AMENT_PREFIX_PATH} CMAKE_PREFIX_PATH=/home/isg/workspace/denso_ros2_ws/install/ros2_control_demo_description:/home/isg/workspace/denso_ros2_ws/src/install/ros2_control_demos:/home/isg/workspace/denso_ros2_ws/src/install/ros2_control_demo_example_9:/home/isg/workspace/denso_ros2_ws/src/install/ros2_control_demo_example_8:/home/isg/workspace/denso_ros2_ws/src/install/ros2_control_demo_example_7:/home/isg/workspace/denso_ros2_ws/src/install/ros2_control_demo_example_6:/home/isg/workspace/denso_ros2_ws/src/install/ros2_control_demo_example_15:/home/isg/workspace/denso_ros2_ws/src/install/ros2_control_demo_example_13:/home/isg/workspace/denso_ros2_ws/src/install/ros2_control_demo_example_5:/home/isg/workspace/denso_ros2_ws/src/install/ros2_control_demo_example_4:/home/isg/workspace/denso_ros2_ws/src/install/ros2_control_demo_example_3:/home/isg/workspace/denso_ros2_ws/src/install/ros2_control_demo_example_2:/home/isg/workspace/denso_ros2_ws/src/install/ros2_control_demo_example_14:/home/isg/workspace/denso_ros2_ws/src/install/ros2_control_demo_example_12:/home/isg/workspace/denso_ros2_ws/src/install/ros2_control_demo_example_11:/home/isg/workspace/denso_ros2_ws/src/install/ros2_control_demo_example_10:/home/isg/workspace/denso_ros2_ws/src/install/ros2_control_demo_example_1:/home/isg/workspace/denso_ros2_ws/src/install/ros2_control_demo_description:/home/isg/workspace/denso_ros2_ws/src/install/gazebo_ros2_control_demos:/home/isg/workspace/denso_ros2_ws/src/install/denso_robot_bringup:/home/isg/workspace/denso_ros2_ws/src/install/gazebo_ros2_control:/home/isg/workspace/denso_ros2_ws/src/install/denso_robot_moveit_demo:/home/isg/workspace/denso_ros2_ws/src/install/denso_robot_moveit_config:/home/isg/workspace/denso_ros2_ws/src/install/denso_robot_descriptions:/home/isg/workspace/denso_ros2_ws/src/install/denso_robot_control:/home/isg/workspace/denso_ros2_ws/src/install/denso_robot_core:/home/isg/workspace/denso_ros2_ws/src/install/denso_robot_core_interfaces:/home/isg/workspace/denso_ros2_ws/src/install/bcap_service:/home/isg/workspace/denso_ros2_ws/src/install/bcap_service_interfaces:/home/isg/workspace/denso_ros2_ws/src/install/bcap_core:/home/isg/workspace/denso_ros2_ws/src/install/denso_robot_description_installer:/opt/ros/humble /usr/bin/cmake --install /home/isg/workspace/denso_ros2_ws/build/ros2_control_demo_example_7
