-- The C compiler identification is GNU 11.4.0
-- The CXX compiler identification is GNU 11.4.0
-- Detecting C compiler ABI info
-- Detecting C compiler ABI info - done
-- Check for working C compiler: /usr/bin/cc - skipped
-- Detecting C compile features
-- Detecting C compile features - done
-- Detecting CXX compiler ABI info
-- Detecting CXX compiler ABI info - done
-- Check for working CXX compiler: /usr/bin/c++ - skipped
-- Detecting CXX compile features
-- Detecting CXX compile features - done
-- Found ament_cmake: 1.3.12 (/opt/ros/humble/share/ament_cmake/cmake)
-- Found Python3: /usr/bin/python3 (found version "3.10.12") found components: Interpreter 
-- Found rosidl_default_generators: 1.2.0 (/opt/ros/humble/share/rosidl_default_generators/cmake)
-- Using all available rosidl_typesupport_c: rosidl_typesupport_fastrtps_c;rosidl_typesupport_introspection_c
-- Found rosidl_adapter: 3.1.7 (/opt/ros/humble/share/rosidl_adapter/cmake)
-- Using all available rosidl_typesupport_cpp: rosidl_typesupport_fastrtps_cpp;rosidl_typesupport_introspection_cpp
-- Found bcap_core: 1.2.0 (/home/isg/workspace/denso_ros2_ws/src/install/bcap_core/share/bcap_core/cmake)
-- Found std_msgs: 4.9.0 (/opt/ros/humble/share/std_msgs/cmake)
-- Found rclcpp: 16.0.14 (/opt/ros/humble/share/rclcpp/cmake)
-- Found rmw_implementation_cmake: 6.1.2 (/opt/ros/humble/share/rmw_implementation_cmake/cmake)
-- Found rmw_fastrtps_cpp: 6.2.8 (/opt/ros/humble/share/rmw_fastrtps_cpp/cmake)
-- Found OpenSSL: /usr/lib/x86_64-linux-gnu/libcrypto.so (found version "3.0.2")  
-- Found FastRTPS: /opt/ros/humble/include  
-- Using RMW implementation 'rmw_fastrtps_cpp' as default
-- Looking for pthread.h
-- Looking for pthread.h - found
-- Performing Test CMAKE_HAVE_LIBC_PTHREAD
-- Performing Test CMAKE_HAVE_LIBC_PTHREAD - Success
-- Found Threads: TRUE  
-- Found bcap_service_interfaces: 1.2.0 (/home/isg/workspace/denso_ros2_ws/src/install/bcap_service_interfaces/share/bcap_service_interfaces/cmake)
-- Found ament_lint_auto: 0.12.14 (/opt/ros/humble/share/ament_lint_auto/cmake)
-- Added test 'copyright' to check source files copyright and LICENSE
-- Added test 'cppcheck' to perform static code analysis on C / C++ code
-- Configured cppcheck include dirs: /home/isg/workspace/denso_ros2_ws/src/denso_robot_drivers_ros2/bcap_service/include;$<BUILD_INTERFACE:/home/isg/workspace/denso_ros2_ws/src/denso_robot_drivers_ros2/bcap_service/include>
-- Configured cppcheck exclude dirs and/or files: 
-- Added test 'cpplint' to check C / C++ code against the Google style
-- Configured cpplint exclude dirs and/or files: 
-- Added test 'flake8' to check Python code syntax and style conventions
-- Added test 'lint_cmake' to check CMake code style
-- Added test 'pep257' to check Python code against some of the docstring style conventions in PEP 257
-- Added test 'uncrustify' to check C / C++ code style
-- Configured uncrustify additional arguments: 
-- Added test 'xmllint' to check XML markup files
-- Configuring done
-- Generating done
-- Build files have been written to: /home/isg/workspace/denso_ros2_ws/src/build/bcap_service
[ 50%] [32mBuilding CXX object CMakeFiles/bcap_service_exec.dir/src/bcap_service.cpp.o[0m
[ 50%] [32mBuilding CXX object CMakeFiles/bcap_service.dir/src/bcap_service.cpp.o[0m
[ 75%] [32m[1mLinking CXX executable bcap_service_exec[0m
[100%] [32m[1mLinking CXX shared library libbcap_service.so[0m
[100%] Built target bcap_service
[100%] Built target bcap_service_exec
-- Install configuration: "Release"
-- Installing: /home/isg/workspace/denso_ros2_ws/src/install/bcap_service/share/bcap_service/environment/library_path.sh
-- Installing: /home/isg/workspace/denso_ros2_ws/src/install/bcap_service/share/bcap_service/environment/library_path.dsv
-- Installing: /home/isg/workspace/denso_ros2_ws/src/install/bcap_service/lib/libbcap_service.so
-- Set runtime path of "/home/isg/workspace/denso_ros2_ws/src/install/bcap_service/lib/libbcap_service.so" to ""
-- Installing: /home/isg/workspace/denso_ros2_ws/src/install/bcap_service/lib/bcap_service/bcap_service_exec
-- Set runtime path of "/home/isg/workspace/denso_ros2_ws/src/install/bcap_service/lib/bcap_service/bcap_service_exec" to ""
-- Installing: /home/isg/workspace/denso_ros2_ws/src/install/bcap_service/share/bcap_service//launch
-- Installing: /home/isg/workspace/denso_ros2_ws/src/install/bcap_service/share/bcap_service//launch/bcap_service.launch.py
-- Installing: /home/isg/workspace/denso_ros2_ws/src/install/bcap_service/share/bcap_service//config
-- Installing: /home/isg/workspace/denso_ros2_ws/src/install/bcap_service/share/bcap_service//config/bcap_service.yaml
-- Installing: /home/isg/workspace/denso_ros2_ws/src/install/bcap_service/include/bcap_service/
-- Installing: /home/isg/workspace/denso_ros2_ws/src/install/bcap_service/include/bcap_service//bcap_service.h
-- Installing: /home/isg/workspace/denso_ros2_ws/src/install/bcap_service/include/bcap_service//variant_allocator.h
-- Installing: /home/isg/workspace/denso_ros2_ws/src/install/bcap_service/include/bcap_service//visibility_control.h
-- Installing: /home/isg/workspace/denso_ros2_ws/src/install/bcap_service/share/ament_index/resource_index/package_run_dependencies/bcap_service
-- Installing: /home/isg/workspace/denso_ros2_ws/src/install/bcap_service/share/ament_index/resource_index/parent_prefix_path/bcap_service
-- Installing: /home/isg/workspace/denso_ros2_ws/src/install/bcap_service/share/bcap_service/environment/ament_prefix_path.sh
-- Installing: /home/isg/workspace/denso_ros2_ws/src/install/bcap_service/share/bcap_service/environment/ament_prefix_path.dsv
-- Installing: /home/isg/workspace/denso_ros2_ws/src/install/bcap_service/share/bcap_service/environment/path.sh
-- Installing: /home/isg/workspace/denso_ros2_ws/src/install/bcap_service/share/bcap_service/environment/path.dsv
-- Installing: /home/isg/workspace/denso_ros2_ws/src/install/bcap_service/share/bcap_service/local_setup.bash
-- Installing: /home/isg/workspace/denso_ros2_ws/src/install/bcap_service/share/bcap_service/local_setup.sh
-- Installing: /home/isg/workspace/denso_ros2_ws/src/install/bcap_service/share/bcap_service/local_setup.zsh
-- Installing: /home/isg/workspace/denso_ros2_ws/src/install/bcap_service/share/bcap_service/local_setup.dsv
-- Installing: /home/isg/workspace/denso_ros2_ws/src/install/bcap_service/share/bcap_service/package.dsv
-- Installing: /home/isg/workspace/denso_ros2_ws/src/install/bcap_service/share/ament_index/resource_index/packages/bcap_service
-- Installing: /home/isg/workspace/denso_ros2_ws/src/install/bcap_service/share/bcap_service/cmake/ament_cmake_export_include_directories-extras.cmake
-- Installing: /home/isg/workspace/denso_ros2_ws/src/install/bcap_service/share/bcap_service/cmake/ament_cmake_export_libraries-extras.cmake
-- Installing: /home/isg/workspace/denso_ros2_ws/src/install/bcap_service/share/bcap_service/cmake/bcap_serviceConfig.cmake
-- Installing: /home/isg/workspace/denso_ros2_ws/src/install/bcap_service/share/bcap_service/cmake/bcap_serviceConfig-version.cmake
-- Installing: /home/isg/workspace/denso_ros2_ws/src/install/bcap_service/share/bcap_service/package.xml
