[ 92%] Built target denso_robot_core_exec
[100%] Built target denso_robot_core
-- Install configuration: ""
-- Execute custom install script
-- Up-to-date symlink: /home/isg/workspace/denso_ros2_ws/install/denso_robot_core/share/denso_robot_core/environment/library_path.sh
-- Up-to-date symlink: /home/isg/workspace/denso_ros2_ws/install/denso_robot_core/share/denso_robot_core/environment/library_path.dsv
-- Up-to-date symlink: /home/isg/workspace/denso_ros2_ws/install/denso_robot_core/share/denso_robot_core//launch/denso_robot_core.launch.py
-- Up-to-date symlink: /home/isg/workspace/denso_ros2_ws/install/denso_robot_core/share/denso_robot_core//config/config.xml
-- Up-to-date symlink: /home/isg/workspace/denso_ros2_ws/install/denso_robot_core/share/denso_robot_core//config/config_novar.xml
-- Up-to-date symlink: /home/isg/workspace/denso_ros2_ws/install/denso_robot_core/include/denso_robot_core/denso_base.h
-- Up-to-date symlink: /home/isg/workspace/denso_ros2_ws/install/denso_robot_core/include/denso_robot_core/denso_controller.h
-- Up-to-date symlink: /home/isg/workspace/denso_ros2_ws/install/denso_robot_core/include/denso_robot_core/denso_controller_rc8.h
-- Up-to-date symlink: /home/isg/workspace/denso_ros2_ws/install/denso_robot_core/include/denso_robot_core/denso_controller_rc8_cobotta.h
-- Up-to-date symlink: /home/isg/workspace/denso_ros2_ws/install/denso_robot_core/include/denso_robot_core/denso_controller_rc9.h
-- Up-to-date symlink: /home/isg/workspace/denso_ros2_ws/install/denso_robot_core/include/denso_robot_core/denso_robot.h
-- Up-to-date symlink: /home/isg/workspace/denso_ros2_ws/install/denso_robot_core/include/denso_robot_core/denso_robot_core.h
-- Up-to-date symlink: /home/isg/workspace/denso_ros2_ws/install/denso_robot_core/include/denso_robot_core/denso_robot_rc8.h
-- Up-to-date symlink: /home/isg/workspace/denso_ros2_ws/install/denso_robot_core/include/denso_robot_core/denso_robot_rc8_cobotta.h
-- Up-to-date symlink: /home/isg/workspace/denso_ros2_ws/install/denso_robot_core/include/denso_robot_core/denso_robot_rc9.h
-- Up-to-date symlink: /home/isg/workspace/denso_ros2_ws/install/denso_robot_core/include/denso_robot_core/denso_task.h
-- Up-to-date symlink: /home/isg/workspace/denso_ros2_ws/install/denso_robot_core/include/denso_robot_core/denso_variable.h
-- Up-to-date symlink: /home/isg/workspace/denso_ros2_ws/install/denso_robot_core/include/denso_robot_core/tinyxml2.h
-- Up-to-date symlink: /home/isg/workspace/denso_ros2_ws/install/denso_robot_core/include/denso_robot_core/visibility_control.h
-- Up-to-date symlink: /home/isg/workspace/denso_ros2_ws/install/denso_robot_core/share/ament_index/resource_index/package_run_dependencies/denso_robot_core
-- Up-to-date symlink: /home/isg/workspace/denso_ros2_ws/install/denso_robot_core/share/ament_index/resource_index/parent_prefix_path/denso_robot_core
-- Up-to-date symlink: /home/isg/workspace/denso_ros2_ws/install/denso_robot_core/share/denso_robot_core/environment/ament_prefix_path.sh
-- Up-to-date symlink: /home/isg/workspace/denso_ros2_ws/install/denso_robot_core/share/denso_robot_core/environment/ament_prefix_path.dsv
-- Up-to-date symlink: /home/isg/workspace/denso_ros2_ws/install/denso_robot_core/share/denso_robot_core/environment/path.sh
-- Up-to-date symlink: /home/isg/workspace/denso_ros2_ws/install/denso_robot_core/share/denso_robot_core/environment/path.dsv
-- Up-to-date symlink: /home/isg/workspace/denso_ros2_ws/install/denso_robot_core/share/denso_robot_core/local_setup.bash
-- Up-to-date symlink: /home/isg/workspace/denso_ros2_ws/install/denso_robot_core/share/denso_robot_core/local_setup.sh
-- Up-to-date symlink: /home/isg/workspace/denso_ros2_ws/install/denso_robot_core/share/denso_robot_core/local_setup.zsh
-- Up-to-date symlink: /home/isg/workspace/denso_ros2_ws/install/denso_robot_core/share/denso_robot_core/local_setup.dsv
-- Symlinking: /home/isg/workspace/denso_ros2_ws/install/denso_robot_core/share/denso_robot_core/package.dsv
-- Up-to-date symlink: /home/isg/workspace/denso_ros2_ws/install/denso_robot_core/share/ament_index/resource_index/packages/denso_robot_core
-- Up-to-date symlink: /home/isg/workspace/denso_ros2_ws/install/denso_robot_core/share/denso_robot_core/cmake/ament_cmake_export_libraries-extras.cmake
-- Up-to-date symlink: /home/isg/workspace/denso_ros2_ws/install/denso_robot_core/share/denso_robot_core/cmake/ament_cmake_export_include_directories-extras.cmake
-- Up-to-date symlink: /home/isg/workspace/denso_ros2_ws/install/denso_robot_core/share/denso_robot_core/cmake/denso_robot_coreConfig.cmake
-- Up-to-date symlink: /home/isg/workspace/denso_ros2_ws/install/denso_robot_core/share/denso_robot_core/cmake/denso_robot_coreConfig-version.cmake
-- Up-to-date symlink: /home/isg/workspace/denso_ros2_ws/install/denso_robot_core/share/denso_robot_core/package.xml
-- Up-to-date: /home/isg/workspace/denso_ros2_ws/install/denso_robot_core/lib/libdenso_robot_core.so
-- Up-to-date: /home/isg/workspace/denso_ros2_ws/install/denso_robot_core/lib/denso_robot_core/denso_robot_core_exec
