-- The C compiler identification is GNU 11.4.0
-- The CXX compiler identification is GNU 11.4.0
-- Detecting C compiler ABI info
-- Detecting C compiler ABI info - done
-- Check for working C compiler: /usr/bin/cc - skipped
-- Detecting C compile features
-- Detecting C compile features - done
-- Detecting CXX compiler ABI info
-- Detecting CXX compiler ABI info - done
-- Check for working CXX compiler: /usr/bin/c++ - skipped
-- Detecting CXX compile features
-- Detecting CXX compile features - done
-- Found ament_cmake: 1.3.12 (/opt/ros/humble/share/ament_cmake/cmake)
-- Found Python3: /usr/bin/python3 (found version "3.10.12") found components: Interpreter 
-- Found rosidl_default_generators: 1.2.0 (/opt/ros/humble/share/rosidl_default_generators/cmake)
-- Using all available rosidl_typesupport_c: rosidl_typesupport_fastrtps_c;rosidl_typesupport_introspection_c
-- Found rosidl_adapter: 3.1.7 (/opt/ros/humble/share/rosidl_adapter/cmake)
-- Using all available rosidl_typesupport_cpp: rosidl_typesupport_fastrtps_cpp;rosidl_typesupport_introspection_cpp
-- Found bcap_core: 1.2.0 (/home/isg/workspace/denso_ros2_ws/src/install/bcap_core/share/bcap_core/cmake)
-- Found std_msgs: 4.9.0 (/opt/ros/humble/share/std_msgs/cmake)
-- Found rclcpp: 16.0.14 (/opt/ros/humble/share/rclcpp/cmake)
-- Found rmw_implementation_cmake: 6.1.2 (/opt/ros/humble/share/rmw_implementation_cmake/cmake)
-- Found rmw_fastrtps_cpp: 6.2.8 (/opt/ros/humble/share/rmw_fastrtps_cpp/cmake)
-- Found OpenSSL: /usr/lib/x86_64-linux-gnu/libcrypto.so (found version "3.0.2")  
-- Found FastRTPS: /opt/ros/humble/include  
-- Using RMW implementation 'rmw_fastrtps_cpp' as default
-- Looking for pthread.h
-- Looking for pthread.h - found
-- Performing Test CMAKE_HAVE_LIBC_PTHREAD
-- Performing Test CMAKE_HAVE_LIBC_PTHREAD - Success
-- Found Threads: TRUE  
-- Found ament_cmake_ros: 0.10.0 (/opt/ros/humble/share/ament_cmake_ros/cmake)
-- Using all available rosidl_typesupport_c: rosidl_typesupport_fastrtps_c;rosidl_typesupport_introspection_c
-- Using all available rosidl_typesupport_cpp: rosidl_typesupport_fastrtps_cpp;rosidl_typesupport_introspection_cpp
-- Found PythonInterp: /usr/bin/python3 (found suitable version "3.10.12", minimum required is "3.6") 
-- Found python_cmake_module: 0.10.0 (/opt/ros/humble/share/python_cmake_module/cmake)
-- Found PythonLibs: /usr/lib/x86_64-linux-gnu/libpython3.10.so (found suitable version "3.10.12", minimum required is "3.5") 
-- Using PYTHON_EXECUTABLE: /usr/bin/python3
-- Using PYTHON_INCLUDE_DIRS: /usr/include/python3.10
-- Using PYTHON_LIBRARIES: /usr/lib/x86_64-linux-gnu/libpython3.10.so
-- Found PythonExtra: .so  
-- Found ament_lint_auto: 0.12.14 (/opt/ros/humble/share/ament_lint_auto/cmake)
-- Added test 'copyright' to check source files copyright and LICENSE
-- Added test 'lint_cmake' to check CMake code style
-- Added test 'xmllint' to check XML markup files
-- Configuring done
-- Generating done
-- Build files have been written to: /home/isg/workspace/denso_ros2_ws/src/build/bcap_service_interfaces
[  2%] [34m[1mGenerating C code for ROS interfaces[0m
[  5%] [34m[1mGenerating C++ code for ROS interfaces[0m
[  5%] Built target ament_cmake_python_copy_bcap_service_interfaces
running egg_info
creating bcap_service_interfaces.egg-info
writing bcap_service_interfaces.egg-info/PKG-INFO
writing dependency_links to bcap_service_interfaces.egg-info/dependency_links.txt
writing top-level names to bcap_service_interfaces.egg-info/top_level.txt
writing manifest file 'bcap_service_interfaces.egg-info/SOURCES.txt'
reading manifest file 'bcap_service_interfaces.egg-info/SOURCES.txt'
writing manifest file 'bcap_service_interfaces.egg-info/SOURCES.txt'
[  5%] Built target ament_cmake_python_build_bcap_service_interfaces_egg
[  7%] [32mBuilding C object CMakeFiles/bcap_service_interfaces__rosidl_generator_c.dir/rosidl_generator_c/bcap_service_interfaces/srv/detail/bcap__functions.c.o[0m
[ 10%] [32mBuilding C object CMakeFiles/bcap_service_interfaces__rosidl_generator_c.dir/rosidl_generator_c/bcap_service_interfaces/msg/detail/variant__functions.c.o[0m
[ 10%] Built target bcap_service_interfaces__cpp
[ 12%] [34m[1mGenerating C++ type support dispatch for ROS interfaces[0m
[ 15%] [34m[1mGenerating C++ type support for eProsima Fast-RTPS[0m
[ 17%] [34m[1mGenerating C++ introspection for ROS interfaces[0m
[ 20%] [32m[1mLinking C shared library libbcap_service_interfaces__rosidl_generator_c.so[0m
[ 20%] Built target bcap_service_interfaces__rosidl_generator_c
[ 23%] [34m[1mGenerating C type support dispatch for ROS interfaces[0m
[ 25%] [34m[1mGenerating C introspection for ROS interfaces[0m
[ 28%] [34m[1mGenerating C type support for eProsima Fast-RTPS[0m
[ 30%] [32mBuilding CXX object CMakeFiles/bcap_service_interfaces__rosidl_typesupport_cpp.dir/rosidl_typesupport_cpp/bcap_service_interfaces/msg/variant__type_support.cpp.o[0m
[ 33%] [32mBuilding CXX object CMakeFiles/bcap_service_interfaces__rosidl_typesupport_cpp.dir/rosidl_typesupport_cpp/bcap_service_interfaces/srv/bcap__type_support.cpp.o[0m
[ 35%] [32mBuilding CXX object CMakeFiles/bcap_service_interfaces__rosidl_typesupport_introspection_cpp.dir/rosidl_typesupport_introspection_cpp/bcap_service_interfaces/msg/detail/variant__type_support.cpp.o[0m
[ 38%] [32mBuilding CXX object CMakeFiles/bcap_service_interfaces__rosidl_typesupport_introspection_cpp.dir/rosidl_typesupport_introspection_cpp/bcap_service_interfaces/srv/detail/bcap__type_support.cpp.o[0m
[ 41%] [32mBuilding CXX object CMakeFiles/bcap_service_interfaces__rosidl_typesupport_fastrtps_cpp.dir/rosidl_typesupport_fastrtps_cpp/bcap_service_interfaces/srv/detail/dds_fastrtps/bcap__type_support.cpp.o[0m
[ 43%] [32mBuilding CXX object CMakeFiles/bcap_service_interfaces__rosidl_typesupport_fastrtps_cpp.dir/rosidl_typesupport_fastrtps_cpp/bcap_service_interfaces/msg/detail/dds_fastrtps/variant__type_support.cpp.o[0m
[ 46%] [32mBuilding CXX object CMakeFiles/bcap_service_interfaces__rosidl_typesupport_c.dir/rosidl_typesupport_c/bcap_service_interfaces/msg/variant__type_support.cpp.o[0m
[ 48%] [32mBuilding CXX object CMakeFiles/bcap_service_interfaces__rosidl_typesupport_c.dir/rosidl_typesupport_c/bcap_service_interfaces/srv/bcap__type_support.cpp.o[0m
[ 51%] [32mBuilding CXX object CMakeFiles/bcap_service_interfaces__rosidl_typesupport_fastrtps_c.dir/rosidl_typesupport_fastrtps_c/bcap_service_interfaces/msg/detail/variant__type_support_c.cpp.o[0m
[ 53%] [32mBuilding CXX object CMakeFiles/bcap_service_interfaces__rosidl_typesupport_fastrtps_c.dir/rosidl_typesupport_fastrtps_c/bcap_service_interfaces/srv/detail/bcap__type_support_c.cpp.o[0m
[ 56%] [32m[1mLinking CXX shared library libbcap_service_interfaces__rosidl_typesupport_c.so[0m
[ 58%] [32mBuilding C object CMakeFiles/bcap_service_interfaces__rosidl_typesupport_introspection_c.dir/rosidl_typesupport_introspection_c/bcap_service_interfaces/srv/detail/bcap__type_support.c.o[0m
[ 61%] [32mBuilding C object CMakeFiles/bcap_service_interfaces__rosidl_typesupport_introspection_c.dir/rosidl_typesupport_introspection_c/bcap_service_interfaces/msg/detail/variant__type_support.c.o[0m
[ 61%] Built target bcap_service_interfaces__rosidl_typesupport_c
[ 64%] [32m[1mLinking C shared library libbcap_service_interfaces__rosidl_typesupport_introspection_c.so[0m
[ 66%] [32m[1mLinking CXX shared library libbcap_service_interfaces__rosidl_typesupport_cpp.so[0m
[ 66%] Built target bcap_service_interfaces__rosidl_typesupport_introspection_c
[ 66%] Built target bcap_service_interfaces__rosidl_typesupport_cpp
[ 69%] [32m[1mLinking CXX shared library libbcap_service_interfaces__rosidl_typesupport_introspection_cpp.so[0m
[ 71%] [32m[1mLinking CXX shared library libbcap_service_interfaces__rosidl_typesupport_fastrtps_cpp.so[0m
[ 71%] Built target bcap_service_interfaces__rosidl_typesupport_introspection_cpp
[ 74%] [32m[1mLinking CXX shared library libbcap_service_interfaces__rosidl_typesupport_fastrtps_c.so[0m
[ 74%] Built target bcap_service_interfaces__rosidl_typesupport_fastrtps_cpp
[ 74%] Built target bcap_service_interfaces__rosidl_typesupport_fastrtps_c
[ 74%] Built target bcap_service_interfaces
[ 76%] [34m[1mGenerating Python code for ROS interfaces[0m
[ 76%] Built target bcap_service_interfaces__py
[ 82%] [32mBuilding C object CMakeFiles/bcap_service_interfaces__rosidl_generator_py.dir/rosidl_generator_py/bcap_service_interfaces/msg/_variant_s.c.o[0m
[ 82%] [32mBuilding C object CMakeFiles/bcap_service_interfaces__rosidl_generator_py.dir/rosidl_generator_py/bcap_service_interfaces/srv/_bcap_s.c.o[0m
[ 84%] [32m[1mLinking C shared library rosidl_generator_py/bcap_service_interfaces/libbcap_service_interfaces__rosidl_generator_py.so[0m
[ 84%] Built target bcap_service_interfaces__rosidl_generator_py
[ 87%] [32mBuilding C object CMakeFiles/bcap_service_interfaces__rosidl_typesupport_fastrtps_c__pyext.dir/rosidl_generator_py/bcap_service_interfaces/_bcap_service_interfaces_s.ep.rosidl_typesupport_fastrtps_c.c.o[0m
[ 89%] [32mBuilding C object CMakeFiles/bcap_service_interfaces__rosidl_typesupport_c__pyext.dir/rosidl_generator_py/bcap_service_interfaces/_bcap_service_interfaces_s.ep.rosidl_typesupport_c.c.o[0m
[ 92%] [32mBuilding C object CMakeFiles/bcap_service_interfaces__rosidl_typesupport_introspection_c__pyext.dir/rosidl_generator_py/bcap_service_interfaces/_bcap_service_interfaces_s.ep.rosidl_typesupport_introspection_c.c.o[0m
[ 94%] [32m[1mLinking C shared library rosidl_generator_py/bcap_service_interfaces/bcap_service_interfaces_s__rosidl_typesupport_fastrtps_c.cpython-310-x86_64-linux-gnu.so[0m
[ 97%] [32m[1mLinking C shared library rosidl_generator_py/bcap_service_interfaces/bcap_service_interfaces_s__rosidl_typesupport_c.cpython-310-x86_64-linux-gnu.so[0m
[100%] [32m[1mLinking C shared library rosidl_generator_py/bcap_service_interfaces/bcap_service_interfaces_s__rosidl_typesupport_introspection_c.cpython-310-x86_64-linux-gnu.so[0m
[100%] Built target bcap_service_interfaces__rosidl_typesupport_c__pyext
[100%] Built target bcap_service_interfaces__rosidl_typesupport_fastrtps_c__pyext
[100%] Built target bcap_service_interfaces__rosidl_typesupport_introspection_c__pyext
-- Install configuration: "Release"
-- Installing: /home/isg/workspace/denso_ros2_ws/src/install/bcap_service_interfaces/share/ament_index/resource_index/rosidl_interfaces/bcap_service_interfaces
-- Installing: /home/isg/workspace/denso_ros2_ws/src/install/bcap_service_interfaces/include/bcap_service_interfaces/bcap_service_interfaces
-- Installing: /home/isg/workspace/denso_ros2_ws/src/install/bcap_service_interfaces/include/bcap_service_interfaces/bcap_service_interfaces/srv
-- Installing: /home/isg/workspace/denso_ros2_ws/src/install/bcap_service_interfaces/include/bcap_service_interfaces/bcap_service_interfaces/srv/detail
-- Installing: /home/isg/workspace/denso_ros2_ws/src/install/bcap_service_interfaces/include/bcap_service_interfaces/bcap_service_interfaces/srv/detail/bcap__struct.h
-- Installing: /home/isg/workspace/denso_ros2_ws/src/install/bcap_service_interfaces/include/bcap_service_interfaces/bcap_service_interfaces/srv/detail/bcap__functions.h
-- Installing: /home/isg/workspace/denso_ros2_ws/src/install/bcap_service_interfaces/include/bcap_service_interfaces/bcap_service_interfaces/srv/detail/bcap__functions.c
-- Installing: /home/isg/workspace/denso_ros2_ws/src/install/bcap_service_interfaces/include/bcap_service_interfaces/bcap_service_interfaces/srv/detail/bcap__type_support.h
-- Installing: /home/isg/workspace/denso_ros2_ws/src/install/bcap_service_interfaces/include/bcap_service_interfaces/bcap_service_interfaces/srv/bcap.h
-- Installing: /home/isg/workspace/denso_ros2_ws/src/install/bcap_service_interfaces/include/bcap_service_interfaces/bcap_service_interfaces/msg
-- Installing: /home/isg/workspace/denso_ros2_ws/src/install/bcap_service_interfaces/include/bcap_service_interfaces/bcap_service_interfaces/msg/detail
-- Installing: /home/isg/workspace/denso_ros2_ws/src/install/bcap_service_interfaces/include/bcap_service_interfaces/bcap_service_interfaces/msg/detail/variant__functions.c
-- Installing: /home/isg/workspace/denso_ros2_ws/src/install/bcap_service_interfaces/include/bcap_service_interfaces/bcap_service_interfaces/msg/detail/variant__struct.h
-- Installing: /home/isg/workspace/denso_ros2_ws/src/install/bcap_service_interfaces/include/bcap_service_interfaces/bcap_service_interfaces/msg/detail/variant__type_support.h
-- Installing: /home/isg/workspace/denso_ros2_ws/src/install/bcap_service_interfaces/include/bcap_service_interfaces/bcap_service_interfaces/msg/detail/variant__functions.h
-- Installing: /home/isg/workspace/denso_ros2_ws/src/install/bcap_service_interfaces/include/bcap_service_interfaces/bcap_service_interfaces/msg/variant.h
-- Installing: /home/isg/workspace/denso_ros2_ws/src/install/bcap_service_interfaces/include/bcap_service_interfaces/bcap_service_interfaces/msg/rosidl_generator_c__visibility_control.h
-- Installing: /home/isg/workspace/denso_ros2_ws/src/install/bcap_service_interfaces/share/bcap_service_interfaces/environment/library_path.sh
-- Installing: /home/isg/workspace/denso_ros2_ws/src/install/bcap_service_interfaces/share/bcap_service_interfaces/environment/library_path.dsv
-- Installing: /home/isg/workspace/denso_ros2_ws/src/install/bcap_service_interfaces/lib/libbcap_service_interfaces__rosidl_generator_c.so
-- Set runtime path of "/home/isg/workspace/denso_ros2_ws/src/install/bcap_service_interfaces/lib/libbcap_service_interfaces__rosidl_generator_c.so" to ""
-- Up-to-date: /home/isg/workspace/denso_ros2_ws/src/install/bcap_service_interfaces/include/bcap_service_interfaces/bcap_service_interfaces
-- Up-to-date: /home/isg/workspace/denso_ros2_ws/src/install/bcap_service_interfaces/include/bcap_service_interfaces/bcap_service_interfaces/srv
-- Up-to-date: /home/isg/workspace/denso_ros2_ws/src/install/bcap_service_interfaces/include/bcap_service_interfaces/bcap_service_interfaces/srv/detail
-- Installing: /home/isg/workspace/denso_ros2_ws/src/install/bcap_service_interfaces/include/bcap_service_interfaces/bcap_service_interfaces/srv/detail/bcap__rosidl_typesupport_fastrtps_c.h
-- Up-to-date: /home/isg/workspace/denso_ros2_ws/src/install/bcap_service_interfaces/include/bcap_service_interfaces/bcap_service_interfaces/msg
-- Installing: /home/isg/workspace/denso_ros2_ws/src/install/bcap_service_interfaces/include/bcap_service_interfaces/bcap_service_interfaces/msg/rosidl_typesupport_fastrtps_c__visibility_control.h
-- Up-to-date: /home/isg/workspace/denso_ros2_ws/src/install/bcap_service_interfaces/include/bcap_service_interfaces/bcap_service_interfaces/msg/detail
-- Installing: /home/isg/workspace/denso_ros2_ws/src/install/bcap_service_interfaces/include/bcap_service_interfaces/bcap_service_interfaces/msg/detail/variant__rosidl_typesupport_fastrtps_c.h
-- Installing: /home/isg/workspace/denso_ros2_ws/src/install/bcap_service_interfaces/lib/libbcap_service_interfaces__rosidl_typesupport_fastrtps_c.so
-- Set runtime path of "/home/isg/workspace/denso_ros2_ws/src/install/bcap_service_interfaces/lib/libbcap_service_interfaces__rosidl_typesupport_fastrtps_c.so" to ""
-- Up-to-date: /home/isg/workspace/denso_ros2_ws/src/install/bcap_service_interfaces/include/bcap_service_interfaces/bcap_service_interfaces
-- Up-to-date: /home/isg/workspace/denso_ros2_ws/src/install/bcap_service_interfaces/include/bcap_service_interfaces/bcap_service_interfaces/srv
-- Up-to-date: /home/isg/workspace/denso_ros2_ws/src/install/bcap_service_interfaces/include/bcap_service_interfaces/bcap_service_interfaces/srv/detail
-- Installing: /home/isg/workspace/denso_ros2_ws/src/install/bcap_service_interfaces/include/bcap_service_interfaces/bcap_service_interfaces/srv/detail/bcap__rosidl_typesupport_introspection_c.h
-- Installing: /home/isg/workspace/denso_ros2_ws/src/install/bcap_service_interfaces/include/bcap_service_interfaces/bcap_service_interfaces/srv/detail/bcap__type_support.c
-- Up-to-date: /home/isg/workspace/denso_ros2_ws/src/install/bcap_service_interfaces/include/bcap_service_interfaces/bcap_service_interfaces/msg
-- Installing: /home/isg/workspace/denso_ros2_ws/src/install/bcap_service_interfaces/include/bcap_service_interfaces/bcap_service_interfaces/msg/rosidl_typesupport_introspection_c__visibility_control.h
-- Up-to-date: /home/isg/workspace/denso_ros2_ws/src/install/bcap_service_interfaces/include/bcap_service_interfaces/bcap_service_interfaces/msg/detail
-- Installing: /home/isg/workspace/denso_ros2_ws/src/install/bcap_service_interfaces/include/bcap_service_interfaces/bcap_service_interfaces/msg/detail/variant__rosidl_typesupport_introspection_c.h
-- Installing: /home/isg/workspace/denso_ros2_ws/src/install/bcap_service_interfaces/include/bcap_service_interfaces/bcap_service_interfaces/msg/detail/variant__type_support.c
-- Installing: /home/isg/workspace/denso_ros2_ws/src/install/bcap_service_interfaces/lib/libbcap_service_interfaces__rosidl_typesupport_introspection_c.so
-- Set runtime path of "/home/isg/workspace/denso_ros2_ws/src/install/bcap_service_interfaces/lib/libbcap_service_interfaces__rosidl_typesupport_introspection_c.so" to ""
-- Installing: /home/isg/workspace/denso_ros2_ws/src/install/bcap_service_interfaces/lib/libbcap_service_interfaces__rosidl_typesupport_c.so
-- Set runtime path of "/home/isg/workspace/denso_ros2_ws/src/install/bcap_service_interfaces/lib/libbcap_service_interfaces__rosidl_typesupport_c.so" to ""
-- Up-to-date: /home/isg/workspace/denso_ros2_ws/src/install/bcap_service_interfaces/include/bcap_service_interfaces/bcap_service_interfaces
-- Up-to-date: /home/isg/workspace/denso_ros2_ws/src/install/bcap_service_interfaces/include/bcap_service_interfaces/bcap_service_interfaces/srv
-- Installing: /home/isg/workspace/denso_ros2_ws/src/install/bcap_service_interfaces/include/bcap_service_interfaces/bcap_service_interfaces/srv/bcap.hpp
-- Up-to-date: /home/isg/workspace/denso_ros2_ws/src/install/bcap_service_interfaces/include/bcap_service_interfaces/bcap_service_interfaces/srv/detail
-- Installing: /home/isg/workspace/denso_ros2_ws/src/install/bcap_service_interfaces/include/bcap_service_interfaces/bcap_service_interfaces/srv/detail/bcap__struct.hpp
-- Installing: /home/isg/workspace/denso_ros2_ws/src/install/bcap_service_interfaces/include/bcap_service_interfaces/bcap_service_interfaces/srv/detail/bcap__builder.hpp
-- Installing: /home/isg/workspace/denso_ros2_ws/src/install/bcap_service_interfaces/include/bcap_service_interfaces/bcap_service_interfaces/srv/detail/bcap__traits.hpp
-- Installing: /home/isg/workspace/denso_ros2_ws/src/install/bcap_service_interfaces/include/bcap_service_interfaces/bcap_service_interfaces/srv/detail/bcap__type_support.hpp
-- Up-to-date: /home/isg/workspace/denso_ros2_ws/src/install/bcap_service_interfaces/include/bcap_service_interfaces/bcap_service_interfaces/msg
-- Up-to-date: /home/isg/workspace/denso_ros2_ws/src/install/bcap_service_interfaces/include/bcap_service_interfaces/bcap_service_interfaces/msg/detail
-- Installing: /home/isg/workspace/denso_ros2_ws/src/install/bcap_service_interfaces/include/bcap_service_interfaces/bcap_service_interfaces/msg/detail/variant__traits.hpp
-- Installing: /home/isg/workspace/denso_ros2_ws/src/install/bcap_service_interfaces/include/bcap_service_interfaces/bcap_service_interfaces/msg/detail/variant__struct.hpp
-- Installing: /home/isg/workspace/denso_ros2_ws/src/install/bcap_service_interfaces/include/bcap_service_interfaces/bcap_service_interfaces/msg/detail/variant__type_support.hpp
-- Installing: /home/isg/workspace/denso_ros2_ws/src/install/bcap_service_interfaces/include/bcap_service_interfaces/bcap_service_interfaces/msg/detail/variant__builder.hpp
-- Installing: /home/isg/workspace/denso_ros2_ws/src/install/bcap_service_interfaces/include/bcap_service_interfaces/bcap_service_interfaces/msg/rosidl_generator_cpp__visibility_control.hpp
-- Installing: /home/isg/workspace/denso_ros2_ws/src/install/bcap_service_interfaces/include/bcap_service_interfaces/bcap_service_interfaces/msg/variant.hpp
-- Up-to-date: /home/isg/workspace/denso_ros2_ws/src/install/bcap_service_interfaces/include/bcap_service_interfaces/bcap_service_interfaces
-- Up-to-date: /home/isg/workspace/denso_ros2_ws/src/install/bcap_service_interfaces/include/bcap_service_interfaces/bcap_service_interfaces/srv
-- Up-to-date: /home/isg/workspace/denso_ros2_ws/src/install/bcap_service_interfaces/include/bcap_service_interfaces/bcap_service_interfaces/srv/detail
-- Installing: /home/isg/workspace/denso_ros2_ws/src/install/bcap_service_interfaces/include/bcap_service_interfaces/bcap_service_interfaces/srv/detail/dds_fastrtps
-- Installing: /home/isg/workspace/denso_ros2_ws/src/install/bcap_service_interfaces/include/bcap_service_interfaces/bcap_service_interfaces/srv/detail/bcap__rosidl_typesupport_fastrtps_cpp.hpp
-- Up-to-date: /home/isg/workspace/denso_ros2_ws/src/install/bcap_service_interfaces/include/bcap_service_interfaces/bcap_service_interfaces/msg
-- Up-to-date: /home/isg/workspace/denso_ros2_ws/src/install/bcap_service_interfaces/include/bcap_service_interfaces/bcap_service_interfaces/msg/detail
-- Installing: /home/isg/workspace/denso_ros2_ws/src/install/bcap_service_interfaces/include/bcap_service_interfaces/bcap_service_interfaces/msg/detail/variant__rosidl_typesupport_fastrtps_cpp.hpp
-- Installing: /home/isg/workspace/denso_ros2_ws/src/install/bcap_service_interfaces/include/bcap_service_interfaces/bcap_service_interfaces/msg/detail/dds_fastrtps
-- Installing: /home/isg/workspace/denso_ros2_ws/src/install/bcap_service_interfaces/include/bcap_service_interfaces/bcap_service_interfaces/msg/rosidl_typesupport_fastrtps_cpp__visibility_control.h
-- Installing: /home/isg/workspace/denso_ros2_ws/src/install/bcap_service_interfaces/lib/libbcap_service_interfaces__rosidl_typesupport_fastrtps_cpp.so
-- Set runtime path of "/home/isg/workspace/denso_ros2_ws/src/install/bcap_service_interfaces/lib/libbcap_service_interfaces__rosidl_typesupport_fastrtps_cpp.so" to ""
-- Up-to-date: /home/isg/workspace/denso_ros2_ws/src/install/bcap_service_interfaces/include/bcap_service_interfaces/bcap_service_interfaces
-- Up-to-date: /home/isg/workspace/denso_ros2_ws/src/install/bcap_service_interfaces/include/bcap_service_interfaces/bcap_service_interfaces/srv
-- Up-to-date: /home/isg/workspace/denso_ros2_ws/src/install/bcap_service_interfaces/include/bcap_service_interfaces/bcap_service_interfaces/srv/detail
-- Installing: /home/isg/workspace/denso_ros2_ws/src/install/bcap_service_interfaces/include/bcap_service_interfaces/bcap_service_interfaces/srv/detail/bcap__rosidl_typesupport_introspection_cpp.hpp
-- Installing: /home/isg/workspace/denso_ros2_ws/src/install/bcap_service_interfaces/include/bcap_service_interfaces/bcap_service_interfaces/srv/detail/bcap__type_support.cpp
-- Up-to-date: /home/isg/workspace/denso_ros2_ws/src/install/bcap_service_interfaces/include/bcap_service_interfaces/bcap_service_interfaces/msg
-- Up-to-date: /home/isg/workspace/denso_ros2_ws/src/install/bcap_service_interfaces/include/bcap_service_interfaces/bcap_service_interfaces/msg/detail
-- Installing: /home/isg/workspace/denso_ros2_ws/src/install/bcap_service_interfaces/include/bcap_service_interfaces/bcap_service_interfaces/msg/detail/variant__type_support.cpp
-- Installing: /home/isg/workspace/denso_ros2_ws/src/install/bcap_service_interfaces/include/bcap_service_interfaces/bcap_service_interfaces/msg/detail/variant__rosidl_typesupport_introspection_cpp.hpp
-- Installing: /home/isg/workspace/denso_ros2_ws/src/install/bcap_service_interfaces/lib/libbcap_service_interfaces__rosidl_typesupport_introspection_cpp.so
-- Set runtime path of "/home/isg/workspace/denso_ros2_ws/src/install/bcap_service_interfaces/lib/libbcap_service_interfaces__rosidl_typesupport_introspection_cpp.so" to ""
-- Installing: /home/isg/workspace/denso_ros2_ws/src/install/bcap_service_interfaces/lib/libbcap_service_interfaces__rosidl_typesupport_cpp.so
-- Set runtime path of "/home/isg/workspace/denso_ros2_ws/src/install/bcap_service_interfaces/lib/libbcap_service_interfaces__rosidl_typesupport_cpp.so" to ""
-- Installing: /home/isg/workspace/denso_ros2_ws/src/install/bcap_service_interfaces/share/bcap_service_interfaces/environment/pythonpath.sh
-- Installing: /home/isg/workspace/denso_ros2_ws/src/install/bcap_service_interfaces/share/bcap_service_interfaces/environment/pythonpath.dsv
-- Installing: /home/isg/workspace/denso_ros2_ws/src/install/bcap_service_interfaces/local/lib/python3.10/dist-packages/bcap_service_interfaces-1.2.0-py3.10.egg-info
-- Installing: /home/isg/workspace/denso_ros2_ws/src/install/bcap_service_interfaces/local/lib/python3.10/dist-packages/bcap_service_interfaces-1.2.0-py3.10.egg-info/SOURCES.txt
-- Installing: /home/isg/workspace/denso_ros2_ws/src/install/bcap_service_interfaces/local/lib/python3.10/dist-packages/bcap_service_interfaces-1.2.0-py3.10.egg-info/PKG-INFO
-- Installing: /home/isg/workspace/denso_ros2_ws/src/install/bcap_service_interfaces/local/lib/python3.10/dist-packages/bcap_service_interfaces-1.2.0-py3.10.egg-info/top_level.txt
-- Installing: /home/isg/workspace/denso_ros2_ws/src/install/bcap_service_interfaces/local/lib/python3.10/dist-packages/bcap_service_interfaces-1.2.0-py3.10.egg-info/dependency_links.txt
-- Installing: /home/isg/workspace/denso_ros2_ws/src/install/bcap_service_interfaces/local/lib/python3.10/dist-packages/bcap_service_interfaces
-- Installing: /home/isg/workspace/denso_ros2_ws/src/install/bcap_service_interfaces/local/lib/python3.10/dist-packages/bcap_service_interfaces/_bcap_service_interfaces_s.ep.rosidl_typesupport_c.c
-- Installing: /home/isg/workspace/denso_ros2_ws/src/install/bcap_service_interfaces/local/lib/python3.10/dist-packages/bcap_service_interfaces/_bcap_service_interfaces_s.ep.rosidl_typesupport_fastrtps_c.c
-- Installing: /home/isg/workspace/denso_ros2_ws/src/install/bcap_service_interfaces/local/lib/python3.10/dist-packages/bcap_service_interfaces/__init__.py
-- Installing: /home/isg/workspace/denso_ros2_ws/src/install/bcap_service_interfaces/local/lib/python3.10/dist-packages/bcap_service_interfaces/libbcap_service_interfaces__rosidl_generator_py.so
-- Installing: /home/isg/workspace/denso_ros2_ws/src/install/bcap_service_interfaces/local/lib/python3.10/dist-packages/bcap_service_interfaces/srv
-- Installing: /home/isg/workspace/denso_ros2_ws/src/install/bcap_service_interfaces/local/lib/python3.10/dist-packages/bcap_service_interfaces/srv/__init__.py
-- Installing: /home/isg/workspace/denso_ros2_ws/src/install/bcap_service_interfaces/local/lib/python3.10/dist-packages/bcap_service_interfaces/srv/_bcap.py
-- Installing: /home/isg/workspace/denso_ros2_ws/src/install/bcap_service_interfaces/local/lib/python3.10/dist-packages/bcap_service_interfaces/srv/_bcap_s.c
-- Installing: /home/isg/workspace/denso_ros2_ws/src/install/bcap_service_interfaces/local/lib/python3.10/dist-packages/bcap_service_interfaces/bcap_service_interfaces_s__rosidl_typesupport_fastrtps_c.cpython-310-x86_64-linux-gnu.so
-- Installing: /home/isg/workspace/denso_ros2_ws/src/install/bcap_service_interfaces/local/lib/python3.10/dist-packages/bcap_service_interfaces/bcap_service_interfaces_s__rosidl_typesupport_c.cpython-310-x86_64-linux-gnu.so
-- Installing: /home/isg/workspace/denso_ros2_ws/src/install/bcap_service_interfaces/local/lib/python3.10/dist-packages/bcap_service_interfaces/msg
-- Installing: /home/isg/workspace/denso_ros2_ws/src/install/bcap_service_interfaces/local/lib/python3.10/dist-packages/bcap_service_interfaces/msg/__init__.py
-- Installing: /home/isg/workspace/denso_ros2_ws/src/install/bcap_service_interfaces/local/lib/python3.10/dist-packages/bcap_service_interfaces/msg/_variant.py
-- Installing: /home/isg/workspace/denso_ros2_ws/src/install/bcap_service_interfaces/local/lib/python3.10/dist-packages/bcap_service_interfaces/msg/_variant_s.c
-- Installing: /home/isg/workspace/denso_ros2_ws/src/install/bcap_service_interfaces/local/lib/python3.10/dist-packages/bcap_service_interfaces/bcap_service_interfaces_s__rosidl_typesupport_introspection_c.cpython-310-x86_64-linux-gnu.so
-- Installing: /home/isg/workspace/denso_ros2_ws/src/install/bcap_service_interfaces/local/lib/python3.10/dist-packages/bcap_service_interfaces/_bcap_service_interfaces_s.ep.rosidl_typesupport_introspection_c.c
Listing '/home/isg/workspace/denso_ros2_ws/src/install/bcap_service_interfaces/local/lib/python3.10/dist-packages/bcap_service_interfaces'...
Compiling '/home/isg/workspace/denso_ros2_ws/src/install/bcap_service_interfaces/local/lib/python3.10/dist-packages/bcap_service_interfaces/__init__.py'...
Listing '/home/isg/workspace/denso_ros2_ws/src/install/bcap_service_interfaces/local/lib/python3.10/dist-packages/bcap_service_interfaces/msg'...
Compiling '/home/isg/workspace/denso_ros2_ws/src/install/bcap_service_interfaces/local/lib/python3.10/dist-packages/bcap_service_interfaces/msg/__init__.py'...
Compiling '/home/isg/workspace/denso_ros2_ws/src/install/bcap_service_interfaces/local/lib/python3.10/dist-packages/bcap_service_interfaces/msg/_variant.py'...
Listing '/home/isg/workspace/denso_ros2_ws/src/install/bcap_service_interfaces/local/lib/python3.10/dist-packages/bcap_service_interfaces/srv'...
Compiling '/home/isg/workspace/denso_ros2_ws/src/install/bcap_service_interfaces/local/lib/python3.10/dist-packages/bcap_service_interfaces/srv/__init__.py'...
Compiling '/home/isg/workspace/denso_ros2_ws/src/install/bcap_service_interfaces/local/lib/python3.10/dist-packages/bcap_service_interfaces/srv/_bcap.py'...
-- Installing: /home/isg/workspace/denso_ros2_ws/src/install/bcap_service_interfaces/local/lib/python3.10/dist-packages/bcap_service_interfaces/bcap_service_interfaces_s__rosidl_typesupport_fastrtps_c.cpython-310-x86_64-linux-gnu.so
-- Set runtime path of "/home/isg/workspace/denso_ros2_ws/src/install/bcap_service_interfaces/local/lib/python3.10/dist-packages/bcap_service_interfaces/bcap_service_interfaces_s__rosidl_typesupport_fastrtps_c.cpython-310-x86_64-linux-gnu.so" to ""
-- Installing: /home/isg/workspace/denso_ros2_ws/src/install/bcap_service_interfaces/local/lib/python3.10/dist-packages/bcap_service_interfaces/bcap_service_interfaces_s__rosidl_typesupport_introspection_c.cpython-310-x86_64-linux-gnu.so
-- Set runtime path of "/home/isg/workspace/denso_ros2_ws/src/install/bcap_service_interfaces/local/lib/python3.10/dist-packages/bcap_service_interfaces/bcap_service_interfaces_s__rosidl_typesupport_introspection_c.cpython-310-x86_64-linux-gnu.so" to ""
-- Installing: /home/isg/workspace/denso_ros2_ws/src/install/bcap_service_interfaces/local/lib/python3.10/dist-packages/bcap_service_interfaces/bcap_service_interfaces_s__rosidl_typesupport_c.cpython-310-x86_64-linux-gnu.so
-- Set runtime path of "/home/isg/workspace/denso_ros2_ws/src/install/bcap_service_interfaces/local/lib/python3.10/dist-packages/bcap_service_interfaces/bcap_service_interfaces_s__rosidl_typesupport_c.cpython-310-x86_64-linux-gnu.so" to ""
-- Installing: /home/isg/workspace/denso_ros2_ws/src/install/bcap_service_interfaces/lib/libbcap_service_interfaces__rosidl_generator_py.so
-- Set runtime path of "/home/isg/workspace/denso_ros2_ws/src/install/bcap_service_interfaces/lib/libbcap_service_interfaces__rosidl_generator_py.so" to ""
-- Installing: /home/isg/workspace/denso_ros2_ws/src/install/bcap_service_interfaces/share/bcap_service_interfaces/msg/Variant.idl
-- Installing: /home/isg/workspace/denso_ros2_ws/src/install/bcap_service_interfaces/share/bcap_service_interfaces/srv/Bcap.idl
-- Installing: /home/isg/workspace/denso_ros2_ws/src/install/bcap_service_interfaces/share/bcap_service_interfaces/msg/Variant.msg
-- Installing: /home/isg/workspace/denso_ros2_ws/src/install/bcap_service_interfaces/share/bcap_service_interfaces/srv/Bcap.srv
-- Installing: /home/isg/workspace/denso_ros2_ws/src/install/bcap_service_interfaces/share/bcap_service_interfaces/srv/Bcap_Request.msg
-- Installing: /home/isg/workspace/denso_ros2_ws/src/install/bcap_service_interfaces/share/bcap_service_interfaces/srv/Bcap_Response.msg
-- Installing: /home/isg/workspace/denso_ros2_ws/src/install/bcap_service_interfaces/share/ament_index/resource_index/package_run_dependencies/bcap_service_interfaces
-- Installing: /home/isg/workspace/denso_ros2_ws/src/install/bcap_service_interfaces/share/ament_index/resource_index/parent_prefix_path/bcap_service_interfaces
-- Installing: /home/isg/workspace/denso_ros2_ws/src/install/bcap_service_interfaces/share/bcap_service_interfaces/environment/ament_prefix_path.sh
-- Installing: /home/isg/workspace/denso_ros2_ws/src/install/bcap_service_interfaces/share/bcap_service_interfaces/environment/ament_prefix_path.dsv
-- Installing: /home/isg/workspace/denso_ros2_ws/src/install/bcap_service_interfaces/share/bcap_service_interfaces/environment/path.sh
-- Installing: /home/isg/workspace/denso_ros2_ws/src/install/bcap_service_interfaces/share/bcap_service_interfaces/environment/path.dsv
-- Installing: /home/isg/workspace/denso_ros2_ws/src/install/bcap_service_interfaces/share/bcap_service_interfaces/local_setup.bash
-- Installing: /home/isg/workspace/denso_ros2_ws/src/install/bcap_service_interfaces/share/bcap_service_interfaces/local_setup.sh
-- Installing: /home/isg/workspace/denso_ros2_ws/src/install/bcap_service_interfaces/share/bcap_service_interfaces/local_setup.zsh
-- Installing: /home/isg/workspace/denso_ros2_ws/src/install/bcap_service_interfaces/share/bcap_service_interfaces/local_setup.dsv
-- Installing: /home/isg/workspace/denso_ros2_ws/src/install/bcap_service_interfaces/share/bcap_service_interfaces/package.dsv
-- Installing: /home/isg/workspace/denso_ros2_ws/src/install/bcap_service_interfaces/share/ament_index/resource_index/packages/bcap_service_interfaces
-- Installing: /home/isg/workspace/denso_ros2_ws/src/install/bcap_service_interfaces/share/bcap_service_interfaces/cmake/export_bcap_service_interfaces__rosidl_generator_cExport.cmake
-- Installing: /home/isg/workspace/denso_ros2_ws/src/install/bcap_service_interfaces/share/bcap_service_interfaces/cmake/export_bcap_service_interfaces__rosidl_generator_cExport-release.cmake
-- Installing: /home/isg/workspace/denso_ros2_ws/src/install/bcap_service_interfaces/share/bcap_service_interfaces/cmake/export_bcap_service_interfaces__rosidl_typesupport_fastrtps_cExport.cmake
-- Installing: /home/isg/workspace/denso_ros2_ws/src/install/bcap_service_interfaces/share/bcap_service_interfaces/cmake/export_bcap_service_interfaces__rosidl_typesupport_fastrtps_cExport-release.cmake
-- Installing: /home/isg/workspace/denso_ros2_ws/src/install/bcap_service_interfaces/share/bcap_service_interfaces/cmake/bcap_service_interfaces__rosidl_typesupport_introspection_cExport.cmake
-- Installing: /home/isg/workspace/denso_ros2_ws/src/install/bcap_service_interfaces/share/bcap_service_interfaces/cmake/bcap_service_interfaces__rosidl_typesupport_introspection_cExport-release.cmake
-- Installing: /home/isg/workspace/denso_ros2_ws/src/install/bcap_service_interfaces/share/bcap_service_interfaces/cmake/bcap_service_interfaces__rosidl_typesupport_cExport.cmake
-- Installing: /home/isg/workspace/denso_ros2_ws/src/install/bcap_service_interfaces/share/bcap_service_interfaces/cmake/bcap_service_interfaces__rosidl_typesupport_cExport-release.cmake
-- Installing: /home/isg/workspace/denso_ros2_ws/src/install/bcap_service_interfaces/share/bcap_service_interfaces/cmake/export_bcap_service_interfaces__rosidl_generator_cppExport.cmake
-- Installing: /home/isg/workspace/denso_ros2_ws/src/install/bcap_service_interfaces/share/bcap_service_interfaces/cmake/export_bcap_service_interfaces__rosidl_typesupport_fastrtps_cppExport.cmake
-- Installing: /home/isg/workspace/denso_ros2_ws/src/install/bcap_service_interfaces/share/bcap_service_interfaces/cmake/export_bcap_service_interfaces__rosidl_typesupport_fastrtps_cppExport-release.cmake
-- Installing: /home/isg/workspace/denso_ros2_ws/src/install/bcap_service_interfaces/share/bcap_service_interfaces/cmake/bcap_service_interfaces__rosidl_typesupport_introspection_cppExport.cmake
-- Installing: /home/isg/workspace/denso_ros2_ws/src/install/bcap_service_interfaces/share/bcap_service_interfaces/cmake/bcap_service_interfaces__rosidl_typesupport_introspection_cppExport-release.cmake
-- Installing: /home/isg/workspace/denso_ros2_ws/src/install/bcap_service_interfaces/share/bcap_service_interfaces/cmake/bcap_service_interfaces__rosidl_typesupport_cppExport.cmake
-- Installing: /home/isg/workspace/denso_ros2_ws/src/install/bcap_service_interfaces/share/bcap_service_interfaces/cmake/bcap_service_interfaces__rosidl_typesupport_cppExport-release.cmake
-- Installing: /home/isg/workspace/denso_ros2_ws/src/install/bcap_service_interfaces/share/bcap_service_interfaces/cmake/export_bcap_service_interfaces__rosidl_generator_pyExport.cmake
-- Installing: /home/isg/workspace/denso_ros2_ws/src/install/bcap_service_interfaces/share/bcap_service_interfaces/cmake/export_bcap_service_interfaces__rosidl_generator_pyExport-release.cmake
-- Installing: /home/isg/workspace/denso_ros2_ws/src/install/bcap_service_interfaces/share/bcap_service_interfaces/cmake/rosidl_cmake-extras.cmake
-- Installing: /home/isg/workspace/denso_ros2_ws/src/install/bcap_service_interfaces/share/bcap_service_interfaces/cmake/ament_cmake_export_include_directories-extras.cmake
-- Installing: /home/isg/workspace/denso_ros2_ws/src/install/bcap_service_interfaces/share/bcap_service_interfaces/cmake/ament_cmake_export_libraries-extras.cmake
-- Installing: /home/isg/workspace/denso_ros2_ws/src/install/bcap_service_interfaces/share/bcap_service_interfaces/cmake/ament_cmake_export_targets-extras.cmake
-- Installing: /home/isg/workspace/denso_ros2_ws/src/install/bcap_service_interfaces/share/bcap_service_interfaces/cmake/rosidl_cmake_export_typesupport_targets-extras.cmake
-- Installing: /home/isg/workspace/denso_ros2_ws/src/install/bcap_service_interfaces/share/bcap_service_interfaces/cmake/ament_cmake_export_dependencies-extras.cmake
-- Installing: /home/isg/workspace/denso_ros2_ws/src/install/bcap_service_interfaces/share/bcap_service_interfaces/cmake/rosidl_cmake_export_typesupport_libraries-extras.cmake
-- Installing: /home/isg/workspace/denso_ros2_ws/src/install/bcap_service_interfaces/share/bcap_service_interfaces/cmake/bcap_service_interfacesConfig.cmake
-- Installing: /home/isg/workspace/denso_ros2_ws/src/install/bcap_service_interfaces/share/bcap_service_interfaces/cmake/bcap_service_interfacesConfig-version.cmake
-- Installing: /home/isg/workspace/denso_ros2_ws/src/install/bcap_service_interfaces/share/bcap_service_interfaces/package.xml
