[0.072s] Invoking command in '/home/isg/workspace/denso_ros2_ws/src/build/bcap_service_interfaces': AMENT_PREFIX_PATH=/home/isg/workspace/denso_ros2_ws/src/install/bcap_core:${AMENT_PREFIX_PATH} CMAKE_PREFIX_PATH=/home/isg/workspace/denso_ros2_ws/src/install/bcap_core:/opt/ros/humble LD_LIBRARY_PATH=/home/isg/workspace/denso_ros2_ws/src/install/bcap_core/lib:${LD_LIBRARY_PATH} /usr/bin/cmake /home/isg/workspace/denso_ros2_ws/src/denso_robot_drivers_ros2/bcap_service_interfaces -DCMAKE_BUILD_TYPE=Release -DCMAKE_INSTALL_PREFIX=/home/isg/workspace/denso_ros2_ws/src/install/bcap_service_interfaces
[9.257s] -- The C compiler identification is GNU 11.4.0
[9.258s] -- The CXX compiler identification is GNU 11.4.0
[9.258s] -- Detecting C compiler ABI info
[9.258s] -- Detecting C compiler ABI info - done
[9.258s] -- Check for working C compiler: /usr/bin/cc - skipped
[9.258s] -- Detecting C compile features
[9.258s] -- Detecting C compile features - done
[9.258s] -- Detecting CXX compiler ABI info
[9.258s] -- Detecting CXX compiler ABI info - done
[9.259s] -- Check for working CXX compiler: /usr/bin/c++ - skipped
[9.259s] -- Detecting CXX compile features
[9.259s] -- Detecting CXX compile features - done
[9.259s] -- Found ament_cmake: 1.3.12 (/opt/ros/humble/share/ament_cmake/cmake)
[9.259s] -- Found Python3: /usr/bin/python3 (found version "3.10.12") found components: Interpreter 
[9.259s] -- Found rosidl_default_generators: 1.2.0 (/opt/ros/humble/share/rosidl_default_generators/cmake)
[9.259s] -- Using all available rosidl_typesupport_c: rosidl_typesupport_fastrtps_c;rosidl_typesupport_introspection_c
[9.259s] -- Found rosidl_adapter: 3.1.7 (/opt/ros/humble/share/rosidl_adapter/cmake)
[9.259s] -- Using all available rosidl_typesupport_cpp: rosidl_typesupport_fastrtps_cpp;rosidl_typesupport_introspection_cpp
[9.259s] -- Found bcap_core: 1.2.0 (/home/isg/workspace/denso_ros2_ws/src/install/bcap_core/share/bcap_core/cmake)
[9.259s] -- Found std_msgs: 4.9.0 (/opt/ros/humble/share/std_msgs/cmake)
[9.259s] -- Found rclcpp: 16.0.14 (/opt/ros/humble/share/rclcpp/cmake)
[9.260s] -- Found rmw_implementation_cmake: 6.1.2 (/opt/ros/humble/share/rmw_implementation_cmake/cmake)
[9.260s] -- Found rmw_fastrtps_cpp: 6.2.8 (/opt/ros/humble/share/rmw_fastrtps_cpp/cmake)
[9.260s] -- Found OpenSSL: /usr/lib/x86_64-linux-gnu/libcrypto.so (found version "3.0.2")  
[9.260s] -- Found FastRTPS: /opt/ros/humble/include  
[9.260s] -- Using RMW implementation 'rmw_fastrtps_cpp' as default
[9.260s] -- Looking for pthread.h
[9.265s] -- Looking for pthread.h - found
[9.266s] -- Performing Test CMAKE_HAVE_LIBC_PTHREAD
[9.266s] -- Performing Test CMAKE_HAVE_LIBC_PTHREAD - Success
[9.266s] -- Found Threads: TRUE  
[9.266s] -- Found ament_cmake_ros: 0.10.0 (/opt/ros/humble/share/ament_cmake_ros/cmake)
[9.266s] -- Using all available rosidl_typesupport_c: rosidl_typesupport_fastrtps_c;rosidl_typesupport_introspection_c
[9.266s] -- Using all available rosidl_typesupport_cpp: rosidl_typesupport_fastrtps_cpp;rosidl_typesupport_introspection_cpp
[9.266s] -- Found PythonInterp: /usr/bin/python3 (found suitable version "3.10.12", minimum required is "3.6") 
[9.267s] -- Found python_cmake_module: 0.10.0 (/opt/ros/humble/share/python_cmake_module/cmake)
[9.267s] -- Found PythonLibs: /usr/lib/x86_64-linux-gnu/libpython3.10.so (found suitable version "3.10.12", minimum required is "3.5") 
[9.267s] -- Using PYTHON_EXECUTABLE: /usr/bin/python3
[9.267s] -- Using PYTHON_INCLUDE_DIRS: /usr/include/python3.10
[9.267s] -- Using PYTHON_LIBRARIES: /usr/lib/x86_64-linux-gnu/libpython3.10.so
[9.267s] -- Found PythonExtra: .so  
[9.267s] -- Found ament_lint_auto: 0.12.14 (/opt/ros/humble/share/ament_lint_auto/cmake)
[9.267s] -- Added test 'copyright' to check source files copyright and LICENSE
[9.267s] -- Added test 'lint_cmake' to check CMake code style
[9.267s] -- Added test 'xmllint' to check XML markup files
[9.267s] -- Configuring done
[9.267s] -- Generating done
[9.268s] -- Build files have been written to: /home/isg/workspace/denso_ros2_ws/src/build/bcap_service_interfaces
[9.279s] Invoked command in '/home/isg/workspace/denso_ros2_ws/src/build/bcap_service_interfaces' returned '0': AMENT_PREFIX_PATH=/home/isg/workspace/denso_ros2_ws/src/install/bcap_core:${AMENT_PREFIX_PATH} CMAKE_PREFIX_PATH=/home/isg/workspace/denso_ros2_ws/src/install/bcap_core:/opt/ros/humble LD_LIBRARY_PATH=/home/isg/workspace/denso_ros2_ws/src/install/bcap_core/lib:${LD_LIBRARY_PATH} /usr/bin/cmake /home/isg/workspace/denso_ros2_ws/src/denso_robot_drivers_ros2/bcap_service_interfaces -DCMAKE_BUILD_TYPE=Release -DCMAKE_INSTALL_PREFIX=/home/isg/workspace/denso_ros2_ws/src/install/bcap_service_interfaces
[9.280s] Invoking command in '/home/isg/workspace/denso_ros2_ws/src/build/bcap_service_interfaces': AMENT_PREFIX_PATH=/home/isg/workspace/denso_ros2_ws/src/install/bcap_core:${AMENT_PREFIX_PATH} CMAKE_PREFIX_PATH=/home/isg/workspace/denso_ros2_ws/src/install/bcap_core:/opt/ros/humble LD_LIBRARY_PATH=/home/isg/workspace/denso_ros2_ws/src/install/bcap_core/lib:${LD_LIBRARY_PATH} /usr/bin/cmake --build /home/isg/workspace/denso_ros2_ws/src/build/bcap_service_interfaces -- -j16 -l16
[9.515s] [  2%] [34m[1mGenerating C code for ROS interfaces[0m
[9.516s] [  5%] [34m[1mGenerating C++ code for ROS interfaces[0m
[9.516s] [  5%] Built target ament_cmake_python_copy_bcap_service_interfaces
[9.762s] running egg_info
[9.766s] creating bcap_service_interfaces.egg-info
[9.766s] writing bcap_service_interfaces.egg-info/PKG-INFO
[9.766s] writing dependency_links to bcap_service_interfaces.egg-info/dependency_links.txt
[9.766s] writing top-level names to bcap_service_interfaces.egg-info/top_level.txt
[9.766s] writing manifest file 'bcap_service_interfaces.egg-info/SOURCES.txt'
[9.774s] reading manifest file 'bcap_service_interfaces.egg-info/SOURCES.txt'
[9.774s] writing manifest file 'bcap_service_interfaces.egg-info/SOURCES.txt'
[9.853s] [  5%] Built target ament_cmake_python_build_bcap_service_interfaces_egg
[9.908s] [  7%] [32mBuilding C object CMakeFiles/bcap_service_interfaces__rosidl_generator_c.dir/rosidl_generator_c/bcap_service_interfaces/srv/detail/bcap__functions.c.o[0m
[9.908s] [ 10%] [32mBuilding C object CMakeFiles/bcap_service_interfaces__rosidl_generator_c.dir/rosidl_generator_c/bcap_service_interfaces/msg/detail/variant__functions.c.o[0m
[9.923s] [ 10%] Built target bcap_service_interfaces__cpp
[9.944s] [ 12%] [34m[1mGenerating C++ type support dispatch for ROS interfaces[0m
[9.951s] [ 15%] [34m[1mGenerating C++ type support for eProsima Fast-RTPS[0m
[9.955s] [ 17%] [34m[1mGenerating C++ introspection for ROS interfaces[0m
[10.092s] [ 20%] [32m[1mLinking C shared library libbcap_service_interfaces__rosidl_generator_c.so[0m
[10.141s] [ 20%] Built target bcap_service_interfaces__rosidl_generator_c
[10.164s] [ 23%] [34m[1mGenerating C type support dispatch for ROS interfaces[0m
[10.165s] [ 25%] [34m[1mGenerating C introspection for ROS interfaces[0m
[10.165s] [ 28%] [34m[1mGenerating C type support for eProsima Fast-RTPS[0m
[10.317s] [ 30%] [32mBuilding CXX object CMakeFiles/bcap_service_interfaces__rosidl_typesupport_cpp.dir/rosidl_typesupport_cpp/bcap_service_interfaces/msg/variant__type_support.cpp.o[0m
[10.337s] [ 33%] [32mBuilding CXX object CMakeFiles/bcap_service_interfaces__rosidl_typesupport_cpp.dir/rosidl_typesupport_cpp/bcap_service_interfaces/srv/bcap__type_support.cpp.o[0m
[10.363s] [ 35%] [32mBuilding CXX object CMakeFiles/bcap_service_interfaces__rosidl_typesupport_introspection_cpp.dir/rosidl_typesupport_introspection_cpp/bcap_service_interfaces/msg/detail/variant__type_support.cpp.o[0m
[10.375s] [ 38%] [32mBuilding CXX object CMakeFiles/bcap_service_interfaces__rosidl_typesupport_introspection_cpp.dir/rosidl_typesupport_introspection_cpp/bcap_service_interfaces/srv/detail/bcap__type_support.cpp.o[0m
[10.375s] [ 41%] [32mBuilding CXX object CMakeFiles/bcap_service_interfaces__rosidl_typesupport_fastrtps_cpp.dir/rosidl_typesupport_fastrtps_cpp/bcap_service_interfaces/srv/detail/dds_fastrtps/bcap__type_support.cpp.o[0m
[10.383s] [ 43%] [32mBuilding CXX object CMakeFiles/bcap_service_interfaces__rosidl_typesupport_fastrtps_cpp.dir/rosidl_typesupport_fastrtps_cpp/bcap_service_interfaces/msg/detail/dds_fastrtps/variant__type_support.cpp.o[0m
[10.538s] [ 46%] [32mBuilding CXX object CMakeFiles/bcap_service_interfaces__rosidl_typesupport_c.dir/rosidl_typesupport_c/bcap_service_interfaces/msg/variant__type_support.cpp.o[0m
[10.544s] [ 48%] [32mBuilding CXX object CMakeFiles/bcap_service_interfaces__rosidl_typesupport_c.dir/rosidl_typesupport_c/bcap_service_interfaces/srv/bcap__type_support.cpp.o[0m
[10.592s] [ 51%] [32mBuilding CXX object CMakeFiles/bcap_service_interfaces__rosidl_typesupport_fastrtps_c.dir/rosidl_typesupport_fastrtps_c/bcap_service_interfaces/msg/detail/variant__type_support_c.cpp.o[0m
[10.599s] [ 53%] [32mBuilding CXX object CMakeFiles/bcap_service_interfaces__rosidl_typesupport_fastrtps_c.dir/rosidl_typesupport_fastrtps_c/bcap_service_interfaces/srv/detail/bcap__type_support_c.cpp.o[0m
[10.628s] [ 56%] [32m[1mLinking CXX shared library libbcap_service_interfaces__rosidl_typesupport_c.so[0m
[10.643s] [ 58%] [32mBuilding C object CMakeFiles/bcap_service_interfaces__rosidl_typesupport_introspection_c.dir/rosidl_typesupport_introspection_c/bcap_service_interfaces/srv/detail/bcap__type_support.c.o[0m
[10.643s] [ 61%] [32mBuilding C object CMakeFiles/bcap_service_interfaces__rosidl_typesupport_introspection_c.dir/rosidl_typesupport_introspection_c/bcap_service_interfaces/msg/detail/variant__type_support.c.o[0m
[10.720s] [ 61%] Built target bcap_service_interfaces__rosidl_typesupport_c
[10.764s] [ 64%] [32m[1mLinking C shared library libbcap_service_interfaces__rosidl_typesupport_introspection_c.so[0m
[10.803s] [ 66%] [32m[1mLinking CXX shared library libbcap_service_interfaces__rosidl_typesupport_cpp.so[0m
[10.851s] [ 66%] Built target bcap_service_interfaces__rosidl_typesupport_introspection_c
[10.914s] [ 66%] Built target bcap_service_interfaces__rosidl_typesupport_cpp
[10.967s] [ 69%] [32m[1mLinking CXX shared library libbcap_service_interfaces__rosidl_typesupport_introspection_cpp.so[0m
[11.044s] [ 71%] [32m[1mLinking CXX shared library libbcap_service_interfaces__rosidl_typesupport_fastrtps_cpp.so[0m
[11.068s] [ 71%] Built target bcap_service_interfaces__rosidl_typesupport_introspection_cpp
[11.106s] [ 74%] [32m[1mLinking CXX shared library libbcap_service_interfaces__rosidl_typesupport_fastrtps_c.so[0m
[11.177s] [ 74%] Built target bcap_service_interfaces__rosidl_typesupport_fastrtps_cpp
[11.219s] [ 74%] Built target bcap_service_interfaces__rosidl_typesupport_fastrtps_c
[11.241s] [ 74%] Built target bcap_service_interfaces
[11.270s] [ 76%] [34m[1mGenerating Python code for ROS interfaces[0m
[11.642s] [ 76%] Built target bcap_service_interfaces__py
[11.665s] [ 82%] [32mBuilding C object CMakeFiles/bcap_service_interfaces__rosidl_generator_py.dir/rosidl_generator_py/bcap_service_interfaces/msg/_variant_s.c.o[0m
[11.665s] [ 82%] [32mBuilding C object CMakeFiles/bcap_service_interfaces__rosidl_generator_py.dir/rosidl_generator_py/bcap_service_interfaces/srv/_bcap_s.c.o[0m
[11.836s] [ 84%] [32m[1mLinking C shared library rosidl_generator_py/bcap_service_interfaces/libbcap_service_interfaces__rosidl_generator_py.so[0m
[11.875s] [ 84%] Built target bcap_service_interfaces__rosidl_generator_py
[11.896s] [ 87%] [32mBuilding C object CMakeFiles/bcap_service_interfaces__rosidl_typesupport_fastrtps_c__pyext.dir/rosidl_generator_py/bcap_service_interfaces/_bcap_service_interfaces_s.ep.rosidl_typesupport_fastrtps_c.c.o[0m
[11.902s] [ 89%] [32mBuilding C object CMakeFiles/bcap_service_interfaces__rosidl_typesupport_c__pyext.dir/rosidl_generator_py/bcap_service_interfaces/_bcap_service_interfaces_s.ep.rosidl_typesupport_c.c.o[0m
[11.902s] [ 92%] [32mBuilding C object CMakeFiles/bcap_service_interfaces__rosidl_typesupport_introspection_c__pyext.dir/rosidl_generator_py/bcap_service_interfaces/_bcap_service_interfaces_s.ep.rosidl_typesupport_introspection_c.c.o[0m
[12.066s] [ 94%] [32m[1mLinking C shared library rosidl_generator_py/bcap_service_interfaces/bcap_service_interfaces_s__rosidl_typesupport_fastrtps_c.cpython-310-x86_64-linux-gnu.so[0m
[12.067s] [ 97%] [32m[1mLinking C shared library rosidl_generator_py/bcap_service_interfaces/bcap_service_interfaces_s__rosidl_typesupport_c.cpython-310-x86_64-linux-gnu.so[0m
[12.075s] [100%] [32m[1mLinking C shared library rosidl_generator_py/bcap_service_interfaces/bcap_service_interfaces_s__rosidl_typesupport_introspection_c.cpython-310-x86_64-linux-gnu.so[0m
[12.105s] [100%] Built target bcap_service_interfaces__rosidl_typesupport_c__pyext
[12.108s] [100%] Built target bcap_service_interfaces__rosidl_typesupport_fastrtps_c__pyext
[12.118s] [100%] Built target bcap_service_interfaces__rosidl_typesupport_introspection_c__pyext
[12.133s] Invoked command in '/home/isg/workspace/denso_ros2_ws/src/build/bcap_service_interfaces' returned '0': AMENT_PREFIX_PATH=/home/isg/workspace/denso_ros2_ws/src/install/bcap_core:${AMENT_PREFIX_PATH} CMAKE_PREFIX_PATH=/home/isg/workspace/denso_ros2_ws/src/install/bcap_core:/opt/ros/humble LD_LIBRARY_PATH=/home/isg/workspace/denso_ros2_ws/src/install/bcap_core/lib:${LD_LIBRARY_PATH} /usr/bin/cmake --build /home/isg/workspace/denso_ros2_ws/src/build/bcap_service_interfaces -- -j16 -l16
[12.135s] Invoking command in '/home/isg/workspace/denso_ros2_ws/src/build/bcap_service_interfaces': AMENT_PREFIX_PATH=/home/isg/workspace/denso_ros2_ws/src/install/bcap_core:${AMENT_PREFIX_PATH} CMAKE_PREFIX_PATH=/home/isg/workspace/denso_ros2_ws/src/install/bcap_core:/opt/ros/humble LD_LIBRARY_PATH=/home/isg/workspace/denso_ros2_ws/src/install/bcap_core/lib:${LD_LIBRARY_PATH} /usr/bin/cmake --install /home/isg/workspace/denso_ros2_ws/src/build/bcap_service_interfaces
[12.142s] -- Install configuration: "Release"
[12.142s] -- Installing: /home/isg/workspace/denso_ros2_ws/src/install/bcap_service_interfaces/share/ament_index/resource_index/rosidl_interfaces/bcap_service_interfaces
[12.143s] -- Installing: /home/isg/workspace/denso_ros2_ws/src/install/bcap_service_interfaces/include/bcap_service_interfaces/bcap_service_interfaces
[12.143s] -- Installing: /home/isg/workspace/denso_ros2_ws/src/install/bcap_service_interfaces/include/bcap_service_interfaces/bcap_service_interfaces/srv
[12.143s] -- Installing: /home/isg/workspace/denso_ros2_ws/src/install/bcap_service_interfaces/include/bcap_service_interfaces/bcap_service_interfaces/srv/detail
[12.143s] -- Installing: /home/isg/workspace/denso_ros2_ws/src/install/bcap_service_interfaces/include/bcap_service_interfaces/bcap_service_interfaces/srv/detail/bcap__struct.h
[12.143s] -- Installing: /home/isg/workspace/denso_ros2_ws/src/install/bcap_service_interfaces/include/bcap_service_interfaces/bcap_service_interfaces/srv/detail/bcap__functions.h
[12.143s] -- Installing: /home/isg/workspace/denso_ros2_ws/src/install/bcap_service_interfaces/include/bcap_service_interfaces/bcap_service_interfaces/srv/detail/bcap__functions.c
[12.143s] -- Installing: /home/isg/workspace/denso_ros2_ws/src/install/bcap_service_interfaces/include/bcap_service_interfaces/bcap_service_interfaces/srv/detail/bcap__type_support.h
[12.143s] -- Installing: /home/isg/workspace/denso_ros2_ws/src/install/bcap_service_interfaces/include/bcap_service_interfaces/bcap_service_interfaces/srv/bcap.h
[12.144s] -- Installing: /home/isg/workspace/denso_ros2_ws/src/install/bcap_service_interfaces/include/bcap_service_interfaces/bcap_service_interfaces/msg
[12.144s] -- Installing: /home/isg/workspace/denso_ros2_ws/src/install/bcap_service_interfaces/include/bcap_service_interfaces/bcap_service_interfaces/msg/detail
[12.144s] -- Installing: /home/isg/workspace/denso_ros2_ws/src/install/bcap_service_interfaces/include/bcap_service_interfaces/bcap_service_interfaces/msg/detail/variant__functions.c
[12.144s] -- Installing: /home/isg/workspace/denso_ros2_ws/src/install/bcap_service_interfaces/include/bcap_service_interfaces/bcap_service_interfaces/msg/detail/variant__struct.h
[12.144s] -- Installing: /home/isg/workspace/denso_ros2_ws/src/install/bcap_service_interfaces/include/bcap_service_interfaces/bcap_service_interfaces/msg/detail/variant__type_support.h
[12.144s] -- Installing: /home/isg/workspace/denso_ros2_ws/src/install/bcap_service_interfaces/include/bcap_service_interfaces/bcap_service_interfaces/msg/detail/variant__functions.h
[12.144s] -- Installing: /home/isg/workspace/denso_ros2_ws/src/install/bcap_service_interfaces/include/bcap_service_interfaces/bcap_service_interfaces/msg/variant.h
[12.144s] -- Installing: /home/isg/workspace/denso_ros2_ws/src/install/bcap_service_interfaces/include/bcap_service_interfaces/bcap_service_interfaces/msg/rosidl_generator_c__visibility_control.h
[12.145s] -- Installing: /home/isg/workspace/denso_ros2_ws/src/install/bcap_service_interfaces/share/bcap_service_interfaces/environment/library_path.sh
[12.145s] -- Installing: /home/isg/workspace/denso_ros2_ws/src/install/bcap_service_interfaces/share/bcap_service_interfaces/environment/library_path.dsv
[12.145s] -- Installing: /home/isg/workspace/denso_ros2_ws/src/install/bcap_service_interfaces/lib/libbcap_service_interfaces__rosidl_generator_c.so
[12.145s] -- Set runtime path of "/home/isg/workspace/denso_ros2_ws/src/install/bcap_service_interfaces/lib/libbcap_service_interfaces__rosidl_generator_c.so" to ""
[12.145s] -- Up-to-date: /home/isg/workspace/denso_ros2_ws/src/install/bcap_service_interfaces/include/bcap_service_interfaces/bcap_service_interfaces
[12.145s] -- Up-to-date: /home/isg/workspace/denso_ros2_ws/src/install/bcap_service_interfaces/include/bcap_service_interfaces/bcap_service_interfaces/srv
[12.146s] -- Up-to-date: /home/isg/workspace/denso_ros2_ws/src/install/bcap_service_interfaces/include/bcap_service_interfaces/bcap_service_interfaces/srv/detail
[12.146s] -- Installing: /home/isg/workspace/denso_ros2_ws/src/install/bcap_service_interfaces/include/bcap_service_interfaces/bcap_service_interfaces/srv/detail/bcap__rosidl_typesupport_fastrtps_c.h
[12.146s] -- Up-to-date: /home/isg/workspace/denso_ros2_ws/src/install/bcap_service_interfaces/include/bcap_service_interfaces/bcap_service_interfaces/msg
[12.146s] -- Installing: /home/isg/workspace/denso_ros2_ws/src/install/bcap_service_interfaces/include/bcap_service_interfaces/bcap_service_interfaces/msg/rosidl_typesupport_fastrtps_c__visibility_control.h
[12.146s] -- Up-to-date: /home/isg/workspace/denso_ros2_ws/src/install/bcap_service_interfaces/include/bcap_service_interfaces/bcap_service_interfaces/msg/detail
[12.146s] -- Installing: /home/isg/workspace/denso_ros2_ws/src/install/bcap_service_interfaces/include/bcap_service_interfaces/bcap_service_interfaces/msg/detail/variant__rosidl_typesupport_fastrtps_c.h
[12.146s] -- Installing: /home/isg/workspace/denso_ros2_ws/src/install/bcap_service_interfaces/lib/libbcap_service_interfaces__rosidl_typesupport_fastrtps_c.so
[12.146s] -- Set runtime path of "/home/isg/workspace/denso_ros2_ws/src/install/bcap_service_interfaces/lib/libbcap_service_interfaces__rosidl_typesupport_fastrtps_c.so" to ""
[12.146s] -- Up-to-date: /home/isg/workspace/denso_ros2_ws/src/install/bcap_service_interfaces/include/bcap_service_interfaces/bcap_service_interfaces
[12.146s] -- Up-to-date: /home/isg/workspace/denso_ros2_ws/src/install/bcap_service_interfaces/include/bcap_service_interfaces/bcap_service_interfaces/srv
[12.147s] -- Up-to-date: /home/isg/workspace/denso_ros2_ws/src/install/bcap_service_interfaces/include/bcap_service_interfaces/bcap_service_interfaces/srv/detail
[12.147s] -- Installing: /home/isg/workspace/denso_ros2_ws/src/install/bcap_service_interfaces/include/bcap_service_interfaces/bcap_service_interfaces/srv/detail/bcap__rosidl_typesupport_introspection_c.h
[12.147s] -- Installing: /home/isg/workspace/denso_ros2_ws/src/install/bcap_service_interfaces/include/bcap_service_interfaces/bcap_service_interfaces/srv/detail/bcap__type_support.c
[12.147s] -- Up-to-date: /home/isg/workspace/denso_ros2_ws/src/install/bcap_service_interfaces/include/bcap_service_interfaces/bcap_service_interfaces/msg
[12.147s] -- Installing: /home/isg/workspace/denso_ros2_ws/src/install/bcap_service_interfaces/include/bcap_service_interfaces/bcap_service_interfaces/msg/rosidl_typesupport_introspection_c__visibility_control.h
[12.147s] -- Up-to-date: /home/isg/workspace/denso_ros2_ws/src/install/bcap_service_interfaces/include/bcap_service_interfaces/bcap_service_interfaces/msg/detail
[12.147s] -- Installing: /home/isg/workspace/denso_ros2_ws/src/install/bcap_service_interfaces/include/bcap_service_interfaces/bcap_service_interfaces/msg/detail/variant__rosidl_typesupport_introspection_c.h
[12.147s] -- Installing: /home/isg/workspace/denso_ros2_ws/src/install/bcap_service_interfaces/include/bcap_service_interfaces/bcap_service_interfaces/msg/detail/variant__type_support.c
[12.147s] -- Installing: /home/isg/workspace/denso_ros2_ws/src/install/bcap_service_interfaces/lib/libbcap_service_interfaces__rosidl_typesupport_introspection_c.so
[12.148s] -- Set runtime path of "/home/isg/workspace/denso_ros2_ws/src/install/bcap_service_interfaces/lib/libbcap_service_interfaces__rosidl_typesupport_introspection_c.so" to ""
[12.148s] -- Installing: /home/isg/workspace/denso_ros2_ws/src/install/bcap_service_interfaces/lib/libbcap_service_interfaces__rosidl_typesupport_c.so
[12.148s] -- Set runtime path of "/home/isg/workspace/denso_ros2_ws/src/install/bcap_service_interfaces/lib/libbcap_service_interfaces__rosidl_typesupport_c.so" to ""
[12.148s] -- Up-to-date: /home/isg/workspace/denso_ros2_ws/src/install/bcap_service_interfaces/include/bcap_service_interfaces/bcap_service_interfaces
[12.148s] -- Up-to-date: /home/isg/workspace/denso_ros2_ws/src/install/bcap_service_interfaces/include/bcap_service_interfaces/bcap_service_interfaces/srv
[12.148s] -- Installing: /home/isg/workspace/denso_ros2_ws/src/install/bcap_service_interfaces/include/bcap_service_interfaces/bcap_service_interfaces/srv/bcap.hpp
[12.148s] -- Up-to-date: /home/isg/workspace/denso_ros2_ws/src/install/bcap_service_interfaces/include/bcap_service_interfaces/bcap_service_interfaces/srv/detail
[12.148s] -- Installing: /home/isg/workspace/denso_ros2_ws/src/install/bcap_service_interfaces/include/bcap_service_interfaces/bcap_service_interfaces/srv/detail/bcap__struct.hpp
[12.148s] -- Installing: /home/isg/workspace/denso_ros2_ws/src/install/bcap_service_interfaces/include/bcap_service_interfaces/bcap_service_interfaces/srv/detail/bcap__builder.hpp
[12.149s] -- Installing: /home/isg/workspace/denso_ros2_ws/src/install/bcap_service_interfaces/include/bcap_service_interfaces/bcap_service_interfaces/srv/detail/bcap__traits.hpp
[12.149s] -- Installing: /home/isg/workspace/denso_ros2_ws/src/install/bcap_service_interfaces/include/bcap_service_interfaces/bcap_service_interfaces/srv/detail/bcap__type_support.hpp
[12.149s] -- Up-to-date: /home/isg/workspace/denso_ros2_ws/src/install/bcap_service_interfaces/include/bcap_service_interfaces/bcap_service_interfaces/msg
[12.149s] -- Up-to-date: /home/isg/workspace/denso_ros2_ws/src/install/bcap_service_interfaces/include/bcap_service_interfaces/bcap_service_interfaces/msg/detail
[12.149s] -- Installing: /home/isg/workspace/denso_ros2_ws/src/install/bcap_service_interfaces/include/bcap_service_interfaces/bcap_service_interfaces/msg/detail/variant__traits.hpp
[12.149s] -- Installing: /home/isg/workspace/denso_ros2_ws/src/install/bcap_service_interfaces/include/bcap_service_interfaces/bcap_service_interfaces/msg/detail/variant__struct.hpp
[12.149s] -- Installing: /home/isg/workspace/denso_ros2_ws/src/install/bcap_service_interfaces/include/bcap_service_interfaces/bcap_service_interfaces/msg/detail/variant__type_support.hpp
[12.149s] -- Installing: /home/isg/workspace/denso_ros2_ws/src/install/bcap_service_interfaces/include/bcap_service_interfaces/bcap_service_interfaces/msg/detail/variant__builder.hpp
[12.149s] -- Installing: /home/isg/workspace/denso_ros2_ws/src/install/bcap_service_interfaces/include/bcap_service_interfaces/bcap_service_interfaces/msg/rosidl_generator_cpp__visibility_control.hpp
[12.149s] -- Installing: /home/isg/workspace/denso_ros2_ws/src/install/bcap_service_interfaces/include/bcap_service_interfaces/bcap_service_interfaces/msg/variant.hpp
[12.150s] -- Up-to-date: /home/isg/workspace/denso_ros2_ws/src/install/bcap_service_interfaces/include/bcap_service_interfaces/bcap_service_interfaces
[12.150s] -- Up-to-date: /home/isg/workspace/denso_ros2_ws/src/install/bcap_service_interfaces/include/bcap_service_interfaces/bcap_service_interfaces/srv
[12.150s] -- Up-to-date: /home/isg/workspace/denso_ros2_ws/src/install/bcap_service_interfaces/include/bcap_service_interfaces/bcap_service_interfaces/srv/detail
[12.150s] -- Installing: /home/isg/workspace/denso_ros2_ws/src/install/bcap_service_interfaces/include/bcap_service_interfaces/bcap_service_interfaces/srv/detail/dds_fastrtps
[12.150s] -- Installing: /home/isg/workspace/denso_ros2_ws/src/install/bcap_service_interfaces/include/bcap_service_interfaces/bcap_service_interfaces/srv/detail/bcap__rosidl_typesupport_fastrtps_cpp.hpp
[12.150s] -- Up-to-date: /home/isg/workspace/denso_ros2_ws/src/install/bcap_service_interfaces/include/bcap_service_interfaces/bcap_service_interfaces/msg
[12.150s] -- Up-to-date: /home/isg/workspace/denso_ros2_ws/src/install/bcap_service_interfaces/include/bcap_service_interfaces/bcap_service_interfaces/msg/detail
[12.150s] -- Installing: /home/isg/workspace/denso_ros2_ws/src/install/bcap_service_interfaces/include/bcap_service_interfaces/bcap_service_interfaces/msg/detail/variant__rosidl_typesupport_fastrtps_cpp.hpp
[12.150s] -- Installing: /home/isg/workspace/denso_ros2_ws/src/install/bcap_service_interfaces/include/bcap_service_interfaces/bcap_service_interfaces/msg/detail/dds_fastrtps
[12.150s] -- Installing: /home/isg/workspace/denso_ros2_ws/src/install/bcap_service_interfaces/include/bcap_service_interfaces/bcap_service_interfaces/msg/rosidl_typesupport_fastrtps_cpp__visibility_control.h
[12.150s] -- Installing: /home/isg/workspace/denso_ros2_ws/src/install/bcap_service_interfaces/lib/libbcap_service_interfaces__rosidl_typesupport_fastrtps_cpp.so
[12.151s] -- Set runtime path of "/home/isg/workspace/denso_ros2_ws/src/install/bcap_service_interfaces/lib/libbcap_service_interfaces__rosidl_typesupport_fastrtps_cpp.so" to ""
[12.151s] -- Up-to-date: /home/isg/workspace/denso_ros2_ws/src/install/bcap_service_interfaces/include/bcap_service_interfaces/bcap_service_interfaces
[12.151s] -- Up-to-date: /home/isg/workspace/denso_ros2_ws/src/install/bcap_service_interfaces/include/bcap_service_interfaces/bcap_service_interfaces/srv
[12.151s] -- Up-to-date: /home/isg/workspace/denso_ros2_ws/src/install/bcap_service_interfaces/include/bcap_service_interfaces/bcap_service_interfaces/srv/detail
[12.151s] -- Installing: /home/isg/workspace/denso_ros2_ws/src/install/bcap_service_interfaces/include/bcap_service_interfaces/bcap_service_interfaces/srv/detail/bcap__rosidl_typesupport_introspection_cpp.hpp
[12.151s] -- Installing: /home/isg/workspace/denso_ros2_ws/src/install/bcap_service_interfaces/include/bcap_service_interfaces/bcap_service_interfaces/srv/detail/bcap__type_support.cpp
[12.151s] -- Up-to-date: /home/isg/workspace/denso_ros2_ws/src/install/bcap_service_interfaces/include/bcap_service_interfaces/bcap_service_interfaces/msg
[12.151s] -- Up-to-date: /home/isg/workspace/denso_ros2_ws/src/install/bcap_service_interfaces/include/bcap_service_interfaces/bcap_service_interfaces/msg/detail
[12.151s] -- Installing: /home/isg/workspace/denso_ros2_ws/src/install/bcap_service_interfaces/include/bcap_service_interfaces/bcap_service_interfaces/msg/detail/variant__type_support.cpp
[12.152s] -- Installing: /home/isg/workspace/denso_ros2_ws/src/install/bcap_service_interfaces/include/bcap_service_interfaces/bcap_service_interfaces/msg/detail/variant__rosidl_typesupport_introspection_cpp.hpp
[12.152s] -- Installing: /home/isg/workspace/denso_ros2_ws/src/install/bcap_service_interfaces/lib/libbcap_service_interfaces__rosidl_typesupport_introspection_cpp.so
[12.152s] -- Set runtime path of "/home/isg/workspace/denso_ros2_ws/src/install/bcap_service_interfaces/lib/libbcap_service_interfaces__rosidl_typesupport_introspection_cpp.so" to ""
[12.152s] -- Installing: /home/isg/workspace/denso_ros2_ws/src/install/bcap_service_interfaces/lib/libbcap_service_interfaces__rosidl_typesupport_cpp.so
[12.152s] -- Set runtime path of "/home/isg/workspace/denso_ros2_ws/src/install/bcap_service_interfaces/lib/libbcap_service_interfaces__rosidl_typesupport_cpp.so" to ""
[12.152s] -- Installing: /home/isg/workspace/denso_ros2_ws/src/install/bcap_service_interfaces/share/bcap_service_interfaces/environment/pythonpath.sh
[12.153s] -- Installing: /home/isg/workspace/denso_ros2_ws/src/install/bcap_service_interfaces/share/bcap_service_interfaces/environment/pythonpath.dsv
[12.153s] -- Installing: /home/isg/workspace/denso_ros2_ws/src/install/bcap_service_interfaces/local/lib/python3.10/dist-packages/bcap_service_interfaces-1.2.0-py3.10.egg-info
[12.153s] -- Installing: /home/isg/workspace/denso_ros2_ws/src/install/bcap_service_interfaces/local/lib/python3.10/dist-packages/bcap_service_interfaces-1.2.0-py3.10.egg-info/SOURCES.txt
[12.153s] -- Installing: /home/isg/workspace/denso_ros2_ws/src/install/bcap_service_interfaces/local/lib/python3.10/dist-packages/bcap_service_interfaces-1.2.0-py3.10.egg-info/PKG-INFO
[12.153s] -- Installing: /home/isg/workspace/denso_ros2_ws/src/install/bcap_service_interfaces/local/lib/python3.10/dist-packages/bcap_service_interfaces-1.2.0-py3.10.egg-info/top_level.txt
[12.153s] -- Installing: /home/isg/workspace/denso_ros2_ws/src/install/bcap_service_interfaces/local/lib/python3.10/dist-packages/bcap_service_interfaces-1.2.0-py3.10.egg-info/dependency_links.txt
[12.153s] -- Installing: /home/isg/workspace/denso_ros2_ws/src/install/bcap_service_interfaces/local/lib/python3.10/dist-packages/bcap_service_interfaces
[12.154s] -- Installing: /home/isg/workspace/denso_ros2_ws/src/install/bcap_service_interfaces/local/lib/python3.10/dist-packages/bcap_service_interfaces/_bcap_service_interfaces_s.ep.rosidl_typesupport_c.c
[12.154s] -- Installing: /home/isg/workspace/denso_ros2_ws/src/install/bcap_service_interfaces/local/lib/python3.10/dist-packages/bcap_service_interfaces/_bcap_service_interfaces_s.ep.rosidl_typesupport_fastrtps_c.c
[12.154s] -- Installing: /home/isg/workspace/denso_ros2_ws/src/install/bcap_service_interfaces/local/lib/python3.10/dist-packages/bcap_service_interfaces/__init__.py
[12.154s] -- Installing: /home/isg/workspace/denso_ros2_ws/src/install/bcap_service_interfaces/local/lib/python3.10/dist-packages/bcap_service_interfaces/libbcap_service_interfaces__rosidl_generator_py.so
[12.154s] -- Installing: /home/isg/workspace/denso_ros2_ws/src/install/bcap_service_interfaces/local/lib/python3.10/dist-packages/bcap_service_interfaces/srv
[12.154s] -- Installing: /home/isg/workspace/denso_ros2_ws/src/install/bcap_service_interfaces/local/lib/python3.10/dist-packages/bcap_service_interfaces/srv/__init__.py
[12.154s] -- Installing: /home/isg/workspace/denso_ros2_ws/src/install/bcap_service_interfaces/local/lib/python3.10/dist-packages/bcap_service_interfaces/srv/_bcap.py
[12.154s] -- Installing: /home/isg/workspace/denso_ros2_ws/src/install/bcap_service_interfaces/local/lib/python3.10/dist-packages/bcap_service_interfaces/srv/_bcap_s.c
[12.155s] -- Installing: /home/isg/workspace/denso_ros2_ws/src/install/bcap_service_interfaces/local/lib/python3.10/dist-packages/bcap_service_interfaces/bcap_service_interfaces_s__rosidl_typesupport_fastrtps_c.cpython-310-x86_64-linux-gnu.so
[12.155s] -- Installing: /home/isg/workspace/denso_ros2_ws/src/install/bcap_service_interfaces/local/lib/python3.10/dist-packages/bcap_service_interfaces/bcap_service_interfaces_s__rosidl_typesupport_c.cpython-310-x86_64-linux-gnu.so
[12.155s] -- Installing: /home/isg/workspace/denso_ros2_ws/src/install/bcap_service_interfaces/local/lib/python3.10/dist-packages/bcap_service_interfaces/msg
[12.155s] -- Installing: /home/isg/workspace/denso_ros2_ws/src/install/bcap_service_interfaces/local/lib/python3.10/dist-packages/bcap_service_interfaces/msg/__init__.py
[12.155s] -- Installing: /home/isg/workspace/denso_ros2_ws/src/install/bcap_service_interfaces/local/lib/python3.10/dist-packages/bcap_service_interfaces/msg/_variant.py
[12.155s] -- Installing: /home/isg/workspace/denso_ros2_ws/src/install/bcap_service_interfaces/local/lib/python3.10/dist-packages/bcap_service_interfaces/msg/_variant_s.c
[12.155s] -- Installing: /home/isg/workspace/denso_ros2_ws/src/install/bcap_service_interfaces/local/lib/python3.10/dist-packages/bcap_service_interfaces/bcap_service_interfaces_s__rosidl_typesupport_introspection_c.cpython-310-x86_64-linux-gnu.so
[12.155s] -- Installing: /home/isg/workspace/denso_ros2_ws/src/install/bcap_service_interfaces/local/lib/python3.10/dist-packages/bcap_service_interfaces/_bcap_service_interfaces_s.ep.rosidl_typesupport_introspection_c.c
[12.185s] Listing '/home/isg/workspace/denso_ros2_ws/src/install/bcap_service_interfaces/local/lib/python3.10/dist-packages/bcap_service_interfaces'...
[12.185s] Compiling '/home/isg/workspace/denso_ros2_ws/src/install/bcap_service_interfaces/local/lib/python3.10/dist-packages/bcap_service_interfaces/__init__.py'...
[12.185s] Listing '/home/isg/workspace/denso_ros2_ws/src/install/bcap_service_interfaces/local/lib/python3.10/dist-packages/bcap_service_interfaces/msg'...
[12.185s] Compiling '/home/isg/workspace/denso_ros2_ws/src/install/bcap_service_interfaces/local/lib/python3.10/dist-packages/bcap_service_interfaces/msg/__init__.py'...
[12.185s] Compiling '/home/isg/workspace/denso_ros2_ws/src/install/bcap_service_interfaces/local/lib/python3.10/dist-packages/bcap_service_interfaces/msg/_variant.py'...
[12.185s] Listing '/home/isg/workspace/denso_ros2_ws/src/install/bcap_service_interfaces/local/lib/python3.10/dist-packages/bcap_service_interfaces/srv'...
[12.185s] Compiling '/home/isg/workspace/denso_ros2_ws/src/install/bcap_service_interfaces/local/lib/python3.10/dist-packages/bcap_service_interfaces/srv/__init__.py'...
[12.185s] Compiling '/home/isg/workspace/denso_ros2_ws/src/install/bcap_service_interfaces/local/lib/python3.10/dist-packages/bcap_service_interfaces/srv/_bcap.py'...
[12.189s] -- Installing: /home/isg/workspace/denso_ros2_ws/src/install/bcap_service_interfaces/local/lib/python3.10/dist-packages/bcap_service_interfaces/bcap_service_interfaces_s__rosidl_typesupport_fastrtps_c.cpython-310-x86_64-linux-gnu.so
[12.189s] -- Set runtime path of "/home/isg/workspace/denso_ros2_ws/src/install/bcap_service_interfaces/local/lib/python3.10/dist-packages/bcap_service_interfaces/bcap_service_interfaces_s__rosidl_typesupport_fastrtps_c.cpython-310-x86_64-linux-gnu.so" to ""
[12.190s] -- Installing: /home/isg/workspace/denso_ros2_ws/src/install/bcap_service_interfaces/local/lib/python3.10/dist-packages/bcap_service_interfaces/bcap_service_interfaces_s__rosidl_typesupport_introspection_c.cpython-310-x86_64-linux-gnu.so
[12.190s] -- Set runtime path of "/home/isg/workspace/denso_ros2_ws/src/install/bcap_service_interfaces/local/lib/python3.10/dist-packages/bcap_service_interfaces/bcap_service_interfaces_s__rosidl_typesupport_introspection_c.cpython-310-x86_64-linux-gnu.so" to ""
[12.190s] -- Installing: /home/isg/workspace/denso_ros2_ws/src/install/bcap_service_interfaces/local/lib/python3.10/dist-packages/bcap_service_interfaces/bcap_service_interfaces_s__rosidl_typesupport_c.cpython-310-x86_64-linux-gnu.so
[12.190s] -- Set runtime path of "/home/isg/workspace/denso_ros2_ws/src/install/bcap_service_interfaces/local/lib/python3.10/dist-packages/bcap_service_interfaces/bcap_service_interfaces_s__rosidl_typesupport_c.cpython-310-x86_64-linux-gnu.so" to ""
[12.191s] -- Installing: /home/isg/workspace/denso_ros2_ws/src/install/bcap_service_interfaces/lib/libbcap_service_interfaces__rosidl_generator_py.so
[12.191s] -- Set runtime path of "/home/isg/workspace/denso_ros2_ws/src/install/bcap_service_interfaces/lib/libbcap_service_interfaces__rosidl_generator_py.so" to ""
[12.191s] -- Installing: /home/isg/workspace/denso_ros2_ws/src/install/bcap_service_interfaces/share/bcap_service_interfaces/msg/Variant.idl
[12.191s] -- Installing: /home/isg/workspace/denso_ros2_ws/src/install/bcap_service_interfaces/share/bcap_service_interfaces/srv/Bcap.idl
[12.191s] -- Installing: /home/isg/workspace/denso_ros2_ws/src/install/bcap_service_interfaces/share/bcap_service_interfaces/msg/Variant.msg
[12.191s] -- Installing: /home/isg/workspace/denso_ros2_ws/src/install/bcap_service_interfaces/share/bcap_service_interfaces/srv/Bcap.srv
[12.192s] -- Installing: /home/isg/workspace/denso_ros2_ws/src/install/bcap_service_interfaces/share/bcap_service_interfaces/srv/Bcap_Request.msg
[12.192s] -- Installing: /home/isg/workspace/denso_ros2_ws/src/install/bcap_service_interfaces/share/bcap_service_interfaces/srv/Bcap_Response.msg
[12.192s] -- Installing: /home/isg/workspace/denso_ros2_ws/src/install/bcap_service_interfaces/share/ament_index/resource_index/package_run_dependencies/bcap_service_interfaces
[12.192s] -- Installing: /home/isg/workspace/denso_ros2_ws/src/install/bcap_service_interfaces/share/ament_index/resource_index/parent_prefix_path/bcap_service_interfaces
[12.192s] -- Installing: /home/isg/workspace/denso_ros2_ws/src/install/bcap_service_interfaces/share/bcap_service_interfaces/environment/ament_prefix_path.sh
[12.192s] -- Installing: /home/isg/workspace/denso_ros2_ws/src/install/bcap_service_interfaces/share/bcap_service_interfaces/environment/ament_prefix_path.dsv
[12.193s] -- Installing: /home/isg/workspace/denso_ros2_ws/src/install/bcap_service_interfaces/share/bcap_service_interfaces/environment/path.sh
[12.193s] -- Installing: /home/isg/workspace/denso_ros2_ws/src/install/bcap_service_interfaces/share/bcap_service_interfaces/environment/path.dsv
[12.193s] -- Installing: /home/isg/workspace/denso_ros2_ws/src/install/bcap_service_interfaces/share/bcap_service_interfaces/local_setup.bash
[12.193s] -- Installing: /home/isg/workspace/denso_ros2_ws/src/install/bcap_service_interfaces/share/bcap_service_interfaces/local_setup.sh
[12.193s] -- Installing: /home/isg/workspace/denso_ros2_ws/src/install/bcap_service_interfaces/share/bcap_service_interfaces/local_setup.zsh
[12.193s] -- Installing: /home/isg/workspace/denso_ros2_ws/src/install/bcap_service_interfaces/share/bcap_service_interfaces/local_setup.dsv
[12.193s] -- Installing: /home/isg/workspace/denso_ros2_ws/src/install/bcap_service_interfaces/share/bcap_service_interfaces/package.dsv
[12.194s] -- Installing: /home/isg/workspace/denso_ros2_ws/src/install/bcap_service_interfaces/share/ament_index/resource_index/packages/bcap_service_interfaces
[12.194s] -- Installing: /home/isg/workspace/denso_ros2_ws/src/install/bcap_service_interfaces/share/bcap_service_interfaces/cmake/export_bcap_service_interfaces__rosidl_generator_cExport.cmake
[12.194s] -- Installing: /home/isg/workspace/denso_ros2_ws/src/install/bcap_service_interfaces/share/bcap_service_interfaces/cmake/export_bcap_service_interfaces__rosidl_generator_cExport-release.cmake
[12.194s] -- Installing: /home/isg/workspace/denso_ros2_ws/src/install/bcap_service_interfaces/share/bcap_service_interfaces/cmake/export_bcap_service_interfaces__rosidl_typesupport_fastrtps_cExport.cmake
[12.194s] -- Installing: /home/isg/workspace/denso_ros2_ws/src/install/bcap_service_interfaces/share/bcap_service_interfaces/cmake/export_bcap_service_interfaces__rosidl_typesupport_fastrtps_cExport-release.cmake
[12.194s] -- Installing: /home/isg/workspace/denso_ros2_ws/src/install/bcap_service_interfaces/share/bcap_service_interfaces/cmake/bcap_service_interfaces__rosidl_typesupport_introspection_cExport.cmake
[12.195s] -- Installing: /home/isg/workspace/denso_ros2_ws/src/install/bcap_service_interfaces/share/bcap_service_interfaces/cmake/bcap_service_interfaces__rosidl_typesupport_introspection_cExport-release.cmake
[12.195s] -- Installing: /home/isg/workspace/denso_ros2_ws/src/install/bcap_service_interfaces/share/bcap_service_interfaces/cmake/bcap_service_interfaces__rosidl_typesupport_cExport.cmake
[12.195s] -- Installing: /home/isg/workspace/denso_ros2_ws/src/install/bcap_service_interfaces/share/bcap_service_interfaces/cmake/bcap_service_interfaces__rosidl_typesupport_cExport-release.cmake
[12.195s] -- Installing: /home/isg/workspace/denso_ros2_ws/src/install/bcap_service_interfaces/share/bcap_service_interfaces/cmake/export_bcap_service_interfaces__rosidl_generator_cppExport.cmake
[12.195s] -- Installing: /home/isg/workspace/denso_ros2_ws/src/install/bcap_service_interfaces/share/bcap_service_interfaces/cmake/export_bcap_service_interfaces__rosidl_typesupport_fastrtps_cppExport.cmake
[12.195s] -- Installing: /home/isg/workspace/denso_ros2_ws/src/install/bcap_service_interfaces/share/bcap_service_interfaces/cmake/export_bcap_service_interfaces__rosidl_typesupport_fastrtps_cppExport-release.cmake
[12.196s] -- Installing: /home/isg/workspace/denso_ros2_ws/src/install/bcap_service_interfaces/share/bcap_service_interfaces/cmake/bcap_service_interfaces__rosidl_typesupport_introspection_cppExport.cmake
[12.196s] -- Installing: /home/isg/workspace/denso_ros2_ws/src/install/bcap_service_interfaces/share/bcap_service_interfaces/cmake/bcap_service_interfaces__rosidl_typesupport_introspection_cppExport-release.cmake
[12.196s] -- Installing: /home/isg/workspace/denso_ros2_ws/src/install/bcap_service_interfaces/share/bcap_service_interfaces/cmake/bcap_service_interfaces__rosidl_typesupport_cppExport.cmake
[12.196s] -- Installing: /home/isg/workspace/denso_ros2_ws/src/install/bcap_service_interfaces/share/bcap_service_interfaces/cmake/bcap_service_interfaces__rosidl_typesupport_cppExport-release.cmake
[12.196s] -- Installing: /home/isg/workspace/denso_ros2_ws/src/install/bcap_service_interfaces/share/bcap_service_interfaces/cmake/export_bcap_service_interfaces__rosidl_generator_pyExport.cmake
[12.196s] -- Installing: /home/isg/workspace/denso_ros2_ws/src/install/bcap_service_interfaces/share/bcap_service_interfaces/cmake/export_bcap_service_interfaces__rosidl_generator_pyExport-release.cmake
[12.197s] -- Installing: /home/isg/workspace/denso_ros2_ws/src/install/bcap_service_interfaces/share/bcap_service_interfaces/cmake/rosidl_cmake-extras.cmake
[12.197s] -- Installing: /home/isg/workspace/denso_ros2_ws/src/install/bcap_service_interfaces/share/bcap_service_interfaces/cmake/ament_cmake_export_include_directories-extras.cmake
[12.197s] -- Installing: /home/isg/workspace/denso_ros2_ws/src/install/bcap_service_interfaces/share/bcap_service_interfaces/cmake/ament_cmake_export_libraries-extras.cmake
[12.197s] -- Installing: /home/isg/workspace/denso_ros2_ws/src/install/bcap_service_interfaces/share/bcap_service_interfaces/cmake/ament_cmake_export_targets-extras.cmake
[12.197s] -- Installing: /home/isg/workspace/denso_ros2_ws/src/install/bcap_service_interfaces/share/bcap_service_interfaces/cmake/rosidl_cmake_export_typesupport_targets-extras.cmake
[12.197s] -- Installing: /home/isg/workspace/denso_ros2_ws/src/install/bcap_service_interfaces/share/bcap_service_interfaces/cmake/ament_cmake_export_dependencies-extras.cmake
[12.197s] -- Installing: /home/isg/workspace/denso_ros2_ws/src/install/bcap_service_interfaces/share/bcap_service_interfaces/cmake/rosidl_cmake_export_typesupport_libraries-extras.cmake
[12.198s] -- Installing: /home/isg/workspace/denso_ros2_ws/src/install/bcap_service_interfaces/share/bcap_service_interfaces/cmake/bcap_service_interfacesConfig.cmake
[12.198s] -- Installing: /home/isg/workspace/denso_ros2_ws/src/install/bcap_service_interfaces/share/bcap_service_interfaces/cmake/bcap_service_interfacesConfig-version.cmake
[12.198s] -- Installing: /home/isg/workspace/denso_ros2_ws/src/install/bcap_service_interfaces/share/bcap_service_interfaces/package.xml
[12.201s] Invoked command in '/home/isg/workspace/denso_ros2_ws/src/build/bcap_service_interfaces' returned '0': AMENT_PREFIX_PATH=/home/isg/workspace/denso_ros2_ws/src/install/bcap_core:${AMENT_PREFIX_PATH} CMAKE_PREFIX_PATH=/home/isg/workspace/denso_ros2_ws/src/install/bcap_core:/opt/ros/humble LD_LIBRARY_PATH=/home/isg/workspace/denso_ros2_ws/src/install/bcap_core/lib:${LD_LIBRARY_PATH} /usr/bin/cmake --install /home/isg/workspace/denso_ros2_ws/src/build/bcap_service_interfaces
