[0.130s] Invoking command in '/home/isg/workspace/denso_ros2_ws/src/build/ros2_control_demo_example_8': AMENT_PREFIX_PATH=/home/isg/workspace/denso_ros2_ws/src/install/ros2_control_demo_description:${AMENT_PREFIX_PATH} CMAKE_PREFIX_PATH=/home/isg/workspace/denso_ros2_ws/src/install/ros2_control_demo_description:/opt/ros/humble /usr/bin/cmake /home/isg/workspace/denso_ros2_ws/src/ros2_control_demos/example_8 -DCMAKE_BUILD_TYPE=Release -DCMAKE_INSTALL_PREFIX=/home/isg/workspace/denso_ros2_ws/src/install/ros2_control_demo_example_8
[2.937s] -- The CXX compiler identification is GNU 11.4.0
[2.937s] -- Detecting CXX compiler ABI info
[2.937s] -- Detecting CXX compiler ABI info - done
[2.937s] -- Check for working CXX compiler: /usr/bin/c++ - skipped
[2.937s] -- Detecting CXX compile features
[2.937s] -- Detecting CXX compile features - done
[2.937s] -- Found ament_cmake: 1.3.12 (/opt/ros/humble/share/ament_cmake/cmake)
[2.937s] -- Found Python3: /usr/bin/python3 (found version "3.10.12") found components: Interpreter 
[2.937s] -- Found hardware_interface: 2.51.0 (/opt/ros/humble/share/hardware_interface/cmake)
[2.937s] -- Found rosidl_generator_c: 3.1.7 (/opt/ros/humble/share/rosidl_generator_c/cmake)
[2.938s] -- Found rosidl_adapter: 3.1.7 (/opt/ros/humble/share/rosidl_adapter/cmake)
[2.938s] -- Found rosidl_generator_cpp: 3.1.7 (/opt/ros/humble/share/rosidl_generator_cpp/cmake)
[2.938s] -- Using all available rosidl_typesupport_c: rosidl_typesupport_fastrtps_c;rosidl_typesupport_introspection_c
[2.938s] -- Using all available rosidl_typesupport_cpp: rosidl_typesupport_fastrtps_cpp;rosidl_typesupport_introspection_cpp
[2.938s] -- Found rmw_implementation_cmake: 6.1.2 (/opt/ros/humble/share/rmw_implementation_cmake/cmake)
[2.938s] -- Found rmw_fastrtps_cpp: 6.2.8 (/opt/ros/humble/share/rmw_fastrtps_cpp/cmake)
[2.938s] -- Found TinyXML2 via Config file: TinyXML2_DIR-NOTFOUND
[2.938s] -- Found OpenSSL: /usr/lib/x86_64-linux-gnu/libcrypto.so (found version "3.0.2")  
[2.938s] -- Found TinyXML2 via Config file: TinyXML2_DIR-NOTFOUND
[2.938s] -- Found FastRTPS: /opt/ros/humble/include  
[2.938s] -- Found TinyXML2 via Config file: TinyXML2_DIR-NOTFOUND
[2.938s] -- Found TinyXML2 via Config file: TinyXML2_DIR-NOTFOUND
[2.938s] -- Using RMW implementation 'rmw_fastrtps_cpp' as default
[2.938s] -- Looking for C++ include pthread.h
[2.938s] -- Looking for C++ include pthread.h - found
[2.938s] -- Performing Test CMAKE_HAVE_LIBC_PTHREAD
[2.938s] -- Performing Test CMAKE_HAVE_LIBC_PTHREAD - Success
[2.945s] -- Found Threads: TRUE  
[2.945s] -- Found transmission_interface: 2.51.0 (/opt/ros/humble/share/transmission_interface/cmake)
[2.945s] -- Found ament_cmake_pytest: 1.3.12 (/opt/ros/humble/share/ament_cmake_pytest/cmake)
[3.022s] -- Configuring done
[3.072s] -- Generating done
[3.079s] -- Build files have been written to: /home/isg/workspace/denso_ros2_ws/src/build/ros2_control_demo_example_8
[3.174s] Invoked command in '/home/isg/workspace/denso_ros2_ws/src/build/ros2_control_demo_example_8' returned '0': AMENT_PREFIX_PATH=/home/isg/workspace/denso_ros2_ws/src/install/ros2_control_demo_description:${AMENT_PREFIX_PATH} CMAKE_PREFIX_PATH=/home/isg/workspace/denso_ros2_ws/src/install/ros2_control_demo_description:/opt/ros/humble /usr/bin/cmake /home/isg/workspace/denso_ros2_ws/src/ros2_control_demos/example_8 -DCMAKE_BUILD_TYPE=Release -DCMAKE_INSTALL_PREFIX=/home/isg/workspace/denso_ros2_ws/src/install/ros2_control_demo_example_8
[3.183s] Invoking command in '/home/isg/workspace/denso_ros2_ws/src/build/ros2_control_demo_example_8': AMENT_PREFIX_PATH=/home/isg/workspace/denso_ros2_ws/src/install/ros2_control_demo_description:${AMENT_PREFIX_PATH} CMAKE_PREFIX_PATH=/home/isg/workspace/denso_ros2_ws/src/install/ros2_control_demo_description:/opt/ros/humble /usr/bin/cmake --build /home/isg/workspace/denso_ros2_ws/src/build/ros2_control_demo_example_8 -- -j16 -l16
[3.304s] [ 50%] [32mBuilding CXX object CMakeFiles/ros2_control_demo_example_8.dir/hardware/rrbot_transmissions_system_position_only.cpp.o[0m
[9.651s] [100%] [32m[1mLinking CXX shared library libros2_control_demo_example_8.so[0m
[10.124s] [100%] Built target ros2_control_demo_example_8
[10.162s] Invoked command in '/home/isg/workspace/denso_ros2_ws/src/build/ros2_control_demo_example_8' returned '0': AMENT_PREFIX_PATH=/home/isg/workspace/denso_ros2_ws/src/install/ros2_control_demo_description:${AMENT_PREFIX_PATH} CMAKE_PREFIX_PATH=/home/isg/workspace/denso_ros2_ws/src/install/ros2_control_demo_description:/opt/ros/humble /usr/bin/cmake --build /home/isg/workspace/denso_ros2_ws/src/build/ros2_control_demo_example_8 -- -j16 -l16
[10.167s] Invoking command in '/home/isg/workspace/denso_ros2_ws/src/build/ros2_control_demo_example_8': AMENT_PREFIX_PATH=/home/isg/workspace/denso_ros2_ws/src/install/ros2_control_demo_description:${AMENT_PREFIX_PATH} CMAKE_PREFIX_PATH=/home/isg/workspace/denso_ros2_ws/src/install/ros2_control_demo_description:/opt/ros/humble /usr/bin/cmake --install /home/isg/workspace/denso_ros2_ws/src/build/ros2_control_demo_example_8
[12.637s] -- Install configuration: "Release"
[12.640s] -- Installing: /home/isg/workspace/denso_ros2_ws/src/install/ros2_control_demo_example_8/share/ros2_control_demo_example_8/ros2_control_demo_example_8.xml
[12.640s] -- Installing: /home/isg/workspace/denso_ros2_ws/src/install/ros2_control_demo_example_8/include/ros2_control_demo_example_8
[12.644s] -- Installing: /home/isg/workspace/denso_ros2_ws/src/install/ros2_control_demo_example_8/include/ros2_control_demo_example_8/ros2_control_demo_example_8
[12.644s] -- Installing: /home/isg/workspace/denso_ros2_ws/src/install/ros2_control_demo_example_8/include/ros2_control_demo_example_8/ros2_control_demo_example_8/rrbot_transmissions_system_position_only.hpp
[12.645s] -- Installing: /home/isg/workspace/denso_ros2_ws/src/install/ros2_control_demo_example_8/share/ros2_control_demo_example_8/launch
[12.645s] -- Installing: /home/isg/workspace/denso_ros2_ws/src/install/ros2_control_demo_example_8/share/ros2_control_demo_example_8/launch/view_robot.launch.py
[12.645s] -- Installing: /home/isg/workspace/denso_ros2_ws/src/install/ros2_control_demo_example_8/share/ros2_control_demo_example_8/ros2_control
[12.646s] -- Installing: /home/isg/workspace/denso_ros2_ws/src/install/ros2_control_demo_example_8/share/ros2_control_demo_example_8/ros2_control/rrbot_transmissions_system_position_only.ros2_control.xacro
[12.647s] -- Installing: /home/isg/workspace/denso_ros2_ws/src/install/ros2_control_demo_example_8/share/ros2_control_demo_example_8/urdf
[12.647s] -- Installing: /home/isg/workspace/denso_ros2_ws/src/install/ros2_control_demo_example_8/share/ros2_control_demo_example_8/urdf/rrbot_transmissions_system_position_only.urdf.xacro
[12.647s] -- Up-to-date: /home/isg/workspace/denso_ros2_ws/src/install/ros2_control_demo_example_8/share/ros2_control_demo_example_8/launch
[12.647s] -- Installing: /home/isg/workspace/denso_ros2_ws/src/install/ros2_control_demo_example_8/share/ros2_control_demo_example_8/launch/rrbot_transmissions_system_position_only.launch.py
[12.647s] -- Installing: /home/isg/workspace/denso_ros2_ws/src/install/ros2_control_demo_example_8/share/ros2_control_demo_example_8/launch/test_forward_position_controller.launch.py
[12.647s] -- Installing: /home/isg/workspace/denso_ros2_ws/src/install/ros2_control_demo_example_8/share/ros2_control_demo_example_8/config
[12.647s] -- Installing: /home/isg/workspace/denso_ros2_ws/src/install/ros2_control_demo_example_8/share/ros2_control_demo_example_8/config/rrbot_forward_position_publisher.yaml
[12.647s] -- Installing: /home/isg/workspace/denso_ros2_ws/src/install/ros2_control_demo_example_8/share/ros2_control_demo_example_8/config/rrbot_controllers.yaml
[12.647s] -- Installing: /home/isg/workspace/denso_ros2_ws/src/install/ros2_control_demo_example_8/lib/libros2_control_demo_example_8.so
[12.647s] -- Set runtime path of "/home/isg/workspace/denso_ros2_ws/src/install/ros2_control_demo_example_8/lib/libros2_control_demo_example_8.so" to ""
[12.648s] -- Installing: /home/isg/workspace/denso_ros2_ws/src/install/ros2_control_demo_example_8/share/ros2_control_demo_example_8/environment/library_path.sh
[12.648s] -- Installing: /home/isg/workspace/denso_ros2_ws/src/install/ros2_control_demo_example_8/share/ros2_control_demo_example_8/environment/library_path.dsv
[12.648s] -- Installing: /home/isg/workspace/denso_ros2_ws/src/install/ros2_control_demo_example_8/share/ament_index/resource_index/package_run_dependencies/ros2_control_demo_example_8
[12.648s] -- Installing: /home/isg/workspace/denso_ros2_ws/src/install/ros2_control_demo_example_8/share/ament_index/resource_index/parent_prefix_path/ros2_control_demo_example_8
[12.648s] -- Installing: /home/isg/workspace/denso_ros2_ws/src/install/ros2_control_demo_example_8/share/ros2_control_demo_example_8/environment/ament_prefix_path.sh
[12.648s] -- Installing: /home/isg/workspace/denso_ros2_ws/src/install/ros2_control_demo_example_8/share/ros2_control_demo_example_8/environment/ament_prefix_path.dsv
[12.648s] -- Installing: /home/isg/workspace/denso_ros2_ws/src/install/ros2_control_demo_example_8/share/ros2_control_demo_example_8/environment/path.sh
[12.648s] -- Installing: /home/isg/workspace/denso_ros2_ws/src/install/ros2_control_demo_example_8/share/ros2_control_demo_example_8/environment/path.dsv
[12.648s] -- Installing: /home/isg/workspace/denso_ros2_ws/src/install/ros2_control_demo_example_8/share/ros2_control_demo_example_8/local_setup.bash
[12.648s] -- Installing: /home/isg/workspace/denso_ros2_ws/src/install/ros2_control_demo_example_8/share/ros2_control_demo_example_8/local_setup.sh
[12.648s] -- Installing: /home/isg/workspace/denso_ros2_ws/src/install/ros2_control_demo_example_8/share/ros2_control_demo_example_8/local_setup.zsh
[12.648s] -- Installing: /home/isg/workspace/denso_ros2_ws/src/install/ros2_control_demo_example_8/share/ros2_control_demo_example_8/local_setup.dsv
[12.648s] -- Installing: /home/isg/workspace/denso_ros2_ws/src/install/ros2_control_demo_example_8/share/ros2_control_demo_example_8/package.dsv
[12.648s] -- Installing: /home/isg/workspace/denso_ros2_ws/src/install/ros2_control_demo_example_8/share/ament_index/resource_index/packages/ros2_control_demo_example_8
[12.648s] -- Installing: /home/isg/workspace/denso_ros2_ws/src/install/ros2_control_demo_example_8/share/ament_index/resource_index/hardware_interface__pluginlib__plugin/ros2_control_demo_example_8
[12.648s] -- Installing: /home/isg/workspace/denso_ros2_ws/src/install/ros2_control_demo_example_8/share/ros2_control_demo_example_8/cmake/export_ros2_control_demo_example_8Export.cmake
[12.649s] -- Installing: /home/isg/workspace/denso_ros2_ws/src/install/ros2_control_demo_example_8/share/ros2_control_demo_example_8/cmake/export_ros2_control_demo_example_8Export-release.cmake
[12.649s] -- Installing: /home/isg/workspace/denso_ros2_ws/src/install/ros2_control_demo_example_8/share/ros2_control_demo_example_8/cmake/ament_cmake_export_targets-extras.cmake
[12.649s] -- Installing: /home/isg/workspace/denso_ros2_ws/src/install/ros2_control_demo_example_8/share/ros2_control_demo_example_8/cmake/ament_cmake_export_dependencies-extras.cmake
[12.649s] -- Installing: /home/isg/workspace/denso_ros2_ws/src/install/ros2_control_demo_example_8/share/ros2_control_demo_example_8/cmake/ros2_control_demo_example_8Config.cmake
[12.649s] -- Installing: /home/isg/workspace/denso_ros2_ws/src/install/ros2_control_demo_example_8/share/ros2_control_demo_example_8/cmake/ros2_control_demo_example_8Config-version.cmake
[12.649s] -- Installing: /home/isg/workspace/denso_ros2_ws/src/install/ros2_control_demo_example_8/share/ros2_control_demo_example_8/package.xml
[12.649s] Invoked command in '/home/isg/workspace/denso_ros2_ws/src/build/ros2_control_demo_example_8' returned '0': AMENT_PREFIX_PATH=/home/isg/workspace/denso_ros2_ws/src/install/ros2_control_demo_description:${AMENT_PREFIX_PATH} CMAKE_PREFIX_PATH=/home/isg/workspace/denso_ros2_ws/src/install/ros2_control_demo_description:/opt/ros/humble /usr/bin/cmake --install /home/isg/workspace/denso_ros2_ws/src/build/ros2_control_demo_example_8
