[0.121s] Invoking command in '/home/isg/workspace/denso_ros2_ws/src/build/ros2_control_demo_example_6': AMENT_PREFIX_PATH=/home/isg/workspace/denso_ros2_ws/src/install/ros2_control_demo_description:${AMENT_PREFIX_PATH} CMAKE_PREFIX_PATH=/home/isg/workspace/denso_ros2_ws/src/install/ros2_control_demo_description:/opt/ros/humble /usr/bin/cmake /home/isg/workspace/denso_ros2_ws/src/ros2_control_demos/example_6 -DCMAKE_BUILD_TYPE=Release -DCMAKE_INSTALL_PREFIX=/home/isg/workspace/denso_ros2_ws/src/install/ros2_control_demo_example_6
[2.583s] -- The CXX compiler identification is GNU 11.4.0
[2.583s] -- Detecting CXX compiler ABI info
[2.583s] -- Detecting CXX compiler ABI info - done
[2.583s] -- Check for working CXX compiler: /usr/bin/c++ - skipped
[2.583s] -- Detecting CXX compile features
[2.583s] -- Detecting CXX compile features - done
[2.583s] -- Found ament_cmake: 1.3.12 (/opt/ros/humble/share/ament_cmake/cmake)
[2.583s] -- Found Python3: /usr/bin/python3 (found version "3.10.12") found components: Interpreter 
[2.583s] -- Found hardware_interface: 2.51.0 (/opt/ros/humble/share/hardware_interface/cmake)
[2.583s] -- Found rosidl_generator_c: 3.1.7 (/opt/ros/humble/share/rosidl_generator_c/cmake)
[2.583s] -- Found rosidl_adapter: 3.1.7 (/opt/ros/humble/share/rosidl_adapter/cmake)
[2.583s] -- Found rosidl_generator_cpp: 3.1.7 (/opt/ros/humble/share/rosidl_generator_cpp/cmake)
[2.583s] -- Using all available rosidl_typesupport_c: rosidl_typesupport_fastrtps_c;rosidl_typesupport_introspection_c
[2.584s] -- Using all available rosidl_typesupport_cpp: rosidl_typesupport_fastrtps_cpp;rosidl_typesupport_introspection_cpp
[2.584s] -- Found rmw_implementation_cmake: 6.1.2 (/opt/ros/humble/share/rmw_implementation_cmake/cmake)
[2.584s] -- Found rmw_fastrtps_cpp: 6.2.8 (/opt/ros/humble/share/rmw_fastrtps_cpp/cmake)
[2.584s] -- Found TinyXML2 via Config file: TinyXML2_DIR-NOTFOUND
[2.584s] -- Found OpenSSL: /usr/lib/x86_64-linux-gnu/libcrypto.so (found version "3.0.2")  
[2.584s] -- Found TinyXML2 via Config file: TinyXML2_DIR-NOTFOUND
[2.584s] -- Found FastRTPS: /opt/ros/humble/include  
[2.584s] -- Found TinyXML2 via Config file: TinyXML2_DIR-NOTFOUND
[2.584s] -- Found TinyXML2 via Config file: TinyXML2_DIR-NOTFOUND
[2.584s] -- Using RMW implementation 'rmw_fastrtps_cpp' as default
[2.584s] -- Looking for C++ include pthread.h
[2.584s] -- Looking for C++ include pthread.h - found
[2.584s] -- Performing Test CMAKE_HAVE_LIBC_PTHREAD
[2.584s] -- Performing Test CMAKE_HAVE_LIBC_PTHREAD - Success
[2.584s] -- Found Threads: TRUE  
[2.585s] -- Found ament_cmake_pytest: 1.3.12 (/opt/ros/humble/share/ament_cmake_pytest/cmake)
[3.105s] -- Configuring done
[3.151s] -- Generating done
[3.179s] -- Build files have been written to: /home/isg/workspace/denso_ros2_ws/src/build/ros2_control_demo_example_6
[3.210s] Invoked command in '/home/isg/workspace/denso_ros2_ws/src/build/ros2_control_demo_example_6' returned '0': AMENT_PREFIX_PATH=/home/isg/workspace/denso_ros2_ws/src/install/ros2_control_demo_description:${AMENT_PREFIX_PATH} CMAKE_PREFIX_PATH=/home/isg/workspace/denso_ros2_ws/src/install/ros2_control_demo_description:/opt/ros/humble /usr/bin/cmake /home/isg/workspace/denso_ros2_ws/src/ros2_control_demos/example_6 -DCMAKE_BUILD_TYPE=Release -DCMAKE_INSTALL_PREFIX=/home/isg/workspace/denso_ros2_ws/src/install/ros2_control_demo_example_6
[3.212s] Invoking command in '/home/isg/workspace/denso_ros2_ws/src/build/ros2_control_demo_example_6': AMENT_PREFIX_PATH=/home/isg/workspace/denso_ros2_ws/src/install/ros2_control_demo_description:${AMENT_PREFIX_PATH} CMAKE_PREFIX_PATH=/home/isg/workspace/denso_ros2_ws/src/install/ros2_control_demo_description:/opt/ros/humble /usr/bin/cmake --build /home/isg/workspace/denso_ros2_ws/src/build/ros2_control_demo_example_6 -- -j16 -l16
[3.615s] [ 50%] [32mBuilding CXX object CMakeFiles/ros2_control_demo_example_6.dir/hardware/rrbot_actuator.cpp.o[0m
[12.837s] [100%] [32m[1mLinking CXX shared library libros2_control_demo_example_6.so[0m
[13.132s] [100%] Built target ros2_control_demo_example_6
[13.157s] Invoked command in '/home/isg/workspace/denso_ros2_ws/src/build/ros2_control_demo_example_6' returned '0': AMENT_PREFIX_PATH=/home/isg/workspace/denso_ros2_ws/src/install/ros2_control_demo_description:${AMENT_PREFIX_PATH} CMAKE_PREFIX_PATH=/home/isg/workspace/denso_ros2_ws/src/install/ros2_control_demo_description:/opt/ros/humble /usr/bin/cmake --build /home/isg/workspace/denso_ros2_ws/src/build/ros2_control_demo_example_6 -- -j16 -l16
[13.161s] Invoking command in '/home/isg/workspace/denso_ros2_ws/src/build/ros2_control_demo_example_6': AMENT_PREFIX_PATH=/home/isg/workspace/denso_ros2_ws/src/install/ros2_control_demo_description:${AMENT_PREFIX_PATH} CMAKE_PREFIX_PATH=/home/isg/workspace/denso_ros2_ws/src/install/ros2_control_demo_description:/opt/ros/humble /usr/bin/cmake --install /home/isg/workspace/denso_ros2_ws/src/build/ros2_control_demo_example_6
[13.172s] -- Install configuration: "Release"
[13.172s] -- Installing: /home/isg/workspace/denso_ros2_ws/src/install/ros2_control_demo_example_6/share/ros2_control_demo_example_6/ros2_control_demo_example_6.xml
[13.174s] -- Installing: /home/isg/workspace/denso_ros2_ws/src/install/ros2_control_demo_example_6/include/ros2_control_demo_example_6
[13.174s] -- Installing: /home/isg/workspace/denso_ros2_ws/src/install/ros2_control_demo_example_6/include/ros2_control_demo_example_6/ros2_control_demo_example_6
[13.174s] -- Installing: /home/isg/workspace/denso_ros2_ws/src/install/ros2_control_demo_example_6/include/ros2_control_demo_example_6/ros2_control_demo_example_6/rrbot_actuator.hpp
[13.174s] -- Installing: /home/isg/workspace/denso_ros2_ws/src/install/ros2_control_demo_example_6/share/ros2_control_demo_example_6/launch
[13.174s] -- Installing: /home/isg/workspace/denso_ros2_ws/src/install/ros2_control_demo_example_6/share/ros2_control_demo_example_6/launch/view_robot.launch.py
[13.174s] -- Installing: /home/isg/workspace/denso_ros2_ws/src/install/ros2_control_demo_example_6/share/ros2_control_demo_example_6/ros2_control
[13.174s] -- Installing: /home/isg/workspace/denso_ros2_ws/src/install/ros2_control_demo_example_6/share/ros2_control_demo_example_6/ros2_control/rrbot_modular_actuators.ros2_control.xacro
[13.174s] -- Installing: /home/isg/workspace/denso_ros2_ws/src/install/ros2_control_demo_example_6/share/ros2_control_demo_example_6/urdf
[13.175s] -- Installing: /home/isg/workspace/denso_ros2_ws/src/install/ros2_control_demo_example_6/share/ros2_control_demo_example_6/urdf/rrbot_modular_actuators.urdf.xacro
[13.175s] -- Up-to-date: /home/isg/workspace/denso_ros2_ws/src/install/ros2_control_demo_example_6/share/ros2_control_demo_example_6/launch
[13.175s] -- Installing: /home/isg/workspace/denso_ros2_ws/src/install/ros2_control_demo_example_6/share/ros2_control_demo_example_6/launch/rrbot_modular_actuators.launch.py
[13.175s] -- Installing: /home/isg/workspace/denso_ros2_ws/src/install/ros2_control_demo_example_6/share/ros2_control_demo_example_6/launch/test_forward_position_controller.launch.py
[13.175s] -- Installing: /home/isg/workspace/denso_ros2_ws/src/install/ros2_control_demo_example_6/share/ros2_control_demo_example_6/config
[13.175s] -- Installing: /home/isg/workspace/denso_ros2_ws/src/install/ros2_control_demo_example_6/share/ros2_control_demo_example_6/config/rrbot_forward_position_publisher.yaml
[13.175s] -- Installing: /home/isg/workspace/denso_ros2_ws/src/install/ros2_control_demo_example_6/share/ros2_control_demo_example_6/config/rrbot_modular_actuators.yaml
[13.175s] -- Installing: /home/isg/workspace/denso_ros2_ws/src/install/ros2_control_demo_example_6/lib/libros2_control_demo_example_6.so
[13.175s] -- Set runtime path of "/home/isg/workspace/denso_ros2_ws/src/install/ros2_control_demo_example_6/lib/libros2_control_demo_example_6.so" to ""
[13.179s] -- Installing: /home/isg/workspace/denso_ros2_ws/src/install/ros2_control_demo_example_6/share/ros2_control_demo_example_6/environment/library_path.sh
[13.179s] -- Installing: /home/isg/workspace/denso_ros2_ws/src/install/ros2_control_demo_example_6/share/ros2_control_demo_example_6/environment/library_path.dsv
[13.179s] -- Installing: /home/isg/workspace/denso_ros2_ws/src/install/ros2_control_demo_example_6/share/ament_index/resource_index/package_run_dependencies/ros2_control_demo_example_6
[13.179s] -- Installing: /home/isg/workspace/denso_ros2_ws/src/install/ros2_control_demo_example_6/share/ament_index/resource_index/parent_prefix_path/ros2_control_demo_example_6
[13.179s] -- Installing: /home/isg/workspace/denso_ros2_ws/src/install/ros2_control_demo_example_6/share/ros2_control_demo_example_6/environment/ament_prefix_path.sh
[13.179s] -- Installing: /home/isg/workspace/denso_ros2_ws/src/install/ros2_control_demo_example_6/share/ros2_control_demo_example_6/environment/ament_prefix_path.dsv
[13.180s] -- Installing: /home/isg/workspace/denso_ros2_ws/src/install/ros2_control_demo_example_6/share/ros2_control_demo_example_6/environment/path.sh
[13.180s] -- Installing: /home/isg/workspace/denso_ros2_ws/src/install/ros2_control_demo_example_6/share/ros2_control_demo_example_6/environment/path.dsv
[13.180s] -- Installing: /home/isg/workspace/denso_ros2_ws/src/install/ros2_control_demo_example_6/share/ros2_control_demo_example_6/local_setup.bash
[13.181s] -- Installing: /home/isg/workspace/denso_ros2_ws/src/install/ros2_control_demo_example_6/share/ros2_control_demo_example_6/local_setup.sh
[13.181s] -- Installing: /home/isg/workspace/denso_ros2_ws/src/install/ros2_control_demo_example_6/share/ros2_control_demo_example_6/local_setup.zsh
[13.181s] -- Installing: /home/isg/workspace/denso_ros2_ws/src/install/ros2_control_demo_example_6/share/ros2_control_demo_example_6/local_setup.dsv
[13.181s] -- Installing: /home/isg/workspace/denso_ros2_ws/src/install/ros2_control_demo_example_6/share/ros2_control_demo_example_6/package.dsv
[13.182s] -- Installing: /home/isg/workspace/denso_ros2_ws/src/install/ros2_control_demo_example_6/share/ament_index/resource_index/packages/ros2_control_demo_example_6
[13.182s] -- Installing: /home/isg/workspace/denso_ros2_ws/src/install/ros2_control_demo_example_6/share/ament_index/resource_index/hardware_interface__pluginlib__plugin/ros2_control_demo_example_6
[13.182s] -- Installing: /home/isg/workspace/denso_ros2_ws/src/install/ros2_control_demo_example_6/share/ros2_control_demo_example_6/cmake/export_ros2_control_demo_example_6Export.cmake
[13.182s] -- Installing: /home/isg/workspace/denso_ros2_ws/src/install/ros2_control_demo_example_6/share/ros2_control_demo_example_6/cmake/export_ros2_control_demo_example_6Export-release.cmake
[13.183s] -- Installing: /home/isg/workspace/denso_ros2_ws/src/install/ros2_control_demo_example_6/share/ros2_control_demo_example_6/cmake/ament_cmake_export_targets-extras.cmake
[13.183s] -- Installing: /home/isg/workspace/denso_ros2_ws/src/install/ros2_control_demo_example_6/share/ros2_control_demo_example_6/cmake/ament_cmake_export_dependencies-extras.cmake
[13.185s] -- Installing: /home/isg/workspace/denso_ros2_ws/src/install/ros2_control_demo_example_6/share/ros2_control_demo_example_6/cmake/ros2_control_demo_example_6Config.cmake
[13.186s] -- Installing: /home/isg/workspace/denso_ros2_ws/src/install/ros2_control_demo_example_6/share/ros2_control_demo_example_6/cmake/ros2_control_demo_example_6Config-version.cmake
[13.186s] -- Installing: /home/isg/workspace/denso_ros2_ws/src/install/ros2_control_demo_example_6/share/ros2_control_demo_example_6/package.xml
[13.190s] Invoked command in '/home/isg/workspace/denso_ros2_ws/src/build/ros2_control_demo_example_6' returned '0': AMENT_PREFIX_PATH=/home/isg/workspace/denso_ros2_ws/src/install/ros2_control_demo_description:${AMENT_PREFIX_PATH} CMAKE_PREFIX_PATH=/home/isg/workspace/denso_ros2_ws/src/install/ros2_control_demo_description:/opt/ros/humble /usr/bin/cmake --install /home/isg/workspace/denso_ros2_ws/src/build/ros2_control_demo_example_6
