[0.044s] Invoking command in '/home/isg/workspace/denso_ros2_ws/build/ros2_control_demo_description': CMAKE_PREFIX_PATH=${CMAKE_PREFIX_PATH}:/home/isg/workspace/denso_ros2_ws/src/install/denso_robot_description_installer:/opt/ros/humble /usr/bin/cmake /home/isg/workspace/denso_ros2_ws/src/ros2_control_demos/ros2_control_demo_description -DAMENT_CMAKE_SYMLINK_INSTALL=1 -DCMAKE_INSTALL_PREFIX=/home/isg/workspace/denso_ros2_ws/install/ros2_control_demo_description
[0.493s] -- The C compiler identification is GNU 11.4.0
[0.493s] -- The CXX compiler identification is GNU 11.4.0
[0.493s] -- Detecting C compiler ABI info
[0.493s] -- Detecting C compiler ABI info - done
[0.493s] -- Check for working C compiler: /usr/bin/cc - skipped
[0.493s] -- Detecting C compile features
[0.493s] -- Detecting C compile features - done
[0.493s] -- Detecting CXX compiler ABI info
[0.493s] -- Detecting CXX compiler ABI info - done
[0.493s] -- Check for working CXX compiler: /usr/bin/c++ - skipped
[0.493s] -- Detecting CXX compile features
[0.494s] -- Detecting CXX compile features - done
[0.494s] -- Found ament_cmake: 1.3.12 (/opt/ros/humble/share/ament_cmake/cmake)
[0.501s] -- Found Python3: /usr/bin/python3 (found version "3.10.12") found components: Interpreter 
[0.554s] -- Override CMake install command with custom implementation using symlinks instead of copying resources
[0.689s] -- Configuring done
[0.692s] -- Generating done
[0.693s] -- Build files have been written to: /home/isg/workspace/denso_ros2_ws/build/ros2_control_demo_description
[0.697s] Invoked command in '/home/isg/workspace/denso_ros2_ws/build/ros2_control_demo_description' returned '0': CMAKE_PREFIX_PATH=${CMAKE_PREFIX_PATH}:/home/isg/workspace/denso_ros2_ws/src/install/denso_robot_description_installer:/opt/ros/humble /usr/bin/cmake /home/isg/workspace/denso_ros2_ws/src/ros2_control_demos/ros2_control_demo_description -DAMENT_CMAKE_SYMLINK_INSTALL=1 -DCMAKE_INSTALL_PREFIX=/home/isg/workspace/denso_ros2_ws/install/ros2_control_demo_description
[0.699s] Invoking command in '/home/isg/workspace/denso_ros2_ws/build/ros2_control_demo_description': CMAKE_PREFIX_PATH=${CMAKE_PREFIX_PATH}:/home/isg/workspace/denso_ros2_ws/src/install/denso_robot_description_installer:/opt/ros/humble /usr/bin/cmake --build /home/isg/workspace/denso_ros2_ws/build/ros2_control_demo_description -- -j16 -l16
[0.750s] Invoked command in '/home/isg/workspace/denso_ros2_ws/build/ros2_control_demo_description' returned '0': CMAKE_PREFIX_PATH=${CMAKE_PREFIX_PATH}:/home/isg/workspace/denso_ros2_ws/src/install/denso_robot_description_installer:/opt/ros/humble /usr/bin/cmake --build /home/isg/workspace/denso_ros2_ws/build/ros2_control_demo_description -- -j16 -l16
[0.762s] Invoking command in '/home/isg/workspace/denso_ros2_ws/build/ros2_control_demo_description': CMAKE_PREFIX_PATH=${CMAKE_PREFIX_PATH}:/home/isg/workspace/denso_ros2_ws/src/install/denso_robot_description_installer:/opt/ros/humble /usr/bin/cmake --install /home/isg/workspace/denso_ros2_ws/build/ros2_control_demo_description
[0.771s] -- Install configuration: ""
[0.771s] -- Execute custom install script
[0.772s] -- Symlinking: /home/isg/workspace/denso_ros2_ws/install/ros2_control_demo_description/share/ros2_control_demo_description/rrbot/urdf/rrbot.materials.xacro
[0.784s] -- Symlinking: /home/isg/workspace/denso_ros2_ws/install/ros2_control_demo_description/share/ros2_control_demo_description/rrbot/urdf/rrbot_description.urdf.xacro
[0.796s] -- Symlinking: /home/isg/workspace/denso_ros2_ws/install/ros2_control_demo_description/share/ros2_control_demo_description/rrbot/rviz/rrbot.rviz
[0.809s] -- Symlinking: /home/isg/workspace/denso_ros2_ws/install/ros2_control_demo_description/share/ros2_control_demo_description/diffbot/urdf/diffbot.materials.xacro
[0.820s] -- Symlinking: /home/isg/workspace/denso_ros2_ws/install/ros2_control_demo_description/share/ros2_control_demo_description/diffbot/urdf/diffbot_description.urdf.xacro
[0.833s] -- Symlinking: /home/isg/workspace/denso_ros2_ws/install/ros2_control_demo_description/share/ros2_control_demo_description/diffbot/rviz/diffbot.rviz
[0.850s] -- Symlinking: /home/isg/workspace/denso_ros2_ws/install/ros2_control_demo_description/share/ros2_control_demo_description/diffbot/rviz/diffbot_view.rviz
[0.870s] -- Symlinking: /home/isg/workspace/denso_ros2_ws/install/ros2_control_demo_description/share/ros2_control_demo_description/carlikebot/urdf/carlikebot.materials.xacro
[0.907s] -- Symlinking: /home/isg/workspace/denso_ros2_ws/install/ros2_control_demo_description/share/ros2_control_demo_description/carlikebot/urdf/carlikebot_description.urdf.xacro
[0.937s] -- Symlinking: /home/isg/workspace/denso_ros2_ws/install/ros2_control_demo_description/share/ros2_control_demo_description/carlikebot/rviz/carlikebot.rviz
[0.971s] -- Symlinking: /home/isg/workspace/denso_ros2_ws/install/ros2_control_demo_description/share/ros2_control_demo_description/carlikebot/rviz/carlikebot_view.rviz
[1.002s] -- Symlinking: /home/isg/workspace/denso_ros2_ws/install/ros2_control_demo_description/share/ros2_control_demo_description/r3bot/urdf/threedofbot_description.urdf.xacro
[1.026s] -- Symlinking: /home/isg/workspace/denso_ros2_ws/install/ros2_control_demo_description/share/ros2_control_demo_description/r6bot/meshes/collision/link_0.stl
[1.044s] -- Symlinking: /home/isg/workspace/denso_ros2_ws/install/ros2_control_demo_description/share/ros2_control_demo_description/r6bot/meshes/collision/link_1.stl
[1.059s] -- Symlinking: /home/isg/workspace/denso_ros2_ws/install/ros2_control_demo_description/share/ros2_control_demo_description/r6bot/meshes/collision/link_2.stl
[1.070s] -- Symlinking: /home/isg/workspace/denso_ros2_ws/install/ros2_control_demo_description/share/ros2_control_demo_description/r6bot/meshes/collision/link_3.stl
[1.081s] -- Symlinking: /home/isg/workspace/denso_ros2_ws/install/ros2_control_demo_description/share/ros2_control_demo_description/r6bot/meshes/collision/link_4.stl
[1.096s] -- Symlinking: /home/isg/workspace/denso_ros2_ws/install/ros2_control_demo_description/share/ros2_control_demo_description/r6bot/meshes/collision/link_5.stl
[1.109s] -- Symlinking: /home/isg/workspace/denso_ros2_ws/install/ros2_control_demo_description/share/ros2_control_demo_description/r6bot/meshes/collision/link_6.stl
[1.120s] -- Symlinking: /home/isg/workspace/denso_ros2_ws/install/ros2_control_demo_description/share/ros2_control_demo_description/r6bot/meshes/visual/link_0.dae
[1.131s] -- Symlinking: /home/isg/workspace/denso_ros2_ws/install/ros2_control_demo_description/share/ros2_control_demo_description/r6bot/meshes/visual/link_1.dae
[1.142s] -- Symlinking: /home/isg/workspace/denso_ros2_ws/install/ros2_control_demo_description/share/ros2_control_demo_description/r6bot/meshes/visual/link_2.dae
[1.153s] -- Symlinking: /home/isg/workspace/denso_ros2_ws/install/ros2_control_demo_description/share/ros2_control_demo_description/r6bot/meshes/visual/link_3.dae
[1.164s] -- Symlinking: /home/isg/workspace/denso_ros2_ws/install/ros2_control_demo_description/share/ros2_control_demo_description/r6bot/meshes/visual/link_4.dae
[1.175s] -- Symlinking: /home/isg/workspace/denso_ros2_ws/install/ros2_control_demo_description/share/ros2_control_demo_description/r6bot/meshes/visual/link_5.dae
[1.185s] -- Symlinking: /home/isg/workspace/denso_ros2_ws/install/ros2_control_demo_description/share/ros2_control_demo_description/r6bot/meshes/visual/link_6.dae
[1.198s] -- Symlinking: /home/isg/workspace/denso_ros2_ws/install/ros2_control_demo_description/share/ros2_control_demo_description/r6bot/srdf/r6bot.srdf
[1.210s] -- Symlinking: /home/isg/workspace/denso_ros2_ws/install/ros2_control_demo_description/share/ros2_control_demo_description/r6bot/urdf/inc/create_link.xacro
[1.222s] -- Symlinking: /home/isg/workspace/denso_ros2_ws/install/ros2_control_demo_description/share/ros2_control_demo_description/r6bot/urdf/r6bot_description.urdf.xacro
[1.234s] -- Symlinking: /home/isg/workspace/denso_ros2_ws/install/ros2_control_demo_description/share/ros2_control_demo_description/r6bot/rviz/view_robot.rviz
[1.246s] -- Symlinking: /home/isg/workspace/denso_ros2_ws/install/ros2_control_demo_description/share/ament_index/resource_index/package_run_dependencies/ros2_control_demo_description
[1.259s] -- Symlinking: /home/isg/workspace/denso_ros2_ws/install/ros2_control_demo_description/share/ament_index/resource_index/parent_prefix_path/ros2_control_demo_description
[1.269s] -- Symlinking: /home/isg/workspace/denso_ros2_ws/install/ros2_control_demo_description/share/ros2_control_demo_description/environment/ament_prefix_path.sh
[1.280s] -- Symlinking: /home/isg/workspace/denso_ros2_ws/install/ros2_control_demo_description/share/ros2_control_demo_description/environment/ament_prefix_path.dsv
[1.292s] -- Symlinking: /home/isg/workspace/denso_ros2_ws/install/ros2_control_demo_description/share/ros2_control_demo_description/environment/path.sh
[1.304s] -- Symlinking: /home/isg/workspace/denso_ros2_ws/install/ros2_control_demo_description/share/ros2_control_demo_description/environment/path.dsv
[1.318s] -- Symlinking: /home/isg/workspace/denso_ros2_ws/install/ros2_control_demo_description/share/ros2_control_demo_description/local_setup.bash
[1.329s] -- Symlinking: /home/isg/workspace/denso_ros2_ws/install/ros2_control_demo_description/share/ros2_control_demo_description/local_setup.sh
[1.340s] -- Symlinking: /home/isg/workspace/denso_ros2_ws/install/ros2_control_demo_description/share/ros2_control_demo_description/local_setup.zsh
[1.351s] -- Symlinking: /home/isg/workspace/denso_ros2_ws/install/ros2_control_demo_description/share/ros2_control_demo_description/local_setup.dsv
[1.362s] -- Symlinking: /home/isg/workspace/denso_ros2_ws/install/ros2_control_demo_description/share/ros2_control_demo_description/package.dsv
[1.374s] -- Symlinking: /home/isg/workspace/denso_ros2_ws/install/ros2_control_demo_description/share/ament_index/resource_index/packages/ros2_control_demo_description
[1.384s] -- Symlinking: /home/isg/workspace/denso_ros2_ws/install/ros2_control_demo_description/share/ros2_control_demo_description/cmake/ros2_control_demo_descriptionConfig.cmake
[1.395s] -- Symlinking: /home/isg/workspace/denso_ros2_ws/install/ros2_control_demo_description/share/ros2_control_demo_description/cmake/ros2_control_demo_descriptionConfig-version.cmake
[1.405s] -- Symlinking: /home/isg/workspace/denso_ros2_ws/install/ros2_control_demo_description/share/ros2_control_demo_description/package.xml
[1.420s] Invoked command in '/home/isg/workspace/denso_ros2_ws/build/ros2_control_demo_description' returned '0': CMAKE_PREFIX_PATH=${CMAKE_PREFIX_PATH}:/home/isg/workspace/denso_ros2_ws/src/install/denso_robot_description_installer:/opt/ros/humble /usr/bin/cmake --install /home/isg/workspace/denso_ros2_ws/build/ros2_control_demo_description
