[0.006s] Invoking command in '/home/isg/workspace/denso_ros2_ws/build/bcap_service_interfaces': AMENT_PREFIX_PATH=/home/isg/workspace/denso_ros2_ws/install/bcap_core:${AMENT_PREFIX_PATH} CMAKE_PREFIX_PATH=/home/isg/workspace/denso_ros2_ws/install/bcap_core:/home/isg/workspace/denso_ros2_ws/src/install/ros2_control_demos:/home/isg/workspace/denso_ros2_ws/src/install/ros2_control_demo_example_9:/home/isg/workspace/denso_ros2_ws/src/install/ros2_control_demo_example_8:/home/isg/workspace/denso_ros2_ws/src/install/ros2_control_demo_example_7:/home/isg/workspace/denso_ros2_ws/src/install/ros2_control_demo_example_6:/home/isg/workspace/denso_ros2_ws/src/install/ros2_control_demo_example_15:/home/isg/workspace/denso_ros2_ws/src/install/ros2_control_demo_example_13:/home/isg/workspace/denso_ros2_ws/src/install/ros2_control_demo_example_5:/home/isg/workspace/denso_ros2_ws/src/install/ros2_control_demo_example_4:/home/isg/workspace/denso_ros2_ws/src/install/ros2_control_demo_example_3:/home/isg/workspace/denso_ros2_ws/src/install/ros2_control_demo_example_2:/home/isg/workspace/denso_ros2_ws/src/install/ros2_control_demo_example_14:/home/isg/workspace/denso_ros2_ws/src/install/ros2_control_demo_example_12:/home/isg/workspace/denso_ros2_ws/src/install/ros2_control_demo_example_11:/home/isg/workspace/denso_ros2_ws/src/install/ros2_control_demo_example_10:/home/isg/workspace/denso_ros2_ws/src/install/ros2_control_demo_example_1:/home/isg/workspace/denso_ros2_ws/src/install/ros2_control_demo_description:/home/isg/workspace/denso_ros2_ws/src/install/gazebo_ros2_control_demos:/home/isg/workspace/denso_ros2_ws/src/install/denso_robot_bringup:/home/isg/workspace/denso_ros2_ws/src/install/gazebo_ros2_control:/home/isg/workspace/denso_ros2_ws/src/install/denso_robot_moveit_demo:/home/isg/workspace/denso_ros2_ws/src/install/denso_robot_moveit_config:/home/isg/workspace/denso_ros2_ws/src/install/denso_robot_descriptions:/home/isg/workspace/denso_ros2_ws/src/install/denso_robot_control:/home/isg/workspace/denso_ros2_ws/src/install/denso_robot_core:/home/isg/workspace/denso_ros2_ws/src/install/denso_robot_core_interfaces:/home/isg/workspace/denso_ros2_ws/src/install/bcap_service:/home/isg/workspace/denso_ros2_ws/src/install/bcap_service_interfaces:/home/isg/workspace/denso_ros2_ws/src/install/bcap_core:/home/isg/workspace/denso_ros2_ws/src/install/denso_robot_description_installer:/opt/ros/humble LD_LIBRARY_PATH=/home/isg/workspace/denso_ros2_ws/install/bcap_core/lib:${LD_LIBRARY_PATH} /usr/bin/cmake /home/isg/workspace/denso_ros2_ws/src/denso_robot_drivers_ros2/bcap_service_interfaces -DAMENT_CMAKE_SYMLINK_INSTALL=1 -DCMAKE_INSTALL_PREFIX=/home/isg/workspace/denso_ros2_ws/install/bcap_service_interfaces
[3.477s] -- The C compiler identification is GNU 11.4.0
[3.477s] -- The CXX compiler identification is GNU 11.4.0
[3.477s] -- Detecting C compiler ABI info
[3.478s] -- Detecting C compiler ABI info - done
[3.478s] -- Check for working C compiler: /usr/bin/cc - skipped
[3.478s] -- Detecting C compile features
[3.478s] -- Detecting C compile features - done
[3.478s] -- Detecting CXX compiler ABI info
[3.478s] -- Detecting CXX compiler ABI info - done
[3.478s] -- Check for working CXX compiler: /usr/bin/c++ - skipped
[3.478s] -- Detecting CXX compile features
[3.478s] -- Detecting CXX compile features - done
[3.478s] -- Found ament_cmake: 1.3.12 (/opt/ros/humble/share/ament_cmake/cmake)
[3.478s] -- Found Python3: /usr/bin/python3 (found version "3.10.12") found components: Interpreter 
[3.478s] -- Override CMake install command with custom implementation using symlinks instead of copying resources
[3.478s] -- Found rosidl_default_generators: 1.2.0 (/opt/ros/humble/share/rosidl_default_generators/cmake)
[3.478s] -- Using all available rosidl_typesupport_c: rosidl_typesupport_fastrtps_c;rosidl_typesupport_introspection_c
[3.479s] -- Found rosidl_adapter: 3.1.7 (/opt/ros/humble/share/rosidl_adapter/cmake)
[3.479s] -- Using all available rosidl_typesupport_cpp: rosidl_typesupport_fastrtps_cpp;rosidl_typesupport_introspection_cpp
[3.479s] -- Found bcap_core: 1.2.0 (/home/isg/workspace/denso_ros2_ws/install/bcap_core/share/bcap_core/cmake)
[3.479s] -- Found std_msgs: 4.9.0 (/opt/ros/humble/share/std_msgs/cmake)
[3.479s] -- Found rclcpp: 16.0.14 (/opt/ros/humble/share/rclcpp/cmake)
[3.479s] -- Found rmw_implementation_cmake: 6.1.2 (/opt/ros/humble/share/rmw_implementation_cmake/cmake)
[3.479s] -- Found rmw_fastrtps_cpp: 6.2.8 (/opt/ros/humble/share/rmw_fastrtps_cpp/cmake)
[3.481s] -- Found OpenSSL: /usr/lib/x86_64-linux-gnu/libcrypto.so (found version "3.0.2")  
[3.481s] -- Found FastRTPS: /opt/ros/humble/include  
[3.481s] -- Using RMW implementation 'rmw_fastrtps_cpp' as default
[3.481s] -- Looking for pthread.h
[3.481s] -- Looking for pthread.h - found
[3.481s] -- Performing Test CMAKE_HAVE_LIBC_PTHREAD
[3.481s] -- Performing Test CMAKE_HAVE_LIBC_PTHREAD - Success
[3.481s] -- Found Threads: TRUE  
[3.481s] -- Found ament_cmake_ros: 0.10.0 (/opt/ros/humble/share/ament_cmake_ros/cmake)
[3.482s] -- Using all available rosidl_typesupport_c: rosidl_typesupport_fastrtps_c;rosidl_typesupport_introspection_c
[3.482s] -- Using all available rosidl_typesupport_cpp: rosidl_typesupport_fastrtps_cpp;rosidl_typesupport_introspection_cpp
[3.482s] -- Found PythonInterp: /usr/bin/python3 (found suitable version "3.10.12", minimum required is "3.6") 
[3.482s] -- Found python_cmake_module: 0.10.0 (/opt/ros/humble/share/python_cmake_module/cmake)
[3.482s] -- Found PythonLibs: /usr/lib/x86_64-linux-gnu/libpython3.10.so (found suitable version "3.10.12", minimum required is "3.5") 
[3.482s] -- Using PYTHON_EXECUTABLE: /usr/bin/python3
[3.482s] -- Using PYTHON_INCLUDE_DIRS: /usr/include/python3.10
[3.482s] -- Using PYTHON_LIBRARIES: /usr/lib/x86_64-linux-gnu/libpython3.10.so
[3.482s] -- Found PythonExtra: .so  
[3.548s] -- Found ament_lint_auto: 0.12.14 (/opt/ros/humble/share/ament_lint_auto/cmake)
[3.636s] -- Added test 'copyright' to check source files copyright and LICENSE
[3.641s] -- Added test 'lint_cmake' to check CMake code style
[3.641s] -- Added test 'xmllint' to check XML markup files
[3.648s] -- Configuring done
[3.691s] -- Generating done
[3.704s] -- Build files have been written to: /home/isg/workspace/denso_ros2_ws/build/bcap_service_interfaces
[3.748s] Invoked command in '/home/isg/workspace/denso_ros2_ws/build/bcap_service_interfaces' returned '0': AMENT_PREFIX_PATH=/home/isg/workspace/denso_ros2_ws/install/bcap_core:${AMENT_PREFIX_PATH} CMAKE_PREFIX_PATH=/home/isg/workspace/denso_ros2_ws/install/bcap_core:/home/isg/workspace/denso_ros2_ws/src/install/ros2_control_demos:/home/isg/workspace/denso_ros2_ws/src/install/ros2_control_demo_example_9:/home/isg/workspace/denso_ros2_ws/src/install/ros2_control_demo_example_8:/home/isg/workspace/denso_ros2_ws/src/install/ros2_control_demo_example_7:/home/isg/workspace/denso_ros2_ws/src/install/ros2_control_demo_example_6:/home/isg/workspace/denso_ros2_ws/src/install/ros2_control_demo_example_15:/home/isg/workspace/denso_ros2_ws/src/install/ros2_control_demo_example_13:/home/isg/workspace/denso_ros2_ws/src/install/ros2_control_demo_example_5:/home/isg/workspace/denso_ros2_ws/src/install/ros2_control_demo_example_4:/home/isg/workspace/denso_ros2_ws/src/install/ros2_control_demo_example_3:/home/isg/workspace/denso_ros2_ws/src/install/ros2_control_demo_example_2:/home/isg/workspace/denso_ros2_ws/src/install/ros2_control_demo_example_14:/home/isg/workspace/denso_ros2_ws/src/install/ros2_control_demo_example_12:/home/isg/workspace/denso_ros2_ws/src/install/ros2_control_demo_example_11:/home/isg/workspace/denso_ros2_ws/src/install/ros2_control_demo_example_10:/home/isg/workspace/denso_ros2_ws/src/install/ros2_control_demo_example_1:/home/isg/workspace/denso_ros2_ws/src/install/ros2_control_demo_description:/home/isg/workspace/denso_ros2_ws/src/install/gazebo_ros2_control_demos:/home/isg/workspace/denso_ros2_ws/src/install/denso_robot_bringup:/home/isg/workspace/denso_ros2_ws/src/install/gazebo_ros2_control:/home/isg/workspace/denso_ros2_ws/src/install/denso_robot_moveit_demo:/home/isg/workspace/denso_ros2_ws/src/install/denso_robot_moveit_config:/home/isg/workspace/denso_ros2_ws/src/install/denso_robot_descriptions:/home/isg/workspace/denso_ros2_ws/src/install/denso_robot_control:/home/isg/workspace/denso_ros2_ws/src/install/denso_robot_core:/home/isg/workspace/denso_ros2_ws/src/install/denso_robot_core_interfaces:/home/isg/workspace/denso_ros2_ws/src/install/bcap_service:/home/isg/workspace/denso_ros2_ws/src/install/bcap_service_interfaces:/home/isg/workspace/denso_ros2_ws/src/install/bcap_core:/home/isg/workspace/denso_ros2_ws/src/install/denso_robot_description_installer:/opt/ros/humble LD_LIBRARY_PATH=/home/isg/workspace/denso_ros2_ws/install/bcap_core/lib:${LD_LIBRARY_PATH} /usr/bin/cmake /home/isg/workspace/denso_ros2_ws/src/denso_robot_drivers_ros2/bcap_service_interfaces -DAMENT_CMAKE_SYMLINK_INSTALL=1 -DCMAKE_INSTALL_PREFIX=/home/isg/workspace/denso_ros2_ws/install/bcap_service_interfaces
[3.749s] Invoking command in '/home/isg/workspace/denso_ros2_ws/build/bcap_service_interfaces': AMENT_PREFIX_PATH=/home/isg/workspace/denso_ros2_ws/install/bcap_core:${AMENT_PREFIX_PATH} CMAKE_PREFIX_PATH=/home/isg/workspace/denso_ros2_ws/install/bcap_core:/home/isg/workspace/denso_ros2_ws/src/install/ros2_control_demos:/home/isg/workspace/denso_ros2_ws/src/install/ros2_control_demo_example_9:/home/isg/workspace/denso_ros2_ws/src/install/ros2_control_demo_example_8:/home/isg/workspace/denso_ros2_ws/src/install/ros2_control_demo_example_7:/home/isg/workspace/denso_ros2_ws/src/install/ros2_control_demo_example_6:/home/isg/workspace/denso_ros2_ws/src/install/ros2_control_demo_example_15:/home/isg/workspace/denso_ros2_ws/src/install/ros2_control_demo_example_13:/home/isg/workspace/denso_ros2_ws/src/install/ros2_control_demo_example_5:/home/isg/workspace/denso_ros2_ws/src/install/ros2_control_demo_example_4:/home/isg/workspace/denso_ros2_ws/src/install/ros2_control_demo_example_3:/home/isg/workspace/denso_ros2_ws/src/install/ros2_control_demo_example_2:/home/isg/workspace/denso_ros2_ws/src/install/ros2_control_demo_example_14:/home/isg/workspace/denso_ros2_ws/src/install/ros2_control_demo_example_12:/home/isg/workspace/denso_ros2_ws/src/install/ros2_control_demo_example_11:/home/isg/workspace/denso_ros2_ws/src/install/ros2_control_demo_example_10:/home/isg/workspace/denso_ros2_ws/src/install/ros2_control_demo_example_1:/home/isg/workspace/denso_ros2_ws/src/install/ros2_control_demo_description:/home/isg/workspace/denso_ros2_ws/src/install/gazebo_ros2_control_demos:/home/isg/workspace/denso_ros2_ws/src/install/denso_robot_bringup:/home/isg/workspace/denso_ros2_ws/src/install/gazebo_ros2_control:/home/isg/workspace/denso_ros2_ws/src/install/denso_robot_moveit_demo:/home/isg/workspace/denso_ros2_ws/src/install/denso_robot_moveit_config:/home/isg/workspace/denso_ros2_ws/src/install/denso_robot_descriptions:/home/isg/workspace/denso_ros2_ws/src/install/denso_robot_control:/home/isg/workspace/denso_ros2_ws/src/install/denso_robot_core:/home/isg/workspace/denso_ros2_ws/src/install/denso_robot_core_interfaces:/home/isg/workspace/denso_ros2_ws/src/install/bcap_service:/home/isg/workspace/denso_ros2_ws/src/install/bcap_service_interfaces:/home/isg/workspace/denso_ros2_ws/src/install/bcap_core:/home/isg/workspace/denso_ros2_ws/src/install/denso_robot_description_installer:/opt/ros/humble LD_LIBRARY_PATH=/home/isg/workspace/denso_ros2_ws/install/bcap_core/lib:${LD_LIBRARY_PATH} /usr/bin/cmake --build /home/isg/workspace/denso_ros2_ws/build/bcap_service_interfaces -- -j16 -l16
[11.121s] [  2%] [34m[1mGenerating C code for ROS interfaces[0m
[11.121s] [  5%] [34m[1mGenerating C++ code for ROS interfaces[0m
[11.121s] [  5%] Built target ament_cmake_python_symlink_bcap_service_interfaces
[11.121s] [  5%] Built target bcap_service_interfaces__cpp
[11.121s] [  7%] [34m[1mGenerating C++ type support dispatch for ROS interfaces[0m
[11.121s] [ 10%] [34m[1mGenerating C++ type support for eProsima Fast-RTPS[0m
[11.121s] [ 12%] [34m[1mGenerating C++ introspection for ROS interfaces[0m
[11.121s] running egg_info
[11.121s] creating bcap_service_interfaces.egg-info
[11.121s] writing bcap_service_interfaces.egg-info/PKG-INFO
[11.121s] writing dependency_links to bcap_service_interfaces.egg-info/dependency_links.txt
[11.121s] writing top-level names to bcap_service_interfaces.egg-info/top_level.txt
[11.122s] writing manifest file 'bcap_service_interfaces.egg-info/SOURCES.txt'
[11.122s] reading manifest file 'bcap_service_interfaces.egg-info/SOURCES.txt'
[11.122s] writing manifest file 'bcap_service_interfaces.egg-info/SOURCES.txt'
[11.122s] [ 15%] [32mBuilding C object CMakeFiles/bcap_service_interfaces__rosidl_generator_c.dir/rosidl_generator_c/bcap_service_interfaces/msg/detail/variant__functions.c.o[0m
[11.122s] [ 17%] [32mBuilding C object CMakeFiles/bcap_service_interfaces__rosidl_generator_c.dir/rosidl_generator_c/bcap_service_interfaces/srv/detail/bcap__functions.c.o[0m
[11.122s] [ 17%] Built target ament_cmake_python_build_bcap_service_interfaces_egg
[11.122s] [ 20%] [32m[1mLinking C shared library libbcap_service_interfaces__rosidl_generator_c.so[0m
[11.122s] [ 20%] Built target bcap_service_interfaces__rosidl_generator_c
[11.122s] [ 23%] [34m[1mGenerating C type support for eProsima Fast-RTPS[0m
[11.122s] [ 25%] [34m[1mGenerating C introspection for ROS interfaces[0m
[11.122s] [ 28%] [34m[1mGenerating C type support dispatch for ROS interfaces[0m
[11.122s] [ 30%] [32mBuilding CXX object CMakeFiles/bcap_service_interfaces__rosidl_typesupport_cpp.dir/rosidl_typesupport_cpp/bcap_service_interfaces/srv/bcap__type_support.cpp.o[0m
[11.122s] [ 33%] [32mBuilding CXX object CMakeFiles/bcap_service_interfaces__rosidl_typesupport_cpp.dir/rosidl_typesupport_cpp/bcap_service_interfaces/msg/variant__type_support.cpp.o[0m
[11.122s] [ 35%] [32mBuilding CXX object CMakeFiles/bcap_service_interfaces__rosidl_typesupport_introspection_cpp.dir/rosidl_typesupport_introspection_cpp/bcap_service_interfaces/msg/detail/variant__type_support.cpp.o[0m
[11.123s] [ 38%] [32mBuilding CXX object CMakeFiles/bcap_service_interfaces__rosidl_typesupport_introspection_cpp.dir/rosidl_typesupport_introspection_cpp/bcap_service_interfaces/srv/detail/bcap__type_support.cpp.o[0m
[11.123s] [ 41%] [32mBuilding CXX object CMakeFiles/bcap_service_interfaces__rosidl_typesupport_fastrtps_cpp.dir/rosidl_typesupport_fastrtps_cpp/bcap_service_interfaces/msg/detail/dds_fastrtps/variant__type_support.cpp.o[0m
[11.123s] [ 43%] [32mBuilding CXX object CMakeFiles/bcap_service_interfaces__rosidl_typesupport_fastrtps_cpp.dir/rosidl_typesupport_fastrtps_cpp/bcap_service_interfaces/srv/detail/dds_fastrtps/bcap__type_support.cpp.o[0m
[11.123s] [ 46%] [32mBuilding CXX object CMakeFiles/bcap_service_interfaces__rosidl_typesupport_fastrtps_c.dir/rosidl_typesupport_fastrtps_c/bcap_service_interfaces/msg/detail/variant__type_support_c.cpp.o[0m
[11.123s] [ 48%] [32mBuilding CXX object CMakeFiles/bcap_service_interfaces__rosidl_typesupport_fastrtps_c.dir/rosidl_typesupport_fastrtps_c/bcap_service_interfaces/srv/detail/bcap__type_support_c.cpp.o[0m
[11.123s] [ 51%] [32mBuilding CXX object CMakeFiles/bcap_service_interfaces__rosidl_typesupport_c.dir/rosidl_typesupport_c/bcap_service_interfaces/msg/variant__type_support.cpp.o[0m
[11.123s] [ 53%] [32mBuilding CXX object CMakeFiles/bcap_service_interfaces__rosidl_typesupport_c.dir/rosidl_typesupport_c/bcap_service_interfaces/srv/bcap__type_support.cpp.o[0m
[11.123s] [ 56%] [32mBuilding C object CMakeFiles/bcap_service_interfaces__rosidl_typesupport_introspection_c.dir/rosidl_typesupport_introspection_c/bcap_service_interfaces/msg/detail/variant__type_support.c.o[0m
[11.123s] [ 58%] [32m[1mLinking CXX shared library libbcap_service_interfaces__rosidl_typesupport_c.so[0m
[11.123s] [ 61%] [32mBuilding C object CMakeFiles/bcap_service_interfaces__rosidl_typesupport_introspection_c.dir/rosidl_typesupport_introspection_c/bcap_service_interfaces/srv/detail/bcap__type_support.c.o[0m
[11.123s] [ 61%] Built target bcap_service_interfaces__rosidl_typesupport_c
[11.123s] [ 64%] [32m[1mLinking CXX shared library libbcap_service_interfaces__rosidl_typesupport_cpp.so[0m
[11.123s] [ 66%] [32m[1mLinking C shared library libbcap_service_interfaces__rosidl_typesupport_introspection_c.so[0m
[11.124s] [ 66%] Built target bcap_service_interfaces__rosidl_typesupport_introspection_c
[11.124s] [ 66%] Built target bcap_service_interfaces__rosidl_typesupport_cpp
[11.124s] [ 69%] [32m[1mLinking CXX shared library libbcap_service_interfaces__rosidl_typesupport_introspection_cpp.so[0m
[11.124s] [ 71%] [32m[1mLinking CXX shared library libbcap_service_interfaces__rosidl_typesupport_fastrtps_cpp.so[0m
[11.124s] [ 74%] [32m[1mLinking CXX shared library libbcap_service_interfaces__rosidl_typesupport_fastrtps_c.so[0m
[11.124s] [ 74%] Built target bcap_service_interfaces__rosidl_typesupport_introspection_cpp
[11.124s] [ 74%] Built target bcap_service_interfaces__rosidl_typesupport_fastrtps_c
[11.124s] [ 74%] Built target bcap_service_interfaces__rosidl_typesupport_fastrtps_cpp
[11.131s] [ 74%] Built target bcap_service_interfaces
[11.131s] [ 76%] [34m[1mGenerating Python code for ROS interfaces[0m
[11.132s] [ 76%] Built target bcap_service_interfaces__py
[11.132s] [ 79%] [32mBuilding C object CMakeFiles/bcap_service_interfaces__rosidl_generator_py.dir/rosidl_generator_py/bcap_service_interfaces/srv/_bcap_s.c.o[0m
[11.132s] [ 82%] [32mBuilding C object CMakeFiles/bcap_service_interfaces__rosidl_generator_py.dir/rosidl_generator_py/bcap_service_interfaces/msg/_variant_s.c.o[0m
[11.132s] [ 84%] [32m[1mLinking C shared library rosidl_generator_py/bcap_service_interfaces/libbcap_service_interfaces__rosidl_generator_py.so[0m
[11.132s] [ 84%] Built target bcap_service_interfaces__rosidl_generator_py
[11.132s] [ 87%] [32mBuilding C object CMakeFiles/bcap_service_interfaces__rosidl_typesupport_fastrtps_c__pyext.dir/rosidl_generator_py/bcap_service_interfaces/_bcap_service_interfaces_s.ep.rosidl_typesupport_fastrtps_c.c.o[0m
[11.132s] [ 89%] [32mBuilding C object CMakeFiles/bcap_service_interfaces__rosidl_typesupport_introspection_c__pyext.dir/rosidl_generator_py/bcap_service_interfaces/_bcap_service_interfaces_s.ep.rosidl_typesupport_introspection_c.c.o[0m
[11.132s] [ 92%] [32mBuilding C object CMakeFiles/bcap_service_interfaces__rosidl_typesupport_c__pyext.dir/rosidl_generator_py/bcap_service_interfaces/_bcap_service_interfaces_s.ep.rosidl_typesupport_c.c.o[0m
[11.132s] [ 94%] [32m[1mLinking C shared library rosidl_generator_py/bcap_service_interfaces/bcap_service_interfaces_s__rosidl_typesupport_fastrtps_c.cpython-310-x86_64-linux-gnu.so[0m
[11.133s] [ 97%] [32m[1mLinking C shared library rosidl_generator_py/bcap_service_interfaces/bcap_service_interfaces_s__rosidl_typesupport_introspection_c.cpython-310-x86_64-linux-gnu.so[0m
[11.133s] [100%] [32m[1mLinking C shared library rosidl_generator_py/bcap_service_interfaces/bcap_service_interfaces_s__rosidl_typesupport_c.cpython-310-x86_64-linux-gnu.so[0m
[11.133s] [100%] Built target bcap_service_interfaces__rosidl_typesupport_introspection_c__pyext
[11.133s] [100%] Built target bcap_service_interfaces__rosidl_typesupport_c__pyext
[11.133s] [100%] Built target bcap_service_interfaces__rosidl_typesupport_fastrtps_c__pyext
[11.134s] Invoked command in '/home/isg/workspace/denso_ros2_ws/build/bcap_service_interfaces' returned '0': AMENT_PREFIX_PATH=/home/isg/workspace/denso_ros2_ws/install/bcap_core:${AMENT_PREFIX_PATH} CMAKE_PREFIX_PATH=/home/isg/workspace/denso_ros2_ws/install/bcap_core:/home/isg/workspace/denso_ros2_ws/src/install/ros2_control_demos:/home/isg/workspace/denso_ros2_ws/src/install/ros2_control_demo_example_9:/home/isg/workspace/denso_ros2_ws/src/install/ros2_control_demo_example_8:/home/isg/workspace/denso_ros2_ws/src/install/ros2_control_demo_example_7:/home/isg/workspace/denso_ros2_ws/src/install/ros2_control_demo_example_6:/home/isg/workspace/denso_ros2_ws/src/install/ros2_control_demo_example_15:/home/isg/workspace/denso_ros2_ws/src/install/ros2_control_demo_example_13:/home/isg/workspace/denso_ros2_ws/src/install/ros2_control_demo_example_5:/home/isg/workspace/denso_ros2_ws/src/install/ros2_control_demo_example_4:/home/isg/workspace/denso_ros2_ws/src/install/ros2_control_demo_example_3:/home/isg/workspace/denso_ros2_ws/src/install/ros2_control_demo_example_2:/home/isg/workspace/denso_ros2_ws/src/install/ros2_control_demo_example_14:/home/isg/workspace/denso_ros2_ws/src/install/ros2_control_demo_example_12:/home/isg/workspace/denso_ros2_ws/src/install/ros2_control_demo_example_11:/home/isg/workspace/denso_ros2_ws/src/install/ros2_control_demo_example_10:/home/isg/workspace/denso_ros2_ws/src/install/ros2_control_demo_example_1:/home/isg/workspace/denso_ros2_ws/src/install/ros2_control_demo_description:/home/isg/workspace/denso_ros2_ws/src/install/gazebo_ros2_control_demos:/home/isg/workspace/denso_ros2_ws/src/install/denso_robot_bringup:/home/isg/workspace/denso_ros2_ws/src/install/gazebo_ros2_control:/home/isg/workspace/denso_ros2_ws/src/install/denso_robot_moveit_demo:/home/isg/workspace/denso_ros2_ws/src/install/denso_robot_moveit_config:/home/isg/workspace/denso_ros2_ws/src/install/denso_robot_descriptions:/home/isg/workspace/denso_ros2_ws/src/install/denso_robot_control:/home/isg/workspace/denso_ros2_ws/src/install/denso_robot_core:/home/isg/workspace/denso_ros2_ws/src/install/denso_robot_core_interfaces:/home/isg/workspace/denso_ros2_ws/src/install/bcap_service:/home/isg/workspace/denso_ros2_ws/src/install/bcap_service_interfaces:/home/isg/workspace/denso_ros2_ws/src/install/bcap_core:/home/isg/workspace/denso_ros2_ws/src/install/denso_robot_description_installer:/opt/ros/humble LD_LIBRARY_PATH=/home/isg/workspace/denso_ros2_ws/install/bcap_core/lib:${LD_LIBRARY_PATH} /usr/bin/cmake --build /home/isg/workspace/denso_ros2_ws/build/bcap_service_interfaces -- -j16 -l16
[11.139s] Invoking command in '/home/isg/workspace/denso_ros2_ws/build/bcap_service_interfaces': AMENT_PREFIX_PATH=/home/isg/workspace/denso_ros2_ws/install/bcap_core:${AMENT_PREFIX_PATH} CMAKE_PREFIX_PATH=/home/isg/workspace/denso_ros2_ws/install/bcap_core:/home/isg/workspace/denso_ros2_ws/src/install/ros2_control_demos:/home/isg/workspace/denso_ros2_ws/src/install/ros2_control_demo_example_9:/home/isg/workspace/denso_ros2_ws/src/install/ros2_control_demo_example_8:/home/isg/workspace/denso_ros2_ws/src/install/ros2_control_demo_example_7:/home/isg/workspace/denso_ros2_ws/src/install/ros2_control_demo_example_6:/home/isg/workspace/denso_ros2_ws/src/install/ros2_control_demo_example_15:/home/isg/workspace/denso_ros2_ws/src/install/ros2_control_demo_example_13:/home/isg/workspace/denso_ros2_ws/src/install/ros2_control_demo_example_5:/home/isg/workspace/denso_ros2_ws/src/install/ros2_control_demo_example_4:/home/isg/workspace/denso_ros2_ws/src/install/ros2_control_demo_example_3:/home/isg/workspace/denso_ros2_ws/src/install/ros2_control_demo_example_2:/home/isg/workspace/denso_ros2_ws/src/install/ros2_control_demo_example_14:/home/isg/workspace/denso_ros2_ws/src/install/ros2_control_demo_example_12:/home/isg/workspace/denso_ros2_ws/src/install/ros2_control_demo_example_11:/home/isg/workspace/denso_ros2_ws/src/install/ros2_control_demo_example_10:/home/isg/workspace/denso_ros2_ws/src/install/ros2_control_demo_example_1:/home/isg/workspace/denso_ros2_ws/src/install/ros2_control_demo_description:/home/isg/workspace/denso_ros2_ws/src/install/gazebo_ros2_control_demos:/home/isg/workspace/denso_ros2_ws/src/install/denso_robot_bringup:/home/isg/workspace/denso_ros2_ws/src/install/gazebo_ros2_control:/home/isg/workspace/denso_ros2_ws/src/install/denso_robot_moveit_demo:/home/isg/workspace/denso_ros2_ws/src/install/denso_robot_moveit_config:/home/isg/workspace/denso_ros2_ws/src/install/denso_robot_descriptions:/home/isg/workspace/denso_ros2_ws/src/install/denso_robot_control:/home/isg/workspace/denso_ros2_ws/src/install/denso_robot_core:/home/isg/workspace/denso_ros2_ws/src/install/denso_robot_core_interfaces:/home/isg/workspace/denso_ros2_ws/src/install/bcap_service:/home/isg/workspace/denso_ros2_ws/src/install/bcap_service_interfaces:/home/isg/workspace/denso_ros2_ws/src/install/bcap_core:/home/isg/workspace/denso_ros2_ws/src/install/denso_robot_description_installer:/opt/ros/humble LD_LIBRARY_PATH=/home/isg/workspace/denso_ros2_ws/install/bcap_core/lib:${LD_LIBRARY_PATH} /usr/bin/cmake --install /home/isg/workspace/denso_ros2_ws/build/bcap_service_interfaces
[11.687s] -- Install configuration: ""
[11.688s] -- Execute custom install script
[11.688s] -- Symlinking: /home/isg/workspace/denso_ros2_ws/install/bcap_service_interfaces/share/ament_index/resource_index/rosidl_interfaces/bcap_service_interfaces
[11.688s] -- Symlinking: /home/isg/workspace/denso_ros2_ws/install/bcap_service_interfaces/include/bcap_service_interfaces/bcap_service_interfaces/msg/detail/variant__functions.h
[11.688s] -- Symlinking: /home/isg/workspace/denso_ros2_ws/install/bcap_service_interfaces/include/bcap_service_interfaces/bcap_service_interfaces/msg/detail/variant__struct.h
[11.688s] -- Symlinking: /home/isg/workspace/denso_ros2_ws/install/bcap_service_interfaces/include/bcap_service_interfaces/bcap_service_interfaces/msg/detail/variant__type_support.h
[11.688s] -- Symlinking: /home/isg/workspace/denso_ros2_ws/install/bcap_service_interfaces/include/bcap_service_interfaces/bcap_service_interfaces/msg/rosidl_generator_c__visibility_control.h
[11.688s] -- Symlinking: /home/isg/workspace/denso_ros2_ws/install/bcap_service_interfaces/include/bcap_service_interfaces/bcap_service_interfaces/msg/variant.h
[11.688s] -- Symlinking: /home/isg/workspace/denso_ros2_ws/install/bcap_service_interfaces/include/bcap_service_interfaces/bcap_service_interfaces/srv/bcap.h
[11.688s] -- Symlinking: /home/isg/workspace/denso_ros2_ws/install/bcap_service_interfaces/include/bcap_service_interfaces/bcap_service_interfaces/srv/detail/bcap__functions.h
[11.688s] -- Symlinking: /home/isg/workspace/denso_ros2_ws/install/bcap_service_interfaces/include/bcap_service_interfaces/bcap_service_interfaces/srv/detail/bcap__struct.h
[11.688s] -- Symlinking: /home/isg/workspace/denso_ros2_ws/install/bcap_service_interfaces/include/bcap_service_interfaces/bcap_service_interfaces/srv/detail/bcap__type_support.h
[11.689s] -- Symlinking: /home/isg/workspace/denso_ros2_ws/install/bcap_service_interfaces/share/bcap_service_interfaces/environment/library_path.sh
[11.689s] -- Symlinking: /home/isg/workspace/denso_ros2_ws/install/bcap_service_interfaces/share/bcap_service_interfaces/environment/library_path.dsv
[11.689s] -- Symlinking: /home/isg/workspace/denso_ros2_ws/install/bcap_service_interfaces/include/bcap_service_interfaces/bcap_service_interfaces/msg/detail/variant__rosidl_typesupport_fastrtps_c.h
[11.689s] -- Symlinking: /home/isg/workspace/denso_ros2_ws/install/bcap_service_interfaces/include/bcap_service_interfaces/bcap_service_interfaces/msg/rosidl_typesupport_fastrtps_c__visibility_control.h
[11.689s] -- Symlinking: /home/isg/workspace/denso_ros2_ws/install/bcap_service_interfaces/include/bcap_service_interfaces/bcap_service_interfaces/srv/detail/bcap__rosidl_typesupport_fastrtps_c.h
[11.689s] -- Symlinking: /home/isg/workspace/denso_ros2_ws/install/bcap_service_interfaces/include/bcap_service_interfaces/bcap_service_interfaces/msg/detail/variant__rosidl_typesupport_introspection_c.h
[11.689s] -- Symlinking: /home/isg/workspace/denso_ros2_ws/install/bcap_service_interfaces/include/bcap_service_interfaces/bcap_service_interfaces/msg/rosidl_typesupport_introspection_c__visibility_control.h
[11.689s] -- Symlinking: /home/isg/workspace/denso_ros2_ws/install/bcap_service_interfaces/include/bcap_service_interfaces/bcap_service_interfaces/srv/detail/bcap__rosidl_typesupport_introspection_c.h
[11.689s] -- Symlinking: /home/isg/workspace/denso_ros2_ws/install/bcap_service_interfaces/include/bcap_service_interfaces/bcap_service_interfaces/msg/detail/variant__builder.hpp
[11.689s] -- Symlinking: /home/isg/workspace/denso_ros2_ws/install/bcap_service_interfaces/include/bcap_service_interfaces/bcap_service_interfaces/msg/detail/variant__struct.hpp
[11.689s] -- Symlinking: /home/isg/workspace/denso_ros2_ws/install/bcap_service_interfaces/include/bcap_service_interfaces/bcap_service_interfaces/msg/detail/variant__traits.hpp
[11.689s] -- Symlinking: /home/isg/workspace/denso_ros2_ws/install/bcap_service_interfaces/include/bcap_service_interfaces/bcap_service_interfaces/msg/detail/variant__type_support.hpp
[11.689s] -- Symlinking: /home/isg/workspace/denso_ros2_ws/install/bcap_service_interfaces/include/bcap_service_interfaces/bcap_service_interfaces/msg/rosidl_generator_cpp__visibility_control.hpp
[11.690s] -- Symlinking: /home/isg/workspace/denso_ros2_ws/install/bcap_service_interfaces/include/bcap_service_interfaces/bcap_service_interfaces/msg/variant.hpp
[11.702s] -- Symlinking: /home/isg/workspace/denso_ros2_ws/install/bcap_service_interfaces/include/bcap_service_interfaces/bcap_service_interfaces/srv/bcap.hpp
[11.724s] -- Symlinking: /home/isg/workspace/denso_ros2_ws/install/bcap_service_interfaces/include/bcap_service_interfaces/bcap_service_interfaces/srv/detail/bcap__builder.hpp
[11.750s] -- Symlinking: /home/isg/workspace/denso_ros2_ws/install/bcap_service_interfaces/include/bcap_service_interfaces/bcap_service_interfaces/srv/detail/bcap__struct.hpp
[11.777s] -- Symlinking: /home/isg/workspace/denso_ros2_ws/install/bcap_service_interfaces/include/bcap_service_interfaces/bcap_service_interfaces/srv/detail/bcap__traits.hpp
[11.795s] -- Symlinking: /home/isg/workspace/denso_ros2_ws/install/bcap_service_interfaces/include/bcap_service_interfaces/bcap_service_interfaces/srv/detail/bcap__type_support.hpp
[11.807s] -- Symlinking: /home/isg/workspace/denso_ros2_ws/install/bcap_service_interfaces/include/bcap_service_interfaces/bcap_service_interfaces/msg/detail/variant__rosidl_typesupport_fastrtps_cpp.hpp
[11.826s] -- Symlinking: /home/isg/workspace/denso_ros2_ws/install/bcap_service_interfaces/include/bcap_service_interfaces/bcap_service_interfaces/msg/rosidl_typesupport_fastrtps_cpp__visibility_control.h
[11.845s] -- Symlinking: /home/isg/workspace/denso_ros2_ws/install/bcap_service_interfaces/include/bcap_service_interfaces/bcap_service_interfaces/srv/detail/bcap__rosidl_typesupport_fastrtps_cpp.hpp
[11.861s] -- Symlinking: /home/isg/workspace/denso_ros2_ws/install/bcap_service_interfaces/include/bcap_service_interfaces/bcap_service_interfaces/msg/detail/variant__rosidl_typesupport_introspection_cpp.hpp
[11.879s] -- Symlinking: /home/isg/workspace/denso_ros2_ws/install/bcap_service_interfaces/include/bcap_service_interfaces/bcap_service_interfaces/srv/detail/bcap__rosidl_typesupport_introspection_cpp.hpp
[11.894s] -- Symlinking: /home/isg/workspace/denso_ros2_ws/install/bcap_service_interfaces/share/bcap_service_interfaces/environment/pythonpath.sh
[11.909s] -- Symlinking: /home/isg/workspace/denso_ros2_ws/install/bcap_service_interfaces/share/bcap_service_interfaces/environment/pythonpath.dsv
[11.926s] -- Symlinking: /home/isg/workspace/denso_ros2_ws/install/bcap_service_interfaces/local/lib/python3.10/dist-packages/bcap_service_interfaces-1.2.0-py3.10.egg-info/PKG-INFO
[11.944s] -- Symlinking: /home/isg/workspace/denso_ros2_ws/install/bcap_service_interfaces/local/lib/python3.10/dist-packages/bcap_service_interfaces-1.2.0-py3.10.egg-info/SOURCES.txt
[11.967s] -- Symlinking: /home/isg/workspace/denso_ros2_ws/install/bcap_service_interfaces/local/lib/python3.10/dist-packages/bcap_service_interfaces-1.2.0-py3.10.egg-info/dependency_links.txt
[11.987s] -- Symlinking: /home/isg/workspace/denso_ros2_ws/install/bcap_service_interfaces/local/lib/python3.10/dist-packages/bcap_service_interfaces-1.2.0-py3.10.egg-info/top_level.txt
[12.009s] -- Symlinking: /home/isg/workspace/denso_ros2_ws/install/bcap_service_interfaces/local/lib/python3.10/dist-packages/bcap_service_interfaces/__init__.py
[12.021s] -- Symlinking: /home/isg/workspace/denso_ros2_ws/install/bcap_service_interfaces/local/lib/python3.10/dist-packages/bcap_service_interfaces/_bcap_service_interfaces_s.ep.rosidl_typesupport_c.c
[12.037s] -- Symlinking: /home/isg/workspace/denso_ros2_ws/install/bcap_service_interfaces/local/lib/python3.10/dist-packages/bcap_service_interfaces/_bcap_service_interfaces_s.ep.rosidl_typesupport_fastrtps_c.c
[12.056s] -- Symlinking: /home/isg/workspace/denso_ros2_ws/install/bcap_service_interfaces/local/lib/python3.10/dist-packages/bcap_service_interfaces/_bcap_service_interfaces_s.ep.rosidl_typesupport_introspection_c.c
[12.086s] -- Symlinking: /home/isg/workspace/denso_ros2_ws/install/bcap_service_interfaces/local/lib/python3.10/dist-packages/bcap_service_interfaces/bcap_service_interfaces_s__rosidl_typesupport_c.cpython-310-x86_64-linux-gnu.so
[12.104s] -- Symlinking: /home/isg/workspace/denso_ros2_ws/install/bcap_service_interfaces/local/lib/python3.10/dist-packages/bcap_service_interfaces/bcap_service_interfaces_s__rosidl_typesupport_fastrtps_c.cpython-310-x86_64-linux-gnu.so
[12.121s] -- Symlinking: /home/isg/workspace/denso_ros2_ws/install/bcap_service_interfaces/local/lib/python3.10/dist-packages/bcap_service_interfaces/bcap_service_interfaces_s__rosidl_typesupport_introspection_c.cpython-310-x86_64-linux-gnu.so
[12.136s] -- Symlinking: /home/isg/workspace/denso_ros2_ws/install/bcap_service_interfaces/local/lib/python3.10/dist-packages/bcap_service_interfaces/libbcap_service_interfaces__rosidl_generator_py.so
[12.151s] -- Symlinking: /home/isg/workspace/denso_ros2_ws/install/bcap_service_interfaces/local/lib/python3.10/dist-packages/bcap_service_interfaces/msg/__init__.py
[12.169s] -- Symlinking: /home/isg/workspace/denso_ros2_ws/install/bcap_service_interfaces/local/lib/python3.10/dist-packages/bcap_service_interfaces/msg/_variant.py
[12.182s] -- Symlinking: /home/isg/workspace/denso_ros2_ws/install/bcap_service_interfaces/local/lib/python3.10/dist-packages/bcap_service_interfaces/msg/_variant_s.c
[12.198s] -- Symlinking: /home/isg/workspace/denso_ros2_ws/install/bcap_service_interfaces/local/lib/python3.10/dist-packages/bcap_service_interfaces/srv/__init__.py
[12.211s] -- Symlinking: /home/isg/workspace/denso_ros2_ws/install/bcap_service_interfaces/local/lib/python3.10/dist-packages/bcap_service_interfaces/srv/_bcap.py
[12.226s] -- Symlinking: /home/isg/workspace/denso_ros2_ws/install/bcap_service_interfaces/local/lib/python3.10/dist-packages/bcap_service_interfaces/srv/_bcap_s.c
[12.239s] -- Up-to-date symlink: /home/isg/workspace/denso_ros2_ws/install/bcap_service_interfaces/local/lib/python3.10/dist-packages/bcap_service_interfaces/bcap_service_interfaces_s__rosidl_typesupport_fastrtps_c.cpython-310-x86_64-linux-gnu.so
[12.239s] -- Up-to-date symlink: /home/isg/workspace/denso_ros2_ws/install/bcap_service_interfaces/local/lib/python3.10/dist-packages/bcap_service_interfaces/bcap_service_interfaces_s__rosidl_typesupport_introspection_c.cpython-310-x86_64-linux-gnu.so
[12.239s] -- Up-to-date symlink: /home/isg/workspace/denso_ros2_ws/install/bcap_service_interfaces/local/lib/python3.10/dist-packages/bcap_service_interfaces/bcap_service_interfaces_s__rosidl_typesupport_c.cpython-310-x86_64-linux-gnu.so
[12.239s] -- Symlinking: /home/isg/workspace/denso_ros2_ws/install/bcap_service_interfaces/share/bcap_service_interfaces/msg/Variant.idl
[12.256s] -- Symlinking: /home/isg/workspace/denso_ros2_ws/install/bcap_service_interfaces/share/bcap_service_interfaces/srv/Bcap.idl
[12.269s] -- Symlinking: /home/isg/workspace/denso_ros2_ws/install/bcap_service_interfaces/share/bcap_service_interfaces/msg/Variant.msg
[12.287s] -- Symlinking: /home/isg/workspace/denso_ros2_ws/install/bcap_service_interfaces/share/bcap_service_interfaces/srv/Bcap.srv
[12.301s] -- Symlinking: /home/isg/workspace/denso_ros2_ws/install/bcap_service_interfaces/share/bcap_service_interfaces/srv/Bcap_Request.msg
[12.319s] -- Symlinking: /home/isg/workspace/denso_ros2_ws/install/bcap_service_interfaces/share/bcap_service_interfaces/srv/Bcap_Response.msg
[12.332s] -- Symlinking: /home/isg/workspace/denso_ros2_ws/install/bcap_service_interfaces/share/ament_index/resource_index/package_run_dependencies/bcap_service_interfaces
[12.346s] -- Symlinking: /home/isg/workspace/denso_ros2_ws/install/bcap_service_interfaces/share/ament_index/resource_index/parent_prefix_path/bcap_service_interfaces
[12.362s] -- Symlinking: /home/isg/workspace/denso_ros2_ws/install/bcap_service_interfaces/share/bcap_service_interfaces/environment/ament_prefix_path.sh
[12.377s] -- Symlinking: /home/isg/workspace/denso_ros2_ws/install/bcap_service_interfaces/share/bcap_service_interfaces/environment/ament_prefix_path.dsv
[12.394s] -- Symlinking: /home/isg/workspace/denso_ros2_ws/install/bcap_service_interfaces/share/bcap_service_interfaces/environment/path.sh
[12.411s] -- Symlinking: /home/isg/workspace/denso_ros2_ws/install/bcap_service_interfaces/share/bcap_service_interfaces/environment/path.dsv
[12.424s] -- Symlinking: /home/isg/workspace/denso_ros2_ws/install/bcap_service_interfaces/share/bcap_service_interfaces/local_setup.bash
[12.439s] -- Symlinking: /home/isg/workspace/denso_ros2_ws/install/bcap_service_interfaces/share/bcap_service_interfaces/local_setup.sh
[12.455s] -- Symlinking: /home/isg/workspace/denso_ros2_ws/install/bcap_service_interfaces/share/bcap_service_interfaces/local_setup.zsh
[12.470s] -- Symlinking: /home/isg/workspace/denso_ros2_ws/install/bcap_service_interfaces/share/bcap_service_interfaces/local_setup.dsv
[12.485s] -- Symlinking: /home/isg/workspace/denso_ros2_ws/install/bcap_service_interfaces/share/bcap_service_interfaces/package.dsv
[12.501s] -- Symlinking: /home/isg/workspace/denso_ros2_ws/install/bcap_service_interfaces/share/ament_index/resource_index/packages/bcap_service_interfaces
[12.516s] -- Symlinking: /home/isg/workspace/denso_ros2_ws/install/bcap_service_interfaces/share/bcap_service_interfaces/cmake/rosidl_cmake-extras.cmake
[12.532s] -- Symlinking: /home/isg/workspace/denso_ros2_ws/install/bcap_service_interfaces/share/bcap_service_interfaces/cmake/ament_cmake_export_include_directories-extras.cmake
[12.549s] -- Symlinking: /home/isg/workspace/denso_ros2_ws/install/bcap_service_interfaces/share/bcap_service_interfaces/cmake/ament_cmake_export_libraries-extras.cmake
[12.565s] -- Symlinking: /home/isg/workspace/denso_ros2_ws/install/bcap_service_interfaces/share/bcap_service_interfaces/cmake/ament_cmake_export_targets-extras.cmake
[12.582s] -- Symlinking: /home/isg/workspace/denso_ros2_ws/install/bcap_service_interfaces/share/bcap_service_interfaces/cmake/rosidl_cmake_export_typesupport_targets-extras.cmake
[12.597s] -- Symlinking: /home/isg/workspace/denso_ros2_ws/install/bcap_service_interfaces/share/bcap_service_interfaces/cmake/ament_cmake_export_dependencies-extras.cmake
[12.612s] -- Symlinking: /home/isg/workspace/denso_ros2_ws/install/bcap_service_interfaces/share/bcap_service_interfaces/cmake/rosidl_cmake_export_typesupport_libraries-extras.cmake
[12.629s] -- Symlinking: /home/isg/workspace/denso_ros2_ws/install/bcap_service_interfaces/share/bcap_service_interfaces/cmake/bcap_service_interfacesConfig.cmake
[12.645s] -- Symlinking: /home/isg/workspace/denso_ros2_ws/install/bcap_service_interfaces/share/bcap_service_interfaces/cmake/bcap_service_interfacesConfig-version.cmake
[12.659s] -- Symlinking: /home/isg/workspace/denso_ros2_ws/install/bcap_service_interfaces/share/bcap_service_interfaces/package.xml
[12.671s] -- Installing: /home/isg/workspace/denso_ros2_ws/install/bcap_service_interfaces/lib/libbcap_service_interfaces__rosidl_generator_c.so
[12.672s] -- Set runtime path of "/home/isg/workspace/denso_ros2_ws/install/bcap_service_interfaces/lib/libbcap_service_interfaces__rosidl_generator_c.so" to ""
[12.672s] -- Installing: /home/isg/workspace/denso_ros2_ws/install/bcap_service_interfaces/lib/libbcap_service_interfaces__rosidl_typesupport_fastrtps_c.so
[12.673s] -- Set runtime path of "/home/isg/workspace/denso_ros2_ws/install/bcap_service_interfaces/lib/libbcap_service_interfaces__rosidl_typesupport_fastrtps_c.so" to ""
[12.673s] -- Installing: /home/isg/workspace/denso_ros2_ws/install/bcap_service_interfaces/lib/libbcap_service_interfaces__rosidl_typesupport_introspection_c.so
[12.673s] -- Set runtime path of "/home/isg/workspace/denso_ros2_ws/install/bcap_service_interfaces/lib/libbcap_service_interfaces__rosidl_typesupport_introspection_c.so" to ""
[12.673s] -- Installing: /home/isg/workspace/denso_ros2_ws/install/bcap_service_interfaces/lib/libbcap_service_interfaces__rosidl_typesupport_c.so
[12.673s] -- Set runtime path of "/home/isg/workspace/denso_ros2_ws/install/bcap_service_interfaces/lib/libbcap_service_interfaces__rosidl_typesupport_c.so" to ""
[12.673s] -- Installing: /home/isg/workspace/denso_ros2_ws/install/bcap_service_interfaces/lib/libbcap_service_interfaces__rosidl_typesupport_fastrtps_cpp.so
[12.673s] -- Set runtime path of "/home/isg/workspace/denso_ros2_ws/install/bcap_service_interfaces/lib/libbcap_service_interfaces__rosidl_typesupport_fastrtps_cpp.so" to ""
[12.673s] -- Installing: /home/isg/workspace/denso_ros2_ws/install/bcap_service_interfaces/lib/libbcap_service_interfaces__rosidl_typesupport_introspection_cpp.so
[12.674s] -- Set runtime path of "/home/isg/workspace/denso_ros2_ws/install/bcap_service_interfaces/lib/libbcap_service_interfaces__rosidl_typesupport_introspection_cpp.so" to ""
[12.674s] -- Installing: /home/isg/workspace/denso_ros2_ws/install/bcap_service_interfaces/lib/libbcap_service_interfaces__rosidl_typesupport_cpp.so
[12.674s] -- Set runtime path of "/home/isg/workspace/denso_ros2_ws/install/bcap_service_interfaces/lib/libbcap_service_interfaces__rosidl_typesupport_cpp.so" to ""
[12.709s] Listing '/home/isg/workspace/denso_ros2_ws/install/bcap_service_interfaces/local/lib/python3.10/dist-packages/bcap_service_interfaces'...
[12.710s] Compiling '/home/isg/workspace/denso_ros2_ws/install/bcap_service_interfaces/local/lib/python3.10/dist-packages/bcap_service_interfaces/__init__.py'...
[12.710s] Listing '/home/isg/workspace/denso_ros2_ws/install/bcap_service_interfaces/local/lib/python3.10/dist-packages/bcap_service_interfaces/msg'...
[12.710s] Compiling '/home/isg/workspace/denso_ros2_ws/install/bcap_service_interfaces/local/lib/python3.10/dist-packages/bcap_service_interfaces/msg/__init__.py'...
[12.710s] Compiling '/home/isg/workspace/denso_ros2_ws/install/bcap_service_interfaces/local/lib/python3.10/dist-packages/bcap_service_interfaces/msg/_variant.py'...
[12.710s] Listing '/home/isg/workspace/denso_ros2_ws/install/bcap_service_interfaces/local/lib/python3.10/dist-packages/bcap_service_interfaces/srv'...
[12.710s] Compiling '/home/isg/workspace/denso_ros2_ws/install/bcap_service_interfaces/local/lib/python3.10/dist-packages/bcap_service_interfaces/srv/__init__.py'...
[12.710s] Compiling '/home/isg/workspace/denso_ros2_ws/install/bcap_service_interfaces/local/lib/python3.10/dist-packages/bcap_service_interfaces/srv/_bcap.py'...
[12.715s] -- Installing: /home/isg/workspace/denso_ros2_ws/install/bcap_service_interfaces/lib/libbcap_service_interfaces__rosidl_generator_py.so
[12.715s] -- Set runtime path of "/home/isg/workspace/denso_ros2_ws/install/bcap_service_interfaces/lib/libbcap_service_interfaces__rosidl_generator_py.so" to ""
[12.715s] -- Installing: /home/isg/workspace/denso_ros2_ws/install/bcap_service_interfaces/share/bcap_service_interfaces/cmake/export_bcap_service_interfaces__rosidl_generator_cExport.cmake
[12.716s] -- Installing: /home/isg/workspace/denso_ros2_ws/install/bcap_service_interfaces/share/bcap_service_interfaces/cmake/export_bcap_service_interfaces__rosidl_generator_cExport-noconfig.cmake
[12.716s] -- Installing: /home/isg/workspace/denso_ros2_ws/install/bcap_service_interfaces/share/bcap_service_interfaces/cmake/export_bcap_service_interfaces__rosidl_typesupport_fastrtps_cExport.cmake
[12.716s] -- Installing: /home/isg/workspace/denso_ros2_ws/install/bcap_service_interfaces/share/bcap_service_interfaces/cmake/export_bcap_service_interfaces__rosidl_typesupport_fastrtps_cExport-noconfig.cmake
[12.716s] -- Installing: /home/isg/workspace/denso_ros2_ws/install/bcap_service_interfaces/share/bcap_service_interfaces/cmake/bcap_service_interfaces__rosidl_typesupport_introspection_cExport.cmake
[12.717s] -- Installing: /home/isg/workspace/denso_ros2_ws/install/bcap_service_interfaces/share/bcap_service_interfaces/cmake/bcap_service_interfaces__rosidl_typesupport_introspection_cExport-noconfig.cmake
[12.717s] -- Installing: /home/isg/workspace/denso_ros2_ws/install/bcap_service_interfaces/share/bcap_service_interfaces/cmake/bcap_service_interfaces__rosidl_typesupport_cExport.cmake
[12.717s] -- Installing: /home/isg/workspace/denso_ros2_ws/install/bcap_service_interfaces/share/bcap_service_interfaces/cmake/bcap_service_interfaces__rosidl_typesupport_cExport-noconfig.cmake
[12.717s] -- Installing: /home/isg/workspace/denso_ros2_ws/install/bcap_service_interfaces/share/bcap_service_interfaces/cmake/export_bcap_service_interfaces__rosidl_generator_cppExport.cmake
[12.717s] -- Installing: /home/isg/workspace/denso_ros2_ws/install/bcap_service_interfaces/share/bcap_service_interfaces/cmake/export_bcap_service_interfaces__rosidl_typesupport_fastrtps_cppExport.cmake
[12.718s] -- Installing: /home/isg/workspace/denso_ros2_ws/install/bcap_service_interfaces/share/bcap_service_interfaces/cmake/export_bcap_service_interfaces__rosidl_typesupport_fastrtps_cppExport-noconfig.cmake
[12.718s] -- Installing: /home/isg/workspace/denso_ros2_ws/install/bcap_service_interfaces/share/bcap_service_interfaces/cmake/bcap_service_interfaces__rosidl_typesupport_introspection_cppExport.cmake
[12.718s] -- Installing: /home/isg/workspace/denso_ros2_ws/install/bcap_service_interfaces/share/bcap_service_interfaces/cmake/bcap_service_interfaces__rosidl_typesupport_introspection_cppExport-noconfig.cmake
[12.718s] -- Installing: /home/isg/workspace/denso_ros2_ws/install/bcap_service_interfaces/share/bcap_service_interfaces/cmake/bcap_service_interfaces__rosidl_typesupport_cppExport.cmake
[12.719s] -- Installing: /home/isg/workspace/denso_ros2_ws/install/bcap_service_interfaces/share/bcap_service_interfaces/cmake/bcap_service_interfaces__rosidl_typesupport_cppExport-noconfig.cmake
[12.719s] -- Installing: /home/isg/workspace/denso_ros2_ws/install/bcap_service_interfaces/share/bcap_service_interfaces/cmake/export_bcap_service_interfaces__rosidl_generator_pyExport.cmake
[12.719s] -- Installing: /home/isg/workspace/denso_ros2_ws/install/bcap_service_interfaces/share/bcap_service_interfaces/cmake/export_bcap_service_interfaces__rosidl_generator_pyExport-noconfig.cmake
[12.723s] Invoked command in '/home/isg/workspace/denso_ros2_ws/build/bcap_service_interfaces' returned '0': AMENT_PREFIX_PATH=/home/isg/workspace/denso_ros2_ws/install/bcap_core:${AMENT_PREFIX_PATH} CMAKE_PREFIX_PATH=/home/isg/workspace/denso_ros2_ws/install/bcap_core:/home/isg/workspace/denso_ros2_ws/src/install/ros2_control_demos:/home/isg/workspace/denso_ros2_ws/src/install/ros2_control_demo_example_9:/home/isg/workspace/denso_ros2_ws/src/install/ros2_control_demo_example_8:/home/isg/workspace/denso_ros2_ws/src/install/ros2_control_demo_example_7:/home/isg/workspace/denso_ros2_ws/src/install/ros2_control_demo_example_6:/home/isg/workspace/denso_ros2_ws/src/install/ros2_control_demo_example_15:/home/isg/workspace/denso_ros2_ws/src/install/ros2_control_demo_example_13:/home/isg/workspace/denso_ros2_ws/src/install/ros2_control_demo_example_5:/home/isg/workspace/denso_ros2_ws/src/install/ros2_control_demo_example_4:/home/isg/workspace/denso_ros2_ws/src/install/ros2_control_demo_example_3:/home/isg/workspace/denso_ros2_ws/src/install/ros2_control_demo_example_2:/home/isg/workspace/denso_ros2_ws/src/install/ros2_control_demo_example_14:/home/isg/workspace/denso_ros2_ws/src/install/ros2_control_demo_example_12:/home/isg/workspace/denso_ros2_ws/src/install/ros2_control_demo_example_11:/home/isg/workspace/denso_ros2_ws/src/install/ros2_control_demo_example_10:/home/isg/workspace/denso_ros2_ws/src/install/ros2_control_demo_example_1:/home/isg/workspace/denso_ros2_ws/src/install/ros2_control_demo_description:/home/isg/workspace/denso_ros2_ws/src/install/gazebo_ros2_control_demos:/home/isg/workspace/denso_ros2_ws/src/install/denso_robot_bringup:/home/isg/workspace/denso_ros2_ws/src/install/gazebo_ros2_control:/home/isg/workspace/denso_ros2_ws/src/install/denso_robot_moveit_demo:/home/isg/workspace/denso_ros2_ws/src/install/denso_robot_moveit_config:/home/isg/workspace/denso_ros2_ws/src/install/denso_robot_descriptions:/home/isg/workspace/denso_ros2_ws/src/install/denso_robot_control:/home/isg/workspace/denso_ros2_ws/src/install/denso_robot_core:/home/isg/workspace/denso_ros2_ws/src/install/denso_robot_core_interfaces:/home/isg/workspace/denso_ros2_ws/src/install/bcap_service:/home/isg/workspace/denso_ros2_ws/src/install/bcap_service_interfaces:/home/isg/workspace/denso_ros2_ws/src/install/bcap_core:/home/isg/workspace/denso_ros2_ws/src/install/denso_robot_description_installer:/opt/ros/humble LD_LIBRARY_PATH=/home/isg/workspace/denso_ros2_ws/install/bcap_core/lib:${LD_LIBRARY_PATH} /usr/bin/cmake --install /home/isg/workspace/denso_ros2_ws/build/bcap_service_interfaces
