[0.209s] Invoking command in '/home/isg/workspace/denso_ros2_ws/src/build/ros2_control_demo_example_5': AMENT_PREFIX_PATH=/home/isg/workspace/denso_ros2_ws/src/install/ros2_control_demo_description:${AMENT_PREFIX_PATH} CMAKE_PREFIX_PATH=/home/isg/workspace/denso_ros2_ws/src/install/ros2_control_demo_description:/opt/ros/humble /usr/bin/cmake /home/isg/workspace/denso_ros2_ws/src/ros2_control_demos/example_5 -DCMAKE_BUILD_TYPE=Release -DCMAKE_INSTALL_PREFIX=/home/isg/workspace/denso_ros2_ws/src/install/ros2_control_demo_example_5
[0.352s] -- The CXX compiler identification is GNU 11.4.0
[0.368s] -- Detecting CXX compiler ABI info
[0.499s] -- Detecting CXX compiler ABI info - done
[0.511s] -- Check for working CXX compiler: /usr/bin/c++ - skipped
[0.511s] -- Detecting CXX compile features
[0.511s] -- Detecting CXX compile features - done
[0.517s] -- Found ament_cmake: 1.3.12 (/opt/ros/humble/share/ament_cmake/cmake)
[0.691s] -- Found Python3: /usr/bin/python3 (found version "3.10.12") found components: Interpreter 
[0.790s] -- Found hardware_interface: 2.51.0 (/opt/ros/humble/share/hardware_interface/cmake)
[0.841s] -- Found rosidl_generator_c: 3.1.7 (/opt/ros/humble/share/rosidl_generator_c/cmake)
[0.848s] -- Found rosidl_adapter: 3.1.7 (/opt/ros/humble/share/rosidl_adapter/cmake)
[0.858s] -- Found rosidl_generator_cpp: 3.1.7 (/opt/ros/humble/share/rosidl_generator_cpp/cmake)
[0.873s] -- Using all available rosidl_typesupport_c: rosidl_typesupport_fastrtps_c;rosidl_typesupport_introspection_c
[0.889s] -- Using all available rosidl_typesupport_cpp: rosidl_typesupport_fastrtps_cpp;rosidl_typesupport_introspection_cpp
[1.106s] -- Found rmw_implementation_cmake: 6.1.2 (/opt/ros/humble/share/rmw_implementation_cmake/cmake)
[1.108s] -- Found rmw_fastrtps_cpp: 6.2.8 (/opt/ros/humble/share/rmw_fastrtps_cpp/cmake)
[1.132s] -- Found TinyXML2 via Config file: TinyXML2_DIR-NOTFOUND
[1.196s] -- Found OpenSSL: /usr/lib/x86_64-linux-gnu/libcrypto.so (found version "3.0.2")  
[1.199s] -- Found TinyXML2 via Config file: TinyXML2_DIR-NOTFOUND
[1.216s] -- Found FastRTPS: /opt/ros/humble/include  
[1.221s] -- Found TinyXML2 via Config file: TinyXML2_DIR-NOTFOUND
[1.230s] -- Found TinyXML2 via Config file: TinyXML2_DIR-NOTFOUND
[1.243s] -- Using RMW implementation 'rmw_fastrtps_cpp' as default
[1.255s] -- Looking for C++ include pthread.h
[1.419s] -- Looking for C++ include pthread.h - found
[1.421s] -- Performing Test CMAKE_HAVE_LIBC_PTHREAD
[1.594s] -- Performing Test CMAKE_HAVE_LIBC_PTHREAD - Success
[1.595s] -- Found Threads: TRUE  
[1.663s] -- Found ament_cmake_pytest: 1.3.12 (/opt/ros/humble/share/ament_cmake_pytest/cmake)
[2.972s] -- Configuring done
[3.055s] -- Generating done
[3.077s] -- Build files have been written to: /home/isg/workspace/denso_ros2_ws/src/build/ros2_control_demo_example_5
[3.131s] Invoked command in '/home/isg/workspace/denso_ros2_ws/src/build/ros2_control_demo_example_5' returned '0': AMENT_PREFIX_PATH=/home/isg/workspace/denso_ros2_ws/src/install/ros2_control_demo_description:${AMENT_PREFIX_PATH} CMAKE_PREFIX_PATH=/home/isg/workspace/denso_ros2_ws/src/install/ros2_control_demo_description:/opt/ros/humble /usr/bin/cmake /home/isg/workspace/denso_ros2_ws/src/ros2_control_demos/example_5 -DCMAKE_BUILD_TYPE=Release -DCMAKE_INSTALL_PREFIX=/home/isg/workspace/denso_ros2_ws/src/install/ros2_control_demo_example_5
[3.131s] Invoking command in '/home/isg/workspace/denso_ros2_ws/src/build/ros2_control_demo_example_5': AMENT_PREFIX_PATH=/home/isg/workspace/denso_ros2_ws/src/install/ros2_control_demo_description:${AMENT_PREFIX_PATH} CMAKE_PREFIX_PATH=/home/isg/workspace/denso_ros2_ws/src/install/ros2_control_demo_description:/opt/ros/humble /usr/bin/cmake --build /home/isg/workspace/denso_ros2_ws/src/build/ros2_control_demo_example_5 -- -j16 -l16
[3.364s] [ 33%] [32mBuilding CXX object CMakeFiles/ros2_control_demo_example_5.dir/hardware/rrbot.cpp.o[0m
[3.364s] [ 66%] [32mBuilding CXX object CMakeFiles/ros2_control_demo_example_5.dir/hardware/external_rrbot_force_torque_sensor.cpp.o[0m
[12.150s] [100%] [32m[1mLinking CXX shared library libros2_control_demo_example_5.so[0m
[12.559s] [100%] Built target ros2_control_demo_example_5
[12.603s] Invoked command in '/home/isg/workspace/denso_ros2_ws/src/build/ros2_control_demo_example_5' returned '0': AMENT_PREFIX_PATH=/home/isg/workspace/denso_ros2_ws/src/install/ros2_control_demo_description:${AMENT_PREFIX_PATH} CMAKE_PREFIX_PATH=/home/isg/workspace/denso_ros2_ws/src/install/ros2_control_demo_description:/opt/ros/humble /usr/bin/cmake --build /home/isg/workspace/denso_ros2_ws/src/build/ros2_control_demo_example_5 -- -j16 -l16
[12.608s] Invoking command in '/home/isg/workspace/denso_ros2_ws/src/build/ros2_control_demo_example_5': AMENT_PREFIX_PATH=/home/isg/workspace/denso_ros2_ws/src/install/ros2_control_demo_description:${AMENT_PREFIX_PATH} CMAKE_PREFIX_PATH=/home/isg/workspace/denso_ros2_ws/src/install/ros2_control_demo_description:/opt/ros/humble /usr/bin/cmake --install /home/isg/workspace/denso_ros2_ws/src/build/ros2_control_demo_example_5
[12.838s] -- Install configuration: "Release"
[12.838s] -- Installing: /home/isg/workspace/denso_ros2_ws/src/install/ros2_control_demo_example_5/share/ros2_control_demo_example_5/ros2_control_demo_example_5.xml
[12.838s] -- Installing: /home/isg/workspace/denso_ros2_ws/src/install/ros2_control_demo_example_5/include/ros2_control_demo_example_5
[12.838s] -- Installing: /home/isg/workspace/denso_ros2_ws/src/install/ros2_control_demo_example_5/include/ros2_control_demo_example_5/ros2_control_demo_example_5
[12.839s] -- Installing: /home/isg/workspace/denso_ros2_ws/src/install/ros2_control_demo_example_5/include/ros2_control_demo_example_5/ros2_control_demo_example_5/rrbot.hpp
[12.839s] -- Installing: /home/isg/workspace/denso_ros2_ws/src/install/ros2_control_demo_example_5/include/ros2_control_demo_example_5/ros2_control_demo_example_5/external_rrbot_force_torque_sensor.hpp
[12.839s] -- Installing: /home/isg/workspace/denso_ros2_ws/src/install/ros2_control_demo_example_5/share/ros2_control_demo_example_5/launch
[12.839s] -- Installing: /home/isg/workspace/denso_ros2_ws/src/install/ros2_control_demo_example_5/share/ros2_control_demo_example_5/launch/view_robot.launch.py
[12.839s] -- Installing: /home/isg/workspace/denso_ros2_ws/src/install/ros2_control_demo_example_5/share/ros2_control_demo_example_5/ros2_control
[12.839s] -- Installing: /home/isg/workspace/denso_ros2_ws/src/install/ros2_control_demo_example_5/share/ros2_control_demo_example_5/ros2_control/external_rrbot_force_torque_sensor.ros2_control.xacro
[12.839s] -- Installing: /home/isg/workspace/denso_ros2_ws/src/install/ros2_control_demo_example_5/share/ros2_control_demo_example_5/ros2_control/rrbot_system_position_only.ros2_control.xacro
[12.839s] -- Installing: /home/isg/workspace/denso_ros2_ws/src/install/ros2_control_demo_example_5/share/ros2_control_demo_example_5/urdf
[12.839s] -- Installing: /home/isg/workspace/denso_ros2_ws/src/install/ros2_control_demo_example_5/share/ros2_control_demo_example_5/urdf/rrbot_system_with_external_sensor.urdf.xacro
[12.839s] -- Installing: /home/isg/workspace/denso_ros2_ws/src/install/ros2_control_demo_example_5/share/ros2_control_demo_example_5/rviz
[12.839s] -- Installing: /home/isg/workspace/denso_ros2_ws/src/install/ros2_control_demo_example_5/share/ros2_control_demo_example_5/rviz/rrbot.rviz
[12.839s] -- Up-to-date: /home/isg/workspace/denso_ros2_ws/src/install/ros2_control_demo_example_5/share/ros2_control_demo_example_5/launch
[12.839s] -- Installing: /home/isg/workspace/denso_ros2_ws/src/install/ros2_control_demo_example_5/share/ros2_control_demo_example_5/launch/rrbot_system_with_external_sensor.launch.py
[12.839s] -- Installing: /home/isg/workspace/denso_ros2_ws/src/install/ros2_control_demo_example_5/share/ros2_control_demo_example_5/launch/test_forward_position_controller.launch.py
[12.840s] -- Installing: /home/isg/workspace/denso_ros2_ws/src/install/ros2_control_demo_example_5/share/ros2_control_demo_example_5/config
[12.840s] -- Installing: /home/isg/workspace/denso_ros2_ws/src/install/ros2_control_demo_example_5/share/ros2_control_demo_example_5/config/rrbot_with_external_sensor_controllers.yaml
[12.840s] -- Installing: /home/isg/workspace/denso_ros2_ws/src/install/ros2_control_demo_example_5/share/ros2_control_demo_example_5/config/rrbot_forward_position_publisher.yaml
[12.840s] -- Installing: /home/isg/workspace/denso_ros2_ws/src/install/ros2_control_demo_example_5/lib/libros2_control_demo_example_5.so
[12.840s] -- Set runtime path of "/home/isg/workspace/denso_ros2_ws/src/install/ros2_control_demo_example_5/lib/libros2_control_demo_example_5.so" to ""
[12.840s] -- Installing: /home/isg/workspace/denso_ros2_ws/src/install/ros2_control_demo_example_5/share/ros2_control_demo_example_5/environment/library_path.sh
[12.840s] -- Installing: /home/isg/workspace/denso_ros2_ws/src/install/ros2_control_demo_example_5/share/ros2_control_demo_example_5/environment/library_path.dsv
[12.840s] -- Installing: /home/isg/workspace/denso_ros2_ws/src/install/ros2_control_demo_example_5/share/ament_index/resource_index/package_run_dependencies/ros2_control_demo_example_5
[12.840s] -- Installing: /home/isg/workspace/denso_ros2_ws/src/install/ros2_control_demo_example_5/share/ament_index/resource_index/parent_prefix_path/ros2_control_demo_example_5
[12.840s] -- Installing: /home/isg/workspace/denso_ros2_ws/src/install/ros2_control_demo_example_5/share/ros2_control_demo_example_5/environment/ament_prefix_path.sh
[12.840s] -- Installing: /home/isg/workspace/denso_ros2_ws/src/install/ros2_control_demo_example_5/share/ros2_control_demo_example_5/environment/ament_prefix_path.dsv
[12.840s] -- Installing: /home/isg/workspace/denso_ros2_ws/src/install/ros2_control_demo_example_5/share/ros2_control_demo_example_5/environment/path.sh
[12.840s] -- Installing: /home/isg/workspace/denso_ros2_ws/src/install/ros2_control_demo_example_5/share/ros2_control_demo_example_5/environment/path.dsv
[12.840s] -- Installing: /home/isg/workspace/denso_ros2_ws/src/install/ros2_control_demo_example_5/share/ros2_control_demo_example_5/local_setup.bash
[12.840s] -- Installing: /home/isg/workspace/denso_ros2_ws/src/install/ros2_control_demo_example_5/share/ros2_control_demo_example_5/local_setup.sh
[12.841s] -- Installing: /home/isg/workspace/denso_ros2_ws/src/install/ros2_control_demo_example_5/share/ros2_control_demo_example_5/local_setup.zsh
[12.841s] -- Installing: /home/isg/workspace/denso_ros2_ws/src/install/ros2_control_demo_example_5/share/ros2_control_demo_example_5/local_setup.dsv
[12.841s] -- Installing: /home/isg/workspace/denso_ros2_ws/src/install/ros2_control_demo_example_5/share/ros2_control_demo_example_5/package.dsv
[12.841s] -- Installing: /home/isg/workspace/denso_ros2_ws/src/install/ros2_control_demo_example_5/share/ament_index/resource_index/packages/ros2_control_demo_example_5
[12.841s] -- Installing: /home/isg/workspace/denso_ros2_ws/src/install/ros2_control_demo_example_5/share/ament_index/resource_index/hardware_interface__pluginlib__plugin/ros2_control_demo_example_5
[12.841s] -- Installing: /home/isg/workspace/denso_ros2_ws/src/install/ros2_control_demo_example_5/share/ros2_control_demo_example_5/cmake/export_ros2_control_demo_example_5Export.cmake
[12.841s] -- Installing: /home/isg/workspace/denso_ros2_ws/src/install/ros2_control_demo_example_5/share/ros2_control_demo_example_5/cmake/export_ros2_control_demo_example_5Export-release.cmake
[12.844s] -- Installing: /home/isg/workspace/denso_ros2_ws/src/install/ros2_control_demo_example_5/share/ros2_control_demo_example_5/cmake/ament_cmake_export_targets-extras.cmake
[12.844s] -- Installing: /home/isg/workspace/denso_ros2_ws/src/install/ros2_control_demo_example_5/share/ros2_control_demo_example_5/cmake/ament_cmake_export_dependencies-extras.cmake
[12.844s] -- Installing: /home/isg/workspace/denso_ros2_ws/src/install/ros2_control_demo_example_5/share/ros2_control_demo_example_5/cmake/ros2_control_demo_example_5Config.cmake
[12.844s] -- Installing: /home/isg/workspace/denso_ros2_ws/src/install/ros2_control_demo_example_5/share/ros2_control_demo_example_5/cmake/ros2_control_demo_example_5Config-version.cmake
[12.844s] -- Installing: /home/isg/workspace/denso_ros2_ws/src/install/ros2_control_demo_example_5/share/ros2_control_demo_example_5/package.xml
[12.876s] Invoked command in '/home/isg/workspace/denso_ros2_ws/src/build/ros2_control_demo_example_5' returned '0': AMENT_PREFIX_PATH=/home/isg/workspace/denso_ros2_ws/src/install/ros2_control_demo_description:${AMENT_PREFIX_PATH} CMAKE_PREFIX_PATH=/home/isg/workspace/denso_ros2_ws/src/install/ros2_control_demo_description:/opt/ros/humble /usr/bin/cmake --install /home/isg/workspace/denso_ros2_ws/src/build/ros2_control_demo_example_5
