[0.117s] Invoking command in '/home/isg/workspace/denso_ros2_ws/src/build/ros2_control_demo_example_3': AMENT_PREFIX_PATH=/home/isg/workspace/denso_ros2_ws/src/install/ros2_control_demo_description:${AMENT_PREFIX_PATH} CMAKE_PREFIX_PATH=/home/isg/workspace/denso_ros2_ws/src/install/ros2_control_demo_description:/opt/ros/humble /usr/bin/cmake /home/isg/workspace/denso_ros2_ws/src/ros2_control_demos/example_3 -DCMAKE_BUILD_TYPE=Release -DCMAKE_INSTALL_PREFIX=/home/isg/workspace/denso_ros2_ws/src/install/ros2_control_demo_example_3
[1.720s] -- The CXX compiler identification is GNU 11.4.0
[1.720s] -- Detecting CXX compiler ABI info
[1.720s] -- Detecting CXX compiler ABI info - done
[1.720s] -- Check for working CXX compiler: /usr/bin/c++ - skipped
[1.720s] -- Detecting CXX compile features
[1.720s] -- Detecting CXX compile features - done
[1.720s] -- Found ament_cmake: 1.3.12 (/opt/ros/humble/share/ament_cmake/cmake)
[1.720s] -- Found Python3: /usr/bin/python3 (found version "3.10.12") found components: Interpreter 
[1.720s] -- Found hardware_interface: 2.51.0 (/opt/ros/humble/share/hardware_interface/cmake)
[1.720s] -- Found rosidl_generator_c: 3.1.7 (/opt/ros/humble/share/rosidl_generator_c/cmake)
[1.720s] -- Found rosidl_adapter: 3.1.7 (/opt/ros/humble/share/rosidl_adapter/cmake)
[1.720s] -- Found rosidl_generator_cpp: 3.1.7 (/opt/ros/humble/share/rosidl_generator_cpp/cmake)
[1.721s] -- Using all available rosidl_typesupport_c: rosidl_typesupport_fastrtps_c;rosidl_typesupport_introspection_c
[1.721s] -- Using all available rosidl_typesupport_cpp: rosidl_typesupport_fastrtps_cpp;rosidl_typesupport_introspection_cpp
[1.721s] -- Found rmw_implementation_cmake: 6.1.2 (/opt/ros/humble/share/rmw_implementation_cmake/cmake)
[1.721s] -- Found rmw_fastrtps_cpp: 6.2.8 (/opt/ros/humble/share/rmw_fastrtps_cpp/cmake)
[1.721s] -- Found TinyXML2 via Config file: TinyXML2_DIR-NOTFOUND
[1.721s] -- Found OpenSSL: /usr/lib/x86_64-linux-gnu/libcrypto.so (found version "3.0.2")  
[1.721s] -- Found TinyXML2 via Config file: TinyXML2_DIR-NOTFOUND
[1.721s] -- Found FastRTPS: /opt/ros/humble/include  
[1.721s] -- Found TinyXML2 via Config file: TinyXML2_DIR-NOTFOUND
[1.721s] -- Found TinyXML2 via Config file: TinyXML2_DIR-NOTFOUND
[1.721s] -- Using RMW implementation 'rmw_fastrtps_cpp' as default
[1.721s] -- Looking for C++ include pthread.h
[1.721s] -- Looking for C++ include pthread.h - found
[1.721s] -- Performing Test CMAKE_HAVE_LIBC_PTHREAD
[1.722s] -- Performing Test CMAKE_HAVE_LIBC_PTHREAD - Success
[1.722s] -- Found Threads: TRUE  
[1.722s] -- Found ament_cmake_pytest: 1.3.12 (/opt/ros/humble/share/ament_cmake_pytest/cmake)
[3.010s] -- Configuring done
[3.073s] -- Generating done
[3.082s] -- Build files have been written to: /home/isg/workspace/denso_ros2_ws/src/build/ros2_control_demo_example_3
[3.106s] Invoked command in '/home/isg/workspace/denso_ros2_ws/src/build/ros2_control_demo_example_3' returned '0': AMENT_PREFIX_PATH=/home/isg/workspace/denso_ros2_ws/src/install/ros2_control_demo_description:${AMENT_PREFIX_PATH} CMAKE_PREFIX_PATH=/home/isg/workspace/denso_ros2_ws/src/install/ros2_control_demo_description:/opt/ros/humble /usr/bin/cmake /home/isg/workspace/denso_ros2_ws/src/ros2_control_demos/example_3 -DCMAKE_BUILD_TYPE=Release -DCMAKE_INSTALL_PREFIX=/home/isg/workspace/denso_ros2_ws/src/install/ros2_control_demo_example_3
[3.110s] Invoking command in '/home/isg/workspace/denso_ros2_ws/src/build/ros2_control_demo_example_3': AMENT_PREFIX_PATH=/home/isg/workspace/denso_ros2_ws/src/install/ros2_control_demo_description:${AMENT_PREFIX_PATH} CMAKE_PREFIX_PATH=/home/isg/workspace/denso_ros2_ws/src/install/ros2_control_demo_description:/opt/ros/humble /usr/bin/cmake --build /home/isg/workspace/denso_ros2_ws/src/build/ros2_control_demo_example_3 -- -j16 -l16
[3.225s] [ 50%] [32mBuilding CXX object CMakeFiles/ros2_control_demo_example_3.dir/hardware/rrbot_system_multi_interface.cpp.o[0m
[12.948s] [100%] [32m[1mLinking CXX shared library libros2_control_demo_example_3.so[0m
[13.243s] [100%] Built target ros2_control_demo_example_3
[13.260s] Invoked command in '/home/isg/workspace/denso_ros2_ws/src/build/ros2_control_demo_example_3' returned '0': AMENT_PREFIX_PATH=/home/isg/workspace/denso_ros2_ws/src/install/ros2_control_demo_description:${AMENT_PREFIX_PATH} CMAKE_PREFIX_PATH=/home/isg/workspace/denso_ros2_ws/src/install/ros2_control_demo_description:/opt/ros/humble /usr/bin/cmake --build /home/isg/workspace/denso_ros2_ws/src/build/ros2_control_demo_example_3 -- -j16 -l16
[13.262s] Invoking command in '/home/isg/workspace/denso_ros2_ws/src/build/ros2_control_demo_example_3': AMENT_PREFIX_PATH=/home/isg/workspace/denso_ros2_ws/src/install/ros2_control_demo_description:${AMENT_PREFIX_PATH} CMAKE_PREFIX_PATH=/home/isg/workspace/denso_ros2_ws/src/install/ros2_control_demo_description:/opt/ros/humble /usr/bin/cmake --install /home/isg/workspace/denso_ros2_ws/src/build/ros2_control_demo_example_3
[13.272s] -- Install configuration: "Release"
[13.273s] -- Installing: /home/isg/workspace/denso_ros2_ws/src/install/ros2_control_demo_example_3/share/ros2_control_demo_example_3/ros2_control_demo_example_3.xml
[13.273s] -- Installing: /home/isg/workspace/denso_ros2_ws/src/install/ros2_control_demo_example_3/include/ros2_control_demo_example_3
[13.275s] -- Installing: /home/isg/workspace/denso_ros2_ws/src/install/ros2_control_demo_example_3/include/ros2_control_demo_example_3/ros2_control_demo_example_3
[13.275s] -- Installing: /home/isg/workspace/denso_ros2_ws/src/install/ros2_control_demo_example_3/include/ros2_control_demo_example_3/ros2_control_demo_example_3/rrbot_system_multi_interface.hpp
[13.275s] -- Installing: /home/isg/workspace/denso_ros2_ws/src/install/ros2_control_demo_example_3/share/ros2_control_demo_example_3/launch
[13.275s] -- Installing: /home/isg/workspace/denso_ros2_ws/src/install/ros2_control_demo_example_3/share/ros2_control_demo_example_3/launch/view_robot.launch.py
[13.275s] -- Installing: /home/isg/workspace/denso_ros2_ws/src/install/ros2_control_demo_example_3/share/ros2_control_demo_example_3/ros2_control
[13.275s] -- Installing: /home/isg/workspace/denso_ros2_ws/src/install/ros2_control_demo_example_3/share/ros2_control_demo_example_3/ros2_control/rrbot_system_multi_interface.ros2_control.xacro
[13.276s] -- Installing: /home/isg/workspace/denso_ros2_ws/src/install/ros2_control_demo_example_3/share/ros2_control_demo_example_3/urdf
[13.276s] -- Installing: /home/isg/workspace/denso_ros2_ws/src/install/ros2_control_demo_example_3/share/ros2_control_demo_example_3/urdf/rrbot_system_multi_interface.urdf.xacro
[13.276s] -- Up-to-date: /home/isg/workspace/denso_ros2_ws/src/install/ros2_control_demo_example_3/share/ros2_control_demo_example_3/launch
[13.276s] -- Installing: /home/isg/workspace/denso_ros2_ws/src/install/ros2_control_demo_example_3/share/ros2_control_demo_example_3/launch/rrbot_system_multi_interface.launch.py
[13.276s] -- Installing: /home/isg/workspace/denso_ros2_ws/src/install/ros2_control_demo_example_3/share/ros2_control_demo_example_3/launch/test_forward_position_controller.launch.py
[13.276s] -- Installing: /home/isg/workspace/denso_ros2_ws/src/install/ros2_control_demo_example_3/share/ros2_control_demo_example_3/config
[13.276s] -- Installing: /home/isg/workspace/denso_ros2_ws/src/install/ros2_control_demo_example_3/share/ros2_control_demo_example_3/config/rrbot_forward_position_publisher.yaml
[13.276s] -- Installing: /home/isg/workspace/denso_ros2_ws/src/install/ros2_control_demo_example_3/share/ros2_control_demo_example_3/config/rrbot_multi_interface_forward_controllers.yaml
[13.276s] -- Installing: /home/isg/workspace/denso_ros2_ws/src/install/ros2_control_demo_example_3/lib/libros2_control_demo_example_3.so
[13.276s] -- Set runtime path of "/home/isg/workspace/denso_ros2_ws/src/install/ros2_control_demo_example_3/lib/libros2_control_demo_example_3.so" to ""
[13.276s] -- Installing: /home/isg/workspace/denso_ros2_ws/src/install/ros2_control_demo_example_3/share/ros2_control_demo_example_3/environment/library_path.sh
[13.276s] -- Installing: /home/isg/workspace/denso_ros2_ws/src/install/ros2_control_demo_example_3/share/ros2_control_demo_example_3/environment/library_path.dsv
[13.276s] -- Installing: /home/isg/workspace/denso_ros2_ws/src/install/ros2_control_demo_example_3/share/ament_index/resource_index/package_run_dependencies/ros2_control_demo_example_3
[13.277s] -- Installing: /home/isg/workspace/denso_ros2_ws/src/install/ros2_control_demo_example_3/share/ament_index/resource_index/parent_prefix_path/ros2_control_demo_example_3
[13.277s] -- Installing: /home/isg/workspace/denso_ros2_ws/src/install/ros2_control_demo_example_3/share/ros2_control_demo_example_3/environment/ament_prefix_path.sh
[13.277s] -- Installing: /home/isg/workspace/denso_ros2_ws/src/install/ros2_control_demo_example_3/share/ros2_control_demo_example_3/environment/ament_prefix_path.dsv
[13.277s] -- Installing: /home/isg/workspace/denso_ros2_ws/src/install/ros2_control_demo_example_3/share/ros2_control_demo_example_3/environment/path.sh
[13.277s] -- Installing: /home/isg/workspace/denso_ros2_ws/src/install/ros2_control_demo_example_3/share/ros2_control_demo_example_3/environment/path.dsv
[13.278s] -- Installing: /home/isg/workspace/denso_ros2_ws/src/install/ros2_control_demo_example_3/share/ros2_control_demo_example_3/local_setup.bash
[13.278s] -- Installing: /home/isg/workspace/denso_ros2_ws/src/install/ros2_control_demo_example_3/share/ros2_control_demo_example_3/local_setup.sh
[13.278s] -- Installing: /home/isg/workspace/denso_ros2_ws/src/install/ros2_control_demo_example_3/share/ros2_control_demo_example_3/local_setup.zsh
[13.278s] -- Installing: /home/isg/workspace/denso_ros2_ws/src/install/ros2_control_demo_example_3/share/ros2_control_demo_example_3/local_setup.dsv
[13.279s] -- Installing: /home/isg/workspace/denso_ros2_ws/src/install/ros2_control_demo_example_3/share/ros2_control_demo_example_3/package.dsv
[13.279s] -- Installing: /home/isg/workspace/denso_ros2_ws/src/install/ros2_control_demo_example_3/share/ament_index/resource_index/packages/ros2_control_demo_example_3
[13.279s] -- Installing: /home/isg/workspace/denso_ros2_ws/src/install/ros2_control_demo_example_3/share/ament_index/resource_index/hardware_interface__pluginlib__plugin/ros2_control_demo_example_3
[13.279s] -- Installing: /home/isg/workspace/denso_ros2_ws/src/install/ros2_control_demo_example_3/share/ros2_control_demo_example_3/cmake/export_ros2_control_demo_example_3Export.cmake
[13.281s] -- Installing: /home/isg/workspace/denso_ros2_ws/src/install/ros2_control_demo_example_3/share/ros2_control_demo_example_3/cmake/export_ros2_control_demo_example_3Export-release.cmake
[13.281s] -- Installing: /home/isg/workspace/denso_ros2_ws/src/install/ros2_control_demo_example_3/share/ros2_control_demo_example_3/cmake/ament_cmake_export_targets-extras.cmake
[13.281s] -- Installing: /home/isg/workspace/denso_ros2_ws/src/install/ros2_control_demo_example_3/share/ros2_control_demo_example_3/cmake/ament_cmake_export_dependencies-extras.cmake
[13.281s] -- Installing: /home/isg/workspace/denso_ros2_ws/src/install/ros2_control_demo_example_3/share/ros2_control_demo_example_3/cmake/ros2_control_demo_example_3Config.cmake
[13.281s] -- Installing: /home/isg/workspace/denso_ros2_ws/src/install/ros2_control_demo_example_3/share/ros2_control_demo_example_3/cmake/ros2_control_demo_example_3Config-version.cmake
[13.281s] -- Installing: /home/isg/workspace/denso_ros2_ws/src/install/ros2_control_demo_example_3/share/ros2_control_demo_example_3/package.xml
[13.286s] Invoked command in '/home/isg/workspace/denso_ros2_ws/src/build/ros2_control_demo_example_3' returned '0': AMENT_PREFIX_PATH=/home/isg/workspace/denso_ros2_ws/src/install/ros2_control_demo_description:${AMENT_PREFIX_PATH} CMAKE_PREFIX_PATH=/home/isg/workspace/denso_ros2_ws/src/install/ros2_control_demo_description:/opt/ros/humble /usr/bin/cmake --install /home/isg/workspace/denso_ros2_ws/src/build/ros2_control_demo_example_3
