[0.101s] Invoking command in '/home/isg/workspace/denso_ros2_ws/build/bcap_service_interfaces': CMAKE_PREFIX_PATH=/home/isg/workspace/denso_ros2_ws/install/bcap_core:/home/isg/workspace/denso_ros2_ws/install/ros2_control_demos:/home/isg/workspace/denso_ros2_ws/install/ros2_control_demo_example_9:/home/isg/workspace/denso_ros2_ws/install/ros2_control_demo_example_8:/home/isg/workspace/denso_ros2_ws/install/ros2_control_demo_example_7:/home/isg/workspace/denso_ros2_ws/install/ros2_control_demo_example_6:/home/isg/workspace/denso_ros2_ws/install/ros2_control_demo_example_15:/home/isg/workspace/denso_ros2_ws/install/ros2_control_demo_example_13:/home/isg/workspace/denso_ros2_ws/install/ros2_control_demo_example_5:/home/isg/workspace/denso_ros2_ws/install/ros2_control_demo_example_4:/home/isg/workspace/denso_ros2_ws/install/ros2_control_demo_example_3:/home/isg/workspace/denso_ros2_ws/install/ros2_control_demo_example_2:/home/isg/workspace/denso_ros2_ws/install/ros2_control_demo_example_14:/home/isg/workspace/denso_ros2_ws/install/ros2_control_demo_example_12:/home/isg/workspace/denso_ros2_ws/install/ros2_control_demo_example_11:/home/isg/workspace/denso_ros2_ws/install/ros2_control_demo_example_10:/home/isg/workspace/denso_ros2_ws/install/ros2_control_demo_example_1:/home/isg/workspace/denso_ros2_ws/install/ros2_control_demo_description:/home/isg/workspace/denso_ros2_ws/install/gazebo_ros2_control_demos:/home/isg/workspace/denso_ros2_ws/install/denso_robot_bringup:/home/isg/workspace/denso_ros2_ws/install/gazebo_ros2_control:/home/isg/workspace/denso_ros2_ws/install/denso_robot_moveit_demo:/home/isg/workspace/denso_ros2_ws/install/denso_robot_moveit_config:/home/isg/workspace/denso_ros2_ws/install/denso_robot_descriptions:/home/isg/workspace/denso_ros2_ws/install/denso_robot_control:/home/isg/workspace/denso_ros2_ws/install/denso_robot_core:/home/isg/workspace/denso_ros2_ws/install/denso_robot_core_interfaces:/home/isg/workspace/denso_ros2_ws/install/bcap_service:/home/isg/workspace/denso_ros2_ws/install/bcap_service_interfaces:/home/isg/workspace/denso_ros2_ws/install/denso_robot_description_installer:/home/isg/workspace/denso_ros2_ws/install/camera_publisher:/opt/ros/humble LD_LIBRARY_PATH=/home/isg/workspace/denso_ros2_ws/install/bcap_core/lib:/home/isg/workspace/denso_ros2_ws/install/ros2_control_demo_example_9/lib:/home/isg/workspace/denso_ros2_ws/install/ros2_control_demo_example_8/lib:/home/isg/workspace/denso_ros2_ws/install/ros2_control_demo_example_7/lib:/home/isg/workspace/denso_ros2_ws/install/ros2_control_demo_example_6/lib:/home/isg/workspace/denso_ros2_ws/install/ros2_control_demo_example_5/lib:/home/isg/workspace/denso_ros2_ws/install/ros2_control_demo_example_4/lib:/home/isg/workspace/denso_ros2_ws/install/ros2_control_demo_example_3/lib:/home/isg/workspace/denso_ros2_ws/install/ros2_control_demo_example_2/lib:/home/isg/workspace/denso_ros2_ws/install/ros2_control_demo_example_14/lib:/home/isg/workspace/denso_ros2_ws/install/ros2_control_demo_example_12/lib:/home/isg/workspace/denso_ros2_ws/install/ros2_control_demo_example_11/lib:/home/isg/workspace/denso_ros2_ws/install/ros2_control_demo_example_10/lib:/home/isg/workspace/denso_ros2_ws/install/ros2_control_demo_example_1/lib:/home/isg/workspace/denso_ros2_ws/install/gazebo_ros2_control/lib:/home/isg/workspace/denso_ros2_ws/install/denso_robot_control/lib:/home/isg/workspace/denso_ros2_ws/install/denso_robot_core/lib:/home/isg/workspace/denso_ros2_ws/install/denso_robot_core_interfaces/lib:/home/isg/workspace/denso_ros2_ws/install/bcap_service/lib:/home/isg/workspace/denso_ros2_ws/install/bcap_service_interfaces/lib:/opt/ros/humble/opt/rviz_ogre_vendor/lib:/opt/ros/humble/lib/x86_64-linux-gnu:/opt/ros/humble/lib /usr/bin/cmake --build /home/isg/workspace/denso_ros2_ws/build/bcap_service_interfaces -- -j16 -l16
[0.207s] [  2%] Built target bcap_service_interfaces__cpp
[0.214s] [ 12%] Built target bcap_service_interfaces__rosidl_generator_c
[0.226s] [ 12%] Built target ament_cmake_python_symlink_bcap_service_interfaces
[0.266s] [ 23%] Built target bcap_service_interfaces__rosidl_typesupport_cpp
[0.268s] [ 33%] Built target bcap_service_interfaces__rosidl_typesupport_fastrtps_c
[0.281s] [ 43%] Built target bcap_service_interfaces__rosidl_typesupport_c
[0.281s] [ 53%] Built target bcap_service_interfaces__rosidl_typesupport_introspection_cpp
[0.293s] [ 64%] Built target bcap_service_interfaces__rosidl_typesupport_introspection_c
[0.295s] [ 74%] Built target bcap_service_interfaces__rosidl_typesupport_fastrtps_cpp
[0.329s] [ 74%] Built target bcap_service_interfaces
[0.361s] [ 76%] Built target bcap_service_interfaces__py
[0.389s] [ 84%] Built target bcap_service_interfaces__rosidl_generator_py
[0.420s] [ 89%] Built target bcap_service_interfaces__rosidl_typesupport_fastrtps_c__pyext
[0.420s] [ 94%] Built target bcap_service_interfaces__rosidl_typesupport_introspection_c__pyext
[0.427s] [100%] Built target bcap_service_interfaces__rosidl_typesupport_c__pyext
[0.480s] running egg_info
[0.480s] writing bcap_service_interfaces.egg-info/PKG-INFO
[0.480s] writing dependency_links to bcap_service_interfaces.egg-info/dependency_links.txt
[0.481s] writing top-level names to bcap_service_interfaces.egg-info/top_level.txt
[0.483s] reading manifest file 'bcap_service_interfaces.egg-info/SOURCES.txt'
[0.483s] writing manifest file 'bcap_service_interfaces.egg-info/SOURCES.txt'
[0.509s] [100%] Built target ament_cmake_python_build_bcap_service_interfaces_egg
[0.550s] Invoked command in '/home/isg/workspace/denso_ros2_ws/build/bcap_service_interfaces' returned '0': CMAKE_PREFIX_PATH=/home/isg/workspace/denso_ros2_ws/install/bcap_core:/home/isg/workspace/denso_ros2_ws/install/ros2_control_demos:/home/isg/workspace/denso_ros2_ws/install/ros2_control_demo_example_9:/home/isg/workspace/denso_ros2_ws/install/ros2_control_demo_example_8:/home/isg/workspace/denso_ros2_ws/install/ros2_control_demo_example_7:/home/isg/workspace/denso_ros2_ws/install/ros2_control_demo_example_6:/home/isg/workspace/denso_ros2_ws/install/ros2_control_demo_example_15:/home/isg/workspace/denso_ros2_ws/install/ros2_control_demo_example_13:/home/isg/workspace/denso_ros2_ws/install/ros2_control_demo_example_5:/home/isg/workspace/denso_ros2_ws/install/ros2_control_demo_example_4:/home/isg/workspace/denso_ros2_ws/install/ros2_control_demo_example_3:/home/isg/workspace/denso_ros2_ws/install/ros2_control_demo_example_2:/home/isg/workspace/denso_ros2_ws/install/ros2_control_demo_example_14:/home/isg/workspace/denso_ros2_ws/install/ros2_control_demo_example_12:/home/isg/workspace/denso_ros2_ws/install/ros2_control_demo_example_11:/home/isg/workspace/denso_ros2_ws/install/ros2_control_demo_example_10:/home/isg/workspace/denso_ros2_ws/install/ros2_control_demo_example_1:/home/isg/workspace/denso_ros2_ws/install/ros2_control_demo_description:/home/isg/workspace/denso_ros2_ws/install/gazebo_ros2_control_demos:/home/isg/workspace/denso_ros2_ws/install/denso_robot_bringup:/home/isg/workspace/denso_ros2_ws/install/gazebo_ros2_control:/home/isg/workspace/denso_ros2_ws/install/denso_robot_moveit_demo:/home/isg/workspace/denso_ros2_ws/install/denso_robot_moveit_config:/home/isg/workspace/denso_ros2_ws/install/denso_robot_descriptions:/home/isg/workspace/denso_ros2_ws/install/denso_robot_control:/home/isg/workspace/denso_ros2_ws/install/denso_robot_core:/home/isg/workspace/denso_ros2_ws/install/denso_robot_core_interfaces:/home/isg/workspace/denso_ros2_ws/install/bcap_service:/home/isg/workspace/denso_ros2_ws/install/bcap_service_interfaces:/home/isg/workspace/denso_ros2_ws/install/denso_robot_description_installer:/home/isg/workspace/denso_ros2_ws/install/camera_publisher:/opt/ros/humble LD_LIBRARY_PATH=/home/isg/workspace/denso_ros2_ws/install/bcap_core/lib:/home/isg/workspace/denso_ros2_ws/install/ros2_control_demo_example_9/lib:/home/isg/workspace/denso_ros2_ws/install/ros2_control_demo_example_8/lib:/home/isg/workspace/denso_ros2_ws/install/ros2_control_demo_example_7/lib:/home/isg/workspace/denso_ros2_ws/install/ros2_control_demo_example_6/lib:/home/isg/workspace/denso_ros2_ws/install/ros2_control_demo_example_5/lib:/home/isg/workspace/denso_ros2_ws/install/ros2_control_demo_example_4/lib:/home/isg/workspace/denso_ros2_ws/install/ros2_control_demo_example_3/lib:/home/isg/workspace/denso_ros2_ws/install/ros2_control_demo_example_2/lib:/home/isg/workspace/denso_ros2_ws/install/ros2_control_demo_example_14/lib:/home/isg/workspace/denso_ros2_ws/install/ros2_control_demo_example_12/lib:/home/isg/workspace/denso_ros2_ws/install/ros2_control_demo_example_11/lib:/home/isg/workspace/denso_ros2_ws/install/ros2_control_demo_example_10/lib:/home/isg/workspace/denso_ros2_ws/install/ros2_control_demo_example_1/lib:/home/isg/workspace/denso_ros2_ws/install/gazebo_ros2_control/lib:/home/isg/workspace/denso_ros2_ws/install/denso_robot_control/lib:/home/isg/workspace/denso_ros2_ws/install/denso_robot_core/lib:/home/isg/workspace/denso_ros2_ws/install/denso_robot_core_interfaces/lib:/home/isg/workspace/denso_ros2_ws/install/bcap_service/lib:/home/isg/workspace/denso_ros2_ws/install/bcap_service_interfaces/lib:/opt/ros/humble/opt/rviz_ogre_vendor/lib:/opt/ros/humble/lib/x86_64-linux-gnu:/opt/ros/humble/lib /usr/bin/cmake --build /home/isg/workspace/denso_ros2_ws/build/bcap_service_interfaces -- -j16 -l16
[0.551s] Invoking command in '/home/isg/workspace/denso_ros2_ws/build/bcap_service_interfaces': CMAKE_PREFIX_PATH=/home/isg/workspace/denso_ros2_ws/install/bcap_core:/home/isg/workspace/denso_ros2_ws/install/ros2_control_demos:/home/isg/workspace/denso_ros2_ws/install/ros2_control_demo_example_9:/home/isg/workspace/denso_ros2_ws/install/ros2_control_demo_example_8:/home/isg/workspace/denso_ros2_ws/install/ros2_control_demo_example_7:/home/isg/workspace/denso_ros2_ws/install/ros2_control_demo_example_6:/home/isg/workspace/denso_ros2_ws/install/ros2_control_demo_example_15:/home/isg/workspace/denso_ros2_ws/install/ros2_control_demo_example_13:/home/isg/workspace/denso_ros2_ws/install/ros2_control_demo_example_5:/home/isg/workspace/denso_ros2_ws/install/ros2_control_demo_example_4:/home/isg/workspace/denso_ros2_ws/install/ros2_control_demo_example_3:/home/isg/workspace/denso_ros2_ws/install/ros2_control_demo_example_2:/home/isg/workspace/denso_ros2_ws/install/ros2_control_demo_example_14:/home/isg/workspace/denso_ros2_ws/install/ros2_control_demo_example_12:/home/isg/workspace/denso_ros2_ws/install/ros2_control_demo_example_11:/home/isg/workspace/denso_ros2_ws/install/ros2_control_demo_example_10:/home/isg/workspace/denso_ros2_ws/install/ros2_control_demo_example_1:/home/isg/workspace/denso_ros2_ws/install/ros2_control_demo_description:/home/isg/workspace/denso_ros2_ws/install/gazebo_ros2_control_demos:/home/isg/workspace/denso_ros2_ws/install/denso_robot_bringup:/home/isg/workspace/denso_ros2_ws/install/gazebo_ros2_control:/home/isg/workspace/denso_ros2_ws/install/denso_robot_moveit_demo:/home/isg/workspace/denso_ros2_ws/install/denso_robot_moveit_config:/home/isg/workspace/denso_ros2_ws/install/denso_robot_descriptions:/home/isg/workspace/denso_ros2_ws/install/denso_robot_control:/home/isg/workspace/denso_ros2_ws/install/denso_robot_core:/home/isg/workspace/denso_ros2_ws/install/denso_robot_core_interfaces:/home/isg/workspace/denso_ros2_ws/install/bcap_service:/home/isg/workspace/denso_ros2_ws/install/bcap_service_interfaces:/home/isg/workspace/denso_ros2_ws/install/denso_robot_description_installer:/home/isg/workspace/denso_ros2_ws/install/camera_publisher:/opt/ros/humble LD_LIBRARY_PATH=/home/isg/workspace/denso_ros2_ws/install/bcap_core/lib:/home/isg/workspace/denso_ros2_ws/install/ros2_control_demo_example_9/lib:/home/isg/workspace/denso_ros2_ws/install/ros2_control_demo_example_8/lib:/home/isg/workspace/denso_ros2_ws/install/ros2_control_demo_example_7/lib:/home/isg/workspace/denso_ros2_ws/install/ros2_control_demo_example_6/lib:/home/isg/workspace/denso_ros2_ws/install/ros2_control_demo_example_5/lib:/home/isg/workspace/denso_ros2_ws/install/ros2_control_demo_example_4/lib:/home/isg/workspace/denso_ros2_ws/install/ros2_control_demo_example_3/lib:/home/isg/workspace/denso_ros2_ws/install/ros2_control_demo_example_2/lib:/home/isg/workspace/denso_ros2_ws/install/ros2_control_demo_example_14/lib:/home/isg/workspace/denso_ros2_ws/install/ros2_control_demo_example_12/lib:/home/isg/workspace/denso_ros2_ws/install/ros2_control_demo_example_11/lib:/home/isg/workspace/denso_ros2_ws/install/ros2_control_demo_example_10/lib:/home/isg/workspace/denso_ros2_ws/install/ros2_control_demo_example_1/lib:/home/isg/workspace/denso_ros2_ws/install/gazebo_ros2_control/lib:/home/isg/workspace/denso_ros2_ws/install/denso_robot_control/lib:/home/isg/workspace/denso_ros2_ws/install/denso_robot_core/lib:/home/isg/workspace/denso_ros2_ws/install/denso_robot_core_interfaces/lib:/home/isg/workspace/denso_ros2_ws/install/bcap_service/lib:/home/isg/workspace/denso_ros2_ws/install/bcap_service_interfaces/lib:/opt/ros/humble/opt/rviz_ogre_vendor/lib:/opt/ros/humble/lib/x86_64-linux-gnu:/opt/ros/humble/lib /usr/bin/cmake --install /home/isg/workspace/denso_ros2_ws/build/bcap_service_interfaces
[0.563s] -- Install configuration: ""
[0.563s] -- Execute custom install script
[0.564s] -- Up-to-date symlink: /home/isg/workspace/denso_ros2_ws/install/bcap_service_interfaces/share/ament_index/resource_index/rosidl_interfaces/bcap_service_interfaces
[0.564s] -- Up-to-date symlink: /home/isg/workspace/denso_ros2_ws/install/bcap_service_interfaces/include/bcap_service_interfaces/bcap_service_interfaces/msg/detail/variant__functions.h
[0.565s] -- Up-to-date symlink: /home/isg/workspace/denso_ros2_ws/install/bcap_service_interfaces/include/bcap_service_interfaces/bcap_service_interfaces/msg/detail/variant__struct.h
[0.565s] -- Up-to-date symlink: /home/isg/workspace/denso_ros2_ws/install/bcap_service_interfaces/include/bcap_service_interfaces/bcap_service_interfaces/msg/detail/variant__type_support.h
[0.565s] -- Up-to-date symlink: /home/isg/workspace/denso_ros2_ws/install/bcap_service_interfaces/include/bcap_service_interfaces/bcap_service_interfaces/msg/rosidl_generator_c__visibility_control.h
[0.565s] -- Up-to-date symlink: /home/isg/workspace/denso_ros2_ws/install/bcap_service_interfaces/include/bcap_service_interfaces/bcap_service_interfaces/msg/variant.h
[0.565s] -- Up-to-date symlink: /home/isg/workspace/denso_ros2_ws/install/bcap_service_interfaces/include/bcap_service_interfaces/bcap_service_interfaces/srv/bcap.h
[0.566s] -- Up-to-date symlink: /home/isg/workspace/denso_ros2_ws/install/bcap_service_interfaces/include/bcap_service_interfaces/bcap_service_interfaces/srv/detail/bcap__functions.h
[0.566s] -- Up-to-date symlink: /home/isg/workspace/denso_ros2_ws/install/bcap_service_interfaces/include/bcap_service_interfaces/bcap_service_interfaces/srv/detail/bcap__struct.h
[0.566s] -- Up-to-date symlink: /home/isg/workspace/denso_ros2_ws/install/bcap_service_interfaces/include/bcap_service_interfaces/bcap_service_interfaces/srv/detail/bcap__type_support.h
[0.566s] -- Up-to-date symlink: /home/isg/workspace/denso_ros2_ws/install/bcap_service_interfaces/share/bcap_service_interfaces/environment/library_path.sh
[0.567s] -- Up-to-date symlink: /home/isg/workspace/denso_ros2_ws/install/bcap_service_interfaces/share/bcap_service_interfaces/environment/library_path.dsv
[0.567s] -- Up-to-date symlink: /home/isg/workspace/denso_ros2_ws/install/bcap_service_interfaces/include/bcap_service_interfaces/bcap_service_interfaces/msg/detail/variant__rosidl_typesupport_fastrtps_c.h
[0.567s] -- Up-to-date symlink: /home/isg/workspace/denso_ros2_ws/install/bcap_service_interfaces/include/bcap_service_interfaces/bcap_service_interfaces/msg/rosidl_typesupport_fastrtps_c__visibility_control.h
[0.568s] -- Up-to-date symlink: /home/isg/workspace/denso_ros2_ws/install/bcap_service_interfaces/include/bcap_service_interfaces/bcap_service_interfaces/srv/detail/bcap__rosidl_typesupport_fastrtps_c.h
[0.568s] -- Up-to-date symlink: /home/isg/workspace/denso_ros2_ws/install/bcap_service_interfaces/include/bcap_service_interfaces/bcap_service_interfaces/msg/detail/variant__rosidl_typesupport_introspection_c.h
[0.568s] -- Up-to-date symlink: /home/isg/workspace/denso_ros2_ws/install/bcap_service_interfaces/include/bcap_service_interfaces/bcap_service_interfaces/msg/rosidl_typesupport_introspection_c__visibility_control.h
[0.568s] -- Up-to-date symlink: /home/isg/workspace/denso_ros2_ws/install/bcap_service_interfaces/include/bcap_service_interfaces/bcap_service_interfaces/srv/detail/bcap__rosidl_typesupport_introspection_c.h
[0.569s] -- Up-to-date symlink: /home/isg/workspace/denso_ros2_ws/install/bcap_service_interfaces/include/bcap_service_interfaces/bcap_service_interfaces/msg/detail/variant__builder.hpp
[0.569s] -- Up-to-date symlink: /home/isg/workspace/denso_ros2_ws/install/bcap_service_interfaces/include/bcap_service_interfaces/bcap_service_interfaces/msg/detail/variant__struct.hpp
[0.569s] -- Up-to-date symlink: /home/isg/workspace/denso_ros2_ws/install/bcap_service_interfaces/include/bcap_service_interfaces/bcap_service_interfaces/msg/detail/variant__traits.hpp
[0.570s] -- Up-to-date symlink: /home/isg/workspace/denso_ros2_ws/install/bcap_service_interfaces/include/bcap_service_interfaces/bcap_service_interfaces/msg/detail/variant__type_support.hpp
[0.570s] -- Up-to-date symlink: /home/isg/workspace/denso_ros2_ws/install/bcap_service_interfaces/include/bcap_service_interfaces/bcap_service_interfaces/msg/rosidl_generator_cpp__visibility_control.hpp
[0.570s] -- Up-to-date symlink: /home/isg/workspace/denso_ros2_ws/install/bcap_service_interfaces/include/bcap_service_interfaces/bcap_service_interfaces/msg/variant.hpp
[0.571s] -- Up-to-date symlink: /home/isg/workspace/denso_ros2_ws/install/bcap_service_interfaces/include/bcap_service_interfaces/bcap_service_interfaces/srv/bcap.hpp
[0.571s] -- Up-to-date symlink: /home/isg/workspace/denso_ros2_ws/install/bcap_service_interfaces/include/bcap_service_interfaces/bcap_service_interfaces/srv/detail/bcap__builder.hpp
[0.571s] -- Up-to-date symlink: /home/isg/workspace/denso_ros2_ws/install/bcap_service_interfaces/include/bcap_service_interfaces/bcap_service_interfaces/srv/detail/bcap__struct.hpp
[0.571s] -- Up-to-date symlink: /home/isg/workspace/denso_ros2_ws/install/bcap_service_interfaces/include/bcap_service_interfaces/bcap_service_interfaces/srv/detail/bcap__traits.hpp
[0.572s] -- Up-to-date symlink: /home/isg/workspace/denso_ros2_ws/install/bcap_service_interfaces/include/bcap_service_interfaces/bcap_service_interfaces/srv/detail/bcap__type_support.hpp
[0.572s] -- Up-to-date symlink: /home/isg/workspace/denso_ros2_ws/install/bcap_service_interfaces/include/bcap_service_interfaces/bcap_service_interfaces/msg/detail/variant__rosidl_typesupport_fastrtps_cpp.hpp
[0.573s] -- Up-to-date symlink: /home/isg/workspace/denso_ros2_ws/install/bcap_service_interfaces/include/bcap_service_interfaces/bcap_service_interfaces/msg/rosidl_typesupport_fastrtps_cpp__visibility_control.h
[0.573s] -- Up-to-date symlink: /home/isg/workspace/denso_ros2_ws/install/bcap_service_interfaces/include/bcap_service_interfaces/bcap_service_interfaces/srv/detail/bcap__rosidl_typesupport_fastrtps_cpp.hpp
[0.574s] -- Up-to-date symlink: /home/isg/workspace/denso_ros2_ws/install/bcap_service_interfaces/include/bcap_service_interfaces/bcap_service_interfaces/msg/detail/variant__rosidl_typesupport_introspection_cpp.hpp
[0.574s] -- Up-to-date symlink: /home/isg/workspace/denso_ros2_ws/install/bcap_service_interfaces/include/bcap_service_interfaces/bcap_service_interfaces/srv/detail/bcap__rosidl_typesupport_introspection_cpp.hpp
[0.574s] -- Up-to-date symlink: /home/isg/workspace/denso_ros2_ws/install/bcap_service_interfaces/share/bcap_service_interfaces/environment/pythonpath.sh
[0.574s] -- Up-to-date symlink: /home/isg/workspace/denso_ros2_ws/install/bcap_service_interfaces/share/bcap_service_interfaces/environment/pythonpath.dsv
[0.575s] -- Up-to-date symlink: /home/isg/workspace/denso_ros2_ws/install/bcap_service_interfaces/local/lib/python3.10/dist-packages/bcap_service_interfaces-1.2.0-py3.10.egg-info/PKG-INFO
[0.575s] -- Up-to-date symlink: /home/isg/workspace/denso_ros2_ws/install/bcap_service_interfaces/local/lib/python3.10/dist-packages/bcap_service_interfaces-1.2.0-py3.10.egg-info/SOURCES.txt
[0.575s] -- Up-to-date symlink: /home/isg/workspace/denso_ros2_ws/install/bcap_service_interfaces/local/lib/python3.10/dist-packages/bcap_service_interfaces-1.2.0-py3.10.egg-info/dependency_links.txt
[0.576s] -- Up-to-date symlink: /home/isg/workspace/denso_ros2_ws/install/bcap_service_interfaces/local/lib/python3.10/dist-packages/bcap_service_interfaces-1.2.0-py3.10.egg-info/top_level.txt
[0.576s] -- Up-to-date symlink: /home/isg/workspace/denso_ros2_ws/install/bcap_service_interfaces/local/lib/python3.10/dist-packages/bcap_service_interfaces/__init__.py
[0.577s] -- Up-to-date symlink: /home/isg/workspace/denso_ros2_ws/install/bcap_service_interfaces/local/lib/python3.10/dist-packages/bcap_service_interfaces/_bcap_service_interfaces_s.ep.rosidl_typesupport_c.c
[0.577s] -- Up-to-date symlink: /home/isg/workspace/denso_ros2_ws/install/bcap_service_interfaces/local/lib/python3.10/dist-packages/bcap_service_interfaces/_bcap_service_interfaces_s.ep.rosidl_typesupport_fastrtps_c.c
[0.577s] -- Up-to-date symlink: /home/isg/workspace/denso_ros2_ws/install/bcap_service_interfaces/local/lib/python3.10/dist-packages/bcap_service_interfaces/_bcap_service_interfaces_s.ep.rosidl_typesupport_introspection_c.c
[0.577s] -- Up-to-date symlink: /home/isg/workspace/denso_ros2_ws/install/bcap_service_interfaces/local/lib/python3.10/dist-packages/bcap_service_interfaces/bcap_service_interfaces_s__rosidl_typesupport_c.cpython-310-x86_64-linux-gnu.so
[0.578s] -- Up-to-date symlink: /home/isg/workspace/denso_ros2_ws/install/bcap_service_interfaces/local/lib/python3.10/dist-packages/bcap_service_interfaces/bcap_service_interfaces_s__rosidl_typesupport_fastrtps_c.cpython-310-x86_64-linux-gnu.so
[0.578s] -- Up-to-date symlink: /home/isg/workspace/denso_ros2_ws/install/bcap_service_interfaces/local/lib/python3.10/dist-packages/bcap_service_interfaces/bcap_service_interfaces_s__rosidl_typesupport_introspection_c.cpython-310-x86_64-linux-gnu.so
[0.578s] -- Up-to-date symlink: /home/isg/workspace/denso_ros2_ws/install/bcap_service_interfaces/local/lib/python3.10/dist-packages/bcap_service_interfaces/libbcap_service_interfaces__rosidl_generator_py.so
[0.578s] -- Up-to-date symlink: /home/isg/workspace/denso_ros2_ws/install/bcap_service_interfaces/local/lib/python3.10/dist-packages/bcap_service_interfaces/msg/__init__.py
[0.579s] -- Up-to-date symlink: /home/isg/workspace/denso_ros2_ws/install/bcap_service_interfaces/local/lib/python3.10/dist-packages/bcap_service_interfaces/msg/_variant.py
[0.579s] -- Up-to-date symlink: /home/isg/workspace/denso_ros2_ws/install/bcap_service_interfaces/local/lib/python3.10/dist-packages/bcap_service_interfaces/msg/_variant_s.c
[0.579s] -- Up-to-date symlink: /home/isg/workspace/denso_ros2_ws/install/bcap_service_interfaces/local/lib/python3.10/dist-packages/bcap_service_interfaces/srv/__init__.py
[0.580s] -- Up-to-date symlink: /home/isg/workspace/denso_ros2_ws/install/bcap_service_interfaces/local/lib/python3.10/dist-packages/bcap_service_interfaces/srv/_bcap.py
[0.580s] -- Up-to-date symlink: /home/isg/workspace/denso_ros2_ws/install/bcap_service_interfaces/local/lib/python3.10/dist-packages/bcap_service_interfaces/srv/_bcap_s.c
[0.580s] -- Up-to-date symlink: /home/isg/workspace/denso_ros2_ws/install/bcap_service_interfaces/local/lib/python3.10/dist-packages/bcap_service_interfaces/bcap_service_interfaces_s__rosidl_typesupport_fastrtps_c.cpython-310-x86_64-linux-gnu.so
[0.581s] -- Up-to-date symlink: /home/isg/workspace/denso_ros2_ws/install/bcap_service_interfaces/local/lib/python3.10/dist-packages/bcap_service_interfaces/bcap_service_interfaces_s__rosidl_typesupport_introspection_c.cpython-310-x86_64-linux-gnu.so
[0.581s] -- Up-to-date symlink: /home/isg/workspace/denso_ros2_ws/install/bcap_service_interfaces/local/lib/python3.10/dist-packages/bcap_service_interfaces/bcap_service_interfaces_s__rosidl_typesupport_c.cpython-310-x86_64-linux-gnu.so
[0.581s] -- Up-to-date symlink: /home/isg/workspace/denso_ros2_ws/install/bcap_service_interfaces/share/bcap_service_interfaces/msg/Variant.idl
[0.582s] -- Up-to-date symlink: /home/isg/workspace/denso_ros2_ws/install/bcap_service_interfaces/share/bcap_service_interfaces/srv/Bcap.idl
[0.582s] -- Up-to-date symlink: /home/isg/workspace/denso_ros2_ws/install/bcap_service_interfaces/share/bcap_service_interfaces/msg/Variant.msg
[0.582s] -- Up-to-date symlink: /home/isg/workspace/denso_ros2_ws/install/bcap_service_interfaces/share/bcap_service_interfaces/srv/Bcap.srv
[0.583s] -- Up-to-date symlink: /home/isg/workspace/denso_ros2_ws/install/bcap_service_interfaces/share/bcap_service_interfaces/srv/Bcap_Request.msg
[0.583s] -- Up-to-date symlink: /home/isg/workspace/denso_ros2_ws/install/bcap_service_interfaces/share/bcap_service_interfaces/srv/Bcap_Response.msg
[0.583s] -- Up-to-date symlink: /home/isg/workspace/denso_ros2_ws/install/bcap_service_interfaces/share/ament_index/resource_index/package_run_dependencies/bcap_service_interfaces
[0.583s] -- Up-to-date symlink: /home/isg/workspace/denso_ros2_ws/install/bcap_service_interfaces/share/ament_index/resource_index/parent_prefix_path/bcap_service_interfaces
[0.584s] -- Up-to-date symlink: /home/isg/workspace/denso_ros2_ws/install/bcap_service_interfaces/share/bcap_service_interfaces/environment/ament_prefix_path.sh
[0.584s] -- Up-to-date symlink: /home/isg/workspace/denso_ros2_ws/install/bcap_service_interfaces/share/bcap_service_interfaces/environment/ament_prefix_path.dsv
[0.584s] -- Up-to-date symlink: /home/isg/workspace/denso_ros2_ws/install/bcap_service_interfaces/share/bcap_service_interfaces/environment/path.sh
[0.584s] -- Up-to-date symlink: /home/isg/workspace/denso_ros2_ws/install/bcap_service_interfaces/share/bcap_service_interfaces/environment/path.dsv
[0.584s] -- Up-to-date symlink: /home/isg/workspace/denso_ros2_ws/install/bcap_service_interfaces/share/bcap_service_interfaces/local_setup.bash
[0.585s] -- Up-to-date symlink: /home/isg/workspace/denso_ros2_ws/install/bcap_service_interfaces/share/bcap_service_interfaces/local_setup.sh
[0.585s] -- Up-to-date symlink: /home/isg/workspace/denso_ros2_ws/install/bcap_service_interfaces/share/bcap_service_interfaces/local_setup.zsh
[0.585s] -- Up-to-date symlink: /home/isg/workspace/denso_ros2_ws/install/bcap_service_interfaces/share/bcap_service_interfaces/local_setup.dsv
[0.585s] -- Symlinking: /home/isg/workspace/denso_ros2_ws/install/bcap_service_interfaces/share/bcap_service_interfaces/package.dsv
[0.601s] -- Up-to-date symlink: /home/isg/workspace/denso_ros2_ws/install/bcap_service_interfaces/share/ament_index/resource_index/packages/bcap_service_interfaces
[0.601s] -- Up-to-date symlink: /home/isg/workspace/denso_ros2_ws/install/bcap_service_interfaces/share/bcap_service_interfaces/cmake/rosidl_cmake-extras.cmake
[0.601s] -- Up-to-date symlink: /home/isg/workspace/denso_ros2_ws/install/bcap_service_interfaces/share/bcap_service_interfaces/cmake/ament_cmake_export_include_directories-extras.cmake
[0.601s] -- Up-to-date symlink: /home/isg/workspace/denso_ros2_ws/install/bcap_service_interfaces/share/bcap_service_interfaces/cmake/ament_cmake_export_libraries-extras.cmake
[0.602s] -- Up-to-date symlink: /home/isg/workspace/denso_ros2_ws/install/bcap_service_interfaces/share/bcap_service_interfaces/cmake/ament_cmake_export_targets-extras.cmake
[0.602s] -- Up-to-date symlink: /home/isg/workspace/denso_ros2_ws/install/bcap_service_interfaces/share/bcap_service_interfaces/cmake/rosidl_cmake_export_typesupport_targets-extras.cmake
[0.602s] -- Up-to-date symlink: /home/isg/workspace/denso_ros2_ws/install/bcap_service_interfaces/share/bcap_service_interfaces/cmake/ament_cmake_export_dependencies-extras.cmake
[0.604s] -- Up-to-date symlink: /home/isg/workspace/denso_ros2_ws/install/bcap_service_interfaces/share/bcap_service_interfaces/cmake/rosidl_cmake_export_typesupport_libraries-extras.cmake
[0.604s] -- Up-to-date symlink: /home/isg/workspace/denso_ros2_ws/install/bcap_service_interfaces/share/bcap_service_interfaces/cmake/bcap_service_interfacesConfig.cmake
[0.604s] -- Up-to-date symlink: /home/isg/workspace/denso_ros2_ws/install/bcap_service_interfaces/share/bcap_service_interfaces/cmake/bcap_service_interfacesConfig-version.cmake
[0.605s] -- Up-to-date symlink: /home/isg/workspace/denso_ros2_ws/install/bcap_service_interfaces/share/bcap_service_interfaces/package.xml
[0.606s] -- Up-to-date: /home/isg/workspace/denso_ros2_ws/install/bcap_service_interfaces/lib/libbcap_service_interfaces__rosidl_generator_c.so
[0.606s] -- Up-to-date: /home/isg/workspace/denso_ros2_ws/install/bcap_service_interfaces/lib/libbcap_service_interfaces__rosidl_typesupport_fastrtps_c.so
[0.607s] -- Up-to-date: /home/isg/workspace/denso_ros2_ws/install/bcap_service_interfaces/lib/libbcap_service_interfaces__rosidl_typesupport_introspection_c.so
[0.608s] -- Up-to-date: /home/isg/workspace/denso_ros2_ws/install/bcap_service_interfaces/lib/libbcap_service_interfaces__rosidl_typesupport_c.so
[0.608s] -- Up-to-date: /home/isg/workspace/denso_ros2_ws/install/bcap_service_interfaces/lib/libbcap_service_interfaces__rosidl_typesupport_fastrtps_cpp.so
[0.609s] -- Up-to-date: /home/isg/workspace/denso_ros2_ws/install/bcap_service_interfaces/lib/libbcap_service_interfaces__rosidl_typesupport_introspection_cpp.so
[0.609s] -- Up-to-date: /home/isg/workspace/denso_ros2_ws/install/bcap_service_interfaces/lib/libbcap_service_interfaces__rosidl_typesupport_cpp.so
[0.642s] Listing '/home/isg/workspace/denso_ros2_ws/install/bcap_service_interfaces/local/lib/python3.10/dist-packages/bcap_service_interfaces'...
[0.642s] Listing '/home/isg/workspace/denso_ros2_ws/install/bcap_service_interfaces/local/lib/python3.10/dist-packages/bcap_service_interfaces/msg'...
[0.642s] Listing '/home/isg/workspace/denso_ros2_ws/install/bcap_service_interfaces/local/lib/python3.10/dist-packages/bcap_service_interfaces/srv'...
[0.647s] -- Up-to-date: /home/isg/workspace/denso_ros2_ws/install/bcap_service_interfaces/lib/libbcap_service_interfaces__rosidl_generator_py.so
[0.647s] -- Up-to-date: /home/isg/workspace/denso_ros2_ws/install/bcap_service_interfaces/share/bcap_service_interfaces/cmake/export_bcap_service_interfaces__rosidl_generator_cExport.cmake
[0.647s] -- Up-to-date: /home/isg/workspace/denso_ros2_ws/install/bcap_service_interfaces/share/bcap_service_interfaces/cmake/export_bcap_service_interfaces__rosidl_generator_cExport-noconfig.cmake
[0.648s] -- Up-to-date: /home/isg/workspace/denso_ros2_ws/install/bcap_service_interfaces/share/bcap_service_interfaces/cmake/export_bcap_service_interfaces__rosidl_typesupport_fastrtps_cExport.cmake
[0.648s] -- Up-to-date: /home/isg/workspace/denso_ros2_ws/install/bcap_service_interfaces/share/bcap_service_interfaces/cmake/export_bcap_service_interfaces__rosidl_typesupport_fastrtps_cExport-noconfig.cmake
[0.648s] -- Up-to-date: /home/isg/workspace/denso_ros2_ws/install/bcap_service_interfaces/share/bcap_service_interfaces/cmake/bcap_service_interfaces__rosidl_typesupport_introspection_cExport.cmake
[0.648s] -- Up-to-date: /home/isg/workspace/denso_ros2_ws/install/bcap_service_interfaces/share/bcap_service_interfaces/cmake/bcap_service_interfaces__rosidl_typesupport_introspection_cExport-noconfig.cmake
[0.649s] -- Up-to-date: /home/isg/workspace/denso_ros2_ws/install/bcap_service_interfaces/share/bcap_service_interfaces/cmake/bcap_service_interfaces__rosidl_typesupport_cExport.cmake
[0.649s] -- Up-to-date: /home/isg/workspace/denso_ros2_ws/install/bcap_service_interfaces/share/bcap_service_interfaces/cmake/bcap_service_interfaces__rosidl_typesupport_cExport-noconfig.cmake
[0.649s] -- Up-to-date: /home/isg/workspace/denso_ros2_ws/install/bcap_service_interfaces/share/bcap_service_interfaces/cmake/export_bcap_service_interfaces__rosidl_generator_cppExport.cmake
[0.649s] -- Up-to-date: /home/isg/workspace/denso_ros2_ws/install/bcap_service_interfaces/share/bcap_service_interfaces/cmake/export_bcap_service_interfaces__rosidl_typesupport_fastrtps_cppExport.cmake
[0.649s] -- Up-to-date: /home/isg/workspace/denso_ros2_ws/install/bcap_service_interfaces/share/bcap_service_interfaces/cmake/export_bcap_service_interfaces__rosidl_typesupport_fastrtps_cppExport-noconfig.cmake
[0.650s] -- Up-to-date: /home/isg/workspace/denso_ros2_ws/install/bcap_service_interfaces/share/bcap_service_interfaces/cmake/bcap_service_interfaces__rosidl_typesupport_introspection_cppExport.cmake
[0.650s] -- Up-to-date: /home/isg/workspace/denso_ros2_ws/install/bcap_service_interfaces/share/bcap_service_interfaces/cmake/bcap_service_interfaces__rosidl_typesupport_introspection_cppExport-noconfig.cmake
[0.650s] -- Up-to-date: /home/isg/workspace/denso_ros2_ws/install/bcap_service_interfaces/share/bcap_service_interfaces/cmake/bcap_service_interfaces__rosidl_typesupport_cppExport.cmake
[0.650s] -- Up-to-date: /home/isg/workspace/denso_ros2_ws/install/bcap_service_interfaces/share/bcap_service_interfaces/cmake/bcap_service_interfaces__rosidl_typesupport_cppExport-noconfig.cmake
[0.650s] -- Up-to-date: /home/isg/workspace/denso_ros2_ws/install/bcap_service_interfaces/share/bcap_service_interfaces/cmake/export_bcap_service_interfaces__rosidl_generator_pyExport.cmake
[0.650s] -- Up-to-date: /home/isg/workspace/denso_ros2_ws/install/bcap_service_interfaces/share/bcap_service_interfaces/cmake/export_bcap_service_interfaces__rosidl_generator_pyExport-noconfig.cmake
[0.665s] Invoked command in '/home/isg/workspace/denso_ros2_ws/build/bcap_service_interfaces' returned '0': CMAKE_PREFIX_PATH=/home/isg/workspace/denso_ros2_ws/install/bcap_core:/home/isg/workspace/denso_ros2_ws/install/ros2_control_demos:/home/isg/workspace/denso_ros2_ws/install/ros2_control_demo_example_9:/home/isg/workspace/denso_ros2_ws/install/ros2_control_demo_example_8:/home/isg/workspace/denso_ros2_ws/install/ros2_control_demo_example_7:/home/isg/workspace/denso_ros2_ws/install/ros2_control_demo_example_6:/home/isg/workspace/denso_ros2_ws/install/ros2_control_demo_example_15:/home/isg/workspace/denso_ros2_ws/install/ros2_control_demo_example_13:/home/isg/workspace/denso_ros2_ws/install/ros2_control_demo_example_5:/home/isg/workspace/denso_ros2_ws/install/ros2_control_demo_example_4:/home/isg/workspace/denso_ros2_ws/install/ros2_control_demo_example_3:/home/isg/workspace/denso_ros2_ws/install/ros2_control_demo_example_2:/home/isg/workspace/denso_ros2_ws/install/ros2_control_demo_example_14:/home/isg/workspace/denso_ros2_ws/install/ros2_control_demo_example_12:/home/isg/workspace/denso_ros2_ws/install/ros2_control_demo_example_11:/home/isg/workspace/denso_ros2_ws/install/ros2_control_demo_example_10:/home/isg/workspace/denso_ros2_ws/install/ros2_control_demo_example_1:/home/isg/workspace/denso_ros2_ws/install/ros2_control_demo_description:/home/isg/workspace/denso_ros2_ws/install/gazebo_ros2_control_demos:/home/isg/workspace/denso_ros2_ws/install/denso_robot_bringup:/home/isg/workspace/denso_ros2_ws/install/gazebo_ros2_control:/home/isg/workspace/denso_ros2_ws/install/denso_robot_moveit_demo:/home/isg/workspace/denso_ros2_ws/install/denso_robot_moveit_config:/home/isg/workspace/denso_ros2_ws/install/denso_robot_descriptions:/home/isg/workspace/denso_ros2_ws/install/denso_robot_control:/home/isg/workspace/denso_ros2_ws/install/denso_robot_core:/home/isg/workspace/denso_ros2_ws/install/denso_robot_core_interfaces:/home/isg/workspace/denso_ros2_ws/install/bcap_service:/home/isg/workspace/denso_ros2_ws/install/bcap_service_interfaces:/home/isg/workspace/denso_ros2_ws/install/denso_robot_description_installer:/home/isg/workspace/denso_ros2_ws/install/camera_publisher:/opt/ros/humble LD_LIBRARY_PATH=/home/isg/workspace/denso_ros2_ws/install/bcap_core/lib:/home/isg/workspace/denso_ros2_ws/install/ros2_control_demo_example_9/lib:/home/isg/workspace/denso_ros2_ws/install/ros2_control_demo_example_8/lib:/home/isg/workspace/denso_ros2_ws/install/ros2_control_demo_example_7/lib:/home/isg/workspace/denso_ros2_ws/install/ros2_control_demo_example_6/lib:/home/isg/workspace/denso_ros2_ws/install/ros2_control_demo_example_5/lib:/home/isg/workspace/denso_ros2_ws/install/ros2_control_demo_example_4/lib:/home/isg/workspace/denso_ros2_ws/install/ros2_control_demo_example_3/lib:/home/isg/workspace/denso_ros2_ws/install/ros2_control_demo_example_2/lib:/home/isg/workspace/denso_ros2_ws/install/ros2_control_demo_example_14/lib:/home/isg/workspace/denso_ros2_ws/install/ros2_control_demo_example_12/lib:/home/isg/workspace/denso_ros2_ws/install/ros2_control_demo_example_11/lib:/home/isg/workspace/denso_ros2_ws/install/ros2_control_demo_example_10/lib:/home/isg/workspace/denso_ros2_ws/install/ros2_control_demo_example_1/lib:/home/isg/workspace/denso_ros2_ws/install/gazebo_ros2_control/lib:/home/isg/workspace/denso_ros2_ws/install/denso_robot_control/lib:/home/isg/workspace/denso_ros2_ws/install/denso_robot_core/lib:/home/isg/workspace/denso_ros2_ws/install/denso_robot_core_interfaces/lib:/home/isg/workspace/denso_ros2_ws/install/bcap_service/lib:/home/isg/workspace/denso_ros2_ws/install/bcap_service_interfaces/lib:/opt/ros/humble/opt/rviz_ogre_vendor/lib:/opt/ros/humble/lib/x86_64-linux-gnu:/opt/ros/humble/lib /usr/bin/cmake --install /home/isg/workspace/denso_ros2_ws/build/bcap_service_interfaces
