[0.465s] Invoking command in '/home/isg/workspace/denso_ros2_ws/build/denso_robot_moveit_demo': CMAKE_PREFIX_PATH=${CMAKE_PREFIX_PATH}:/home/isg/workspace/denso_ros2_ws/src/install/denso_robot_description_installer:/opt/ros/humble /usr/bin/cmake /home/isg/workspace/denso_ros2_ws/src/denso_robot_drivers_ros2/denso_robot_moveit_demo -DAMENT_CMAKE_SYMLINK_INSTALL=1 -DCMAKE_INSTALL_PREFIX=/home/isg/workspace/denso_ros2_ws/install/denso_robot_moveit_demo
[0.531s] -- The C compiler identification is GNU 11.4.0
[0.583s] -- The CXX compiler identification is GNU 11.4.0
[0.590s] -- Detecting C compiler ABI info
[0.672s] -- Detecting C compiler ABI info - done
[0.677s] -- Check for working C compiler: /usr/bin/cc - skipped
[0.677s] -- Detecting C compile features
[0.678s] -- Detecting C compile features - done
[0.680s] -- Detecting CXX compiler ABI info
[0.768s] -- Detecting CXX compiler ABI info - done
[0.775s] -- Check for working CXX compiler: /usr/bin/c++ - skipped
[0.775s] -- Detecting CXX compile features
[0.775s] -- Detecting CXX compile features - done
[0.781s] -- Found moveit_common: 2.5.9 (/opt/ros/humble/share/moveit_common/cmake)
[0.787s] -- Found ament_cmake: 1.3.12 (/opt/ros/humble/share/ament_cmake/cmake)
[1.016s] -- Found Python3: /usr/bin/python3 (found version "3.10.12") found components: Interpreter 
[1.078s] -- Override CMake install command with custom implementation using symlinks instead of copying resources
[1.159s] -- Found moveit_ros_planning_interface: 2.5.9 (/opt/ros/humble/share/moveit_ros_planning_interface/cmake)
[1.375s] -- Found Boost: /usr/lib/x86_64-linux-gnu/cmake/Boost-1.74.0/BoostConfig.cmake (found version "1.74.0") found components: date_time filesystem program_options system thread 
[1.455s] -- Found rosidl_generator_c: 3.1.7 (/opt/ros/humble/share/rosidl_generator_c/cmake)
[1.468s] -- Found rosidl_adapter: 3.1.7 (/opt/ros/humble/share/rosidl_adapter/cmake)
[1.485s] -- Found rosidl_generator_cpp: 3.1.7 (/opt/ros/humble/share/rosidl_generator_cpp/cmake)
[1.511s] -- Using all available rosidl_typesupport_c: rosidl_typesupport_fastrtps_c;rosidl_typesupport_introspection_c
[1.546s] -- Using all available rosidl_typesupport_cpp: rosidl_typesupport_fastrtps_cpp;rosidl_typesupport_introspection_cpp
[1.882s] -- Found Boost: /usr/lib/x86_64-linux-gnu/cmake/Boost-1.74.0/BoostConfig.cmake (found version "1.74.0") found components: chrono date_time filesystem iostreams program_options regex serialization system thread 
[2.021s] -- Found parameter_traits: 0.5.0 (/opt/ros/humble/share/parameter_traits/cmake)
[2.125s] -- Found rmw_implementation_cmake: 6.1.2 (/opt/ros/humble/share/rmw_implementation_cmake/cmake)
[2.134s] -- Found rmw_fastrtps_cpp: 6.2.8 (/opt/ros/humble/share/rmw_fastrtps_cpp/cmake)
[2.307s] -- Found OpenSSL: /usr/lib/x86_64-linux-gnu/libcrypto.so (found version "3.0.2")  
[2.352s] -- Found FastRTPS: /opt/ros/humble/include  
[2.420s] -- Using RMW implementation 'rmw_fastrtps_cpp' as default
[2.446s] -- Found Threads: TRUE  
[2.538s] -- Found rclcpp_lifecycle: 16.0.14 (/opt/ros/humble/share/rclcpp_lifecycle/cmake)
[2.584s] -- Found Boost: /usr/lib/x86_64-linux-gnu/cmake/Boost-1.74.0/BoostConfig.cmake (found version "1.74.0") found components: filesystem 
[2.760s] -- library: /usr/lib/x86_64-linux-gnu/libcurl.so
[2.822s] -- Found Eigen3: TRUE (found version "3.4.0") 
[2.822s] -- Ensuring Eigen3 include directory is part of orocos-kdl CMake target
[3.112s] -- Found Boost: /usr/lib/x86_64-linux-gnu/cmake/Boost-1.74.0/BoostConfig.cmake (found version "1.74.0") found components: system filesystem date_time program_options thread chrono 
[3.157s] -- Found Boost: /usr/lib/x86_64-linux-gnu/cmake/Boost-1.74.0/BoostConfig.cmake (found version "1.74.0") found components: thread system filesystem regex date_time program_options 
[3.195s] -- Found Boost: /usr/lib/x86_64-linux-gnu/cmake/Boost-1.74.0/BoostConfig.cmake (found version "1.74.0") found components: system filesystem date_time program_options thread 
[3.245s] -- Found ament_lint_auto: 0.12.14 (/opt/ros/humble/share/ament_lint_auto/cmake)
[3.388s] -- Added test 'copyright' to check source files copyright and LICENSE
[3.391s] -- Added test 'cppcheck' to perform static code analysis on C / C++ code
[3.391s] -- Configured cppcheck include dirs: 
[3.391s] -- Configured cppcheck exclude dirs and/or files: 
[3.397s] -- Added test 'cpplint' to check C / C++ code against the Google style
[3.397s] -- Configured cpplint exclude dirs and/or files: 
[3.398s] -- Added test 'flake8' to check Python code syntax and style conventions
[3.398s] -- Added test 'lint_cmake' to check CMake code style
[3.398s] -- Added test 'pep257' to check Python code against some of the docstring style conventions in PEP 257
[3.399s] -- Added test 'uncrustify' to check C / C++ code style
[3.400s] -- Configured uncrustify additional arguments: 
[3.401s] -- Added test 'xmllint' to check XML markup files
[3.404s] -- Configuring done
[3.471s] -- Generating done
[3.494s] -- Build files have been written to: /home/isg/workspace/denso_ros2_ws/build/denso_robot_moveit_demo
[3.519s] Invoked command in '/home/isg/workspace/denso_ros2_ws/build/denso_robot_moveit_demo' returned '0': CMAKE_PREFIX_PATH=${CMAKE_PREFIX_PATH}:/home/isg/workspace/denso_ros2_ws/src/install/denso_robot_description_installer:/opt/ros/humble /usr/bin/cmake /home/isg/workspace/denso_ros2_ws/src/denso_robot_drivers_ros2/denso_robot_moveit_demo -DAMENT_CMAKE_SYMLINK_INSTALL=1 -DCMAKE_INSTALL_PREFIX=/home/isg/workspace/denso_ros2_ws/install/denso_robot_moveit_demo
[3.519s] Invoking command in '/home/isg/workspace/denso_ros2_ws/build/denso_robot_moveit_demo': CMAKE_PREFIX_PATH=${CMAKE_PREFIX_PATH}:/home/isg/workspace/denso_ros2_ws/src/install/denso_robot_description_installer:/opt/ros/humble /usr/bin/cmake --build /home/isg/workspace/denso_ros2_ws/build/denso_robot_moveit_demo -- -j16 -l16
[5.136s] [ 16%] [32mBuilding CXX object CMakeFiles/denso_robot_moveit_pickandplace_scara.dir/src/denso_robot_moveit_pickandplace_scara.cpp.o[0m
[5.136s] [ 33%] [32mBuilding CXX object CMakeFiles/denso_robot_moveit_demo.dir/src/denso_robot_moveit_demo.cpp.o[0m
[5.136s] [ 50%] [32mBuilding CXX object CMakeFiles/denso_robot_moveit_pickandplace.dir/src/denso_robot_moveit_pickandplace.cpp.o[0m
[16.506s] [ 66%] [32m[1mLinking CXX executable denso_robot_moveit_pickandplace[0m
[16.537s] [ 83%] [32m[1mLinking CXX executable denso_robot_moveit_pickandplace_scara[0m
[16.726s] [100%] [32m[1mLinking CXX executable denso_robot_moveit_demo[0m
[16.928s] [100%] Built target denso_robot_moveit_pickandplace_scara
[17.044s] [100%] Built target denso_robot_moveit_pickandplace
[17.115s] [100%] Built target denso_robot_moveit_demo
[17.135s] Invoked command in '/home/isg/workspace/denso_ros2_ws/build/denso_robot_moveit_demo' returned '0': CMAKE_PREFIX_PATH=${CMAKE_PREFIX_PATH}:/home/isg/workspace/denso_ros2_ws/src/install/denso_robot_description_installer:/opt/ros/humble /usr/bin/cmake --build /home/isg/workspace/denso_ros2_ws/build/denso_robot_moveit_demo -- -j16 -l16
[17.137s] Invoking command in '/home/isg/workspace/denso_ros2_ws/build/denso_robot_moveit_demo': CMAKE_PREFIX_PATH=${CMAKE_PREFIX_PATH}:/home/isg/workspace/denso_ros2_ws/src/install/denso_robot_description_installer:/opt/ros/humble /usr/bin/cmake --install /home/isg/workspace/denso_ros2_ws/build/denso_robot_moveit_demo
[17.150s] -- Install configuration: ""
[17.151s] -- Execute custom install script
[17.152s] -- Symlinking: /home/isg/workspace/denso_ros2_ws/install/denso_robot_moveit_demo/share/denso_robot_moveit_demo/launch/denso_robot_moveit_demo.launch.py
[17.163s] -- Symlinking: /home/isg/workspace/denso_ros2_ws/install/denso_robot_moveit_demo/share/denso_robot_moveit_demo/launch/denso_robot_moveit_pickandplace.launch.py
[17.175s] -- Symlinking: /home/isg/workspace/denso_ros2_ws/install/denso_robot_moveit_demo/share/denso_robot_moveit_demo/launch/denso_robot_moveit_pickandplace_scara.launch.py
[17.187s] -- Symlinking: /home/isg/workspace/denso_ros2_ws/install/denso_robot_moveit_demo/share/denso_robot_moveit_demo/config/denso_robot_moveit_demo.yaml
[17.199s] -- Symlinking: /home/isg/workspace/denso_ros2_ws/install/denso_robot_moveit_demo/share/ament_index/resource_index/package_run_dependencies/denso_robot_moveit_demo
[17.211s] -- Symlinking: /home/isg/workspace/denso_ros2_ws/install/denso_robot_moveit_demo/share/ament_index/resource_index/parent_prefix_path/denso_robot_moveit_demo
[17.223s] -- Symlinking: /home/isg/workspace/denso_ros2_ws/install/denso_robot_moveit_demo/share/denso_robot_moveit_demo/environment/ament_prefix_path.sh
[17.234s] -- Symlinking: /home/isg/workspace/denso_ros2_ws/install/denso_robot_moveit_demo/share/denso_robot_moveit_demo/environment/ament_prefix_path.dsv
[17.246s] -- Symlinking: /home/isg/workspace/denso_ros2_ws/install/denso_robot_moveit_demo/share/denso_robot_moveit_demo/environment/path.sh
[17.258s] -- Symlinking: /home/isg/workspace/denso_ros2_ws/install/denso_robot_moveit_demo/share/denso_robot_moveit_demo/environment/path.dsv
[17.269s] -- Symlinking: /home/isg/workspace/denso_ros2_ws/install/denso_robot_moveit_demo/share/denso_robot_moveit_demo/local_setup.bash
[17.285s] -- Symlinking: /home/isg/workspace/denso_ros2_ws/install/denso_robot_moveit_demo/share/denso_robot_moveit_demo/local_setup.sh
[17.297s] -- Symlinking: /home/isg/workspace/denso_ros2_ws/install/denso_robot_moveit_demo/share/denso_robot_moveit_demo/local_setup.zsh
[17.309s] -- Symlinking: /home/isg/workspace/denso_ros2_ws/install/denso_robot_moveit_demo/share/denso_robot_moveit_demo/local_setup.dsv
[17.320s] -- Symlinking: /home/isg/workspace/denso_ros2_ws/install/denso_robot_moveit_demo/share/denso_robot_moveit_demo/package.dsv
[17.332s] -- Symlinking: /home/isg/workspace/denso_ros2_ws/install/denso_robot_moveit_demo/share/ament_index/resource_index/packages/denso_robot_moveit_demo
[17.344s] -- Symlinking: /home/isg/workspace/denso_ros2_ws/install/denso_robot_moveit_demo/share/denso_robot_moveit_demo/cmake/ament_cmake_export_targets-extras.cmake
[17.356s] -- Symlinking: /home/isg/workspace/denso_ros2_ws/install/denso_robot_moveit_demo/share/denso_robot_moveit_demo/cmake/denso_robot_moveit_demoConfig.cmake
[17.368s] -- Symlinking: /home/isg/workspace/denso_ros2_ws/install/denso_robot_moveit_demo/share/denso_robot_moveit_demo/cmake/denso_robot_moveit_demoConfig-version.cmake
[17.379s] -- Symlinking: /home/isg/workspace/denso_ros2_ws/install/denso_robot_moveit_demo/share/denso_robot_moveit_demo/package.xml
[17.391s] -- Installing: /home/isg/workspace/denso_ros2_ws/install/denso_robot_moveit_demo/lib/denso_robot_moveit_demo/denso_robot_moveit_demo
[17.393s] -- Set runtime path of "/home/isg/workspace/denso_ros2_ws/install/denso_robot_moveit_demo/lib/denso_robot_moveit_demo/denso_robot_moveit_demo" to ""
[17.393s] -- Installing: /home/isg/workspace/denso_ros2_ws/install/denso_robot_moveit_demo/lib/denso_robot_moveit_demo/denso_robot_moveit_pickandplace
[17.394s] -- Set runtime path of "/home/isg/workspace/denso_ros2_ws/install/denso_robot_moveit_demo/lib/denso_robot_moveit_demo/denso_robot_moveit_pickandplace" to ""
[17.394s] -- Installing: /home/isg/workspace/denso_ros2_ws/install/denso_robot_moveit_demo/lib/denso_robot_moveit_demo/denso_robot_moveit_pickandplace_scara
[17.396s] -- Set runtime path of "/home/isg/workspace/denso_ros2_ws/install/denso_robot_moveit_demo/lib/denso_robot_moveit_demo/denso_robot_moveit_pickandplace_scara" to ""
[17.396s] -- Installing: /home/isg/workspace/denso_ros2_ws/install/denso_robot_moveit_demo/share/denso_robot_moveit_demo/cmake/export_denso_robot_moveit_demoExport.cmake
[17.396s] -- Installing: /home/isg/workspace/denso_ros2_ws/install/denso_robot_moveit_demo/share/denso_robot_moveit_demo/cmake/export_denso_robot_moveit_demoExport-noconfig.cmake
[17.397s] -- Installing: /home/isg/workspace/denso_ros2_ws/install/denso_robot_moveit_demo/share/denso_robot_moveit_demo/cmake/export_denso_robot_moveit_pickandplaceExport.cmake
[17.397s] -- Installing: /home/isg/workspace/denso_ros2_ws/install/denso_robot_moveit_demo/share/denso_robot_moveit_demo/cmake/export_denso_robot_moveit_pickandplaceExport-noconfig.cmake
[17.397s] -- Installing: /home/isg/workspace/denso_ros2_ws/install/denso_robot_moveit_demo/share/denso_robot_moveit_demo/cmake/export_denso_robot_moveit_pickandplace_scaraExport.cmake
[17.397s] -- Installing: /home/isg/workspace/denso_ros2_ws/install/denso_robot_moveit_demo/share/denso_robot_moveit_demo/cmake/export_denso_robot_moveit_pickandplace_scaraExport-noconfig.cmake
[17.401s] Invoked command in '/home/isg/workspace/denso_ros2_ws/build/denso_robot_moveit_demo' returned '0': CMAKE_PREFIX_PATH=${CMAKE_PREFIX_PATH}:/home/isg/workspace/denso_ros2_ws/src/install/denso_robot_description_installer:/opt/ros/humble /usr/bin/cmake --install /home/isg/workspace/denso_ros2_ws/build/denso_robot_moveit_demo
