running develop
running egg_info
creating denso_robot_description_installer.egg-info
writing denso_robot_description_installer.egg-info/PKG-INFO
writing dependency_links to denso_robot_description_installer.egg-info/dependency_links.txt
writing entry points to denso_robot_description_installer.egg-info/entry_points.txt
writing requirements to denso_robot_description_installer.egg-info/requires.txt
writing top-level names to denso_robot_description_installer.egg-info/top_level.txt
writing manifest file 'denso_robot_description_installer.egg-info/SOURCES.txt'
reading manifest file 'denso_robot_description_installer.egg-info/SOURCES.txt'
writing manifest file 'denso_robot_description_installer.egg-info/SOURCES.txt'
running build_ext
Creating /home/isg/workspace/denso_ros2_ws/install/denso_robot_description_installer/lib/python3.10/site-packages/denso-robot-description-installer.egg-link (link to .)
Installing install_robot_description script to /home/isg/workspace/denso_ros2_ws/install/denso_robot_description_installer/lib/denso_robot_description_installer
Installing update_joint_limits script to /home/isg/workspace/denso_ros2_ws/install/denso_robot_description_installer/lib/denso_robot_description_installer

Installed /home/isg/workspace/denso_ros2_ws/build/denso_robot_description_installer
running symlink_data
creating /home/isg/workspace/denso_ros2_ws/install/denso_robot_description_installer/share/ament_index
creating /home/isg/workspace/denso_ros2_ws/install/denso_robot_description_installer/share/ament_index/resource_index
creating /home/isg/workspace/denso_ros2_ws/install/denso_robot_description_installer/share/ament_index/resource_index/packages
symbolically linking /home/isg/workspace/denso_ros2_ws/build/denso_robot_description_installer/resource/denso_robot_description_installer -> /home/isg/workspace/denso_ros2_ws/install/denso_robot_description_installer/share/ament_index/resource_index/packages
symbolically linking /home/isg/workspace/denso_ros2_ws/build/denso_robot_description_installer/package.xml -> /home/isg/workspace/denso_ros2_ws/install/denso_robot_description_installer/share/denso_robot_description_installer
