[0.778s] Invoking command in '/home/isg/workspace/denso_ros2_ws/build/denso_robot_description_installer': PYTHONPATH=/home/isg/workspace/denso_ros2_ws/build/denso_robot_description_installer/prefix_override:/usr/lib/python3/dist-packages/colcon_core/task/python/colcon_distutils_commands:/home/isg/workspace/denso_ros2_ws/install/denso_robot_description_installer/lib/python3.10/site-packages:${PYTHONPATH} /usr/bin/python3 -W ignore:setup.py install is deprecated -W ignore:easy_install command is deprecated setup.py develop --editable --build-directory /home/isg/workspace/denso_ros2_ws/build/denso_robot_description_installer/build --no-deps symlink_data
[1.079s] running develop
[1.228s] running egg_info
[1.228s] creating denso_robot_description_installer.egg-info
[1.228s] writing denso_robot_description_installer.egg-info/PKG-INFO
[1.228s] writing dependency_links to denso_robot_description_installer.egg-info/dependency_links.txt
[1.228s] writing entry points to denso_robot_description_installer.egg-info/entry_points.txt
[1.228s] writing requirements to denso_robot_description_installer.egg-info/requires.txt
[1.228s] writing top-level names to denso_robot_description_installer.egg-info/top_level.txt
[1.229s] writing manifest file 'denso_robot_description_installer.egg-info/SOURCES.txt'
[1.229s] reading manifest file 'denso_robot_description_installer.egg-info/SOURCES.txt'
[1.230s] writing manifest file 'denso_robot_description_installer.egg-info/SOURCES.txt'
[1.231s] running build_ext
[1.232s] Creating /home/isg/workspace/denso_ros2_ws/install/denso_robot_description_installer/lib/python3.10/site-packages/denso-robot-description-installer.egg-link (link to .)
[1.232s] Installing install_robot_description script to /home/isg/workspace/denso_ros2_ws/install/denso_robot_description_installer/lib/denso_robot_description_installer
[1.232s] Installing update_joint_limits script to /home/isg/workspace/denso_ros2_ws/install/denso_robot_description_installer/lib/denso_robot_description_installer
[1.232s] 
[1.232s] Installed /home/isg/workspace/denso_ros2_ws/build/denso_robot_description_installer
[1.232s] running symlink_data
[1.233s] creating /home/isg/workspace/denso_ros2_ws/install/denso_robot_description_installer/share/ament_index
[1.233s] creating /home/isg/workspace/denso_ros2_ws/install/denso_robot_description_installer/share/ament_index/resource_index
[1.233s] creating /home/isg/workspace/denso_ros2_ws/install/denso_robot_description_installer/share/ament_index/resource_index/packages
[1.233s] symbolically linking /home/isg/workspace/denso_ros2_ws/build/denso_robot_description_installer/resource/denso_robot_description_installer -> /home/isg/workspace/denso_ros2_ws/install/denso_robot_description_installer/share/ament_index/resource_index/packages
[1.233s] symbolically linking /home/isg/workspace/denso_ros2_ws/build/denso_robot_description_installer/package.xml -> /home/isg/workspace/denso_ros2_ws/install/denso_robot_description_installer/share/denso_robot_description_installer
[1.263s] Invoked command in '/home/isg/workspace/denso_ros2_ws/build/denso_robot_description_installer' returned '0': PYTHONPATH=/home/isg/workspace/denso_ros2_ws/build/denso_robot_description_installer/prefix_override:/usr/lib/python3/dist-packages/colcon_core/task/python/colcon_distutils_commands:/home/isg/workspace/denso_ros2_ws/install/denso_robot_description_installer/lib/python3.10/site-packages:${PYTHONPATH} /usr/bin/python3 -W ignore:setup.py install is deprecated -W ignore:easy_install command is deprecated setup.py develop --editable --build-directory /home/isg/workspace/denso_ros2_ws/build/denso_robot_description_installer/build --no-deps symlink_data
